2023-08-18 00:12:13 [scrapy.utils.log] INFO: Scrapy 2.10.0 started (bot: mini_scraper)
2023-08-18 00:12:13 [scrapy.utils.log] INFO: Versions: lxml 4.9.3.0, libxml2 2.10.3, cssselect 1.2.0, parsel 1.8.1, w3lib 2.1.2, Twisted 22.10.0, Python 3.9.17 (main, Aug 16 2023, 05:48:24) - [GCC 12.2.0], pyOpenSSL 23.2.0 (OpenSSL 3.1.2 1 Aug 2023), cryptography 41.0.3, Platform Linux-5.15.49-linuxkit-x86_64-with-glibc2.36
2023-08-18 00:12:13 [scrapy.addons] INFO: Enabled addons:
[]
2023-08-18 00:12:13 [scrapy.crawler] INFO: Overridden settings:
{'BOT_NAME': 'mini_scraper',
 'DOWNLOAD_DELAY': 2,
 'DUPEFILTER_CLASS': 'scrapy_redis.dupefilter.RFPDupeFilter',
 'LOG_FILE': '/app/output/scrapy.log',
 'LOG_LEVEL': 'INFO',
 'NEWSPIDER_MODULE': 'mini_scraper.spiders',
 'SCHEDULER': 'scrapy_redis.scheduler.Scheduler',
 'SPIDER_MODULES': ['mini_scraper.spiders']}
2023-08-18 00:12:13 [py.warnings] WARNING: /usr/local/lib/python3.9/site-packages/scrapy/utils/request.py:248: ScrapyDeprecationWarning: '2.6' is a deprecated value for the 'REQUEST_FINGERPRINTER_IMPLEMENTATION' setting.

It is also the default value. In other words, it is normal to get this warning if you have not defined a value for the 'REQUEST_FINGERPRINTER_IMPLEMENTATION' setting. This is so for backward compatibility reasons, but it will change in a future version of Scrapy.

See the documentation of the 'REQUEST_FINGERPRINTER_IMPLEMENTATION' setting for information on how to handle this deprecation.
  return cls(crawler)

2023-08-18 00:12:14 [scrapy.extensions.telnet] INFO: Telnet Password: d58fec531a09dc77
2023-08-18 00:12:14 [scrapy.middleware] INFO: Enabled extensions:
['scrapy.extensions.corestats.CoreStats',
 'scrapy.extensions.telnet.TelnetConsole',
 'scrapy.extensions.memusage.MemoryUsage',
 'scrapy.extensions.feedexport.FeedExporter',
 'scrapy.extensions.logstats.LogStats']
2023-08-18 00:12:14 [mini_spider] INFO: Reading start URLs from redis key 'quotes_queue:start_urls' (batch size: 1, encoding: utf-8)
2023-08-18 00:12:14 [scrapy.middleware] INFO: Enabled downloader middlewares:
['scrapy.downloadermiddlewares.httpauth.HttpAuthMiddleware',
 'scrapy.downloadermiddlewares.downloadtimeout.DownloadTimeoutMiddleware',
 'scrapy.downloadermiddlewares.defaultheaders.DefaultHeadersMiddleware',
 'scrapy.downloadermiddlewares.useragent.UserAgentMiddleware',
 'scrapy.downloadermiddlewares.retry.RetryMiddleware',
 'scrapy.downloadermiddlewares.redirect.MetaRefreshMiddleware',
 'scrapy.downloadermiddlewares.httpcompression.HttpCompressionMiddleware',
 'scrapy.downloadermiddlewares.redirect.RedirectMiddleware',
 'scrapy.downloadermiddlewares.cookies.CookiesMiddleware',
 'scrapy.downloadermiddlewares.httpproxy.HttpProxyMiddleware',
 'scrapy.downloadermiddlewares.stats.DownloaderStats']
2023-08-18 00:12:14 [scrapy.middleware] INFO: Enabled spider middlewares:
['scrapy.spidermiddlewares.httperror.HttpErrorMiddleware',
 'scrapy.spidermiddlewares.offsite.OffsiteMiddleware',
 'scrapy.spidermiddlewares.referer.RefererMiddleware',
 'scrapy.spidermiddlewares.urllength.UrlLengthMiddleware',
 'scrapy.spidermiddlewares.depth.DepthMiddleware']
2023-08-18 00:12:14 [scrapy.middleware] INFO: Enabled item pipelines:
[]
2023-08-18 00:12:14 [scrapy.core.engine] INFO: Spider opened
2023-08-18 00:12:14 [scrapy.extensions.logstats] INFO: Crawled 0 pages (at 0 pages/min), scraped 0 items (at 0 items/min)
2023-08-18 00:12:14 [scrapy.extensions.telnet] INFO: Telnet console listening on 127.0.0.1:6023
2023-08-18 00:12:14 [mini_spider] WARNING: [93mWARNING: String request is deprecated, please use JSON data format.                 Detail information, please check https://github.com/rmax/scrapy-redis#features[0m
2023-08-18 00:12:14 [mini_spider] WARNING: [93mWARNING: String request is deprecated, please use JSON data format.                 Detail information, please check https://github.com/rmax/scrapy-redis#features[0m
2023-08-18 00:12:14 [scrapy.utils.signal] ERROR: Error caught on signal handler: <bound method RedisMixin.spider_idle of <MiniSpiderSpider 'mini_spider' at 0x7f94dda172e0>>
Traceback (most recent call last):
  File "/usr/local/lib/python3.9/site-packages/scrapy/utils/signal.py", line 43, in send_catch_log
    response = robustApply(
  File "/usr/local/lib/python3.9/site-packages/pydispatch/robustapply.py", line 55, in robustApply
    return receiver(*arguments, **named)
  File "/usr/local/lib/python3.9/site-packages/scrapy_redis/spiders.py", line 208, in spider_idle
    self.schedule_next_requests()
  File "/usr/local/lib/python3.9/site-packages/scrapy_redis/spiders.py", line 197, in schedule_next_requests
    self.crawler.engine.crawl(req, spider=self)
TypeError: crawl() got an unexpected keyword argument 'spider'
2023-08-18 00:12:14 [scrapy.core.engine] INFO: Closing spider (finished)
2023-08-18 00:12:14 [scrapy.extensions.feedexport] INFO: Stored csv feed (10 items) in: /app/output/data_global.csv
2023-08-18 00:12:14 [root] INFO: Spider ran for 0.49 seconds.
2023-08-18 00:12:14 [scrapy.statscollectors] INFO: Dumping Scrapy stats:
{'downloader/request_bytes': 228,
 'downloader/request_count': 1,
 'downloader/request_method_count/GET': 1,
 'downloader/response_bytes': 10117,
 'downloader/response_count': 1,
 'downloader/response_status_count/200': 1,
 'elapsed_time_seconds': 0.360268,
 'feedexport/success_count/FileFeedStorage': 1,
 'finish_reason': 'finished',
 'finish_time': datetime.datetime(2023, 8, 18, 0, 12, 14, 561512),
 'item_scraped_count': 10,
 'log_count/ERROR': 1,
 'log_count/INFO': 13,
 'log_count/WARNING': 3,
 'memusage/max': 66371584,
 'memusage/startup': 66371584,
 'response_received_count': 1,
 'scheduler/dequeued/redis': 1,
 'scheduler/enqueued/redis': 1,
 'start_time': datetime.datetime(2023, 8, 18, 0, 12, 14, 201244)}
2023-08-18 00:12:14 [scrapy.core.engine] INFO: Spider closed (finished)
