2023-08-18 01:41:46 [scrapy.utils.log] INFO: Scrapy 2.10.0 started (bot: mini_scraper)
2023-08-18 01:41:46 [scrapy.utils.log] INFO: Versions: lxml 4.9.3.0, libxml2 2.10.3, cssselect 1.2.0, parsel 1.8.1, w3lib 2.1.2, Twisted 22.10.0, Python 3.9.17 (main, Aug 16 2023, 05:48:24) - [GCC 12.2.0], pyOpenSSL 23.2.0 (OpenSSL 3.1.2 1 Aug 2023), cryptography 41.0.3, Platform Linux-5.15.49-linuxkit-x86_64-with-glibc2.36
2023-08-18 01:41:46 [scrapy.addons] INFO: Enabled addons:
[]
2023-08-18 01:41:46 [scrapy.crawler] INFO: Overridden settings:
{'BOT_NAME': 'mini_scraper',
 'DOWNLOAD_DELAY': 2,
 'DUPEFILTER_CLASS': 'scrapy_redis.dupefilter.RFPDupeFilter',
 'LOG_FILE': '/app/output/scrapy.log',
 'LOG_LEVEL': 'INFO',
 'NEWSPIDER_MODULE': 'mini_scraper.spiders',
 'SCHEDULER': 'scrapy_redis.scheduler.Scheduler',
 'SPIDER_MODULES': ['mini_scraper.spiders']}
2023-08-18 01:41:46 [py.warnings] WARNING: /usr/local/lib/python3.9/site-packages/scrapy/utils/request.py:248: ScrapyDeprecationWarning: '2.6' is a deprecated value for the 'REQUEST_FINGERPRINTER_IMPLEMENTATION' setting.

It is also the default value. In other words, it is normal to get this warning if you have not defined a value for the 'REQUEST_FINGERPRINTER_IMPLEMENTATION' setting. This is so for backward compatibility reasons, but it will change in a future version of Scrapy.

See the documentation of the 'REQUEST_FINGERPRINTER_IMPLEMENTATION' setting for information on how to handle this deprecation.
  return cls(crawler)

2023-08-18 01:41:46 [scrapy.extensions.telnet] INFO: Telnet Password: f78c33c9d6c4416f
2023-08-18 01:41:46 [scrapy.middleware] INFO: Enabled extensions:
['scrapy.extensions.corestats.CoreStats',
 'scrapy.extensions.telnet.TelnetConsole',
 'scrapy.extensions.memusage.MemoryUsage',
 'scrapy.extensions.feedexport.FeedExporter',
 'scrapy.extensions.logstats.LogStats']
2023-08-18 01:41:46 [mini_spider] INFO: Reading start URLs from redis key 'quotes_queue:start_urls' (batch size: 1, encoding: utf-8)
2023-08-18 01:41:47 [scrapy.middleware] INFO: Enabled downloader middlewares:
['scrapy.downloadermiddlewares.httpauth.HttpAuthMiddleware',
 'scrapy.downloadermiddlewares.downloadtimeout.DownloadTimeoutMiddleware',
 'scrapy.downloadermiddlewares.defaultheaders.DefaultHeadersMiddleware',
 'scrapy.downloadermiddlewares.useragent.UserAgentMiddleware',
 'scrapy.downloadermiddlewares.retry.RetryMiddleware',
 'scrapy.downloadermiddlewares.redirect.MetaRefreshMiddleware',
 'scrapy.downloadermiddlewares.httpcompression.HttpCompressionMiddleware',
 'scrapy.downloadermiddlewares.redirect.RedirectMiddleware',
 'scrapy.downloadermiddlewares.cookies.CookiesMiddleware',
 'scrapy.downloadermiddlewares.httpproxy.HttpProxyMiddleware',
 'scrapy.downloadermiddlewares.stats.DownloaderStats']
2023-08-18 01:41:47 [scrapy.middleware] INFO: Enabled spider middlewares:
['scrapy.spidermiddlewares.httperror.HttpErrorMiddleware',
 'scrapy.spidermiddlewares.offsite.OffsiteMiddleware',
 'scrapy.spidermiddlewares.referer.RefererMiddleware',
 'scrapy.spidermiddlewares.urllength.UrlLengthMiddleware',
 'scrapy.spidermiddlewares.depth.DepthMiddleware']
2023-08-18 01:41:47 [scrapy.middleware] INFO: Enabled item pipelines:
[]
2023-08-18 01:41:47 [scrapy.core.engine] INFO: Spider opened
2023-08-18 01:41:47 [scrapy.extensions.logstats] INFO: Crawled 0 pages (at 0 pages/min), scraped 0 items (at 0 items/min)
2023-08-18 01:41:47 [scrapy.extensions.telnet] INFO: Telnet console listening on 127.0.0.1:6023
2023-08-18 01:41:47 [mini_spider] WARNING: [93mWARNING: String request is deprecated, please use JSON data format.                 Detail information, please check https://github.com/rmax/scrapy-redis#features[0m
2023-08-18 01:41:47 [scrapy.utils.log] INFO: Scrapy 2.10.0 started (bot: mini_scraper)
2023-08-18 01:41:47 [scrapy.utils.log] INFO: Versions: lxml 4.9.3.0, libxml2 2.10.3, cssselect 1.2.0, parsel 1.8.1, w3lib 2.1.2, Twisted 22.10.0, Python 3.9.17 (main, Aug 16 2023, 05:48:24) - [GCC 12.2.0], pyOpenSSL 23.2.0 (OpenSSL 3.1.2 1 Aug 2023), cryptography 41.0.3, Platform Linux-5.15.49-linuxkit-x86_64-with-glibc2.36
2023-08-18 01:41:47 [scrapy.addons] INFO: Enabled addons:
[]
2023-08-18 01:41:47 [scrapy.crawler] INFO: Overridden settings:
{'BOT_NAME': 'mini_scraper',
 'DOWNLOAD_DELAY': 2,
 'DUPEFILTER_CLASS': 'scrapy_redis.dupefilter.RFPDupeFilter',
 'LOG_FILE': '/app/output/scrapy.log',
 'LOG_LEVEL': 'INFO',
 'NEWSPIDER_MODULE': 'mini_scraper.spiders',
 'SCHEDULER': 'scrapy_redis.scheduler.Scheduler',
 'SPIDER_MODULES': ['mini_scraper.spiders']}
2023-08-18 01:41:47 [py.warnings] WARNING: /usr/local/lib/python3.9/site-packages/scrapy/utils/request.py:248: ScrapyDeprecationWarning: '2.6' is a deprecated value for the 'REQUEST_FINGERPRINTER_IMPLEMENTATION' setting.

It is also the default value. In other words, it is normal to get this warning if you have not defined a value for the 'REQUEST_FINGERPRINTER_IMPLEMENTATION' setting. This is so for backward compatibility reasons, but it will change in a future version of Scrapy.

See the documentation of the 'REQUEST_FINGERPRINTER_IMPLEMENTATION' setting for information on how to handle this deprecation.
  return cls(crawler)

2023-08-18 01:41:47 [scrapy.extensions.telnet] INFO: Telnet Password: 7516de9aeda52fa1
2023-08-18 01:41:47 [scrapy.middleware] INFO: Enabled extensions:
['scrapy.extensions.corestats.CoreStats',
 'scrapy.extensions.telnet.TelnetConsole',
 'scrapy.extensions.memusage.MemoryUsage',
 'scrapy.extensions.feedexport.FeedExporter',
 'scrapy.extensions.logstats.LogStats']
2023-08-18 01:41:47 [mini_spider] INFO: Reading start URLs from redis key 'quotes_queue:start_urls' (batch size: 1, encoding: utf-8)
2023-08-18 01:41:47 [mini_spider] WARNING: [93mWARNING: String request is deprecated, please use JSON data format.                 Detail information, please check https://github.com/rmax/scrapy-redis#features[0m
2023-08-18 01:41:47 [scrapy.middleware] INFO: Enabled downloader middlewares:
['scrapy.downloadermiddlewares.httpauth.HttpAuthMiddleware',
 'scrapy.downloadermiddlewares.downloadtimeout.DownloadTimeoutMiddleware',
 'scrapy.downloadermiddlewares.defaultheaders.DefaultHeadersMiddleware',
 'scrapy.downloadermiddlewares.useragent.UserAgentMiddleware',
 'scrapy.downloadermiddlewares.retry.RetryMiddleware',
 'scrapy.downloadermiddlewares.redirect.MetaRefreshMiddleware',
 'scrapy.downloadermiddlewares.httpcompression.HttpCompressionMiddleware',
 'scrapy.downloadermiddlewares.redirect.RedirectMiddleware',
 'scrapy.downloadermiddlewares.cookies.CookiesMiddleware',
 'scrapy.downloadermiddlewares.httpproxy.HttpProxyMiddleware',
 'scrapy.downloadermiddlewares.stats.DownloaderStats']
2023-08-18 01:41:47 [scrapy.middleware] INFO: Enabled spider middlewares:
['scrapy.spidermiddlewares.httperror.HttpErrorMiddleware',
 'scrapy.spidermiddlewares.offsite.OffsiteMiddleware',
 'scrapy.spidermiddlewares.referer.RefererMiddleware',
 'scrapy.spidermiddlewares.urllength.UrlLengthMiddleware',
 'scrapy.spidermiddlewares.depth.DepthMiddleware']
2023-08-18 01:41:47 [scrapy.middleware] INFO: Enabled item pipelines:
[]
2023-08-18 01:41:47 [scrapy.core.engine] INFO: Spider opened
2023-08-18 01:41:47 [scrapy.extensions.logstats] INFO: Crawled 0 pages (at 0 pages/min), scraped 0 items (at 0 items/min)
2023-08-18 01:41:47 [scrapy.extensions.telnet] INFO: Telnet console listening on 127.0.0.1:6023
2023-08-18 01:41:47 [mini_spider] WARNING: [93mWARNING: String request is deprecated, please use JSON data format.                 Detail information, please check https://github.com/rmax/scrapy-redis#features[0m
2023-08-18 01:41:47 [scrapy.utils.log] INFO: Scrapy 2.10.0 started (bot: mini_scraper)
2023-08-18 01:41:47 [scrapy.utils.log] INFO: Versions: lxml 4.9.3.0, libxml2 2.10.3, cssselect 1.2.0, parsel 1.8.1, w3lib 2.1.2, Twisted 22.10.0, Python 3.9.17 (main, Aug 16 2023, 05:48:24) - [GCC 12.2.0], pyOpenSSL 23.2.0 (OpenSSL 3.1.2 1 Aug 2023), cryptography 41.0.3, Platform Linux-5.15.49-linuxkit-x86_64-with-glibc2.36
2023-08-18 01:41:47 [scrapy.addons] INFO: Enabled addons:
[]
2023-08-18 01:41:47 [scrapy.crawler] INFO: Overridden settings:
{'BOT_NAME': 'mini_scraper',
 'DOWNLOAD_DELAY': 2,
 'DUPEFILTER_CLASS': 'scrapy_redis.dupefilter.RFPDupeFilter',
 'LOG_FILE': '/app/output/scrapy.log',
 'LOG_LEVEL': 'INFO',
 'NEWSPIDER_MODULE': 'mini_scraper.spiders',
 'SCHEDULER': 'scrapy_redis.scheduler.Scheduler',
 'SPIDER_MODULES': ['mini_scraper.spiders']}
2023-08-18 01:41:47 [py.warnings] WARNING: /usr/local/lib/python3.9/site-packages/scrapy/utils/request.py:248: ScrapyDeprecationWarning: '2.6' is a deprecated value for the 'REQUEST_FINGERPRINTER_IMPLEMENTATION' setting.

It is also the default value. In other words, it is normal to get this warning if you have not defined a value for the 'REQUEST_FINGERPRINTER_IMPLEMENTATION' setting. This is so for backward compatibility reasons, but it will change in a future version of Scrapy.

See the documentation of the 'REQUEST_FINGERPRINTER_IMPLEMENTATION' setting for information on how to handle this deprecation.
  return cls(crawler)

2023-08-18 01:41:47 [scrapy.extensions.telnet] INFO: Telnet Password: a6a9afa0e550d5db
2023-08-18 01:41:47 [scrapy.middleware] INFO: Enabled extensions:
['scrapy.extensions.corestats.CoreStats',
 'scrapy.extensions.telnet.TelnetConsole',
 'scrapy.extensions.memusage.MemoryUsage',
 'scrapy.extensions.feedexport.FeedExporter',
 'scrapy.extensions.logstats.LogStats']
2023-08-18 01:41:47 [mini_spider] INFO: Reading start URLs from redis key 'quotes_queue:start_urls' (batch size: 1, encoding: utf-8)
2023-08-18 01:41:47 [scrapy.middleware] INFO: Enabled downloader middlewares:
['scrapy.downloadermiddlewares.httpauth.HttpAuthMiddleware',
 'scrapy.downloadermiddlewares.downloadtimeout.DownloadTimeoutMiddleware',
 'scrapy.downloadermiddlewares.defaultheaders.DefaultHeadersMiddleware',
 'scrapy.downloadermiddlewares.useragent.UserAgentMiddleware',
 'scrapy.downloadermiddlewares.retry.RetryMiddleware',
 'scrapy.downloadermiddlewares.redirect.MetaRefreshMiddleware',
 'scrapy.downloadermiddlewares.httpcompression.HttpCompressionMiddleware',
 'scrapy.downloadermiddlewares.redirect.RedirectMiddleware',
 'scrapy.downloadermiddlewares.cookies.CookiesMiddleware',
 'scrapy.downloadermiddlewares.httpproxy.HttpProxyMiddleware',
 'scrapy.downloadermiddlewares.stats.DownloaderStats']
2023-08-18 01:41:47 [scrapy.middleware] INFO: Enabled spider middlewares:
['scrapy.spidermiddlewares.httperror.HttpErrorMiddleware',
 'scrapy.spidermiddlewares.offsite.OffsiteMiddleware',
 'scrapy.spidermiddlewares.referer.RefererMiddleware',
 'scrapy.spidermiddlewares.urllength.UrlLengthMiddleware',
 'scrapy.spidermiddlewares.depth.DepthMiddleware']
2023-08-18 01:41:47 [scrapy.middleware] INFO: Enabled item pipelines:
[]
2023-08-18 01:41:47 [scrapy.core.engine] INFO: Spider opened
2023-08-18 01:41:47 [mini_spider] WARNING: [93mWARNING: String request is deprecated, please use JSON data format.                 Detail information, please check https://github.com/rmax/scrapy-redis#features[0m
2023-08-18 01:41:47 [scrapy.extensions.logstats] INFO: Crawled 0 pages (at 0 pages/min), scraped 0 items (at 0 items/min)
2023-08-18 01:41:47 [scrapy.extensions.telnet] INFO: Telnet console listening on 127.0.0.1:6023
2023-08-18 01:41:47 [mini_spider] WARNING: [93mWARNING: String request is deprecated, please use JSON data format.                 Detail information, please check https://github.com/rmax/scrapy-redis#features[0m
2023-08-18 01:41:48 [mini_spider] WARNING: [93mWARNING: String request is deprecated, please use JSON data format.                 Detail information, please check https://github.com/rmax/scrapy-redis#features[0m
2023-08-18 01:41:49 [mini_spider] WARNING: [93mWARNING: String request is deprecated, please use JSON data format.                 Detail information, please check https://github.com/rmax/scrapy-redis#features[0m
2023-08-18 01:41:50 [mini_spider] WARNING: [93mWARNING: String request is deprecated, please use JSON data format.                 Detail information, please check https://github.com/rmax/scrapy-redis#features[0m
2023-08-18 01:41:51 [mini_spider] WARNING: [93mWARNING: String request is deprecated, please use JSON data format.                 Detail information, please check https://github.com/rmax/scrapy-redis#features[0m
2023-08-18 01:41:51 [mini_spider] WARNING: [93mWARNING: String request is deprecated, please use JSON data format.                 Detail information, please check https://github.com/rmax/scrapy-redis#features[0m
2023-08-18 01:42:02 [scrapy.core.engine] INFO: Closing spider (finished)
2023-08-18 01:42:02 [scrapy.extensions.feedexport] INFO: Stored csv feed (40 items) in: /app/output/data_global.csv
2023-08-18 01:42:02 [root] INFO: Spider (645ec1b83bc3) ran for 15.33 seconds.
2023-08-18 01:42:02 [scrapy.statscollectors] INFO: Dumping Scrapy stats:
{'downloader/request_bytes': 909,
 'downloader/request_count': 4,
 'downloader/request_method_count/GET': 4,
 'downloader/response_bytes': 43053,
 'downloader/response_count': 4,
 'downloader/response_status_count/200': 4,
 'elapsed_time_seconds': 15.144878,
 'feedexport/success_count/FileFeedStorage': 1,
 'finish_reason': 'finished',
 'finish_time': datetime.datetime(2023, 8, 18, 1, 42, 2, 286952),
 'item_scraped_count': 40,
 'log_count/INFO': 13,
 'log_count/WARNING': 5,
 'memusage/max': 64905216,
 'memusage/startup': 64905216,
 'response_received_count': 4,
 'scheduler/dequeued/redis': 4,
 'scheduler/enqueued/redis': 4,
 'start_time': datetime.datetime(2023, 8, 18, 1, 41, 47, 142074)}
2023-08-18 01:42:02 [scrapy.core.engine] INFO: Spider closed (finished)
2023-08-18 01:42:02 [scrapy.core.engine] INFO: Closing spider (finished)
2023-08-18 01:42:02 [scrapy.extensions.feedexport] INFO: Stored csv feed (30 items) in: /app/output/data_global.csv
2023-08-18 01:42:02 [root] INFO: Spider (701e7eff38bb) ran for 15.26 seconds.
2023-08-18 01:42:02 [scrapy.statscollectors] INFO: Dumping Scrapy stats:
{'downloader/request_bytes': 681,
 'downloader/request_count': 3,
 'downloader/request_method_count/GET': 3,
 'downloader/response_bytes': 32669,
 'downloader/response_count': 3,
 'downloader/response_status_count/200': 3,
 'elapsed_time_seconds': 15.100045,
 'feedexport/success_count/FileFeedStorage': 1,
 'finish_reason': 'finished',
 'finish_time': datetime.datetime(2023, 8, 18, 1, 42, 2, 642574),
 'item_scraped_count': 30,
 'log_count/INFO': 13,
 'log_count/WARNING': 4,
 'memusage/max': 64827392,
 'memusage/startup': 64827392,
 'response_received_count': 3,
 'scheduler/dequeued/redis': 3,
 'scheduler/enqueued/redis': 3,
 'start_time': datetime.datetime(2023, 8, 18, 1, 41, 47, 542529)}
2023-08-18 01:42:02 [scrapy.core.engine] INFO: Spider closed (finished)
2023-08-18 01:42:02 [scrapy.core.engine] INFO: Closing spider (finished)
2023-08-18 01:42:02 [scrapy.extensions.feedexport] INFO: Stored csv feed (30 items) in: /app/output/data_global.csv
2023-08-18 01:42:02 [root] INFO: Spider (d37dba0878bd) ran for 15.22 seconds.
2023-08-18 01:42:02 [scrapy.statscollectors] INFO: Dumping Scrapy stats:
{'downloader/request_bytes': 681,
 'downloader/request_count': 3,
 'downloader/request_method_count/GET': 3,
 'downloader/response_bytes': 34698,
 'downloader/response_count': 3,
 'downloader/response_status_count/200': 3,
 'elapsed_time_seconds': 15.092941,
 'feedexport/success_count/FileFeedStorage': 1,
 'finish_reason': 'finished',
 'finish_time': datetime.datetime(2023, 8, 18, 1, 42, 2, 970136),
 'item_scraped_count': 30,
 'log_count/INFO': 13,
 'log_count/WARNING': 4,
 'memusage/max': 64937984,
 'memusage/startup': 64937984,
 'response_received_count': 3,
 'scheduler/dequeued/redis': 3,
 'scheduler/enqueued/redis': 3,
 'start_time': datetime.datetime(2023, 8, 18, 1, 41, 47, 877195)}
2023-08-18 01:42:02 [scrapy.core.engine] INFO: Spider closed (finished)
