2023-08-20 23:37:30 [scrapy.utils.log] INFO: Scrapy 2.10.0 started (bot: mini_scraper)
2023-08-20 23:37:30 [scrapy.utils.log] INFO: Versions: lxml 4.9.3.0, libxml2 2.10.3, cssselect 1.2.0, parsel 1.8.1, w3lib 2.1.2, Twisted 22.10.0, Python 3.8.17 (default, Aug 16 2023, 05:53:30) - [GCC 12.2.0], pyOpenSSL 23.2.0 (OpenSSL 3.1.2 1 Aug 2023), cryptography 41.0.3, Platform Linux-6.4.6-76060406-generic-x86_64-with-glibc2.34
2023-08-20 23:37:30 [scrapy.addons] INFO: Enabled addons:
[]
2023-08-20 23:37:30 [scrapy.crawler] INFO: Overridden settings:
{'BOT_NAME': 'mini_scraper',
 'DOWNLOAD_DELAY': 2,
 'DUPEFILTER_CLASS': 'scrapy_redis.dupefilter.RFPDupeFilter',
 'LOG_FILE': '/app/output/scrapy.log',
 'LOG_LEVEL': 'INFO',
 'NEWSPIDER_MODULE': 'mini_scraper.spiders',
 'REQUEST_FINGERPRINTER_IMPLEMENTATION': '2.7',
 'SCHEDULER': 'scrapy_redis.scheduler.Scheduler',
 'SPIDER_MODULES': ['mini_scraper.spiders']}
2023-08-20 23:37:30 [scrapy.extensions.telnet] INFO: Telnet Password: 29cd5e38c03a5377
2023-08-20 23:37:30 [scrapy.middleware] INFO: Enabled extensions:
['scrapy.extensions.corestats.CoreStats',
 'scrapy.extensions.telnet.TelnetConsole',
 'scrapy.extensions.memusage.MemoryUsage',
 'scrapy.extensions.feedexport.FeedExporter',
 'scrapy.extensions.logstats.LogStats']
2023-08-20 23:37:30 [mini_spider] INFO: Reading start URLs from redis key 'quotes_queue:start_urls' (batch size: 1, encoding: utf-8)
2023-08-20 23:37:30 [scrapy.middleware] INFO: Enabled downloader middlewares:
['scrapy.downloadermiddlewares.httpauth.HttpAuthMiddleware',
 'scrapy.downloadermiddlewares.downloadtimeout.DownloadTimeoutMiddleware',
 'scrapy.downloadermiddlewares.defaultheaders.DefaultHeadersMiddleware',
 'scrapy.downloadermiddlewares.useragent.UserAgentMiddleware',
 'scrapy.downloadermiddlewares.retry.RetryMiddleware',
 'scrapy.downloadermiddlewares.redirect.MetaRefreshMiddleware',
 'scrapy.downloadermiddlewares.httpcompression.HttpCompressionMiddleware',
 'scrapy.downloadermiddlewares.redirect.RedirectMiddleware',
 'scrapy.downloadermiddlewares.cookies.CookiesMiddleware',
 'scrapy.downloadermiddlewares.httpproxy.HttpProxyMiddleware',
 'scrapy.downloadermiddlewares.stats.DownloaderStats']
2023-08-20 23:37:30 [scrapy.middleware] INFO: Enabled spider middlewares:
['scrapy.spidermiddlewares.httperror.HttpErrorMiddleware',
 'scrapy.spidermiddlewares.offsite.OffsiteMiddleware',
 'scrapy.spidermiddlewares.referer.RefererMiddleware',
 'scrapy.spidermiddlewares.urllength.UrlLengthMiddleware',
 'scrapy.spidermiddlewares.depth.DepthMiddleware']
2023-08-20 23:37:30 [scrapy.middleware] INFO: Enabled item pipelines:
[]
2023-08-20 23:37:30 [scrapy.core.engine] INFO: Spider opened
2023-08-20 23:37:30 [scrapy.extensions.logstats] INFO: Crawled 0 pages (at 0 pages/min), scraped 0 items (at 0 items/min)
2023-08-20 23:37:30 [scrapy.extensions.telnet] INFO: Telnet console listening on 127.0.0.1:6023
2023-08-20 23:37:40 [scrapy.core.engine] INFO: Closing spider (finished)
2023-08-20 23:37:40 [scrapy.extensions.feedexport] INFO: Stored csv feed (0 items) in: /app/output/data_global.csv
2023-08-20 23:37:40 [root] INFO: Spider (2149adb5524e) ran for 10.34 seconds.
2023-08-20 23:37:40 [scrapy.statscollectors] INFO: Dumping Scrapy stats:
{'elapsed_time_seconds': 10.142907,
 'feedexport/success_count/FileFeedStorage': 1,
 'finish_reason': 'finished',
 'finish_time': datetime.datetime(2023, 8, 20, 23, 37, 40, 653255),
 'log_count/INFO': 13,
 'memusage/max': 64102400,
 'memusage/startup': 64102400,
 'start_time': datetime.datetime(2023, 8, 20, 23, 37, 30, 510348)}
2023-08-20 23:37:40 [scrapy.core.engine] INFO: Spider closed (finished)
