[2023-08-20T20:59:28.744-0400] {processor.py:157} INFO - Started process (PID=80076) to work on /home/mnguyen0226/anaconda3/envs/learning_scraper/lib/python3.11/site-packages/airflow/example_dags/plugins/event_listener.py
[2023-08-20T20:59:28.745-0400] {processor.py:826} INFO - Processing file /home/mnguyen0226/anaconda3/envs/learning_scraper/lib/python3.11/site-packages/airflow/example_dags/plugins/event_listener.py for tasks to queue
[2023-08-20T20:59:28.747-0400] {logging_mixin.py:150} INFO - [2023-08-20T20:59:28.746-0400] {dagbag.py:541} INFO - Filling up the DagBag from /home/mnguyen0226/anaconda3/envs/learning_scraper/lib/python3.11/site-packages/airflow/example_dags/plugins/event_listener.py
[2023-08-20T20:59:28.752-0400] {processor.py:838} WARNING - No viable dags retrieved from /home/mnguyen0226/anaconda3/envs/learning_scraper/lib/python3.11/site-packages/airflow/example_dags/plugins/event_listener.py
[2023-08-20T20:59:28.768-0400] {processor.py:179} INFO - Processing /home/mnguyen0226/anaconda3/envs/learning_scraper/lib/python3.11/site-packages/airflow/example_dags/plugins/event_listener.py took 0.029 seconds
[2023-08-20T21:00:25.582-0400] {processor.py:157} INFO - Started process (PID=80448) to work on /home/mnguyen0226/anaconda3/envs/learning_scraper/lib/python3.11/site-packages/airflow/example_dags/plugins/event_listener.py
[2023-08-20T21:00:25.582-0400] {processor.py:826} INFO - Processing file /home/mnguyen0226/anaconda3/envs/learning_scraper/lib/python3.11/site-packages/airflow/example_dags/plugins/event_listener.py for tasks to queue
[2023-08-20T21:00:25.583-0400] {logging_mixin.py:150} INFO - [2023-08-20T21:00:25.583-0400] {dagbag.py:541} INFO - Filling up the DagBag from /home/mnguyen0226/anaconda3/envs/learning_scraper/lib/python3.11/site-packages/airflow/example_dags/plugins/event_listener.py
[2023-08-20T21:00:25.585-0400] {processor.py:838} WARNING - No viable dags retrieved from /home/mnguyen0226/anaconda3/envs/learning_scraper/lib/python3.11/site-packages/airflow/example_dags/plugins/event_listener.py
[2023-08-20T21:00:25.593-0400] {processor.py:179} INFO - Processing /home/mnguyen0226/anaconda3/envs/learning_scraper/lib/python3.11/site-packages/airflow/example_dags/plugins/event_listener.py took 0.015 seconds
[2023-08-20T21:01:11.278-0400] {processor.py:157} INFO - Started process (PID=80898) to work on /home/mnguyen0226/anaconda3/envs/learning_scraper/lib/python3.11/site-packages/airflow/example_dags/plugins/event_listener.py
[2023-08-20T21:01:11.287-0400] {processor.py:826} INFO - Processing file /home/mnguyen0226/anaconda3/envs/learning_scraper/lib/python3.11/site-packages/airflow/example_dags/plugins/event_listener.py for tasks to queue
[2023-08-20T21:01:11.288-0400] {logging_mixin.py:150} INFO - [2023-08-20T21:01:11.288-0400] {dagbag.py:541} INFO - Filling up the DagBag from /home/mnguyen0226/anaconda3/envs/learning_scraper/lib/python3.11/site-packages/airflow/example_dags/plugins/event_listener.py
[2023-08-20T21:01:11.290-0400] {processor.py:838} WARNING - No viable dags retrieved from /home/mnguyen0226/anaconda3/envs/learning_scraper/lib/python3.11/site-packages/airflow/example_dags/plugins/event_listener.py
[2023-08-20T21:01:11.298-0400] {processor.py:179} INFO - Processing /home/mnguyen0226/anaconda3/envs/learning_scraper/lib/python3.11/site-packages/airflow/example_dags/plugins/event_listener.py took 0.023 seconds
[2023-08-20T21:01:59.249-0400] {processor.py:157} INFO - Started process (PID=81173) to work on /home/mnguyen0226/anaconda3/envs/learning_scraper/lib/python3.11/site-packages/airflow/example_dags/plugins/event_listener.py
[2023-08-20T21:01:59.251-0400] {processor.py:826} INFO - Processing file /home/mnguyen0226/anaconda3/envs/learning_scraper/lib/python3.11/site-packages/airflow/example_dags/plugins/event_listener.py for tasks to queue
[2023-08-20T21:01:59.252-0400] {logging_mixin.py:150} INFO - [2023-08-20T21:01:59.251-0400] {dagbag.py:541} INFO - Filling up the DagBag from /home/mnguyen0226/anaconda3/envs/learning_scraper/lib/python3.11/site-packages/airflow/example_dags/plugins/event_listener.py
[2023-08-20T21:01:59.255-0400] {processor.py:838} WARNING - No viable dags retrieved from /home/mnguyen0226/anaconda3/envs/learning_scraper/lib/python3.11/site-packages/airflow/example_dags/plugins/event_listener.py
[2023-08-20T21:01:59.270-0400] {processor.py:179} INFO - Processing /home/mnguyen0226/anaconda3/envs/learning_scraper/lib/python3.11/site-packages/airflow/example_dags/plugins/event_listener.py took 0.025 seconds
[2023-08-20T21:03:24.833-0400] {processor.py:157} INFO - Started process (PID=81507) to work on /home/mnguyen0226/anaconda3/envs/learning_scraper/lib/python3.11/site-packages/airflow/example_dags/plugins/event_listener.py
[2023-08-20T21:03:24.834-0400] {processor.py:826} INFO - Processing file /home/mnguyen0226/anaconda3/envs/learning_scraper/lib/python3.11/site-packages/airflow/example_dags/plugins/event_listener.py for tasks to queue
[2023-08-20T21:03:24.835-0400] {logging_mixin.py:150} INFO - [2023-08-20T21:03:24.835-0400] {dagbag.py:541} INFO - Filling up the DagBag from /home/mnguyen0226/anaconda3/envs/learning_scraper/lib/python3.11/site-packages/airflow/example_dags/plugins/event_listener.py
[2023-08-20T21:03:24.837-0400] {processor.py:838} WARNING - No viable dags retrieved from /home/mnguyen0226/anaconda3/envs/learning_scraper/lib/python3.11/site-packages/airflow/example_dags/plugins/event_listener.py
[2023-08-20T21:03:24.848-0400] {processor.py:179} INFO - Processing /home/mnguyen0226/anaconda3/envs/learning_scraper/lib/python3.11/site-packages/airflow/example_dags/plugins/event_listener.py took 0.017 seconds
[2023-08-20T21:04:10.427-0400] {processor.py:157} INFO - Started process (PID=82966) to work on /home/mnguyen0226/anaconda3/envs/learning_scraper/lib/python3.11/site-packages/airflow/example_dags/plugins/event_listener.py
[2023-08-20T21:04:10.428-0400] {processor.py:826} INFO - Processing file /home/mnguyen0226/anaconda3/envs/learning_scraper/lib/python3.11/site-packages/airflow/example_dags/plugins/event_listener.py for tasks to queue
[2023-08-20T21:04:10.429-0400] {logging_mixin.py:150} INFO - [2023-08-20T21:04:10.428-0400] {dagbag.py:541} INFO - Filling up the DagBag from /home/mnguyen0226/anaconda3/envs/learning_scraper/lib/python3.11/site-packages/airflow/example_dags/plugins/event_listener.py
[2023-08-20T21:04:10.431-0400] {processor.py:838} WARNING - No viable dags retrieved from /home/mnguyen0226/anaconda3/envs/learning_scraper/lib/python3.11/site-packages/airflow/example_dags/plugins/event_listener.py
[2023-08-20T21:04:10.439-0400] {processor.py:179} INFO - Processing /home/mnguyen0226/anaconda3/envs/learning_scraper/lib/python3.11/site-packages/airflow/example_dags/plugins/event_listener.py took 0.014 seconds
[2023-08-20T21:04:59.197-0400] {processor.py:157} INFO - Started process (PID=83236) to work on /home/mnguyen0226/anaconda3/envs/learning_scraper/lib/python3.11/site-packages/airflow/example_dags/plugins/event_listener.py
[2023-08-20T21:04:59.199-0400] {processor.py:826} INFO - Processing file /home/mnguyen0226/anaconda3/envs/learning_scraper/lib/python3.11/site-packages/airflow/example_dags/plugins/event_listener.py for tasks to queue
[2023-08-20T21:04:59.200-0400] {logging_mixin.py:150} INFO - [2023-08-20T21:04:59.199-0400] {dagbag.py:541} INFO - Filling up the DagBag from /home/mnguyen0226/anaconda3/envs/learning_scraper/lib/python3.11/site-packages/airflow/example_dags/plugins/event_listener.py
[2023-08-20T21:04:59.204-0400] {processor.py:838} WARNING - No viable dags retrieved from /home/mnguyen0226/anaconda3/envs/learning_scraper/lib/python3.11/site-packages/airflow/example_dags/plugins/event_listener.py
[2023-08-20T21:04:59.221-0400] {processor.py:179} INFO - Processing /home/mnguyen0226/anaconda3/envs/learning_scraper/lib/python3.11/site-packages/airflow/example_dags/plugins/event_listener.py took 0.028 seconds
[2023-08-20T21:05:54.272-0400] {processor.py:157} INFO - Started process (PID=83475) to work on /home/mnguyen0226/anaconda3/envs/learning_scraper/lib/python3.11/site-packages/airflow/example_dags/plugins/event_listener.py
[2023-08-20T21:05:54.281-0400] {processor.py:826} INFO - Processing file /home/mnguyen0226/anaconda3/envs/learning_scraper/lib/python3.11/site-packages/airflow/example_dags/plugins/event_listener.py for tasks to queue
[2023-08-20T21:05:54.282-0400] {logging_mixin.py:150} INFO - [2023-08-20T21:05:54.282-0400] {dagbag.py:541} INFO - Filling up the DagBag from /home/mnguyen0226/anaconda3/envs/learning_scraper/lib/python3.11/site-packages/airflow/example_dags/plugins/event_listener.py
[2023-08-20T21:05:54.286-0400] {processor.py:838} WARNING - No viable dags retrieved from /home/mnguyen0226/anaconda3/envs/learning_scraper/lib/python3.11/site-packages/airflow/example_dags/plugins/event_listener.py
[2023-08-20T21:05:54.297-0400] {processor.py:179} INFO - Processing /home/mnguyen0226/anaconda3/envs/learning_scraper/lib/python3.11/site-packages/airflow/example_dags/plugins/event_listener.py took 0.028 seconds
[2023-08-20T21:06:36.233-0400] {processor.py:157} INFO - Started process (PID=83622) to work on /home/mnguyen0226/anaconda3/envs/learning_scraper/lib/python3.11/site-packages/airflow/example_dags/plugins/event_listener.py
[2023-08-20T21:06:36.243-0400] {processor.py:826} INFO - Processing file /home/mnguyen0226/anaconda3/envs/learning_scraper/lib/python3.11/site-packages/airflow/example_dags/plugins/event_listener.py for tasks to queue
[2023-08-20T21:06:36.245-0400] {logging_mixin.py:150} INFO - [2023-08-20T21:06:36.244-0400] {dagbag.py:541} INFO - Filling up the DagBag from /home/mnguyen0226/anaconda3/envs/learning_scraper/lib/python3.11/site-packages/airflow/example_dags/plugins/event_listener.py
[2023-08-20T21:06:36.249-0400] {processor.py:838} WARNING - No viable dags retrieved from /home/mnguyen0226/anaconda3/envs/learning_scraper/lib/python3.11/site-packages/airflow/example_dags/plugins/event_listener.py
[2023-08-20T21:06:36.264-0400] {processor.py:179} INFO - Processing /home/mnguyen0226/anaconda3/envs/learning_scraper/lib/python3.11/site-packages/airflow/example_dags/plugins/event_listener.py took 0.035 seconds
[2023-08-20T21:07:17.358-0400] {processor.py:157} INFO - Started process (PID=83865) to work on /home/mnguyen0226/anaconda3/envs/learning_scraper/lib/python3.11/site-packages/airflow/example_dags/plugins/event_listener.py
[2023-08-20T21:07:17.367-0400] {processor.py:826} INFO - Processing file /home/mnguyen0226/anaconda3/envs/learning_scraper/lib/python3.11/site-packages/airflow/example_dags/plugins/event_listener.py for tasks to queue
[2023-08-20T21:07:17.369-0400] {logging_mixin.py:150} INFO - [2023-08-20T21:07:17.368-0400] {dagbag.py:541} INFO - Filling up the DagBag from /home/mnguyen0226/anaconda3/envs/learning_scraper/lib/python3.11/site-packages/airflow/example_dags/plugins/event_listener.py
[2023-08-20T21:07:17.374-0400] {processor.py:838} WARNING - No viable dags retrieved from /home/mnguyen0226/anaconda3/envs/learning_scraper/lib/python3.11/site-packages/airflow/example_dags/plugins/event_listener.py
[2023-08-20T21:07:17.392-0400] {processor.py:179} INFO - Processing /home/mnguyen0226/anaconda3/envs/learning_scraper/lib/python3.11/site-packages/airflow/example_dags/plugins/event_listener.py took 0.039 seconds
[2023-08-20T21:08:00.436-0400] {processor.py:157} INFO - Started process (PID=84019) to work on /home/mnguyen0226/anaconda3/envs/learning_scraper/lib/python3.11/site-packages/airflow/example_dags/plugins/event_listener.py
[2023-08-20T21:08:00.437-0400] {processor.py:826} INFO - Processing file /home/mnguyen0226/anaconda3/envs/learning_scraper/lib/python3.11/site-packages/airflow/example_dags/plugins/event_listener.py for tasks to queue
[2023-08-20T21:08:00.439-0400] {logging_mixin.py:150} INFO - [2023-08-20T21:08:00.438-0400] {dagbag.py:541} INFO - Filling up the DagBag from /home/mnguyen0226/anaconda3/envs/learning_scraper/lib/python3.11/site-packages/airflow/example_dags/plugins/event_listener.py
[2023-08-20T21:08:00.443-0400] {processor.py:838} WARNING - No viable dags retrieved from /home/mnguyen0226/anaconda3/envs/learning_scraper/lib/python3.11/site-packages/airflow/example_dags/plugins/event_listener.py
[2023-08-20T21:08:00.459-0400] {processor.py:179} INFO - Processing /home/mnguyen0226/anaconda3/envs/learning_scraper/lib/python3.11/site-packages/airflow/example_dags/plugins/event_listener.py took 0.027 seconds
[2023-08-20T21:08:53.944-0400] {processor.py:157} INFO - Started process (PID=84258) to work on /home/mnguyen0226/anaconda3/envs/learning_scraper/lib/python3.11/site-packages/airflow/example_dags/plugins/event_listener.py
[2023-08-20T21:08:53.945-0400] {processor.py:826} INFO - Processing file /home/mnguyen0226/anaconda3/envs/learning_scraper/lib/python3.11/site-packages/airflow/example_dags/plugins/event_listener.py for tasks to queue
[2023-08-20T21:08:53.947-0400] {logging_mixin.py:150} INFO - [2023-08-20T21:08:53.946-0400] {dagbag.py:541} INFO - Filling up the DagBag from /home/mnguyen0226/anaconda3/envs/learning_scraper/lib/python3.11/site-packages/airflow/example_dags/plugins/event_listener.py
[2023-08-20T21:08:53.951-0400] {processor.py:838} WARNING - No viable dags retrieved from /home/mnguyen0226/anaconda3/envs/learning_scraper/lib/python3.11/site-packages/airflow/example_dags/plugins/event_listener.py
[2023-08-20T21:08:53.968-0400] {processor.py:179} INFO - Processing /home/mnguyen0226/anaconda3/envs/learning_scraper/lib/python3.11/site-packages/airflow/example_dags/plugins/event_listener.py took 0.030 seconds
[2023-08-20T21:09:46.512-0400] {processor.py:157} INFO - Started process (PID=84541) to work on /home/mnguyen0226/anaconda3/envs/learning_scraper/lib/python3.11/site-packages/airflow/example_dags/plugins/event_listener.py
[2023-08-20T21:09:46.513-0400] {processor.py:826} INFO - Processing file /home/mnguyen0226/anaconda3/envs/learning_scraper/lib/python3.11/site-packages/airflow/example_dags/plugins/event_listener.py for tasks to queue
[2023-08-20T21:09:46.514-0400] {logging_mixin.py:150} INFO - [2023-08-20T21:09:46.513-0400] {dagbag.py:541} INFO - Filling up the DagBag from /home/mnguyen0226/anaconda3/envs/learning_scraper/lib/python3.11/site-packages/airflow/example_dags/plugins/event_listener.py
[2023-08-20T21:09:46.516-0400] {processor.py:838} WARNING - No viable dags retrieved from /home/mnguyen0226/anaconda3/envs/learning_scraper/lib/python3.11/site-packages/airflow/example_dags/plugins/event_listener.py
[2023-08-20T21:09:46.529-0400] {processor.py:179} INFO - Processing /home/mnguyen0226/anaconda3/envs/learning_scraper/lib/python3.11/site-packages/airflow/example_dags/plugins/event_listener.py took 0.021 seconds
[2023-08-20T21:10:25.362-0400] {processor.py:157} INFO - Started process (PID=84719) to work on /home/mnguyen0226/anaconda3/envs/learning_scraper/lib/python3.11/site-packages/airflow/example_dags/plugins/event_listener.py
[2023-08-20T21:10:25.363-0400] {processor.py:826} INFO - Processing file /home/mnguyen0226/anaconda3/envs/learning_scraper/lib/python3.11/site-packages/airflow/example_dags/plugins/event_listener.py for tasks to queue
[2023-08-20T21:10:25.365-0400] {logging_mixin.py:150} INFO - [2023-08-20T21:10:25.364-0400] {dagbag.py:541} INFO - Filling up the DagBag from /home/mnguyen0226/anaconda3/envs/learning_scraper/lib/python3.11/site-packages/airflow/example_dags/plugins/event_listener.py
[2023-08-20T21:10:25.369-0400] {processor.py:838} WARNING - No viable dags retrieved from /home/mnguyen0226/anaconda3/envs/learning_scraper/lib/python3.11/site-packages/airflow/example_dags/plugins/event_listener.py
[2023-08-20T21:10:25.391-0400] {processor.py:179} INFO - Processing /home/mnguyen0226/anaconda3/envs/learning_scraper/lib/python3.11/site-packages/airflow/example_dags/plugins/event_listener.py took 0.033 seconds
[2023-08-20T21:11:05.288-0400] {processor.py:157} INFO - Started process (PID=84899) to work on /home/mnguyen0226/anaconda3/envs/learning_scraper/lib/python3.11/site-packages/airflow/example_dags/plugins/event_listener.py
[2023-08-20T21:11:05.290-0400] {processor.py:826} INFO - Processing file /home/mnguyen0226/anaconda3/envs/learning_scraper/lib/python3.11/site-packages/airflow/example_dags/plugins/event_listener.py for tasks to queue
[2023-08-20T21:11:05.292-0400] {logging_mixin.py:150} INFO - [2023-08-20T21:11:05.291-0400] {dagbag.py:541} INFO - Filling up the DagBag from /home/mnguyen0226/anaconda3/envs/learning_scraper/lib/python3.11/site-packages/airflow/example_dags/plugins/event_listener.py
[2023-08-20T21:11:05.296-0400] {processor.py:838} WARNING - No viable dags retrieved from /home/mnguyen0226/anaconda3/envs/learning_scraper/lib/python3.11/site-packages/airflow/example_dags/plugins/event_listener.py
[2023-08-20T21:11:05.312-0400] {processor.py:179} INFO - Processing /home/mnguyen0226/anaconda3/envs/learning_scraper/lib/python3.11/site-packages/airflow/example_dags/plugins/event_listener.py took 0.029 seconds
[2023-08-20T21:11:54.650-0400] {processor.py:157} INFO - Started process (PID=85125) to work on /home/mnguyen0226/anaconda3/envs/learning_scraper/lib/python3.11/site-packages/airflow/example_dags/plugins/event_listener.py
[2023-08-20T21:11:54.651-0400] {processor.py:826} INFO - Processing file /home/mnguyen0226/anaconda3/envs/learning_scraper/lib/python3.11/site-packages/airflow/example_dags/plugins/event_listener.py for tasks to queue
[2023-08-20T21:11:54.653-0400] {logging_mixin.py:150} INFO - [2023-08-20T21:11:54.652-0400] {dagbag.py:541} INFO - Filling up the DagBag from /home/mnguyen0226/anaconda3/envs/learning_scraper/lib/python3.11/site-packages/airflow/example_dags/plugins/event_listener.py
[2023-08-20T21:11:54.657-0400] {processor.py:838} WARNING - No viable dags retrieved from /home/mnguyen0226/anaconda3/envs/learning_scraper/lib/python3.11/site-packages/airflow/example_dags/plugins/event_listener.py
[2023-08-20T21:11:54.671-0400] {processor.py:179} INFO - Processing /home/mnguyen0226/anaconda3/envs/learning_scraper/lib/python3.11/site-packages/airflow/example_dags/plugins/event_listener.py took 0.024 seconds
[2023-08-20T21:12:51.540-0400] {processor.py:157} INFO - Started process (PID=85714) to work on /home/mnguyen0226/anaconda3/envs/learning_scraper/lib/python3.11/site-packages/airflow/example_dags/plugins/event_listener.py
[2023-08-20T21:12:51.549-0400] {processor.py:826} INFO - Processing file /home/mnguyen0226/anaconda3/envs/learning_scraper/lib/python3.11/site-packages/airflow/example_dags/plugins/event_listener.py for tasks to queue
[2023-08-20T21:12:51.551-0400] {logging_mixin.py:150} INFO - [2023-08-20T21:12:51.550-0400] {dagbag.py:541} INFO - Filling up the DagBag from /home/mnguyen0226/anaconda3/envs/learning_scraper/lib/python3.11/site-packages/airflow/example_dags/plugins/event_listener.py
[2023-08-20T21:12:51.553-0400] {processor.py:838} WARNING - No viable dags retrieved from /home/mnguyen0226/anaconda3/envs/learning_scraper/lib/python3.11/site-packages/airflow/example_dags/plugins/event_listener.py
[2023-08-20T21:12:51.562-0400] {processor.py:179} INFO - Processing /home/mnguyen0226/anaconda3/envs/learning_scraper/lib/python3.11/site-packages/airflow/example_dags/plugins/event_listener.py took 0.025 seconds
[2023-08-20T21:13:29.106-0400] {processor.py:157} INFO - Started process (PID=85885) to work on /home/mnguyen0226/anaconda3/envs/learning_scraper/lib/python3.11/site-packages/airflow/example_dags/plugins/event_listener.py
[2023-08-20T21:13:29.107-0400] {processor.py:826} INFO - Processing file /home/mnguyen0226/anaconda3/envs/learning_scraper/lib/python3.11/site-packages/airflow/example_dags/plugins/event_listener.py for tasks to queue
[2023-08-20T21:13:29.108-0400] {logging_mixin.py:150} INFO - [2023-08-20T21:13:29.108-0400] {dagbag.py:541} INFO - Filling up the DagBag from /home/mnguyen0226/anaconda3/envs/learning_scraper/lib/python3.11/site-packages/airflow/example_dags/plugins/event_listener.py
[2023-08-20T21:13:29.112-0400] {processor.py:838} WARNING - No viable dags retrieved from /home/mnguyen0226/anaconda3/envs/learning_scraper/lib/python3.11/site-packages/airflow/example_dags/plugins/event_listener.py
[2023-08-20T21:13:29.126-0400] {processor.py:179} INFO - Processing /home/mnguyen0226/anaconda3/envs/learning_scraper/lib/python3.11/site-packages/airflow/example_dags/plugins/event_listener.py took 0.024 seconds
[2023-08-20T21:14:08.350-0400] {processor.py:157} INFO - Started process (PID=86078) to work on /home/mnguyen0226/anaconda3/envs/learning_scraper/lib/python3.11/site-packages/airflow/example_dags/plugins/event_listener.py
[2023-08-20T21:14:08.351-0400] {processor.py:826} INFO - Processing file /home/mnguyen0226/anaconda3/envs/learning_scraper/lib/python3.11/site-packages/airflow/example_dags/plugins/event_listener.py for tasks to queue
[2023-08-20T21:14:08.352-0400] {logging_mixin.py:150} INFO - [2023-08-20T21:14:08.351-0400] {dagbag.py:541} INFO - Filling up the DagBag from /home/mnguyen0226/anaconda3/envs/learning_scraper/lib/python3.11/site-packages/airflow/example_dags/plugins/event_listener.py
[2023-08-20T21:14:08.354-0400] {processor.py:838} WARNING - No viable dags retrieved from /home/mnguyen0226/anaconda3/envs/learning_scraper/lib/python3.11/site-packages/airflow/example_dags/plugins/event_listener.py
[2023-08-20T21:14:08.363-0400] {processor.py:179} INFO - Processing /home/mnguyen0226/anaconda3/envs/learning_scraper/lib/python3.11/site-packages/airflow/example_dags/plugins/event_listener.py took 0.015 seconds
[2023-08-20T21:14:46.345-0400] {processor.py:157} INFO - Started process (PID=86270) to work on /home/mnguyen0226/anaconda3/envs/learning_scraper/lib/python3.11/site-packages/airflow/example_dags/plugins/event_listener.py
[2023-08-20T21:14:46.354-0400] {processor.py:826} INFO - Processing file /home/mnguyen0226/anaconda3/envs/learning_scraper/lib/python3.11/site-packages/airflow/example_dags/plugins/event_listener.py for tasks to queue
[2023-08-20T21:14:46.356-0400] {logging_mixin.py:150} INFO - [2023-08-20T21:14:46.355-0400] {dagbag.py:541} INFO - Filling up the DagBag from /home/mnguyen0226/anaconda3/envs/learning_scraper/lib/python3.11/site-packages/airflow/example_dags/plugins/event_listener.py
[2023-08-20T21:14:46.360-0400] {processor.py:838} WARNING - No viable dags retrieved from /home/mnguyen0226/anaconda3/envs/learning_scraper/lib/python3.11/site-packages/airflow/example_dags/plugins/event_listener.py
[2023-08-20T21:14:46.378-0400] {processor.py:179} INFO - Processing /home/mnguyen0226/anaconda3/envs/learning_scraper/lib/python3.11/site-packages/airflow/example_dags/plugins/event_listener.py took 0.038 seconds
[2023-08-20T21:15:23.653-0400] {processor.py:157} INFO - Started process (PID=86370) to work on /home/mnguyen0226/anaconda3/envs/learning_scraper/lib/python3.11/site-packages/airflow/example_dags/plugins/event_listener.py
[2023-08-20T21:15:23.654-0400] {processor.py:826} INFO - Processing file /home/mnguyen0226/anaconda3/envs/learning_scraper/lib/python3.11/site-packages/airflow/example_dags/plugins/event_listener.py for tasks to queue
[2023-08-20T21:15:23.655-0400] {logging_mixin.py:150} INFO - [2023-08-20T21:15:23.655-0400] {dagbag.py:541} INFO - Filling up the DagBag from /home/mnguyen0226/anaconda3/envs/learning_scraper/lib/python3.11/site-packages/airflow/example_dags/plugins/event_listener.py
[2023-08-20T21:15:23.660-0400] {processor.py:838} WARNING - No viable dags retrieved from /home/mnguyen0226/anaconda3/envs/learning_scraper/lib/python3.11/site-packages/airflow/example_dags/plugins/event_listener.py
[2023-08-20T21:15:23.676-0400] {processor.py:179} INFO - Processing /home/mnguyen0226/anaconda3/envs/learning_scraper/lib/python3.11/site-packages/airflow/example_dags/plugins/event_listener.py took 0.030 seconds
[2023-08-20T21:16:14.915-0400] {processor.py:157} INFO - Started process (PID=86553) to work on /home/mnguyen0226/anaconda3/envs/learning_scraper/lib/python3.11/site-packages/airflow/example_dags/plugins/event_listener.py
[2023-08-20T21:16:14.916-0400] {processor.py:826} INFO - Processing file /home/mnguyen0226/anaconda3/envs/learning_scraper/lib/python3.11/site-packages/airflow/example_dags/plugins/event_listener.py for tasks to queue
[2023-08-20T21:16:14.917-0400] {logging_mixin.py:150} INFO - [2023-08-20T21:16:14.916-0400] {dagbag.py:541} INFO - Filling up the DagBag from /home/mnguyen0226/anaconda3/envs/learning_scraper/lib/python3.11/site-packages/airflow/example_dags/plugins/event_listener.py
[2023-08-20T21:16:14.918-0400] {processor.py:838} WARNING - No viable dags retrieved from /home/mnguyen0226/anaconda3/envs/learning_scraper/lib/python3.11/site-packages/airflow/example_dags/plugins/event_listener.py
[2023-08-20T21:16:14.927-0400] {processor.py:179} INFO - Processing /home/mnguyen0226/anaconda3/envs/learning_scraper/lib/python3.11/site-packages/airflow/example_dags/plugins/event_listener.py took 0.013 seconds
[2023-08-20T21:17:10.703-0400] {processor.py:157} INFO - Started process (PID=86965) to work on /home/mnguyen0226/anaconda3/envs/learning_scraper/lib/python3.11/site-packages/airflow/example_dags/plugins/event_listener.py
[2023-08-20T21:17:10.712-0400] {processor.py:826} INFO - Processing file /home/mnguyen0226/anaconda3/envs/learning_scraper/lib/python3.11/site-packages/airflow/example_dags/plugins/event_listener.py for tasks to queue
[2023-08-20T21:17:10.713-0400] {logging_mixin.py:150} INFO - [2023-08-20T21:17:10.713-0400] {dagbag.py:541} INFO - Filling up the DagBag from /home/mnguyen0226/anaconda3/envs/learning_scraper/lib/python3.11/site-packages/airflow/example_dags/plugins/event_listener.py
[2023-08-20T21:17:10.715-0400] {processor.py:838} WARNING - No viable dags retrieved from /home/mnguyen0226/anaconda3/envs/learning_scraper/lib/python3.11/site-packages/airflow/example_dags/plugins/event_listener.py
[2023-08-20T21:17:10.725-0400] {processor.py:179} INFO - Processing /home/mnguyen0226/anaconda3/envs/learning_scraper/lib/python3.11/site-packages/airflow/example_dags/plugins/event_listener.py took 0.025 seconds
[2023-08-20T21:18:03.617-0400] {processor.py:157} INFO - Started process (PID=87239) to work on /home/mnguyen0226/anaconda3/envs/learning_scraper/lib/python3.11/site-packages/airflow/example_dags/plugins/event_listener.py
[2023-08-20T21:18:03.618-0400] {processor.py:826} INFO - Processing file /home/mnguyen0226/anaconda3/envs/learning_scraper/lib/python3.11/site-packages/airflow/example_dags/plugins/event_listener.py for tasks to queue
[2023-08-20T21:18:03.620-0400] {logging_mixin.py:150} INFO - [2023-08-20T21:18:03.619-0400] {dagbag.py:541} INFO - Filling up the DagBag from /home/mnguyen0226/anaconda3/envs/learning_scraper/lib/python3.11/site-packages/airflow/example_dags/plugins/event_listener.py
[2023-08-20T21:18:03.622-0400] {processor.py:838} WARNING - No viable dags retrieved from /home/mnguyen0226/anaconda3/envs/learning_scraper/lib/python3.11/site-packages/airflow/example_dags/plugins/event_listener.py
[2023-08-20T21:18:03.637-0400] {processor.py:179} INFO - Processing /home/mnguyen0226/anaconda3/envs/learning_scraper/lib/python3.11/site-packages/airflow/example_dags/plugins/event_listener.py took 0.025 seconds
[2023-08-20T21:19:01.067-0400] {processor.py:157} INFO - Started process (PID=87490) to work on /home/mnguyen0226/anaconda3/envs/learning_scraper/lib/python3.11/site-packages/airflow/example_dags/plugins/event_listener.py
[2023-08-20T21:19:01.077-0400] {processor.py:826} INFO - Processing file /home/mnguyen0226/anaconda3/envs/learning_scraper/lib/python3.11/site-packages/airflow/example_dags/plugins/event_listener.py for tasks to queue
[2023-08-20T21:19:01.078-0400] {logging_mixin.py:150} INFO - [2023-08-20T21:19:01.078-0400] {dagbag.py:541} INFO - Filling up the DagBag from /home/mnguyen0226/anaconda3/envs/learning_scraper/lib/python3.11/site-packages/airflow/example_dags/plugins/event_listener.py
[2023-08-20T21:19:01.082-0400] {processor.py:838} WARNING - No viable dags retrieved from /home/mnguyen0226/anaconda3/envs/learning_scraper/lib/python3.11/site-packages/airflow/example_dags/plugins/event_listener.py
[2023-08-20T21:19:01.096-0400] {processor.py:179} INFO - Processing /home/mnguyen0226/anaconda3/envs/learning_scraper/lib/python3.11/site-packages/airflow/example_dags/plugins/event_listener.py took 0.034 seconds
[2023-08-20T21:19:52.890-0400] {processor.py:157} INFO - Started process (PID=87912) to work on /home/mnguyen0226/anaconda3/envs/learning_scraper/lib/python3.11/site-packages/airflow/example_dags/plugins/event_listener.py
[2023-08-20T21:19:52.899-0400] {processor.py:826} INFO - Processing file /home/mnguyen0226/anaconda3/envs/learning_scraper/lib/python3.11/site-packages/airflow/example_dags/plugins/event_listener.py for tasks to queue
[2023-08-20T21:19:52.900-0400] {logging_mixin.py:150} INFO - [2023-08-20T21:19:52.900-0400] {dagbag.py:541} INFO - Filling up the DagBag from /home/mnguyen0226/anaconda3/envs/learning_scraper/lib/python3.11/site-packages/airflow/example_dags/plugins/event_listener.py
[2023-08-20T21:19:52.904-0400] {processor.py:838} WARNING - No viable dags retrieved from /home/mnguyen0226/anaconda3/envs/learning_scraper/lib/python3.11/site-packages/airflow/example_dags/plugins/event_listener.py
[2023-08-20T21:19:52.920-0400] {processor.py:179} INFO - Processing /home/mnguyen0226/anaconda3/envs/learning_scraper/lib/python3.11/site-packages/airflow/example_dags/plugins/event_listener.py took 0.035 seconds
[2023-08-20T21:20:46.549-0400] {processor.py:157} INFO - Started process (PID=88255) to work on /home/mnguyen0226/anaconda3/envs/learning_scraper/lib/python3.11/site-packages/airflow/example_dags/plugins/event_listener.py
[2023-08-20T21:20:46.551-0400] {processor.py:826} INFO - Processing file /home/mnguyen0226/anaconda3/envs/learning_scraper/lib/python3.11/site-packages/airflow/example_dags/plugins/event_listener.py for tasks to queue
[2023-08-20T21:20:46.552-0400] {logging_mixin.py:150} INFO - [2023-08-20T21:20:46.551-0400] {dagbag.py:541} INFO - Filling up the DagBag from /home/mnguyen0226/anaconda3/envs/learning_scraper/lib/python3.11/site-packages/airflow/example_dags/plugins/event_listener.py
[2023-08-20T21:20:46.556-0400] {processor.py:838} WARNING - No viable dags retrieved from /home/mnguyen0226/anaconda3/envs/learning_scraper/lib/python3.11/site-packages/airflow/example_dags/plugins/event_listener.py
[2023-08-20T21:20:46.572-0400] {processor.py:179} INFO - Processing /home/mnguyen0226/anaconda3/envs/learning_scraper/lib/python3.11/site-packages/airflow/example_dags/plugins/event_listener.py took 0.028 seconds
