[2023-08-20T21:00:24.356-0400] {processor.py:157} INFO - Started process (PID=80434) to work on /home/mnguyen0226/anaconda3/envs/learning_scraper/lib/python3.11/site-packages/airflow/example_dags/plugins/listener_plugin.py
[2023-08-20T21:00:24.357-0400] {processor.py:826} INFO - Processing file /home/mnguyen0226/anaconda3/envs/learning_scraper/lib/python3.11/site-packages/airflow/example_dags/plugins/listener_plugin.py for tasks to queue
[2023-08-20T21:00:24.359-0400] {logging_mixin.py:150} INFO - [2023-08-20T21:00:24.358-0400] {dagbag.py:541} INFO - Filling up the DagBag from /home/mnguyen0226/anaconda3/envs/learning_scraper/lib/python3.11/site-packages/airflow/example_dags/plugins/listener_plugin.py
[2023-08-20T21:00:24.362-0400] {processor.py:838} WARNING - No viable dags retrieved from /home/mnguyen0226/anaconda3/envs/learning_scraper/lib/python3.11/site-packages/airflow/example_dags/plugins/listener_plugin.py
[2023-08-20T21:00:24.396-0400] {processor.py:179} INFO - Processing /home/mnguyen0226/anaconda3/envs/learning_scraper/lib/python3.11/site-packages/airflow/example_dags/plugins/listener_plugin.py took 0.044 seconds
[2023-08-20T21:01:10.139-0400] {processor.py:157} INFO - Started process (PID=80896) to work on /home/mnguyen0226/anaconda3/envs/learning_scraper/lib/python3.11/site-packages/airflow/example_dags/plugins/listener_plugin.py
[2023-08-20T21:01:10.139-0400] {processor.py:826} INFO - Processing file /home/mnguyen0226/anaconda3/envs/learning_scraper/lib/python3.11/site-packages/airflow/example_dags/plugins/listener_plugin.py for tasks to queue
[2023-08-20T21:01:10.140-0400] {logging_mixin.py:150} INFO - [2023-08-20T21:01:10.140-0400] {dagbag.py:541} INFO - Filling up the DagBag from /home/mnguyen0226/anaconda3/envs/learning_scraper/lib/python3.11/site-packages/airflow/example_dags/plugins/listener_plugin.py
[2023-08-20T21:01:10.143-0400] {processor.py:838} WARNING - No viable dags retrieved from /home/mnguyen0226/anaconda3/envs/learning_scraper/lib/python3.11/site-packages/airflow/example_dags/plugins/listener_plugin.py
[2023-08-20T21:01:10.151-0400] {processor.py:179} INFO - Processing /home/mnguyen0226/anaconda3/envs/learning_scraper/lib/python3.11/site-packages/airflow/example_dags/plugins/listener_plugin.py took 0.015 seconds
[2023-08-20T21:01:58.133-0400] {processor.py:157} INFO - Started process (PID=81163) to work on /home/mnguyen0226/anaconda3/envs/learning_scraper/lib/python3.11/site-packages/airflow/example_dags/plugins/listener_plugin.py
[2023-08-20T21:01:58.133-0400] {processor.py:826} INFO - Processing file /home/mnguyen0226/anaconda3/envs/learning_scraper/lib/python3.11/site-packages/airflow/example_dags/plugins/listener_plugin.py for tasks to queue
[2023-08-20T21:01:58.134-0400] {logging_mixin.py:150} INFO - [2023-08-20T21:01:58.134-0400] {dagbag.py:541} INFO - Filling up the DagBag from /home/mnguyen0226/anaconda3/envs/learning_scraper/lib/python3.11/site-packages/airflow/example_dags/plugins/listener_plugin.py
[2023-08-20T21:01:58.136-0400] {processor.py:838} WARNING - No viable dags retrieved from /home/mnguyen0226/anaconda3/envs/learning_scraper/lib/python3.11/site-packages/airflow/example_dags/plugins/listener_plugin.py
[2023-08-20T21:01:58.147-0400] {processor.py:179} INFO - Processing /home/mnguyen0226/anaconda3/envs/learning_scraper/lib/python3.11/site-packages/airflow/example_dags/plugins/listener_plugin.py took 0.017 seconds
[2023-08-20T21:03:23.676-0400] {processor.py:157} INFO - Started process (PID=81504) to work on /home/mnguyen0226/anaconda3/envs/learning_scraper/lib/python3.11/site-packages/airflow/example_dags/plugins/listener_plugin.py
[2023-08-20T21:03:23.685-0400] {processor.py:826} INFO - Processing file /home/mnguyen0226/anaconda3/envs/learning_scraper/lib/python3.11/site-packages/airflow/example_dags/plugins/listener_plugin.py for tasks to queue
[2023-08-20T21:03:23.686-0400] {logging_mixin.py:150} INFO - [2023-08-20T21:03:23.686-0400] {dagbag.py:541} INFO - Filling up the DagBag from /home/mnguyen0226/anaconda3/envs/learning_scraper/lib/python3.11/site-packages/airflow/example_dags/plugins/listener_plugin.py
[2023-08-20T21:03:23.689-0400] {processor.py:838} WARNING - No viable dags retrieved from /home/mnguyen0226/anaconda3/envs/learning_scraper/lib/python3.11/site-packages/airflow/example_dags/plugins/listener_plugin.py
[2023-08-20T21:03:23.699-0400] {processor.py:179} INFO - Processing /home/mnguyen0226/anaconda3/envs/learning_scraper/lib/python3.11/site-packages/airflow/example_dags/plugins/listener_plugin.py took 0.026 seconds
[2023-08-20T21:04:09.285-0400] {processor.py:157} INFO - Started process (PID=82964) to work on /home/mnguyen0226/anaconda3/envs/learning_scraper/lib/python3.11/site-packages/airflow/example_dags/plugins/listener_plugin.py
[2023-08-20T21:04:09.286-0400] {processor.py:826} INFO - Processing file /home/mnguyen0226/anaconda3/envs/learning_scraper/lib/python3.11/site-packages/airflow/example_dags/plugins/listener_plugin.py for tasks to queue
[2023-08-20T21:04:09.287-0400] {logging_mixin.py:150} INFO - [2023-08-20T21:04:09.286-0400] {dagbag.py:541} INFO - Filling up the DagBag from /home/mnguyen0226/anaconda3/envs/learning_scraper/lib/python3.11/site-packages/airflow/example_dags/plugins/listener_plugin.py
[2023-08-20T21:04:09.289-0400] {processor.py:838} WARNING - No viable dags retrieved from /home/mnguyen0226/anaconda3/envs/learning_scraper/lib/python3.11/site-packages/airflow/example_dags/plugins/listener_plugin.py
[2023-08-20T21:04:09.300-0400] {processor.py:179} INFO - Processing /home/mnguyen0226/anaconda3/envs/learning_scraper/lib/python3.11/site-packages/airflow/example_dags/plugins/listener_plugin.py took 0.017 seconds
[2023-08-20T21:04:58.418-0400] {processor.py:157} INFO - Started process (PID=83235) to work on /home/mnguyen0226/anaconda3/envs/learning_scraper/lib/python3.11/site-packages/airflow/example_dags/plugins/listener_plugin.py
[2023-08-20T21:04:58.419-0400] {processor.py:826} INFO - Processing file /home/mnguyen0226/anaconda3/envs/learning_scraper/lib/python3.11/site-packages/airflow/example_dags/plugins/listener_plugin.py for tasks to queue
[2023-08-20T21:04:58.420-0400] {logging_mixin.py:150} INFO - [2023-08-20T21:04:58.419-0400] {dagbag.py:541} INFO - Filling up the DagBag from /home/mnguyen0226/anaconda3/envs/learning_scraper/lib/python3.11/site-packages/airflow/example_dags/plugins/listener_plugin.py
[2023-08-20T21:04:58.422-0400] {processor.py:838} WARNING - No viable dags retrieved from /home/mnguyen0226/anaconda3/envs/learning_scraper/lib/python3.11/site-packages/airflow/example_dags/plugins/listener_plugin.py
[2023-08-20T21:04:58.433-0400] {processor.py:179} INFO - Processing /home/mnguyen0226/anaconda3/envs/learning_scraper/lib/python3.11/site-packages/airflow/example_dags/plugins/listener_plugin.py took 0.018 seconds
[2023-08-20T21:05:53.052-0400] {processor.py:157} INFO - Started process (PID=83461) to work on /home/mnguyen0226/anaconda3/envs/learning_scraper/lib/python3.11/site-packages/airflow/example_dags/plugins/listener_plugin.py
[2023-08-20T21:05:53.054-0400] {processor.py:826} INFO - Processing file /home/mnguyen0226/anaconda3/envs/learning_scraper/lib/python3.11/site-packages/airflow/example_dags/plugins/listener_plugin.py for tasks to queue
[2023-08-20T21:05:53.055-0400] {logging_mixin.py:150} INFO - [2023-08-20T21:05:53.054-0400] {dagbag.py:541} INFO - Filling up the DagBag from /home/mnguyen0226/anaconda3/envs/learning_scraper/lib/python3.11/site-packages/airflow/example_dags/plugins/listener_plugin.py
[2023-08-20T21:05:53.059-0400] {processor.py:838} WARNING - No viable dags retrieved from /home/mnguyen0226/anaconda3/envs/learning_scraper/lib/python3.11/site-packages/airflow/example_dags/plugins/listener_plugin.py
[2023-08-20T21:05:53.073-0400] {processor.py:179} INFO - Processing /home/mnguyen0226/anaconda3/envs/learning_scraper/lib/python3.11/site-packages/airflow/example_dags/plugins/listener_plugin.py took 0.025 seconds
[2023-08-20T21:06:35.048-0400] {processor.py:157} INFO - Started process (PID=83621) to work on /home/mnguyen0226/anaconda3/envs/learning_scraper/lib/python3.11/site-packages/airflow/example_dags/plugins/listener_plugin.py
[2023-08-20T21:06:35.057-0400] {processor.py:826} INFO - Processing file /home/mnguyen0226/anaconda3/envs/learning_scraper/lib/python3.11/site-packages/airflow/example_dags/plugins/listener_plugin.py for tasks to queue
[2023-08-20T21:06:35.059-0400] {logging_mixin.py:150} INFO - [2023-08-20T21:06:35.058-0400] {dagbag.py:541} INFO - Filling up the DagBag from /home/mnguyen0226/anaconda3/envs/learning_scraper/lib/python3.11/site-packages/airflow/example_dags/plugins/listener_plugin.py
[2023-08-20T21:06:35.064-0400] {processor.py:838} WARNING - No viable dags retrieved from /home/mnguyen0226/anaconda3/envs/learning_scraper/lib/python3.11/site-packages/airflow/example_dags/plugins/listener_plugin.py
[2023-08-20T21:06:35.080-0400] {processor.py:179} INFO - Processing /home/mnguyen0226/anaconda3/envs/learning_scraper/lib/python3.11/site-packages/airflow/example_dags/plugins/listener_plugin.py took 0.037 seconds
[2023-08-20T21:07:16.888-0400] {processor.py:157} INFO - Started process (PID=83864) to work on /home/mnguyen0226/anaconda3/envs/learning_scraper/lib/python3.11/site-packages/airflow/example_dags/plugins/listener_plugin.py
[2023-08-20T21:07:16.889-0400] {processor.py:826} INFO - Processing file /home/mnguyen0226/anaconda3/envs/learning_scraper/lib/python3.11/site-packages/airflow/example_dags/plugins/listener_plugin.py for tasks to queue
[2023-08-20T21:07:16.890-0400] {logging_mixin.py:150} INFO - [2023-08-20T21:07:16.889-0400] {dagbag.py:541} INFO - Filling up the DagBag from /home/mnguyen0226/anaconda3/envs/learning_scraper/lib/python3.11/site-packages/airflow/example_dags/plugins/listener_plugin.py
[2023-08-20T21:07:16.892-0400] {processor.py:838} WARNING - No viable dags retrieved from /home/mnguyen0226/anaconda3/envs/learning_scraper/lib/python3.11/site-packages/airflow/example_dags/plugins/listener_plugin.py
[2023-08-20T21:07:16.899-0400] {processor.py:179} INFO - Processing /home/mnguyen0226/anaconda3/envs/learning_scraper/lib/python3.11/site-packages/airflow/example_dags/plugins/listener_plugin.py took 0.013 seconds
[2023-08-20T21:07:59.263-0400] {processor.py:157} INFO - Started process (PID=84017) to work on /home/mnguyen0226/anaconda3/envs/learning_scraper/lib/python3.11/site-packages/airflow/example_dags/plugins/listener_plugin.py
[2023-08-20T21:07:59.272-0400] {processor.py:826} INFO - Processing file /home/mnguyen0226/anaconda3/envs/learning_scraper/lib/python3.11/site-packages/airflow/example_dags/plugins/listener_plugin.py for tasks to queue
[2023-08-20T21:07:59.272-0400] {logging_mixin.py:150} INFO - [2023-08-20T21:07:59.272-0400] {dagbag.py:541} INFO - Filling up the DagBag from /home/mnguyen0226/anaconda3/envs/learning_scraper/lib/python3.11/site-packages/airflow/example_dags/plugins/listener_plugin.py
[2023-08-20T21:07:59.275-0400] {processor.py:838} WARNING - No viable dags retrieved from /home/mnguyen0226/anaconda3/envs/learning_scraper/lib/python3.11/site-packages/airflow/example_dags/plugins/listener_plugin.py
[2023-08-20T21:07:59.283-0400] {processor.py:179} INFO - Processing /home/mnguyen0226/anaconda3/envs/learning_scraper/lib/python3.11/site-packages/airflow/example_dags/plugins/listener_plugin.py took 0.022 seconds
[2023-08-20T21:08:52.798-0400] {processor.py:157} INFO - Started process (PID=84248) to work on /home/mnguyen0226/anaconda3/envs/learning_scraper/lib/python3.11/site-packages/airflow/example_dags/plugins/listener_plugin.py
[2023-08-20T21:08:52.807-0400] {processor.py:826} INFO - Processing file /home/mnguyen0226/anaconda3/envs/learning_scraper/lib/python3.11/site-packages/airflow/example_dags/plugins/listener_plugin.py for tasks to queue
[2023-08-20T21:08:52.808-0400] {logging_mixin.py:150} INFO - [2023-08-20T21:08:52.807-0400] {dagbag.py:541} INFO - Filling up the DagBag from /home/mnguyen0226/anaconda3/envs/learning_scraper/lib/python3.11/site-packages/airflow/example_dags/plugins/listener_plugin.py
[2023-08-20T21:08:52.810-0400] {processor.py:838} WARNING - No viable dags retrieved from /home/mnguyen0226/anaconda3/envs/learning_scraper/lib/python3.11/site-packages/airflow/example_dags/plugins/listener_plugin.py
[2023-08-20T21:08:52.818-0400] {processor.py:179} INFO - Processing /home/mnguyen0226/anaconda3/envs/learning_scraper/lib/python3.11/site-packages/airflow/example_dags/plugins/listener_plugin.py took 0.022 seconds
[2023-08-20T21:09:45.357-0400] {processor.py:157} INFO - Started process (PID=84539) to work on /home/mnguyen0226/anaconda3/envs/learning_scraper/lib/python3.11/site-packages/airflow/example_dags/plugins/listener_plugin.py
[2023-08-20T21:09:45.358-0400] {processor.py:826} INFO - Processing file /home/mnguyen0226/anaconda3/envs/learning_scraper/lib/python3.11/site-packages/airflow/example_dags/plugins/listener_plugin.py for tasks to queue
[2023-08-20T21:09:45.360-0400] {logging_mixin.py:150} INFO - [2023-08-20T21:09:45.359-0400] {dagbag.py:541} INFO - Filling up the DagBag from /home/mnguyen0226/anaconda3/envs/learning_scraper/lib/python3.11/site-packages/airflow/example_dags/plugins/listener_plugin.py
[2023-08-20T21:09:45.365-0400] {processor.py:838} WARNING - No viable dags retrieved from /home/mnguyen0226/anaconda3/envs/learning_scraper/lib/python3.11/site-packages/airflow/example_dags/plugins/listener_plugin.py
[2023-08-20T21:09:45.387-0400] {processor.py:179} INFO - Processing /home/mnguyen0226/anaconda3/envs/learning_scraper/lib/python3.11/site-packages/airflow/example_dags/plugins/listener_plugin.py took 0.034 seconds
[2023-08-20T21:10:25.129-0400] {processor.py:157} INFO - Started process (PID=84718) to work on /home/mnguyen0226/anaconda3/envs/learning_scraper/lib/python3.11/site-packages/airflow/example_dags/plugins/listener_plugin.py
[2023-08-20T21:10:25.138-0400] {processor.py:826} INFO - Processing file /home/mnguyen0226/anaconda3/envs/learning_scraper/lib/python3.11/site-packages/airflow/example_dags/plugins/listener_plugin.py for tasks to queue
[2023-08-20T21:10:25.139-0400] {logging_mixin.py:150} INFO - [2023-08-20T21:10:25.138-0400] {dagbag.py:541} INFO - Filling up the DagBag from /home/mnguyen0226/anaconda3/envs/learning_scraper/lib/python3.11/site-packages/airflow/example_dags/plugins/listener_plugin.py
[2023-08-20T21:10:25.141-0400] {processor.py:838} WARNING - No viable dags retrieved from /home/mnguyen0226/anaconda3/envs/learning_scraper/lib/python3.11/site-packages/airflow/example_dags/plugins/listener_plugin.py
[2023-08-20T21:10:25.151-0400] {processor.py:179} INFO - Processing /home/mnguyen0226/anaconda3/envs/learning_scraper/lib/python3.11/site-packages/airflow/example_dags/plugins/listener_plugin.py took 0.026 seconds
[2023-08-20T21:11:04.133-0400] {processor.py:157} INFO - Started process (PID=84897) to work on /home/mnguyen0226/anaconda3/envs/learning_scraper/lib/python3.11/site-packages/airflow/example_dags/plugins/listener_plugin.py
[2023-08-20T21:11:04.135-0400] {processor.py:826} INFO - Processing file /home/mnguyen0226/anaconda3/envs/learning_scraper/lib/python3.11/site-packages/airflow/example_dags/plugins/listener_plugin.py for tasks to queue
[2023-08-20T21:11:04.136-0400] {logging_mixin.py:150} INFO - [2023-08-20T21:11:04.135-0400] {dagbag.py:541} INFO - Filling up the DagBag from /home/mnguyen0226/anaconda3/envs/learning_scraper/lib/python3.11/site-packages/airflow/example_dags/plugins/listener_plugin.py
[2023-08-20T21:11:04.141-0400] {processor.py:838} WARNING - No viable dags retrieved from /home/mnguyen0226/anaconda3/envs/learning_scraper/lib/python3.11/site-packages/airflow/example_dags/plugins/listener_plugin.py
[2023-08-20T21:11:04.158-0400] {processor.py:179} INFO - Processing /home/mnguyen0226/anaconda3/envs/learning_scraper/lib/python3.11/site-packages/airflow/example_dags/plugins/listener_plugin.py took 0.030 seconds
[2023-08-20T21:11:53.476-0400] {processor.py:157} INFO - Started process (PID=85123) to work on /home/mnguyen0226/anaconda3/envs/learning_scraper/lib/python3.11/site-packages/airflow/example_dags/plugins/listener_plugin.py
[2023-08-20T21:11:53.477-0400] {processor.py:826} INFO - Processing file /home/mnguyen0226/anaconda3/envs/learning_scraper/lib/python3.11/site-packages/airflow/example_dags/plugins/listener_plugin.py for tasks to queue
[2023-08-20T21:11:53.478-0400] {logging_mixin.py:150} INFO - [2023-08-20T21:11:53.477-0400] {dagbag.py:541} INFO - Filling up the DagBag from /home/mnguyen0226/anaconda3/envs/learning_scraper/lib/python3.11/site-packages/airflow/example_dags/plugins/listener_plugin.py
[2023-08-20T21:11:53.482-0400] {processor.py:838} WARNING - No viable dags retrieved from /home/mnguyen0226/anaconda3/envs/learning_scraper/lib/python3.11/site-packages/airflow/example_dags/plugins/listener_plugin.py
[2023-08-20T21:11:53.495-0400] {processor.py:179} INFO - Processing /home/mnguyen0226/anaconda3/envs/learning_scraper/lib/python3.11/site-packages/airflow/example_dags/plugins/listener_plugin.py took 0.022 seconds
[2023-08-20T21:12:29.722-0400] {processor.py:157} INFO - Started process (PID=85402) to work on /home/mnguyen0226/anaconda3/envs/learning_scraper/lib/python3.11/site-packages/airflow/example_dags/plugins/listener_plugin.py
[2023-08-20T21:12:29.723-0400] {processor.py:826} INFO - Processing file /home/mnguyen0226/anaconda3/envs/learning_scraper/lib/python3.11/site-packages/airflow/example_dags/plugins/listener_plugin.py for tasks to queue
[2023-08-20T21:12:29.724-0400] {logging_mixin.py:150} INFO - [2023-08-20T21:12:29.724-0400] {dagbag.py:541} INFO - Filling up the DagBag from /home/mnguyen0226/anaconda3/envs/learning_scraper/lib/python3.11/site-packages/airflow/example_dags/plugins/listener_plugin.py
[2023-08-20T21:12:29.727-0400] {processor.py:838} WARNING - No viable dags retrieved from /home/mnguyen0226/anaconda3/envs/learning_scraper/lib/python3.11/site-packages/airflow/example_dags/plugins/listener_plugin.py
[2023-08-20T21:12:29.739-0400] {processor.py:179} INFO - Processing /home/mnguyen0226/anaconda3/envs/learning_scraper/lib/python3.11/site-packages/airflow/example_dags/plugins/listener_plugin.py took 0.021 seconds
[2023-08-20T21:13:08.892-0400] {processor.py:157} INFO - Started process (PID=85815) to work on /home/mnguyen0226/anaconda3/envs/learning_scraper/lib/python3.11/site-packages/airflow/example_dags/plugins/listener_plugin.py
[2023-08-20T21:13:08.892-0400] {processor.py:826} INFO - Processing file /home/mnguyen0226/anaconda3/envs/learning_scraper/lib/python3.11/site-packages/airflow/example_dags/plugins/listener_plugin.py for tasks to queue
[2023-08-20T21:13:08.893-0400] {logging_mixin.py:150} INFO - [2023-08-20T21:13:08.893-0400] {dagbag.py:541} INFO - Filling up the DagBag from /home/mnguyen0226/anaconda3/envs/learning_scraper/lib/python3.11/site-packages/airflow/example_dags/plugins/listener_plugin.py
[2023-08-20T21:13:08.898-0400] {processor.py:838} WARNING - No viable dags retrieved from /home/mnguyen0226/anaconda3/envs/learning_scraper/lib/python3.11/site-packages/airflow/example_dags/plugins/listener_plugin.py
[2023-08-20T21:13:08.916-0400] {processor.py:179} INFO - Processing /home/mnguyen0226/anaconda3/envs/learning_scraper/lib/python3.11/site-packages/airflow/example_dags/plugins/listener_plugin.py took 0.030 seconds
[2023-08-20T21:13:47.452-0400] {processor.py:157} INFO - Started process (PID=85942) to work on /home/mnguyen0226/anaconda3/envs/learning_scraper/lib/python3.11/site-packages/airflow/example_dags/plugins/listener_plugin.py
[2023-08-20T21:13:47.453-0400] {processor.py:826} INFO - Processing file /home/mnguyen0226/anaconda3/envs/learning_scraper/lib/python3.11/site-packages/airflow/example_dags/plugins/listener_plugin.py for tasks to queue
[2023-08-20T21:13:47.453-0400] {logging_mixin.py:150} INFO - [2023-08-20T21:13:47.453-0400] {dagbag.py:541} INFO - Filling up the DagBag from /home/mnguyen0226/anaconda3/envs/learning_scraper/lib/python3.11/site-packages/airflow/example_dags/plugins/listener_plugin.py
[2023-08-20T21:13:47.455-0400] {processor.py:838} WARNING - No viable dags retrieved from /home/mnguyen0226/anaconda3/envs/learning_scraper/lib/python3.11/site-packages/airflow/example_dags/plugins/listener_plugin.py
[2023-08-20T21:13:47.465-0400] {processor.py:179} INFO - Processing /home/mnguyen0226/anaconda3/envs/learning_scraper/lib/python3.11/site-packages/airflow/example_dags/plugins/listener_plugin.py took 0.015 seconds
[2023-08-20T21:14:28.472-0400] {processor.py:157} INFO - Started process (PID=86171) to work on /home/mnguyen0226/anaconda3/envs/learning_scraper/lib/python3.11/site-packages/airflow/example_dags/plugins/listener_plugin.py
[2023-08-20T21:14:28.481-0400] {processor.py:826} INFO - Processing file /home/mnguyen0226/anaconda3/envs/learning_scraper/lib/python3.11/site-packages/airflow/example_dags/plugins/listener_plugin.py for tasks to queue
[2023-08-20T21:14:28.483-0400] {logging_mixin.py:150} INFO - [2023-08-20T21:14:28.482-0400] {dagbag.py:541} INFO - Filling up the DagBag from /home/mnguyen0226/anaconda3/envs/learning_scraper/lib/python3.11/site-packages/airflow/example_dags/plugins/listener_plugin.py
[2023-08-20T21:14:28.487-0400] {processor.py:838} WARNING - No viable dags retrieved from /home/mnguyen0226/anaconda3/envs/learning_scraper/lib/python3.11/site-packages/airflow/example_dags/plugins/listener_plugin.py
[2023-08-20T21:14:28.503-0400] {processor.py:179} INFO - Processing /home/mnguyen0226/anaconda3/envs/learning_scraper/lib/python3.11/site-packages/airflow/example_dags/plugins/listener_plugin.py took 0.036 seconds
[2023-08-20T21:15:05.363-0400] {processor.py:157} INFO - Started process (PID=86328) to work on /home/mnguyen0226/anaconda3/envs/learning_scraper/lib/python3.11/site-packages/airflow/example_dags/plugins/listener_plugin.py
[2023-08-20T21:15:05.363-0400] {processor.py:826} INFO - Processing file /home/mnguyen0226/anaconda3/envs/learning_scraper/lib/python3.11/site-packages/airflow/example_dags/plugins/listener_plugin.py for tasks to queue
[2023-08-20T21:15:05.364-0400] {logging_mixin.py:150} INFO - [2023-08-20T21:15:05.364-0400] {dagbag.py:541} INFO - Filling up the DagBag from /home/mnguyen0226/anaconda3/envs/learning_scraper/lib/python3.11/site-packages/airflow/example_dags/plugins/listener_plugin.py
[2023-08-20T21:15:05.366-0400] {processor.py:838} WARNING - No viable dags retrieved from /home/mnguyen0226/anaconda3/envs/learning_scraper/lib/python3.11/site-packages/airflow/example_dags/plugins/listener_plugin.py
[2023-08-20T21:15:05.378-0400] {processor.py:179} INFO - Processing /home/mnguyen0226/anaconda3/envs/learning_scraper/lib/python3.11/site-packages/airflow/example_dags/plugins/listener_plugin.py took 0.017 seconds
[2023-08-20T21:15:54.428-0400] {processor.py:157} INFO - Started process (PID=86460) to work on /home/mnguyen0226/anaconda3/envs/learning_scraper/lib/python3.11/site-packages/airflow/example_dags/plugins/listener_plugin.py
[2023-08-20T21:15:54.429-0400] {processor.py:826} INFO - Processing file /home/mnguyen0226/anaconda3/envs/learning_scraper/lib/python3.11/site-packages/airflow/example_dags/plugins/listener_plugin.py for tasks to queue
[2023-08-20T21:15:54.431-0400] {logging_mixin.py:150} INFO - [2023-08-20T21:15:54.430-0400] {dagbag.py:541} INFO - Filling up the DagBag from /home/mnguyen0226/anaconda3/envs/learning_scraper/lib/python3.11/site-packages/airflow/example_dags/plugins/listener_plugin.py
[2023-08-20T21:15:54.435-0400] {processor.py:838} WARNING - No viable dags retrieved from /home/mnguyen0226/anaconda3/envs/learning_scraper/lib/python3.11/site-packages/airflow/example_dags/plugins/listener_plugin.py
[2023-08-20T21:15:54.450-0400] {processor.py:179} INFO - Processing /home/mnguyen0226/anaconda3/envs/learning_scraper/lib/python3.11/site-packages/airflow/example_dags/plugins/listener_plugin.py took 0.027 seconds
[2023-08-20T21:16:31.643-0400] {processor.py:157} INFO - Started process (PID=86608) to work on /home/mnguyen0226/anaconda3/envs/learning_scraper/lib/python3.11/site-packages/airflow/example_dags/plugins/listener_plugin.py
[2023-08-20T21:16:31.654-0400] {processor.py:826} INFO - Processing file /home/mnguyen0226/anaconda3/envs/learning_scraper/lib/python3.11/site-packages/airflow/example_dags/plugins/listener_plugin.py for tasks to queue
[2023-08-20T21:16:31.656-0400] {logging_mixin.py:150} INFO - [2023-08-20T21:16:31.655-0400] {dagbag.py:541} INFO - Filling up the DagBag from /home/mnguyen0226/anaconda3/envs/learning_scraper/lib/python3.11/site-packages/airflow/example_dags/plugins/listener_plugin.py
[2023-08-20T21:16:31.662-0400] {processor.py:838} WARNING - No viable dags retrieved from /home/mnguyen0226/anaconda3/envs/learning_scraper/lib/python3.11/site-packages/airflow/example_dags/plugins/listener_plugin.py
[2023-08-20T21:16:31.684-0400] {processor.py:179} INFO - Processing /home/mnguyen0226/anaconda3/envs/learning_scraper/lib/python3.11/site-packages/airflow/example_dags/plugins/listener_plugin.py took 0.046 seconds
[2023-08-20T21:17:09.534-0400] {processor.py:157} INFO - Started process (PID=86964) to work on /home/mnguyen0226/anaconda3/envs/learning_scraper/lib/python3.11/site-packages/airflow/example_dags/plugins/listener_plugin.py
[2023-08-20T21:17:09.535-0400] {processor.py:826} INFO - Processing file /home/mnguyen0226/anaconda3/envs/learning_scraper/lib/python3.11/site-packages/airflow/example_dags/plugins/listener_plugin.py for tasks to queue
[2023-08-20T21:17:09.536-0400] {logging_mixin.py:150} INFO - [2023-08-20T21:17:09.536-0400] {dagbag.py:541} INFO - Filling up the DagBag from /home/mnguyen0226/anaconda3/envs/learning_scraper/lib/python3.11/site-packages/airflow/example_dags/plugins/listener_plugin.py
[2023-08-20T21:17:09.541-0400] {processor.py:838} WARNING - No viable dags retrieved from /home/mnguyen0226/anaconda3/envs/learning_scraper/lib/python3.11/site-packages/airflow/example_dags/plugins/listener_plugin.py
[2023-08-20T21:17:09.557-0400] {processor.py:179} INFO - Processing /home/mnguyen0226/anaconda3/envs/learning_scraper/lib/python3.11/site-packages/airflow/example_dags/plugins/listener_plugin.py took 0.027 seconds
[2023-08-20T21:18:02.461-0400] {processor.py:157} INFO - Started process (PID=87238) to work on /home/mnguyen0226/anaconda3/envs/learning_scraper/lib/python3.11/site-packages/airflow/example_dags/plugins/listener_plugin.py
[2023-08-20T21:18:02.462-0400] {processor.py:826} INFO - Processing file /home/mnguyen0226/anaconda3/envs/learning_scraper/lib/python3.11/site-packages/airflow/example_dags/plugins/listener_plugin.py for tasks to queue
[2023-08-20T21:18:02.463-0400] {logging_mixin.py:150} INFO - [2023-08-20T21:18:02.463-0400] {dagbag.py:541} INFO - Filling up the DagBag from /home/mnguyen0226/anaconda3/envs/learning_scraper/lib/python3.11/site-packages/airflow/example_dags/plugins/listener_plugin.py
[2023-08-20T21:18:02.467-0400] {processor.py:838} WARNING - No viable dags retrieved from /home/mnguyen0226/anaconda3/envs/learning_scraper/lib/python3.11/site-packages/airflow/example_dags/plugins/listener_plugin.py
[2023-08-20T21:18:02.482-0400] {processor.py:179} INFO - Processing /home/mnguyen0226/anaconda3/envs/learning_scraper/lib/python3.11/site-packages/airflow/example_dags/plugins/listener_plugin.py took 0.025 seconds
[2023-08-20T21:18:39.515-0400] {processor.py:157} INFO - Started process (PID=87388) to work on /home/mnguyen0226/anaconda3/envs/learning_scraper/lib/python3.11/site-packages/airflow/example_dags/plugins/listener_plugin.py
[2023-08-20T21:18:39.517-0400] {processor.py:826} INFO - Processing file /home/mnguyen0226/anaconda3/envs/learning_scraper/lib/python3.11/site-packages/airflow/example_dags/plugins/listener_plugin.py for tasks to queue
[2023-08-20T21:18:39.518-0400] {logging_mixin.py:150} INFO - [2023-08-20T21:18:39.517-0400] {dagbag.py:541} INFO - Filling up the DagBag from /home/mnguyen0226/anaconda3/envs/learning_scraper/lib/python3.11/site-packages/airflow/example_dags/plugins/listener_plugin.py
[2023-08-20T21:18:39.521-0400] {processor.py:838} WARNING - No viable dags retrieved from /home/mnguyen0226/anaconda3/envs/learning_scraper/lib/python3.11/site-packages/airflow/example_dags/plugins/listener_plugin.py
[2023-08-20T21:18:39.532-0400] {processor.py:179} INFO - Processing /home/mnguyen0226/anaconda3/envs/learning_scraper/lib/python3.11/site-packages/airflow/example_dags/plugins/listener_plugin.py took 0.021 seconds
[2023-08-20T21:19:18.003-0400] {processor.py:157} INFO - Started process (PID=87625) to work on /home/mnguyen0226/anaconda3/envs/learning_scraper/lib/python3.11/site-packages/airflow/example_dags/plugins/listener_plugin.py
[2023-08-20T21:19:18.012-0400] {processor.py:826} INFO - Processing file /home/mnguyen0226/anaconda3/envs/learning_scraper/lib/python3.11/site-packages/airflow/example_dags/plugins/listener_plugin.py for tasks to queue
[2023-08-20T21:19:18.013-0400] {logging_mixin.py:150} INFO - [2023-08-20T21:19:18.012-0400] {dagbag.py:541} INFO - Filling up the DagBag from /home/mnguyen0226/anaconda3/envs/learning_scraper/lib/python3.11/site-packages/airflow/example_dags/plugins/listener_plugin.py
[2023-08-20T21:19:18.015-0400] {processor.py:838} WARNING - No viable dags retrieved from /home/mnguyen0226/anaconda3/envs/learning_scraper/lib/python3.11/site-packages/airflow/example_dags/plugins/listener_plugin.py
[2023-08-20T21:19:18.024-0400] {processor.py:179} INFO - Processing /home/mnguyen0226/anaconda3/envs/learning_scraper/lib/python3.11/site-packages/airflow/example_dags/plugins/listener_plugin.py took 0.023 seconds
[2023-08-20T21:20:09.842-0400] {processor.py:157} INFO - Started process (PID=88063) to work on /home/mnguyen0226/anaconda3/envs/learning_scraper/lib/python3.11/site-packages/airflow/example_dags/plugins/listener_plugin.py
[2023-08-20T21:20:09.842-0400] {processor.py:826} INFO - Processing file /home/mnguyen0226/anaconda3/envs/learning_scraper/lib/python3.11/site-packages/airflow/example_dags/plugins/listener_plugin.py for tasks to queue
[2023-08-20T21:20:09.845-0400] {logging_mixin.py:150} INFO - [2023-08-20T21:20:09.844-0400] {dagbag.py:541} INFO - Filling up the DagBag from /home/mnguyen0226/anaconda3/envs/learning_scraper/lib/python3.11/site-packages/airflow/example_dags/plugins/listener_plugin.py
[2023-08-20T21:20:09.847-0400] {processor.py:838} WARNING - No viable dags retrieved from /home/mnguyen0226/anaconda3/envs/learning_scraper/lib/python3.11/site-packages/airflow/example_dags/plugins/listener_plugin.py
[2023-08-20T21:20:09.858-0400] {processor.py:179} INFO - Processing /home/mnguyen0226/anaconda3/envs/learning_scraper/lib/python3.11/site-packages/airflow/example_dags/plugins/listener_plugin.py took 0.021 seconds
[2023-08-20T21:21:02.038-0400] {processor.py:157} INFO - Started process (PID=88301) to work on /home/mnguyen0226/anaconda3/envs/learning_scraper/lib/python3.11/site-packages/airflow/example_dags/plugins/listener_plugin.py
[2023-08-20T21:21:02.039-0400] {processor.py:826} INFO - Processing file /home/mnguyen0226/anaconda3/envs/learning_scraper/lib/python3.11/site-packages/airflow/example_dags/plugins/listener_plugin.py for tasks to queue
[2023-08-20T21:21:02.041-0400] {logging_mixin.py:150} INFO - [2023-08-20T21:21:02.040-0400] {dagbag.py:541} INFO - Filling up the DagBag from /home/mnguyen0226/anaconda3/envs/learning_scraper/lib/python3.11/site-packages/airflow/example_dags/plugins/listener_plugin.py
[2023-08-20T21:21:02.045-0400] {processor.py:838} WARNING - No viable dags retrieved from /home/mnguyen0226/anaconda3/envs/learning_scraper/lib/python3.11/site-packages/airflow/example_dags/plugins/listener_plugin.py
[2023-08-20T21:21:02.064-0400] {processor.py:179} INFO - Processing /home/mnguyen0226/anaconda3/envs/learning_scraper/lib/python3.11/site-packages/airflow/example_dags/plugins/listener_plugin.py took 0.030 seconds
