[2023-08-20T21:00:23.134-0400] {processor.py:157} INFO - Started process (PID=80421) to work on /home/mnguyen0226/anaconda3/envs/learning_scraper/lib/python3.11/site-packages/airflow/example_dags/plugins/workday.py
[2023-08-20T21:00:23.136-0400] {processor.py:826} INFO - Processing file /home/mnguyen0226/anaconda3/envs/learning_scraper/lib/python3.11/site-packages/airflow/example_dags/plugins/workday.py for tasks to queue
[2023-08-20T21:00:23.137-0400] {logging_mixin.py:150} INFO - [2023-08-20T21:00:23.136-0400] {dagbag.py:541} INFO - Filling up the DagBag from /home/mnguyen0226/anaconda3/envs/learning_scraper/lib/python3.11/site-packages/airflow/example_dags/plugins/workday.py
[2023-08-20T21:00:23.141-0400] {logging_mixin.py:150} INFO - [2023-08-20T21:00:23.140-0400] {workday.py:36} WARNING - Could not import pandas. Holidays will not be considered.
[2023-08-20T21:00:23.141-0400] {processor.py:838} WARNING - No viable dags retrieved from /home/mnguyen0226/anaconda3/envs/learning_scraper/lib/python3.11/site-packages/airflow/example_dags/plugins/workday.py
[2023-08-20T21:00:23.157-0400] {processor.py:179} INFO - Processing /home/mnguyen0226/anaconda3/envs/learning_scraper/lib/python3.11/site-packages/airflow/example_dags/plugins/workday.py took 0.027 seconds
[2023-08-20T21:01:09.842-0400] {processor.py:157} INFO - Started process (PID=80895) to work on /home/mnguyen0226/anaconda3/envs/learning_scraper/lib/python3.11/site-packages/airflow/example_dags/plugins/workday.py
[2023-08-20T21:01:09.843-0400] {processor.py:826} INFO - Processing file /home/mnguyen0226/anaconda3/envs/learning_scraper/lib/python3.11/site-packages/airflow/example_dags/plugins/workday.py for tasks to queue
[2023-08-20T21:01:09.844-0400] {logging_mixin.py:150} INFO - [2023-08-20T21:01:09.844-0400] {dagbag.py:541} INFO - Filling up the DagBag from /home/mnguyen0226/anaconda3/envs/learning_scraper/lib/python3.11/site-packages/airflow/example_dags/plugins/workday.py
[2023-08-20T21:01:09.847-0400] {logging_mixin.py:150} INFO - [2023-08-20T21:01:09.846-0400] {workday.py:36} WARNING - Could not import pandas. Holidays will not be considered.
[2023-08-20T21:01:09.847-0400] {processor.py:838} WARNING - No viable dags retrieved from /home/mnguyen0226/anaconda3/envs/learning_scraper/lib/python3.11/site-packages/airflow/example_dags/plugins/workday.py
[2023-08-20T21:01:09.860-0400] {processor.py:179} INFO - Processing /home/mnguyen0226/anaconda3/envs/learning_scraper/lib/python3.11/site-packages/airflow/example_dags/plugins/workday.py took 0.021 seconds
[2023-08-20T21:01:56.918-0400] {processor.py:157} INFO - Started process (PID=81159) to work on /home/mnguyen0226/anaconda3/envs/learning_scraper/lib/python3.11/site-packages/airflow/example_dags/plugins/workday.py
[2023-08-20T21:01:56.919-0400] {processor.py:826} INFO - Processing file /home/mnguyen0226/anaconda3/envs/learning_scraper/lib/python3.11/site-packages/airflow/example_dags/plugins/workday.py for tasks to queue
[2023-08-20T21:01:56.919-0400] {logging_mixin.py:150} INFO - [2023-08-20T21:01:56.919-0400] {dagbag.py:541} INFO - Filling up the DagBag from /home/mnguyen0226/anaconda3/envs/learning_scraper/lib/python3.11/site-packages/airflow/example_dags/plugins/workday.py
[2023-08-20T21:01:56.921-0400] {logging_mixin.py:150} INFO - [2023-08-20T21:01:56.921-0400] {workday.py:36} WARNING - Could not import pandas. Holidays will not be considered.
[2023-08-20T21:01:56.921-0400] {processor.py:838} WARNING - No viable dags retrieved from /home/mnguyen0226/anaconda3/envs/learning_scraper/lib/python3.11/site-packages/airflow/example_dags/plugins/workday.py
[2023-08-20T21:01:56.933-0400] {processor.py:179} INFO - Processing /home/mnguyen0226/anaconda3/envs/learning_scraper/lib/python3.11/site-packages/airflow/example_dags/plugins/workday.py took 0.017 seconds
[2023-08-20T21:03:22.536-0400] {processor.py:157} INFO - Started process (PID=81503) to work on /home/mnguyen0226/anaconda3/envs/learning_scraper/lib/python3.11/site-packages/airflow/example_dags/plugins/workday.py
[2023-08-20T21:03:22.545-0400] {processor.py:826} INFO - Processing file /home/mnguyen0226/anaconda3/envs/learning_scraper/lib/python3.11/site-packages/airflow/example_dags/plugins/workday.py for tasks to queue
[2023-08-20T21:03:22.547-0400] {logging_mixin.py:150} INFO - [2023-08-20T21:03:22.546-0400] {dagbag.py:541} INFO - Filling up the DagBag from /home/mnguyen0226/anaconda3/envs/learning_scraper/lib/python3.11/site-packages/airflow/example_dags/plugins/workday.py
[2023-08-20T21:03:22.549-0400] {logging_mixin.py:150} INFO - [2023-08-20T21:03:22.549-0400] {workday.py:36} WARNING - Could not import pandas. Holidays will not be considered.
[2023-08-20T21:03:22.549-0400] {processor.py:838} WARNING - No viable dags retrieved from /home/mnguyen0226/anaconda3/envs/learning_scraper/lib/python3.11/site-packages/airflow/example_dags/plugins/workday.py
[2023-08-20T21:03:22.557-0400] {processor.py:179} INFO - Processing /home/mnguyen0226/anaconda3/envs/learning_scraper/lib/python3.11/site-packages/airflow/example_dags/plugins/workday.py took 0.023 seconds
[2023-08-20T21:04:08.254-0400] {processor.py:157} INFO - Started process (PID=82953) to work on /home/mnguyen0226/anaconda3/envs/learning_scraper/lib/python3.11/site-packages/airflow/example_dags/plugins/workday.py
[2023-08-20T21:04:08.255-0400] {processor.py:826} INFO - Processing file /home/mnguyen0226/anaconda3/envs/learning_scraper/lib/python3.11/site-packages/airflow/example_dags/plugins/workday.py for tasks to queue
[2023-08-20T21:04:08.255-0400] {logging_mixin.py:150} INFO - [2023-08-20T21:04:08.255-0400] {dagbag.py:541} INFO - Filling up the DagBag from /home/mnguyen0226/anaconda3/envs/learning_scraper/lib/python3.11/site-packages/airflow/example_dags/plugins/workday.py
[2023-08-20T21:04:08.258-0400] {logging_mixin.py:150} INFO - [2023-08-20T21:04:08.258-0400] {workday.py:36} WARNING - Could not import pandas. Holidays will not be considered.
[2023-08-20T21:04:08.259-0400] {processor.py:838} WARNING - No viable dags retrieved from /home/mnguyen0226/anaconda3/envs/learning_scraper/lib/python3.11/site-packages/airflow/example_dags/plugins/workday.py
[2023-08-20T21:04:08.272-0400] {processor.py:179} INFO - Processing /home/mnguyen0226/anaconda3/envs/learning_scraper/lib/python3.11/site-packages/airflow/example_dags/plugins/workday.py took 0.020 seconds
[2023-08-20T21:04:57.267-0400] {processor.py:157} INFO - Started process (PID=83234) to work on /home/mnguyen0226/anaconda3/envs/learning_scraper/lib/python3.11/site-packages/airflow/example_dags/plugins/workday.py
[2023-08-20T21:04:57.268-0400] {processor.py:826} INFO - Processing file /home/mnguyen0226/anaconda3/envs/learning_scraper/lib/python3.11/site-packages/airflow/example_dags/plugins/workday.py for tasks to queue
[2023-08-20T21:04:57.269-0400] {logging_mixin.py:150} INFO - [2023-08-20T21:04:57.268-0400] {dagbag.py:541} INFO - Filling up the DagBag from /home/mnguyen0226/anaconda3/envs/learning_scraper/lib/python3.11/site-packages/airflow/example_dags/plugins/workday.py
[2023-08-20T21:04:57.274-0400] {logging_mixin.py:150} INFO - [2023-08-20T21:04:57.273-0400] {workday.py:36} WARNING - Could not import pandas. Holidays will not be considered.
[2023-08-20T21:04:57.274-0400] {processor.py:838} WARNING - No viable dags retrieved from /home/mnguyen0226/anaconda3/envs/learning_scraper/lib/python3.11/site-packages/airflow/example_dags/plugins/workday.py
[2023-08-20T21:04:57.290-0400] {processor.py:179} INFO - Processing /home/mnguyen0226/anaconda3/envs/learning_scraper/lib/python3.11/site-packages/airflow/example_dags/plugins/workday.py took 0.027 seconds
[2023-08-20T21:05:52.594-0400] {processor.py:157} INFO - Started process (PID=83460) to work on /home/mnguyen0226/anaconda3/envs/learning_scraper/lib/python3.11/site-packages/airflow/example_dags/plugins/workday.py
[2023-08-20T21:05:52.595-0400] {processor.py:826} INFO - Processing file /home/mnguyen0226/anaconda3/envs/learning_scraper/lib/python3.11/site-packages/airflow/example_dags/plugins/workday.py for tasks to queue
[2023-08-20T21:05:52.595-0400] {logging_mixin.py:150} INFO - [2023-08-20T21:05:52.595-0400] {dagbag.py:541} INFO - Filling up the DagBag from /home/mnguyen0226/anaconda3/envs/learning_scraper/lib/python3.11/site-packages/airflow/example_dags/plugins/workday.py
[2023-08-20T21:05:52.598-0400] {logging_mixin.py:150} INFO - [2023-08-20T21:05:52.598-0400] {workday.py:36} WARNING - Could not import pandas. Holidays will not be considered.
[2023-08-20T21:05:52.599-0400] {processor.py:838} WARNING - No viable dags retrieved from /home/mnguyen0226/anaconda3/envs/learning_scraper/lib/python3.11/site-packages/airflow/example_dags/plugins/workday.py
[2023-08-20T21:05:52.613-0400] {processor.py:179} INFO - Processing /home/mnguyen0226/anaconda3/envs/learning_scraper/lib/python3.11/site-packages/airflow/example_dags/plugins/workday.py took 0.022 seconds
[2023-08-20T21:06:34.573-0400] {processor.py:157} INFO - Started process (PID=83620) to work on /home/mnguyen0226/anaconda3/envs/learning_scraper/lib/python3.11/site-packages/airflow/example_dags/plugins/workday.py
[2023-08-20T21:06:34.574-0400] {processor.py:826} INFO - Processing file /home/mnguyen0226/anaconda3/envs/learning_scraper/lib/python3.11/site-packages/airflow/example_dags/plugins/workday.py for tasks to queue
[2023-08-20T21:06:34.576-0400] {logging_mixin.py:150} INFO - [2023-08-20T21:06:34.575-0400] {dagbag.py:541} INFO - Filling up the DagBag from /home/mnguyen0226/anaconda3/envs/learning_scraper/lib/python3.11/site-packages/airflow/example_dags/plugins/workday.py
[2023-08-20T21:06:34.581-0400] {logging_mixin.py:150} INFO - [2023-08-20T21:06:34.581-0400] {workday.py:36} WARNING - Could not import pandas. Holidays will not be considered.
[2023-08-20T21:06:34.582-0400] {processor.py:838} WARNING - No viable dags retrieved from /home/mnguyen0226/anaconda3/envs/learning_scraper/lib/python3.11/site-packages/airflow/example_dags/plugins/workday.py
[2023-08-20T21:06:34.597-0400] {processor.py:179} INFO - Processing /home/mnguyen0226/anaconda3/envs/learning_scraper/lib/python3.11/site-packages/airflow/example_dags/plugins/workday.py took 0.029 seconds
[2023-08-20T21:07:15.742-0400] {processor.py:157} INFO - Started process (PID=83863) to work on /home/mnguyen0226/anaconda3/envs/learning_scraper/lib/python3.11/site-packages/airflow/example_dags/plugins/workday.py
[2023-08-20T21:07:15.743-0400] {processor.py:826} INFO - Processing file /home/mnguyen0226/anaconda3/envs/learning_scraper/lib/python3.11/site-packages/airflow/example_dags/plugins/workday.py for tasks to queue
[2023-08-20T21:07:15.744-0400] {logging_mixin.py:150} INFO - [2023-08-20T21:07:15.744-0400] {dagbag.py:541} INFO - Filling up the DagBag from /home/mnguyen0226/anaconda3/envs/learning_scraper/lib/python3.11/site-packages/airflow/example_dags/plugins/workday.py
[2023-08-20T21:07:15.749-0400] {logging_mixin.py:150} INFO - [2023-08-20T21:07:15.748-0400] {workday.py:36} WARNING - Could not import pandas. Holidays will not be considered.
[2023-08-20T21:07:15.749-0400] {processor.py:838} WARNING - No viable dags retrieved from /home/mnguyen0226/anaconda3/envs/learning_scraper/lib/python3.11/site-packages/airflow/example_dags/plugins/workday.py
[2023-08-20T21:07:15.764-0400] {processor.py:179} INFO - Processing /home/mnguyen0226/anaconda3/envs/learning_scraper/lib/python3.11/site-packages/airflow/example_dags/plugins/workday.py took 0.024 seconds
[2023-08-20T21:07:58.770-0400] {processor.py:157} INFO - Started process (PID=84016) to work on /home/mnguyen0226/anaconda3/envs/learning_scraper/lib/python3.11/site-packages/airflow/example_dags/plugins/workday.py
[2023-08-20T21:07:58.779-0400] {processor.py:826} INFO - Processing file /home/mnguyen0226/anaconda3/envs/learning_scraper/lib/python3.11/site-packages/airflow/example_dags/plugins/workday.py for tasks to queue
[2023-08-20T21:07:58.780-0400] {logging_mixin.py:150} INFO - [2023-08-20T21:07:58.780-0400] {dagbag.py:541} INFO - Filling up the DagBag from /home/mnguyen0226/anaconda3/envs/learning_scraper/lib/python3.11/site-packages/airflow/example_dags/plugins/workday.py
[2023-08-20T21:07:58.783-0400] {logging_mixin.py:150} INFO - [2023-08-20T21:07:58.783-0400] {workday.py:36} WARNING - Could not import pandas. Holidays will not be considered.
[2023-08-20T21:07:58.783-0400] {processor.py:838} WARNING - No viable dags retrieved from /home/mnguyen0226/anaconda3/envs/learning_scraper/lib/python3.11/site-packages/airflow/example_dags/plugins/workday.py
[2023-08-20T21:07:58.792-0400] {processor.py:179} INFO - Processing /home/mnguyen0226/anaconda3/envs/learning_scraper/lib/python3.11/site-packages/airflow/example_dags/plugins/workday.py took 0.024 seconds
[2023-08-20T21:08:35.085-0400] {processor.py:157} INFO - Started process (PID=84167) to work on /home/mnguyen0226/anaconda3/envs/learning_scraper/lib/python3.11/site-packages/airflow/example_dags/plugins/workday.py
[2023-08-20T21:08:35.086-0400] {processor.py:826} INFO - Processing file /home/mnguyen0226/anaconda3/envs/learning_scraper/lib/python3.11/site-packages/airflow/example_dags/plugins/workday.py for tasks to queue
[2023-08-20T21:08:35.087-0400] {logging_mixin.py:150} INFO - [2023-08-20T21:08:35.087-0400] {dagbag.py:541} INFO - Filling up the DagBag from /home/mnguyen0226/anaconda3/envs/learning_scraper/lib/python3.11/site-packages/airflow/example_dags/plugins/workday.py
[2023-08-20T21:08:35.091-0400] {logging_mixin.py:150} INFO - [2023-08-20T21:08:35.090-0400] {workday.py:36} WARNING - Could not import pandas. Holidays will not be considered.
[2023-08-20T21:08:35.091-0400] {processor.py:838} WARNING - No viable dags retrieved from /home/mnguyen0226/anaconda3/envs/learning_scraper/lib/python3.11/site-packages/airflow/example_dags/plugins/workday.py
[2023-08-20T21:08:35.103-0400] {processor.py:179} INFO - Processing /home/mnguyen0226/anaconda3/envs/learning_scraper/lib/python3.11/site-packages/airflow/example_dags/plugins/workday.py took 0.022 seconds
[2023-08-20T21:09:11.489-0400] {processor.py:157} INFO - Started process (PID=84347) to work on /home/mnguyen0226/anaconda3/envs/learning_scraper/lib/python3.11/site-packages/airflow/example_dags/plugins/workday.py
[2023-08-20T21:09:11.490-0400] {processor.py:826} INFO - Processing file /home/mnguyen0226/anaconda3/envs/learning_scraper/lib/python3.11/site-packages/airflow/example_dags/plugins/workday.py for tasks to queue
[2023-08-20T21:09:11.492-0400] {logging_mixin.py:150} INFO - [2023-08-20T21:09:11.491-0400] {dagbag.py:541} INFO - Filling up the DagBag from /home/mnguyen0226/anaconda3/envs/learning_scraper/lib/python3.11/site-packages/airflow/example_dags/plugins/workday.py
[2023-08-20T21:09:11.496-0400] {logging_mixin.py:150} INFO - [2023-08-20T21:09:11.496-0400] {workday.py:36} WARNING - Could not import pandas. Holidays will not be considered.
[2023-08-20T21:09:11.497-0400] {processor.py:838} WARNING - No viable dags retrieved from /home/mnguyen0226/anaconda3/envs/learning_scraper/lib/python3.11/site-packages/airflow/example_dags/plugins/workday.py
[2023-08-20T21:09:11.513-0400] {processor.py:179} INFO - Processing /home/mnguyen0226/anaconda3/envs/learning_scraper/lib/python3.11/site-packages/airflow/example_dags/plugins/workday.py took 0.027 seconds
[2023-08-20T21:10:06.798-0400] {processor.py:157} INFO - Started process (PID=84652) to work on /home/mnguyen0226/anaconda3/envs/learning_scraper/lib/python3.11/site-packages/airflow/example_dags/plugins/workday.py
[2023-08-20T21:10:06.799-0400] {processor.py:826} INFO - Processing file /home/mnguyen0226/anaconda3/envs/learning_scraper/lib/python3.11/site-packages/airflow/example_dags/plugins/workday.py for tasks to queue
[2023-08-20T21:10:06.800-0400] {logging_mixin.py:150} INFO - [2023-08-20T21:10:06.800-0400] {dagbag.py:541} INFO - Filling up the DagBag from /home/mnguyen0226/anaconda3/envs/learning_scraper/lib/python3.11/site-packages/airflow/example_dags/plugins/workday.py
[2023-08-20T21:10:06.804-0400] {logging_mixin.py:150} INFO - [2023-08-20T21:10:06.804-0400] {workday.py:36} WARNING - Could not import pandas. Holidays will not be considered.
[2023-08-20T21:10:06.805-0400] {processor.py:838} WARNING - No viable dags retrieved from /home/mnguyen0226/anaconda3/envs/learning_scraper/lib/python3.11/site-packages/airflow/example_dags/plugins/workday.py
[2023-08-20T21:10:06.816-0400] {processor.py:179} INFO - Processing /home/mnguyen0226/anaconda3/envs/learning_scraper/lib/python3.11/site-packages/airflow/example_dags/plugins/workday.py took 0.021 seconds
[2023-08-20T21:10:45.887-0400] {processor.py:157} INFO - Started process (PID=84812) to work on /home/mnguyen0226/anaconda3/envs/learning_scraper/lib/python3.11/site-packages/airflow/example_dags/plugins/workday.py
[2023-08-20T21:10:45.896-0400] {processor.py:826} INFO - Processing file /home/mnguyen0226/anaconda3/envs/learning_scraper/lib/python3.11/site-packages/airflow/example_dags/plugins/workday.py for tasks to queue
[2023-08-20T21:10:45.897-0400] {logging_mixin.py:150} INFO - [2023-08-20T21:10:45.897-0400] {dagbag.py:541} INFO - Filling up the DagBag from /home/mnguyen0226/anaconda3/envs/learning_scraper/lib/python3.11/site-packages/airflow/example_dags/plugins/workday.py
[2023-08-20T21:10:45.900-0400] {logging_mixin.py:150} INFO - [2023-08-20T21:10:45.900-0400] {workday.py:36} WARNING - Could not import pandas. Holidays will not be considered.
[2023-08-20T21:10:45.900-0400] {processor.py:838} WARNING - No viable dags retrieved from /home/mnguyen0226/anaconda3/envs/learning_scraper/lib/python3.11/site-packages/airflow/example_dags/plugins/workday.py
[2023-08-20T21:10:45.908-0400] {processor.py:179} INFO - Processing /home/mnguyen0226/anaconda3/envs/learning_scraper/lib/python3.11/site-packages/airflow/example_dags/plugins/workday.py took 0.024 seconds
[2023-08-20T21:11:23.490-0400] {processor.py:157} INFO - Started process (PID=84994) to work on /home/mnguyen0226/anaconda3/envs/learning_scraper/lib/python3.11/site-packages/airflow/example_dags/plugins/workday.py
[2023-08-20T21:11:23.491-0400] {processor.py:826} INFO - Processing file /home/mnguyen0226/anaconda3/envs/learning_scraper/lib/python3.11/site-packages/airflow/example_dags/plugins/workday.py for tasks to queue
[2023-08-20T21:11:23.492-0400] {logging_mixin.py:150} INFO - [2023-08-20T21:11:23.492-0400] {dagbag.py:541} INFO - Filling up the DagBag from /home/mnguyen0226/anaconda3/envs/learning_scraper/lib/python3.11/site-packages/airflow/example_dags/plugins/workday.py
[2023-08-20T21:11:23.498-0400] {logging_mixin.py:150} INFO - [2023-08-20T21:11:23.497-0400] {workday.py:36} WARNING - Could not import pandas. Holidays will not be considered.
[2023-08-20T21:11:23.498-0400] {processor.py:838} WARNING - No viable dags retrieved from /home/mnguyen0226/anaconda3/envs/learning_scraper/lib/python3.11/site-packages/airflow/example_dags/plugins/workday.py
[2023-08-20T21:11:23.514-0400] {processor.py:179} INFO - Processing /home/mnguyen0226/anaconda3/envs/learning_scraper/lib/python3.11/site-packages/airflow/example_dags/plugins/workday.py took 0.029 seconds
[2023-08-20T21:12:14.131-0400] {processor.py:157} INFO - Started process (PID=85170) to work on /home/mnguyen0226/anaconda3/envs/learning_scraper/lib/python3.11/site-packages/airflow/example_dags/plugins/workday.py
[2023-08-20T21:12:14.132-0400] {processor.py:826} INFO - Processing file /home/mnguyen0226/anaconda3/envs/learning_scraper/lib/python3.11/site-packages/airflow/example_dags/plugins/workday.py for tasks to queue
[2023-08-20T21:12:14.133-0400] {logging_mixin.py:150} INFO - [2023-08-20T21:12:14.132-0400] {dagbag.py:541} INFO - Filling up the DagBag from /home/mnguyen0226/anaconda3/envs/learning_scraper/lib/python3.11/site-packages/airflow/example_dags/plugins/workday.py
[2023-08-20T21:12:14.136-0400] {logging_mixin.py:150} INFO - [2023-08-20T21:12:14.135-0400] {workday.py:36} WARNING - Could not import pandas. Holidays will not be considered.
[2023-08-20T21:12:14.136-0400] {processor.py:838} WARNING - No viable dags retrieved from /home/mnguyen0226/anaconda3/envs/learning_scraper/lib/python3.11/site-packages/airflow/example_dags/plugins/workday.py
[2023-08-20T21:12:14.147-0400] {processor.py:179} INFO - Processing /home/mnguyen0226/anaconda3/envs/learning_scraper/lib/python3.11/site-packages/airflow/example_dags/plugins/workday.py took 0.018 seconds
[2023-08-20T21:13:08.536-0400] {processor.py:157} INFO - Started process (PID=85788) to work on /home/mnguyen0226/anaconda3/envs/learning_scraper/lib/python3.11/site-packages/airflow/example_dags/plugins/workday.py
[2023-08-20T21:13:08.537-0400] {processor.py:826} INFO - Processing file /home/mnguyen0226/anaconda3/envs/learning_scraper/lib/python3.11/site-packages/airflow/example_dags/plugins/workday.py for tasks to queue
[2023-08-20T21:13:08.539-0400] {logging_mixin.py:150} INFO - [2023-08-20T21:13:08.538-0400] {dagbag.py:541} INFO - Filling up the DagBag from /home/mnguyen0226/anaconda3/envs/learning_scraper/lib/python3.11/site-packages/airflow/example_dags/plugins/workday.py
[2023-08-20T21:13:08.542-0400] {logging_mixin.py:150} INFO - [2023-08-20T21:13:08.542-0400] {workday.py:36} WARNING - Could not import pandas. Holidays will not be considered.
[2023-08-20T21:13:08.542-0400] {processor.py:838} WARNING - No viable dags retrieved from /home/mnguyen0226/anaconda3/envs/learning_scraper/lib/python3.11/site-packages/airflow/example_dags/plugins/workday.py
[2023-08-20T21:13:08.561-0400] {processor.py:179} INFO - Processing /home/mnguyen0226/anaconda3/envs/learning_scraper/lib/python3.11/site-packages/airflow/example_dags/plugins/workday.py took 0.031 seconds
[2023-08-20T21:13:47.032-0400] {processor.py:157} INFO - Started process (PID=85941) to work on /home/mnguyen0226/anaconda3/envs/learning_scraper/lib/python3.11/site-packages/airflow/example_dags/plugins/workday.py
[2023-08-20T21:13:47.034-0400] {processor.py:826} INFO - Processing file /home/mnguyen0226/anaconda3/envs/learning_scraper/lib/python3.11/site-packages/airflow/example_dags/plugins/workday.py for tasks to queue
[2023-08-20T21:13:47.035-0400] {logging_mixin.py:150} INFO - [2023-08-20T21:13:47.034-0400] {dagbag.py:541} INFO - Filling up the DagBag from /home/mnguyen0226/anaconda3/envs/learning_scraper/lib/python3.11/site-packages/airflow/example_dags/plugins/workday.py
[2023-08-20T21:13:47.040-0400] {logging_mixin.py:150} INFO - [2023-08-20T21:13:47.040-0400] {workday.py:36} WARNING - Could not import pandas. Holidays will not be considered.
[2023-08-20T21:13:47.041-0400] {processor.py:838} WARNING - No viable dags retrieved from /home/mnguyen0226/anaconda3/envs/learning_scraper/lib/python3.11/site-packages/airflow/example_dags/plugins/workday.py
[2023-08-20T21:13:47.058-0400] {processor.py:179} INFO - Processing /home/mnguyen0226/anaconda3/envs/learning_scraper/lib/python3.11/site-packages/airflow/example_dags/plugins/workday.py took 0.030 seconds
[2023-08-20T21:14:27.310-0400] {processor.py:157} INFO - Started process (PID=86161) to work on /home/mnguyen0226/anaconda3/envs/learning_scraper/lib/python3.11/site-packages/airflow/example_dags/plugins/workday.py
[2023-08-20T21:14:27.321-0400] {processor.py:826} INFO - Processing file /home/mnguyen0226/anaconda3/envs/learning_scraper/lib/python3.11/site-packages/airflow/example_dags/plugins/workday.py for tasks to queue
[2023-08-20T21:14:27.323-0400] {logging_mixin.py:150} INFO - [2023-08-20T21:14:27.322-0400] {dagbag.py:541} INFO - Filling up the DagBag from /home/mnguyen0226/anaconda3/envs/learning_scraper/lib/python3.11/site-packages/airflow/example_dags/plugins/workday.py
[2023-08-20T21:14:27.329-0400] {logging_mixin.py:150} INFO - [2023-08-20T21:14:27.328-0400] {workday.py:36} WARNING - Could not import pandas. Holidays will not be considered.
[2023-08-20T21:14:27.329-0400] {processor.py:838} WARNING - No viable dags retrieved from /home/mnguyen0226/anaconda3/envs/learning_scraper/lib/python3.11/site-packages/airflow/example_dags/plugins/workday.py
[2023-08-20T21:14:27.356-0400] {processor.py:179} INFO - Processing /home/mnguyen0226/anaconda3/envs/learning_scraper/lib/python3.11/site-packages/airflow/example_dags/plugins/workday.py took 0.049 seconds
[2023-08-20T21:15:05.051-0400] {processor.py:157} INFO - Started process (PID=86327) to work on /home/mnguyen0226/anaconda3/envs/learning_scraper/lib/python3.11/site-packages/airflow/example_dags/plugins/workday.py
[2023-08-20T21:15:05.052-0400] {processor.py:826} INFO - Processing file /home/mnguyen0226/anaconda3/envs/learning_scraper/lib/python3.11/site-packages/airflow/example_dags/plugins/workday.py for tasks to queue
[2023-08-20T21:15:05.054-0400] {logging_mixin.py:150} INFO - [2023-08-20T21:15:05.053-0400] {dagbag.py:541} INFO - Filling up the DagBag from /home/mnguyen0226/anaconda3/envs/learning_scraper/lib/python3.11/site-packages/airflow/example_dags/plugins/workday.py
[2023-08-20T21:15:05.058-0400] {logging_mixin.py:150} INFO - [2023-08-20T21:15:05.058-0400] {workday.py:36} WARNING - Could not import pandas. Holidays will not be considered.
[2023-08-20T21:15:05.059-0400] {processor.py:838} WARNING - No viable dags retrieved from /home/mnguyen0226/anaconda3/envs/learning_scraper/lib/python3.11/site-packages/airflow/example_dags/plugins/workday.py
[2023-08-20T21:15:05.076-0400] {processor.py:179} INFO - Processing /home/mnguyen0226/anaconda3/envs/learning_scraper/lib/python3.11/site-packages/airflow/example_dags/plugins/workday.py took 0.028 seconds
[2023-08-20T21:15:53.279-0400] {processor.py:157} INFO - Started process (PID=86459) to work on /home/mnguyen0226/anaconda3/envs/learning_scraper/lib/python3.11/site-packages/airflow/example_dags/plugins/workday.py
[2023-08-20T21:15:53.288-0400] {processor.py:826} INFO - Processing file /home/mnguyen0226/anaconda3/envs/learning_scraper/lib/python3.11/site-packages/airflow/example_dags/plugins/workday.py for tasks to queue
[2023-08-20T21:15:53.290-0400] {logging_mixin.py:150} INFO - [2023-08-20T21:15:53.289-0400] {dagbag.py:541} INFO - Filling up the DagBag from /home/mnguyen0226/anaconda3/envs/learning_scraper/lib/python3.11/site-packages/airflow/example_dags/plugins/workday.py
[2023-08-20T21:15:53.294-0400] {logging_mixin.py:150} INFO - [2023-08-20T21:15:53.294-0400] {workday.py:36} WARNING - Could not import pandas. Holidays will not be considered.
[2023-08-20T21:15:53.295-0400] {processor.py:838} WARNING - No viable dags retrieved from /home/mnguyen0226/anaconda3/envs/learning_scraper/lib/python3.11/site-packages/airflow/example_dags/plugins/workday.py
[2023-08-20T21:15:53.311-0400] {processor.py:179} INFO - Processing /home/mnguyen0226/anaconda3/envs/learning_scraper/lib/python3.11/site-packages/airflow/example_dags/plugins/workday.py took 0.037 seconds
[2023-08-20T21:16:30.485-0400] {processor.py:157} INFO - Started process (PID=86593) to work on /home/mnguyen0226/anaconda3/envs/learning_scraper/lib/python3.11/site-packages/airflow/example_dags/plugins/workday.py
[2023-08-20T21:16:30.494-0400] {processor.py:826} INFO - Processing file /home/mnguyen0226/anaconda3/envs/learning_scraper/lib/python3.11/site-packages/airflow/example_dags/plugins/workday.py for tasks to queue
[2023-08-20T21:16:30.496-0400] {logging_mixin.py:150} INFO - [2023-08-20T21:16:30.495-0400] {dagbag.py:541} INFO - Filling up the DagBag from /home/mnguyen0226/anaconda3/envs/learning_scraper/lib/python3.11/site-packages/airflow/example_dags/plugins/workday.py
[2023-08-20T21:16:30.501-0400] {logging_mixin.py:150} INFO - [2023-08-20T21:16:30.501-0400] {workday.py:36} WARNING - Could not import pandas. Holidays will not be considered.
[2023-08-20T21:16:30.502-0400] {processor.py:838} WARNING - No viable dags retrieved from /home/mnguyen0226/anaconda3/envs/learning_scraper/lib/python3.11/site-packages/airflow/example_dags/plugins/workday.py
[2023-08-20T21:16:30.518-0400] {processor.py:179} INFO - Processing /home/mnguyen0226/anaconda3/envs/learning_scraper/lib/python3.11/site-packages/airflow/example_dags/plugins/workday.py took 0.039 seconds
[2023-08-20T21:17:09.358-0400] {processor.py:157} INFO - Started process (PID=86963) to work on /home/mnguyen0226/anaconda3/envs/learning_scraper/lib/python3.11/site-packages/airflow/example_dags/plugins/workday.py
[2023-08-20T21:17:09.358-0400] {processor.py:826} INFO - Processing file /home/mnguyen0226/anaconda3/envs/learning_scraper/lib/python3.11/site-packages/airflow/example_dags/plugins/workday.py for tasks to queue
[2023-08-20T21:17:09.359-0400] {logging_mixin.py:150} INFO - [2023-08-20T21:17:09.359-0400] {dagbag.py:541} INFO - Filling up the DagBag from /home/mnguyen0226/anaconda3/envs/learning_scraper/lib/python3.11/site-packages/airflow/example_dags/plugins/workday.py
[2023-08-20T21:17:09.364-0400] {logging_mixin.py:150} INFO - [2023-08-20T21:17:09.364-0400] {workday.py:36} WARNING - Could not import pandas. Holidays will not be considered.
[2023-08-20T21:17:09.364-0400] {processor.py:838} WARNING - No viable dags retrieved from /home/mnguyen0226/anaconda3/envs/learning_scraper/lib/python3.11/site-packages/airflow/example_dags/plugins/workday.py
[2023-08-20T21:17:09.381-0400] {processor.py:179} INFO - Processing /home/mnguyen0226/anaconda3/envs/learning_scraper/lib/python3.11/site-packages/airflow/example_dags/plugins/workday.py took 0.027 seconds
[2023-08-20T21:18:01.308-0400] {processor.py:157} INFO - Started process (PID=87237) to work on /home/mnguyen0226/anaconda3/envs/learning_scraper/lib/python3.11/site-packages/airflow/example_dags/plugins/workday.py
[2023-08-20T21:18:01.317-0400] {processor.py:826} INFO - Processing file /home/mnguyen0226/anaconda3/envs/learning_scraper/lib/python3.11/site-packages/airflow/example_dags/plugins/workday.py for tasks to queue
[2023-08-20T21:18:01.318-0400] {logging_mixin.py:150} INFO - [2023-08-20T21:18:01.318-0400] {dagbag.py:541} INFO - Filling up the DagBag from /home/mnguyen0226/anaconda3/envs/learning_scraper/lib/python3.11/site-packages/airflow/example_dags/plugins/workday.py
[2023-08-20T21:18:01.322-0400] {logging_mixin.py:150} INFO - [2023-08-20T21:18:01.322-0400] {workday.py:36} WARNING - Could not import pandas. Holidays will not be considered.
[2023-08-20T21:18:01.323-0400] {processor.py:838} WARNING - No viable dags retrieved from /home/mnguyen0226/anaconda3/envs/learning_scraper/lib/python3.11/site-packages/airflow/example_dags/plugins/workday.py
[2023-08-20T21:18:01.338-0400] {processor.py:179} INFO - Processing /home/mnguyen0226/anaconda3/envs/learning_scraper/lib/python3.11/site-packages/airflow/example_dags/plugins/workday.py took 0.035 seconds
[2023-08-20T21:18:38.375-0400] {processor.py:157} INFO - Started process (PID=87387) to work on /home/mnguyen0226/anaconda3/envs/learning_scraper/lib/python3.11/site-packages/airflow/example_dags/plugins/workday.py
[2023-08-20T21:18:38.385-0400] {processor.py:826} INFO - Processing file /home/mnguyen0226/anaconda3/envs/learning_scraper/lib/python3.11/site-packages/airflow/example_dags/plugins/workday.py for tasks to queue
[2023-08-20T21:18:38.386-0400] {logging_mixin.py:150} INFO - [2023-08-20T21:18:38.386-0400] {dagbag.py:541} INFO - Filling up the DagBag from /home/mnguyen0226/anaconda3/envs/learning_scraper/lib/python3.11/site-packages/airflow/example_dags/plugins/workday.py
[2023-08-20T21:18:38.391-0400] {logging_mixin.py:150} INFO - [2023-08-20T21:18:38.390-0400] {workday.py:36} WARNING - Could not import pandas. Holidays will not be considered.
[2023-08-20T21:18:38.392-0400] {processor.py:838} WARNING - No viable dags retrieved from /home/mnguyen0226/anaconda3/envs/learning_scraper/lib/python3.11/site-packages/airflow/example_dags/plugins/workday.py
[2023-08-20T21:18:38.407-0400] {processor.py:179} INFO - Processing /home/mnguyen0226/anaconda3/envs/learning_scraper/lib/python3.11/site-packages/airflow/example_dags/plugins/workday.py took 0.037 seconds
[2023-08-20T21:19:16.868-0400] {processor.py:157} INFO - Started process (PID=87615) to work on /home/mnguyen0226/anaconda3/envs/learning_scraper/lib/python3.11/site-packages/airflow/example_dags/plugins/workday.py
[2023-08-20T21:19:16.877-0400] {processor.py:826} INFO - Processing file /home/mnguyen0226/anaconda3/envs/learning_scraper/lib/python3.11/site-packages/airflow/example_dags/plugins/workday.py for tasks to queue
[2023-08-20T21:19:16.879-0400] {logging_mixin.py:150} INFO - [2023-08-20T21:19:16.878-0400] {dagbag.py:541} INFO - Filling up the DagBag from /home/mnguyen0226/anaconda3/envs/learning_scraper/lib/python3.11/site-packages/airflow/example_dags/plugins/workday.py
[2023-08-20T21:19:16.884-0400] {logging_mixin.py:150} INFO - [2023-08-20T21:19:16.883-0400] {workday.py:36} WARNING - Could not import pandas. Holidays will not be considered.
[2023-08-20T21:19:16.884-0400] {processor.py:838} WARNING - No viable dags retrieved from /home/mnguyen0226/anaconda3/envs/learning_scraper/lib/python3.11/site-packages/airflow/example_dags/plugins/workday.py
[2023-08-20T21:19:16.900-0400] {processor.py:179} INFO - Processing /home/mnguyen0226/anaconda3/envs/learning_scraper/lib/python3.11/site-packages/airflow/example_dags/plugins/workday.py took 0.037 seconds
[2023-08-20T21:20:08.961-0400] {processor.py:157} INFO - Started process (PID=88052) to work on /home/mnguyen0226/anaconda3/envs/learning_scraper/lib/python3.11/site-packages/airflow/example_dags/plugins/workday.py
[2023-08-20T21:20:08.962-0400] {processor.py:826} INFO - Processing file /home/mnguyen0226/anaconda3/envs/learning_scraper/lib/python3.11/site-packages/airflow/example_dags/plugins/workday.py for tasks to queue
[2023-08-20T21:20:08.963-0400] {logging_mixin.py:150} INFO - [2023-08-20T21:20:08.963-0400] {dagbag.py:541} INFO - Filling up the DagBag from /home/mnguyen0226/anaconda3/envs/learning_scraper/lib/python3.11/site-packages/airflow/example_dags/plugins/workday.py
[2023-08-20T21:20:08.966-0400] {logging_mixin.py:150} INFO - [2023-08-20T21:20:08.966-0400] {workday.py:36} WARNING - Could not import pandas. Holidays will not be considered.
[2023-08-20T21:20:08.966-0400] {processor.py:838} WARNING - No viable dags retrieved from /home/mnguyen0226/anaconda3/envs/learning_scraper/lib/python3.11/site-packages/airflow/example_dags/plugins/workday.py
[2023-08-20T21:20:08.974-0400] {processor.py:179} INFO - Processing /home/mnguyen0226/anaconda3/envs/learning_scraper/lib/python3.11/site-packages/airflow/example_dags/plugins/workday.py took 0.016 seconds
[2023-08-20T21:20:46.001-0400] {processor.py:157} INFO - Started process (PID=88254) to work on /home/mnguyen0226/anaconda3/envs/learning_scraper/lib/python3.11/site-packages/airflow/example_dags/plugins/workday.py
[2023-08-20T21:20:46.002-0400] {processor.py:826} INFO - Processing file /home/mnguyen0226/anaconda3/envs/learning_scraper/lib/python3.11/site-packages/airflow/example_dags/plugins/workday.py for tasks to queue
[2023-08-20T21:20:46.004-0400] {logging_mixin.py:150} INFO - [2023-08-20T21:20:46.003-0400] {dagbag.py:541} INFO - Filling up the DagBag from /home/mnguyen0226/anaconda3/envs/learning_scraper/lib/python3.11/site-packages/airflow/example_dags/plugins/workday.py
[2023-08-20T21:20:46.008-0400] {logging_mixin.py:150} INFO - [2023-08-20T21:20:46.008-0400] {workday.py:36} WARNING - Could not import pandas. Holidays will not be considered.
[2023-08-20T21:20:46.009-0400] {processor.py:838} WARNING - No viable dags retrieved from /home/mnguyen0226/anaconda3/envs/learning_scraper/lib/python3.11/site-packages/airflow/example_dags/plugins/workday.py
[2023-08-20T21:20:46.023-0400] {processor.py:179} INFO - Processing /home/mnguyen0226/anaconda3/envs/learning_scraper/lib/python3.11/site-packages/airflow/example_dags/plugins/workday.py took 0.026 seconds
