[2023-08-20T21:00:22.793-0400] {processor.py:157} INFO - Started process (PID=80420) to work on /home/mnguyen0226/anaconda3/envs/learning_scraper/lib/python3.11/site-packages/airflow/example_dags/subdags/subdag.py
[2023-08-20T21:00:22.794-0400] {processor.py:826} INFO - Processing file /home/mnguyen0226/anaconda3/envs/learning_scraper/lib/python3.11/site-packages/airflow/example_dags/subdags/subdag.py for tasks to queue
[2023-08-20T21:00:22.795-0400] {logging_mixin.py:150} INFO - [2023-08-20T21:00:22.794-0400] {dagbag.py:541} INFO - Filling up the DagBag from /home/mnguyen0226/anaconda3/envs/learning_scraper/lib/python3.11/site-packages/airflow/example_dags/subdags/subdag.py
[2023-08-20T21:00:22.798-0400] {processor.py:838} WARNING - No viable dags retrieved from /home/mnguyen0226/anaconda3/envs/learning_scraper/lib/python3.11/site-packages/airflow/example_dags/subdags/subdag.py
[2023-08-20T21:00:22.813-0400] {processor.py:179} INFO - Processing /home/mnguyen0226/anaconda3/envs/learning_scraper/lib/python3.11/site-packages/airflow/example_dags/subdags/subdag.py took 0.025 seconds
[2023-08-20T21:01:08.700-0400] {processor.py:157} INFO - Started process (PID=80894) to work on /home/mnguyen0226/anaconda3/envs/learning_scraper/lib/python3.11/site-packages/airflow/example_dags/subdags/subdag.py
[2023-08-20T21:01:08.701-0400] {processor.py:826} INFO - Processing file /home/mnguyen0226/anaconda3/envs/learning_scraper/lib/python3.11/site-packages/airflow/example_dags/subdags/subdag.py for tasks to queue
[2023-08-20T21:01:08.703-0400] {logging_mixin.py:150} INFO - [2023-08-20T21:01:08.702-0400] {dagbag.py:541} INFO - Filling up the DagBag from /home/mnguyen0226/anaconda3/envs/learning_scraper/lib/python3.11/site-packages/airflow/example_dags/subdags/subdag.py
[2023-08-20T21:01:08.705-0400] {processor.py:838} WARNING - No viable dags retrieved from /home/mnguyen0226/anaconda3/envs/learning_scraper/lib/python3.11/site-packages/airflow/example_dags/subdags/subdag.py
[2023-08-20T21:01:08.716-0400] {processor.py:179} INFO - Processing /home/mnguyen0226/anaconda3/envs/learning_scraper/lib/python3.11/site-packages/airflow/example_dags/subdags/subdag.py took 0.019 seconds
[2023-08-20T21:01:55.919-0400] {processor.py:157} INFO - Started process (PID=81148) to work on /home/mnguyen0226/anaconda3/envs/learning_scraper/lib/python3.11/site-packages/airflow/example_dags/subdags/subdag.py
[2023-08-20T21:01:55.920-0400] {processor.py:826} INFO - Processing file /home/mnguyen0226/anaconda3/envs/learning_scraper/lib/python3.11/site-packages/airflow/example_dags/subdags/subdag.py for tasks to queue
[2023-08-20T21:01:55.921-0400] {logging_mixin.py:150} INFO - [2023-08-20T21:01:55.921-0400] {dagbag.py:541} INFO - Filling up the DagBag from /home/mnguyen0226/anaconda3/envs/learning_scraper/lib/python3.11/site-packages/airflow/example_dags/subdags/subdag.py
[2023-08-20T21:01:55.924-0400] {processor.py:838} WARNING - No viable dags retrieved from /home/mnguyen0226/anaconda3/envs/learning_scraper/lib/python3.11/site-packages/airflow/example_dags/subdags/subdag.py
[2023-08-20T21:01:55.937-0400] {processor.py:179} INFO - Processing /home/mnguyen0226/anaconda3/envs/learning_scraper/lib/python3.11/site-packages/airflow/example_dags/subdags/subdag.py took 0.022 seconds
[2023-08-20T21:03:22.215-0400] {processor.py:157} INFO - Started process (PID=81502) to work on /home/mnguyen0226/anaconda3/envs/learning_scraper/lib/python3.11/site-packages/airflow/example_dags/subdags/subdag.py
[2023-08-20T21:03:22.217-0400] {processor.py:826} INFO - Processing file /home/mnguyen0226/anaconda3/envs/learning_scraper/lib/python3.11/site-packages/airflow/example_dags/subdags/subdag.py for tasks to queue
[2023-08-20T21:03:22.218-0400] {logging_mixin.py:150} INFO - [2023-08-20T21:03:22.217-0400] {dagbag.py:541} INFO - Filling up the DagBag from /home/mnguyen0226/anaconda3/envs/learning_scraper/lib/python3.11/site-packages/airflow/example_dags/subdags/subdag.py
[2023-08-20T21:03:22.222-0400] {processor.py:838} WARNING - No viable dags retrieved from /home/mnguyen0226/anaconda3/envs/learning_scraper/lib/python3.11/site-packages/airflow/example_dags/subdags/subdag.py
[2023-08-20T21:03:22.240-0400] {processor.py:179} INFO - Processing /home/mnguyen0226/anaconda3/envs/learning_scraper/lib/python3.11/site-packages/airflow/example_dags/subdags/subdag.py took 0.028 seconds
[2023-08-20T21:04:07.891-0400] {processor.py:157} INFO - Started process (PID=82951) to work on /home/mnguyen0226/anaconda3/envs/learning_scraper/lib/python3.11/site-packages/airflow/example_dags/subdags/subdag.py
[2023-08-20T21:04:07.891-0400] {processor.py:826} INFO - Processing file /home/mnguyen0226/anaconda3/envs/learning_scraper/lib/python3.11/site-packages/airflow/example_dags/subdags/subdag.py for tasks to queue
[2023-08-20T21:04:07.892-0400] {logging_mixin.py:150} INFO - [2023-08-20T21:04:07.892-0400] {dagbag.py:541} INFO - Filling up the DagBag from /home/mnguyen0226/anaconda3/envs/learning_scraper/lib/python3.11/site-packages/airflow/example_dags/subdags/subdag.py
[2023-08-20T21:04:07.895-0400] {processor.py:838} WARNING - No viable dags retrieved from /home/mnguyen0226/anaconda3/envs/learning_scraper/lib/python3.11/site-packages/airflow/example_dags/subdags/subdag.py
[2023-08-20T21:04:07.911-0400] {processor.py:179} INFO - Processing /home/mnguyen0226/anaconda3/envs/learning_scraper/lib/python3.11/site-packages/airflow/example_dags/subdags/subdag.py took 0.024 seconds
[2023-08-20T21:04:56.115-0400] {processor.py:157} INFO - Started process (PID=83232) to work on /home/mnguyen0226/anaconda3/envs/learning_scraper/lib/python3.11/site-packages/airflow/example_dags/subdags/subdag.py
[2023-08-20T21:04:56.116-0400] {processor.py:826} INFO - Processing file /home/mnguyen0226/anaconda3/envs/learning_scraper/lib/python3.11/site-packages/airflow/example_dags/subdags/subdag.py for tasks to queue
[2023-08-20T21:04:56.118-0400] {logging_mixin.py:150} INFO - [2023-08-20T21:04:56.117-0400] {dagbag.py:541} INFO - Filling up the DagBag from /home/mnguyen0226/anaconda3/envs/learning_scraper/lib/python3.11/site-packages/airflow/example_dags/subdags/subdag.py
[2023-08-20T21:04:56.121-0400] {processor.py:838} WARNING - No viable dags retrieved from /home/mnguyen0226/anaconda3/envs/learning_scraper/lib/python3.11/site-packages/airflow/example_dags/subdags/subdag.py
[2023-08-20T21:04:56.139-0400] {processor.py:179} INFO - Processing /home/mnguyen0226/anaconda3/envs/learning_scraper/lib/python3.11/site-packages/airflow/example_dags/subdags/subdag.py took 0.029 seconds
[2023-08-20T21:05:51.456-0400] {processor.py:157} INFO - Started process (PID=83459) to work on /home/mnguyen0226/anaconda3/envs/learning_scraper/lib/python3.11/site-packages/airflow/example_dags/subdags/subdag.py
[2023-08-20T21:05:51.465-0400] {processor.py:826} INFO - Processing file /home/mnguyen0226/anaconda3/envs/learning_scraper/lib/python3.11/site-packages/airflow/example_dags/subdags/subdag.py for tasks to queue
[2023-08-20T21:05:51.466-0400] {logging_mixin.py:150} INFO - [2023-08-20T21:05:51.465-0400] {dagbag.py:541} INFO - Filling up the DagBag from /home/mnguyen0226/anaconda3/envs/learning_scraper/lib/python3.11/site-packages/airflow/example_dags/subdags/subdag.py
[2023-08-20T21:05:51.468-0400] {processor.py:838} WARNING - No viable dags retrieved from /home/mnguyen0226/anaconda3/envs/learning_scraper/lib/python3.11/site-packages/airflow/example_dags/subdags/subdag.py
[2023-08-20T21:05:51.479-0400] {processor.py:179} INFO - Processing /home/mnguyen0226/anaconda3/envs/learning_scraper/lib/python3.11/site-packages/airflow/example_dags/subdags/subdag.py took 0.026 seconds
[2023-08-20T21:06:33.421-0400] {processor.py:157} INFO - Started process (PID=83619) to work on /home/mnguyen0226/anaconda3/envs/learning_scraper/lib/python3.11/site-packages/airflow/example_dags/subdags/subdag.py
[2023-08-20T21:06:33.430-0400] {processor.py:826} INFO - Processing file /home/mnguyen0226/anaconda3/envs/learning_scraper/lib/python3.11/site-packages/airflow/example_dags/subdags/subdag.py for tasks to queue
[2023-08-20T21:06:33.432-0400] {logging_mixin.py:150} INFO - [2023-08-20T21:06:33.431-0400] {dagbag.py:541} INFO - Filling up the DagBag from /home/mnguyen0226/anaconda3/envs/learning_scraper/lib/python3.11/site-packages/airflow/example_dags/subdags/subdag.py
[2023-08-20T21:06:33.438-0400] {processor.py:838} WARNING - No viable dags retrieved from /home/mnguyen0226/anaconda3/envs/learning_scraper/lib/python3.11/site-packages/airflow/example_dags/subdags/subdag.py
[2023-08-20T21:06:33.454-0400] {processor.py:179} INFO - Processing /home/mnguyen0226/anaconda3/envs/learning_scraper/lib/python3.11/site-packages/airflow/example_dags/subdags/subdag.py took 0.038 seconds
[2023-08-20T21:07:14.604-0400] {processor.py:157} INFO - Started process (PID=83862) to work on /home/mnguyen0226/anaconda3/envs/learning_scraper/lib/python3.11/site-packages/airflow/example_dags/subdags/subdag.py
[2023-08-20T21:07:14.605-0400] {processor.py:826} INFO - Processing file /home/mnguyen0226/anaconda3/envs/learning_scraper/lib/python3.11/site-packages/airflow/example_dags/subdags/subdag.py for tasks to queue
[2023-08-20T21:07:14.607-0400] {logging_mixin.py:150} INFO - [2023-08-20T21:07:14.606-0400] {dagbag.py:541} INFO - Filling up the DagBag from /home/mnguyen0226/anaconda3/envs/learning_scraper/lib/python3.11/site-packages/airflow/example_dags/subdags/subdag.py
[2023-08-20T21:07:14.610-0400] {processor.py:838} WARNING - No viable dags retrieved from /home/mnguyen0226/anaconda3/envs/learning_scraper/lib/python3.11/site-packages/airflow/example_dags/subdags/subdag.py
[2023-08-20T21:07:14.627-0400] {processor.py:179} INFO - Processing /home/mnguyen0226/anaconda3/envs/learning_scraper/lib/python3.11/site-packages/airflow/example_dags/subdags/subdag.py took 0.027 seconds
[2023-08-20T21:07:57.625-0400] {processor.py:157} INFO - Started process (PID=84009) to work on /home/mnguyen0226/anaconda3/envs/learning_scraper/lib/python3.11/site-packages/airflow/example_dags/subdags/subdag.py
[2023-08-20T21:07:57.634-0400] {processor.py:826} INFO - Processing file /home/mnguyen0226/anaconda3/envs/learning_scraper/lib/python3.11/site-packages/airflow/example_dags/subdags/subdag.py for tasks to queue
[2023-08-20T21:07:57.636-0400] {logging_mixin.py:150} INFO - [2023-08-20T21:07:57.635-0400] {dagbag.py:541} INFO - Filling up the DagBag from /home/mnguyen0226/anaconda3/envs/learning_scraper/lib/python3.11/site-packages/airflow/example_dags/subdags/subdag.py
[2023-08-20T21:07:57.638-0400] {processor.py:838} WARNING - No viable dags retrieved from /home/mnguyen0226/anaconda3/envs/learning_scraper/lib/python3.11/site-packages/airflow/example_dags/subdags/subdag.py
[2023-08-20T21:07:57.650-0400] {processor.py:179} INFO - Processing /home/mnguyen0226/anaconda3/envs/learning_scraper/lib/python3.11/site-packages/airflow/example_dags/subdags/subdag.py took 0.029 seconds
[2023-08-20T21:08:33.926-0400] {processor.py:157} INFO - Started process (PID=84166) to work on /home/mnguyen0226/anaconda3/envs/learning_scraper/lib/python3.11/site-packages/airflow/example_dags/subdags/subdag.py
[2023-08-20T21:08:33.936-0400] {processor.py:826} INFO - Processing file /home/mnguyen0226/anaconda3/envs/learning_scraper/lib/python3.11/site-packages/airflow/example_dags/subdags/subdag.py for tasks to queue
[2023-08-20T21:08:33.937-0400] {logging_mixin.py:150} INFO - [2023-08-20T21:08:33.937-0400] {dagbag.py:541} INFO - Filling up the DagBag from /home/mnguyen0226/anaconda3/envs/learning_scraper/lib/python3.11/site-packages/airflow/example_dags/subdags/subdag.py
[2023-08-20T21:08:33.941-0400] {processor.py:838} WARNING - No viable dags retrieved from /home/mnguyen0226/anaconda3/envs/learning_scraper/lib/python3.11/site-packages/airflow/example_dags/subdags/subdag.py
[2023-08-20T21:08:33.961-0400] {processor.py:179} INFO - Processing /home/mnguyen0226/anaconda3/envs/learning_scraper/lib/python3.11/site-packages/airflow/example_dags/subdags/subdag.py took 0.040 seconds
[2023-08-20T21:09:10.347-0400] {processor.py:157} INFO - Started process (PID=84336) to work on /home/mnguyen0226/anaconda3/envs/learning_scraper/lib/python3.11/site-packages/airflow/example_dags/subdags/subdag.py
[2023-08-20T21:09:10.348-0400] {processor.py:826} INFO - Processing file /home/mnguyen0226/anaconda3/envs/learning_scraper/lib/python3.11/site-packages/airflow/example_dags/subdags/subdag.py for tasks to queue
[2023-08-20T21:09:10.349-0400] {logging_mixin.py:150} INFO - [2023-08-20T21:09:10.348-0400] {dagbag.py:541} INFO - Filling up the DagBag from /home/mnguyen0226/anaconda3/envs/learning_scraper/lib/python3.11/site-packages/airflow/example_dags/subdags/subdag.py
[2023-08-20T21:09:10.352-0400] {processor.py:838} WARNING - No viable dags retrieved from /home/mnguyen0226/anaconda3/envs/learning_scraper/lib/python3.11/site-packages/airflow/example_dags/subdags/subdag.py
[2023-08-20T21:09:10.366-0400] {processor.py:179} INFO - Processing /home/mnguyen0226/anaconda3/envs/learning_scraper/lib/python3.11/site-packages/airflow/example_dags/subdags/subdag.py took 0.024 seconds
[2023-08-20T21:10:05.648-0400] {processor.py:157} INFO - Started process (PID=84648) to work on /home/mnguyen0226/anaconda3/envs/learning_scraper/lib/python3.11/site-packages/airflow/example_dags/subdags/subdag.py
[2023-08-20T21:10:05.649-0400] {processor.py:826} INFO - Processing file /home/mnguyen0226/anaconda3/envs/learning_scraper/lib/python3.11/site-packages/airflow/example_dags/subdags/subdag.py for tasks to queue
[2023-08-20T21:10:05.650-0400] {logging_mixin.py:150} INFO - [2023-08-20T21:10:05.649-0400] {dagbag.py:541} INFO - Filling up the DagBag from /home/mnguyen0226/anaconda3/envs/learning_scraper/lib/python3.11/site-packages/airflow/example_dags/subdags/subdag.py
[2023-08-20T21:10:05.653-0400] {processor.py:838} WARNING - No viable dags retrieved from /home/mnguyen0226/anaconda3/envs/learning_scraper/lib/python3.11/site-packages/airflow/example_dags/subdags/subdag.py
[2023-08-20T21:10:05.667-0400] {processor.py:179} INFO - Processing /home/mnguyen0226/anaconda3/envs/learning_scraper/lib/python3.11/site-packages/airflow/example_dags/subdags/subdag.py took 0.022 seconds
[2023-08-20T21:10:44.702-0400] {processor.py:157} INFO - Started process (PID=84796) to work on /home/mnguyen0226/anaconda3/envs/learning_scraper/lib/python3.11/site-packages/airflow/example_dags/subdags/subdag.py
[2023-08-20T21:10:44.704-0400] {processor.py:826} INFO - Processing file /home/mnguyen0226/anaconda3/envs/learning_scraper/lib/python3.11/site-packages/airflow/example_dags/subdags/subdag.py for tasks to queue
[2023-08-20T21:10:44.706-0400] {logging_mixin.py:150} INFO - [2023-08-20T21:10:44.705-0400] {dagbag.py:541} INFO - Filling up the DagBag from /home/mnguyen0226/anaconda3/envs/learning_scraper/lib/python3.11/site-packages/airflow/example_dags/subdags/subdag.py
[2023-08-20T21:10:44.712-0400] {processor.py:838} WARNING - No viable dags retrieved from /home/mnguyen0226/anaconda3/envs/learning_scraper/lib/python3.11/site-packages/airflow/example_dags/subdags/subdag.py
[2023-08-20T21:10:44.735-0400] {processor.py:179} INFO - Processing /home/mnguyen0226/anaconda3/envs/learning_scraper/lib/python3.11/site-packages/airflow/example_dags/subdags/subdag.py took 0.066 seconds
[2023-08-20T21:11:22.314-0400] {processor.py:157} INFO - Started process (PID=84993) to work on /home/mnguyen0226/anaconda3/envs/learning_scraper/lib/python3.11/site-packages/airflow/example_dags/subdags/subdag.py
[2023-08-20T21:11:22.315-0400] {processor.py:826} INFO - Processing file /home/mnguyen0226/anaconda3/envs/learning_scraper/lib/python3.11/site-packages/airflow/example_dags/subdags/subdag.py for tasks to queue
[2023-08-20T21:11:22.316-0400] {logging_mixin.py:150} INFO - [2023-08-20T21:11:22.316-0400] {dagbag.py:541} INFO - Filling up the DagBag from /home/mnguyen0226/anaconda3/envs/learning_scraper/lib/python3.11/site-packages/airflow/example_dags/subdags/subdag.py
[2023-08-20T21:11:22.320-0400] {processor.py:838} WARNING - No viable dags retrieved from /home/mnguyen0226/anaconda3/envs/learning_scraper/lib/python3.11/site-packages/airflow/example_dags/subdags/subdag.py
[2023-08-20T21:11:22.336-0400] {processor.py:179} INFO - Processing /home/mnguyen0226/anaconda3/envs/learning_scraper/lib/python3.11/site-packages/airflow/example_dags/subdags/subdag.py took 0.027 seconds
[2023-08-20T21:12:13.673-0400] {processor.py:157} INFO - Started process (PID=85169) to work on /home/mnguyen0226/anaconda3/envs/learning_scraper/lib/python3.11/site-packages/airflow/example_dags/subdags/subdag.py
[2023-08-20T21:12:13.674-0400] {processor.py:826} INFO - Processing file /home/mnguyen0226/anaconda3/envs/learning_scraper/lib/python3.11/site-packages/airflow/example_dags/subdags/subdag.py for tasks to queue
[2023-08-20T21:12:13.680-0400] {logging_mixin.py:150} INFO - [2023-08-20T21:12:13.674-0400] {dagbag.py:541} INFO - Filling up the DagBag from /home/mnguyen0226/anaconda3/envs/learning_scraper/lib/python3.11/site-packages/airflow/example_dags/subdags/subdag.py
[2023-08-20T21:12:13.687-0400] {processor.py:838} WARNING - No viable dags retrieved from /home/mnguyen0226/anaconda3/envs/learning_scraper/lib/python3.11/site-packages/airflow/example_dags/subdags/subdag.py
[2023-08-20T21:12:13.703-0400] {processor.py:179} INFO - Processing /home/mnguyen0226/anaconda3/envs/learning_scraper/lib/python3.11/site-packages/airflow/example_dags/subdags/subdag.py took 0.032 seconds
[2023-08-20T21:13:08.134-0400] {processor.py:157} INFO - Started process (PID=85781) to work on /home/mnguyen0226/anaconda3/envs/learning_scraper/lib/python3.11/site-packages/airflow/example_dags/subdags/subdag.py
[2023-08-20T21:13:08.135-0400] {processor.py:826} INFO - Processing file /home/mnguyen0226/anaconda3/envs/learning_scraper/lib/python3.11/site-packages/airflow/example_dags/subdags/subdag.py for tasks to queue
[2023-08-20T21:13:08.136-0400] {logging_mixin.py:150} INFO - [2023-08-20T21:13:08.135-0400] {dagbag.py:541} INFO - Filling up the DagBag from /home/mnguyen0226/anaconda3/envs/learning_scraper/lib/python3.11/site-packages/airflow/example_dags/subdags/subdag.py
[2023-08-20T21:13:08.138-0400] {processor.py:838} WARNING - No viable dags retrieved from /home/mnguyen0226/anaconda3/envs/learning_scraper/lib/python3.11/site-packages/airflow/example_dags/subdags/subdag.py
[2023-08-20T21:13:08.155-0400] {processor.py:179} INFO - Processing /home/mnguyen0226/anaconda3/envs/learning_scraper/lib/python3.11/site-packages/airflow/example_dags/subdags/subdag.py took 0.024 seconds
[2023-08-20T21:13:45.856-0400] {processor.py:157} INFO - Started process (PID=85940) to work on /home/mnguyen0226/anaconda3/envs/learning_scraper/lib/python3.11/site-packages/airflow/example_dags/subdags/subdag.py
[2023-08-20T21:13:45.856-0400] {processor.py:826} INFO - Processing file /home/mnguyen0226/anaconda3/envs/learning_scraper/lib/python3.11/site-packages/airflow/example_dags/subdags/subdag.py for tasks to queue
[2023-08-20T21:13:45.857-0400] {logging_mixin.py:150} INFO - [2023-08-20T21:13:45.857-0400] {dagbag.py:541} INFO - Filling up the DagBag from /home/mnguyen0226/anaconda3/envs/learning_scraper/lib/python3.11/site-packages/airflow/example_dags/subdags/subdag.py
[2023-08-20T21:13:45.859-0400] {processor.py:838} WARNING - No viable dags retrieved from /home/mnguyen0226/anaconda3/envs/learning_scraper/lib/python3.11/site-packages/airflow/example_dags/subdags/subdag.py
[2023-08-20T21:13:45.870-0400] {processor.py:179} INFO - Processing /home/mnguyen0226/anaconda3/envs/learning_scraper/lib/python3.11/site-packages/airflow/example_dags/subdags/subdag.py took 0.016 seconds
[2023-08-20T21:14:26.149-0400] {processor.py:157} INFO - Started process (PID=86147) to work on /home/mnguyen0226/anaconda3/envs/learning_scraper/lib/python3.11/site-packages/airflow/example_dags/subdags/subdag.py
[2023-08-20T21:14:26.150-0400] {processor.py:826} INFO - Processing file /home/mnguyen0226/anaconda3/envs/learning_scraper/lib/python3.11/site-packages/airflow/example_dags/subdags/subdag.py for tasks to queue
[2023-08-20T21:14:26.151-0400] {logging_mixin.py:150} INFO - [2023-08-20T21:14:26.150-0400] {dagbag.py:541} INFO - Filling up the DagBag from /home/mnguyen0226/anaconda3/envs/learning_scraper/lib/python3.11/site-packages/airflow/example_dags/subdags/subdag.py
[2023-08-20T21:14:26.155-0400] {processor.py:838} WARNING - No viable dags retrieved from /home/mnguyen0226/anaconda3/envs/learning_scraper/lib/python3.11/site-packages/airflow/example_dags/subdags/subdag.py
[2023-08-20T21:14:26.175-0400] {processor.py:179} INFO - Processing /home/mnguyen0226/anaconda3/envs/learning_scraper/lib/python3.11/site-packages/airflow/example_dags/subdags/subdag.py took 0.030 seconds
[2023-08-20T21:15:03.903-0400] {processor.py:157} INFO - Started process (PID=86326) to work on /home/mnguyen0226/anaconda3/envs/learning_scraper/lib/python3.11/site-packages/airflow/example_dags/subdags/subdag.py
[2023-08-20T21:15:03.905-0400] {processor.py:826} INFO - Processing file /home/mnguyen0226/anaconda3/envs/learning_scraper/lib/python3.11/site-packages/airflow/example_dags/subdags/subdag.py for tasks to queue
[2023-08-20T21:15:03.906-0400] {logging_mixin.py:150} INFO - [2023-08-20T21:15:03.905-0400] {dagbag.py:541} INFO - Filling up the DagBag from /home/mnguyen0226/anaconda3/envs/learning_scraper/lib/python3.11/site-packages/airflow/example_dags/subdags/subdag.py
[2023-08-20T21:15:03.910-0400] {processor.py:838} WARNING - No viable dags retrieved from /home/mnguyen0226/anaconda3/envs/learning_scraper/lib/python3.11/site-packages/airflow/example_dags/subdags/subdag.py
[2023-08-20T21:15:03.921-0400] {processor.py:179} INFO - Processing /home/mnguyen0226/anaconda3/envs/learning_scraper/lib/python3.11/site-packages/airflow/example_dags/subdags/subdag.py took 0.022 seconds
[2023-08-20T21:15:52.121-0400] {processor.py:157} INFO - Started process (PID=86458) to work on /home/mnguyen0226/anaconda3/envs/learning_scraper/lib/python3.11/site-packages/airflow/example_dags/subdags/subdag.py
[2023-08-20T21:15:52.122-0400] {processor.py:826} INFO - Processing file /home/mnguyen0226/anaconda3/envs/learning_scraper/lib/python3.11/site-packages/airflow/example_dags/subdags/subdag.py for tasks to queue
[2023-08-20T21:15:52.123-0400] {logging_mixin.py:150} INFO - [2023-08-20T21:15:52.122-0400] {dagbag.py:541} INFO - Filling up the DagBag from /home/mnguyen0226/anaconda3/envs/learning_scraper/lib/python3.11/site-packages/airflow/example_dags/subdags/subdag.py
[2023-08-20T21:15:52.127-0400] {processor.py:838} WARNING - No viable dags retrieved from /home/mnguyen0226/anaconda3/envs/learning_scraper/lib/python3.11/site-packages/airflow/example_dags/subdags/subdag.py
[2023-08-20T21:15:52.143-0400] {processor.py:179} INFO - Processing /home/mnguyen0226/anaconda3/envs/learning_scraper/lib/python3.11/site-packages/airflow/example_dags/subdags/subdag.py took 0.026 seconds
[2023-08-20T21:16:29.308-0400] {processor.py:157} INFO - Started process (PID=86591) to work on /home/mnguyen0226/anaconda3/envs/learning_scraper/lib/python3.11/site-packages/airflow/example_dags/subdags/subdag.py
[2023-08-20T21:16:29.310-0400] {processor.py:826} INFO - Processing file /home/mnguyen0226/anaconda3/envs/learning_scraper/lib/python3.11/site-packages/airflow/example_dags/subdags/subdag.py for tasks to queue
[2023-08-20T21:16:29.312-0400] {logging_mixin.py:150} INFO - [2023-08-20T21:16:29.311-0400] {dagbag.py:541} INFO - Filling up the DagBag from /home/mnguyen0226/anaconda3/envs/learning_scraper/lib/python3.11/site-packages/airflow/example_dags/subdags/subdag.py
[2023-08-20T21:16:29.315-0400] {processor.py:838} WARNING - No viable dags retrieved from /home/mnguyen0226/anaconda3/envs/learning_scraper/lib/python3.11/site-packages/airflow/example_dags/subdags/subdag.py
[2023-08-20T21:16:29.332-0400] {processor.py:179} INFO - Processing /home/mnguyen0226/anaconda3/envs/learning_scraper/lib/python3.11/site-packages/airflow/example_dags/subdags/subdag.py took 0.028 seconds
[2023-08-20T21:17:08.454-0400] {processor.py:157} INFO - Started process (PID=86962) to work on /home/mnguyen0226/anaconda3/envs/learning_scraper/lib/python3.11/site-packages/airflow/example_dags/subdags/subdag.py
[2023-08-20T21:17:08.455-0400] {processor.py:826} INFO - Processing file /home/mnguyen0226/anaconda3/envs/learning_scraper/lib/python3.11/site-packages/airflow/example_dags/subdags/subdag.py for tasks to queue
[2023-08-20T21:17:08.457-0400] {logging_mixin.py:150} INFO - [2023-08-20T21:17:08.456-0400] {dagbag.py:541} INFO - Filling up the DagBag from /home/mnguyen0226/anaconda3/envs/learning_scraper/lib/python3.11/site-packages/airflow/example_dags/subdags/subdag.py
[2023-08-20T21:17:08.460-0400] {processor.py:838} WARNING - No viable dags retrieved from /home/mnguyen0226/anaconda3/envs/learning_scraper/lib/python3.11/site-packages/airflow/example_dags/subdags/subdag.py
[2023-08-20T21:17:08.474-0400] {processor.py:179} INFO - Processing /home/mnguyen0226/anaconda3/envs/learning_scraper/lib/python3.11/site-packages/airflow/example_dags/subdags/subdag.py took 0.024 seconds
[2023-08-20T21:17:43.756-0400] {processor.py:157} INFO - Started process (PID=87123) to work on /home/mnguyen0226/anaconda3/envs/learning_scraper/lib/python3.11/site-packages/airflow/example_dags/subdags/subdag.py
[2023-08-20T21:17:43.757-0400] {processor.py:826} INFO - Processing file /home/mnguyen0226/anaconda3/envs/learning_scraper/lib/python3.11/site-packages/airflow/example_dags/subdags/subdag.py for tasks to queue
[2023-08-20T21:17:43.758-0400] {logging_mixin.py:150} INFO - [2023-08-20T21:17:43.758-0400] {dagbag.py:541} INFO - Filling up the DagBag from /home/mnguyen0226/anaconda3/envs/learning_scraper/lib/python3.11/site-packages/airflow/example_dags/subdags/subdag.py
[2023-08-20T21:17:43.762-0400] {processor.py:838} WARNING - No viable dags retrieved from /home/mnguyen0226/anaconda3/envs/learning_scraper/lib/python3.11/site-packages/airflow/example_dags/subdags/subdag.py
[2023-08-20T21:17:43.781-0400] {processor.py:179} INFO - Processing /home/mnguyen0226/anaconda3/envs/learning_scraper/lib/python3.11/site-packages/airflow/example_dags/subdags/subdag.py took 0.030 seconds
[2023-08-20T21:18:21.844-0400] {processor.py:157} INFO - Started process (PID=87338) to work on /home/mnguyen0226/anaconda3/envs/learning_scraper/lib/python3.11/site-packages/airflow/example_dags/subdags/subdag.py
[2023-08-20T21:18:21.844-0400] {processor.py:826} INFO - Processing file /home/mnguyen0226/anaconda3/envs/learning_scraper/lib/python3.11/site-packages/airflow/example_dags/subdags/subdag.py for tasks to queue
[2023-08-20T21:18:21.845-0400] {logging_mixin.py:150} INFO - [2023-08-20T21:18:21.845-0400] {dagbag.py:541} INFO - Filling up the DagBag from /home/mnguyen0226/anaconda3/envs/learning_scraper/lib/python3.11/site-packages/airflow/example_dags/subdags/subdag.py
[2023-08-20T21:18:21.847-0400] {processor.py:838} WARNING - No viable dags retrieved from /home/mnguyen0226/anaconda3/envs/learning_scraper/lib/python3.11/site-packages/airflow/example_dags/subdags/subdag.py
[2023-08-20T21:18:21.856-0400] {processor.py:179} INFO - Processing /home/mnguyen0226/anaconda3/envs/learning_scraper/lib/python3.11/site-packages/airflow/example_dags/subdags/subdag.py took 0.015 seconds
[2023-08-20T21:18:59.914-0400] {processor.py:157} INFO - Started process (PID=87481) to work on /home/mnguyen0226/anaconda3/envs/learning_scraper/lib/python3.11/site-packages/airflow/example_dags/subdags/subdag.py
[2023-08-20T21:18:59.923-0400] {processor.py:826} INFO - Processing file /home/mnguyen0226/anaconda3/envs/learning_scraper/lib/python3.11/site-packages/airflow/example_dags/subdags/subdag.py for tasks to queue
[2023-08-20T21:18:59.924-0400] {logging_mixin.py:150} INFO - [2023-08-20T21:18:59.924-0400] {dagbag.py:541} INFO - Filling up the DagBag from /home/mnguyen0226/anaconda3/envs/learning_scraper/lib/python3.11/site-packages/airflow/example_dags/subdags/subdag.py
[2023-08-20T21:18:59.927-0400] {processor.py:838} WARNING - No viable dags retrieved from /home/mnguyen0226/anaconda3/envs/learning_scraper/lib/python3.11/site-packages/airflow/example_dags/subdags/subdag.py
[2023-08-20T21:18:59.943-0400] {processor.py:179} INFO - Processing /home/mnguyen0226/anaconda3/envs/learning_scraper/lib/python3.11/site-packages/airflow/example_dags/subdags/subdag.py took 0.034 seconds
[2023-08-20T21:19:51.733-0400] {processor.py:157} INFO - Started process (PID=87911) to work on /home/mnguyen0226/anaconda3/envs/learning_scraper/lib/python3.11/site-packages/airflow/example_dags/subdags/subdag.py
[2023-08-20T21:19:51.743-0400] {processor.py:826} INFO - Processing file /home/mnguyen0226/anaconda3/envs/learning_scraper/lib/python3.11/site-packages/airflow/example_dags/subdags/subdag.py for tasks to queue
[2023-08-20T21:19:51.744-0400] {logging_mixin.py:150} INFO - [2023-08-20T21:19:51.743-0400] {dagbag.py:541} INFO - Filling up the DagBag from /home/mnguyen0226/anaconda3/envs/learning_scraper/lib/python3.11/site-packages/airflow/example_dags/subdags/subdag.py
[2023-08-20T21:19:51.746-0400] {processor.py:838} WARNING - No viable dags retrieved from /home/mnguyen0226/anaconda3/envs/learning_scraper/lib/python3.11/site-packages/airflow/example_dags/subdags/subdag.py
[2023-08-20T21:19:51.762-0400] {processor.py:179} INFO - Processing /home/mnguyen0226/anaconda3/envs/learning_scraper/lib/python3.11/site-packages/airflow/example_dags/subdags/subdag.py took 0.032 seconds
[2023-08-20T21:20:44.846-0400] {processor.py:157} INFO - Started process (PID=88253) to work on /home/mnguyen0226/anaconda3/envs/learning_scraper/lib/python3.11/site-packages/airflow/example_dags/subdags/subdag.py
[2023-08-20T21:20:44.848-0400] {processor.py:826} INFO - Processing file /home/mnguyen0226/anaconda3/envs/learning_scraper/lib/python3.11/site-packages/airflow/example_dags/subdags/subdag.py for tasks to queue
[2023-08-20T21:20:44.849-0400] {logging_mixin.py:150} INFO - [2023-08-20T21:20:44.848-0400] {dagbag.py:541} INFO - Filling up the DagBag from /home/mnguyen0226/anaconda3/envs/learning_scraper/lib/python3.11/site-packages/airflow/example_dags/subdags/subdag.py
[2023-08-20T21:20:44.852-0400] {processor.py:838} WARNING - No viable dags retrieved from /home/mnguyen0226/anaconda3/envs/learning_scraper/lib/python3.11/site-packages/airflow/example_dags/subdags/subdag.py
[2023-08-20T21:20:44.870-0400] {processor.py:179} INFO - Processing /home/mnguyen0226/anaconda3/envs/learning_scraper/lib/python3.11/site-packages/airflow/example_dags/subdags/subdag.py took 0.028 seconds
