[2023-08-20T21:00:30.858-0400] {processor.py:157} INFO - Started process (PID=80457) to work on /home/mnguyen0226/anaconda3/envs/learning_scraper/lib/python3.11/site-packages/airflow/example_dags/example_dynamic_task_mapping.py
[2023-08-20T21:00:30.858-0400] {processor.py:826} INFO - Processing file /home/mnguyen0226/anaconda3/envs/learning_scraper/lib/python3.11/site-packages/airflow/example_dags/example_dynamic_task_mapping.py for tasks to queue
[2023-08-20T21:00:30.859-0400] {logging_mixin.py:150} INFO - [2023-08-20T21:00:30.859-0400] {dagbag.py:541} INFO - Filling up the DagBag from /home/mnguyen0226/anaconda3/envs/learning_scraper/lib/python3.11/site-packages/airflow/example_dags/example_dynamic_task_mapping.py
[2023-08-20T21:00:30.870-0400] {processor.py:836} INFO - DAG(s) dict_keys(['example_dynamic_task_mapping']) retrieved from /home/mnguyen0226/anaconda3/envs/learning_scraper/lib/python3.11/site-packages/airflow/example_dags/example_dynamic_task_mapping.py
[2023-08-20T21:00:30.889-0400] {logging_mixin.py:150} INFO - [2023-08-20T21:00:30.889-0400] {dag.py:2742} INFO - Sync 1 DAGs
[2023-08-20T21:00:30.909-0400] {logging_mixin.py:150} INFO - [2023-08-20T21:00:30.909-0400] {dag.py:3504} INFO - Setting next_dagrun for example_dynamic_task_mapping to 2022-03-04T00:00:00+00:00, run_after=2022-03-05T00:00:00+00:00
[2023-08-20T21:00:30.935-0400] {processor.py:179} INFO - Processing /home/mnguyen0226/anaconda3/envs/learning_scraper/lib/python3.11/site-packages/airflow/example_dags/example_dynamic_task_mapping.py took 0.079 seconds
[2023-08-20T21:01:16.454-0400] {processor.py:157} INFO - Started process (PID=80925) to work on /home/mnguyen0226/anaconda3/envs/learning_scraper/lib/python3.11/site-packages/airflow/example_dags/example_dynamic_task_mapping.py
[2023-08-20T21:01:16.456-0400] {processor.py:826} INFO - Processing file /home/mnguyen0226/anaconda3/envs/learning_scraper/lib/python3.11/site-packages/airflow/example_dags/example_dynamic_task_mapping.py for tasks to queue
[2023-08-20T21:01:16.457-0400] {logging_mixin.py:150} INFO - [2023-08-20T21:01:16.456-0400] {dagbag.py:541} INFO - Filling up the DagBag from /home/mnguyen0226/anaconda3/envs/learning_scraper/lib/python3.11/site-packages/airflow/example_dags/example_dynamic_task_mapping.py
[2023-08-20T21:01:16.469-0400] {processor.py:836} INFO - DAG(s) dict_keys(['example_dynamic_task_mapping']) retrieved from /home/mnguyen0226/anaconda3/envs/learning_scraper/lib/python3.11/site-packages/airflow/example_dags/example_dynamic_task_mapping.py
[2023-08-20T21:01:16.492-0400] {logging_mixin.py:150} INFO - [2023-08-20T21:01:16.491-0400] {dag.py:2742} INFO - Sync 1 DAGs
[2023-08-20T21:01:16.509-0400] {logging_mixin.py:150} INFO - [2023-08-20T21:01:16.509-0400] {dag.py:3504} INFO - Setting next_dagrun for example_dynamic_task_mapping to 2022-03-04T00:00:00+00:00, run_after=2022-03-05T00:00:00+00:00
[2023-08-20T21:01:16.538-0400] {processor.py:179} INFO - Processing /home/mnguyen0226/anaconda3/envs/learning_scraper/lib/python3.11/site-packages/airflow/example_dags/example_dynamic_task_mapping.py took 0.087 seconds
[2023-08-20T21:02:03.257-0400] {processor.py:157} INFO - Started process (PID=81194) to work on /home/mnguyen0226/anaconda3/envs/learning_scraper/lib/python3.11/site-packages/airflow/example_dags/example_dynamic_task_mapping.py
[2023-08-20T21:02:03.258-0400] {processor.py:826} INFO - Processing file /home/mnguyen0226/anaconda3/envs/learning_scraper/lib/python3.11/site-packages/airflow/example_dags/example_dynamic_task_mapping.py for tasks to queue
[2023-08-20T21:02:03.260-0400] {logging_mixin.py:150} INFO - [2023-08-20T21:02:03.259-0400] {dagbag.py:541} INFO - Filling up the DagBag from /home/mnguyen0226/anaconda3/envs/learning_scraper/lib/python3.11/site-packages/airflow/example_dags/example_dynamic_task_mapping.py
[2023-08-20T21:02:03.271-0400] {processor.py:836} INFO - DAG(s) dict_keys(['example_dynamic_task_mapping']) retrieved from /home/mnguyen0226/anaconda3/envs/learning_scraper/lib/python3.11/site-packages/airflow/example_dags/example_dynamic_task_mapping.py
[2023-08-20T21:02:03.290-0400] {logging_mixin.py:150} INFO - [2023-08-20T21:02:03.290-0400] {dag.py:2742} INFO - Sync 1 DAGs
[2023-08-20T21:02:03.304-0400] {logging_mixin.py:150} INFO - [2023-08-20T21:02:03.304-0400] {dag.py:3504} INFO - Setting next_dagrun for example_dynamic_task_mapping to 2022-03-04T00:00:00+00:00, run_after=2022-03-05T00:00:00+00:00
[2023-08-20T21:02:03.325-0400] {processor.py:179} INFO - Processing /home/mnguyen0226/anaconda3/envs/learning_scraper/lib/python3.11/site-packages/airflow/example_dags/example_dynamic_task_mapping.py took 0.073 seconds
[2023-08-20T21:03:28.918-0400] {processor.py:157} INFO - Started process (PID=81654) to work on /home/mnguyen0226/anaconda3/envs/learning_scraper/lib/python3.11/site-packages/airflow/example_dags/example_dynamic_task_mapping.py
[2023-08-20T21:03:28.949-0400] {processor.py:826} INFO - Processing file /home/mnguyen0226/anaconda3/envs/learning_scraper/lib/python3.11/site-packages/airflow/example_dags/example_dynamic_task_mapping.py for tasks to queue
[2023-08-20T21:03:28.950-0400] {logging_mixin.py:150} INFO - [2023-08-20T21:03:28.949-0400] {dagbag.py:541} INFO - Filling up the DagBag from /home/mnguyen0226/anaconda3/envs/learning_scraper/lib/python3.11/site-packages/airflow/example_dags/example_dynamic_task_mapping.py
[2023-08-20T21:03:28.959-0400] {processor.py:836} INFO - DAG(s) dict_keys(['example_dynamic_task_mapping']) retrieved from /home/mnguyen0226/anaconda3/envs/learning_scraper/lib/python3.11/site-packages/airflow/example_dags/example_dynamic_task_mapping.py
[2023-08-20T21:03:28.978-0400] {logging_mixin.py:150} INFO - [2023-08-20T21:03:28.977-0400] {dag.py:2742} INFO - Sync 1 DAGs
[2023-08-20T21:03:29.008-0400] {logging_mixin.py:150} INFO - [2023-08-20T21:03:29.008-0400] {dag.py:3504} INFO - Setting next_dagrun for example_dynamic_task_mapping to 2022-03-04T00:00:00+00:00, run_after=2022-03-05T00:00:00+00:00
[2023-08-20T21:03:29.042-0400] {processor.py:179} INFO - Processing /home/mnguyen0226/anaconda3/envs/learning_scraper/lib/python3.11/site-packages/airflow/example_dags/example_dynamic_task_mapping.py took 0.126 seconds
[2023-08-20T21:04:15.694-0400] {processor.py:157} INFO - Started process (PID=82993) to work on /home/mnguyen0226/anaconda3/envs/learning_scraper/lib/python3.11/site-packages/airflow/example_dags/example_dynamic_task_mapping.py
[2023-08-20T21:04:15.695-0400] {processor.py:826} INFO - Processing file /home/mnguyen0226/anaconda3/envs/learning_scraper/lib/python3.11/site-packages/airflow/example_dags/example_dynamic_task_mapping.py for tasks to queue
[2023-08-20T21:04:15.696-0400] {logging_mixin.py:150} INFO - [2023-08-20T21:04:15.696-0400] {dagbag.py:541} INFO - Filling up the DagBag from /home/mnguyen0226/anaconda3/envs/learning_scraper/lib/python3.11/site-packages/airflow/example_dags/example_dynamic_task_mapping.py
[2023-08-20T21:04:15.707-0400] {processor.py:836} INFO - DAG(s) dict_keys(['example_dynamic_task_mapping']) retrieved from /home/mnguyen0226/anaconda3/envs/learning_scraper/lib/python3.11/site-packages/airflow/example_dags/example_dynamic_task_mapping.py
[2023-08-20T21:04:15.727-0400] {logging_mixin.py:150} INFO - [2023-08-20T21:04:15.727-0400] {dag.py:2742} INFO - Sync 1 DAGs
[2023-08-20T21:04:15.745-0400] {logging_mixin.py:150} INFO - [2023-08-20T21:04:15.745-0400] {dag.py:3504} INFO - Setting next_dagrun for example_dynamic_task_mapping to 2022-03-04T00:00:00+00:00, run_after=2022-03-05T00:00:00+00:00
[2023-08-20T21:04:15.767-0400] {processor.py:179} INFO - Processing /home/mnguyen0226/anaconda3/envs/learning_scraper/lib/python3.11/site-packages/airflow/example_dags/example_dynamic_task_mapping.py took 0.077 seconds
[2023-08-20T21:05:04.945-0400] {processor.py:157} INFO - Started process (PID=83254) to work on /home/mnguyen0226/anaconda3/envs/learning_scraper/lib/python3.11/site-packages/airflow/example_dags/example_dynamic_task_mapping.py
[2023-08-20T21:05:04.946-0400] {processor.py:826} INFO - Processing file /home/mnguyen0226/anaconda3/envs/learning_scraper/lib/python3.11/site-packages/airflow/example_dags/example_dynamic_task_mapping.py for tasks to queue
[2023-08-20T21:05:04.948-0400] {logging_mixin.py:150} INFO - [2023-08-20T21:05:04.947-0400] {dagbag.py:541} INFO - Filling up the DagBag from /home/mnguyen0226/anaconda3/envs/learning_scraper/lib/python3.11/site-packages/airflow/example_dags/example_dynamic_task_mapping.py
[2023-08-20T21:05:04.961-0400] {processor.py:836} INFO - DAG(s) dict_keys(['example_dynamic_task_mapping']) retrieved from /home/mnguyen0226/anaconda3/envs/learning_scraper/lib/python3.11/site-packages/airflow/example_dags/example_dynamic_task_mapping.py
[2023-08-20T21:05:04.986-0400] {logging_mixin.py:150} INFO - [2023-08-20T21:05:04.986-0400] {dag.py:2742} INFO - Sync 1 DAGs
[2023-08-20T21:05:05.021-0400] {logging_mixin.py:150} INFO - [2023-08-20T21:05:05.021-0400] {dag.py:3504} INFO - Setting next_dagrun for example_dynamic_task_mapping to 2022-03-04T00:00:00+00:00, run_after=2022-03-05T00:00:00+00:00
[2023-08-20T21:05:05.049-0400] {processor.py:179} INFO - Processing /home/mnguyen0226/anaconda3/envs/learning_scraper/lib/python3.11/site-packages/airflow/example_dags/example_dynamic_task_mapping.py took 0.109 seconds
[2023-08-20T21:05:59.398-0400] {processor.py:157} INFO - Started process (PID=83504) to work on /home/mnguyen0226/anaconda3/envs/learning_scraper/lib/python3.11/site-packages/airflow/example_dags/example_dynamic_task_mapping.py
[2023-08-20T21:05:59.408-0400] {processor.py:826} INFO - Processing file /home/mnguyen0226/anaconda3/envs/learning_scraper/lib/python3.11/site-packages/airflow/example_dags/example_dynamic_task_mapping.py for tasks to queue
[2023-08-20T21:05:59.410-0400] {logging_mixin.py:150} INFO - [2023-08-20T21:05:59.409-0400] {dagbag.py:541} INFO - Filling up the DagBag from /home/mnguyen0226/anaconda3/envs/learning_scraper/lib/python3.11/site-packages/airflow/example_dags/example_dynamic_task_mapping.py
[2023-08-20T21:05:59.424-0400] {processor.py:836} INFO - DAG(s) dict_keys(['example_dynamic_task_mapping']) retrieved from /home/mnguyen0226/anaconda3/envs/learning_scraper/lib/python3.11/site-packages/airflow/example_dags/example_dynamic_task_mapping.py
[2023-08-20T21:05:59.456-0400] {logging_mixin.py:150} INFO - [2023-08-20T21:05:59.456-0400] {dag.py:2742} INFO - Sync 1 DAGs
[2023-08-20T21:05:59.491-0400] {logging_mixin.py:150} INFO - [2023-08-20T21:05:59.491-0400] {dag.py:3504} INFO - Setting next_dagrun for example_dynamic_task_mapping to 2022-03-04T00:00:00+00:00, run_after=2022-03-05T00:00:00+00:00
[2023-08-20T21:05:59.525-0400] {processor.py:179} INFO - Processing /home/mnguyen0226/anaconda3/envs/learning_scraper/lib/python3.11/site-packages/airflow/example_dags/example_dynamic_task_mapping.py took 0.132 seconds
[2023-08-20T21:06:58.704-0400] {processor.py:157} INFO - Started process (PID=83784) to work on /home/mnguyen0226/anaconda3/envs/learning_scraper/lib/python3.11/site-packages/airflow/example_dags/example_dynamic_task_mapping.py
[2023-08-20T21:06:58.714-0400] {processor.py:826} INFO - Processing file /home/mnguyen0226/anaconda3/envs/learning_scraper/lib/python3.11/site-packages/airflow/example_dags/example_dynamic_task_mapping.py for tasks to queue
[2023-08-20T21:06:58.716-0400] {logging_mixin.py:150} INFO - [2023-08-20T21:06:58.715-0400] {dagbag.py:541} INFO - Filling up the DagBag from /home/mnguyen0226/anaconda3/envs/learning_scraper/lib/python3.11/site-packages/airflow/example_dags/example_dynamic_task_mapping.py
[2023-08-20T21:06:58.727-0400] {processor.py:836} INFO - DAG(s) dict_keys(['example_dynamic_task_mapping']) retrieved from /home/mnguyen0226/anaconda3/envs/learning_scraper/lib/python3.11/site-packages/airflow/example_dags/example_dynamic_task_mapping.py
[2023-08-20T21:06:58.752-0400] {logging_mixin.py:150} INFO - [2023-08-20T21:06:58.751-0400] {dag.py:2742} INFO - Sync 1 DAGs
[2023-08-20T21:06:58.859-0400] {logging_mixin.py:150} INFO - [2023-08-20T21:06:58.859-0400] {dag.py:3504} INFO - Setting next_dagrun for example_dynamic_task_mapping to 2022-03-04T00:00:00+00:00, run_after=2022-03-05T00:00:00+00:00
[2023-08-20T21:06:58.881-0400] {processor.py:179} INFO - Processing /home/mnguyen0226/anaconda3/envs/learning_scraper/lib/python3.11/site-packages/airflow/example_dags/example_dynamic_task_mapping.py took 0.181 seconds
[2023-08-20T21:07:42.368-0400] {processor.py:157} INFO - Started process (PID=83951) to work on /home/mnguyen0226/anaconda3/envs/learning_scraper/lib/python3.11/site-packages/airflow/example_dags/example_dynamic_task_mapping.py
[2023-08-20T21:07:42.369-0400] {processor.py:826} INFO - Processing file /home/mnguyen0226/anaconda3/envs/learning_scraper/lib/python3.11/site-packages/airflow/example_dags/example_dynamic_task_mapping.py for tasks to queue
[2023-08-20T21:07:42.373-0400] {logging_mixin.py:150} INFO - [2023-08-20T21:07:42.370-0400] {dagbag.py:541} INFO - Filling up the DagBag from /home/mnguyen0226/anaconda3/envs/learning_scraper/lib/python3.11/site-packages/airflow/example_dags/example_dynamic_task_mapping.py
[2023-08-20T21:07:42.388-0400] {processor.py:836} INFO - DAG(s) dict_keys(['example_dynamic_task_mapping']) retrieved from /home/mnguyen0226/anaconda3/envs/learning_scraper/lib/python3.11/site-packages/airflow/example_dags/example_dynamic_task_mapping.py
[2023-08-20T21:07:42.541-0400] {logging_mixin.py:150} INFO - [2023-08-20T21:07:42.541-0400] {dag.py:2742} INFO - Sync 1 DAGs
[2023-08-20T21:07:42.560-0400] {logging_mixin.py:150} INFO - [2023-08-20T21:07:42.560-0400] {dag.py:3504} INFO - Setting next_dagrun for example_dynamic_task_mapping to 2022-03-04T00:00:00+00:00, run_after=2022-03-05T00:00:00+00:00
[2023-08-20T21:07:42.594-0400] {processor.py:179} INFO - Processing /home/mnguyen0226/anaconda3/envs/learning_scraper/lib/python3.11/site-packages/airflow/example_dags/example_dynamic_task_mapping.py took 0.230 seconds
[2023-08-20T21:08:35.891-0400] {processor.py:157} INFO - Started process (PID=84168) to work on /home/mnguyen0226/anaconda3/envs/learning_scraper/lib/python3.11/site-packages/airflow/example_dags/example_dynamic_task_mapping.py
[2023-08-20T21:08:35.901-0400] {processor.py:826} INFO - Processing file /home/mnguyen0226/anaconda3/envs/learning_scraper/lib/python3.11/site-packages/airflow/example_dags/example_dynamic_task_mapping.py for tasks to queue
[2023-08-20T21:08:35.902-0400] {logging_mixin.py:150} INFO - [2023-08-20T21:08:35.902-0400] {dagbag.py:541} INFO - Filling up the DagBag from /home/mnguyen0226/anaconda3/envs/learning_scraper/lib/python3.11/site-packages/airflow/example_dags/example_dynamic_task_mapping.py
[2023-08-20T21:08:35.915-0400] {processor.py:836} INFO - DAG(s) dict_keys(['example_dynamic_task_mapping']) retrieved from /home/mnguyen0226/anaconda3/envs/learning_scraper/lib/python3.11/site-packages/airflow/example_dags/example_dynamic_task_mapping.py
[2023-08-20T21:08:35.934-0400] {logging_mixin.py:150} INFO - [2023-08-20T21:08:35.934-0400] {dag.py:2742} INFO - Sync 1 DAGs
[2023-08-20T21:08:35.953-0400] {logging_mixin.py:150} INFO - [2023-08-20T21:08:35.953-0400] {dag.py:3504} INFO - Setting next_dagrun for example_dynamic_task_mapping to 2022-03-04T00:00:00+00:00, run_after=2022-03-05T00:00:00+00:00
[2023-08-20T21:08:35.974-0400] {processor.py:179} INFO - Processing /home/mnguyen0226/anaconda3/envs/learning_scraper/lib/python3.11/site-packages/airflow/example_dags/example_dynamic_task_mapping.py took 0.087 seconds
[2023-08-20T21:09:29.036-0400] {processor.py:157} INFO - Started process (PID=84496) to work on /home/mnguyen0226/anaconda3/envs/learning_scraper/lib/python3.11/site-packages/airflow/example_dags/example_dynamic_task_mapping.py
[2023-08-20T21:09:29.037-0400] {processor.py:826} INFO - Processing file /home/mnguyen0226/anaconda3/envs/learning_scraper/lib/python3.11/site-packages/airflow/example_dags/example_dynamic_task_mapping.py for tasks to queue
[2023-08-20T21:09:29.038-0400] {logging_mixin.py:150} INFO - [2023-08-20T21:09:29.037-0400] {dagbag.py:541} INFO - Filling up the DagBag from /home/mnguyen0226/anaconda3/envs/learning_scraper/lib/python3.11/site-packages/airflow/example_dags/example_dynamic_task_mapping.py
[2023-08-20T21:09:29.051-0400] {processor.py:836} INFO - DAG(s) dict_keys(['example_dynamic_task_mapping']) retrieved from /home/mnguyen0226/anaconda3/envs/learning_scraper/lib/python3.11/site-packages/airflow/example_dags/example_dynamic_task_mapping.py
[2023-08-20T21:09:29.075-0400] {logging_mixin.py:150} INFO - [2023-08-20T21:09:29.075-0400] {dag.py:2742} INFO - Sync 1 DAGs
[2023-08-20T21:09:29.097-0400] {logging_mixin.py:150} INFO - [2023-08-20T21:09:29.097-0400] {dag.py:3504} INFO - Setting next_dagrun for example_dynamic_task_mapping to 2022-03-04T00:00:00+00:00, run_after=2022-03-05T00:00:00+00:00
[2023-08-20T21:09:29.124-0400] {processor.py:179} INFO - Processing /home/mnguyen0226/anaconda3/envs/learning_scraper/lib/python3.11/site-packages/airflow/example_dags/example_dynamic_task_mapping.py took 0.092 seconds
[2023-08-20T21:10:27.328-0400] {processor.py:157} INFO - Started process (PID=84728) to work on /home/mnguyen0226/anaconda3/envs/learning_scraper/lib/python3.11/site-packages/airflow/example_dags/example_dynamic_task_mapping.py
[2023-08-20T21:10:27.338-0400] {processor.py:826} INFO - Processing file /home/mnguyen0226/anaconda3/envs/learning_scraper/lib/python3.11/site-packages/airflow/example_dags/example_dynamic_task_mapping.py for tasks to queue
[2023-08-20T21:10:27.340-0400] {logging_mixin.py:150} INFO - [2023-08-20T21:10:27.339-0400] {dagbag.py:541} INFO - Filling up the DagBag from /home/mnguyen0226/anaconda3/envs/learning_scraper/lib/python3.11/site-packages/airflow/example_dags/example_dynamic_task_mapping.py
[2023-08-20T21:10:27.354-0400] {processor.py:836} INFO - DAG(s) dict_keys(['example_dynamic_task_mapping']) retrieved from /home/mnguyen0226/anaconda3/envs/learning_scraper/lib/python3.11/site-packages/airflow/example_dags/example_dynamic_task_mapping.py
[2023-08-20T21:10:27.386-0400] {logging_mixin.py:150} INFO - [2023-08-20T21:10:27.386-0400] {dag.py:2742} INFO - Sync 1 DAGs
[2023-08-20T21:10:27.426-0400] {logging_mixin.py:150} INFO - [2023-08-20T21:10:27.425-0400] {dag.py:3504} INFO - Setting next_dagrun for example_dynamic_task_mapping to 2022-03-04T00:00:00+00:00, run_after=2022-03-05T00:00:00+00:00
[2023-08-20T21:10:27.454-0400] {processor.py:179} INFO - Processing /home/mnguyen0226/anaconda3/envs/learning_scraper/lib/python3.11/site-packages/airflow/example_dags/example_dynamic_task_mapping.py took 0.130 seconds
[2023-08-20T21:11:07.938-0400] {processor.py:157} INFO - Started process (PID=84909) to work on /home/mnguyen0226/anaconda3/envs/learning_scraper/lib/python3.11/site-packages/airflow/example_dags/example_dynamic_task_mapping.py
[2023-08-20T21:11:07.940-0400] {processor.py:826} INFO - Processing file /home/mnguyen0226/anaconda3/envs/learning_scraper/lib/python3.11/site-packages/airflow/example_dags/example_dynamic_task_mapping.py for tasks to queue
[2023-08-20T21:11:07.941-0400] {logging_mixin.py:150} INFO - [2023-08-20T21:11:07.941-0400] {dagbag.py:541} INFO - Filling up the DagBag from /home/mnguyen0226/anaconda3/envs/learning_scraper/lib/python3.11/site-packages/airflow/example_dags/example_dynamic_task_mapping.py
[2023-08-20T21:11:07.951-0400] {processor.py:836} INFO - DAG(s) dict_keys(['example_dynamic_task_mapping']) retrieved from /home/mnguyen0226/anaconda3/envs/learning_scraper/lib/python3.11/site-packages/airflow/example_dags/example_dynamic_task_mapping.py
[2023-08-20T21:11:07.964-0400] {logging_mixin.py:150} INFO - [2023-08-20T21:11:07.964-0400] {dag.py:2742} INFO - Sync 1 DAGs
[2023-08-20T21:11:07.980-0400] {logging_mixin.py:150} INFO - [2023-08-20T21:11:07.980-0400] {dag.py:3504} INFO - Setting next_dagrun for example_dynamic_task_mapping to 2022-03-04T00:00:00+00:00, run_after=2022-03-05T00:00:00+00:00
[2023-08-20T21:11:08.003-0400] {processor.py:179} INFO - Processing /home/mnguyen0226/anaconda3/envs/learning_scraper/lib/python3.11/site-packages/airflow/example_dags/example_dynamic_task_mapping.py took 0.069 seconds
[2023-08-20T21:11:57.864-0400] {processor.py:157} INFO - Started process (PID=85129) to work on /home/mnguyen0226/anaconda3/envs/learning_scraper/lib/python3.11/site-packages/airflow/example_dags/example_dynamic_task_mapping.py
[2023-08-20T21:11:57.866-0400] {processor.py:826} INFO - Processing file /home/mnguyen0226/anaconda3/envs/learning_scraper/lib/python3.11/site-packages/airflow/example_dags/example_dynamic_task_mapping.py for tasks to queue
[2023-08-20T21:11:57.867-0400] {logging_mixin.py:150} INFO - [2023-08-20T21:11:57.866-0400] {dagbag.py:541} INFO - Filling up the DagBag from /home/mnguyen0226/anaconda3/envs/learning_scraper/lib/python3.11/site-packages/airflow/example_dags/example_dynamic_task_mapping.py
[2023-08-20T21:11:57.878-0400] {processor.py:836} INFO - DAG(s) dict_keys(['example_dynamic_task_mapping']) retrieved from /home/mnguyen0226/anaconda3/envs/learning_scraper/lib/python3.11/site-packages/airflow/example_dags/example_dynamic_task_mapping.py
[2023-08-20T21:11:57.901-0400] {logging_mixin.py:150} INFO - [2023-08-20T21:11:57.901-0400] {dag.py:2742} INFO - Sync 1 DAGs
[2023-08-20T21:11:57.923-0400] {logging_mixin.py:150} INFO - [2023-08-20T21:11:57.923-0400] {dag.py:3504} INFO - Setting next_dagrun for example_dynamic_task_mapping to 2022-03-04T00:00:00+00:00, run_after=2022-03-05T00:00:00+00:00
[2023-08-20T21:11:57.945-0400] {processor.py:179} INFO - Processing /home/mnguyen0226/anaconda3/envs/learning_scraper/lib/python3.11/site-packages/airflow/example_dags/example_dynamic_task_mapping.py took 0.086 seconds
[2023-08-20T21:12:54.959-0400] {processor.py:157} INFO - Started process (PID=85720) to work on /home/mnguyen0226/anaconda3/envs/learning_scraper/lib/python3.11/site-packages/airflow/example_dags/example_dynamic_task_mapping.py
[2023-08-20T21:12:54.968-0400] {processor.py:826} INFO - Processing file /home/mnguyen0226/anaconda3/envs/learning_scraper/lib/python3.11/site-packages/airflow/example_dags/example_dynamic_task_mapping.py for tasks to queue
[2023-08-20T21:12:54.969-0400] {logging_mixin.py:150} INFO - [2023-08-20T21:12:54.968-0400] {dagbag.py:541} INFO - Filling up the DagBag from /home/mnguyen0226/anaconda3/envs/learning_scraper/lib/python3.11/site-packages/airflow/example_dags/example_dynamic_task_mapping.py
[2023-08-20T21:12:54.974-0400] {processor.py:836} INFO - DAG(s) dict_keys(['example_dynamic_task_mapping']) retrieved from /home/mnguyen0226/anaconda3/envs/learning_scraper/lib/python3.11/site-packages/airflow/example_dags/example_dynamic_task_mapping.py
[2023-08-20T21:12:54.987-0400] {logging_mixin.py:150} INFO - [2023-08-20T21:12:54.987-0400] {dag.py:2742} INFO - Sync 1 DAGs
[2023-08-20T21:12:55.003-0400] {logging_mixin.py:150} INFO - [2023-08-20T21:12:55.003-0400] {dag.py:3504} INFO - Setting next_dagrun for example_dynamic_task_mapping to 2022-03-04T00:00:00+00:00, run_after=2022-03-05T00:00:00+00:00
[2023-08-20T21:12:55.024-0400] {processor.py:179} INFO - Processing /home/mnguyen0226/anaconda3/envs/learning_scraper/lib/python3.11/site-packages/airflow/example_dags/example_dynamic_task_mapping.py took 0.068 seconds
[2023-08-20T21:13:51.942-0400] {processor.py:157} INFO - Started process (PID=85977) to work on /home/mnguyen0226/anaconda3/envs/learning_scraper/lib/python3.11/site-packages/airflow/example_dags/example_dynamic_task_mapping.py
[2023-08-20T21:13:51.944-0400] {processor.py:826} INFO - Processing file /home/mnguyen0226/anaconda3/envs/learning_scraper/lib/python3.11/site-packages/airflow/example_dags/example_dynamic_task_mapping.py for tasks to queue
[2023-08-20T21:13:51.945-0400] {logging_mixin.py:150} INFO - [2023-08-20T21:13:51.944-0400] {dagbag.py:541} INFO - Filling up the DagBag from /home/mnguyen0226/anaconda3/envs/learning_scraper/lib/python3.11/site-packages/airflow/example_dags/example_dynamic_task_mapping.py
[2023-08-20T21:13:51.958-0400] {processor.py:836} INFO - DAG(s) dict_keys(['example_dynamic_task_mapping']) retrieved from /home/mnguyen0226/anaconda3/envs/learning_scraper/lib/python3.11/site-packages/airflow/example_dags/example_dynamic_task_mapping.py
[2023-08-20T21:13:51.982-0400] {logging_mixin.py:150} INFO - [2023-08-20T21:13:51.982-0400] {dag.py:2742} INFO - Sync 1 DAGs
[2023-08-20T21:13:52.005-0400] {logging_mixin.py:150} INFO - [2023-08-20T21:13:52.004-0400] {dag.py:3504} INFO - Setting next_dagrun for example_dynamic_task_mapping to 2022-03-04T00:00:00+00:00, run_after=2022-03-05T00:00:00+00:00
[2023-08-20T21:13:52.045-0400] {processor.py:179} INFO - Processing /home/mnguyen0226/anaconda3/envs/learning_scraper/lib/python3.11/site-packages/airflow/example_dags/example_dynamic_task_mapping.py took 0.108 seconds
[2023-08-20T21:14:49.783-0400] {processor.py:157} INFO - Started process (PID=86275) to work on /home/mnguyen0226/anaconda3/envs/learning_scraper/lib/python3.11/site-packages/airflow/example_dags/example_dynamic_task_mapping.py
[2023-08-20T21:14:49.793-0400] {processor.py:826} INFO - Processing file /home/mnguyen0226/anaconda3/envs/learning_scraper/lib/python3.11/site-packages/airflow/example_dags/example_dynamic_task_mapping.py for tasks to queue
[2023-08-20T21:14:49.794-0400] {logging_mixin.py:150} INFO - [2023-08-20T21:14:49.794-0400] {dagbag.py:541} INFO - Filling up the DagBag from /home/mnguyen0226/anaconda3/envs/learning_scraper/lib/python3.11/site-packages/airflow/example_dags/example_dynamic_task_mapping.py
[2023-08-20T21:14:49.805-0400] {processor.py:836} INFO - DAG(s) dict_keys(['example_dynamic_task_mapping']) retrieved from /home/mnguyen0226/anaconda3/envs/learning_scraper/lib/python3.11/site-packages/airflow/example_dags/example_dynamic_task_mapping.py
[2023-08-20T21:14:49.828-0400] {logging_mixin.py:150} INFO - [2023-08-20T21:14:49.828-0400] {dag.py:2742} INFO - Sync 1 DAGs
[2023-08-20T21:14:49.850-0400] {logging_mixin.py:150} INFO - [2023-08-20T21:14:49.850-0400] {dag.py:3504} INFO - Setting next_dagrun for example_dynamic_task_mapping to 2022-03-04T00:00:00+00:00, run_after=2022-03-05T00:00:00+00:00
[2023-08-20T21:14:49.880-0400] {processor.py:179} INFO - Processing /home/mnguyen0226/anaconda3/envs/learning_scraper/lib/python3.11/site-packages/airflow/example_dags/example_dynamic_task_mapping.py took 0.101 seconds
[2023-08-20T21:15:41.235-0400] {processor.py:157} INFO - Started process (PID=86403) to work on /home/mnguyen0226/anaconda3/envs/learning_scraper/lib/python3.11/site-packages/airflow/example_dags/example_dynamic_task_mapping.py
[2023-08-20T21:15:41.236-0400] {processor.py:826} INFO - Processing file /home/mnguyen0226/anaconda3/envs/learning_scraper/lib/python3.11/site-packages/airflow/example_dags/example_dynamic_task_mapping.py for tasks to queue
[2023-08-20T21:15:41.237-0400] {logging_mixin.py:150} INFO - [2023-08-20T21:15:41.236-0400] {dagbag.py:541} INFO - Filling up the DagBag from /home/mnguyen0226/anaconda3/envs/learning_scraper/lib/python3.11/site-packages/airflow/example_dags/example_dynamic_task_mapping.py
[2023-08-20T21:15:41.244-0400] {processor.py:836} INFO - DAG(s) dict_keys(['example_dynamic_task_mapping']) retrieved from /home/mnguyen0226/anaconda3/envs/learning_scraper/lib/python3.11/site-packages/airflow/example_dags/example_dynamic_task_mapping.py
[2023-08-20T21:15:41.264-0400] {logging_mixin.py:150} INFO - [2023-08-20T21:15:41.264-0400] {dag.py:2742} INFO - Sync 1 DAGs
[2023-08-20T21:15:41.281-0400] {logging_mixin.py:150} INFO - [2023-08-20T21:15:41.281-0400] {dag.py:3504} INFO - Setting next_dagrun for example_dynamic_task_mapping to 2022-03-04T00:00:00+00:00, run_after=2022-03-05T00:00:00+00:00
[2023-08-20T21:15:41.315-0400] {processor.py:179} INFO - Processing /home/mnguyen0226/anaconda3/envs/learning_scraper/lib/python3.11/site-packages/airflow/example_dags/example_dynamic_task_mapping.py took 0.083 seconds
[2023-08-20T21:16:34.460-0400] {processor.py:157} INFO - Started process (PID=86668) to work on /home/mnguyen0226/anaconda3/envs/learning_scraper/lib/python3.11/site-packages/airflow/example_dags/example_dynamic_task_mapping.py
[2023-08-20T21:16:34.470-0400] {processor.py:826} INFO - Processing file /home/mnguyen0226/anaconda3/envs/learning_scraper/lib/python3.11/site-packages/airflow/example_dags/example_dynamic_task_mapping.py for tasks to queue
[2023-08-20T21:16:34.471-0400] {logging_mixin.py:150} INFO - [2023-08-20T21:16:34.470-0400] {dagbag.py:541} INFO - Filling up the DagBag from /home/mnguyen0226/anaconda3/envs/learning_scraper/lib/python3.11/site-packages/airflow/example_dags/example_dynamic_task_mapping.py
[2023-08-20T21:16:34.482-0400] {processor.py:836} INFO - DAG(s) dict_keys(['example_dynamic_task_mapping']) retrieved from /home/mnguyen0226/anaconda3/envs/learning_scraper/lib/python3.11/site-packages/airflow/example_dags/example_dynamic_task_mapping.py
[2023-08-20T21:16:34.500-0400] {logging_mixin.py:150} INFO - [2023-08-20T21:16:34.500-0400] {dag.py:2742} INFO - Sync 1 DAGs
[2023-08-20T21:16:34.524-0400] {logging_mixin.py:150} INFO - [2023-08-20T21:16:34.523-0400] {dag.py:3504} INFO - Setting next_dagrun for example_dynamic_task_mapping to 2022-03-04T00:00:00+00:00, run_after=2022-03-05T00:00:00+00:00
[2023-08-20T21:16:34.575-0400] {processor.py:179} INFO - Processing /home/mnguyen0226/anaconda3/envs/learning_scraper/lib/python3.11/site-packages/airflow/example_dags/example_dynamic_task_mapping.py took 0.118 seconds
[2023-08-20T21:17:29.659-0400] {processor.py:157} INFO - Started process (PID=87037) to work on /home/mnguyen0226/anaconda3/envs/learning_scraper/lib/python3.11/site-packages/airflow/example_dags/example_dynamic_task_mapping.py
[2023-08-20T21:17:29.660-0400] {processor.py:826} INFO - Processing file /home/mnguyen0226/anaconda3/envs/learning_scraper/lib/python3.11/site-packages/airflow/example_dags/example_dynamic_task_mapping.py for tasks to queue
[2023-08-20T21:17:29.662-0400] {logging_mixin.py:150} INFO - [2023-08-20T21:17:29.661-0400] {dagbag.py:541} INFO - Filling up the DagBag from /home/mnguyen0226/anaconda3/envs/learning_scraper/lib/python3.11/site-packages/airflow/example_dags/example_dynamic_task_mapping.py
[2023-08-20T21:17:29.675-0400] {processor.py:836} INFO - DAG(s) dict_keys(['example_dynamic_task_mapping']) retrieved from /home/mnguyen0226/anaconda3/envs/learning_scraper/lib/python3.11/site-packages/airflow/example_dags/example_dynamic_task_mapping.py
[2023-08-20T21:17:29.702-0400] {logging_mixin.py:150} INFO - [2023-08-20T21:17:29.702-0400] {dag.py:2742} INFO - Sync 1 DAGs
[2023-08-20T21:17:29.729-0400] {logging_mixin.py:150} INFO - [2023-08-20T21:17:29.729-0400] {dag.py:3504} INFO - Setting next_dagrun for example_dynamic_task_mapping to 2022-03-04T00:00:00+00:00, run_after=2022-03-05T00:00:00+00:00
[2023-08-20T21:17:29.753-0400] {processor.py:179} INFO - Processing /home/mnguyen0226/anaconda3/envs/learning_scraper/lib/python3.11/site-packages/airflow/example_dags/example_dynamic_task_mapping.py took 0.099 seconds
[2023-08-20T21:18:24.171-0400] {processor.py:157} INFO - Started process (PID=87340) to work on /home/mnguyen0226/anaconda3/envs/learning_scraper/lib/python3.11/site-packages/airflow/example_dags/example_dynamic_task_mapping.py
[2023-08-20T21:18:24.172-0400] {processor.py:826} INFO - Processing file /home/mnguyen0226/anaconda3/envs/learning_scraper/lib/python3.11/site-packages/airflow/example_dags/example_dynamic_task_mapping.py for tasks to queue
[2023-08-20T21:18:24.173-0400] {logging_mixin.py:150} INFO - [2023-08-20T21:18:24.173-0400] {dagbag.py:541} INFO - Filling up the DagBag from /home/mnguyen0226/anaconda3/envs/learning_scraper/lib/python3.11/site-packages/airflow/example_dags/example_dynamic_task_mapping.py
[2023-08-20T21:18:24.185-0400] {processor.py:836} INFO - DAG(s) dict_keys(['example_dynamic_task_mapping']) retrieved from /home/mnguyen0226/anaconda3/envs/learning_scraper/lib/python3.11/site-packages/airflow/example_dags/example_dynamic_task_mapping.py
[2023-08-20T21:18:24.209-0400] {logging_mixin.py:150} INFO - [2023-08-20T21:18:24.209-0400] {dag.py:2742} INFO - Sync 1 DAGs
[2023-08-20T21:18:24.227-0400] {logging_mixin.py:150} INFO - [2023-08-20T21:18:24.227-0400] {dag.py:3504} INFO - Setting next_dagrun for example_dynamic_task_mapping to 2022-03-04T00:00:00+00:00, run_after=2022-03-05T00:00:00+00:00
[2023-08-20T21:18:24.249-0400] {processor.py:179} INFO - Processing /home/mnguyen0226/anaconda3/envs/learning_scraper/lib/python3.11/site-packages/airflow/example_dags/example_dynamic_task_mapping.py took 0.083 seconds
[2023-08-20T21:19:20.289-0400] {processor.py:157} INFO - Started process (PID=87629) to work on /home/mnguyen0226/anaconda3/envs/learning_scraper/lib/python3.11/site-packages/airflow/example_dags/example_dynamic_task_mapping.py
[2023-08-20T21:19:20.299-0400] {processor.py:826} INFO - Processing file /home/mnguyen0226/anaconda3/envs/learning_scraper/lib/python3.11/site-packages/airflow/example_dags/example_dynamic_task_mapping.py for tasks to queue
[2023-08-20T21:19:20.300-0400] {logging_mixin.py:150} INFO - [2023-08-20T21:19:20.299-0400] {dagbag.py:541} INFO - Filling up the DagBag from /home/mnguyen0226/anaconda3/envs/learning_scraper/lib/python3.11/site-packages/airflow/example_dags/example_dynamic_task_mapping.py
[2023-08-20T21:19:20.307-0400] {processor.py:836} INFO - DAG(s) dict_keys(['example_dynamic_task_mapping']) retrieved from /home/mnguyen0226/anaconda3/envs/learning_scraper/lib/python3.11/site-packages/airflow/example_dags/example_dynamic_task_mapping.py
[2023-08-20T21:19:20.323-0400] {logging_mixin.py:150} INFO - [2023-08-20T21:19:20.323-0400] {dag.py:2742} INFO - Sync 1 DAGs
[2023-08-20T21:19:20.346-0400] {logging_mixin.py:150} INFO - [2023-08-20T21:19:20.346-0400] {dag.py:3504} INFO - Setting next_dagrun for example_dynamic_task_mapping to 2022-03-04T00:00:00+00:00, run_after=2022-03-05T00:00:00+00:00
[2023-08-20T21:19:20.380-0400] {processor.py:179} INFO - Processing /home/mnguyen0226/anaconda3/envs/learning_scraper/lib/python3.11/site-packages/airflow/example_dags/example_dynamic_task_mapping.py took 0.092 seconds
[2023-08-20T21:20:12.454-0400] {processor.py:157} INFO - Started process (PID=88090) to work on /home/mnguyen0226/anaconda3/envs/learning_scraper/lib/python3.11/site-packages/airflow/example_dags/example_dynamic_task_mapping.py
[2023-08-20T21:20:12.455-0400] {processor.py:826} INFO - Processing file /home/mnguyen0226/anaconda3/envs/learning_scraper/lib/python3.11/site-packages/airflow/example_dags/example_dynamic_task_mapping.py for tasks to queue
[2023-08-20T21:20:12.456-0400] {logging_mixin.py:150} INFO - [2023-08-20T21:20:12.455-0400] {dagbag.py:541} INFO - Filling up the DagBag from /home/mnguyen0226/anaconda3/envs/learning_scraper/lib/python3.11/site-packages/airflow/example_dags/example_dynamic_task_mapping.py
[2023-08-20T21:20:12.463-0400] {processor.py:836} INFO - DAG(s) dict_keys(['example_dynamic_task_mapping']) retrieved from /home/mnguyen0226/anaconda3/envs/learning_scraper/lib/python3.11/site-packages/airflow/example_dags/example_dynamic_task_mapping.py
[2023-08-20T21:20:12.476-0400] {logging_mixin.py:150} INFO - [2023-08-20T21:20:12.475-0400] {dag.py:2742} INFO - Sync 1 DAGs
[2023-08-20T21:20:12.492-0400] {logging_mixin.py:150} INFO - [2023-08-20T21:20:12.492-0400] {dag.py:3504} INFO - Setting next_dagrun for example_dynamic_task_mapping to 2022-03-04T00:00:00+00:00, run_after=2022-03-05T00:00:00+00:00
[2023-08-20T21:20:12.516-0400] {processor.py:179} INFO - Processing /home/mnguyen0226/anaconda3/envs/learning_scraper/lib/python3.11/site-packages/airflow/example_dags/example_dynamic_task_mapping.py took 0.063 seconds
[2023-08-20T21:21:05.500-0400] {processor.py:157} INFO - Started process (PID=88305) to work on /home/mnguyen0226/anaconda3/envs/learning_scraper/lib/python3.11/site-packages/airflow/example_dags/example_dynamic_task_mapping.py
[2023-08-20T21:21:05.501-0400] {processor.py:826} INFO - Processing file /home/mnguyen0226/anaconda3/envs/learning_scraper/lib/python3.11/site-packages/airflow/example_dags/example_dynamic_task_mapping.py for tasks to queue
[2023-08-20T21:21:05.502-0400] {logging_mixin.py:150} INFO - [2023-08-20T21:21:05.502-0400] {dagbag.py:541} INFO - Filling up the DagBag from /home/mnguyen0226/anaconda3/envs/learning_scraper/lib/python3.11/site-packages/airflow/example_dags/example_dynamic_task_mapping.py
[2023-08-20T21:21:05.513-0400] {processor.py:836} INFO - DAG(s) dict_keys(['example_dynamic_task_mapping']) retrieved from /home/mnguyen0226/anaconda3/envs/learning_scraper/lib/python3.11/site-packages/airflow/example_dags/example_dynamic_task_mapping.py
[2023-08-20T21:21:05.536-0400] {logging_mixin.py:150} INFO - [2023-08-20T21:21:05.535-0400] {dag.py:2742} INFO - Sync 1 DAGs
[2023-08-20T21:21:05.561-0400] {logging_mixin.py:150} INFO - [2023-08-20T21:21:05.561-0400] {dag.py:3504} INFO - Setting next_dagrun for example_dynamic_task_mapping to 2022-03-04T00:00:00+00:00, run_after=2022-03-05T00:00:00+00:00
[2023-08-20T21:21:05.595-0400] {processor.py:179} INFO - Processing /home/mnguyen0226/anaconda3/envs/learning_scraper/lib/python3.11/site-packages/airflow/example_dags/example_dynamic_task_mapping.py took 0.099 seconds
