[2023-08-20T21:00:31.996-0400] {processor.py:157} INFO - Started process (PID=80470) to work on /home/mnguyen0226/anaconda3/envs/learning_scraper/lib/python3.11/site-packages/airflow/example_dags/example_kubernetes_executor.py
[2023-08-20T21:00:31.997-0400] {processor.py:826} INFO - Processing file /home/mnguyen0226/anaconda3/envs/learning_scraper/lib/python3.11/site-packages/airflow/example_dags/example_kubernetes_executor.py for tasks to queue
[2023-08-20T21:00:31.998-0400] {logging_mixin.py:150} INFO - [2023-08-20T21:00:31.997-0400] {dagbag.py:541} INFO - Filling up the DagBag from /home/mnguyen0226/anaconda3/envs/learning_scraper/lib/python3.11/site-packages/airflow/example_dags/example_kubernetes_executor.py
[2023-08-20T21:00:32.002-0400] {logging_mixin.py:150} INFO - [2023-08-20T21:00:32.001-0400] {example_kubernetes_executor.py:41} WARNING - The example_kubernetes_executor example DAG requires the kubernetes provider. Please install it with: pip install apache-airflow[cncf.kubernetes]
[2023-08-20T21:00:32.002-0400] {processor.py:838} WARNING - No viable dags retrieved from /home/mnguyen0226/anaconda3/envs/learning_scraper/lib/python3.11/site-packages/airflow/example_dags/example_kubernetes_executor.py
[2023-08-20T21:00:32.015-0400] {processor.py:179} INFO - Processing /home/mnguyen0226/anaconda3/envs/learning_scraper/lib/python3.11/site-packages/airflow/example_dags/example_kubernetes_executor.py took 0.022 seconds
[2023-08-20T21:01:17.596-0400] {processor.py:157} INFO - Started process (PID=80926) to work on /home/mnguyen0226/anaconda3/envs/learning_scraper/lib/python3.11/site-packages/airflow/example_dags/example_kubernetes_executor.py
[2023-08-20T21:01:17.597-0400] {processor.py:826} INFO - Processing file /home/mnguyen0226/anaconda3/envs/learning_scraper/lib/python3.11/site-packages/airflow/example_dags/example_kubernetes_executor.py for tasks to queue
[2023-08-20T21:01:17.598-0400] {logging_mixin.py:150} INFO - [2023-08-20T21:01:17.598-0400] {dagbag.py:541} INFO - Filling up the DagBag from /home/mnguyen0226/anaconda3/envs/learning_scraper/lib/python3.11/site-packages/airflow/example_dags/example_kubernetes_executor.py
[2023-08-20T21:01:17.604-0400] {logging_mixin.py:150} INFO - [2023-08-20T21:01:17.603-0400] {example_kubernetes_executor.py:41} WARNING - The example_kubernetes_executor example DAG requires the kubernetes provider. Please install it with: pip install apache-airflow[cncf.kubernetes]
[2023-08-20T21:01:17.604-0400] {processor.py:838} WARNING - No viable dags retrieved from /home/mnguyen0226/anaconda3/envs/learning_scraper/lib/python3.11/site-packages/airflow/example_dags/example_kubernetes_executor.py
[2023-08-20T21:01:17.620-0400] {processor.py:179} INFO - Processing /home/mnguyen0226/anaconda3/envs/learning_scraper/lib/python3.11/site-packages/airflow/example_dags/example_kubernetes_executor.py took 0.028 seconds
[2023-08-20T21:02:04.486-0400] {processor.py:157} INFO - Started process (PID=81195) to work on /home/mnguyen0226/anaconda3/envs/learning_scraper/lib/python3.11/site-packages/airflow/example_dags/example_kubernetes_executor.py
[2023-08-20T21:02:04.489-0400] {processor.py:826} INFO - Processing file /home/mnguyen0226/anaconda3/envs/learning_scraper/lib/python3.11/site-packages/airflow/example_dags/example_kubernetes_executor.py for tasks to queue
[2023-08-20T21:02:04.490-0400] {logging_mixin.py:150} INFO - [2023-08-20T21:02:04.490-0400] {dagbag.py:541} INFO - Filling up the DagBag from /home/mnguyen0226/anaconda3/envs/learning_scraper/lib/python3.11/site-packages/airflow/example_dags/example_kubernetes_executor.py
[2023-08-20T21:02:04.493-0400] {logging_mixin.py:150} INFO - [2023-08-20T21:02:04.493-0400] {example_kubernetes_executor.py:41} WARNING - The example_kubernetes_executor example DAG requires the kubernetes provider. Please install it with: pip install apache-airflow[cncf.kubernetes]
[2023-08-20T21:02:04.494-0400] {processor.py:838} WARNING - No viable dags retrieved from /home/mnguyen0226/anaconda3/envs/learning_scraper/lib/python3.11/site-packages/airflow/example_dags/example_kubernetes_executor.py
[2023-08-20T21:02:04.503-0400] {processor.py:179} INFO - Processing /home/mnguyen0226/anaconda3/envs/learning_scraper/lib/python3.11/site-packages/airflow/example_dags/example_kubernetes_executor.py took 0.020 seconds
[2023-08-20T21:03:30.198-0400] {processor.py:157} INFO - Started process (PID=81690) to work on /home/mnguyen0226/anaconda3/envs/learning_scraper/lib/python3.11/site-packages/airflow/example_dags/example_kubernetes_executor.py
[2023-08-20T21:03:30.208-0400] {processor.py:826} INFO - Processing file /home/mnguyen0226/anaconda3/envs/learning_scraper/lib/python3.11/site-packages/airflow/example_dags/example_kubernetes_executor.py for tasks to queue
[2023-08-20T21:03:30.210-0400] {logging_mixin.py:150} INFO - [2023-08-20T21:03:30.209-0400] {dagbag.py:541} INFO - Filling up the DagBag from /home/mnguyen0226/anaconda3/envs/learning_scraper/lib/python3.11/site-packages/airflow/example_dags/example_kubernetes_executor.py
[2023-08-20T21:03:30.216-0400] {logging_mixin.py:150} INFO - [2023-08-20T21:03:30.215-0400] {example_kubernetes_executor.py:41} WARNING - The example_kubernetes_executor example DAG requires the kubernetes provider. Please install it with: pip install apache-airflow[cncf.kubernetes]
[2023-08-20T21:03:30.216-0400] {processor.py:838} WARNING - No viable dags retrieved from /home/mnguyen0226/anaconda3/envs/learning_scraper/lib/python3.11/site-packages/airflow/example_dags/example_kubernetes_executor.py
[2023-08-20T21:03:30.237-0400] {processor.py:179} INFO - Processing /home/mnguyen0226/anaconda3/envs/learning_scraper/lib/python3.11/site-packages/airflow/example_dags/example_kubernetes_executor.py took 0.041 seconds
[2023-08-20T21:04:16.843-0400] {processor.py:157} INFO - Started process (PID=82994) to work on /home/mnguyen0226/anaconda3/envs/learning_scraper/lib/python3.11/site-packages/airflow/example_dags/example_kubernetes_executor.py
[2023-08-20T21:04:16.844-0400] {processor.py:826} INFO - Processing file /home/mnguyen0226/anaconda3/envs/learning_scraper/lib/python3.11/site-packages/airflow/example_dags/example_kubernetes_executor.py for tasks to queue
[2023-08-20T21:04:16.846-0400] {logging_mixin.py:150} INFO - [2023-08-20T21:04:16.845-0400] {dagbag.py:541} INFO - Filling up the DagBag from /home/mnguyen0226/anaconda3/envs/learning_scraper/lib/python3.11/site-packages/airflow/example_dags/example_kubernetes_executor.py
[2023-08-20T21:04:16.851-0400] {logging_mixin.py:150} INFO - [2023-08-20T21:04:16.850-0400] {example_kubernetes_executor.py:41} WARNING - The example_kubernetes_executor example DAG requires the kubernetes provider. Please install it with: pip install apache-airflow[cncf.kubernetes]
[2023-08-20T21:04:16.851-0400] {processor.py:838} WARNING - No viable dags retrieved from /home/mnguyen0226/anaconda3/envs/learning_scraper/lib/python3.11/site-packages/airflow/example_dags/example_kubernetes_executor.py
[2023-08-20T21:04:16.867-0400] {processor.py:179} INFO - Processing /home/mnguyen0226/anaconda3/envs/learning_scraper/lib/python3.11/site-packages/airflow/example_dags/example_kubernetes_executor.py took 0.028 seconds
[2023-08-20T21:05:06.204-0400] {processor.py:157} INFO - Started process (PID=83255) to work on /home/mnguyen0226/anaconda3/envs/learning_scraper/lib/python3.11/site-packages/airflow/example_dags/example_kubernetes_executor.py
[2023-08-20T21:05:06.205-0400] {processor.py:826} INFO - Processing file /home/mnguyen0226/anaconda3/envs/learning_scraper/lib/python3.11/site-packages/airflow/example_dags/example_kubernetes_executor.py for tasks to queue
[2023-08-20T21:05:06.206-0400] {logging_mixin.py:150} INFO - [2023-08-20T21:05:06.205-0400] {dagbag.py:541} INFO - Filling up the DagBag from /home/mnguyen0226/anaconda3/envs/learning_scraper/lib/python3.11/site-packages/airflow/example_dags/example_kubernetes_executor.py
[2023-08-20T21:05:06.211-0400] {logging_mixin.py:150} INFO - [2023-08-20T21:05:06.211-0400] {example_kubernetes_executor.py:41} WARNING - The example_kubernetes_executor example DAG requires the kubernetes provider. Please install it with: pip install apache-airflow[cncf.kubernetes]
[2023-08-20T21:05:06.212-0400] {processor.py:838} WARNING - No viable dags retrieved from /home/mnguyen0226/anaconda3/envs/learning_scraper/lib/python3.11/site-packages/airflow/example_dags/example_kubernetes_executor.py
[2023-08-20T21:05:06.228-0400] {processor.py:179} INFO - Processing /home/mnguyen0226/anaconda3/envs/learning_scraper/lib/python3.11/site-packages/airflow/example_dags/example_kubernetes_executor.py took 0.028 seconds
[2023-08-20T21:06:00.466-0400] {processor.py:157} INFO - Started process (PID=83514) to work on /home/mnguyen0226/anaconda3/envs/learning_scraper/lib/python3.11/site-packages/airflow/example_dags/example_kubernetes_executor.py
[2023-08-20T21:06:00.476-0400] {processor.py:826} INFO - Processing file /home/mnguyen0226/anaconda3/envs/learning_scraper/lib/python3.11/site-packages/airflow/example_dags/example_kubernetes_executor.py for tasks to queue
[2023-08-20T21:06:00.477-0400] {logging_mixin.py:150} INFO - [2023-08-20T21:06:00.477-0400] {dagbag.py:541} INFO - Filling up the DagBag from /home/mnguyen0226/anaconda3/envs/learning_scraper/lib/python3.11/site-packages/airflow/example_dags/example_kubernetes_executor.py
[2023-08-20T21:06:00.482-0400] {logging_mixin.py:150} INFO - [2023-08-20T21:06:00.482-0400] {example_kubernetes_executor.py:41} WARNING - The example_kubernetes_executor example DAG requires the kubernetes provider. Please install it with: pip install apache-airflow[cncf.kubernetes]
[2023-08-20T21:06:00.483-0400] {processor.py:838} WARNING - No viable dags retrieved from /home/mnguyen0226/anaconda3/envs/learning_scraper/lib/python3.11/site-packages/airflow/example_dags/example_kubernetes_executor.py
[2023-08-20T21:06:00.499-0400] {processor.py:179} INFO - Processing /home/mnguyen0226/anaconda3/envs/learning_scraper/lib/python3.11/site-packages/airflow/example_dags/example_kubernetes_executor.py took 0.037 seconds
[2023-08-20T21:06:59.955-0400] {processor.py:157} INFO - Started process (PID=83797) to work on /home/mnguyen0226/anaconda3/envs/learning_scraper/lib/python3.11/site-packages/airflow/example_dags/example_kubernetes_executor.py
[2023-08-20T21:06:59.956-0400] {processor.py:826} INFO - Processing file /home/mnguyen0226/anaconda3/envs/learning_scraper/lib/python3.11/site-packages/airflow/example_dags/example_kubernetes_executor.py for tasks to queue
[2023-08-20T21:06:59.956-0400] {logging_mixin.py:150} INFO - [2023-08-20T21:06:59.956-0400] {dagbag.py:541} INFO - Filling up the DagBag from /home/mnguyen0226/anaconda3/envs/learning_scraper/lib/python3.11/site-packages/airflow/example_dags/example_kubernetes_executor.py
[2023-08-20T21:06:59.959-0400] {logging_mixin.py:150} INFO - [2023-08-20T21:06:59.959-0400] {example_kubernetes_executor.py:41} WARNING - The example_kubernetes_executor example DAG requires the kubernetes provider. Please install it with: pip install apache-airflow[cncf.kubernetes]
[2023-08-20T21:06:59.959-0400] {processor.py:838} WARNING - No viable dags retrieved from /home/mnguyen0226/anaconda3/envs/learning_scraper/lib/python3.11/site-packages/airflow/example_dags/example_kubernetes_executor.py
[2023-08-20T21:06:59.970-0400] {processor.py:179} INFO - Processing /home/mnguyen0226/anaconda3/envs/learning_scraper/lib/python3.11/site-packages/airflow/example_dags/example_kubernetes_executor.py took 0.017 seconds
[2023-08-20T21:07:42.980-0400] {processor.py:157} INFO - Started process (PID=83958) to work on /home/mnguyen0226/anaconda3/envs/learning_scraper/lib/python3.11/site-packages/airflow/example_dags/example_kubernetes_executor.py
[2023-08-20T21:07:42.990-0400] {processor.py:826} INFO - Processing file /home/mnguyen0226/anaconda3/envs/learning_scraper/lib/python3.11/site-packages/airflow/example_dags/example_kubernetes_executor.py for tasks to queue
[2023-08-20T21:07:42.992-0400] {logging_mixin.py:150} INFO - [2023-08-20T21:07:42.991-0400] {dagbag.py:541} INFO - Filling up the DagBag from /home/mnguyen0226/anaconda3/envs/learning_scraper/lib/python3.11/site-packages/airflow/example_dags/example_kubernetes_executor.py
[2023-08-20T21:07:42.997-0400] {logging_mixin.py:150} INFO - [2023-08-20T21:07:42.997-0400] {example_kubernetes_executor.py:41} WARNING - The example_kubernetes_executor example DAG requires the kubernetes provider. Please install it with: pip install apache-airflow[cncf.kubernetes]
[2023-08-20T21:07:42.998-0400] {processor.py:838} WARNING - No viable dags retrieved from /home/mnguyen0226/anaconda3/envs/learning_scraper/lib/python3.11/site-packages/airflow/example_dags/example_kubernetes_executor.py
[2023-08-20T21:07:43.014-0400] {processor.py:179} INFO - Processing /home/mnguyen0226/anaconda3/envs/learning_scraper/lib/python3.11/site-packages/airflow/example_dags/example_kubernetes_executor.py took 0.038 seconds
[2023-08-20T21:08:37.050-0400] {processor.py:157} INFO - Started process (PID=84169) to work on /home/mnguyen0226/anaconda3/envs/learning_scraper/lib/python3.11/site-packages/airflow/example_dags/example_kubernetes_executor.py
[2023-08-20T21:08:37.060-0400] {processor.py:826} INFO - Processing file /home/mnguyen0226/anaconda3/envs/learning_scraper/lib/python3.11/site-packages/airflow/example_dags/example_kubernetes_executor.py for tasks to queue
[2023-08-20T21:08:37.062-0400] {logging_mixin.py:150} INFO - [2023-08-20T21:08:37.061-0400] {dagbag.py:541} INFO - Filling up the DagBag from /home/mnguyen0226/anaconda3/envs/learning_scraper/lib/python3.11/site-packages/airflow/example_dags/example_kubernetes_executor.py
[2023-08-20T21:08:37.067-0400] {logging_mixin.py:150} INFO - [2023-08-20T21:08:37.067-0400] {example_kubernetes_executor.py:41} WARNING - The example_kubernetes_executor example DAG requires the kubernetes provider. Please install it with: pip install apache-airflow[cncf.kubernetes]
[2023-08-20T21:08:37.068-0400] {processor.py:838} WARNING - No viable dags retrieved from /home/mnguyen0226/anaconda3/envs/learning_scraper/lib/python3.11/site-packages/airflow/example_dags/example_kubernetes_executor.py
[2023-08-20T21:08:37.080-0400] {processor.py:179} INFO - Processing /home/mnguyen0226/anaconda3/envs/learning_scraper/lib/python3.11/site-packages/airflow/example_dags/example_kubernetes_executor.py took 0.034 seconds
[2023-08-20T21:09:30.181-0400] {processor.py:157} INFO - Started process (PID=84498) to work on /home/mnguyen0226/anaconda3/envs/learning_scraper/lib/python3.11/site-packages/airflow/example_dags/example_kubernetes_executor.py
[2023-08-20T21:09:30.182-0400] {processor.py:826} INFO - Processing file /home/mnguyen0226/anaconda3/envs/learning_scraper/lib/python3.11/site-packages/airflow/example_dags/example_kubernetes_executor.py for tasks to queue
[2023-08-20T21:09:30.183-0400] {logging_mixin.py:150} INFO - [2023-08-20T21:09:30.182-0400] {dagbag.py:541} INFO - Filling up the DagBag from /home/mnguyen0226/anaconda3/envs/learning_scraper/lib/python3.11/site-packages/airflow/example_dags/example_kubernetes_executor.py
[2023-08-20T21:09:30.186-0400] {logging_mixin.py:150} INFO - [2023-08-20T21:09:30.186-0400] {example_kubernetes_executor.py:41} WARNING - The example_kubernetes_executor example DAG requires the kubernetes provider. Please install it with: pip install apache-airflow[cncf.kubernetes]
[2023-08-20T21:09:30.187-0400] {processor.py:838} WARNING - No viable dags retrieved from /home/mnguyen0226/anaconda3/envs/learning_scraper/lib/python3.11/site-packages/airflow/example_dags/example_kubernetes_executor.py
[2023-08-20T21:09:30.195-0400] {processor.py:179} INFO - Processing /home/mnguyen0226/anaconda3/envs/learning_scraper/lib/python3.11/site-packages/airflow/example_dags/example_kubernetes_executor.py took 0.017 seconds
[2023-08-20T21:10:28.285-0400] {processor.py:157} INFO - Started process (PID=84733) to work on /home/mnguyen0226/anaconda3/envs/learning_scraper/lib/python3.11/site-packages/airflow/example_dags/example_kubernetes_executor.py
[2023-08-20T21:10:28.295-0400] {processor.py:826} INFO - Processing file /home/mnguyen0226/anaconda3/envs/learning_scraper/lib/python3.11/site-packages/airflow/example_dags/example_kubernetes_executor.py for tasks to queue
[2023-08-20T21:10:28.297-0400] {logging_mixin.py:150} INFO - [2023-08-20T21:10:28.296-0400] {dagbag.py:541} INFO - Filling up the DagBag from /home/mnguyen0226/anaconda3/envs/learning_scraper/lib/python3.11/site-packages/airflow/example_dags/example_kubernetes_executor.py
[2023-08-20T21:10:28.302-0400] {logging_mixin.py:150} INFO - [2023-08-20T21:10:28.302-0400] {example_kubernetes_executor.py:41} WARNING - The example_kubernetes_executor example DAG requires the kubernetes provider. Please install it with: pip install apache-airflow[cncf.kubernetes]
[2023-08-20T21:10:28.302-0400] {processor.py:838} WARNING - No viable dags retrieved from /home/mnguyen0226/anaconda3/envs/learning_scraper/lib/python3.11/site-packages/airflow/example_dags/example_kubernetes_executor.py
[2023-08-20T21:10:28.320-0400] {processor.py:179} INFO - Processing /home/mnguyen0226/anaconda3/envs/learning_scraper/lib/python3.11/site-packages/airflow/example_dags/example_kubernetes_executor.py took 0.039 seconds
[2023-08-20T21:11:24.642-0400] {processor.py:157} INFO - Started process (PID=84996) to work on /home/mnguyen0226/anaconda3/envs/learning_scraper/lib/python3.11/site-packages/airflow/example_dags/example_kubernetes_executor.py
[2023-08-20T21:11:24.643-0400] {processor.py:826} INFO - Processing file /home/mnguyen0226/anaconda3/envs/learning_scraper/lib/python3.11/site-packages/airflow/example_dags/example_kubernetes_executor.py for tasks to queue
[2023-08-20T21:11:24.643-0400] {logging_mixin.py:150} INFO - [2023-08-20T21:11:24.643-0400] {dagbag.py:541} INFO - Filling up the DagBag from /home/mnguyen0226/anaconda3/envs/learning_scraper/lib/python3.11/site-packages/airflow/example_dags/example_kubernetes_executor.py
[2023-08-20T21:11:24.646-0400] {logging_mixin.py:150} INFO - [2023-08-20T21:11:24.646-0400] {example_kubernetes_executor.py:41} WARNING - The example_kubernetes_executor example DAG requires the kubernetes provider. Please install it with: pip install apache-airflow[cncf.kubernetes]
[2023-08-20T21:11:24.646-0400] {processor.py:838} WARNING - No viable dags retrieved from /home/mnguyen0226/anaconda3/envs/learning_scraper/lib/python3.11/site-packages/airflow/example_dags/example_kubernetes_executor.py
[2023-08-20T21:11:24.660-0400] {processor.py:179} INFO - Processing /home/mnguyen0226/anaconda3/envs/learning_scraper/lib/python3.11/site-packages/airflow/example_dags/example_kubernetes_executor.py took 0.020 seconds
[2023-08-20T21:12:14.698-0400] {processor.py:157} INFO - Started process (PID=85179) to work on /home/mnguyen0226/anaconda3/envs/learning_scraper/lib/python3.11/site-packages/airflow/example_dags/example_kubernetes_executor.py
[2023-08-20T21:12:14.699-0400] {processor.py:826} INFO - Processing file /home/mnguyen0226/anaconda3/envs/learning_scraper/lib/python3.11/site-packages/airflow/example_dags/example_kubernetes_executor.py for tasks to queue
[2023-08-20T21:12:14.700-0400] {logging_mixin.py:150} INFO - [2023-08-20T21:12:14.700-0400] {dagbag.py:541} INFO - Filling up the DagBag from /home/mnguyen0226/anaconda3/envs/learning_scraper/lib/python3.11/site-packages/airflow/example_dags/example_kubernetes_executor.py
[2023-08-20T21:12:14.705-0400] {logging_mixin.py:150} INFO - [2023-08-20T21:12:14.705-0400] {example_kubernetes_executor.py:41} WARNING - The example_kubernetes_executor example DAG requires the kubernetes provider. Please install it with: pip install apache-airflow[cncf.kubernetes]
[2023-08-20T21:12:14.705-0400] {processor.py:838} WARNING - No viable dags retrieved from /home/mnguyen0226/anaconda3/envs/learning_scraper/lib/python3.11/site-packages/airflow/example_dags/example_kubernetes_executor.py
[2023-08-20T21:12:14.719-0400] {processor.py:179} INFO - Processing /home/mnguyen0226/anaconda3/envs/learning_scraper/lib/python3.11/site-packages/airflow/example_dags/example_kubernetes_executor.py took 0.025 seconds
[2023-08-20T21:13:12.548-0400] {processor.py:157} INFO - Started process (PID=85843) to work on /home/mnguyen0226/anaconda3/envs/learning_scraper/lib/python3.11/site-packages/airflow/example_dags/example_kubernetes_executor.py
[2023-08-20T21:13:12.549-0400] {processor.py:826} INFO - Processing file /home/mnguyen0226/anaconda3/envs/learning_scraper/lib/python3.11/site-packages/airflow/example_dags/example_kubernetes_executor.py for tasks to queue
[2023-08-20T21:13:12.550-0400] {logging_mixin.py:150} INFO - [2023-08-20T21:13:12.550-0400] {dagbag.py:541} INFO - Filling up the DagBag from /home/mnguyen0226/anaconda3/envs/learning_scraper/lib/python3.11/site-packages/airflow/example_dags/example_kubernetes_executor.py
[2023-08-20T21:13:12.553-0400] {logging_mixin.py:150} INFO - [2023-08-20T21:13:12.553-0400] {example_kubernetes_executor.py:41} WARNING - The example_kubernetes_executor example DAG requires the kubernetes provider. Please install it with: pip install apache-airflow[cncf.kubernetes]
[2023-08-20T21:13:12.553-0400] {processor.py:838} WARNING - No viable dags retrieved from /home/mnguyen0226/anaconda3/envs/learning_scraper/lib/python3.11/site-packages/airflow/example_dags/example_kubernetes_executor.py
[2023-08-20T21:13:12.566-0400] {processor.py:179} INFO - Processing /home/mnguyen0226/anaconda3/envs/learning_scraper/lib/python3.11/site-packages/airflow/example_dags/example_kubernetes_executor.py took 0.021 seconds
[2023-08-20T21:14:09.817-0400] {processor.py:157} INFO - Started process (PID=86081) to work on /home/mnguyen0226/anaconda3/envs/learning_scraper/lib/python3.11/site-packages/airflow/example_dags/example_kubernetes_executor.py
[2023-08-20T21:14:09.818-0400] {processor.py:826} INFO - Processing file /home/mnguyen0226/anaconda3/envs/learning_scraper/lib/python3.11/site-packages/airflow/example_dags/example_kubernetes_executor.py for tasks to queue
[2023-08-20T21:14:09.819-0400] {logging_mixin.py:150} INFO - [2023-08-20T21:14:09.818-0400] {dagbag.py:541} INFO - Filling up the DagBag from /home/mnguyen0226/anaconda3/envs/learning_scraper/lib/python3.11/site-packages/airflow/example_dags/example_kubernetes_executor.py
[2023-08-20T21:14:09.821-0400] {logging_mixin.py:150} INFO - [2023-08-20T21:14:09.821-0400] {example_kubernetes_executor.py:41} WARNING - The example_kubernetes_executor example DAG requires the kubernetes provider. Please install it with: pip install apache-airflow[cncf.kubernetes]
[2023-08-20T21:14:09.822-0400] {processor.py:838} WARNING - No viable dags retrieved from /home/mnguyen0226/anaconda3/envs/learning_scraper/lib/python3.11/site-packages/airflow/example_dags/example_kubernetes_executor.py
[2023-08-20T21:14:09.833-0400] {processor.py:179} INFO - Processing /home/mnguyen0226/anaconda3/envs/learning_scraper/lib/python3.11/site-packages/airflow/example_dags/example_kubernetes_executor.py took 0.019 seconds
[2023-08-20T21:15:07.663-0400] {processor.py:157} INFO - Started process (PID=86330) to work on /home/mnguyen0226/anaconda3/envs/learning_scraper/lib/python3.11/site-packages/airflow/example_dags/example_kubernetes_executor.py
[2023-08-20T21:15:07.664-0400] {processor.py:826} INFO - Processing file /home/mnguyen0226/anaconda3/envs/learning_scraper/lib/python3.11/site-packages/airflow/example_dags/example_kubernetes_executor.py for tasks to queue
[2023-08-20T21:15:07.666-0400] {logging_mixin.py:150} INFO - [2023-08-20T21:15:07.665-0400] {dagbag.py:541} INFO - Filling up the DagBag from /home/mnguyen0226/anaconda3/envs/learning_scraper/lib/python3.11/site-packages/airflow/example_dags/example_kubernetes_executor.py
[2023-08-20T21:15:07.671-0400] {logging_mixin.py:150} INFO - [2023-08-20T21:15:07.671-0400] {example_kubernetes_executor.py:41} WARNING - The example_kubernetes_executor example DAG requires the kubernetes provider. Please install it with: pip install apache-airflow[cncf.kubernetes]
[2023-08-20T21:15:07.672-0400] {processor.py:838} WARNING - No viable dags retrieved from /home/mnguyen0226/anaconda3/envs/learning_scraper/lib/python3.11/site-packages/airflow/example_dags/example_kubernetes_executor.py
[2023-08-20T21:15:07.686-0400] {processor.py:179} INFO - Processing /home/mnguyen0226/anaconda3/envs/learning_scraper/lib/python3.11/site-packages/airflow/example_dags/example_kubernetes_executor.py took 0.028 seconds
[2023-08-20T21:15:56.717-0400] {processor.py:157} INFO - Started process (PID=86475) to work on /home/mnguyen0226/anaconda3/envs/learning_scraper/lib/python3.11/site-packages/airflow/example_dags/example_kubernetes_executor.py
[2023-08-20T21:15:56.718-0400] {processor.py:826} INFO - Processing file /home/mnguyen0226/anaconda3/envs/learning_scraper/lib/python3.11/site-packages/airflow/example_dags/example_kubernetes_executor.py for tasks to queue
[2023-08-20T21:15:56.719-0400] {logging_mixin.py:150} INFO - [2023-08-20T21:15:56.718-0400] {dagbag.py:541} INFO - Filling up the DagBag from /home/mnguyen0226/anaconda3/envs/learning_scraper/lib/python3.11/site-packages/airflow/example_dags/example_kubernetes_executor.py
[2023-08-20T21:15:56.724-0400] {logging_mixin.py:150} INFO - [2023-08-20T21:15:56.724-0400] {example_kubernetes_executor.py:41} WARNING - The example_kubernetes_executor example DAG requires the kubernetes provider. Please install it with: pip install apache-airflow[cncf.kubernetes]
[2023-08-20T21:15:56.724-0400] {processor.py:838} WARNING - No viable dags retrieved from /home/mnguyen0226/anaconda3/envs/learning_scraper/lib/python3.11/site-packages/airflow/example_dags/example_kubernetes_executor.py
[2023-08-20T21:15:56.739-0400] {processor.py:179} INFO - Processing /home/mnguyen0226/anaconda3/envs/learning_scraper/lib/python3.11/site-packages/airflow/example_dags/example_kubernetes_executor.py took 0.027 seconds
[2023-08-20T21:16:52.356-0400] {processor.py:157} INFO - Started process (PID=86884) to work on /home/mnguyen0226/anaconda3/envs/learning_scraper/lib/python3.11/site-packages/airflow/example_dags/example_kubernetes_executor.py
[2023-08-20T21:16:52.365-0400] {processor.py:826} INFO - Processing file /home/mnguyen0226/anaconda3/envs/learning_scraper/lib/python3.11/site-packages/airflow/example_dags/example_kubernetes_executor.py for tasks to queue
[2023-08-20T21:16:52.367-0400] {logging_mixin.py:150} INFO - [2023-08-20T21:16:52.366-0400] {dagbag.py:541} INFO - Filling up the DagBag from /home/mnguyen0226/anaconda3/envs/learning_scraper/lib/python3.11/site-packages/airflow/example_dags/example_kubernetes_executor.py
[2023-08-20T21:16:52.375-0400] {logging_mixin.py:150} INFO - [2023-08-20T21:16:52.374-0400] {example_kubernetes_executor.py:41} WARNING - The example_kubernetes_executor example DAG requires the kubernetes provider. Please install it with: pip install apache-airflow[cncf.kubernetes]
[2023-08-20T21:16:52.376-0400] {processor.py:838} WARNING - No viable dags retrieved from /home/mnguyen0226/anaconda3/envs/learning_scraper/lib/python3.11/site-packages/airflow/example_dags/example_kubernetes_executor.py
[2023-08-20T21:16:52.394-0400] {processor.py:179} INFO - Processing /home/mnguyen0226/anaconda3/envs/learning_scraper/lib/python3.11/site-packages/airflow/example_dags/example_kubernetes_executor.py took 0.043 seconds
[2023-08-20T21:17:45.825-0400] {processor.py:157} INFO - Started process (PID=87125) to work on /home/mnguyen0226/anaconda3/envs/learning_scraper/lib/python3.11/site-packages/airflow/example_dags/example_kubernetes_executor.py
[2023-08-20T21:17:45.826-0400] {processor.py:826} INFO - Processing file /home/mnguyen0226/anaconda3/envs/learning_scraper/lib/python3.11/site-packages/airflow/example_dags/example_kubernetes_executor.py for tasks to queue
[2023-08-20T21:17:45.828-0400] {logging_mixin.py:150} INFO - [2023-08-20T21:17:45.827-0400] {dagbag.py:541} INFO - Filling up the DagBag from /home/mnguyen0226/anaconda3/envs/learning_scraper/lib/python3.11/site-packages/airflow/example_dags/example_kubernetes_executor.py
[2023-08-20T21:17:45.833-0400] {logging_mixin.py:150} INFO - [2023-08-20T21:17:45.833-0400] {example_kubernetes_executor.py:41} WARNING - The example_kubernetes_executor example DAG requires the kubernetes provider. Please install it with: pip install apache-airflow[cncf.kubernetes]
[2023-08-20T21:17:45.834-0400] {processor.py:838} WARNING - No viable dags retrieved from /home/mnguyen0226/anaconda3/envs/learning_scraper/lib/python3.11/site-packages/airflow/example_dags/example_kubernetes_executor.py
[2023-08-20T21:17:45.850-0400] {processor.py:179} INFO - Processing /home/mnguyen0226/anaconda3/envs/learning_scraper/lib/python3.11/site-packages/airflow/example_dags/example_kubernetes_executor.py took 0.029 seconds
[2023-08-20T21:18:41.812-0400] {processor.py:157} INFO - Started process (PID=87391) to work on /home/mnguyen0226/anaconda3/envs/learning_scraper/lib/python3.11/site-packages/airflow/example_dags/example_kubernetes_executor.py
[2023-08-20T21:18:41.822-0400] {processor.py:826} INFO - Processing file /home/mnguyen0226/anaconda3/envs/learning_scraper/lib/python3.11/site-packages/airflow/example_dags/example_kubernetes_executor.py for tasks to queue
[2023-08-20T21:18:41.823-0400] {logging_mixin.py:150} INFO - [2023-08-20T21:18:41.823-0400] {dagbag.py:541} INFO - Filling up the DagBag from /home/mnguyen0226/anaconda3/envs/learning_scraper/lib/python3.11/site-packages/airflow/example_dags/example_kubernetes_executor.py
[2023-08-20T21:18:41.828-0400] {logging_mixin.py:150} INFO - [2023-08-20T21:18:41.827-0400] {example_kubernetes_executor.py:41} WARNING - The example_kubernetes_executor example DAG requires the kubernetes provider. Please install it with: pip install apache-airflow[cncf.kubernetes]
[2023-08-20T21:18:41.828-0400] {processor.py:838} WARNING - No viable dags retrieved from /home/mnguyen0226/anaconda3/envs/learning_scraper/lib/python3.11/site-packages/airflow/example_dags/example_kubernetes_executor.py
[2023-08-20T21:18:41.845-0400] {processor.py:179} INFO - Processing /home/mnguyen0226/anaconda3/envs/learning_scraper/lib/python3.11/site-packages/airflow/example_dags/example_kubernetes_executor.py took 0.037 seconds
[2023-08-20T21:19:36.006-0400] {processor.py:157} INFO - Started process (PID=87827) to work on /home/mnguyen0226/anaconda3/envs/learning_scraper/lib/python3.11/site-packages/airflow/example_dags/example_kubernetes_executor.py
[2023-08-20T21:19:36.015-0400] {processor.py:826} INFO - Processing file /home/mnguyen0226/anaconda3/envs/learning_scraper/lib/python3.11/site-packages/airflow/example_dags/example_kubernetes_executor.py for tasks to queue
[2023-08-20T21:19:36.017-0400] {logging_mixin.py:150} INFO - [2023-08-20T21:19:36.016-0400] {dagbag.py:541} INFO - Filling up the DagBag from /home/mnguyen0226/anaconda3/envs/learning_scraper/lib/python3.11/site-packages/airflow/example_dags/example_kubernetes_executor.py
[2023-08-20T21:19:36.022-0400] {logging_mixin.py:150} INFO - [2023-08-20T21:19:36.022-0400] {example_kubernetes_executor.py:41} WARNING - The example_kubernetes_executor example DAG requires the kubernetes provider. Please install it with: pip install apache-airflow[cncf.kubernetes]
[2023-08-20T21:19:36.023-0400] {processor.py:838} WARNING - No viable dags retrieved from /home/mnguyen0226/anaconda3/envs/learning_scraper/lib/python3.11/site-packages/airflow/example_dags/example_kubernetes_executor.py
[2023-08-20T21:19:36.039-0400] {processor.py:179} INFO - Processing /home/mnguyen0226/anaconda3/envs/learning_scraper/lib/python3.11/site-packages/airflow/example_dags/example_kubernetes_executor.py took 0.037 seconds
[2023-08-20T21:20:29.359-0400] {processor.py:157} INFO - Started process (PID=88180) to work on /home/mnguyen0226/anaconda3/envs/learning_scraper/lib/python3.11/site-packages/airflow/example_dags/example_kubernetes_executor.py
[2023-08-20T21:20:29.360-0400] {processor.py:826} INFO - Processing file /home/mnguyen0226/anaconda3/envs/learning_scraper/lib/python3.11/site-packages/airflow/example_dags/example_kubernetes_executor.py for tasks to queue
[2023-08-20T21:20:29.362-0400] {logging_mixin.py:150} INFO - [2023-08-20T21:20:29.361-0400] {dagbag.py:541} INFO - Filling up the DagBag from /home/mnguyen0226/anaconda3/envs/learning_scraper/lib/python3.11/site-packages/airflow/example_dags/example_kubernetes_executor.py
[2023-08-20T21:20:29.367-0400] {logging_mixin.py:150} INFO - [2023-08-20T21:20:29.367-0400] {example_kubernetes_executor.py:41} WARNING - The example_kubernetes_executor example DAG requires the kubernetes provider. Please install it with: pip install apache-airflow[cncf.kubernetes]
[2023-08-20T21:20:29.367-0400] {processor.py:838} WARNING - No viable dags retrieved from /home/mnguyen0226/anaconda3/envs/learning_scraper/lib/python3.11/site-packages/airflow/example_dags/example_kubernetes_executor.py
[2023-08-20T21:20:29.385-0400] {processor.py:179} INFO - Processing /home/mnguyen0226/anaconda3/envs/learning_scraper/lib/python3.11/site-packages/airflow/example_dags/example_kubernetes_executor.py took 0.029 seconds
[2023-08-20T21:21:21.546-0400] {processor.py:157} INFO - Started process (PID=88333) to work on /home/mnguyen0226/anaconda3/envs/learning_scraper/lib/python3.11/site-packages/airflow/example_dags/example_kubernetes_executor.py
[2023-08-20T21:21:21.547-0400] {processor.py:826} INFO - Processing file /home/mnguyen0226/anaconda3/envs/learning_scraper/lib/python3.11/site-packages/airflow/example_dags/example_kubernetes_executor.py for tasks to queue
[2023-08-20T21:21:21.548-0400] {logging_mixin.py:150} INFO - [2023-08-20T21:21:21.548-0400] {dagbag.py:541} INFO - Filling up the DagBag from /home/mnguyen0226/anaconda3/envs/learning_scraper/lib/python3.11/site-packages/airflow/example_dags/example_kubernetes_executor.py
[2023-08-20T21:21:21.553-0400] {logging_mixin.py:150} INFO - [2023-08-20T21:21:21.553-0400] {example_kubernetes_executor.py:41} WARNING - The example_kubernetes_executor example DAG requires the kubernetes provider. Please install it with: pip install apache-airflow[cncf.kubernetes]
[2023-08-20T21:21:21.554-0400] {processor.py:838} WARNING - No viable dags retrieved from /home/mnguyen0226/anaconda3/envs/learning_scraper/lib/python3.11/site-packages/airflow/example_dags/example_kubernetes_executor.py
[2023-08-20T21:21:21.570-0400] {processor.py:179} INFO - Processing /home/mnguyen0226/anaconda3/envs/learning_scraper/lib/python3.11/site-packages/airflow/example_dags/example_kubernetes_executor.py took 0.028 seconds
