[2023-08-20T21:00:48.281-0400] {processor.py:157} INFO - Started process (PID=80669) to work on /home/mnguyen0226/anaconda3/envs/learning_scraper/lib/python3.11/site-packages/airflow/example_dags/example_skip_dag.py
[2023-08-20T21:00:48.281-0400] {processor.py:826} INFO - Processing file /home/mnguyen0226/anaconda3/envs/learning_scraper/lib/python3.11/site-packages/airflow/example_dags/example_skip_dag.py for tasks to queue
[2023-08-20T21:00:48.282-0400] {logging_mixin.py:150} INFO - [2023-08-20T21:00:48.282-0400] {dagbag.py:541} INFO - Filling up the DagBag from /home/mnguyen0226/anaconda3/envs/learning_scraper/lib/python3.11/site-packages/airflow/example_dags/example_skip_dag.py
[2023-08-20T21:00:48.290-0400] {processor.py:836} INFO - DAG(s) dict_keys(['example_skip_dag']) retrieved from /home/mnguyen0226/anaconda3/envs/learning_scraper/lib/python3.11/site-packages/airflow/example_dags/example_skip_dag.py
[2023-08-20T21:00:48.309-0400] {logging_mixin.py:150} INFO - [2023-08-20T21:00:48.308-0400] {dag.py:2742} INFO - Sync 1 DAGs
[2023-08-20T21:00:48.331-0400] {logging_mixin.py:150} INFO - [2023-08-20T21:00:48.330-0400] {dag.py:3504} INFO - Setting next_dagrun for example_skip_dag to 2023-08-20T01:00:48.330391+00:00, run_after=2023-08-21T01:00:48.330391+00:00
[2023-08-20T21:00:48.376-0400] {processor.py:179} INFO - Processing /home/mnguyen0226/anaconda3/envs/learning_scraper/lib/python3.11/site-packages/airflow/example_dags/example_skip_dag.py took 0.097 seconds
[2023-08-20T21:01:39.036-0400] {processor.py:157} INFO - Started process (PID=80962) to work on /home/mnguyen0226/anaconda3/envs/learning_scraper/lib/python3.11/site-packages/airflow/example_dags/example_skip_dag.py
[2023-08-20T21:01:39.037-0400] {processor.py:826} INFO - Processing file /home/mnguyen0226/anaconda3/envs/learning_scraper/lib/python3.11/site-packages/airflow/example_dags/example_skip_dag.py for tasks to queue
[2023-08-20T21:01:39.038-0400] {logging_mixin.py:150} INFO - [2023-08-20T21:01:39.038-0400] {dagbag.py:541} INFO - Filling up the DagBag from /home/mnguyen0226/anaconda3/envs/learning_scraper/lib/python3.11/site-packages/airflow/example_dags/example_skip_dag.py
[2023-08-20T21:01:39.048-0400] {processor.py:836} INFO - DAG(s) dict_keys(['example_skip_dag']) retrieved from /home/mnguyen0226/anaconda3/envs/learning_scraper/lib/python3.11/site-packages/airflow/example_dags/example_skip_dag.py
[2023-08-20T21:01:39.066-0400] {logging_mixin.py:150} INFO - [2023-08-20T21:01:39.066-0400] {dag.py:2742} INFO - Sync 1 DAGs
[2023-08-20T21:01:39.090-0400] {logging_mixin.py:150} INFO - [2023-08-20T21:01:39.090-0400] {dag.py:3504} INFO - Setting next_dagrun for example_skip_dag to 2023-08-20T01:01:39.090119+00:00, run_after=2023-08-21T01:01:39.090119+00:00
[2023-08-20T21:01:39.126-0400] {processor.py:179} INFO - Processing /home/mnguyen0226/anaconda3/envs/learning_scraper/lib/python3.11/site-packages/airflow/example_dags/example_skip_dag.py took 0.093 seconds
[2023-08-20T21:03:46.923-0400] {processor.py:157} INFO - Started process (PID=82360) to work on /home/mnguyen0226/anaconda3/envs/learning_scraper/lib/python3.11/site-packages/airflow/example_dags/example_skip_dag.py
[2023-08-20T21:03:46.924-0400] {processor.py:826} INFO - Processing file /home/mnguyen0226/anaconda3/envs/learning_scraper/lib/python3.11/site-packages/airflow/example_dags/example_skip_dag.py for tasks to queue
[2023-08-20T21:03:46.925-0400] {logging_mixin.py:150} INFO - [2023-08-20T21:03:46.924-0400] {dagbag.py:541} INFO - Filling up the DagBag from /home/mnguyen0226/anaconda3/envs/learning_scraper/lib/python3.11/site-packages/airflow/example_dags/example_skip_dag.py
[2023-08-20T21:03:46.936-0400] {processor.py:836} INFO - DAG(s) dict_keys(['example_skip_dag']) retrieved from /home/mnguyen0226/anaconda3/envs/learning_scraper/lib/python3.11/site-packages/airflow/example_dags/example_skip_dag.py
[2023-08-20T21:03:46.956-0400] {logging_mixin.py:150} INFO - [2023-08-20T21:03:46.956-0400] {dag.py:2742} INFO - Sync 1 DAGs
[2023-08-20T21:03:46.980-0400] {logging_mixin.py:150} INFO - [2023-08-20T21:03:46.980-0400] {dag.py:3504} INFO - Setting next_dagrun for example_skip_dag to 2023-08-20T01:03:46.979984+00:00, run_after=2023-08-21T01:03:46.979984+00:00
[2023-08-20T21:03:47.018-0400] {processor.py:179} INFO - Processing /home/mnguyen0226/anaconda3/envs/learning_scraper/lib/python3.11/site-packages/airflow/example_dags/example_skip_dag.py took 0.098 seconds
[2023-08-20T21:04:38.330-0400] {processor.py:157} INFO - Started process (PID=83077) to work on /home/mnguyen0226/anaconda3/envs/learning_scraper/lib/python3.11/site-packages/airflow/example_dags/example_skip_dag.py
[2023-08-20T21:04:38.331-0400] {processor.py:826} INFO - Processing file /home/mnguyen0226/anaconda3/envs/learning_scraper/lib/python3.11/site-packages/airflow/example_dags/example_skip_dag.py for tasks to queue
[2023-08-20T21:04:38.333-0400] {logging_mixin.py:150} INFO - [2023-08-20T21:04:38.332-0400] {dagbag.py:541} INFO - Filling up the DagBag from /home/mnguyen0226/anaconda3/envs/learning_scraper/lib/python3.11/site-packages/airflow/example_dags/example_skip_dag.py
[2023-08-20T21:04:38.342-0400] {processor.py:836} INFO - DAG(s) dict_keys(['example_skip_dag']) retrieved from /home/mnguyen0226/anaconda3/envs/learning_scraper/lib/python3.11/site-packages/airflow/example_dags/example_skip_dag.py
[2023-08-20T21:04:38.359-0400] {logging_mixin.py:150} INFO - [2023-08-20T21:04:38.359-0400] {dag.py:2742} INFO - Sync 1 DAGs
[2023-08-20T21:04:38.378-0400] {logging_mixin.py:150} INFO - [2023-08-20T21:04:38.378-0400] {dag.py:3504} INFO - Setting next_dagrun for example_skip_dag to 2023-08-20T01:04:38.378396+00:00, run_after=2023-08-21T01:04:38.378396+00:00
[2023-08-20T21:04:38.402-0400] {processor.py:179} INFO - Processing /home/mnguyen0226/anaconda3/envs/learning_scraper/lib/python3.11/site-packages/airflow/example_dags/example_skip_dag.py took 0.077 seconds
[2023-08-20T21:05:34.576-0400] {processor.py:157} INFO - Started process (PID=83388) to work on /home/mnguyen0226/anaconda3/envs/learning_scraper/lib/python3.11/site-packages/airflow/example_dags/example_skip_dag.py
[2023-08-20T21:05:34.577-0400] {processor.py:826} INFO - Processing file /home/mnguyen0226/anaconda3/envs/learning_scraper/lib/python3.11/site-packages/airflow/example_dags/example_skip_dag.py for tasks to queue
[2023-08-20T21:05:34.578-0400] {logging_mixin.py:150} INFO - [2023-08-20T21:05:34.578-0400] {dagbag.py:541} INFO - Filling up the DagBag from /home/mnguyen0226/anaconda3/envs/learning_scraper/lib/python3.11/site-packages/airflow/example_dags/example_skip_dag.py
[2023-08-20T21:05:34.588-0400] {processor.py:836} INFO - DAG(s) dict_keys(['example_skip_dag']) retrieved from /home/mnguyen0226/anaconda3/envs/learning_scraper/lib/python3.11/site-packages/airflow/example_dags/example_skip_dag.py
[2023-08-20T21:05:34.605-0400] {logging_mixin.py:150} INFO - [2023-08-20T21:05:34.605-0400] {dag.py:2742} INFO - Sync 1 DAGs
[2023-08-20T21:05:34.621-0400] {logging_mixin.py:150} INFO - [2023-08-20T21:05:34.621-0400] {dag.py:3504} INFO - Setting next_dagrun for example_skip_dag to 2023-08-20T01:05:34.621187+00:00, run_after=2023-08-21T01:05:34.621187+00:00
[2023-08-20T21:05:34.648-0400] {processor.py:179} INFO - Processing /home/mnguyen0226/anaconda3/envs/learning_scraper/lib/python3.11/site-packages/airflow/example_dags/example_skip_dag.py took 0.076 seconds
[2023-08-20T21:06:25.774-0400] {processor.py:157} INFO - Started process (PID=83612) to work on /home/mnguyen0226/anaconda3/envs/learning_scraper/lib/python3.11/site-packages/airflow/example_dags/example_skip_dag.py
[2023-08-20T21:06:25.775-0400] {processor.py:826} INFO - Processing file /home/mnguyen0226/anaconda3/envs/learning_scraper/lib/python3.11/site-packages/airflow/example_dags/example_skip_dag.py for tasks to queue
[2023-08-20T21:06:25.777-0400] {logging_mixin.py:150} INFO - [2023-08-20T21:06:25.776-0400] {dagbag.py:541} INFO - Filling up the DagBag from /home/mnguyen0226/anaconda3/envs/learning_scraper/lib/python3.11/site-packages/airflow/example_dags/example_skip_dag.py
[2023-08-20T21:06:25.788-0400] {processor.py:836} INFO - DAG(s) dict_keys(['example_skip_dag']) retrieved from /home/mnguyen0226/anaconda3/envs/learning_scraper/lib/python3.11/site-packages/airflow/example_dags/example_skip_dag.py
[2023-08-20T21:06:25.810-0400] {logging_mixin.py:150} INFO - [2023-08-20T21:06:25.810-0400] {dag.py:2742} INFO - Sync 1 DAGs
[2023-08-20T21:06:25.826-0400] {logging_mixin.py:150} INFO - [2023-08-20T21:06:25.826-0400] {dag.py:3504} INFO - Setting next_dagrun for example_skip_dag to 2023-08-20T01:06:25.825957+00:00, run_after=2023-08-21T01:06:25.825957+00:00
[2023-08-20T21:06:25.849-0400] {processor.py:179} INFO - Processing /home/mnguyen0226/anaconda3/envs/learning_scraper/lib/python3.11/site-packages/airflow/example_dags/example_skip_dag.py took 0.079 seconds
[2023-08-20T21:07:29.112-0400] {processor.py:157} INFO - Started process (PID=83909) to work on /home/mnguyen0226/anaconda3/envs/learning_scraper/lib/python3.11/site-packages/airflow/example_dags/example_skip_dag.py
[2023-08-20T21:07:29.122-0400] {processor.py:826} INFO - Processing file /home/mnguyen0226/anaconda3/envs/learning_scraper/lib/python3.11/site-packages/airflow/example_dags/example_skip_dag.py for tasks to queue
[2023-08-20T21:07:29.124-0400] {logging_mixin.py:150} INFO - [2023-08-20T21:07:29.123-0400] {dagbag.py:541} INFO - Filling up the DagBag from /home/mnguyen0226/anaconda3/envs/learning_scraper/lib/python3.11/site-packages/airflow/example_dags/example_skip_dag.py
[2023-08-20T21:07:29.138-0400] {processor.py:836} INFO - DAG(s) dict_keys(['example_skip_dag']) retrieved from /home/mnguyen0226/anaconda3/envs/learning_scraper/lib/python3.11/site-packages/airflow/example_dags/example_skip_dag.py
[2023-08-20T21:07:29.255-0400] {logging_mixin.py:150} INFO - [2023-08-20T21:07:29.255-0400] {dag.py:2742} INFO - Sync 1 DAGs
[2023-08-20T21:07:29.268-0400] {logging_mixin.py:150} INFO - [2023-08-20T21:07:29.267-0400] {dag.py:3504} INFO - Setting next_dagrun for example_skip_dag to 2023-08-20T01:07:29.267717+00:00, run_after=2023-08-21T01:07:29.267717+00:00
[2023-08-20T21:07:29.289-0400] {processor.py:179} INFO - Processing /home/mnguyen0226/anaconda3/envs/learning_scraper/lib/python3.11/site-packages/airflow/example_dags/example_skip_dag.py took 0.182 seconds
[2023-08-20T21:08:26.727-0400] {processor.py:157} INFO - Started process (PID=84152) to work on /home/mnguyen0226/anaconda3/envs/learning_scraper/lib/python3.11/site-packages/airflow/example_dags/example_skip_dag.py
[2023-08-20T21:08:26.736-0400] {processor.py:826} INFO - Processing file /home/mnguyen0226/anaconda3/envs/learning_scraper/lib/python3.11/site-packages/airflow/example_dags/example_skip_dag.py for tasks to queue
[2023-08-20T21:08:26.737-0400] {logging_mixin.py:150} INFO - [2023-08-20T21:08:26.737-0400] {dagbag.py:541} INFO - Filling up the DagBag from /home/mnguyen0226/anaconda3/envs/learning_scraper/lib/python3.11/site-packages/airflow/example_dags/example_skip_dag.py
[2023-08-20T21:08:26.745-0400] {processor.py:836} INFO - DAG(s) dict_keys(['example_skip_dag']) retrieved from /home/mnguyen0226/anaconda3/envs/learning_scraper/lib/python3.11/site-packages/airflow/example_dags/example_skip_dag.py
[2023-08-20T21:08:26.761-0400] {logging_mixin.py:150} INFO - [2023-08-20T21:08:26.761-0400] {dag.py:2742} INFO - Sync 1 DAGs
[2023-08-20T21:08:26.779-0400] {logging_mixin.py:150} INFO - [2023-08-20T21:08:26.779-0400] {dag.py:3504} INFO - Setting next_dagrun for example_skip_dag to 2023-08-20T01:08:26.779028+00:00, run_after=2023-08-21T01:08:26.779028+00:00
[2023-08-20T21:08:26.809-0400] {processor.py:179} INFO - Processing /home/mnguyen0226/anaconda3/envs/learning_scraper/lib/python3.11/site-packages/airflow/example_dags/example_skip_dag.py took 0.085 seconds
[2023-08-20T21:09:21.085-0400] {processor.py:157} INFO - Started process (PID=84369) to work on /home/mnguyen0226/anaconda3/envs/learning_scraper/lib/python3.11/site-packages/airflow/example_dags/example_skip_dag.py
[2023-08-20T21:09:21.086-0400] {processor.py:826} INFO - Processing file /home/mnguyen0226/anaconda3/envs/learning_scraper/lib/python3.11/site-packages/airflow/example_dags/example_skip_dag.py for tasks to queue
[2023-08-20T21:09:21.087-0400] {logging_mixin.py:150} INFO - [2023-08-20T21:09:21.087-0400] {dagbag.py:541} INFO - Filling up the DagBag from /home/mnguyen0226/anaconda3/envs/learning_scraper/lib/python3.11/site-packages/airflow/example_dags/example_skip_dag.py
[2023-08-20T21:09:21.094-0400] {processor.py:836} INFO - DAG(s) dict_keys(['example_skip_dag']) retrieved from /home/mnguyen0226/anaconda3/envs/learning_scraper/lib/python3.11/site-packages/airflow/example_dags/example_skip_dag.py
[2023-08-20T21:09:21.121-0400] {logging_mixin.py:150} INFO - [2023-08-20T21:09:21.120-0400] {dag.py:2742} INFO - Sync 1 DAGs
[2023-08-20T21:09:21.157-0400] {logging_mixin.py:150} INFO - [2023-08-20T21:09:21.156-0400] {dag.py:3504} INFO - Setting next_dagrun for example_skip_dag to 2023-08-20T01:09:21.156457+00:00, run_after=2023-08-21T01:09:21.156457+00:00
[2023-08-20T21:09:21.194-0400] {processor.py:179} INFO - Processing /home/mnguyen0226/anaconda3/envs/learning_scraper/lib/python3.11/site-packages/airflow/example_dags/example_skip_dag.py took 0.111 seconds
[2023-08-20T21:10:15.804-0400] {processor.py:157} INFO - Started process (PID=84708) to work on /home/mnguyen0226/anaconda3/envs/learning_scraper/lib/python3.11/site-packages/airflow/example_dags/example_skip_dag.py
[2023-08-20T21:10:15.805-0400] {processor.py:826} INFO - Processing file /home/mnguyen0226/anaconda3/envs/learning_scraper/lib/python3.11/site-packages/airflow/example_dags/example_skip_dag.py for tasks to queue
[2023-08-20T21:10:15.806-0400] {logging_mixin.py:150} INFO - [2023-08-20T21:10:15.806-0400] {dagbag.py:541} INFO - Filling up the DagBag from /home/mnguyen0226/anaconda3/envs/learning_scraper/lib/python3.11/site-packages/airflow/example_dags/example_skip_dag.py
[2023-08-20T21:10:15.820-0400] {processor.py:836} INFO - DAG(s) dict_keys(['example_skip_dag']) retrieved from /home/mnguyen0226/anaconda3/envs/learning_scraper/lib/python3.11/site-packages/airflow/example_dags/example_skip_dag.py
[2023-08-20T21:10:15.850-0400] {logging_mixin.py:150} INFO - [2023-08-20T21:10:15.850-0400] {dag.py:2742} INFO - Sync 1 DAGs
[2023-08-20T21:10:15.885-0400] {logging_mixin.py:150} INFO - [2023-08-20T21:10:15.884-0400] {dag.py:3504} INFO - Setting next_dagrun for example_skip_dag to 2023-08-20T01:10:15.884646+00:00, run_after=2023-08-21T01:10:15.884646+00:00
[2023-08-20T21:10:15.918-0400] {processor.py:179} INFO - Processing /home/mnguyen0226/anaconda3/envs/learning_scraper/lib/python3.11/site-packages/airflow/example_dags/example_skip_dag.py took 0.121 seconds
[2023-08-20T21:11:13.879-0400] {processor.py:157} INFO - Started process (PID=84938) to work on /home/mnguyen0226/anaconda3/envs/learning_scraper/lib/python3.11/site-packages/airflow/example_dags/example_skip_dag.py
[2023-08-20T21:11:13.889-0400] {processor.py:826} INFO - Processing file /home/mnguyen0226/anaconda3/envs/learning_scraper/lib/python3.11/site-packages/airflow/example_dags/example_skip_dag.py for tasks to queue
[2023-08-20T21:11:13.890-0400] {logging_mixin.py:150} INFO - [2023-08-20T21:11:13.889-0400] {dagbag.py:541} INFO - Filling up the DagBag from /home/mnguyen0226/anaconda3/envs/learning_scraper/lib/python3.11/site-packages/airflow/example_dags/example_skip_dag.py
[2023-08-20T21:11:13.902-0400] {processor.py:836} INFO - DAG(s) dict_keys(['example_skip_dag']) retrieved from /home/mnguyen0226/anaconda3/envs/learning_scraper/lib/python3.11/site-packages/airflow/example_dags/example_skip_dag.py
[2023-08-20T21:11:13.930-0400] {logging_mixin.py:150} INFO - [2023-08-20T21:11:13.930-0400] {dag.py:2742} INFO - Sync 1 DAGs
[2023-08-20T21:11:13.960-0400] {logging_mixin.py:150} INFO - [2023-08-20T21:11:13.960-0400] {dag.py:3504} INFO - Setting next_dagrun for example_skip_dag to 2023-08-20T01:11:13.960143+00:00, run_after=2023-08-21T01:11:13.960143+00:00
[2023-08-20T21:11:14.002-0400] {processor.py:179} INFO - Processing /home/mnguyen0226/anaconda3/envs/learning_scraper/lib/python3.11/site-packages/airflow/example_dags/example_skip_dag.py took 0.127 seconds
[2023-08-20T21:12:04.969-0400] {processor.py:157} INFO - Started process (PID=85137) to work on /home/mnguyen0226/anaconda3/envs/learning_scraper/lib/python3.11/site-packages/airflow/example_dags/example_skip_dag.py
[2023-08-20T21:12:04.970-0400] {processor.py:826} INFO - Processing file /home/mnguyen0226/anaconda3/envs/learning_scraper/lib/python3.11/site-packages/airflow/example_dags/example_skip_dag.py for tasks to queue
[2023-08-20T21:12:04.971-0400] {logging_mixin.py:150} INFO - [2023-08-20T21:12:04.970-0400] {dagbag.py:541} INFO - Filling up the DagBag from /home/mnguyen0226/anaconda3/envs/learning_scraper/lib/python3.11/site-packages/airflow/example_dags/example_skip_dag.py
[2023-08-20T21:12:04.979-0400] {processor.py:836} INFO - DAG(s) dict_keys(['example_skip_dag']) retrieved from /home/mnguyen0226/anaconda3/envs/learning_scraper/lib/python3.11/site-packages/airflow/example_dags/example_skip_dag.py
[2023-08-20T21:12:05.001-0400] {logging_mixin.py:150} INFO - [2023-08-20T21:12:05.001-0400] {dag.py:2742} INFO - Sync 1 DAGs
[2023-08-20T21:12:05.025-0400] {logging_mixin.py:150} INFO - [2023-08-20T21:12:05.024-0400] {dag.py:3504} INFO - Setting next_dagrun for example_skip_dag to 2023-08-20T01:12:05.024731+00:00, run_after=2023-08-21T01:12:05.024731+00:00
[2023-08-20T21:12:05.053-0400] {processor.py:179} INFO - Processing /home/mnguyen0226/anaconda3/envs/learning_scraper/lib/python3.11/site-packages/airflow/example_dags/example_skip_dag.py took 0.087 seconds
[2023-08-20T21:13:00.700-0400] {processor.py:157} INFO - Started process (PID=85731) to work on /home/mnguyen0226/anaconda3/envs/learning_scraper/lib/python3.11/site-packages/airflow/example_dags/example_skip_dag.py
[2023-08-20T21:13:00.709-0400] {processor.py:826} INFO - Processing file /home/mnguyen0226/anaconda3/envs/learning_scraper/lib/python3.11/site-packages/airflow/example_dags/example_skip_dag.py for tasks to queue
[2023-08-20T21:13:00.711-0400] {logging_mixin.py:150} INFO - [2023-08-20T21:13:00.710-0400] {dagbag.py:541} INFO - Filling up the DagBag from /home/mnguyen0226/anaconda3/envs/learning_scraper/lib/python3.11/site-packages/airflow/example_dags/example_skip_dag.py
[2023-08-20T21:13:00.724-0400] {processor.py:836} INFO - DAG(s) dict_keys(['example_skip_dag']) retrieved from /home/mnguyen0226/anaconda3/envs/learning_scraper/lib/python3.11/site-packages/airflow/example_dags/example_skip_dag.py
[2023-08-20T21:13:00.749-0400] {logging_mixin.py:150} INFO - [2023-08-20T21:13:00.749-0400] {dag.py:2742} INFO - Sync 1 DAGs
[2023-08-20T21:13:00.779-0400] {logging_mixin.py:150} INFO - [2023-08-20T21:13:00.778-0400] {dag.py:3504} INFO - Setting next_dagrun for example_skip_dag to 2023-08-20T01:13:00.778492+00:00, run_after=2023-08-21T01:13:00.778492+00:00
[2023-08-20T21:13:00.811-0400] {processor.py:179} INFO - Processing /home/mnguyen0226/anaconda3/envs/learning_scraper/lib/python3.11/site-packages/airflow/example_dags/example_skip_dag.py took 0.115 seconds
[2023-08-20T21:13:59.081-0400] {processor.py:157} INFO - Started process (PID=86024) to work on /home/mnguyen0226/anaconda3/envs/learning_scraper/lib/python3.11/site-packages/airflow/example_dags/example_skip_dag.py
[2023-08-20T21:13:59.082-0400] {processor.py:826} INFO - Processing file /home/mnguyen0226/anaconda3/envs/learning_scraper/lib/python3.11/site-packages/airflow/example_dags/example_skip_dag.py for tasks to queue
[2023-08-20T21:13:59.083-0400] {logging_mixin.py:150} INFO - [2023-08-20T21:13:59.082-0400] {dagbag.py:541} INFO - Filling up the DagBag from /home/mnguyen0226/anaconda3/envs/learning_scraper/lib/python3.11/site-packages/airflow/example_dags/example_skip_dag.py
[2023-08-20T21:13:59.091-0400] {processor.py:836} INFO - DAG(s) dict_keys(['example_skip_dag']) retrieved from /home/mnguyen0226/anaconda3/envs/learning_scraper/lib/python3.11/site-packages/airflow/example_dags/example_skip_dag.py
[2023-08-20T21:13:59.110-0400] {logging_mixin.py:150} INFO - [2023-08-20T21:13:59.109-0400] {dag.py:2742} INFO - Sync 1 DAGs
[2023-08-20T21:13:59.131-0400] {logging_mixin.py:150} INFO - [2023-08-20T21:13:59.131-0400] {dag.py:3504} INFO - Setting next_dagrun for example_skip_dag to 2023-08-20T01:13:59.130656+00:00, run_after=2023-08-21T01:13:59.130656+00:00
[2023-08-20T21:13:59.158-0400] {processor.py:179} INFO - Processing /home/mnguyen0226/anaconda3/envs/learning_scraper/lib/python3.11/site-packages/airflow/example_dags/example_skip_dag.py took 0.080 seconds
[2023-08-20T21:14:57.446-0400] {processor.py:157} INFO - Started process (PID=86305) to work on /home/mnguyen0226/anaconda3/envs/learning_scraper/lib/python3.11/site-packages/airflow/example_dags/example_skip_dag.py
[2023-08-20T21:14:57.456-0400] {processor.py:826} INFO - Processing file /home/mnguyen0226/anaconda3/envs/learning_scraper/lib/python3.11/site-packages/airflow/example_dags/example_skip_dag.py for tasks to queue
[2023-08-20T21:14:57.457-0400] {logging_mixin.py:150} INFO - [2023-08-20T21:14:57.456-0400] {dagbag.py:541} INFO - Filling up the DagBag from /home/mnguyen0226/anaconda3/envs/learning_scraper/lib/python3.11/site-packages/airflow/example_dags/example_skip_dag.py
[2023-08-20T21:14:57.469-0400] {processor.py:836} INFO - DAG(s) dict_keys(['example_skip_dag']) retrieved from /home/mnguyen0226/anaconda3/envs/learning_scraper/lib/python3.11/site-packages/airflow/example_dags/example_skip_dag.py
[2023-08-20T21:14:57.491-0400] {logging_mixin.py:150} INFO - [2023-08-20T21:14:57.491-0400] {dag.py:2742} INFO - Sync 1 DAGs
[2023-08-20T21:14:57.513-0400] {logging_mixin.py:150} INFO - [2023-08-20T21:14:57.512-0400] {dag.py:3504} INFO - Setting next_dagrun for example_skip_dag to 2023-08-20T01:14:57.512481+00:00, run_after=2023-08-21T01:14:57.512481+00:00
[2023-08-20T21:14:57.535-0400] {processor.py:179} INFO - Processing /home/mnguyen0226/anaconda3/envs/learning_scraper/lib/python3.11/site-packages/airflow/example_dags/example_skip_dag.py took 0.091 seconds
[2023-08-20T21:15:47.172-0400] {processor.py:157} INFO - Started process (PID=86432) to work on /home/mnguyen0226/anaconda3/envs/learning_scraper/lib/python3.11/site-packages/airflow/example_dags/example_skip_dag.py
[2023-08-20T21:15:47.173-0400] {processor.py:826} INFO - Processing file /home/mnguyen0226/anaconda3/envs/learning_scraper/lib/python3.11/site-packages/airflow/example_dags/example_skip_dag.py for tasks to queue
[2023-08-20T21:15:47.175-0400] {logging_mixin.py:150} INFO - [2023-08-20T21:15:47.174-0400] {dagbag.py:541} INFO - Filling up the DagBag from /home/mnguyen0226/anaconda3/envs/learning_scraper/lib/python3.11/site-packages/airflow/example_dags/example_skip_dag.py
[2023-08-20T21:15:47.187-0400] {processor.py:836} INFO - DAG(s) dict_keys(['example_skip_dag']) retrieved from /home/mnguyen0226/anaconda3/envs/learning_scraper/lib/python3.11/site-packages/airflow/example_dags/example_skip_dag.py
[2023-08-20T21:15:47.211-0400] {logging_mixin.py:150} INFO - [2023-08-20T21:15:47.211-0400] {dag.py:2742} INFO - Sync 1 DAGs
[2023-08-20T21:15:47.236-0400] {logging_mixin.py:150} INFO - [2023-08-20T21:15:47.236-0400] {dag.py:3504} INFO - Setting next_dagrun for example_skip_dag to 2023-08-20T01:15:47.235898+00:00, run_after=2023-08-21T01:15:47.235898+00:00
[2023-08-20T21:15:47.272-0400] {processor.py:179} INFO - Processing /home/mnguyen0226/anaconda3/envs/learning_scraper/lib/python3.11/site-packages/airflow/example_dags/example_skip_dag.py took 0.105 seconds
[2023-08-20T21:16:42.257-0400] {processor.py:157} INFO - Started process (PID=86800) to work on /home/mnguyen0226/anaconda3/envs/learning_scraper/lib/python3.11/site-packages/airflow/example_dags/example_skip_dag.py
[2023-08-20T21:16:42.266-0400] {processor.py:826} INFO - Processing file /home/mnguyen0226/anaconda3/envs/learning_scraper/lib/python3.11/site-packages/airflow/example_dags/example_skip_dag.py for tasks to queue
[2023-08-20T21:16:42.268-0400] {logging_mixin.py:150} INFO - [2023-08-20T21:16:42.267-0400] {dagbag.py:541} INFO - Filling up the DagBag from /home/mnguyen0226/anaconda3/envs/learning_scraper/lib/python3.11/site-packages/airflow/example_dags/example_skip_dag.py
[2023-08-20T21:16:42.275-0400] {processor.py:836} INFO - DAG(s) dict_keys(['example_skip_dag']) retrieved from /home/mnguyen0226/anaconda3/envs/learning_scraper/lib/python3.11/site-packages/airflow/example_dags/example_skip_dag.py
[2023-08-20T21:16:42.289-0400] {logging_mixin.py:150} INFO - [2023-08-20T21:16:42.289-0400] {dag.py:2742} INFO - Sync 1 DAGs
[2023-08-20T21:16:42.304-0400] {logging_mixin.py:150} INFO - [2023-08-20T21:16:42.304-0400] {dag.py:3504} INFO - Setting next_dagrun for example_skip_dag to 2023-08-20T01:16:42.304054+00:00, run_after=2023-08-21T01:16:42.304054+00:00
[2023-08-20T21:16:42.338-0400] {processor.py:179} INFO - Processing /home/mnguyen0226/anaconda3/envs/learning_scraper/lib/python3.11/site-packages/airflow/example_dags/example_skip_dag.py took 0.083 seconds
[2023-08-20T21:17:36.546-0400] {processor.py:157} INFO - Started process (PID=87061) to work on /home/mnguyen0226/anaconda3/envs/learning_scraper/lib/python3.11/site-packages/airflow/example_dags/example_skip_dag.py
[2023-08-20T21:17:36.547-0400] {processor.py:826} INFO - Processing file /home/mnguyen0226/anaconda3/envs/learning_scraper/lib/python3.11/site-packages/airflow/example_dags/example_skip_dag.py for tasks to queue
[2023-08-20T21:17:36.547-0400] {logging_mixin.py:150} INFO - [2023-08-20T21:17:36.547-0400] {dagbag.py:541} INFO - Filling up the DagBag from /home/mnguyen0226/anaconda3/envs/learning_scraper/lib/python3.11/site-packages/airflow/example_dags/example_skip_dag.py
[2023-08-20T21:17:36.554-0400] {processor.py:836} INFO - DAG(s) dict_keys(['example_skip_dag']) retrieved from /home/mnguyen0226/anaconda3/envs/learning_scraper/lib/python3.11/site-packages/airflow/example_dags/example_skip_dag.py
[2023-08-20T21:17:36.572-0400] {logging_mixin.py:150} INFO - [2023-08-20T21:17:36.571-0400] {dag.py:2742} INFO - Sync 1 DAGs
[2023-08-20T21:17:36.600-0400] {logging_mixin.py:150} INFO - [2023-08-20T21:17:36.599-0400] {dag.py:3504} INFO - Setting next_dagrun for example_skip_dag to 2023-08-20T01:17:36.599533+00:00, run_after=2023-08-21T01:17:36.599533+00:00
[2023-08-20T21:17:36.636-0400] {processor.py:179} INFO - Processing /home/mnguyen0226/anaconda3/envs/learning_scraper/lib/python3.11/site-packages/airflow/example_dags/example_skip_dag.py took 0.092 seconds
[2023-08-20T21:18:31.740-0400] {processor.py:157} INFO - Started process (PID=87380) to work on /home/mnguyen0226/anaconda3/envs/learning_scraper/lib/python3.11/site-packages/airflow/example_dags/example_skip_dag.py
[2023-08-20T21:18:31.741-0400] {processor.py:826} INFO - Processing file /home/mnguyen0226/anaconda3/envs/learning_scraper/lib/python3.11/site-packages/airflow/example_dags/example_skip_dag.py for tasks to queue
[2023-08-20T21:18:31.743-0400] {logging_mixin.py:150} INFO - [2023-08-20T21:18:31.742-0400] {dagbag.py:541} INFO - Filling up the DagBag from /home/mnguyen0226/anaconda3/envs/learning_scraper/lib/python3.11/site-packages/airflow/example_dags/example_skip_dag.py
[2023-08-20T21:18:31.754-0400] {processor.py:836} INFO - DAG(s) dict_keys(['example_skip_dag']) retrieved from /home/mnguyen0226/anaconda3/envs/learning_scraper/lib/python3.11/site-packages/airflow/example_dags/example_skip_dag.py
[2023-08-20T21:18:31.776-0400] {logging_mixin.py:150} INFO - [2023-08-20T21:18:31.775-0400] {dag.py:2742} INFO - Sync 1 DAGs
[2023-08-20T21:18:31.790-0400] {logging_mixin.py:150} INFO - [2023-08-20T21:18:31.790-0400] {dag.py:3504} INFO - Setting next_dagrun for example_skip_dag to 2023-08-20T01:18:31.789889+00:00, run_after=2023-08-21T01:18:31.789889+00:00
[2023-08-20T21:18:31.813-0400] {processor.py:179} INFO - Processing /home/mnguyen0226/anaconda3/envs/learning_scraper/lib/python3.11/site-packages/airflow/example_dags/example_skip_dag.py took 0.078 seconds
[2023-08-20T21:19:28.138-0400] {processor.py:157} INFO - Started process (PID=87764) to work on /home/mnguyen0226/anaconda3/envs/learning_scraper/lib/python3.11/site-packages/airflow/example_dags/example_skip_dag.py
[2023-08-20T21:19:28.147-0400] {processor.py:826} INFO - Processing file /home/mnguyen0226/anaconda3/envs/learning_scraper/lib/python3.11/site-packages/airflow/example_dags/example_skip_dag.py for tasks to queue
[2023-08-20T21:19:28.148-0400] {logging_mixin.py:150} INFO - [2023-08-20T21:19:28.147-0400] {dagbag.py:541} INFO - Filling up the DagBag from /home/mnguyen0226/anaconda3/envs/learning_scraper/lib/python3.11/site-packages/airflow/example_dags/example_skip_dag.py
[2023-08-20T21:19:28.155-0400] {processor.py:836} INFO - DAG(s) dict_keys(['example_skip_dag']) retrieved from /home/mnguyen0226/anaconda3/envs/learning_scraper/lib/python3.11/site-packages/airflow/example_dags/example_skip_dag.py
[2023-08-20T21:19:28.169-0400] {logging_mixin.py:150} INFO - [2023-08-20T21:19:28.169-0400] {dag.py:2742} INFO - Sync 1 DAGs
[2023-08-20T21:19:28.188-0400] {logging_mixin.py:150} INFO - [2023-08-20T21:19:28.188-0400] {dag.py:3504} INFO - Setting next_dagrun for example_skip_dag to 2023-08-20T01:19:28.188175+00:00, run_after=2023-08-21T01:19:28.188175+00:00
[2023-08-20T21:19:28.212-0400] {processor.py:179} INFO - Processing /home/mnguyen0226/anaconda3/envs/learning_scraper/lib/python3.11/site-packages/airflow/example_dags/example_skip_dag.py took 0.076 seconds
[2023-08-20T21:20:19.330-0400] {processor.py:157} INFO - Started process (PID=88123) to work on /home/mnguyen0226/anaconda3/envs/learning_scraper/lib/python3.11/site-packages/airflow/example_dags/example_skip_dag.py
[2023-08-20T21:20:19.331-0400] {processor.py:826} INFO - Processing file /home/mnguyen0226/anaconda3/envs/learning_scraper/lib/python3.11/site-packages/airflow/example_dags/example_skip_dag.py for tasks to queue
[2023-08-20T21:20:19.332-0400] {logging_mixin.py:150} INFO - [2023-08-20T21:20:19.331-0400] {dagbag.py:541} INFO - Filling up the DagBag from /home/mnguyen0226/anaconda3/envs/learning_scraper/lib/python3.11/site-packages/airflow/example_dags/example_skip_dag.py
[2023-08-20T21:20:19.344-0400] {processor.py:836} INFO - DAG(s) dict_keys(['example_skip_dag']) retrieved from /home/mnguyen0226/anaconda3/envs/learning_scraper/lib/python3.11/site-packages/airflow/example_dags/example_skip_dag.py
[2023-08-20T21:20:19.363-0400] {logging_mixin.py:150} INFO - [2023-08-20T21:20:19.363-0400] {dag.py:2742} INFO - Sync 1 DAGs
[2023-08-20T21:20:19.383-0400] {logging_mixin.py:150} INFO - [2023-08-20T21:20:19.383-0400] {dag.py:3504} INFO - Setting next_dagrun for example_skip_dag to 2023-08-20T01:20:19.382748+00:00, run_after=2023-08-21T01:20:19.382748+00:00
[2023-08-20T21:20:19.417-0400] {processor.py:179} INFO - Processing /home/mnguyen0226/anaconda3/envs/learning_scraper/lib/python3.11/site-packages/airflow/example_dags/example_skip_dag.py took 0.091 seconds
[2023-08-20T21:21:12.300-0400] {processor.py:157} INFO - Started process (PID=88313) to work on /home/mnguyen0226/anaconda3/envs/learning_scraper/lib/python3.11/site-packages/airflow/example_dags/example_skip_dag.py
[2023-08-20T21:21:12.310-0400] {processor.py:826} INFO - Processing file /home/mnguyen0226/anaconda3/envs/learning_scraper/lib/python3.11/site-packages/airflow/example_dags/example_skip_dag.py for tasks to queue
[2023-08-20T21:21:12.311-0400] {logging_mixin.py:150} INFO - [2023-08-20T21:21:12.311-0400] {dagbag.py:541} INFO - Filling up the DagBag from /home/mnguyen0226/anaconda3/envs/learning_scraper/lib/python3.11/site-packages/airflow/example_dags/example_skip_dag.py
[2023-08-20T21:21:12.323-0400] {processor.py:836} INFO - DAG(s) dict_keys(['example_skip_dag']) retrieved from /home/mnguyen0226/anaconda3/envs/learning_scraper/lib/python3.11/site-packages/airflow/example_dags/example_skip_dag.py
[2023-08-20T21:21:12.350-0400] {logging_mixin.py:150} INFO - [2023-08-20T21:21:12.350-0400] {dag.py:2742} INFO - Sync 1 DAGs
[2023-08-20T21:21:12.370-0400] {logging_mixin.py:150} INFO - [2023-08-20T21:21:12.370-0400] {dag.py:3504} INFO - Setting next_dagrun for example_skip_dag to 2023-08-20T01:21:12.370388+00:00, run_after=2023-08-21T01:21:12.370388+00:00
[2023-08-20T21:21:12.398-0400] {processor.py:179} INFO - Processing /home/mnguyen0226/anaconda3/envs/learning_scraper/lib/python3.11/site-packages/airflow/example_dags/example_skip_dag.py took 0.103 seconds
