[2023-08-20T21:00:20.395-0400] {processor.py:157} INFO - Started process (PID=80416) to work on /home/mnguyen0226/anaconda3/envs/learning_scraper/lib/python3.11/site-packages/airflow/example_dags/example_task_group.py
[2023-08-20T21:00:20.396-0400] {processor.py:826} INFO - Processing file /home/mnguyen0226/anaconda3/envs/learning_scraper/lib/python3.11/site-packages/airflow/example_dags/example_task_group.py for tasks to queue
[2023-08-20T21:00:20.397-0400] {logging_mixin.py:150} INFO - [2023-08-20T21:00:20.396-0400] {dagbag.py:541} INFO - Filling up the DagBag from /home/mnguyen0226/anaconda3/envs/learning_scraper/lib/python3.11/site-packages/airflow/example_dags/example_task_group.py
[2023-08-20T21:00:20.410-0400] {processor.py:836} INFO - DAG(s) dict_keys(['example_task_group']) retrieved from /home/mnguyen0226/anaconda3/envs/learning_scraper/lib/python3.11/site-packages/airflow/example_dags/example_task_group.py
[2023-08-20T21:00:20.431-0400] {logging_mixin.py:150} INFO - [2023-08-20T21:00:20.430-0400] {dag.py:2742} INFO - Sync 1 DAGs
[2023-08-20T21:00:20.453-0400] {logging_mixin.py:150} INFO - [2023-08-20T21:00:20.452-0400] {dag.py:3504} INFO - Setting next_dagrun for example_task_group to 2023-08-20T01:00:20.452799+00:00, run_after=2023-08-21T01:00:20.452799+00:00
[2023-08-20T21:00:20.478-0400] {processor.py:179} INFO - Processing /home/mnguyen0226/anaconda3/envs/learning_scraper/lib/python3.11/site-packages/airflow/example_dags/example_task_group.py took 0.087 seconds
[2023-08-20T21:01:07.937-0400] {processor.py:157} INFO - Started process (PID=80892) to work on /home/mnguyen0226/anaconda3/envs/learning_scraper/lib/python3.11/site-packages/airflow/example_dags/example_task_group.py
[2023-08-20T21:01:07.938-0400] {processor.py:826} INFO - Processing file /home/mnguyen0226/anaconda3/envs/learning_scraper/lib/python3.11/site-packages/airflow/example_dags/example_task_group.py for tasks to queue
[2023-08-20T21:01:07.939-0400] {logging_mixin.py:150} INFO - [2023-08-20T21:01:07.939-0400] {dagbag.py:541} INFO - Filling up the DagBag from /home/mnguyen0226/anaconda3/envs/learning_scraper/lib/python3.11/site-packages/airflow/example_dags/example_task_group.py
[2023-08-20T21:01:07.948-0400] {processor.py:836} INFO - DAG(s) dict_keys(['example_task_group']) retrieved from /home/mnguyen0226/anaconda3/envs/learning_scraper/lib/python3.11/site-packages/airflow/example_dags/example_task_group.py
[2023-08-20T21:01:07.965-0400] {logging_mixin.py:150} INFO - [2023-08-20T21:01:07.965-0400] {dag.py:2742} INFO - Sync 1 DAGs
[2023-08-20T21:01:07.985-0400] {logging_mixin.py:150} INFO - [2023-08-20T21:01:07.984-0400] {dag.py:3504} INFO - Setting next_dagrun for example_task_group to 2023-08-20T01:01:07.984781+00:00, run_after=2023-08-21T01:01:07.984781+00:00
[2023-08-20T21:01:08.022-0400] {processor.py:179} INFO - Processing /home/mnguyen0226/anaconda3/envs/learning_scraper/lib/python3.11/site-packages/airflow/example_dags/example_task_group.py took 0.087 seconds
[2023-08-20T21:01:53.629-0400] {processor.py:157} INFO - Started process (PID=81133) to work on /home/mnguyen0226/anaconda3/envs/learning_scraper/lib/python3.11/site-packages/airflow/example_dags/example_task_group.py
[2023-08-20T21:01:53.631-0400] {processor.py:826} INFO - Processing file /home/mnguyen0226/anaconda3/envs/learning_scraper/lib/python3.11/site-packages/airflow/example_dags/example_task_group.py for tasks to queue
[2023-08-20T21:01:53.632-0400] {logging_mixin.py:150} INFO - [2023-08-20T21:01:53.631-0400] {dagbag.py:541} INFO - Filling up the DagBag from /home/mnguyen0226/anaconda3/envs/learning_scraper/lib/python3.11/site-packages/airflow/example_dags/example_task_group.py
[2023-08-20T21:01:53.643-0400] {processor.py:836} INFO - DAG(s) dict_keys(['example_task_group']) retrieved from /home/mnguyen0226/anaconda3/envs/learning_scraper/lib/python3.11/site-packages/airflow/example_dags/example_task_group.py
[2023-08-20T21:01:53.666-0400] {logging_mixin.py:150} INFO - [2023-08-20T21:01:53.666-0400] {dag.py:2742} INFO - Sync 1 DAGs
[2023-08-20T21:01:53.683-0400] {logging_mixin.py:150} INFO - [2023-08-20T21:01:53.683-0400] {dag.py:3504} INFO - Setting next_dagrun for example_task_group to 2023-08-20T01:01:53.683420+00:00, run_after=2023-08-21T01:01:53.683420+00:00
[2023-08-20T21:01:53.706-0400] {processor.py:179} INFO - Processing /home/mnguyen0226/anaconda3/envs/learning_scraper/lib/python3.11/site-packages/airflow/example_dags/example_task_group.py took 0.081 seconds
[2023-08-20T21:03:19.819-0400] {processor.py:157} INFO - Started process (PID=81485) to work on /home/mnguyen0226/anaconda3/envs/learning_scraper/lib/python3.11/site-packages/airflow/example_dags/example_task_group.py
[2023-08-20T21:03:19.828-0400] {processor.py:826} INFO - Processing file /home/mnguyen0226/anaconda3/envs/learning_scraper/lib/python3.11/site-packages/airflow/example_dags/example_task_group.py for tasks to queue
[2023-08-20T21:03:19.829-0400] {logging_mixin.py:150} INFO - [2023-08-20T21:03:19.828-0400] {dagbag.py:541} INFO - Filling up the DagBag from /home/mnguyen0226/anaconda3/envs/learning_scraper/lib/python3.11/site-packages/airflow/example_dags/example_task_group.py
[2023-08-20T21:03:19.840-0400] {processor.py:836} INFO - DAG(s) dict_keys(['example_task_group']) retrieved from /home/mnguyen0226/anaconda3/envs/learning_scraper/lib/python3.11/site-packages/airflow/example_dags/example_task_group.py
[2023-08-20T21:03:19.856-0400] {logging_mixin.py:150} INFO - [2023-08-20T21:03:19.856-0400] {dag.py:2742} INFO - Sync 1 DAGs
[2023-08-20T21:03:19.870-0400] {logging_mixin.py:150} INFO - [2023-08-20T21:03:19.870-0400] {dag.py:3504} INFO - Setting next_dagrun for example_task_group to 2023-08-20T01:03:19.870569+00:00, run_after=2023-08-21T01:03:19.870569+00:00
[2023-08-20T21:03:19.894-0400] {processor.py:179} INFO - Processing /home/mnguyen0226/anaconda3/envs/learning_scraper/lib/python3.11/site-packages/airflow/example_dags/example_task_group.py took 0.078 seconds
[2023-08-20T21:04:06.426-0400] {processor.py:157} INFO - Started process (PID=82933) to work on /home/mnguyen0226/anaconda3/envs/learning_scraper/lib/python3.11/site-packages/airflow/example_dags/example_task_group.py
[2023-08-20T21:04:06.426-0400] {processor.py:826} INFO - Processing file /home/mnguyen0226/anaconda3/envs/learning_scraper/lib/python3.11/site-packages/airflow/example_dags/example_task_group.py for tasks to queue
[2023-08-20T21:04:06.427-0400] {logging_mixin.py:150} INFO - [2023-08-20T21:04:06.426-0400] {dagbag.py:541} INFO - Filling up the DagBag from /home/mnguyen0226/anaconda3/envs/learning_scraper/lib/python3.11/site-packages/airflow/example_dags/example_task_group.py
[2023-08-20T21:04:06.434-0400] {processor.py:836} INFO - DAG(s) dict_keys(['example_task_group']) retrieved from /home/mnguyen0226/anaconda3/envs/learning_scraper/lib/python3.11/site-packages/airflow/example_dags/example_task_group.py
[2023-08-20T21:04:06.451-0400] {logging_mixin.py:150} INFO - [2023-08-20T21:04:06.451-0400] {dag.py:2742} INFO - Sync 1 DAGs
[2023-08-20T21:04:06.475-0400] {logging_mixin.py:150} INFO - [2023-08-20T21:04:06.475-0400] {dag.py:3504} INFO - Setting next_dagrun for example_task_group to 2023-08-20T01:04:06.474937+00:00, run_after=2023-08-21T01:04:06.474937+00:00
[2023-08-20T21:04:06.505-0400] {processor.py:179} INFO - Processing /home/mnguyen0226/anaconda3/envs/learning_scraper/lib/python3.11/site-packages/airflow/example_dags/example_task_group.py took 0.082 seconds
[2023-08-20T21:04:53.591-0400] {processor.py:157} INFO - Started process (PID=83208) to work on /home/mnguyen0226/anaconda3/envs/learning_scraper/lib/python3.11/site-packages/airflow/example_dags/example_task_group.py
[2023-08-20T21:04:53.592-0400] {processor.py:826} INFO - Processing file /home/mnguyen0226/anaconda3/envs/learning_scraper/lib/python3.11/site-packages/airflow/example_dags/example_task_group.py for tasks to queue
[2023-08-20T21:04:53.594-0400] {logging_mixin.py:150} INFO - [2023-08-20T21:04:53.593-0400] {dagbag.py:541} INFO - Filling up the DagBag from /home/mnguyen0226/anaconda3/envs/learning_scraper/lib/python3.11/site-packages/airflow/example_dags/example_task_group.py
[2023-08-20T21:04:53.607-0400] {processor.py:836} INFO - DAG(s) dict_keys(['example_task_group']) retrieved from /home/mnguyen0226/anaconda3/envs/learning_scraper/lib/python3.11/site-packages/airflow/example_dags/example_task_group.py
[2023-08-20T21:04:53.637-0400] {logging_mixin.py:150} INFO - [2023-08-20T21:04:53.637-0400] {dag.py:2742} INFO - Sync 1 DAGs
[2023-08-20T21:04:53.664-0400] {logging_mixin.py:150} INFO - [2023-08-20T21:04:53.664-0400] {dag.py:3504} INFO - Setting next_dagrun for example_task_group to 2023-08-20T01:04:53.664274+00:00, run_after=2023-08-21T01:04:53.664274+00:00
[2023-08-20T21:04:53.695-0400] {processor.py:179} INFO - Processing /home/mnguyen0226/anaconda3/envs/learning_scraper/lib/python3.11/site-packages/airflow/example_dags/example_task_group.py took 0.109 seconds
[2023-08-20T21:05:31.007-0400] {processor.py:157} INFO - Started process (PID=83381) to work on /home/mnguyen0226/anaconda3/envs/learning_scraper/lib/python3.11/site-packages/airflow/example_dags/example_task_group.py
[2023-08-20T21:05:31.016-0400] {processor.py:826} INFO - Processing file /home/mnguyen0226/anaconda3/envs/learning_scraper/lib/python3.11/site-packages/airflow/example_dags/example_task_group.py for tasks to queue
[2023-08-20T21:05:31.017-0400] {logging_mixin.py:150} INFO - [2023-08-20T21:05:31.017-0400] {dagbag.py:541} INFO - Filling up the DagBag from /home/mnguyen0226/anaconda3/envs/learning_scraper/lib/python3.11/site-packages/airflow/example_dags/example_task_group.py
[2023-08-20T21:05:31.025-0400] {processor.py:836} INFO - DAG(s) dict_keys(['example_task_group']) retrieved from /home/mnguyen0226/anaconda3/envs/learning_scraper/lib/python3.11/site-packages/airflow/example_dags/example_task_group.py
[2023-08-20T21:05:31.042-0400] {logging_mixin.py:150} INFO - [2023-08-20T21:05:31.042-0400] {dag.py:2742} INFO - Sync 1 DAGs
[2023-08-20T21:05:31.059-0400] {logging_mixin.py:150} INFO - [2023-08-20T21:05:31.059-0400] {dag.py:3504} INFO - Setting next_dagrun for example_task_group to 2023-08-20T01:05:31.059180+00:00, run_after=2023-08-21T01:05:31.059180+00:00
[2023-08-20T21:05:31.081-0400] {processor.py:179} INFO - Processing /home/mnguyen0226/anaconda3/envs/learning_scraper/lib/python3.11/site-packages/airflow/example_dags/example_task_group.py took 0.077 seconds
[2023-08-20T21:06:13.016-0400] {processor.py:157} INFO - Started process (PID=83573) to work on /home/mnguyen0226/anaconda3/envs/learning_scraper/lib/python3.11/site-packages/airflow/example_dags/example_task_group.py
[2023-08-20T21:06:13.017-0400] {processor.py:826} INFO - Processing file /home/mnguyen0226/anaconda3/envs/learning_scraper/lib/python3.11/site-packages/airflow/example_dags/example_task_group.py for tasks to queue
[2023-08-20T21:06:13.019-0400] {logging_mixin.py:150} INFO - [2023-08-20T21:06:13.018-0400] {dagbag.py:541} INFO - Filling up the DagBag from /home/mnguyen0226/anaconda3/envs/learning_scraper/lib/python3.11/site-packages/airflow/example_dags/example_task_group.py
[2023-08-20T21:06:13.032-0400] {processor.py:836} INFO - DAG(s) dict_keys(['example_task_group']) retrieved from /home/mnguyen0226/anaconda3/envs/learning_scraper/lib/python3.11/site-packages/airflow/example_dags/example_task_group.py
[2023-08-20T21:06:13.060-0400] {logging_mixin.py:150} INFO - [2023-08-20T21:06:13.060-0400] {dag.py:2742} INFO - Sync 1 DAGs
[2023-08-20T21:06:13.077-0400] {logging_mixin.py:150} INFO - [2023-08-20T21:06:13.077-0400] {dag.py:3504} INFO - Setting next_dagrun for example_task_group to 2023-08-20T01:06:13.077326+00:00, run_after=2023-08-21T01:06:13.077326+00:00
[2023-08-20T21:06:13.099-0400] {processor.py:179} INFO - Processing /home/mnguyen0226/anaconda3/envs/learning_scraper/lib/python3.11/site-packages/airflow/example_dags/example_task_group.py took 0.087 seconds
[2023-08-20T21:06:55.161-0400] {processor.py:157} INFO - Started process (PID=83770) to work on /home/mnguyen0226/anaconda3/envs/learning_scraper/lib/python3.11/site-packages/airflow/example_dags/example_task_group.py
[2023-08-20T21:06:55.162-0400] {processor.py:826} INFO - Processing file /home/mnguyen0226/anaconda3/envs/learning_scraper/lib/python3.11/site-packages/airflow/example_dags/example_task_group.py for tasks to queue
[2023-08-20T21:06:55.163-0400] {logging_mixin.py:150} INFO - [2023-08-20T21:06:55.163-0400] {dagbag.py:541} INFO - Filling up the DagBag from /home/mnguyen0226/anaconda3/envs/learning_scraper/lib/python3.11/site-packages/airflow/example_dags/example_task_group.py
[2023-08-20T21:06:55.175-0400] {processor.py:836} INFO - DAG(s) dict_keys(['example_task_group']) retrieved from /home/mnguyen0226/anaconda3/envs/learning_scraper/lib/python3.11/site-packages/airflow/example_dags/example_task_group.py
[2023-08-20T21:06:55.198-0400] {logging_mixin.py:150} INFO - [2023-08-20T21:06:55.197-0400] {dag.py:2742} INFO - Sync 1 DAGs
[2023-08-20T21:06:55.352-0400] {logging_mixin.py:150} INFO - [2023-08-20T21:06:55.352-0400] {dag.py:3504} INFO - Setting next_dagrun for example_task_group to 2023-08-20T01:06:55.351849+00:00, run_after=2023-08-21T01:06:55.351849+00:00
[2023-08-20T21:06:55.392-0400] {processor.py:179} INFO - Processing /home/mnguyen0226/anaconda3/envs/learning_scraper/lib/python3.11/site-packages/airflow/example_dags/example_task_group.py took 0.234 seconds
[2023-08-20T21:07:38.371-0400] {processor.py:157} INFO - Started process (PID=83922) to work on /home/mnguyen0226/anaconda3/envs/learning_scraper/lib/python3.11/site-packages/airflow/example_dags/example_task_group.py
[2023-08-20T21:07:38.373-0400] {processor.py:826} INFO - Processing file /home/mnguyen0226/anaconda3/envs/learning_scraper/lib/python3.11/site-packages/airflow/example_dags/example_task_group.py for tasks to queue
[2023-08-20T21:07:38.375-0400] {logging_mixin.py:150} INFO - [2023-08-20T21:07:38.374-0400] {dagbag.py:541} INFO - Filling up the DagBag from /home/mnguyen0226/anaconda3/envs/learning_scraper/lib/python3.11/site-packages/airflow/example_dags/example_task_group.py
[2023-08-20T21:07:38.387-0400] {processor.py:836} INFO - DAG(s) dict_keys(['example_task_group']) retrieved from /home/mnguyen0226/anaconda3/envs/learning_scraper/lib/python3.11/site-packages/airflow/example_dags/example_task_group.py
[2023-08-20T21:07:38.496-0400] {logging_mixin.py:150} INFO - [2023-08-20T21:07:38.496-0400] {dag.py:2742} INFO - Sync 1 DAGs
[2023-08-20T21:07:38.508-0400] {logging_mixin.py:150} INFO - [2023-08-20T21:07:38.508-0400] {dag.py:3504} INFO - Setting next_dagrun for example_task_group to 2023-08-20T01:07:38.508597+00:00, run_after=2023-08-21T01:07:38.508597+00:00
[2023-08-20T21:07:38.538-0400] {processor.py:179} INFO - Processing /home/mnguyen0226/anaconda3/envs/learning_scraper/lib/python3.11/site-packages/airflow/example_dags/example_task_group.py took 0.171 seconds
[2023-08-20T21:08:17.294-0400] {processor.py:157} INFO - Started process (PID=84087) to work on /home/mnguyen0226/anaconda3/envs/learning_scraper/lib/python3.11/site-packages/airflow/example_dags/example_task_group.py
[2023-08-20T21:08:17.295-0400] {processor.py:826} INFO - Processing file /home/mnguyen0226/anaconda3/envs/learning_scraper/lib/python3.11/site-packages/airflow/example_dags/example_task_group.py for tasks to queue
[2023-08-20T21:08:17.296-0400] {logging_mixin.py:150} INFO - [2023-08-20T21:08:17.295-0400] {dagbag.py:541} INFO - Filling up the DagBag from /home/mnguyen0226/anaconda3/envs/learning_scraper/lib/python3.11/site-packages/airflow/example_dags/example_task_group.py
[2023-08-20T21:08:17.304-0400] {processor.py:836} INFO - DAG(s) dict_keys(['example_task_group']) retrieved from /home/mnguyen0226/anaconda3/envs/learning_scraper/lib/python3.11/site-packages/airflow/example_dags/example_task_group.py
[2023-08-20T21:08:17.322-0400] {logging_mixin.py:150} INFO - [2023-08-20T21:08:17.322-0400] {dag.py:2742} INFO - Sync 1 DAGs
[2023-08-20T21:08:17.345-0400] {logging_mixin.py:150} INFO - [2023-08-20T21:08:17.345-0400] {dag.py:3504} INFO - Setting next_dagrun for example_task_group to 2023-08-20T01:08:17.345095+00:00, run_after=2023-08-21T01:08:17.345095+00:00
[2023-08-20T21:08:17.368-0400] {processor.py:179} INFO - Processing /home/mnguyen0226/anaconda3/envs/learning_scraper/lib/python3.11/site-packages/airflow/example_dags/example_task_group.py took 0.078 seconds
[2023-08-20T21:09:07.941-0400] {processor.py:157} INFO - Started process (PID=84322) to work on /home/mnguyen0226/anaconda3/envs/learning_scraper/lib/python3.11/site-packages/airflow/example_dags/example_task_group.py
[2023-08-20T21:09:07.942-0400] {processor.py:826} INFO - Processing file /home/mnguyen0226/anaconda3/envs/learning_scraper/lib/python3.11/site-packages/airflow/example_dags/example_task_group.py for tasks to queue
[2023-08-20T21:09:07.943-0400] {logging_mixin.py:150} INFO - [2023-08-20T21:09:07.942-0400] {dagbag.py:541} INFO - Filling up the DagBag from /home/mnguyen0226/anaconda3/envs/learning_scraper/lib/python3.11/site-packages/airflow/example_dags/example_task_group.py
[2023-08-20T21:09:07.949-0400] {processor.py:836} INFO - DAG(s) dict_keys(['example_task_group']) retrieved from /home/mnguyen0226/anaconda3/envs/learning_scraper/lib/python3.11/site-packages/airflow/example_dags/example_task_group.py
[2023-08-20T21:09:07.963-0400] {logging_mixin.py:150} INFO - [2023-08-20T21:09:07.963-0400] {dag.py:2742} INFO - Sync 1 DAGs
[2023-08-20T21:09:07.980-0400] {logging_mixin.py:150} INFO - [2023-08-20T21:09:07.980-0400] {dag.py:3504} INFO - Setting next_dagrun for example_task_group to 2023-08-20T01:09:07.980604+00:00, run_after=2023-08-21T01:09:07.980604+00:00
[2023-08-20T21:09:08.003-0400] {processor.py:179} INFO - Processing /home/mnguyen0226/anaconda3/envs/learning_scraper/lib/python3.11/site-packages/airflow/example_dags/example_task_group.py took 0.064 seconds
[2023-08-20T21:09:43.583-0400] {processor.py:157} INFO - Started process (PID=84537) to work on /home/mnguyen0226/anaconda3/envs/learning_scraper/lib/python3.11/site-packages/airflow/example_dags/example_task_group.py
[2023-08-20T21:09:43.584-0400] {processor.py:826} INFO - Processing file /home/mnguyen0226/anaconda3/envs/learning_scraper/lib/python3.11/site-packages/airflow/example_dags/example_task_group.py for tasks to queue
[2023-08-20T21:09:43.585-0400] {logging_mixin.py:150} INFO - [2023-08-20T21:09:43.584-0400] {dagbag.py:541} INFO - Filling up the DagBag from /home/mnguyen0226/anaconda3/envs/learning_scraper/lib/python3.11/site-packages/airflow/example_dags/example_task_group.py
[2023-08-20T21:09:43.595-0400] {processor.py:836} INFO - DAG(s) dict_keys(['example_task_group']) retrieved from /home/mnguyen0226/anaconda3/envs/learning_scraper/lib/python3.11/site-packages/airflow/example_dags/example_task_group.py
[2023-08-20T21:09:43.617-0400] {logging_mixin.py:150} INFO - [2023-08-20T21:09:43.617-0400] {dag.py:2742} INFO - Sync 1 DAGs
[2023-08-20T21:09:43.643-0400] {logging_mixin.py:150} INFO - [2023-08-20T21:09:43.643-0400] {dag.py:3504} INFO - Setting next_dagrun for example_task_group to 2023-08-20T01:09:43.642840+00:00, run_after=2023-08-21T01:09:43.642840+00:00
[2023-08-20T21:09:43.699-0400] {processor.py:179} INFO - Processing /home/mnguyen0226/anaconda3/envs/learning_scraper/lib/python3.11/site-packages/airflow/example_dags/example_task_group.py took 0.120 seconds
[2023-08-20T21:10:22.635-0400] {processor.py:157} INFO - Started process (PID=84715) to work on /home/mnguyen0226/anaconda3/envs/learning_scraper/lib/python3.11/site-packages/airflow/example_dags/example_task_group.py
[2023-08-20T21:10:22.645-0400] {processor.py:826} INFO - Processing file /home/mnguyen0226/anaconda3/envs/learning_scraper/lib/python3.11/site-packages/airflow/example_dags/example_task_group.py for tasks to queue
[2023-08-20T21:10:22.647-0400] {logging_mixin.py:150} INFO - [2023-08-20T21:10:22.646-0400] {dagbag.py:541} INFO - Filling up the DagBag from /home/mnguyen0226/anaconda3/envs/learning_scraper/lib/python3.11/site-packages/airflow/example_dags/example_task_group.py
[2023-08-20T21:10:22.663-0400] {processor.py:836} INFO - DAG(s) dict_keys(['example_task_group']) retrieved from /home/mnguyen0226/anaconda3/envs/learning_scraper/lib/python3.11/site-packages/airflow/example_dags/example_task_group.py
[2023-08-20T21:10:22.692-0400] {logging_mixin.py:150} INFO - [2023-08-20T21:10:22.691-0400] {dag.py:2742} INFO - Sync 1 DAGs
[2023-08-20T21:10:22.724-0400] {logging_mixin.py:150} INFO - [2023-08-20T21:10:22.723-0400] {dag.py:3504} INFO - Setting next_dagrun for example_task_group to 2023-08-20T01:10:22.723540+00:00, run_after=2023-08-21T01:10:22.723540+00:00
[2023-08-20T21:10:22.750-0400] {processor.py:179} INFO - Processing /home/mnguyen0226/anaconda3/envs/learning_scraper/lib/python3.11/site-packages/airflow/example_dags/example_task_group.py took 0.120 seconds
[2023-08-20T21:11:01.605-0400] {processor.py:157} INFO - Started process (PID=84887) to work on /home/mnguyen0226/anaconda3/envs/learning_scraper/lib/python3.11/site-packages/airflow/example_dags/example_task_group.py
[2023-08-20T21:11:01.606-0400] {processor.py:826} INFO - Processing file /home/mnguyen0226/anaconda3/envs/learning_scraper/lib/python3.11/site-packages/airflow/example_dags/example_task_group.py for tasks to queue
[2023-08-20T21:11:01.608-0400] {logging_mixin.py:150} INFO - [2023-08-20T21:11:01.607-0400] {dagbag.py:541} INFO - Filling up the DagBag from /home/mnguyen0226/anaconda3/envs/learning_scraper/lib/python3.11/site-packages/airflow/example_dags/example_task_group.py
[2023-08-20T21:11:01.621-0400] {processor.py:836} INFO - DAG(s) dict_keys(['example_task_group']) retrieved from /home/mnguyen0226/anaconda3/envs/learning_scraper/lib/python3.11/site-packages/airflow/example_dags/example_task_group.py
[2023-08-20T21:11:01.649-0400] {logging_mixin.py:150} INFO - [2023-08-20T21:11:01.649-0400] {dag.py:2742} INFO - Sync 1 DAGs
[2023-08-20T21:11:01.677-0400] {logging_mixin.py:150} INFO - [2023-08-20T21:11:01.677-0400] {dag.py:3504} INFO - Setting next_dagrun for example_task_group to 2023-08-20T01:11:01.676889+00:00, run_after=2023-08-21T01:11:01.676889+00:00
[2023-08-20T21:11:01.703-0400] {processor.py:179} INFO - Processing /home/mnguyen0226/anaconda3/envs/learning_scraper/lib/python3.11/site-packages/airflow/example_dags/example_task_group.py took 0.102 seconds
[2023-08-20T21:11:37.453-0400] {processor.py:157} INFO - Started process (PID=85060) to work on /home/mnguyen0226/anaconda3/envs/learning_scraper/lib/python3.11/site-packages/airflow/example_dags/example_task_group.py
[2023-08-20T21:11:37.463-0400] {processor.py:826} INFO - Processing file /home/mnguyen0226/anaconda3/envs/learning_scraper/lib/python3.11/site-packages/airflow/example_dags/example_task_group.py for tasks to queue
[2023-08-20T21:11:37.464-0400] {logging_mixin.py:150} INFO - [2023-08-20T21:11:37.464-0400] {dagbag.py:541} INFO - Filling up the DagBag from /home/mnguyen0226/anaconda3/envs/learning_scraper/lib/python3.11/site-packages/airflow/example_dags/example_task_group.py
[2023-08-20T21:11:37.479-0400] {processor.py:836} INFO - DAG(s) dict_keys(['example_task_group']) retrieved from /home/mnguyen0226/anaconda3/envs/learning_scraper/lib/python3.11/site-packages/airflow/example_dags/example_task_group.py
[2023-08-20T21:11:37.509-0400] {logging_mixin.py:150} INFO - [2023-08-20T21:11:37.509-0400] {dag.py:2742} INFO - Sync 1 DAGs
[2023-08-20T21:11:37.539-0400] {logging_mixin.py:150} INFO - [2023-08-20T21:11:37.539-0400] {dag.py:3504} INFO - Setting next_dagrun for example_task_group to 2023-08-20T01:11:37.538730+00:00, run_after=2023-08-21T01:11:37.538730+00:00
[2023-08-20T21:11:37.577-0400] {processor.py:179} INFO - Processing /home/mnguyen0226/anaconda3/envs/learning_scraper/lib/python3.11/site-packages/airflow/example_dags/example_task_group.py took 0.128 seconds
[2023-08-20T21:12:28.135-0400] {processor.py:157} INFO - Started process (PID=85324) to work on /home/mnguyen0226/anaconda3/envs/learning_scraper/lib/python3.11/site-packages/airflow/example_dags/example_task_group.py
[2023-08-20T21:12:28.136-0400] {processor.py:826} INFO - Processing file /home/mnguyen0226/anaconda3/envs/learning_scraper/lib/python3.11/site-packages/airflow/example_dags/example_task_group.py for tasks to queue
[2023-08-20T21:12:28.137-0400] {logging_mixin.py:150} INFO - [2023-08-20T21:12:28.136-0400] {dagbag.py:541} INFO - Filling up the DagBag from /home/mnguyen0226/anaconda3/envs/learning_scraper/lib/python3.11/site-packages/airflow/example_dags/example_task_group.py
[2023-08-20T21:12:28.153-0400] {processor.py:836} INFO - DAG(s) dict_keys(['example_task_group']) retrieved from /home/mnguyen0226/anaconda3/envs/learning_scraper/lib/python3.11/site-packages/airflow/example_dags/example_task_group.py
[2023-08-20T21:12:28.186-0400] {logging_mixin.py:150} INFO - [2023-08-20T21:12:28.186-0400] {dag.py:2742} INFO - Sync 1 DAGs
[2023-08-20T21:12:28.214-0400] {logging_mixin.py:150} INFO - [2023-08-20T21:12:28.214-0400] {dag.py:3504} INFO - Setting next_dagrun for example_task_group to 2023-08-20T01:12:28.214342+00:00, run_after=2023-08-21T01:12:28.214342+00:00
[2023-08-20T21:12:28.251-0400] {processor.py:179} INFO - Processing /home/mnguyen0226/anaconda3/envs/learning_scraper/lib/python3.11/site-packages/airflow/example_dags/example_task_group.py took 0.121 seconds
[2023-08-20T21:13:05.983-0400] {processor.py:157} INFO - Started process (PID=85739) to work on /home/mnguyen0226/anaconda3/envs/learning_scraper/lib/python3.11/site-packages/airflow/example_dags/example_task_group.py
[2023-08-20T21:13:05.984-0400] {processor.py:826} INFO - Processing file /home/mnguyen0226/anaconda3/envs/learning_scraper/lib/python3.11/site-packages/airflow/example_dags/example_task_group.py for tasks to queue
[2023-08-20T21:13:05.986-0400] {logging_mixin.py:150} INFO - [2023-08-20T21:13:05.985-0400] {dagbag.py:541} INFO - Filling up the DagBag from /home/mnguyen0226/anaconda3/envs/learning_scraper/lib/python3.11/site-packages/airflow/example_dags/example_task_group.py
[2023-08-20T21:13:05.998-0400] {processor.py:836} INFO - DAG(s) dict_keys(['example_task_group']) retrieved from /home/mnguyen0226/anaconda3/envs/learning_scraper/lib/python3.11/site-packages/airflow/example_dags/example_task_group.py
[2023-08-20T21:13:06.029-0400] {logging_mixin.py:150} INFO - [2023-08-20T21:13:06.028-0400] {dag.py:2742} INFO - Sync 1 DAGs
[2023-08-20T21:13:06.055-0400] {logging_mixin.py:150} INFO - [2023-08-20T21:13:06.054-0400] {dag.py:3504} INFO - Setting next_dagrun for example_task_group to 2023-08-20T01:13:06.054738+00:00, run_after=2023-08-21T01:13:06.054738+00:00
[2023-08-20T21:13:06.081-0400] {processor.py:179} INFO - Processing /home/mnguyen0226/anaconda3/envs/learning_scraper/lib/python3.11/site-packages/airflow/example_dags/example_task_group.py took 0.103 seconds
[2023-08-20T21:13:43.462-0400] {processor.py:157} INFO - Started process (PID=85931) to work on /home/mnguyen0226/anaconda3/envs/learning_scraper/lib/python3.11/site-packages/airflow/example_dags/example_task_group.py
[2023-08-20T21:13:43.463-0400] {processor.py:826} INFO - Processing file /home/mnguyen0226/anaconda3/envs/learning_scraper/lib/python3.11/site-packages/airflow/example_dags/example_task_group.py for tasks to queue
[2023-08-20T21:13:43.465-0400] {logging_mixin.py:150} INFO - [2023-08-20T21:13:43.464-0400] {dagbag.py:541} INFO - Filling up the DagBag from /home/mnguyen0226/anaconda3/envs/learning_scraper/lib/python3.11/site-packages/airflow/example_dags/example_task_group.py
[2023-08-20T21:13:43.475-0400] {processor.py:836} INFO - DAG(s) dict_keys(['example_task_group']) retrieved from /home/mnguyen0226/anaconda3/envs/learning_scraper/lib/python3.11/site-packages/airflow/example_dags/example_task_group.py
[2023-08-20T21:13:43.495-0400] {logging_mixin.py:150} INFO - [2023-08-20T21:13:43.495-0400] {dag.py:2742} INFO - Sync 1 DAGs
[2023-08-20T21:13:43.515-0400] {logging_mixin.py:150} INFO - [2023-08-20T21:13:43.515-0400] {dag.py:3504} INFO - Setting next_dagrun for example_task_group to 2023-08-20T01:13:43.514922+00:00, run_after=2023-08-21T01:13:43.514922+00:00
[2023-08-20T21:13:43.540-0400] {processor.py:179} INFO - Processing /home/mnguyen0226/anaconda3/envs/learning_scraper/lib/python3.11/site-packages/airflow/example_dags/example_task_group.py took 0.082 seconds
[2023-08-20T21:14:23.726-0400] {processor.py:157} INFO - Started process (PID=86139) to work on /home/mnguyen0226/anaconda3/envs/learning_scraper/lib/python3.11/site-packages/airflow/example_dags/example_task_group.py
[2023-08-20T21:14:23.728-0400] {processor.py:826} INFO - Processing file /home/mnguyen0226/anaconda3/envs/learning_scraper/lib/python3.11/site-packages/airflow/example_dags/example_task_group.py for tasks to queue
[2023-08-20T21:14:23.729-0400] {logging_mixin.py:150} INFO - [2023-08-20T21:14:23.729-0400] {dagbag.py:541} INFO - Filling up the DagBag from /home/mnguyen0226/anaconda3/envs/learning_scraper/lib/python3.11/site-packages/airflow/example_dags/example_task_group.py
[2023-08-20T21:14:23.746-0400] {processor.py:836} INFO - DAG(s) dict_keys(['example_task_group']) retrieved from /home/mnguyen0226/anaconda3/envs/learning_scraper/lib/python3.11/site-packages/airflow/example_dags/example_task_group.py
[2023-08-20T21:14:23.777-0400] {logging_mixin.py:150} INFO - [2023-08-20T21:14:23.776-0400] {dag.py:2742} INFO - Sync 1 DAGs
[2023-08-20T21:14:23.801-0400] {logging_mixin.py:150} INFO - [2023-08-20T21:14:23.800-0400] {dag.py:3504} INFO - Setting next_dagrun for example_task_group to 2023-08-20T01:14:23.800655+00:00, run_after=2023-08-21T01:14:23.800655+00:00
[2023-08-20T21:14:23.823-0400] {processor.py:179} INFO - Processing /home/mnguyen0226/anaconda3/envs/learning_scraper/lib/python3.11/site-packages/airflow/example_dags/example_task_group.py took 0.102 seconds
[2023-08-20T21:15:01.506-0400] {processor.py:157} INFO - Started process (PID=86314) to work on /home/mnguyen0226/anaconda3/envs/learning_scraper/lib/python3.11/site-packages/airflow/example_dags/example_task_group.py
[2023-08-20T21:15:01.507-0400] {processor.py:826} INFO - Processing file /home/mnguyen0226/anaconda3/envs/learning_scraper/lib/python3.11/site-packages/airflow/example_dags/example_task_group.py for tasks to queue
[2023-08-20T21:15:01.508-0400] {logging_mixin.py:150} INFO - [2023-08-20T21:15:01.508-0400] {dagbag.py:541} INFO - Filling up the DagBag from /home/mnguyen0226/anaconda3/envs/learning_scraper/lib/python3.11/site-packages/airflow/example_dags/example_task_group.py
[2023-08-20T21:15:01.520-0400] {processor.py:836} INFO - DAG(s) dict_keys(['example_task_group']) retrieved from /home/mnguyen0226/anaconda3/envs/learning_scraper/lib/python3.11/site-packages/airflow/example_dags/example_task_group.py
[2023-08-20T21:15:01.546-0400] {logging_mixin.py:150} INFO - [2023-08-20T21:15:01.546-0400] {dag.py:2742} INFO - Sync 1 DAGs
[2023-08-20T21:15:01.574-0400] {logging_mixin.py:150} INFO - [2023-08-20T21:15:01.574-0400] {dag.py:3504} INFO - Setting next_dagrun for example_task_group to 2023-08-20T01:15:01.574139+00:00, run_after=2023-08-21T01:15:01.574139+00:00
[2023-08-20T21:15:01.603-0400] {processor.py:179} INFO - Processing /home/mnguyen0226/anaconda3/envs/learning_scraper/lib/python3.11/site-packages/airflow/example_dags/example_task_group.py took 0.100 seconds
[2023-08-20T21:15:36.675-0400] {processor.py:157} INFO - Started process (PID=86399) to work on /home/mnguyen0226/anaconda3/envs/learning_scraper/lib/python3.11/site-packages/airflow/example_dags/example_task_group.py
[2023-08-20T21:15:36.676-0400] {processor.py:826} INFO - Processing file /home/mnguyen0226/anaconda3/envs/learning_scraper/lib/python3.11/site-packages/airflow/example_dags/example_task_group.py for tasks to queue
[2023-08-20T21:15:36.678-0400] {logging_mixin.py:150} INFO - [2023-08-20T21:15:36.677-0400] {dagbag.py:541} INFO - Filling up the DagBag from /home/mnguyen0226/anaconda3/envs/learning_scraper/lib/python3.11/site-packages/airflow/example_dags/example_task_group.py
[2023-08-20T21:15:36.691-0400] {processor.py:836} INFO - DAG(s) dict_keys(['example_task_group']) retrieved from /home/mnguyen0226/anaconda3/envs/learning_scraper/lib/python3.11/site-packages/airflow/example_dags/example_task_group.py
[2023-08-20T21:15:36.712-0400] {logging_mixin.py:150} INFO - [2023-08-20T21:15:36.712-0400] {dag.py:2742} INFO - Sync 1 DAGs
[2023-08-20T21:15:36.726-0400] {logging_mixin.py:150} INFO - [2023-08-20T21:15:36.726-0400] {dag.py:3504} INFO - Setting next_dagrun for example_task_group to 2023-08-20T01:15:36.726536+00:00, run_after=2023-08-21T01:15:36.726536+00:00
[2023-08-20T21:15:36.755-0400] {processor.py:179} INFO - Processing /home/mnguyen0226/anaconda3/envs/learning_scraper/lib/python3.11/site-packages/airflow/example_dags/example_task_group.py took 0.085 seconds
[2023-08-20T21:16:13.779-0400] {processor.py:157} INFO - Started process (PID=86549) to work on /home/mnguyen0226/anaconda3/envs/learning_scraper/lib/python3.11/site-packages/airflow/example_dags/example_task_group.py
[2023-08-20T21:16:13.780-0400] {processor.py:826} INFO - Processing file /home/mnguyen0226/anaconda3/envs/learning_scraper/lib/python3.11/site-packages/airflow/example_dags/example_task_group.py for tasks to queue
[2023-08-20T21:16:13.782-0400] {logging_mixin.py:150} INFO - [2023-08-20T21:16:13.781-0400] {dagbag.py:541} INFO - Filling up the DagBag from /home/mnguyen0226/anaconda3/envs/learning_scraper/lib/python3.11/site-packages/airflow/example_dags/example_task_group.py
[2023-08-20T21:16:13.794-0400] {processor.py:836} INFO - DAG(s) dict_keys(['example_task_group']) retrieved from /home/mnguyen0226/anaconda3/envs/learning_scraper/lib/python3.11/site-packages/airflow/example_dags/example_task_group.py
[2023-08-20T21:16:13.820-0400] {logging_mixin.py:150} INFO - [2023-08-20T21:16:13.820-0400] {dag.py:2742} INFO - Sync 1 DAGs
[2023-08-20T21:16:13.838-0400] {logging_mixin.py:150} INFO - [2023-08-20T21:16:13.838-0400] {dag.py:3504} INFO - Setting next_dagrun for example_task_group to 2023-08-20T01:16:13.838268+00:00, run_after=2023-08-21T01:16:13.838268+00:00
[2023-08-20T21:16:13.862-0400] {processor.py:179} INFO - Processing /home/mnguyen0226/anaconda3/envs/learning_scraper/lib/python3.11/site-packages/airflow/example_dags/example_task_group.py took 0.087 seconds
[2023-08-20T21:17:06.781-0400] {processor.py:157} INFO - Started process (PID=86952) to work on /home/mnguyen0226/anaconda3/envs/learning_scraper/lib/python3.11/site-packages/airflow/example_dags/example_task_group.py
[2023-08-20T21:17:06.783-0400] {processor.py:826} INFO - Processing file /home/mnguyen0226/anaconda3/envs/learning_scraper/lib/python3.11/site-packages/airflow/example_dags/example_task_group.py for tasks to queue
[2023-08-20T21:17:06.784-0400] {logging_mixin.py:150} INFO - [2023-08-20T21:17:06.783-0400] {dagbag.py:541} INFO - Filling up the DagBag from /home/mnguyen0226/anaconda3/envs/learning_scraper/lib/python3.11/site-packages/airflow/example_dags/example_task_group.py
[2023-08-20T21:17:06.794-0400] {processor.py:836} INFO - DAG(s) dict_keys(['example_task_group']) retrieved from /home/mnguyen0226/anaconda3/envs/learning_scraper/lib/python3.11/site-packages/airflow/example_dags/example_task_group.py
[2023-08-20T21:17:06.821-0400] {logging_mixin.py:150} INFO - [2023-08-20T21:17:06.820-0400] {dag.py:2742} INFO - Sync 1 DAGs
[2023-08-20T21:17:06.842-0400] {logging_mixin.py:150} INFO - [2023-08-20T21:17:06.842-0400] {dag.py:3504} INFO - Setting next_dagrun for example_task_group to 2023-08-20T01:17:06.842354+00:00, run_after=2023-08-21T01:17:06.842354+00:00
[2023-08-20T21:17:06.867-0400] {processor.py:179} INFO - Processing /home/mnguyen0226/anaconda3/envs/learning_scraper/lib/python3.11/site-packages/airflow/example_dags/example_task_group.py took 0.089 seconds
[2023-08-20T21:17:41.826-0400] {processor.py:157} INFO - Started process (PID=87092) to work on /home/mnguyen0226/anaconda3/envs/learning_scraper/lib/python3.11/site-packages/airflow/example_dags/example_task_group.py
[2023-08-20T21:17:41.827-0400] {processor.py:826} INFO - Processing file /home/mnguyen0226/anaconda3/envs/learning_scraper/lib/python3.11/site-packages/airflow/example_dags/example_task_group.py for tasks to queue
[2023-08-20T21:17:41.829-0400] {logging_mixin.py:150} INFO - [2023-08-20T21:17:41.828-0400] {dagbag.py:541} INFO - Filling up the DagBag from /home/mnguyen0226/anaconda3/envs/learning_scraper/lib/python3.11/site-packages/airflow/example_dags/example_task_group.py
[2023-08-20T21:17:41.842-0400] {processor.py:836} INFO - DAG(s) dict_keys(['example_task_group']) retrieved from /home/mnguyen0226/anaconda3/envs/learning_scraper/lib/python3.11/site-packages/airflow/example_dags/example_task_group.py
[2023-08-20T21:17:41.863-0400] {logging_mixin.py:150} INFO - [2023-08-20T21:17:41.863-0400] {dag.py:2742} INFO - Sync 1 DAGs
[2023-08-20T21:17:41.887-0400] {logging_mixin.py:150} INFO - [2023-08-20T21:17:41.887-0400] {dag.py:3504} INFO - Setting next_dagrun for example_task_group to 2023-08-20T01:17:41.886877+00:00, run_after=2023-08-21T01:17:41.886877+00:00
[2023-08-20T21:17:41.914-0400] {processor.py:179} INFO - Processing /home/mnguyen0226/anaconda3/envs/learning_scraper/lib/python3.11/site-packages/airflow/example_dags/example_task_group.py took 0.093 seconds
[2023-08-20T21:18:19.229-0400] {processor.py:157} INFO - Started process (PID=87330) to work on /home/mnguyen0226/anaconda3/envs/learning_scraper/lib/python3.11/site-packages/airflow/example_dags/example_task_group.py
[2023-08-20T21:18:19.230-0400] {processor.py:826} INFO - Processing file /home/mnguyen0226/anaconda3/envs/learning_scraper/lib/python3.11/site-packages/airflow/example_dags/example_task_group.py for tasks to queue
[2023-08-20T21:18:19.270-0400] {logging_mixin.py:150} INFO - [2023-08-20T21:18:19.231-0400] {dagbag.py:541} INFO - Filling up the DagBag from /home/mnguyen0226/anaconda3/envs/learning_scraper/lib/python3.11/site-packages/airflow/example_dags/example_task_group.py
[2023-08-20T21:18:19.305-0400] {processor.py:836} INFO - DAG(s) dict_keys(['example_task_group']) retrieved from /home/mnguyen0226/anaconda3/envs/learning_scraper/lib/python3.11/site-packages/airflow/example_dags/example_task_group.py
[2023-08-20T21:18:19.424-0400] {logging_mixin.py:150} INFO - [2023-08-20T21:18:19.424-0400] {dag.py:2742} INFO - Sync 1 DAGs
[2023-08-20T21:18:19.522-0400] {logging_mixin.py:150} INFO - [2023-08-20T21:18:19.522-0400] {dag.py:3504} INFO - Setting next_dagrun for example_task_group to 2023-08-20T01:18:19.521993+00:00, run_after=2023-08-21T01:18:19.521993+00:00
[2023-08-20T21:18:19.609-0400] {processor.py:179} INFO - Processing /home/mnguyen0226/anaconda3/envs/learning_scraper/lib/python3.11/site-packages/airflow/example_dags/example_task_group.py took 0.382 seconds
[2023-08-20T21:18:57.617-0400] {processor.py:157} INFO - Started process (PID=87479) to work on /home/mnguyen0226/anaconda3/envs/learning_scraper/lib/python3.11/site-packages/airflow/example_dags/example_task_group.py
[2023-08-20T21:18:57.618-0400] {processor.py:826} INFO - Processing file /home/mnguyen0226/anaconda3/envs/learning_scraper/lib/python3.11/site-packages/airflow/example_dags/example_task_group.py for tasks to queue
[2023-08-20T21:18:57.619-0400] {logging_mixin.py:150} INFO - [2023-08-20T21:18:57.619-0400] {dagbag.py:541} INFO - Filling up the DagBag from /home/mnguyen0226/anaconda3/envs/learning_scraper/lib/python3.11/site-packages/airflow/example_dags/example_task_group.py
[2023-08-20T21:18:57.631-0400] {processor.py:836} INFO - DAG(s) dict_keys(['example_task_group']) retrieved from /home/mnguyen0226/anaconda3/envs/learning_scraper/lib/python3.11/site-packages/airflow/example_dags/example_task_group.py
[2023-08-20T21:18:57.648-0400] {logging_mixin.py:150} INFO - [2023-08-20T21:18:57.648-0400] {dag.py:2742} INFO - Sync 1 DAGs
[2023-08-20T21:18:57.665-0400] {logging_mixin.py:150} INFO - [2023-08-20T21:18:57.664-0400] {dag.py:3504} INFO - Setting next_dagrun for example_task_group to 2023-08-20T01:18:57.664608+00:00, run_after=2023-08-21T01:18:57.664608+00:00
[2023-08-20T21:18:57.687-0400] {processor.py:179} INFO - Processing /home/mnguyen0226/anaconda3/envs/learning_scraper/lib/python3.11/site-packages/airflow/example_dags/example_task_group.py took 0.075 seconds
[2023-08-20T21:19:35.123-0400] {processor.py:157} INFO - Started process (PID=87821) to work on /home/mnguyen0226/anaconda3/envs/learning_scraper/lib/python3.11/site-packages/airflow/example_dags/example_task_group.py
[2023-08-20T21:19:35.131-0400] {processor.py:826} INFO - Processing file /home/mnguyen0226/anaconda3/envs/learning_scraper/lib/python3.11/site-packages/airflow/example_dags/example_task_group.py for tasks to queue
[2023-08-20T21:19:35.132-0400] {logging_mixin.py:150} INFO - [2023-08-20T21:19:35.132-0400] {dagbag.py:541} INFO - Filling up the DagBag from /home/mnguyen0226/anaconda3/envs/learning_scraper/lib/python3.11/site-packages/airflow/example_dags/example_task_group.py
[2023-08-20T21:19:35.138-0400] {processor.py:836} INFO - DAG(s) dict_keys(['example_task_group']) retrieved from /home/mnguyen0226/anaconda3/envs/learning_scraper/lib/python3.11/site-packages/airflow/example_dags/example_task_group.py
[2023-08-20T21:19:35.153-0400] {logging_mixin.py:150} INFO - [2023-08-20T21:19:35.153-0400] {dag.py:2742} INFO - Sync 1 DAGs
[2023-08-20T21:19:35.168-0400] {logging_mixin.py:150} INFO - [2023-08-20T21:19:35.168-0400] {dag.py:3504} INFO - Setting next_dagrun for example_task_group to 2023-08-20T01:19:35.168500+00:00, run_after=2023-08-21T01:19:35.168500+00:00
[2023-08-20T21:19:35.191-0400] {processor.py:179} INFO - Processing /home/mnguyen0226/anaconda3/envs/learning_scraper/lib/python3.11/site-packages/airflow/example_dags/example_task_group.py took 0.071 seconds
[2023-08-20T21:20:26.955-0400] {processor.py:157} INFO - Started process (PID=88169) to work on /home/mnguyen0226/anaconda3/envs/learning_scraper/lib/python3.11/site-packages/airflow/example_dags/example_task_group.py
[2023-08-20T21:20:26.956-0400] {processor.py:826} INFO - Processing file /home/mnguyen0226/anaconda3/envs/learning_scraper/lib/python3.11/site-packages/airflow/example_dags/example_task_group.py for tasks to queue
[2023-08-20T21:20:26.958-0400] {logging_mixin.py:150} INFO - [2023-08-20T21:20:26.957-0400] {dagbag.py:541} INFO - Filling up the DagBag from /home/mnguyen0226/anaconda3/envs/learning_scraper/lib/python3.11/site-packages/airflow/example_dags/example_task_group.py
[2023-08-20T21:20:26.971-0400] {processor.py:836} INFO - DAG(s) dict_keys(['example_task_group']) retrieved from /home/mnguyen0226/anaconda3/envs/learning_scraper/lib/python3.11/site-packages/airflow/example_dags/example_task_group.py
[2023-08-20T21:20:26.997-0400] {logging_mixin.py:150} INFO - [2023-08-20T21:20:26.997-0400] {dag.py:2742} INFO - Sync 1 DAGs
[2023-08-20T21:20:27.026-0400] {logging_mixin.py:150} INFO - [2023-08-20T21:20:27.025-0400] {dag.py:3504} INFO - Setting next_dagrun for example_task_group to 2023-08-20T01:20:27.025560+00:00, run_after=2023-08-21T01:20:27.025560+00:00
[2023-08-20T21:20:27.058-0400] {processor.py:179} INFO - Processing /home/mnguyen0226/anaconda3/envs/learning_scraper/lib/python3.11/site-packages/airflow/example_dags/example_task_group.py took 0.107 seconds
[2023-08-20T21:21:19.146-0400] {processor.py:157} INFO - Started process (PID=88331) to work on /home/mnguyen0226/anaconda3/envs/learning_scraper/lib/python3.11/site-packages/airflow/example_dags/example_task_group.py
[2023-08-20T21:21:19.156-0400] {processor.py:826} INFO - Processing file /home/mnguyen0226/anaconda3/envs/learning_scraper/lib/python3.11/site-packages/airflow/example_dags/example_task_group.py for tasks to queue
[2023-08-20T21:21:19.158-0400] {logging_mixin.py:150} INFO - [2023-08-20T21:21:19.157-0400] {dagbag.py:541} INFO - Filling up the DagBag from /home/mnguyen0226/anaconda3/envs/learning_scraper/lib/python3.11/site-packages/airflow/example_dags/example_task_group.py
[2023-08-20T21:21:19.172-0400] {processor.py:836} INFO - DAG(s) dict_keys(['example_task_group']) retrieved from /home/mnguyen0226/anaconda3/envs/learning_scraper/lib/python3.11/site-packages/airflow/example_dags/example_task_group.py
[2023-08-20T21:21:19.198-0400] {logging_mixin.py:150} INFO - [2023-08-20T21:21:19.198-0400] {dag.py:2742} INFO - Sync 1 DAGs
[2023-08-20T21:21:19.219-0400] {logging_mixin.py:150} INFO - [2023-08-20T21:21:19.219-0400] {dag.py:3504} INFO - Setting next_dagrun for example_task_group to 2023-08-20T01:21:19.219193+00:00, run_after=2023-08-21T01:21:19.219193+00:00
[2023-08-20T21:21:19.241-0400] {processor.py:179} INFO - Processing /home/mnguyen0226/anaconda3/envs/learning_scraper/lib/python3.11/site-packages/airflow/example_dags/example_task_group.py took 0.099 seconds
