[2023-08-20T21:00:33.610-0400] {processor.py:157} INFO - Started process (PID=80509) to work on /home/mnguyen0226/anaconda3/envs/learning_scraper/lib/python3.11/site-packages/airflow/example_dags/example_sla_dag.py
[2023-08-20T21:00:33.611-0400] {processor.py:826} INFO - Processing file /home/mnguyen0226/anaconda3/envs/learning_scraper/lib/python3.11/site-packages/airflow/example_dags/example_sla_dag.py for tasks to queue
[2023-08-20T21:00:33.612-0400] {logging_mixin.py:150} INFO - [2023-08-20T21:00:33.611-0400] {dagbag.py:541} INFO - Filling up the DagBag from /home/mnguyen0226/anaconda3/envs/learning_scraper/lib/python3.11/site-packages/airflow/example_dags/example_sla_dag.py
[2023-08-20T21:00:33.622-0400] {processor.py:836} INFO - DAG(s) dict_keys(['example_sla_dag']) retrieved from /home/mnguyen0226/anaconda3/envs/learning_scraper/lib/python3.11/site-packages/airflow/example_dags/example_sla_dag.py
[2023-08-20T21:00:33.644-0400] {logging_mixin.py:150} INFO - [2023-08-20T21:00:33.644-0400] {dag.py:2742} INFO - Sync 1 DAGs
[2023-08-20T21:00:33.672-0400] {logging_mixin.py:150} INFO - [2023-08-20T21:00:33.672-0400] {dag.py:3504} INFO - Setting next_dagrun for example_sla_dag to 2023-08-21T00:58:00+00:00, run_after=2023-08-21T01:00:00+00:00
[2023-08-20T21:00:33.711-0400] {processor.py:179} INFO - Processing /home/mnguyen0226/anaconda3/envs/learning_scraper/lib/python3.11/site-packages/airflow/example_dags/example_sla_dag.py took 0.104 seconds
[2023-08-20T21:01:19.877-0400] {processor.py:157} INFO - Started process (PID=80928) to work on /home/mnguyen0226/anaconda3/envs/learning_scraper/lib/python3.11/site-packages/airflow/example_dags/example_sla_dag.py
[2023-08-20T21:01:19.878-0400] {processor.py:826} INFO - Processing file /home/mnguyen0226/anaconda3/envs/learning_scraper/lib/python3.11/site-packages/airflow/example_dags/example_sla_dag.py for tasks to queue
[2023-08-20T21:01:19.879-0400] {logging_mixin.py:150} INFO - [2023-08-20T21:01:19.878-0400] {dagbag.py:541} INFO - Filling up the DagBag from /home/mnguyen0226/anaconda3/envs/learning_scraper/lib/python3.11/site-packages/airflow/example_dags/example_sla_dag.py
[2023-08-20T21:01:19.886-0400] {processor.py:836} INFO - DAG(s) dict_keys(['example_sla_dag']) retrieved from /home/mnguyen0226/anaconda3/envs/learning_scraper/lib/python3.11/site-packages/airflow/example_dags/example_sla_dag.py
[2023-08-20T21:01:19.906-0400] {logging_mixin.py:150} INFO - [2023-08-20T21:01:19.906-0400] {dag.py:2742} INFO - Sync 1 DAGs
[2023-08-20T21:01:19.940-0400] {logging_mixin.py:150} INFO - [2023-08-20T21:01:19.940-0400] {dag.py:3504} INFO - Setting next_dagrun for example_sla_dag to 2023-08-21T00:58:00+00:00, run_after=2023-08-21T01:00:00+00:00
[2023-08-20T21:01:19.965-0400] {processor.py:179} INFO - Processing /home/mnguyen0226/anaconda3/envs/learning_scraper/lib/python3.11/site-packages/airflow/example_dags/example_sla_dag.py took 0.090 seconds
[2023-08-20T21:02:09.598-0400] {processor.py:157} INFO - Started process (PID=81201) to work on /home/mnguyen0226/anaconda3/envs/learning_scraper/lib/python3.11/site-packages/airflow/example_dags/example_sla_dag.py
[2023-08-20T21:02:09.599-0400] {processor.py:826} INFO - Processing file /home/mnguyen0226/anaconda3/envs/learning_scraper/lib/python3.11/site-packages/airflow/example_dags/example_sla_dag.py for tasks to queue
[2023-08-20T21:02:09.600-0400] {logging_mixin.py:150} INFO - [2023-08-20T21:02:09.600-0400] {dagbag.py:541} INFO - Filling up the DagBag from /home/mnguyen0226/anaconda3/envs/learning_scraper/lib/python3.11/site-packages/airflow/example_dags/example_sla_dag.py
[2023-08-20T21:02:09.613-0400] {processor.py:836} INFO - DAG(s) dict_keys(['example_sla_dag']) retrieved from /home/mnguyen0226/anaconda3/envs/learning_scraper/lib/python3.11/site-packages/airflow/example_dags/example_sla_dag.py
[2023-08-20T21:02:09.637-0400] {logging_mixin.py:150} INFO - [2023-08-20T21:02:09.637-0400] {dag.py:2742} INFO - Sync 1 DAGs
[2023-08-20T21:02:09.660-0400] {logging_mixin.py:150} INFO - [2023-08-20T21:02:09.660-0400] {dag.py:3504} INFO - Setting next_dagrun for example_sla_dag to 2023-08-21T01:00:00+00:00, run_after=2023-08-21T01:02:00+00:00
[2023-08-20T21:02:09.685-0400] {processor.py:179} INFO - Processing /home/mnguyen0226/anaconda3/envs/learning_scraper/lib/python3.11/site-packages/airflow/example_dags/example_sla_dag.py took 0.092 seconds
[2023-08-20T21:03:32.484-0400] {processor.py:157} INFO - Started process (PID=81790) to work on /home/mnguyen0226/anaconda3/envs/learning_scraper/lib/python3.11/site-packages/airflow/example_dags/example_sla_dag.py
[2023-08-20T21:03:32.493-0400] {processor.py:826} INFO - Processing file /home/mnguyen0226/anaconda3/envs/learning_scraper/lib/python3.11/site-packages/airflow/example_dags/example_sla_dag.py for tasks to queue
[2023-08-20T21:03:32.496-0400] {logging_mixin.py:150} INFO - [2023-08-20T21:03:32.495-0400] {dagbag.py:541} INFO - Filling up the DagBag from /home/mnguyen0226/anaconda3/envs/learning_scraper/lib/python3.11/site-packages/airflow/example_dags/example_sla_dag.py
[2023-08-20T21:03:32.504-0400] {processor.py:836} INFO - DAG(s) dict_keys(['example_sla_dag']) retrieved from /home/mnguyen0226/anaconda3/envs/learning_scraper/lib/python3.11/site-packages/airflow/example_dags/example_sla_dag.py
[2023-08-20T21:03:32.520-0400] {logging_mixin.py:150} INFO - [2023-08-20T21:03:32.520-0400] {dag.py:2742} INFO - Sync 1 DAGs
[2023-08-20T21:03:32.542-0400] {logging_mixin.py:150} INFO - [2023-08-20T21:03:32.542-0400] {dag.py:3504} INFO - Setting next_dagrun for example_sla_dag to 2023-08-21T01:00:00+00:00, run_after=2023-08-21T01:02:00+00:00
[2023-08-20T21:03:32.566-0400] {processor.py:179} INFO - Processing /home/mnguyen0226/anaconda3/envs/learning_scraper/lib/python3.11/site-packages/airflow/example_dags/example_sla_dag.py took 0.084 seconds
[2023-08-20T21:04:18.415-0400] {processor.py:157} INFO - Started process (PID=83008) to work on /home/mnguyen0226/anaconda3/envs/learning_scraper/lib/python3.11/site-packages/airflow/example_dags/example_sla_dag.py
[2023-08-20T21:04:18.416-0400] {processor.py:826} INFO - Processing file /home/mnguyen0226/anaconda3/envs/learning_scraper/lib/python3.11/site-packages/airflow/example_dags/example_sla_dag.py for tasks to queue
[2023-08-20T21:04:18.418-0400] {logging_mixin.py:150} INFO - [2023-08-20T21:04:18.417-0400] {dagbag.py:541} INFO - Filling up the DagBag from /home/mnguyen0226/anaconda3/envs/learning_scraper/lib/python3.11/site-packages/airflow/example_dags/example_sla_dag.py
[2023-08-20T21:04:18.430-0400] {processor.py:836} INFO - DAG(s) dict_keys(['example_sla_dag']) retrieved from /home/mnguyen0226/anaconda3/envs/learning_scraper/lib/python3.11/site-packages/airflow/example_dags/example_sla_dag.py
[2023-08-20T21:04:18.455-0400] {logging_mixin.py:150} INFO - [2023-08-20T21:04:18.455-0400] {dag.py:2742} INFO - Sync 1 DAGs
[2023-08-20T21:04:18.490-0400] {logging_mixin.py:150} INFO - [2023-08-20T21:04:18.490-0400] {dag.py:3504} INFO - Setting next_dagrun for example_sla_dag to 2023-08-21T01:02:00+00:00, run_after=2023-08-21T01:04:00+00:00
[2023-08-20T21:04:18.519-0400] {processor.py:179} INFO - Processing /home/mnguyen0226/anaconda3/envs/learning_scraper/lib/python3.11/site-packages/airflow/example_dags/example_sla_dag.py took 0.108 seconds
[2023-08-20T21:05:10.488-0400] {processor.py:157} INFO - Started process (PID=83294) to work on /home/mnguyen0226/anaconda3/envs/learning_scraper/lib/python3.11/site-packages/airflow/example_dags/example_sla_dag.py
[2023-08-20T21:05:10.490-0400] {processor.py:826} INFO - Processing file /home/mnguyen0226/anaconda3/envs/learning_scraper/lib/python3.11/site-packages/airflow/example_dags/example_sla_dag.py for tasks to queue
[2023-08-20T21:05:10.491-0400] {logging_mixin.py:150} INFO - [2023-08-20T21:05:10.490-0400] {dagbag.py:541} INFO - Filling up the DagBag from /home/mnguyen0226/anaconda3/envs/learning_scraper/lib/python3.11/site-packages/airflow/example_dags/example_sla_dag.py
[2023-08-20T21:05:10.505-0400] {processor.py:836} INFO - DAG(s) dict_keys(['example_sla_dag']) retrieved from /home/mnguyen0226/anaconda3/envs/learning_scraper/lib/python3.11/site-packages/airflow/example_dags/example_sla_dag.py
[2023-08-20T21:05:10.534-0400] {logging_mixin.py:150} INFO - [2023-08-20T21:05:10.533-0400] {dag.py:2742} INFO - Sync 1 DAGs
[2023-08-20T21:05:10.571-0400] {logging_mixin.py:150} INFO - [2023-08-20T21:05:10.571-0400] {dag.py:3504} INFO - Setting next_dagrun for example_sla_dag to 2023-08-21T01:02:00+00:00, run_after=2023-08-21T01:04:00+00:00
[2023-08-20T21:05:10.602-0400] {processor.py:179} INFO - Processing /home/mnguyen0226/anaconda3/envs/learning_scraper/lib/python3.11/site-packages/airflow/example_dags/example_sla_dag.py took 0.118 seconds
[2023-08-20T21:06:02.776-0400] {processor.py:157} INFO - Started process (PID=83517) to work on /home/mnguyen0226/anaconda3/envs/learning_scraper/lib/python3.11/site-packages/airflow/example_dags/example_sla_dag.py
[2023-08-20T21:06:02.785-0400] {processor.py:826} INFO - Processing file /home/mnguyen0226/anaconda3/envs/learning_scraper/lib/python3.11/site-packages/airflow/example_dags/example_sla_dag.py for tasks to queue
[2023-08-20T21:06:02.787-0400] {logging_mixin.py:150} INFO - [2023-08-20T21:06:02.787-0400] {dagbag.py:541} INFO - Filling up the DagBag from /home/mnguyen0226/anaconda3/envs/learning_scraper/lib/python3.11/site-packages/airflow/example_dags/example_sla_dag.py
[2023-08-20T21:06:02.799-0400] {processor.py:836} INFO - DAG(s) dict_keys(['example_sla_dag']) retrieved from /home/mnguyen0226/anaconda3/envs/learning_scraper/lib/python3.11/site-packages/airflow/example_dags/example_sla_dag.py
[2023-08-20T21:06:02.829-0400] {logging_mixin.py:150} INFO - [2023-08-20T21:06:02.828-0400] {dag.py:2742} INFO - Sync 1 DAGs
[2023-08-20T21:06:02.868-0400] {logging_mixin.py:150} INFO - [2023-08-20T21:06:02.868-0400] {dag.py:3504} INFO - Setting next_dagrun for example_sla_dag to 2023-08-21T01:04:00+00:00, run_after=2023-08-21T01:06:00+00:00
[2023-08-20T21:06:02.896-0400] {processor.py:179} INFO - Processing /home/mnguyen0226/anaconda3/envs/learning_scraper/lib/python3.11/site-packages/airflow/example_dags/example_sla_dag.py took 0.124 seconds
[2023-08-20T21:07:01.457-0400] {processor.py:157} INFO - Started process (PID=83809) to work on /home/mnguyen0226/anaconda3/envs/learning_scraper/lib/python3.11/site-packages/airflow/example_dags/example_sla_dag.py
[2023-08-20T21:07:01.466-0400] {processor.py:826} INFO - Processing file /home/mnguyen0226/anaconda3/envs/learning_scraper/lib/python3.11/site-packages/airflow/example_dags/example_sla_dag.py for tasks to queue
[2023-08-20T21:07:01.468-0400] {logging_mixin.py:150} INFO - [2023-08-20T21:07:01.467-0400] {dagbag.py:541} INFO - Filling up the DagBag from /home/mnguyen0226/anaconda3/envs/learning_scraper/lib/python3.11/site-packages/airflow/example_dags/example_sla_dag.py
[2023-08-20T21:07:01.482-0400] {processor.py:836} INFO - DAG(s) dict_keys(['example_sla_dag']) retrieved from /home/mnguyen0226/anaconda3/envs/learning_scraper/lib/python3.11/site-packages/airflow/example_dags/example_sla_dag.py
[2023-08-20T21:07:01.504-0400] {logging_mixin.py:150} INFO - [2023-08-20T21:07:01.504-0400] {dag.py:2742} INFO - Sync 1 DAGs
[2023-08-20T21:07:01.613-0400] {logging_mixin.py:150} INFO - [2023-08-20T21:07:01.613-0400] {dag.py:3504} INFO - Setting next_dagrun for example_sla_dag to 2023-08-21T01:04:00+00:00, run_after=2023-08-21T01:06:00+00:00
[2023-08-20T21:07:01.645-0400] {processor.py:179} INFO - Processing /home/mnguyen0226/anaconda3/envs/learning_scraper/lib/python3.11/site-packages/airflow/example_dags/example_sla_dag.py took 0.192 seconds
[2023-08-20T21:08:03.274-0400] {processor.py:157} INFO - Started process (PID=84023) to work on /home/mnguyen0226/anaconda3/envs/learning_scraper/lib/python3.11/site-packages/airflow/example_dags/example_sla_dag.py
[2023-08-20T21:08:03.284-0400] {processor.py:826} INFO - Processing file /home/mnguyen0226/anaconda3/envs/learning_scraper/lib/python3.11/site-packages/airflow/example_dags/example_sla_dag.py for tasks to queue
[2023-08-20T21:08:03.285-0400] {logging_mixin.py:150} INFO - [2023-08-20T21:08:03.285-0400] {dagbag.py:541} INFO - Filling up the DagBag from /home/mnguyen0226/anaconda3/envs/learning_scraper/lib/python3.11/site-packages/airflow/example_dags/example_sla_dag.py
[2023-08-20T21:08:03.297-0400] {processor.py:836} INFO - DAG(s) dict_keys(['example_sla_dag']) retrieved from /home/mnguyen0226/anaconda3/envs/learning_scraper/lib/python3.11/site-packages/airflow/example_dags/example_sla_dag.py
[2023-08-20T21:08:03.317-0400] {logging_mixin.py:150} INFO - [2023-08-20T21:08:03.316-0400] {dag.py:2742} INFO - Sync 1 DAGs
[2023-08-20T21:08:03.350-0400] {logging_mixin.py:150} INFO - [2023-08-20T21:08:03.350-0400] {dag.py:3504} INFO - Setting next_dagrun for example_sla_dag to 2023-08-21T01:06:00+00:00, run_after=2023-08-21T01:08:00+00:00
[2023-08-20T21:08:03.380-0400] {processor.py:179} INFO - Processing /home/mnguyen0226/anaconda3/envs/learning_scraper/lib/python3.11/site-packages/airflow/example_dags/example_sla_dag.py took 0.110 seconds
[2023-08-20T21:08:56.745-0400] {processor.py:157} INFO - Started process (PID=84292) to work on /home/mnguyen0226/anaconda3/envs/learning_scraper/lib/python3.11/site-packages/airflow/example_dags/example_sla_dag.py
[2023-08-20T21:08:56.754-0400] {processor.py:826} INFO - Processing file /home/mnguyen0226/anaconda3/envs/learning_scraper/lib/python3.11/site-packages/airflow/example_dags/example_sla_dag.py for tasks to queue
[2023-08-20T21:08:56.755-0400] {logging_mixin.py:150} INFO - [2023-08-20T21:08:56.754-0400] {dagbag.py:541} INFO - Filling up the DagBag from /home/mnguyen0226/anaconda3/envs/learning_scraper/lib/python3.11/site-packages/airflow/example_dags/example_sla_dag.py
[2023-08-20T21:08:56.763-0400] {processor.py:836} INFO - DAG(s) dict_keys(['example_sla_dag']) retrieved from /home/mnguyen0226/anaconda3/envs/learning_scraper/lib/python3.11/site-packages/airflow/example_dags/example_sla_dag.py
[2023-08-20T21:08:56.780-0400] {logging_mixin.py:150} INFO - [2023-08-20T21:08:56.779-0400] {dag.py:2742} INFO - Sync 1 DAGs
[2023-08-20T21:08:56.798-0400] {logging_mixin.py:150} INFO - [2023-08-20T21:08:56.798-0400] {dag.py:3504} INFO - Setting next_dagrun for example_sla_dag to 2023-08-21T01:06:00+00:00, run_after=2023-08-21T01:08:00+00:00
[2023-08-20T21:08:56.824-0400] {processor.py:179} INFO - Processing /home/mnguyen0226/anaconda3/envs/learning_scraper/lib/python3.11/site-packages/airflow/example_dags/example_sla_dag.py took 0.081 seconds
[2023-08-20T21:09:50.088-0400] {processor.py:157} INFO - Started process (PID=84556) to work on /home/mnguyen0226/anaconda3/envs/learning_scraper/lib/python3.11/site-packages/airflow/example_dags/example_sla_dag.py
[2023-08-20T21:09:50.090-0400] {processor.py:826} INFO - Processing file /home/mnguyen0226/anaconda3/envs/learning_scraper/lib/python3.11/site-packages/airflow/example_dags/example_sla_dag.py for tasks to queue
[2023-08-20T21:09:50.093-0400] {logging_mixin.py:150} INFO - [2023-08-20T21:09:50.092-0400] {dagbag.py:541} INFO - Filling up the DagBag from /home/mnguyen0226/anaconda3/envs/learning_scraper/lib/python3.11/site-packages/airflow/example_dags/example_sla_dag.py
[2023-08-20T21:09:50.104-0400] {processor.py:836} INFO - DAG(s) dict_keys(['example_sla_dag']) retrieved from /home/mnguyen0226/anaconda3/envs/learning_scraper/lib/python3.11/site-packages/airflow/example_dags/example_sla_dag.py
[2023-08-20T21:09:50.128-0400] {logging_mixin.py:150} INFO - [2023-08-20T21:09:50.128-0400] {dag.py:2742} INFO - Sync 1 DAGs
[2023-08-20T21:09:50.164-0400] {logging_mixin.py:150} INFO - [2023-08-20T21:09:50.164-0400] {dag.py:3504} INFO - Setting next_dagrun for example_sla_dag to 2023-08-21T01:06:00+00:00, run_after=2023-08-21T01:08:00+00:00
[2023-08-20T21:09:50.230-0400] {processor.py:179} INFO - Processing /home/mnguyen0226/anaconda3/envs/learning_scraper/lib/python3.11/site-packages/airflow/example_dags/example_sla_dag.py took 0.150 seconds
[2023-08-20T21:10:49.091-0400] {processor.py:157} INFO - Started process (PID=84815) to work on /home/mnguyen0226/anaconda3/envs/learning_scraper/lib/python3.11/site-packages/airflow/example_dags/example_sla_dag.py
[2023-08-20T21:10:49.100-0400] {processor.py:826} INFO - Processing file /home/mnguyen0226/anaconda3/envs/learning_scraper/lib/python3.11/site-packages/airflow/example_dags/example_sla_dag.py for tasks to queue
[2023-08-20T21:10:49.102-0400] {logging_mixin.py:150} INFO - [2023-08-20T21:10:49.101-0400] {dagbag.py:541} INFO - Filling up the DagBag from /home/mnguyen0226/anaconda3/envs/learning_scraper/lib/python3.11/site-packages/airflow/example_dags/example_sla_dag.py
[2023-08-20T21:10:49.115-0400] {processor.py:836} INFO - DAG(s) dict_keys(['example_sla_dag']) retrieved from /home/mnguyen0226/anaconda3/envs/learning_scraper/lib/python3.11/site-packages/airflow/example_dags/example_sla_dag.py
[2023-08-20T21:10:49.140-0400] {logging_mixin.py:150} INFO - [2023-08-20T21:10:49.139-0400] {dag.py:2742} INFO - Sync 1 DAGs
[2023-08-20T21:10:49.158-0400] {logging_mixin.py:150} INFO - [2023-08-20T21:10:49.158-0400] {dag.py:3504} INFO - Setting next_dagrun for example_sla_dag to 2023-08-21T01:08:00+00:00, run_after=2023-08-21T01:10:00+00:00
[2023-08-20T21:10:49.185-0400] {processor.py:179} INFO - Processing /home/mnguyen0226/anaconda3/envs/learning_scraper/lib/python3.11/site-packages/airflow/example_dags/example_sla_dag.py took 0.098 seconds
[2023-08-20T21:11:40.318-0400] {processor.py:157} INFO - Started process (PID=85066) to work on /home/mnguyen0226/anaconda3/envs/learning_scraper/lib/python3.11/site-packages/airflow/example_dags/example_sla_dag.py
[2023-08-20T21:11:40.319-0400] {processor.py:826} INFO - Processing file /home/mnguyen0226/anaconda3/envs/learning_scraper/lib/python3.11/site-packages/airflow/example_dags/example_sla_dag.py for tasks to queue
[2023-08-20T21:11:40.321-0400] {logging_mixin.py:150} INFO - [2023-08-20T21:11:40.320-0400] {dagbag.py:541} INFO - Filling up the DagBag from /home/mnguyen0226/anaconda3/envs/learning_scraper/lib/python3.11/site-packages/airflow/example_dags/example_sla_dag.py
[2023-08-20T21:11:40.336-0400] {processor.py:836} INFO - DAG(s) dict_keys(['example_sla_dag']) retrieved from /home/mnguyen0226/anaconda3/envs/learning_scraper/lib/python3.11/site-packages/airflow/example_dags/example_sla_dag.py
[2023-08-20T21:11:40.368-0400] {logging_mixin.py:150} INFO - [2023-08-20T21:11:40.368-0400] {dag.py:2742} INFO - Sync 1 DAGs
[2023-08-20T21:11:40.393-0400] {logging_mixin.py:150} INFO - [2023-08-20T21:11:40.393-0400] {dag.py:3504} INFO - Setting next_dagrun for example_sla_dag to 2023-08-21T01:08:00+00:00, run_after=2023-08-21T01:10:00+00:00
[2023-08-20T21:11:40.419-0400] {processor.py:179} INFO - Processing /home/mnguyen0226/anaconda3/envs/learning_scraper/lib/python3.11/site-packages/airflow/example_dags/example_sla_dag.py took 0.106 seconds
[2023-08-20T21:12:33.398-0400] {processor.py:157} INFO - Started process (PID=85470) to work on /home/mnguyen0226/anaconda3/envs/learning_scraper/lib/python3.11/site-packages/airflow/example_dags/example_sla_dag.py
[2023-08-20T21:12:33.399-0400] {processor.py:826} INFO - Processing file /home/mnguyen0226/anaconda3/envs/learning_scraper/lib/python3.11/site-packages/airflow/example_dags/example_sla_dag.py for tasks to queue
[2023-08-20T21:12:33.400-0400] {logging_mixin.py:150} INFO - [2023-08-20T21:12:33.400-0400] {dagbag.py:541} INFO - Filling up the DagBag from /home/mnguyen0226/anaconda3/envs/learning_scraper/lib/python3.11/site-packages/airflow/example_dags/example_sla_dag.py
[2023-08-20T21:12:33.411-0400] {processor.py:836} INFO - DAG(s) dict_keys(['example_sla_dag']) retrieved from /home/mnguyen0226/anaconda3/envs/learning_scraper/lib/python3.11/site-packages/airflow/example_dags/example_sla_dag.py
[2023-08-20T21:12:33.431-0400] {logging_mixin.py:150} INFO - [2023-08-20T21:12:33.430-0400] {dag.py:2742} INFO - Sync 1 DAGs
[2023-08-20T21:12:33.458-0400] {logging_mixin.py:150} INFO - [2023-08-20T21:12:33.458-0400] {dag.py:3504} INFO - Setting next_dagrun for example_sla_dag to 2023-08-21T01:10:00+00:00, run_after=2023-08-21T01:12:00+00:00
[2023-08-20T21:12:33.503-0400] {processor.py:179} INFO - Processing /home/mnguyen0226/anaconda3/envs/learning_scraper/lib/python3.11/site-packages/airflow/example_dags/example_sla_dag.py took 0.107 seconds
[2023-08-20T21:13:30.257-0400] {processor.py:157} INFO - Started process (PID=85887) to work on /home/mnguyen0226/anaconda3/envs/learning_scraper/lib/python3.11/site-packages/airflow/example_dags/example_sla_dag.py
[2023-08-20T21:13:30.258-0400] {processor.py:826} INFO - Processing file /home/mnguyen0226/anaconda3/envs/learning_scraper/lib/python3.11/site-packages/airflow/example_dags/example_sla_dag.py for tasks to queue
[2023-08-20T21:13:30.259-0400] {logging_mixin.py:150} INFO - [2023-08-20T21:13:30.258-0400] {dagbag.py:541} INFO - Filling up the DagBag from /home/mnguyen0226/anaconda3/envs/learning_scraper/lib/python3.11/site-packages/airflow/example_dags/example_sla_dag.py
[2023-08-20T21:13:30.272-0400] {processor.py:836} INFO - DAG(s) dict_keys(['example_sla_dag']) retrieved from /home/mnguyen0226/anaconda3/envs/learning_scraper/lib/python3.11/site-packages/airflow/example_dags/example_sla_dag.py
[2023-08-20T21:13:30.289-0400] {logging_mixin.py:150} INFO - [2023-08-20T21:13:30.289-0400] {dag.py:2742} INFO - Sync 1 DAGs
[2023-08-20T21:13:30.306-0400] {logging_mixin.py:150} INFO - [2023-08-20T21:13:30.306-0400] {dag.py:3504} INFO - Setting next_dagrun for example_sla_dag to 2023-08-21T01:10:00+00:00, run_after=2023-08-21T01:12:00+00:00
[2023-08-20T21:13:30.329-0400] {processor.py:179} INFO - Processing /home/mnguyen0226/anaconda3/envs/learning_scraper/lib/python3.11/site-packages/airflow/example_dags/example_sla_dag.py took 0.077 seconds
[2023-08-20T21:14:12.147-0400] {processor.py:157} INFO - Started process (PID=86097) to work on /home/mnguyen0226/anaconda3/envs/learning_scraper/lib/python3.11/site-packages/airflow/example_dags/example_sla_dag.py
[2023-08-20T21:14:12.149-0400] {processor.py:826} INFO - Processing file /home/mnguyen0226/anaconda3/envs/learning_scraper/lib/python3.11/site-packages/airflow/example_dags/example_sla_dag.py for tasks to queue
[2023-08-20T21:14:12.150-0400] {logging_mixin.py:150} INFO - [2023-08-20T21:14:12.149-0400] {dagbag.py:541} INFO - Filling up the DagBag from /home/mnguyen0226/anaconda3/envs/learning_scraper/lib/python3.11/site-packages/airflow/example_dags/example_sla_dag.py
[2023-08-20T21:14:12.165-0400] {processor.py:836} INFO - DAG(s) dict_keys(['example_sla_dag']) retrieved from /home/mnguyen0226/anaconda3/envs/learning_scraper/lib/python3.11/site-packages/airflow/example_dags/example_sla_dag.py
[2023-08-20T21:14:12.193-0400] {logging_mixin.py:150} INFO - [2023-08-20T21:14:12.193-0400] {dag.py:2742} INFO - Sync 1 DAGs
[2023-08-20T21:14:12.230-0400] {logging_mixin.py:150} INFO - [2023-08-20T21:14:12.229-0400] {dag.py:3504} INFO - Setting next_dagrun for example_sla_dag to 2023-08-21T01:12:00+00:00, run_after=2023-08-21T01:14:00+00:00
[2023-08-20T21:14:12.259-0400] {processor.py:179} INFO - Processing /home/mnguyen0226/anaconda3/envs/learning_scraper/lib/python3.11/site-packages/airflow/example_dags/example_sla_dag.py took 0.117 seconds
[2023-08-20T21:15:08.948-0400] {processor.py:157} INFO - Started process (PID=86332) to work on /home/mnguyen0226/anaconda3/envs/learning_scraper/lib/python3.11/site-packages/airflow/example_dags/example_sla_dag.py
[2023-08-20T21:15:08.957-0400] {processor.py:826} INFO - Processing file /home/mnguyen0226/anaconda3/envs/learning_scraper/lib/python3.11/site-packages/airflow/example_dags/example_sla_dag.py for tasks to queue
[2023-08-20T21:15:08.958-0400] {logging_mixin.py:150} INFO - [2023-08-20T21:15:08.957-0400] {dagbag.py:541} INFO - Filling up the DagBag from /home/mnguyen0226/anaconda3/envs/learning_scraper/lib/python3.11/site-packages/airflow/example_dags/example_sla_dag.py
[2023-08-20T21:15:08.965-0400] {processor.py:836} INFO - DAG(s) dict_keys(['example_sla_dag']) retrieved from /home/mnguyen0226/anaconda3/envs/learning_scraper/lib/python3.11/site-packages/airflow/example_dags/example_sla_dag.py
[2023-08-20T21:15:08.986-0400] {logging_mixin.py:150} INFO - [2023-08-20T21:15:08.986-0400] {dag.py:2742} INFO - Sync 1 DAGs
[2023-08-20T21:15:09.012-0400] {logging_mixin.py:150} INFO - [2023-08-20T21:15:09.012-0400] {dag.py:3504} INFO - Setting next_dagrun for example_sla_dag to 2023-08-21T01:12:00+00:00, run_after=2023-08-21T01:14:00+00:00
[2023-08-20T21:15:09.033-0400] {processor.py:179} INFO - Processing /home/mnguyen0226/anaconda3/envs/learning_scraper/lib/python3.11/site-packages/airflow/example_dags/example_sla_dag.py took 0.089 seconds
[2023-08-20T21:15:58.458-0400] {processor.py:157} INFO - Started process (PID=86477) to work on /home/mnguyen0226/anaconda3/envs/learning_scraper/lib/python3.11/site-packages/airflow/example_dags/example_sla_dag.py
[2023-08-20T21:15:58.459-0400] {processor.py:826} INFO - Processing file /home/mnguyen0226/anaconda3/envs/learning_scraper/lib/python3.11/site-packages/airflow/example_dags/example_sla_dag.py for tasks to queue
[2023-08-20T21:15:58.461-0400] {logging_mixin.py:150} INFO - [2023-08-20T21:15:58.460-0400] {dagbag.py:541} INFO - Filling up the DagBag from /home/mnguyen0226/anaconda3/envs/learning_scraper/lib/python3.11/site-packages/airflow/example_dags/example_sla_dag.py
[2023-08-20T21:15:58.473-0400] {processor.py:836} INFO - DAG(s) dict_keys(['example_sla_dag']) retrieved from /home/mnguyen0226/anaconda3/envs/learning_scraper/lib/python3.11/site-packages/airflow/example_dags/example_sla_dag.py
[2023-08-20T21:15:58.496-0400] {logging_mixin.py:150} INFO - [2023-08-20T21:15:58.496-0400] {dag.py:2742} INFO - Sync 1 DAGs
[2023-08-20T21:15:58.537-0400] {logging_mixin.py:150} INFO - [2023-08-20T21:15:58.537-0400] {dag.py:3504} INFO - Setting next_dagrun for example_sla_dag to 2023-08-21T01:12:00+00:00, run_after=2023-08-21T01:14:00+00:00
[2023-08-20T21:15:58.574-0400] {processor.py:179} INFO - Processing /home/mnguyen0226/anaconda3/envs/learning_scraper/lib/python3.11/site-packages/airflow/example_dags/example_sla_dag.py took 0.120 seconds
[2023-08-20T21:16:54.066-0400] {processor.py:157} INFO - Started process (PID=86895) to work on /home/mnguyen0226/anaconda3/envs/learning_scraper/lib/python3.11/site-packages/airflow/example_dags/example_sla_dag.py
[2023-08-20T21:16:54.067-0400] {processor.py:826} INFO - Processing file /home/mnguyen0226/anaconda3/envs/learning_scraper/lib/python3.11/site-packages/airflow/example_dags/example_sla_dag.py for tasks to queue
[2023-08-20T21:16:54.069-0400] {logging_mixin.py:150} INFO - [2023-08-20T21:16:54.068-0400] {dagbag.py:541} INFO - Filling up the DagBag from /home/mnguyen0226/anaconda3/envs/learning_scraper/lib/python3.11/site-packages/airflow/example_dags/example_sla_dag.py
[2023-08-20T21:16:54.082-0400] {processor.py:836} INFO - DAG(s) dict_keys(['example_sla_dag']) retrieved from /home/mnguyen0226/anaconda3/envs/learning_scraper/lib/python3.11/site-packages/airflow/example_dags/example_sla_dag.py
[2023-08-20T21:16:54.101-0400] {logging_mixin.py:150} INFO - [2023-08-20T21:16:54.101-0400] {dag.py:2742} INFO - Sync 1 DAGs
[2023-08-20T21:16:54.128-0400] {logging_mixin.py:150} INFO - [2023-08-20T21:16:54.127-0400] {dag.py:3504} INFO - Setting next_dagrun for example_sla_dag to 2023-08-21T01:14:00+00:00, run_after=2023-08-21T01:16:00+00:00
[2023-08-20T21:16:54.155-0400] {processor.py:179} INFO - Processing /home/mnguyen0226/anaconda3/envs/learning_scraper/lib/python3.11/site-packages/airflow/example_dags/example_sla_dag.py took 0.094 seconds
[2023-08-20T21:17:48.134-0400] {processor.py:157} INFO - Started process (PID=87140) to work on /home/mnguyen0226/anaconda3/envs/learning_scraper/lib/python3.11/site-packages/airflow/example_dags/example_sla_dag.py
[2023-08-20T21:17:48.135-0400] {processor.py:826} INFO - Processing file /home/mnguyen0226/anaconda3/envs/learning_scraper/lib/python3.11/site-packages/airflow/example_dags/example_sla_dag.py for tasks to queue
[2023-08-20T21:17:48.136-0400] {logging_mixin.py:150} INFO - [2023-08-20T21:17:48.136-0400] {dagbag.py:541} INFO - Filling up the DagBag from /home/mnguyen0226/anaconda3/envs/learning_scraper/lib/python3.11/site-packages/airflow/example_dags/example_sla_dag.py
[2023-08-20T21:17:48.144-0400] {processor.py:836} INFO - DAG(s) dict_keys(['example_sla_dag']) retrieved from /home/mnguyen0226/anaconda3/envs/learning_scraper/lib/python3.11/site-packages/airflow/example_dags/example_sla_dag.py
[2023-08-20T21:17:48.160-0400] {logging_mixin.py:150} INFO - [2023-08-20T21:17:48.159-0400] {dag.py:2742} INFO - Sync 1 DAGs
[2023-08-20T21:17:48.180-0400] {logging_mixin.py:150} INFO - [2023-08-20T21:17:48.180-0400] {dag.py:3504} INFO - Setting next_dagrun for example_sla_dag to 2023-08-21T01:14:00+00:00, run_after=2023-08-21T01:16:00+00:00
[2023-08-20T21:17:48.211-0400] {processor.py:179} INFO - Processing /home/mnguyen0226/anaconda3/envs/learning_scraper/lib/python3.11/site-packages/airflow/example_dags/example_sla_dag.py took 0.080 seconds
[2023-08-20T21:18:43.527-0400] {processor.py:157} INFO - Started process (PID=87394) to work on /home/mnguyen0226/anaconda3/envs/learning_scraper/lib/python3.11/site-packages/airflow/example_dags/example_sla_dag.py
[2023-08-20T21:18:43.537-0400] {processor.py:826} INFO - Processing file /home/mnguyen0226/anaconda3/envs/learning_scraper/lib/python3.11/site-packages/airflow/example_dags/example_sla_dag.py for tasks to queue
[2023-08-20T21:18:43.538-0400] {logging_mixin.py:150} INFO - [2023-08-20T21:18:43.538-0400] {dagbag.py:541} INFO - Filling up the DagBag from /home/mnguyen0226/anaconda3/envs/learning_scraper/lib/python3.11/site-packages/airflow/example_dags/example_sla_dag.py
[2023-08-20T21:18:43.554-0400] {processor.py:836} INFO - DAG(s) dict_keys(['example_sla_dag']) retrieved from /home/mnguyen0226/anaconda3/envs/learning_scraper/lib/python3.11/site-packages/airflow/example_dags/example_sla_dag.py
[2023-08-20T21:18:43.577-0400] {logging_mixin.py:150} INFO - [2023-08-20T21:18:43.577-0400] {dag.py:2742} INFO - Sync 1 DAGs
[2023-08-20T21:18:43.594-0400] {logging_mixin.py:150} INFO - [2023-08-20T21:18:43.594-0400] {dag.py:3504} INFO - Setting next_dagrun for example_sla_dag to 2023-08-21T01:16:00+00:00, run_after=2023-08-21T01:18:00+00:00
[2023-08-20T21:18:43.618-0400] {processor.py:179} INFO - Processing /home/mnguyen0226/anaconda3/envs/learning_scraper/lib/python3.11/site-packages/airflow/example_dags/example_sla_dag.py took 0.095 seconds
[2023-08-20T21:19:38.275-0400] {processor.py:157} INFO - Started process (PID=87846) to work on /home/mnguyen0226/anaconda3/envs/learning_scraper/lib/python3.11/site-packages/airflow/example_dags/example_sla_dag.py
[2023-08-20T21:19:38.284-0400] {processor.py:826} INFO - Processing file /home/mnguyen0226/anaconda3/envs/learning_scraper/lib/python3.11/site-packages/airflow/example_dags/example_sla_dag.py for tasks to queue
[2023-08-20T21:19:38.285-0400] {logging_mixin.py:150} INFO - [2023-08-20T21:19:38.285-0400] {dagbag.py:541} INFO - Filling up the DagBag from /home/mnguyen0226/anaconda3/envs/learning_scraper/lib/python3.11/site-packages/airflow/example_dags/example_sla_dag.py
[2023-08-20T21:19:38.294-0400] {processor.py:836} INFO - DAG(s) dict_keys(['example_sla_dag']) retrieved from /home/mnguyen0226/anaconda3/envs/learning_scraper/lib/python3.11/site-packages/airflow/example_dags/example_sla_dag.py
[2023-08-20T21:19:38.312-0400] {logging_mixin.py:150} INFO - [2023-08-20T21:19:38.311-0400] {dag.py:2742} INFO - Sync 1 DAGs
[2023-08-20T21:19:38.338-0400] {logging_mixin.py:150} INFO - [2023-08-20T21:19:38.337-0400] {dag.py:3504} INFO - Setting next_dagrun for example_sla_dag to 2023-08-21T01:16:00+00:00, run_after=2023-08-21T01:18:00+00:00
[2023-08-20T21:19:38.365-0400] {processor.py:179} INFO - Processing /home/mnguyen0226/anaconda3/envs/learning_scraper/lib/python3.11/site-packages/airflow/example_dags/example_sla_dag.py took 0.093 seconds
[2023-08-20T21:20:30.974-0400] {processor.py:157} INFO - Started process (PID=88186) to work on /home/mnguyen0226/anaconda3/envs/learning_scraper/lib/python3.11/site-packages/airflow/example_dags/example_sla_dag.py
[2023-08-20T21:20:30.974-0400] {processor.py:826} INFO - Processing file /home/mnguyen0226/anaconda3/envs/learning_scraper/lib/python3.11/site-packages/airflow/example_dags/example_sla_dag.py for tasks to queue
[2023-08-20T21:20:30.975-0400] {logging_mixin.py:150} INFO - [2023-08-20T21:20:30.975-0400] {dagbag.py:541} INFO - Filling up the DagBag from /home/mnguyen0226/anaconda3/envs/learning_scraper/lib/python3.11/site-packages/airflow/example_dags/example_sla_dag.py
[2023-08-20T21:20:30.984-0400] {processor.py:836} INFO - DAG(s) dict_keys(['example_sla_dag']) retrieved from /home/mnguyen0226/anaconda3/envs/learning_scraper/lib/python3.11/site-packages/airflow/example_dags/example_sla_dag.py
[2023-08-20T21:20:31.002-0400] {logging_mixin.py:150} INFO - [2023-08-20T21:20:31.002-0400] {dag.py:2742} INFO - Sync 1 DAGs
[2023-08-20T21:20:31.022-0400] {logging_mixin.py:150} INFO - [2023-08-20T21:20:31.022-0400] {dag.py:3504} INFO - Setting next_dagrun for example_sla_dag to 2023-08-21T01:18:00+00:00, run_after=2023-08-21T01:20:00+00:00
[2023-08-20T21:20:31.059-0400] {processor.py:179} INFO - Processing /home/mnguyen0226/anaconda3/envs/learning_scraper/lib/python3.11/site-packages/airflow/example_dags/example_sla_dag.py took 0.090 seconds
[2023-08-20T21:21:23.864-0400] {processor.py:157} INFO - Started process (PID=88397) to work on /home/mnguyen0226/anaconda3/envs/learning_scraper/lib/python3.11/site-packages/airflow/example_dags/example_sla_dag.py
[2023-08-20T21:21:23.873-0400] {processor.py:826} INFO - Processing file /home/mnguyen0226/anaconda3/envs/learning_scraper/lib/python3.11/site-packages/airflow/example_dags/example_sla_dag.py for tasks to queue
[2023-08-20T21:21:23.874-0400] {logging_mixin.py:150} INFO - [2023-08-20T21:21:23.874-0400] {dagbag.py:541} INFO - Filling up the DagBag from /home/mnguyen0226/anaconda3/envs/learning_scraper/lib/python3.11/site-packages/airflow/example_dags/example_sla_dag.py
[2023-08-20T21:21:23.884-0400] {processor.py:836} INFO - DAG(s) dict_keys(['example_sla_dag']) retrieved from /home/mnguyen0226/anaconda3/envs/learning_scraper/lib/python3.11/site-packages/airflow/example_dags/example_sla_dag.py
[2023-08-20T21:21:23.903-0400] {logging_mixin.py:150} INFO - [2023-08-20T21:21:23.903-0400] {dag.py:2742} INFO - Sync 1 DAGs
[2023-08-20T21:21:23.926-0400] {logging_mixin.py:150} INFO - [2023-08-20T21:21:23.926-0400] {dag.py:3504} INFO - Setting next_dagrun for example_sla_dag to 2023-08-21T01:18:00+00:00, run_after=2023-08-21T01:20:00+00:00
[2023-08-20T21:21:23.956-0400] {processor.py:179} INFO - Processing /home/mnguyen0226/anaconda3/envs/learning_scraper/lib/python3.11/site-packages/airflow/example_dags/example_sla_dag.py took 0.095 seconds
