[2023-08-20T21:00:21.543-0400] {processor.py:157} INFO - Started process (PID=80418) to work on /home/mnguyen0226/anaconda3/envs/learning_scraper/lib/python3.11/site-packages/airflow/example_dags/example_trigger_target_dag.py
[2023-08-20T21:00:21.545-0400] {processor.py:826} INFO - Processing file /home/mnguyen0226/anaconda3/envs/learning_scraper/lib/python3.11/site-packages/airflow/example_dags/example_trigger_target_dag.py for tasks to queue
[2023-08-20T21:00:21.546-0400] {logging_mixin.py:150} INFO - [2023-08-20T21:00:21.546-0400] {dagbag.py:541} INFO - Filling up the DagBag from /home/mnguyen0226/anaconda3/envs/learning_scraper/lib/python3.11/site-packages/airflow/example_dags/example_trigger_target_dag.py
[2023-08-20T21:00:21.559-0400] {processor.py:836} INFO - DAG(s) dict_keys(['example_trigger_target_dag']) retrieved from /home/mnguyen0226/anaconda3/envs/learning_scraper/lib/python3.11/site-packages/airflow/example_dags/example_trigger_target_dag.py
[2023-08-20T21:00:21.586-0400] {logging_mixin.py:150} INFO - [2023-08-20T21:00:21.586-0400] {dag.py:2742} INFO - Sync 1 DAGs
[2023-08-20T21:00:21.604-0400] {logging_mixin.py:150} INFO - [2023-08-20T21:00:21.604-0400] {dag.py:3504} INFO - Setting next_dagrun for example_trigger_target_dag to None, run_after=None
[2023-08-20T21:00:21.643-0400] {processor.py:179} INFO - Processing /home/mnguyen0226/anaconda3/envs/learning_scraper/lib/python3.11/site-packages/airflow/example_dags/example_trigger_target_dag.py took 0.105 seconds
[2023-08-20T21:01:08.088-0400] {processor.py:157} INFO - Started process (PID=80893) to work on /home/mnguyen0226/anaconda3/envs/learning_scraper/lib/python3.11/site-packages/airflow/example_dags/example_trigger_target_dag.py
[2023-08-20T21:01:08.089-0400] {processor.py:826} INFO - Processing file /home/mnguyen0226/anaconda3/envs/learning_scraper/lib/python3.11/site-packages/airflow/example_dags/example_trigger_target_dag.py for tasks to queue
[2023-08-20T21:01:08.089-0400] {logging_mixin.py:150} INFO - [2023-08-20T21:01:08.089-0400] {dagbag.py:541} INFO - Filling up the DagBag from /home/mnguyen0226/anaconda3/envs/learning_scraper/lib/python3.11/site-packages/airflow/example_dags/example_trigger_target_dag.py
[2023-08-20T21:01:08.095-0400] {processor.py:836} INFO - DAG(s) dict_keys(['example_trigger_target_dag']) retrieved from /home/mnguyen0226/anaconda3/envs/learning_scraper/lib/python3.11/site-packages/airflow/example_dags/example_trigger_target_dag.py
[2023-08-20T21:01:08.109-0400] {logging_mixin.py:150} INFO - [2023-08-20T21:01:08.108-0400] {dag.py:2742} INFO - Sync 1 DAGs
[2023-08-20T21:01:08.126-0400] {logging_mixin.py:150} INFO - [2023-08-20T21:01:08.126-0400] {dag.py:3504} INFO - Setting next_dagrun for example_trigger_target_dag to None, run_after=None
[2023-08-20T21:01:08.160-0400] {processor.py:179} INFO - Processing /home/mnguyen0226/anaconda3/envs/learning_scraper/lib/python3.11/site-packages/airflow/example_dags/example_trigger_target_dag.py took 0.074 seconds
[2023-08-20T21:01:54.774-0400] {processor.py:157} INFO - Started process (PID=81143) to work on /home/mnguyen0226/anaconda3/envs/learning_scraper/lib/python3.11/site-packages/airflow/example_dags/example_trigger_target_dag.py
[2023-08-20T21:01:54.775-0400] {processor.py:826} INFO - Processing file /home/mnguyen0226/anaconda3/envs/learning_scraper/lib/python3.11/site-packages/airflow/example_dags/example_trigger_target_dag.py for tasks to queue
[2023-08-20T21:01:54.776-0400] {logging_mixin.py:150} INFO - [2023-08-20T21:01:54.776-0400] {dagbag.py:541} INFO - Filling up the DagBag from /home/mnguyen0226/anaconda3/envs/learning_scraper/lib/python3.11/site-packages/airflow/example_dags/example_trigger_target_dag.py
[2023-08-20T21:01:54.785-0400] {processor.py:836} INFO - DAG(s) dict_keys(['example_trigger_target_dag']) retrieved from /home/mnguyen0226/anaconda3/envs/learning_scraper/lib/python3.11/site-packages/airflow/example_dags/example_trigger_target_dag.py
[2023-08-20T21:01:54.808-0400] {logging_mixin.py:150} INFO - [2023-08-20T21:01:54.808-0400] {dag.py:2742} INFO - Sync 1 DAGs
[2023-08-20T21:01:54.833-0400] {logging_mixin.py:150} INFO - [2023-08-20T21:01:54.833-0400] {dag.py:3504} INFO - Setting next_dagrun for example_trigger_target_dag to None, run_after=None
[2023-08-20T21:01:54.860-0400] {processor.py:179} INFO - Processing /home/mnguyen0226/anaconda3/envs/learning_scraper/lib/python3.11/site-packages/airflow/example_dags/example_trigger_target_dag.py took 0.090 seconds
[2023-08-20T21:03:20.963-0400] {processor.py:157} INFO - Started process (PID=81500) to work on /home/mnguyen0226/anaconda3/envs/learning_scraper/lib/python3.11/site-packages/airflow/example_dags/example_trigger_target_dag.py
[2023-08-20T21:03:20.972-0400] {processor.py:826} INFO - Processing file /home/mnguyen0226/anaconda3/envs/learning_scraper/lib/python3.11/site-packages/airflow/example_dags/example_trigger_target_dag.py for tasks to queue
[2023-08-20T21:03:20.974-0400] {logging_mixin.py:150} INFO - [2023-08-20T21:03:20.973-0400] {dagbag.py:541} INFO - Filling up the DagBag from /home/mnguyen0226/anaconda3/envs/learning_scraper/lib/python3.11/site-packages/airflow/example_dags/example_trigger_target_dag.py
[2023-08-20T21:03:20.985-0400] {processor.py:836} INFO - DAG(s) dict_keys(['example_trigger_target_dag']) retrieved from /home/mnguyen0226/anaconda3/envs/learning_scraper/lib/python3.11/site-packages/airflow/example_dags/example_trigger_target_dag.py
[2023-08-20T21:03:21.013-0400] {logging_mixin.py:150} INFO - [2023-08-20T21:03:21.012-0400] {dag.py:2742} INFO - Sync 1 DAGs
[2023-08-20T21:03:21.032-0400] {logging_mixin.py:150} INFO - [2023-08-20T21:03:21.032-0400] {dag.py:3504} INFO - Setting next_dagrun for example_trigger_target_dag to None, run_after=None
[2023-08-20T21:03:21.060-0400] {processor.py:179} INFO - Processing /home/mnguyen0226/anaconda3/envs/learning_scraper/lib/python3.11/site-packages/airflow/example_dags/example_trigger_target_dag.py took 0.102 seconds
[2023-08-20T21:04:07.291-0400] {processor.py:157} INFO - Started process (PID=82935) to work on /home/mnguyen0226/anaconda3/envs/learning_scraper/lib/python3.11/site-packages/airflow/example_dags/example_trigger_target_dag.py
[2023-08-20T21:04:07.292-0400] {processor.py:826} INFO - Processing file /home/mnguyen0226/anaconda3/envs/learning_scraper/lib/python3.11/site-packages/airflow/example_dags/example_trigger_target_dag.py for tasks to queue
[2023-08-20T21:04:07.292-0400] {logging_mixin.py:150} INFO - [2023-08-20T21:04:07.292-0400] {dagbag.py:541} INFO - Filling up the DagBag from /home/mnguyen0226/anaconda3/envs/learning_scraper/lib/python3.11/site-packages/airflow/example_dags/example_trigger_target_dag.py
[2023-08-20T21:04:07.299-0400] {processor.py:836} INFO - DAG(s) dict_keys(['example_trigger_target_dag']) retrieved from /home/mnguyen0226/anaconda3/envs/learning_scraper/lib/python3.11/site-packages/airflow/example_dags/example_trigger_target_dag.py
[2023-08-20T21:04:07.315-0400] {logging_mixin.py:150} INFO - [2023-08-20T21:04:07.315-0400] {dag.py:2742} INFO - Sync 1 DAGs
[2023-08-20T21:04:07.339-0400] {logging_mixin.py:150} INFO - [2023-08-20T21:04:07.338-0400] {dag.py:3504} INFO - Setting next_dagrun for example_trigger_target_dag to None, run_after=None
[2023-08-20T21:04:07.369-0400] {processor.py:179} INFO - Processing /home/mnguyen0226/anaconda3/envs/learning_scraper/lib/python3.11/site-packages/airflow/example_dags/example_trigger_target_dag.py took 0.080 seconds
[2023-08-20T21:04:54.859-0400] {processor.py:157} INFO - Started process (PID=83221) to work on /home/mnguyen0226/anaconda3/envs/learning_scraper/lib/python3.11/site-packages/airflow/example_dags/example_trigger_target_dag.py
[2023-08-20T21:04:54.860-0400] {processor.py:826} INFO - Processing file /home/mnguyen0226/anaconda3/envs/learning_scraper/lib/python3.11/site-packages/airflow/example_dags/example_trigger_target_dag.py for tasks to queue
[2023-08-20T21:04:54.862-0400] {logging_mixin.py:150} INFO - [2023-08-20T21:04:54.861-0400] {dagbag.py:541} INFO - Filling up the DagBag from /home/mnguyen0226/anaconda3/envs/learning_scraper/lib/python3.11/site-packages/airflow/example_dags/example_trigger_target_dag.py
[2023-08-20T21:04:54.875-0400] {processor.py:836} INFO - DAG(s) dict_keys(['example_trigger_target_dag']) retrieved from /home/mnguyen0226/anaconda3/envs/learning_scraper/lib/python3.11/site-packages/airflow/example_dags/example_trigger_target_dag.py
[2023-08-20T21:04:54.906-0400] {logging_mixin.py:150} INFO - [2023-08-20T21:04:54.905-0400] {dag.py:2742} INFO - Sync 1 DAGs
[2023-08-20T21:04:54.932-0400] {logging_mixin.py:150} INFO - [2023-08-20T21:04:54.932-0400] {dag.py:3504} INFO - Setting next_dagrun for example_trigger_target_dag to None, run_after=None
[2023-08-20T21:04:54.967-0400] {processor.py:179} INFO - Processing /home/mnguyen0226/anaconda3/envs/learning_scraper/lib/python3.11/site-packages/airflow/example_dags/example_trigger_target_dag.py took 0.114 seconds
[2023-08-20T21:05:50.204-0400] {processor.py:157} INFO - Started process (PID=83449) to work on /home/mnguyen0226/anaconda3/envs/learning_scraper/lib/python3.11/site-packages/airflow/example_dags/example_trigger_target_dag.py
[2023-08-20T21:05:50.209-0400] {processor.py:826} INFO - Processing file /home/mnguyen0226/anaconda3/envs/learning_scraper/lib/python3.11/site-packages/airflow/example_dags/example_trigger_target_dag.py for tasks to queue
[2023-08-20T21:05:50.211-0400] {logging_mixin.py:150} INFO - [2023-08-20T21:05:50.210-0400] {dagbag.py:541} INFO - Filling up the DagBag from /home/mnguyen0226/anaconda3/envs/learning_scraper/lib/python3.11/site-packages/airflow/example_dags/example_trigger_target_dag.py
[2023-08-20T21:05:50.220-0400] {processor.py:836} INFO - DAG(s) dict_keys(['example_trigger_target_dag']) retrieved from /home/mnguyen0226/anaconda3/envs/learning_scraper/lib/python3.11/site-packages/airflow/example_dags/example_trigger_target_dag.py
[2023-08-20T21:05:50.266-0400] {logging_mixin.py:150} INFO - [2023-08-20T21:05:50.266-0400] {dag.py:2742} INFO - Sync 1 DAGs
[2023-08-20T21:05:50.297-0400] {logging_mixin.py:150} INFO - [2023-08-20T21:05:50.297-0400] {dag.py:3504} INFO - Setting next_dagrun for example_trigger_target_dag to None, run_after=None
[2023-08-20T21:05:50.345-0400] {processor.py:179} INFO - Processing /home/mnguyen0226/anaconda3/envs/learning_scraper/lib/python3.11/site-packages/airflow/example_dags/example_trigger_target_dag.py took 0.147 seconds
[2023-08-20T21:06:32.262-0400] {processor.py:157} INFO - Started process (PID=83618) to work on /home/mnguyen0226/anaconda3/envs/learning_scraper/lib/python3.11/site-packages/airflow/example_dags/example_trigger_target_dag.py
[2023-08-20T21:06:32.271-0400] {processor.py:826} INFO - Processing file /home/mnguyen0226/anaconda3/envs/learning_scraper/lib/python3.11/site-packages/airflow/example_dags/example_trigger_target_dag.py for tasks to queue
[2023-08-20T21:06:32.272-0400] {logging_mixin.py:150} INFO - [2023-08-20T21:06:32.271-0400] {dagbag.py:541} INFO - Filling up the DagBag from /home/mnguyen0226/anaconda3/envs/learning_scraper/lib/python3.11/site-packages/airflow/example_dags/example_trigger_target_dag.py
[2023-08-20T21:06:32.280-0400] {processor.py:836} INFO - DAG(s) dict_keys(['example_trigger_target_dag']) retrieved from /home/mnguyen0226/anaconda3/envs/learning_scraper/lib/python3.11/site-packages/airflow/example_dags/example_trigger_target_dag.py
[2023-08-20T21:06:32.297-0400] {logging_mixin.py:150} INFO - [2023-08-20T21:06:32.297-0400] {dag.py:2742} INFO - Sync 1 DAGs
[2023-08-20T21:06:32.321-0400] {logging_mixin.py:150} INFO - [2023-08-20T21:06:32.321-0400] {dag.py:3504} INFO - Setting next_dagrun for example_trigger_target_dag to None, run_after=None
[2023-08-20T21:06:32.347-0400] {processor.py:179} INFO - Processing /home/mnguyen0226/anaconda3/envs/learning_scraper/lib/python3.11/site-packages/airflow/example_dags/example_trigger_target_dag.py took 0.087 seconds
[2023-08-20T21:07:13.356-0400] {processor.py:157} INFO - Started process (PID=83855) to work on /home/mnguyen0226/anaconda3/envs/learning_scraper/lib/python3.11/site-packages/airflow/example_dags/example_trigger_target_dag.py
[2023-08-20T21:07:13.357-0400] {processor.py:826} INFO - Processing file /home/mnguyen0226/anaconda3/envs/learning_scraper/lib/python3.11/site-packages/airflow/example_dags/example_trigger_target_dag.py for tasks to queue
[2023-08-20T21:07:13.359-0400] {logging_mixin.py:150} INFO - [2023-08-20T21:07:13.358-0400] {dagbag.py:541} INFO - Filling up the DagBag from /home/mnguyen0226/anaconda3/envs/learning_scraper/lib/python3.11/site-packages/airflow/example_dags/example_trigger_target_dag.py
[2023-08-20T21:07:13.366-0400] {processor.py:836} INFO - DAG(s) dict_keys(['example_trigger_target_dag']) retrieved from /home/mnguyen0226/anaconda3/envs/learning_scraper/lib/python3.11/site-packages/airflow/example_dags/example_trigger_target_dag.py
[2023-08-20T21:07:13.384-0400] {logging_mixin.py:150} INFO - [2023-08-20T21:07:13.383-0400] {dag.py:2742} INFO - Sync 1 DAGs
[2023-08-20T21:07:13.488-0400] {logging_mixin.py:150} INFO - [2023-08-20T21:07:13.487-0400] {dag.py:3504} INFO - Setting next_dagrun for example_trigger_target_dag to None, run_after=None
[2023-08-20T21:07:13.517-0400] {processor.py:179} INFO - Processing /home/mnguyen0226/anaconda3/envs/learning_scraper/lib/python3.11/site-packages/airflow/example_dags/example_trigger_target_dag.py took 0.165 seconds
[2023-08-20T21:07:56.371-0400] {processor.py:157} INFO - Started process (PID=84008) to work on /home/mnguyen0226/anaconda3/envs/learning_scraper/lib/python3.11/site-packages/airflow/example_dags/example_trigger_target_dag.py
[2023-08-20T21:07:56.381-0400] {processor.py:826} INFO - Processing file /home/mnguyen0226/anaconda3/envs/learning_scraper/lib/python3.11/site-packages/airflow/example_dags/example_trigger_target_dag.py for tasks to queue
[2023-08-20T21:07:56.382-0400] {logging_mixin.py:150} INFO - [2023-08-20T21:07:56.382-0400] {dagbag.py:541} INFO - Filling up the DagBag from /home/mnguyen0226/anaconda3/envs/learning_scraper/lib/python3.11/site-packages/airflow/example_dags/example_trigger_target_dag.py
[2023-08-20T21:07:56.392-0400] {processor.py:836} INFO - DAG(s) dict_keys(['example_trigger_target_dag']) retrieved from /home/mnguyen0226/anaconda3/envs/learning_scraper/lib/python3.11/site-packages/airflow/example_dags/example_trigger_target_dag.py
[2023-08-20T21:07:56.415-0400] {logging_mixin.py:150} INFO - [2023-08-20T21:07:56.415-0400] {dag.py:2742} INFO - Sync 1 DAGs
[2023-08-20T21:07:56.443-0400] {logging_mixin.py:150} INFO - [2023-08-20T21:07:56.443-0400] {dag.py:3504} INFO - Setting next_dagrun for example_trigger_target_dag to None, run_after=None
[2023-08-20T21:07:56.473-0400] {processor.py:179} INFO - Processing /home/mnguyen0226/anaconda3/envs/learning_scraper/lib/python3.11/site-packages/airflow/example_dags/example_trigger_target_dag.py took 0.107 seconds
[2023-08-20T21:08:33.024-0400] {processor.py:157} INFO - Started process (PID=84165) to work on /home/mnguyen0226/anaconda3/envs/learning_scraper/lib/python3.11/site-packages/airflow/example_dags/example_trigger_target_dag.py
[2023-08-20T21:08:33.025-0400] {processor.py:826} INFO - Processing file /home/mnguyen0226/anaconda3/envs/learning_scraper/lib/python3.11/site-packages/airflow/example_dags/example_trigger_target_dag.py for tasks to queue
[2023-08-20T21:08:33.027-0400] {logging_mixin.py:150} INFO - [2023-08-20T21:08:33.026-0400] {dagbag.py:541} INFO - Filling up the DagBag from /home/mnguyen0226/anaconda3/envs/learning_scraper/lib/python3.11/site-packages/airflow/example_dags/example_trigger_target_dag.py
[2023-08-20T21:08:33.038-0400] {processor.py:836} INFO - DAG(s) dict_keys(['example_trigger_target_dag']) retrieved from /home/mnguyen0226/anaconda3/envs/learning_scraper/lib/python3.11/site-packages/airflow/example_dags/example_trigger_target_dag.py
[2023-08-20T21:08:33.062-0400] {logging_mixin.py:150} INFO - [2023-08-20T21:08:33.062-0400] {dag.py:2742} INFO - Sync 1 DAGs
[2023-08-20T21:08:33.085-0400] {logging_mixin.py:150} INFO - [2023-08-20T21:08:33.085-0400] {dag.py:3504} INFO - Setting next_dagrun for example_trigger_target_dag to None, run_after=None
[2023-08-20T21:08:33.113-0400] {processor.py:179} INFO - Processing /home/mnguyen0226/anaconda3/envs/learning_scraper/lib/python3.11/site-packages/airflow/example_dags/example_trigger_target_dag.py took 0.093 seconds
[2023-08-20T21:09:09.093-0400] {processor.py:157} INFO - Started process (PID=84323) to work on /home/mnguyen0226/anaconda3/envs/learning_scraper/lib/python3.11/site-packages/airflow/example_dags/example_trigger_target_dag.py
[2023-08-20T21:09:09.095-0400] {processor.py:826} INFO - Processing file /home/mnguyen0226/anaconda3/envs/learning_scraper/lib/python3.11/site-packages/airflow/example_dags/example_trigger_target_dag.py for tasks to queue
[2023-08-20T21:09:09.096-0400] {logging_mixin.py:150} INFO - [2023-08-20T21:09:09.095-0400] {dagbag.py:541} INFO - Filling up the DagBag from /home/mnguyen0226/anaconda3/envs/learning_scraper/lib/python3.11/site-packages/airflow/example_dags/example_trigger_target_dag.py
[2023-08-20T21:09:09.107-0400] {processor.py:836} INFO - DAG(s) dict_keys(['example_trigger_target_dag']) retrieved from /home/mnguyen0226/anaconda3/envs/learning_scraper/lib/python3.11/site-packages/airflow/example_dags/example_trigger_target_dag.py
[2023-08-20T21:09:09.132-0400] {logging_mixin.py:150} INFO - [2023-08-20T21:09:09.132-0400] {dag.py:2742} INFO - Sync 1 DAGs
[2023-08-20T21:09:09.152-0400] {logging_mixin.py:150} INFO - [2023-08-20T21:09:09.152-0400] {dag.py:3504} INFO - Setting next_dagrun for example_trigger_target_dag to None, run_after=None
[2023-08-20T21:09:09.189-0400] {processor.py:179} INFO - Processing /home/mnguyen0226/anaconda3/envs/learning_scraper/lib/python3.11/site-packages/airflow/example_dags/example_trigger_target_dag.py took 0.101 seconds
[2023-08-20T21:09:44.940-0400] {processor.py:157} INFO - Started process (PID=84538) to work on /home/mnguyen0226/anaconda3/envs/learning_scraper/lib/python3.11/site-packages/airflow/example_dags/example_trigger_target_dag.py
[2023-08-20T21:09:44.940-0400] {processor.py:826} INFO - Processing file /home/mnguyen0226/anaconda3/envs/learning_scraper/lib/python3.11/site-packages/airflow/example_dags/example_trigger_target_dag.py for tasks to queue
[2023-08-20T21:09:44.941-0400] {logging_mixin.py:150} INFO - [2023-08-20T21:09:44.941-0400] {dagbag.py:541} INFO - Filling up the DagBag from /home/mnguyen0226/anaconda3/envs/learning_scraper/lib/python3.11/site-packages/airflow/example_dags/example_trigger_target_dag.py
[2023-08-20T21:09:44.949-0400] {processor.py:836} INFO - DAG(s) dict_keys(['example_trigger_target_dag']) retrieved from /home/mnguyen0226/anaconda3/envs/learning_scraper/lib/python3.11/site-packages/airflow/example_dags/example_trigger_target_dag.py
[2023-08-20T21:09:44.974-0400] {logging_mixin.py:150} INFO - [2023-08-20T21:09:44.974-0400] {dag.py:2742} INFO - Sync 1 DAGs
[2023-08-20T21:09:45.008-0400] {logging_mixin.py:150} INFO - [2023-08-20T21:09:45.008-0400] {dag.py:3504} INFO - Setting next_dagrun for example_trigger_target_dag to None, run_after=None
[2023-08-20T21:09:45.035-0400] {processor.py:179} INFO - Processing /home/mnguyen0226/anaconda3/envs/learning_scraper/lib/python3.11/site-packages/airflow/example_dags/example_trigger_target_dag.py took 0.097 seconds
[2023-08-20T21:10:23.881-0400] {processor.py:157} INFO - Started process (PID=84716) to work on /home/mnguyen0226/anaconda3/envs/learning_scraper/lib/python3.11/site-packages/airflow/example_dags/example_trigger_target_dag.py
[2023-08-20T21:10:23.891-0400] {processor.py:826} INFO - Processing file /home/mnguyen0226/anaconda3/envs/learning_scraper/lib/python3.11/site-packages/airflow/example_dags/example_trigger_target_dag.py for tasks to queue
[2023-08-20T21:10:23.893-0400] {logging_mixin.py:150} INFO - [2023-08-20T21:10:23.892-0400] {dagbag.py:541} INFO - Filling up the DagBag from /home/mnguyen0226/anaconda3/envs/learning_scraper/lib/python3.11/site-packages/airflow/example_dags/example_trigger_target_dag.py
[2023-08-20T21:10:23.913-0400] {processor.py:836} INFO - DAG(s) dict_keys(['example_trigger_target_dag']) retrieved from /home/mnguyen0226/anaconda3/envs/learning_scraper/lib/python3.11/site-packages/airflow/example_dags/example_trigger_target_dag.py
[2023-08-20T21:10:23.948-0400] {logging_mixin.py:150} INFO - [2023-08-20T21:10:23.947-0400] {dag.py:2742} INFO - Sync 1 DAGs
[2023-08-20T21:10:23.974-0400] {logging_mixin.py:150} INFO - [2023-08-20T21:10:23.974-0400] {dag.py:3504} INFO - Setting next_dagrun for example_trigger_target_dag to None, run_after=None
[2023-08-20T21:10:24.006-0400] {processor.py:179} INFO - Processing /home/mnguyen0226/anaconda3/envs/learning_scraper/lib/python3.11/site-packages/airflow/example_dags/example_trigger_target_dag.py took 0.128 seconds
[2023-08-20T21:11:02.880-0400] {processor.py:157} INFO - Started process (PID=84895) to work on /home/mnguyen0226/anaconda3/envs/learning_scraper/lib/python3.11/site-packages/airflow/example_dags/example_trigger_target_dag.py
[2023-08-20T21:11:02.881-0400] {processor.py:826} INFO - Processing file /home/mnguyen0226/anaconda3/envs/learning_scraper/lib/python3.11/site-packages/airflow/example_dags/example_trigger_target_dag.py for tasks to queue
[2023-08-20T21:11:02.883-0400] {logging_mixin.py:150} INFO - [2023-08-20T21:11:02.882-0400] {dagbag.py:541} INFO - Filling up the DagBag from /home/mnguyen0226/anaconda3/envs/learning_scraper/lib/python3.11/site-packages/airflow/example_dags/example_trigger_target_dag.py
[2023-08-20T21:11:02.894-0400] {processor.py:836} INFO - DAG(s) dict_keys(['example_trigger_target_dag']) retrieved from /home/mnguyen0226/anaconda3/envs/learning_scraper/lib/python3.11/site-packages/airflow/example_dags/example_trigger_target_dag.py
[2023-08-20T21:11:02.920-0400] {logging_mixin.py:150} INFO - [2023-08-20T21:11:02.920-0400] {dag.py:2742} INFO - Sync 1 DAGs
[2023-08-20T21:11:02.949-0400] {logging_mixin.py:150} INFO - [2023-08-20T21:11:02.949-0400] {dag.py:3504} INFO - Setting next_dagrun for example_trigger_target_dag to None, run_after=None
[2023-08-20T21:11:02.984-0400] {processor.py:179} INFO - Processing /home/mnguyen0226/anaconda3/envs/learning_scraper/lib/python3.11/site-packages/airflow/example_dags/example_trigger_target_dag.py took 0.108 seconds
[2023-08-20T21:11:53.164-0400] {processor.py:157} INFO - Started process (PID=85122) to work on /home/mnguyen0226/anaconda3/envs/learning_scraper/lib/python3.11/site-packages/airflow/example_dags/example_trigger_target_dag.py
[2023-08-20T21:11:53.165-0400] {processor.py:826} INFO - Processing file /home/mnguyen0226/anaconda3/envs/learning_scraper/lib/python3.11/site-packages/airflow/example_dags/example_trigger_target_dag.py for tasks to queue
[2023-08-20T21:11:53.165-0400] {logging_mixin.py:150} INFO - [2023-08-20T21:11:53.165-0400] {dagbag.py:541} INFO - Filling up the DagBag from /home/mnguyen0226/anaconda3/envs/learning_scraper/lib/python3.11/site-packages/airflow/example_dags/example_trigger_target_dag.py
[2023-08-20T21:11:53.170-0400] {processor.py:836} INFO - DAG(s) dict_keys(['example_trigger_target_dag']) retrieved from /home/mnguyen0226/anaconda3/envs/learning_scraper/lib/python3.11/site-packages/airflow/example_dags/example_trigger_target_dag.py
[2023-08-20T21:11:53.183-0400] {logging_mixin.py:150} INFO - [2023-08-20T21:11:53.183-0400] {dag.py:2742} INFO - Sync 1 DAGs
[2023-08-20T21:11:53.207-0400] {logging_mixin.py:150} INFO - [2023-08-20T21:11:53.206-0400] {dag.py:3504} INFO - Setting next_dagrun for example_trigger_target_dag to None, run_after=None
[2023-08-20T21:11:53.233-0400] {processor.py:179} INFO - Processing /home/mnguyen0226/anaconda3/envs/learning_scraper/lib/python3.11/site-packages/airflow/example_dags/example_trigger_target_dag.py took 0.071 seconds
[2023-08-20T21:12:29.387-0400] {processor.py:157} INFO - Started process (PID=85373) to work on /home/mnguyen0226/anaconda3/envs/learning_scraper/lib/python3.11/site-packages/airflow/example_dags/example_trigger_target_dag.py
[2023-08-20T21:12:29.388-0400] {processor.py:826} INFO - Processing file /home/mnguyen0226/anaconda3/envs/learning_scraper/lib/python3.11/site-packages/airflow/example_dags/example_trigger_target_dag.py for tasks to queue
[2023-08-20T21:12:29.390-0400] {logging_mixin.py:150} INFO - [2023-08-20T21:12:29.390-0400] {dagbag.py:541} INFO - Filling up the DagBag from /home/mnguyen0226/anaconda3/envs/learning_scraper/lib/python3.11/site-packages/airflow/example_dags/example_trigger_target_dag.py
[2023-08-20T21:12:29.399-0400] {processor.py:836} INFO - DAG(s) dict_keys(['example_trigger_target_dag']) retrieved from /home/mnguyen0226/anaconda3/envs/learning_scraper/lib/python3.11/site-packages/airflow/example_dags/example_trigger_target_dag.py
[2023-08-20T21:12:29.418-0400] {logging_mixin.py:150} INFO - [2023-08-20T21:12:29.418-0400] {dag.py:2742} INFO - Sync 1 DAGs
[2023-08-20T21:12:29.436-0400] {logging_mixin.py:150} INFO - [2023-08-20T21:12:29.435-0400] {dag.py:3504} INFO - Setting next_dagrun for example_trigger_target_dag to None, run_after=None
[2023-08-20T21:12:29.472-0400] {processor.py:179} INFO - Processing /home/mnguyen0226/anaconda3/envs/learning_scraper/lib/python3.11/site-packages/airflow/example_dags/example_trigger_target_dag.py took 0.087 seconds
[2023-08-20T21:13:07.262-0400] {processor.py:157} INFO - Started process (PID=85740) to work on /home/mnguyen0226/anaconda3/envs/learning_scraper/lib/python3.11/site-packages/airflow/example_dags/example_trigger_target_dag.py
[2023-08-20T21:13:07.263-0400] {processor.py:826} INFO - Processing file /home/mnguyen0226/anaconda3/envs/learning_scraper/lib/python3.11/site-packages/airflow/example_dags/example_trigger_target_dag.py for tasks to queue
[2023-08-20T21:13:07.265-0400] {logging_mixin.py:150} INFO - [2023-08-20T21:13:07.264-0400] {dagbag.py:541} INFO - Filling up the DagBag from /home/mnguyen0226/anaconda3/envs/learning_scraper/lib/python3.11/site-packages/airflow/example_dags/example_trigger_target_dag.py
[2023-08-20T21:13:07.274-0400] {processor.py:836} INFO - DAG(s) dict_keys(['example_trigger_target_dag']) retrieved from /home/mnguyen0226/anaconda3/envs/learning_scraper/lib/python3.11/site-packages/airflow/example_dags/example_trigger_target_dag.py
[2023-08-20T21:13:07.304-0400] {logging_mixin.py:150} INFO - [2023-08-20T21:13:07.304-0400] {dag.py:2742} INFO - Sync 1 DAGs
[2023-08-20T21:13:07.339-0400] {logging_mixin.py:150} INFO - [2023-08-20T21:13:07.339-0400] {dag.py:3504} INFO - Setting next_dagrun for example_trigger_target_dag to None, run_after=None
[2023-08-20T21:13:07.370-0400] {processor.py:179} INFO - Processing /home/mnguyen0226/anaconda3/envs/learning_scraper/lib/python3.11/site-packages/airflow/example_dags/example_trigger_target_dag.py took 0.113 seconds
[2023-08-20T21:13:44.608-0400] {processor.py:157} INFO - Started process (PID=85932) to work on /home/mnguyen0226/anaconda3/envs/learning_scraper/lib/python3.11/site-packages/airflow/example_dags/example_trigger_target_dag.py
[2023-08-20T21:13:44.609-0400] {processor.py:826} INFO - Processing file /home/mnguyen0226/anaconda3/envs/learning_scraper/lib/python3.11/site-packages/airflow/example_dags/example_trigger_target_dag.py for tasks to queue
[2023-08-20T21:13:44.611-0400] {logging_mixin.py:150} INFO - [2023-08-20T21:13:44.610-0400] {dagbag.py:541} INFO - Filling up the DagBag from /home/mnguyen0226/anaconda3/envs/learning_scraper/lib/python3.11/site-packages/airflow/example_dags/example_trigger_target_dag.py
[2023-08-20T21:13:44.621-0400] {processor.py:836} INFO - DAG(s) dict_keys(['example_trigger_target_dag']) retrieved from /home/mnguyen0226/anaconda3/envs/learning_scraper/lib/python3.11/site-packages/airflow/example_dags/example_trigger_target_dag.py
[2023-08-20T21:13:44.652-0400] {logging_mixin.py:150} INFO - [2023-08-20T21:13:44.652-0400] {dag.py:2742} INFO - Sync 1 DAGs
[2023-08-20T21:13:44.685-0400] {logging_mixin.py:150} INFO - [2023-08-20T21:13:44.685-0400] {dag.py:3504} INFO - Setting next_dagrun for example_trigger_target_dag to None, run_after=None
[2023-08-20T21:13:44.719-0400] {processor.py:179} INFO - Processing /home/mnguyen0226/anaconda3/envs/learning_scraper/lib/python3.11/site-packages/airflow/example_dags/example_trigger_target_dag.py took 0.118 seconds
[2023-08-20T21:14:25.003-0400] {processor.py:157} INFO - Started process (PID=86140) to work on /home/mnguyen0226/anaconda3/envs/learning_scraper/lib/python3.11/site-packages/airflow/example_dags/example_trigger_target_dag.py
[2023-08-20T21:14:25.004-0400] {processor.py:826} INFO - Processing file /home/mnguyen0226/anaconda3/envs/learning_scraper/lib/python3.11/site-packages/airflow/example_dags/example_trigger_target_dag.py for tasks to queue
[2023-08-20T21:14:25.005-0400] {logging_mixin.py:150} INFO - [2023-08-20T21:14:25.005-0400] {dagbag.py:541} INFO - Filling up the DagBag from /home/mnguyen0226/anaconda3/envs/learning_scraper/lib/python3.11/site-packages/airflow/example_dags/example_trigger_target_dag.py
[2023-08-20T21:14:25.010-0400] {processor.py:836} INFO - DAG(s) dict_keys(['example_trigger_target_dag']) retrieved from /home/mnguyen0226/anaconda3/envs/learning_scraper/lib/python3.11/site-packages/airflow/example_dags/example_trigger_target_dag.py
[2023-08-20T21:14:25.027-0400] {logging_mixin.py:150} INFO - [2023-08-20T21:14:25.027-0400] {dag.py:2742} INFO - Sync 1 DAGs
[2023-08-20T21:14:25.048-0400] {logging_mixin.py:150} INFO - [2023-08-20T21:14:25.048-0400] {dag.py:3504} INFO - Setting next_dagrun for example_trigger_target_dag to None, run_after=None
[2023-08-20T21:14:25.083-0400] {processor.py:179} INFO - Processing /home/mnguyen0226/anaconda3/envs/learning_scraper/lib/python3.11/site-packages/airflow/example_dags/example_trigger_target_dag.py took 0.083 seconds
[2023-08-20T21:15:02.760-0400] {processor.py:157} INFO - Started process (PID=86319) to work on /home/mnguyen0226/anaconda3/envs/learning_scraper/lib/python3.11/site-packages/airflow/example_dags/example_trigger_target_dag.py
[2023-08-20T21:15:02.769-0400] {processor.py:826} INFO - Processing file /home/mnguyen0226/anaconda3/envs/learning_scraper/lib/python3.11/site-packages/airflow/example_dags/example_trigger_target_dag.py for tasks to queue
[2023-08-20T21:15:02.771-0400] {logging_mixin.py:150} INFO - [2023-08-20T21:15:02.770-0400] {dagbag.py:541} INFO - Filling up the DagBag from /home/mnguyen0226/anaconda3/envs/learning_scraper/lib/python3.11/site-packages/airflow/example_dags/example_trigger_target_dag.py
[2023-08-20T21:15:02.780-0400] {processor.py:836} INFO - DAG(s) dict_keys(['example_trigger_target_dag']) retrieved from /home/mnguyen0226/anaconda3/envs/learning_scraper/lib/python3.11/site-packages/airflow/example_dags/example_trigger_target_dag.py
[2023-08-20T21:15:02.805-0400] {logging_mixin.py:150} INFO - [2023-08-20T21:15:02.805-0400] {dag.py:2742} INFO - Sync 1 DAGs
[2023-08-20T21:15:02.827-0400] {logging_mixin.py:150} INFO - [2023-08-20T21:15:02.826-0400] {dag.py:3504} INFO - Setting next_dagrun for example_trigger_target_dag to None, run_after=None
[2023-08-20T21:15:02.850-0400] {processor.py:179} INFO - Processing /home/mnguyen0226/anaconda3/envs/learning_scraper/lib/python3.11/site-packages/airflow/example_dags/example_trigger_target_dag.py took 0.096 seconds
[2023-08-20T21:15:37.818-0400] {processor.py:157} INFO - Started process (PID=86400) to work on /home/mnguyen0226/anaconda3/envs/learning_scraper/lib/python3.11/site-packages/airflow/example_dags/example_trigger_target_dag.py
[2023-08-20T21:15:37.819-0400] {processor.py:826} INFO - Processing file /home/mnguyen0226/anaconda3/envs/learning_scraper/lib/python3.11/site-packages/airflow/example_dags/example_trigger_target_dag.py for tasks to queue
[2023-08-20T21:15:37.819-0400] {logging_mixin.py:150} INFO - [2023-08-20T21:15:37.819-0400] {dagbag.py:541} INFO - Filling up the DagBag from /home/mnguyen0226/anaconda3/envs/learning_scraper/lib/python3.11/site-packages/airflow/example_dags/example_trigger_target_dag.py
[2023-08-20T21:15:37.824-0400] {processor.py:836} INFO - DAG(s) dict_keys(['example_trigger_target_dag']) retrieved from /home/mnguyen0226/anaconda3/envs/learning_scraper/lib/python3.11/site-packages/airflow/example_dags/example_trigger_target_dag.py
[2023-08-20T21:15:37.838-0400] {logging_mixin.py:150} INFO - [2023-08-20T21:15:37.838-0400] {dag.py:2742} INFO - Sync 1 DAGs
[2023-08-20T21:15:37.853-0400] {logging_mixin.py:150} INFO - [2023-08-20T21:15:37.853-0400] {dag.py:3504} INFO - Setting next_dagrun for example_trigger_target_dag to None, run_after=None
[2023-08-20T21:15:37.877-0400] {processor.py:179} INFO - Processing /home/mnguyen0226/anaconda3/envs/learning_scraper/lib/python3.11/site-packages/airflow/example_dags/example_trigger_target_dag.py took 0.061 seconds
[2023-08-20T21:16:28.137-0400] {processor.py:157} INFO - Started process (PID=86590) to work on /home/mnguyen0226/anaconda3/envs/learning_scraper/lib/python3.11/site-packages/airflow/example_dags/example_trigger_target_dag.py
[2023-08-20T21:16:28.138-0400] {processor.py:826} INFO - Processing file /home/mnguyen0226/anaconda3/envs/learning_scraper/lib/python3.11/site-packages/airflow/example_dags/example_trigger_target_dag.py for tasks to queue
[2023-08-20T21:16:28.139-0400] {logging_mixin.py:150} INFO - [2023-08-20T21:16:28.138-0400] {dagbag.py:541} INFO - Filling up the DagBag from /home/mnguyen0226/anaconda3/envs/learning_scraper/lib/python3.11/site-packages/airflow/example_dags/example_trigger_target_dag.py
[2023-08-20T21:16:28.143-0400] {processor.py:836} INFO - DAG(s) dict_keys(['example_trigger_target_dag']) retrieved from /home/mnguyen0226/anaconda3/envs/learning_scraper/lib/python3.11/site-packages/airflow/example_dags/example_trigger_target_dag.py
[2023-08-20T21:16:28.156-0400] {logging_mixin.py:150} INFO - [2023-08-20T21:16:28.156-0400] {dag.py:2742} INFO - Sync 1 DAGs
[2023-08-20T21:16:28.179-0400] {logging_mixin.py:150} INFO - [2023-08-20T21:16:28.179-0400] {dag.py:3504} INFO - Setting next_dagrun for example_trigger_target_dag to None, run_after=None
[2023-08-20T21:16:28.206-0400] {processor.py:179} INFO - Processing /home/mnguyen0226/anaconda3/envs/learning_scraper/lib/python3.11/site-packages/airflow/example_dags/example_trigger_target_dag.py took 0.071 seconds
[2023-08-20T21:17:07.922-0400] {processor.py:157} INFO - Started process (PID=86954) to work on /home/mnguyen0226/anaconda3/envs/learning_scraper/lib/python3.11/site-packages/airflow/example_dags/example_trigger_target_dag.py
[2023-08-20T21:17:07.931-0400] {processor.py:826} INFO - Processing file /home/mnguyen0226/anaconda3/envs/learning_scraper/lib/python3.11/site-packages/airflow/example_dags/example_trigger_target_dag.py for tasks to queue
[2023-08-20T21:17:07.933-0400] {logging_mixin.py:150} INFO - [2023-08-20T21:17:07.932-0400] {dagbag.py:541} INFO - Filling up the DagBag from /home/mnguyen0226/anaconda3/envs/learning_scraper/lib/python3.11/site-packages/airflow/example_dags/example_trigger_target_dag.py
[2023-08-20T21:17:07.942-0400] {processor.py:836} INFO - DAG(s) dict_keys(['example_trigger_target_dag']) retrieved from /home/mnguyen0226/anaconda3/envs/learning_scraper/lib/python3.11/site-packages/airflow/example_dags/example_trigger_target_dag.py
[2023-08-20T21:17:07.967-0400] {logging_mixin.py:150} INFO - [2023-08-20T21:17:07.967-0400] {dag.py:2742} INFO - Sync 1 DAGs
[2023-08-20T21:17:07.994-0400] {logging_mixin.py:150} INFO - [2023-08-20T21:17:07.994-0400] {dag.py:3504} INFO - Setting next_dagrun for example_trigger_target_dag to None, run_after=None
[2023-08-20T21:17:08.020-0400] {processor.py:179} INFO - Processing /home/mnguyen0226/anaconda3/envs/learning_scraper/lib/python3.11/site-packages/airflow/example_dags/example_trigger_target_dag.py took 0.102 seconds
[2023-08-20T21:17:42.964-0400] {processor.py:157} INFO - Started process (PID=87113) to work on /home/mnguyen0226/anaconda3/envs/learning_scraper/lib/python3.11/site-packages/airflow/example_dags/example_trigger_target_dag.py
[2023-08-20T21:17:42.964-0400] {processor.py:826} INFO - Processing file /home/mnguyen0226/anaconda3/envs/learning_scraper/lib/python3.11/site-packages/airflow/example_dags/example_trigger_target_dag.py for tasks to queue
[2023-08-20T21:17:42.965-0400] {logging_mixin.py:150} INFO - [2023-08-20T21:17:42.964-0400] {dagbag.py:541} INFO - Filling up the DagBag from /home/mnguyen0226/anaconda3/envs/learning_scraper/lib/python3.11/site-packages/airflow/example_dags/example_trigger_target_dag.py
[2023-08-20T21:17:42.970-0400] {processor.py:836} INFO - DAG(s) dict_keys(['example_trigger_target_dag']) retrieved from /home/mnguyen0226/anaconda3/envs/learning_scraper/lib/python3.11/site-packages/airflow/example_dags/example_trigger_target_dag.py
[2023-08-20T21:17:42.984-0400] {logging_mixin.py:150} INFO - [2023-08-20T21:17:42.984-0400] {dag.py:2742} INFO - Sync 1 DAGs
[2023-08-20T21:17:43.000-0400] {logging_mixin.py:150} INFO - [2023-08-20T21:17:43.000-0400] {dag.py:3504} INFO - Setting next_dagrun for example_trigger_target_dag to None, run_after=None
[2023-08-20T21:17:43.025-0400] {processor.py:179} INFO - Processing /home/mnguyen0226/anaconda3/envs/learning_scraper/lib/python3.11/site-packages/airflow/example_dags/example_trigger_target_dag.py took 0.064 seconds
[2023-08-20T21:18:20.710-0400] {processor.py:157} INFO - Started process (PID=87331) to work on /home/mnguyen0226/anaconda3/envs/learning_scraper/lib/python3.11/site-packages/airflow/example_dags/example_trigger_target_dag.py
[2023-08-20T21:18:20.711-0400] {processor.py:826} INFO - Processing file /home/mnguyen0226/anaconda3/envs/learning_scraper/lib/python3.11/site-packages/airflow/example_dags/example_trigger_target_dag.py for tasks to queue
[2023-08-20T21:18:20.713-0400] {logging_mixin.py:150} INFO - [2023-08-20T21:18:20.712-0400] {dagbag.py:541} INFO - Filling up the DagBag from /home/mnguyen0226/anaconda3/envs/learning_scraper/lib/python3.11/site-packages/airflow/example_dags/example_trigger_target_dag.py
[2023-08-20T21:18:20.721-0400] {processor.py:836} INFO - DAG(s) dict_keys(['example_trigger_target_dag']) retrieved from /home/mnguyen0226/anaconda3/envs/learning_scraper/lib/python3.11/site-packages/airflow/example_dags/example_trigger_target_dag.py
[2023-08-20T21:18:20.739-0400] {logging_mixin.py:150} INFO - [2023-08-20T21:18:20.739-0400] {dag.py:2742} INFO - Sync 1 DAGs
[2023-08-20T21:18:20.753-0400] {logging_mixin.py:150} INFO - [2023-08-20T21:18:20.753-0400] {dag.py:3504} INFO - Setting next_dagrun for example_trigger_target_dag to None, run_after=None
[2023-08-20T21:18:20.775-0400] {processor.py:179} INFO - Processing /home/mnguyen0226/anaconda3/envs/learning_scraper/lib/python3.11/site-packages/airflow/example_dags/example_trigger_target_dag.py took 0.070 seconds
[2023-08-20T21:18:58.767-0400] {processor.py:157} INFO - Started process (PID=87480) to work on /home/mnguyen0226/anaconda3/envs/learning_scraper/lib/python3.11/site-packages/airflow/example_dags/example_trigger_target_dag.py
[2023-08-20T21:18:58.776-0400] {processor.py:826} INFO - Processing file /home/mnguyen0226/anaconda3/envs/learning_scraper/lib/python3.11/site-packages/airflow/example_dags/example_trigger_target_dag.py for tasks to queue
[2023-08-20T21:18:58.777-0400] {logging_mixin.py:150} INFO - [2023-08-20T21:18:58.777-0400] {dagbag.py:541} INFO - Filling up the DagBag from /home/mnguyen0226/anaconda3/envs/learning_scraper/lib/python3.11/site-packages/airflow/example_dags/example_trigger_target_dag.py
[2023-08-20T21:18:58.782-0400] {processor.py:836} INFO - DAG(s) dict_keys(['example_trigger_target_dag']) retrieved from /home/mnguyen0226/anaconda3/envs/learning_scraper/lib/python3.11/site-packages/airflow/example_dags/example_trigger_target_dag.py
[2023-08-20T21:18:58.794-0400] {logging_mixin.py:150} INFO - [2023-08-20T21:18:58.793-0400] {dag.py:2742} INFO - Sync 1 DAGs
[2023-08-20T21:18:58.807-0400] {logging_mixin.py:150} INFO - [2023-08-20T21:18:58.807-0400] {dag.py:3504} INFO - Setting next_dagrun for example_trigger_target_dag to None, run_after=None
[2023-08-20T21:18:58.829-0400] {processor.py:179} INFO - Processing /home/mnguyen0226/anaconda3/envs/learning_scraper/lib/python3.11/site-packages/airflow/example_dags/example_trigger_target_dag.py took 0.065 seconds
[2023-08-20T21:19:35.436-0400] {processor.py:157} INFO - Started process (PID=87822) to work on /home/mnguyen0226/anaconda3/envs/learning_scraper/lib/python3.11/site-packages/airflow/example_dags/example_trigger_target_dag.py
[2023-08-20T21:19:35.437-0400] {processor.py:826} INFO - Processing file /home/mnguyen0226/anaconda3/envs/learning_scraper/lib/python3.11/site-packages/airflow/example_dags/example_trigger_target_dag.py for tasks to queue
[2023-08-20T21:19:35.437-0400] {logging_mixin.py:150} INFO - [2023-08-20T21:19:35.437-0400] {dagbag.py:541} INFO - Filling up the DagBag from /home/mnguyen0226/anaconda3/envs/learning_scraper/lib/python3.11/site-packages/airflow/example_dags/example_trigger_target_dag.py
[2023-08-20T21:19:35.442-0400] {processor.py:836} INFO - DAG(s) dict_keys(['example_trigger_target_dag']) retrieved from /home/mnguyen0226/anaconda3/envs/learning_scraper/lib/python3.11/site-packages/airflow/example_dags/example_trigger_target_dag.py
[2023-08-20T21:19:35.457-0400] {logging_mixin.py:150} INFO - [2023-08-20T21:19:35.456-0400] {dag.py:2742} INFO - Sync 1 DAGs
[2023-08-20T21:19:35.471-0400] {logging_mixin.py:150} INFO - [2023-08-20T21:19:35.471-0400] {dag.py:3504} INFO - Setting next_dagrun for example_trigger_target_dag to None, run_after=None
[2023-08-20T21:19:35.494-0400] {processor.py:179} INFO - Processing /home/mnguyen0226/anaconda3/envs/learning_scraper/lib/python3.11/site-packages/airflow/example_dags/example_trigger_target_dag.py took 0.061 seconds
[2023-08-20T21:20:28.217-0400] {processor.py:157} INFO - Started process (PID=88179) to work on /home/mnguyen0226/anaconda3/envs/learning_scraper/lib/python3.11/site-packages/airflow/example_dags/example_trigger_target_dag.py
[2023-08-20T21:20:28.218-0400] {processor.py:826} INFO - Processing file /home/mnguyen0226/anaconda3/envs/learning_scraper/lib/python3.11/site-packages/airflow/example_dags/example_trigger_target_dag.py for tasks to queue
[2023-08-20T21:20:28.219-0400] {logging_mixin.py:150} INFO - [2023-08-20T21:20:28.218-0400] {dagbag.py:541} INFO - Filling up the DagBag from /home/mnguyen0226/anaconda3/envs/learning_scraper/lib/python3.11/site-packages/airflow/example_dags/example_trigger_target_dag.py
[2023-08-20T21:20:28.228-0400] {processor.py:836} INFO - DAG(s) dict_keys(['example_trigger_target_dag']) retrieved from /home/mnguyen0226/anaconda3/envs/learning_scraper/lib/python3.11/site-packages/airflow/example_dags/example_trigger_target_dag.py
[2023-08-20T21:20:28.251-0400] {logging_mixin.py:150} INFO - [2023-08-20T21:20:28.251-0400] {dag.py:2742} INFO - Sync 1 DAGs
[2023-08-20T21:20:28.267-0400] {logging_mixin.py:150} INFO - [2023-08-20T21:20:28.267-0400] {dag.py:3504} INFO - Setting next_dagrun for example_trigger_target_dag to None, run_after=None
[2023-08-20T21:20:28.292-0400] {processor.py:179} INFO - Processing /home/mnguyen0226/anaconda3/envs/learning_scraper/lib/python3.11/site-packages/airflow/example_dags/example_trigger_target_dag.py took 0.079 seconds
[2023-08-20T21:21:20.393-0400] {processor.py:157} INFO - Started process (PID=88332) to work on /home/mnguyen0226/anaconda3/envs/learning_scraper/lib/python3.11/site-packages/airflow/example_dags/example_trigger_target_dag.py
[2023-08-20T21:21:20.402-0400] {processor.py:826} INFO - Processing file /home/mnguyen0226/anaconda3/envs/learning_scraper/lib/python3.11/site-packages/airflow/example_dags/example_trigger_target_dag.py for tasks to queue
[2023-08-20T21:21:20.403-0400] {logging_mixin.py:150} INFO - [2023-08-20T21:21:20.402-0400] {dagbag.py:541} INFO - Filling up the DagBag from /home/mnguyen0226/anaconda3/envs/learning_scraper/lib/python3.11/site-packages/airflow/example_dags/example_trigger_target_dag.py
[2023-08-20T21:21:20.409-0400] {processor.py:836} INFO - DAG(s) dict_keys(['example_trigger_target_dag']) retrieved from /home/mnguyen0226/anaconda3/envs/learning_scraper/lib/python3.11/site-packages/airflow/example_dags/example_trigger_target_dag.py
[2023-08-20T21:21:20.424-0400] {logging_mixin.py:150} INFO - [2023-08-20T21:21:20.424-0400] {dag.py:2742} INFO - Sync 1 DAGs
[2023-08-20T21:21:20.439-0400] {logging_mixin.py:150} INFO - [2023-08-20T21:21:20.439-0400] {dag.py:3504} INFO - Setting next_dagrun for example_trigger_target_dag to None, run_after=None
[2023-08-20T21:21:20.463-0400] {processor.py:179} INFO - Processing /home/mnguyen0226/anaconda3/envs/learning_scraper/lib/python3.11/site-packages/airflow/example_dags/example_trigger_target_dag.py took 0.073 seconds
