[2023-08-20T21:00:17.827-0400] {processor.py:157} INFO - Started process (PID=80345) to work on /home/mnguyen0226/anaconda3/envs/learning_scraper/lib/python3.11/site-packages/airflow/example_dags/example_time_delta_sensor_async.py
[2023-08-20T21:00:17.828-0400] {processor.py:826} INFO - Processing file /home/mnguyen0226/anaconda3/envs/learning_scraper/lib/python3.11/site-packages/airflow/example_dags/example_time_delta_sensor_async.py for tasks to queue
[2023-08-20T21:00:17.830-0400] {logging_mixin.py:150} INFO - [2023-08-20T21:00:17.829-0400] {dagbag.py:541} INFO - Filling up the DagBag from /home/mnguyen0226/anaconda3/envs/learning_scraper/lib/python3.11/site-packages/airflow/example_dags/example_time_delta_sensor_async.py
[2023-08-20T21:00:17.840-0400] {processor.py:836} INFO - DAG(s) dict_keys(['example_time_delta_sensor_async']) retrieved from /home/mnguyen0226/anaconda3/envs/learning_scraper/lib/python3.11/site-packages/airflow/example_dags/example_time_delta_sensor_async.py
[2023-08-20T21:00:17.869-0400] {logging_mixin.py:150} INFO - [2023-08-20T21:00:17.868-0400] {dag.py:2742} INFO - Sync 1 DAGs
[2023-08-20T21:00:17.894-0400] {logging_mixin.py:150} INFO - [2023-08-20T21:00:17.893-0400] {dag.py:3504} INFO - Setting next_dagrun for example_time_delta_sensor_async to None, run_after=None
[2023-08-20T21:00:17.942-0400] {processor.py:179} INFO - Processing /home/mnguyen0226/anaconda3/envs/learning_scraper/lib/python3.11/site-packages/airflow/example_dags/example_time_delta_sensor_async.py took 0.119 seconds
[2023-08-20T21:01:06.141-0400] {processor.py:157} INFO - Started process (PID=80866) to work on /home/mnguyen0226/anaconda3/envs/learning_scraper/lib/python3.11/site-packages/airflow/example_dags/example_time_delta_sensor_async.py
[2023-08-20T21:01:06.142-0400] {processor.py:826} INFO - Processing file /home/mnguyen0226/anaconda3/envs/learning_scraper/lib/python3.11/site-packages/airflow/example_dags/example_time_delta_sensor_async.py for tasks to queue
[2023-08-20T21:01:06.143-0400] {logging_mixin.py:150} INFO - [2023-08-20T21:01:06.143-0400] {dagbag.py:541} INFO - Filling up the DagBag from /home/mnguyen0226/anaconda3/envs/learning_scraper/lib/python3.11/site-packages/airflow/example_dags/example_time_delta_sensor_async.py
[2023-08-20T21:01:06.147-0400] {processor.py:836} INFO - DAG(s) dict_keys(['example_time_delta_sensor_async']) retrieved from /home/mnguyen0226/anaconda3/envs/learning_scraper/lib/python3.11/site-packages/airflow/example_dags/example_time_delta_sensor_async.py
[2023-08-20T21:01:06.166-0400] {logging_mixin.py:150} INFO - [2023-08-20T21:01:06.165-0400] {dag.py:2742} INFO - Sync 1 DAGs
[2023-08-20T21:01:06.187-0400] {logging_mixin.py:150} INFO - [2023-08-20T21:01:06.187-0400] {dag.py:3504} INFO - Setting next_dagrun for example_time_delta_sensor_async to None, run_after=None
[2023-08-20T21:01:06.216-0400] {processor.py:179} INFO - Processing /home/mnguyen0226/anaconda3/envs/learning_scraper/lib/python3.11/site-packages/airflow/example_dags/example_time_delta_sensor_async.py took 0.078 seconds
[2023-08-20T21:01:51.773-0400] {processor.py:157} INFO - Started process (PID=81072) to work on /home/mnguyen0226/anaconda3/envs/learning_scraper/lib/python3.11/site-packages/airflow/example_dags/example_time_delta_sensor_async.py
[2023-08-20T21:01:51.774-0400] {processor.py:826} INFO - Processing file /home/mnguyen0226/anaconda3/envs/learning_scraper/lib/python3.11/site-packages/airflow/example_dags/example_time_delta_sensor_async.py for tasks to queue
[2023-08-20T21:01:51.775-0400] {logging_mixin.py:150} INFO - [2023-08-20T21:01:51.774-0400] {dagbag.py:541} INFO - Filling up the DagBag from /home/mnguyen0226/anaconda3/envs/learning_scraper/lib/python3.11/site-packages/airflow/example_dags/example_time_delta_sensor_async.py
[2023-08-20T21:01:51.781-0400] {processor.py:836} INFO - DAG(s) dict_keys(['example_time_delta_sensor_async']) retrieved from /home/mnguyen0226/anaconda3/envs/learning_scraper/lib/python3.11/site-packages/airflow/example_dags/example_time_delta_sensor_async.py
[2023-08-20T21:01:51.802-0400] {logging_mixin.py:150} INFO - [2023-08-20T21:01:51.802-0400] {dag.py:2742} INFO - Sync 1 DAGs
[2023-08-20T21:01:51.817-0400] {logging_mixin.py:150} INFO - [2023-08-20T21:01:51.817-0400] {dag.py:3504} INFO - Setting next_dagrun for example_time_delta_sensor_async to None, run_after=None
[2023-08-20T21:01:51.838-0400] {processor.py:179} INFO - Processing /home/mnguyen0226/anaconda3/envs/learning_scraper/lib/python3.11/site-packages/airflow/example_dags/example_time_delta_sensor_async.py took 0.069 seconds
[2023-08-20T21:03:17.282-0400] {processor.py:157} INFO - Started process (PID=81483) to work on /home/mnguyen0226/anaconda3/envs/learning_scraper/lib/python3.11/site-packages/airflow/example_dags/example_time_delta_sensor_async.py
[2023-08-20T21:03:17.292-0400] {processor.py:826} INFO - Processing file /home/mnguyen0226/anaconda3/envs/learning_scraper/lib/python3.11/site-packages/airflow/example_dags/example_time_delta_sensor_async.py for tasks to queue
[2023-08-20T21:03:17.293-0400] {logging_mixin.py:150} INFO - [2023-08-20T21:03:17.292-0400] {dagbag.py:541} INFO - Filling up the DagBag from /home/mnguyen0226/anaconda3/envs/learning_scraper/lib/python3.11/site-packages/airflow/example_dags/example_time_delta_sensor_async.py
[2023-08-20T21:03:17.302-0400] {processor.py:836} INFO - DAG(s) dict_keys(['example_time_delta_sensor_async']) retrieved from /home/mnguyen0226/anaconda3/envs/learning_scraper/lib/python3.11/site-packages/airflow/example_dags/example_time_delta_sensor_async.py
[2023-08-20T21:03:17.326-0400] {logging_mixin.py:150} INFO - [2023-08-20T21:03:17.326-0400] {dag.py:2742} INFO - Sync 1 DAGs
[2023-08-20T21:03:17.351-0400] {logging_mixin.py:150} INFO - [2023-08-20T21:03:17.351-0400] {dag.py:3504} INFO - Setting next_dagrun for example_time_delta_sensor_async to None, run_after=None
[2023-08-20T21:03:17.389-0400] {processor.py:179} INFO - Processing /home/mnguyen0226/anaconda3/envs/learning_scraper/lib/python3.11/site-packages/airflow/example_dags/example_time_delta_sensor_async.py took 0.111 seconds
[2023-08-20T21:04:04.134-0400] {processor.py:157} INFO - Started process (PID=82904) to work on /home/mnguyen0226/anaconda3/envs/learning_scraper/lib/python3.11/site-packages/airflow/example_dags/example_time_delta_sensor_async.py
[2023-08-20T21:04:04.135-0400] {processor.py:826} INFO - Processing file /home/mnguyen0226/anaconda3/envs/learning_scraper/lib/python3.11/site-packages/airflow/example_dags/example_time_delta_sensor_async.py for tasks to queue
[2023-08-20T21:04:04.135-0400] {logging_mixin.py:150} INFO - [2023-08-20T21:04:04.135-0400] {dagbag.py:541} INFO - Filling up the DagBag from /home/mnguyen0226/anaconda3/envs/learning_scraper/lib/python3.11/site-packages/airflow/example_dags/example_time_delta_sensor_async.py
[2023-08-20T21:04:04.140-0400] {processor.py:836} INFO - DAG(s) dict_keys(['example_time_delta_sensor_async']) retrieved from /home/mnguyen0226/anaconda3/envs/learning_scraper/lib/python3.11/site-packages/airflow/example_dags/example_time_delta_sensor_async.py
[2023-08-20T21:04:04.154-0400] {logging_mixin.py:150} INFO - [2023-08-20T21:04:04.154-0400] {dag.py:2742} INFO - Sync 1 DAGs
[2023-08-20T21:04:04.170-0400] {logging_mixin.py:150} INFO - [2023-08-20T21:04:04.170-0400] {dag.py:3504} INFO - Setting next_dagrun for example_time_delta_sensor_async to None, run_after=None
[2023-08-20T21:04:04.198-0400] {processor.py:179} INFO - Processing /home/mnguyen0226/anaconda3/envs/learning_scraper/lib/python3.11/site-packages/airflow/example_dags/example_time_delta_sensor_async.py took 0.066 seconds
[2023-08-20T21:04:52.148-0400] {processor.py:157} INFO - Started process (PID=83206) to work on /home/mnguyen0226/anaconda3/envs/learning_scraper/lib/python3.11/site-packages/airflow/example_dags/example_time_delta_sensor_async.py
[2023-08-20T21:04:52.148-0400] {processor.py:826} INFO - Processing file /home/mnguyen0226/anaconda3/envs/learning_scraper/lib/python3.11/site-packages/airflow/example_dags/example_time_delta_sensor_async.py for tasks to queue
[2023-08-20T21:04:52.149-0400] {logging_mixin.py:150} INFO - [2023-08-20T21:04:52.149-0400] {dagbag.py:541} INFO - Filling up the DagBag from /home/mnguyen0226/anaconda3/envs/learning_scraper/lib/python3.11/site-packages/airflow/example_dags/example_time_delta_sensor_async.py
[2023-08-20T21:04:52.154-0400] {processor.py:836} INFO - DAG(s) dict_keys(['example_time_delta_sensor_async']) retrieved from /home/mnguyen0226/anaconda3/envs/learning_scraper/lib/python3.11/site-packages/airflow/example_dags/example_time_delta_sensor_async.py
[2023-08-20T21:04:52.176-0400] {logging_mixin.py:150} INFO - [2023-08-20T21:04:52.176-0400] {dag.py:2742} INFO - Sync 1 DAGs
[2023-08-20T21:04:52.197-0400] {logging_mixin.py:150} INFO - [2023-08-20T21:04:52.196-0400] {dag.py:3504} INFO - Setting next_dagrun for example_time_delta_sensor_async to None, run_after=None
[2023-08-20T21:04:52.224-0400] {processor.py:179} INFO - Processing /home/mnguyen0226/anaconda3/envs/learning_scraper/lib/python3.11/site-packages/airflow/example_dags/example_time_delta_sensor_async.py took 0.080 seconds
[2023-08-20T21:05:29.548-0400] {processor.py:157} INFO - Started process (PID=83379) to work on /home/mnguyen0226/anaconda3/envs/learning_scraper/lib/python3.11/site-packages/airflow/example_dags/example_time_delta_sensor_async.py
[2023-08-20T21:05:29.549-0400] {processor.py:826} INFO - Processing file /home/mnguyen0226/anaconda3/envs/learning_scraper/lib/python3.11/site-packages/airflow/example_dags/example_time_delta_sensor_async.py for tasks to queue
[2023-08-20T21:05:29.550-0400] {logging_mixin.py:150} INFO - [2023-08-20T21:05:29.549-0400] {dagbag.py:541} INFO - Filling up the DagBag from /home/mnguyen0226/anaconda3/envs/learning_scraper/lib/python3.11/site-packages/airflow/example_dags/example_time_delta_sensor_async.py
[2023-08-20T21:05:29.555-0400] {processor.py:836} INFO - DAG(s) dict_keys(['example_time_delta_sensor_async']) retrieved from /home/mnguyen0226/anaconda3/envs/learning_scraper/lib/python3.11/site-packages/airflow/example_dags/example_time_delta_sensor_async.py
[2023-08-20T21:05:29.575-0400] {logging_mixin.py:150} INFO - [2023-08-20T21:05:29.574-0400] {dag.py:2742} INFO - Sync 1 DAGs
[2023-08-20T21:05:29.595-0400] {logging_mixin.py:150} INFO - [2023-08-20T21:05:29.595-0400] {dag.py:3504} INFO - Setting next_dagrun for example_time_delta_sensor_async to None, run_after=None
[2023-08-20T21:05:29.620-0400] {processor.py:179} INFO - Processing /home/mnguyen0226/anaconda3/envs/learning_scraper/lib/python3.11/site-packages/airflow/example_dags/example_time_delta_sensor_async.py took 0.076 seconds
[2023-08-20T21:06:10.620-0400] {processor.py:157} INFO - Started process (PID=83569) to work on /home/mnguyen0226/anaconda3/envs/learning_scraper/lib/python3.11/site-packages/airflow/example_dags/example_time_delta_sensor_async.py
[2023-08-20T21:06:10.621-0400] {processor.py:826} INFO - Processing file /home/mnguyen0226/anaconda3/envs/learning_scraper/lib/python3.11/site-packages/airflow/example_dags/example_time_delta_sensor_async.py for tasks to queue
[2023-08-20T21:06:10.622-0400] {logging_mixin.py:150} INFO - [2023-08-20T21:06:10.622-0400] {dagbag.py:541} INFO - Filling up the DagBag from /home/mnguyen0226/anaconda3/envs/learning_scraper/lib/python3.11/site-packages/airflow/example_dags/example_time_delta_sensor_async.py
[2023-08-20T21:06:10.630-0400] {processor.py:836} INFO - DAG(s) dict_keys(['example_time_delta_sensor_async']) retrieved from /home/mnguyen0226/anaconda3/envs/learning_scraper/lib/python3.11/site-packages/airflow/example_dags/example_time_delta_sensor_async.py
[2023-08-20T21:06:10.657-0400] {logging_mixin.py:150} INFO - [2023-08-20T21:06:10.657-0400] {dag.py:2742} INFO - Sync 1 DAGs
[2023-08-20T21:06:10.689-0400] {logging_mixin.py:150} INFO - [2023-08-20T21:06:10.688-0400] {dag.py:3504} INFO - Setting next_dagrun for example_time_delta_sensor_async to None, run_after=None
[2023-08-20T21:06:10.719-0400] {processor.py:179} INFO - Processing /home/mnguyen0226/anaconda3/envs/learning_scraper/lib/python3.11/site-packages/airflow/example_dags/example_time_delta_sensor_async.py took 0.102 seconds
[2023-08-20T21:06:52.984-0400] {processor.py:157} INFO - Started process (PID=83756) to work on /home/mnguyen0226/anaconda3/envs/learning_scraper/lib/python3.11/site-packages/airflow/example_dags/example_time_delta_sensor_async.py
[2023-08-20T21:06:52.985-0400] {processor.py:826} INFO - Processing file /home/mnguyen0226/anaconda3/envs/learning_scraper/lib/python3.11/site-packages/airflow/example_dags/example_time_delta_sensor_async.py for tasks to queue
[2023-08-20T21:06:52.986-0400] {logging_mixin.py:150} INFO - [2023-08-20T21:06:52.985-0400] {dagbag.py:541} INFO - Filling up the DagBag from /home/mnguyen0226/anaconda3/envs/learning_scraper/lib/python3.11/site-packages/airflow/example_dags/example_time_delta_sensor_async.py
[2023-08-20T21:06:52.991-0400] {processor.py:836} INFO - DAG(s) dict_keys(['example_time_delta_sensor_async']) retrieved from /home/mnguyen0226/anaconda3/envs/learning_scraper/lib/python3.11/site-packages/airflow/example_dags/example_time_delta_sensor_async.py
[2023-08-20T21:06:53.011-0400] {logging_mixin.py:150} INFO - [2023-08-20T21:06:53.011-0400] {dag.py:2742} INFO - Sync 1 DAGs
[2023-08-20T21:06:53.035-0400] {logging_mixin.py:150} INFO - [2023-08-20T21:06:53.034-0400] {dag.py:3504} INFO - Setting next_dagrun for example_time_delta_sensor_async to None, run_after=None
[2023-08-20T21:06:53.196-0400] {processor.py:179} INFO - Processing /home/mnguyen0226/anaconda3/envs/learning_scraper/lib/python3.11/site-packages/airflow/example_dags/example_time_delta_sensor_async.py took 0.215 seconds
[2023-08-20T21:07:35.719-0400] {processor.py:157} INFO - Started process (PID=83915) to work on /home/mnguyen0226/anaconda3/envs/learning_scraper/lib/python3.11/site-packages/airflow/example_dags/example_time_delta_sensor_async.py
[2023-08-20T21:07:35.729-0400] {processor.py:826} INFO - Processing file /home/mnguyen0226/anaconda3/envs/learning_scraper/lib/python3.11/site-packages/airflow/example_dags/example_time_delta_sensor_async.py for tasks to queue
[2023-08-20T21:07:35.731-0400] {logging_mixin.py:150} INFO - [2023-08-20T21:07:35.730-0400] {dagbag.py:541} INFO - Filling up the DagBag from /home/mnguyen0226/anaconda3/envs/learning_scraper/lib/python3.11/site-packages/airflow/example_dags/example_time_delta_sensor_async.py
[2023-08-20T21:07:35.737-0400] {processor.py:836} INFO - DAG(s) dict_keys(['example_time_delta_sensor_async']) retrieved from /home/mnguyen0226/anaconda3/envs/learning_scraper/lib/python3.11/site-packages/airflow/example_dags/example_time_delta_sensor_async.py
[2023-08-20T21:07:35.896-0400] {logging_mixin.py:150} INFO - [2023-08-20T21:07:35.896-0400] {dag.py:2742} INFO - Sync 1 DAGs
[2023-08-20T21:07:35.910-0400] {logging_mixin.py:150} INFO - [2023-08-20T21:07:35.910-0400] {dag.py:3504} INFO - Setting next_dagrun for example_time_delta_sensor_async to None, run_after=None
[2023-08-20T21:07:35.933-0400] {processor.py:179} INFO - Processing /home/mnguyen0226/anaconda3/envs/learning_scraper/lib/python3.11/site-packages/airflow/example_dags/example_time_delta_sensor_async.py took 0.219 seconds
[2023-08-20T21:08:14.994-0400] {processor.py:157} INFO - Started process (PID=84085) to work on /home/mnguyen0226/anaconda3/envs/learning_scraper/lib/python3.11/site-packages/airflow/example_dags/example_time_delta_sensor_async.py
[2023-08-20T21:08:14.995-0400] {processor.py:826} INFO - Processing file /home/mnguyen0226/anaconda3/envs/learning_scraper/lib/python3.11/site-packages/airflow/example_dags/example_time_delta_sensor_async.py for tasks to queue
[2023-08-20T21:08:14.996-0400] {logging_mixin.py:150} INFO - [2023-08-20T21:08:14.995-0400] {dagbag.py:541} INFO - Filling up the DagBag from /home/mnguyen0226/anaconda3/envs/learning_scraper/lib/python3.11/site-packages/airflow/example_dags/example_time_delta_sensor_async.py
[2023-08-20T21:08:15.004-0400] {processor.py:836} INFO - DAG(s) dict_keys(['example_time_delta_sensor_async']) retrieved from /home/mnguyen0226/anaconda3/envs/learning_scraper/lib/python3.11/site-packages/airflow/example_dags/example_time_delta_sensor_async.py
[2023-08-20T21:08:15.026-0400] {logging_mixin.py:150} INFO - [2023-08-20T21:08:15.026-0400] {dag.py:2742} INFO - Sync 1 DAGs
[2023-08-20T21:08:15.041-0400] {logging_mixin.py:150} INFO - [2023-08-20T21:08:15.041-0400] {dag.py:3504} INFO - Setting next_dagrun for example_time_delta_sensor_async to None, run_after=None
[2023-08-20T21:08:15.064-0400] {processor.py:179} INFO - Processing /home/mnguyen0226/anaconda3/envs/learning_scraper/lib/python3.11/site-packages/airflow/example_dags/example_time_delta_sensor_async.py took 0.075 seconds
[2023-08-20T21:08:51.168-0400] {processor.py:157} INFO - Started process (PID=84246) to work on /home/mnguyen0226/anaconda3/envs/learning_scraper/lib/python3.11/site-packages/airflow/example_dags/example_time_delta_sensor_async.py
[2023-08-20T21:08:51.177-0400] {processor.py:826} INFO - Processing file /home/mnguyen0226/anaconda3/envs/learning_scraper/lib/python3.11/site-packages/airflow/example_dags/example_time_delta_sensor_async.py for tasks to queue
[2023-08-20T21:08:51.179-0400] {logging_mixin.py:150} INFO - [2023-08-20T21:08:51.178-0400] {dagbag.py:541} INFO - Filling up the DagBag from /home/mnguyen0226/anaconda3/envs/learning_scraper/lib/python3.11/site-packages/airflow/example_dags/example_time_delta_sensor_async.py
[2023-08-20T21:08:51.186-0400] {processor.py:836} INFO - DAG(s) dict_keys(['example_time_delta_sensor_async']) retrieved from /home/mnguyen0226/anaconda3/envs/learning_scraper/lib/python3.11/site-packages/airflow/example_dags/example_time_delta_sensor_async.py
[2023-08-20T21:08:51.209-0400] {logging_mixin.py:150} INFO - [2023-08-20T21:08:51.208-0400] {dag.py:2742} INFO - Sync 1 DAGs
[2023-08-20T21:08:51.229-0400] {logging_mixin.py:150} INFO - [2023-08-20T21:08:51.228-0400] {dag.py:3504} INFO - Setting next_dagrun for example_time_delta_sensor_async to None, run_after=None
[2023-08-20T21:08:51.252-0400] {processor.py:179} INFO - Processing /home/mnguyen0226/anaconda3/envs/learning_scraper/lib/python3.11/site-packages/airflow/example_dags/example_time_delta_sensor_async.py took 0.088 seconds
[2023-08-20T21:09:27.458-0400] {processor.py:157} INFO - Started process (PID=84492) to work on /home/mnguyen0226/anaconda3/envs/learning_scraper/lib/python3.11/site-packages/airflow/example_dags/example_time_delta_sensor_async.py
[2023-08-20T21:09:27.459-0400] {processor.py:826} INFO - Processing file /home/mnguyen0226/anaconda3/envs/learning_scraper/lib/python3.11/site-packages/airflow/example_dags/example_time_delta_sensor_async.py for tasks to queue
[2023-08-20T21:09:27.460-0400] {logging_mixin.py:150} INFO - [2023-08-20T21:09:27.459-0400] {dagbag.py:541} INFO - Filling up the DagBag from /home/mnguyen0226/anaconda3/envs/learning_scraper/lib/python3.11/site-packages/airflow/example_dags/example_time_delta_sensor_async.py
[2023-08-20T21:09:27.465-0400] {processor.py:836} INFO - DAG(s) dict_keys(['example_time_delta_sensor_async']) retrieved from /home/mnguyen0226/anaconda3/envs/learning_scraper/lib/python3.11/site-packages/airflow/example_dags/example_time_delta_sensor_async.py
[2023-08-20T21:09:27.483-0400] {logging_mixin.py:150} INFO - [2023-08-20T21:09:27.483-0400] {dag.py:2742} INFO - Sync 1 DAGs
[2023-08-20T21:09:27.500-0400] {logging_mixin.py:150} INFO - [2023-08-20T21:09:27.500-0400] {dag.py:3504} INFO - Setting next_dagrun for example_time_delta_sensor_async to None, run_after=None
[2023-08-20T21:09:27.528-0400] {processor.py:179} INFO - Processing /home/mnguyen0226/anaconda3/envs/learning_scraper/lib/python3.11/site-packages/airflow/example_dags/example_time_delta_sensor_async.py took 0.074 seconds
[2023-08-20T21:10:03.931-0400] {processor.py:157} INFO - Started process (PID=84636) to work on /home/mnguyen0226/anaconda3/envs/learning_scraper/lib/python3.11/site-packages/airflow/example_dags/example_time_delta_sensor_async.py
[2023-08-20T21:10:03.931-0400] {processor.py:826} INFO - Processing file /home/mnguyen0226/anaconda3/envs/learning_scraper/lib/python3.11/site-packages/airflow/example_dags/example_time_delta_sensor_async.py for tasks to queue
[2023-08-20T21:10:03.932-0400] {logging_mixin.py:150} INFO - [2023-08-20T21:10:03.932-0400] {dagbag.py:541} INFO - Filling up the DagBag from /home/mnguyen0226/anaconda3/envs/learning_scraper/lib/python3.11/site-packages/airflow/example_dags/example_time_delta_sensor_async.py
[2023-08-20T21:10:03.936-0400] {processor.py:836} INFO - DAG(s) dict_keys(['example_time_delta_sensor_async']) retrieved from /home/mnguyen0226/anaconda3/envs/learning_scraper/lib/python3.11/site-packages/airflow/example_dags/example_time_delta_sensor_async.py
[2023-08-20T21:10:03.956-0400] {logging_mixin.py:150} INFO - [2023-08-20T21:10:03.956-0400] {dag.py:2742} INFO - Sync 1 DAGs
[2023-08-20T21:10:03.980-0400] {logging_mixin.py:150} INFO - [2023-08-20T21:10:03.980-0400] {dag.py:3504} INFO - Setting next_dagrun for example_time_delta_sensor_async to None, run_after=None
[2023-08-20T21:10:04.010-0400] {processor.py:179} INFO - Processing /home/mnguyen0226/anaconda3/envs/learning_scraper/lib/python3.11/site-packages/airflow/example_dags/example_time_delta_sensor_async.py took 0.082 seconds
[2023-08-20T21:10:43.256-0400] {processor.py:157} INFO - Started process (PID=84789) to work on /home/mnguyen0226/anaconda3/envs/learning_scraper/lib/python3.11/site-packages/airflow/example_dags/example_time_delta_sensor_async.py
[2023-08-20T21:10:43.265-0400] {processor.py:826} INFO - Processing file /home/mnguyen0226/anaconda3/envs/learning_scraper/lib/python3.11/site-packages/airflow/example_dags/example_time_delta_sensor_async.py for tasks to queue
[2023-08-20T21:10:43.266-0400] {logging_mixin.py:150} INFO - [2023-08-20T21:10:43.266-0400] {dagbag.py:541} INFO - Filling up the DagBag from /home/mnguyen0226/anaconda3/envs/learning_scraper/lib/python3.11/site-packages/airflow/example_dags/example_time_delta_sensor_async.py
[2023-08-20T21:10:43.270-0400] {processor.py:836} INFO - DAG(s) dict_keys(['example_time_delta_sensor_async']) retrieved from /home/mnguyen0226/anaconda3/envs/learning_scraper/lib/python3.11/site-packages/airflow/example_dags/example_time_delta_sensor_async.py
[2023-08-20T21:10:43.284-0400] {logging_mixin.py:150} INFO - [2023-08-20T21:10:43.284-0400] {dag.py:2742} INFO - Sync 1 DAGs
[2023-08-20T21:10:43.303-0400] {logging_mixin.py:150} INFO - [2023-08-20T21:10:43.303-0400] {dag.py:3504} INFO - Setting next_dagrun for example_time_delta_sensor_async to None, run_after=None
[2023-08-20T21:10:43.329-0400] {processor.py:179} INFO - Processing /home/mnguyen0226/anaconda3/envs/learning_scraper/lib/python3.11/site-packages/airflow/example_dags/example_time_delta_sensor_async.py took 0.076 seconds
[2023-08-20T21:11:20.714-0400] {processor.py:157} INFO - Started process (PID=84977) to work on /home/mnguyen0226/anaconda3/envs/learning_scraper/lib/python3.11/site-packages/airflow/example_dags/example_time_delta_sensor_async.py
[2023-08-20T21:11:20.716-0400] {processor.py:826} INFO - Processing file /home/mnguyen0226/anaconda3/envs/learning_scraper/lib/python3.11/site-packages/airflow/example_dags/example_time_delta_sensor_async.py for tasks to queue
[2023-08-20T21:11:20.717-0400] {logging_mixin.py:150} INFO - [2023-08-20T21:11:20.716-0400] {dagbag.py:541} INFO - Filling up the DagBag from /home/mnguyen0226/anaconda3/envs/learning_scraper/lib/python3.11/site-packages/airflow/example_dags/example_time_delta_sensor_async.py
[2023-08-20T21:11:20.725-0400] {processor.py:836} INFO - DAG(s) dict_keys(['example_time_delta_sensor_async']) retrieved from /home/mnguyen0226/anaconda3/envs/learning_scraper/lib/python3.11/site-packages/airflow/example_dags/example_time_delta_sensor_async.py
[2023-08-20T21:11:20.750-0400] {logging_mixin.py:150} INFO - [2023-08-20T21:11:20.750-0400] {dag.py:2742} INFO - Sync 1 DAGs
[2023-08-20T21:11:20.781-0400] {logging_mixin.py:150} INFO - [2023-08-20T21:11:20.781-0400] {dag.py:3504} INFO - Setting next_dagrun for example_time_delta_sensor_async to None, run_after=None
[2023-08-20T21:11:20.818-0400] {processor.py:179} INFO - Processing /home/mnguyen0226/anaconda3/envs/learning_scraper/lib/python3.11/site-packages/airflow/example_dags/example_time_delta_sensor_async.py took 0.108 seconds
[2023-08-20T21:12:11.395-0400] {processor.py:157} INFO - Started process (PID=85158) to work on /home/mnguyen0226/anaconda3/envs/learning_scraper/lib/python3.11/site-packages/airflow/example_dags/example_time_delta_sensor_async.py
[2023-08-20T21:12:11.396-0400] {processor.py:826} INFO - Processing file /home/mnguyen0226/anaconda3/envs/learning_scraper/lib/python3.11/site-packages/airflow/example_dags/example_time_delta_sensor_async.py for tasks to queue
[2023-08-20T21:12:11.398-0400] {logging_mixin.py:150} INFO - [2023-08-20T21:12:11.397-0400] {dagbag.py:541} INFO - Filling up the DagBag from /home/mnguyen0226/anaconda3/envs/learning_scraper/lib/python3.11/site-packages/airflow/example_dags/example_time_delta_sensor_async.py
[2023-08-20T21:12:11.407-0400] {processor.py:836} INFO - DAG(s) dict_keys(['example_time_delta_sensor_async']) retrieved from /home/mnguyen0226/anaconda3/envs/learning_scraper/lib/python3.11/site-packages/airflow/example_dags/example_time_delta_sensor_async.py
[2023-08-20T21:12:11.434-0400] {logging_mixin.py:150} INFO - [2023-08-20T21:12:11.433-0400] {dag.py:2742} INFO - Sync 1 DAGs
[2023-08-20T21:12:11.456-0400] {logging_mixin.py:150} INFO - [2023-08-20T21:12:11.456-0400] {dag.py:3504} INFO - Setting next_dagrun for example_time_delta_sensor_async to None, run_after=None
[2023-08-20T21:12:11.481-0400] {processor.py:179} INFO - Processing /home/mnguyen0226/anaconda3/envs/learning_scraper/lib/python3.11/site-packages/airflow/example_dags/example_time_delta_sensor_async.py took 0.090 seconds
[2023-08-20T21:12:49.613-0400] {processor.py:157} INFO - Started process (PID=85682) to work on /home/mnguyen0226/anaconda3/envs/learning_scraper/lib/python3.11/site-packages/airflow/example_dags/example_time_delta_sensor_async.py
[2023-08-20T21:12:49.614-0400] {processor.py:826} INFO - Processing file /home/mnguyen0226/anaconda3/envs/learning_scraper/lib/python3.11/site-packages/airflow/example_dags/example_time_delta_sensor_async.py for tasks to queue
[2023-08-20T21:12:49.615-0400] {logging_mixin.py:150} INFO - [2023-08-20T21:12:49.614-0400] {dagbag.py:541} INFO - Filling up the DagBag from /home/mnguyen0226/anaconda3/envs/learning_scraper/lib/python3.11/site-packages/airflow/example_dags/example_time_delta_sensor_async.py
[2023-08-20T21:12:49.619-0400] {processor.py:836} INFO - DAG(s) dict_keys(['example_time_delta_sensor_async']) retrieved from /home/mnguyen0226/anaconda3/envs/learning_scraper/lib/python3.11/site-packages/airflow/example_dags/example_time_delta_sensor_async.py
[2023-08-20T21:12:49.633-0400] {logging_mixin.py:150} INFO - [2023-08-20T21:12:49.633-0400] {dag.py:2742} INFO - Sync 1 DAGs
[2023-08-20T21:12:49.653-0400] {logging_mixin.py:150} INFO - [2023-08-20T21:12:49.653-0400] {dag.py:3504} INFO - Setting next_dagrun for example_time_delta_sensor_async to None, run_after=None
[2023-08-20T21:12:49.677-0400] {processor.py:179} INFO - Processing /home/mnguyen0226/anaconda3/envs/learning_scraper/lib/python3.11/site-packages/airflow/example_dags/example_time_delta_sensor_async.py took 0.067 seconds
[2023-08-20T21:13:26.971-0400] {processor.py:157} INFO - Started process (PID=85882) to work on /home/mnguyen0226/anaconda3/envs/learning_scraper/lib/python3.11/site-packages/airflow/example_dags/example_time_delta_sensor_async.py
[2023-08-20T21:13:26.972-0400] {processor.py:826} INFO - Processing file /home/mnguyen0226/anaconda3/envs/learning_scraper/lib/python3.11/site-packages/airflow/example_dags/example_time_delta_sensor_async.py for tasks to queue
[2023-08-20T21:13:26.973-0400] {logging_mixin.py:150} INFO - [2023-08-20T21:13:26.972-0400] {dagbag.py:541} INFO - Filling up the DagBag from /home/mnguyen0226/anaconda3/envs/learning_scraper/lib/python3.11/site-packages/airflow/example_dags/example_time_delta_sensor_async.py
[2023-08-20T21:13:26.976-0400] {processor.py:836} INFO - DAG(s) dict_keys(['example_time_delta_sensor_async']) retrieved from /home/mnguyen0226/anaconda3/envs/learning_scraper/lib/python3.11/site-packages/airflow/example_dags/example_time_delta_sensor_async.py
[2023-08-20T21:13:26.990-0400] {logging_mixin.py:150} INFO - [2023-08-20T21:13:26.990-0400] {dag.py:2742} INFO - Sync 1 DAGs
[2023-08-20T21:13:27.005-0400] {logging_mixin.py:150} INFO - [2023-08-20T21:13:27.005-0400] {dag.py:3504} INFO - Setting next_dagrun for example_time_delta_sensor_async to None, run_after=None
[2023-08-20T21:13:27.029-0400] {processor.py:179} INFO - Processing /home/mnguyen0226/anaconda3/envs/learning_scraper/lib/python3.11/site-packages/airflow/example_dags/example_time_delta_sensor_async.py took 0.061 seconds
[2023-08-20T21:14:06.868-0400] {processor.py:157} INFO - Started process (PID=86055) to work on /home/mnguyen0226/anaconda3/envs/learning_scraper/lib/python3.11/site-packages/airflow/example_dags/example_time_delta_sensor_async.py
[2023-08-20T21:14:06.869-0400] {processor.py:826} INFO - Processing file /home/mnguyen0226/anaconda3/envs/learning_scraper/lib/python3.11/site-packages/airflow/example_dags/example_time_delta_sensor_async.py for tasks to queue
[2023-08-20T21:14:06.870-0400] {logging_mixin.py:150} INFO - [2023-08-20T21:14:06.870-0400] {dagbag.py:541} INFO - Filling up the DagBag from /home/mnguyen0226/anaconda3/envs/learning_scraper/lib/python3.11/site-packages/airflow/example_dags/example_time_delta_sensor_async.py
[2023-08-20T21:14:06.876-0400] {processor.py:836} INFO - DAG(s) dict_keys(['example_time_delta_sensor_async']) retrieved from /home/mnguyen0226/anaconda3/envs/learning_scraper/lib/python3.11/site-packages/airflow/example_dags/example_time_delta_sensor_async.py
[2023-08-20T21:14:06.893-0400] {logging_mixin.py:150} INFO - [2023-08-20T21:14:06.893-0400] {dag.py:2742} INFO - Sync 1 DAGs
[2023-08-20T21:14:06.912-0400] {logging_mixin.py:150} INFO - [2023-08-20T21:14:06.911-0400] {dag.py:3504} INFO - Setting next_dagrun for example_time_delta_sensor_async to None, run_after=None
[2023-08-20T21:14:06.938-0400] {processor.py:179} INFO - Processing /home/mnguyen0226/anaconda3/envs/learning_scraper/lib/python3.11/site-packages/airflow/example_dags/example_time_delta_sensor_async.py took 0.072 seconds
[2023-08-20T21:14:44.614-0400] {processor.py:157} INFO - Started process (PID=86268) to work on /home/mnguyen0226/anaconda3/envs/learning_scraper/lib/python3.11/site-packages/airflow/example_dags/example_time_delta_sensor_async.py
[2023-08-20T21:14:44.616-0400] {processor.py:826} INFO - Processing file /home/mnguyen0226/anaconda3/envs/learning_scraper/lib/python3.11/site-packages/airflow/example_dags/example_time_delta_sensor_async.py for tasks to queue
[2023-08-20T21:14:44.617-0400] {logging_mixin.py:150} INFO - [2023-08-20T21:14:44.616-0400] {dagbag.py:541} INFO - Filling up the DagBag from /home/mnguyen0226/anaconda3/envs/learning_scraper/lib/python3.11/site-packages/airflow/example_dags/example_time_delta_sensor_async.py
[2023-08-20T21:14:44.624-0400] {processor.py:836} INFO - DAG(s) dict_keys(['example_time_delta_sensor_async']) retrieved from /home/mnguyen0226/anaconda3/envs/learning_scraper/lib/python3.11/site-packages/airflow/example_dags/example_time_delta_sensor_async.py
[2023-08-20T21:14:44.642-0400] {logging_mixin.py:150} INFO - [2023-08-20T21:14:44.641-0400] {dag.py:2742} INFO - Sync 1 DAGs
[2023-08-20T21:14:44.669-0400] {logging_mixin.py:150} INFO - [2023-08-20T21:14:44.668-0400] {dag.py:3504} INFO - Setting next_dagrun for example_time_delta_sensor_async to None, run_after=None
[2023-08-20T21:14:44.697-0400] {processor.py:179} INFO - Processing /home/mnguyen0226/anaconda3/envs/learning_scraper/lib/python3.11/site-packages/airflow/example_dags/example_time_delta_sensor_async.py took 0.086 seconds
[2023-08-20T21:15:21.261-0400] {processor.py:157} INFO - Started process (PID=86368) to work on /home/mnguyen0226/anaconda3/envs/learning_scraper/lib/python3.11/site-packages/airflow/example_dags/example_time_delta_sensor_async.py
[2023-08-20T21:15:21.262-0400] {processor.py:826} INFO - Processing file /home/mnguyen0226/anaconda3/envs/learning_scraper/lib/python3.11/site-packages/airflow/example_dags/example_time_delta_sensor_async.py for tasks to queue
[2023-08-20T21:15:21.263-0400] {logging_mixin.py:150} INFO - [2023-08-20T21:15:21.263-0400] {dagbag.py:541} INFO - Filling up the DagBag from /home/mnguyen0226/anaconda3/envs/learning_scraper/lib/python3.11/site-packages/airflow/example_dags/example_time_delta_sensor_async.py
[2023-08-20T21:15:21.271-0400] {processor.py:836} INFO - DAG(s) dict_keys(['example_time_delta_sensor_async']) retrieved from /home/mnguyen0226/anaconda3/envs/learning_scraper/lib/python3.11/site-packages/airflow/example_dags/example_time_delta_sensor_async.py
[2023-08-20T21:15:21.298-0400] {logging_mixin.py:150} INFO - [2023-08-20T21:15:21.298-0400] {dag.py:2742} INFO - Sync 1 DAGs
[2023-08-20T21:15:21.327-0400] {logging_mixin.py:150} INFO - [2023-08-20T21:15:21.327-0400] {dag.py:3504} INFO - Setting next_dagrun for example_time_delta_sensor_async to None, run_after=None
[2023-08-20T21:15:21.357-0400] {processor.py:179} INFO - Processing /home/mnguyen0226/anaconda3/envs/learning_scraper/lib/python3.11/site-packages/airflow/example_dags/example_time_delta_sensor_async.py took 0.101 seconds
[2023-08-20T21:16:12.235-0400] {processor.py:157} INFO - Started process (PID=86537) to work on /home/mnguyen0226/anaconda3/envs/learning_scraper/lib/python3.11/site-packages/airflow/example_dags/example_time_delta_sensor_async.py
[2023-08-20T21:16:12.235-0400] {processor.py:826} INFO - Processing file /home/mnguyen0226/anaconda3/envs/learning_scraper/lib/python3.11/site-packages/airflow/example_dags/example_time_delta_sensor_async.py for tasks to queue
[2023-08-20T21:16:12.236-0400] {logging_mixin.py:150} INFO - [2023-08-20T21:16:12.236-0400] {dagbag.py:541} INFO - Filling up the DagBag from /home/mnguyen0226/anaconda3/envs/learning_scraper/lib/python3.11/site-packages/airflow/example_dags/example_time_delta_sensor_async.py
[2023-08-20T21:16:12.240-0400] {processor.py:836} INFO - DAG(s) dict_keys(['example_time_delta_sensor_async']) retrieved from /home/mnguyen0226/anaconda3/envs/learning_scraper/lib/python3.11/site-packages/airflow/example_dags/example_time_delta_sensor_async.py
[2023-08-20T21:16:12.256-0400] {logging_mixin.py:150} INFO - [2023-08-20T21:16:12.256-0400] {dag.py:2742} INFO - Sync 1 DAGs
[2023-08-20T21:16:12.273-0400] {logging_mixin.py:150} INFO - [2023-08-20T21:16:12.273-0400] {dag.py:3504} INFO - Setting next_dagrun for example_time_delta_sensor_async to None, run_after=None
[2023-08-20T21:16:12.296-0400] {processor.py:179} INFO - Processing /home/mnguyen0226/anaconda3/envs/learning_scraper/lib/python3.11/site-packages/airflow/example_dags/example_time_delta_sensor_async.py took 0.064 seconds
[2023-08-20T21:16:48.903-0400] {processor.py:157} INFO - Started process (PID=86854) to work on /home/mnguyen0226/anaconda3/envs/learning_scraper/lib/python3.11/site-packages/airflow/example_dags/example_time_delta_sensor_async.py
[2023-08-20T21:16:48.912-0400] {processor.py:826} INFO - Processing file /home/mnguyen0226/anaconda3/envs/learning_scraper/lib/python3.11/site-packages/airflow/example_dags/example_time_delta_sensor_async.py for tasks to queue
[2023-08-20T21:16:48.913-0400] {logging_mixin.py:150} INFO - [2023-08-20T21:16:48.912-0400] {dagbag.py:541} INFO - Filling up the DagBag from /home/mnguyen0226/anaconda3/envs/learning_scraper/lib/python3.11/site-packages/airflow/example_dags/example_time_delta_sensor_async.py
[2023-08-20T21:16:48.918-0400] {processor.py:836} INFO - DAG(s) dict_keys(['example_time_delta_sensor_async']) retrieved from /home/mnguyen0226/anaconda3/envs/learning_scraper/lib/python3.11/site-packages/airflow/example_dags/example_time_delta_sensor_async.py
[2023-08-20T21:16:48.934-0400] {logging_mixin.py:150} INFO - [2023-08-20T21:16:48.933-0400] {dag.py:2742} INFO - Sync 1 DAGs
[2023-08-20T21:16:48.949-0400] {logging_mixin.py:150} INFO - [2023-08-20T21:16:48.949-0400] {dag.py:3504} INFO - Setting next_dagrun for example_time_delta_sensor_async to None, run_after=None
[2023-08-20T21:16:48.977-0400] {processor.py:179} INFO - Processing /home/mnguyen0226/anaconda3/envs/learning_scraper/lib/python3.11/site-packages/airflow/example_dags/example_time_delta_sensor_async.py took 0.077 seconds
[2023-08-20T21:17:26.103-0400] {processor.py:157} INFO - Started process (PID=87031) to work on /home/mnguyen0226/anaconda3/envs/learning_scraper/lib/python3.11/site-packages/airflow/example_dags/example_time_delta_sensor_async.py
[2023-08-20T21:17:26.104-0400] {processor.py:826} INFO - Processing file /home/mnguyen0226/anaconda3/envs/learning_scraper/lib/python3.11/site-packages/airflow/example_dags/example_time_delta_sensor_async.py for tasks to queue
[2023-08-20T21:17:26.106-0400] {logging_mixin.py:150} INFO - [2023-08-20T21:17:26.105-0400] {dagbag.py:541} INFO - Filling up the DagBag from /home/mnguyen0226/anaconda3/envs/learning_scraper/lib/python3.11/site-packages/airflow/example_dags/example_time_delta_sensor_async.py
[2023-08-20T21:17:26.113-0400] {processor.py:836} INFO - DAG(s) dict_keys(['example_time_delta_sensor_async']) retrieved from /home/mnguyen0226/anaconda3/envs/learning_scraper/lib/python3.11/site-packages/airflow/example_dags/example_time_delta_sensor_async.py
[2023-08-20T21:17:26.142-0400] {logging_mixin.py:150} INFO - [2023-08-20T21:17:26.142-0400] {dag.py:2742} INFO - Sync 1 DAGs
[2023-08-20T21:17:26.161-0400] {logging_mixin.py:150} INFO - [2023-08-20T21:17:26.161-0400] {dag.py:3504} INFO - Setting next_dagrun for example_time_delta_sensor_async to None, run_after=None
[2023-08-20T21:17:26.188-0400] {processor.py:179} INFO - Processing /home/mnguyen0226/anaconda3/envs/learning_scraper/lib/python3.11/site-packages/airflow/example_dags/example_time_delta_sensor_async.py took 0.089 seconds
[2023-08-20T21:18:16.770-0400] {processor.py:157} INFO - Started process (PID=87289) to work on /home/mnguyen0226/anaconda3/envs/learning_scraper/lib/python3.11/site-packages/airflow/example_dags/example_time_delta_sensor_async.py
[2023-08-20T21:18:16.771-0400] {processor.py:826} INFO - Processing file /home/mnguyen0226/anaconda3/envs/learning_scraper/lib/python3.11/site-packages/airflow/example_dags/example_time_delta_sensor_async.py for tasks to queue
[2023-08-20T21:18:16.772-0400] {logging_mixin.py:150} INFO - [2023-08-20T21:18:16.772-0400] {dagbag.py:541} INFO - Filling up the DagBag from /home/mnguyen0226/anaconda3/envs/learning_scraper/lib/python3.11/site-packages/airflow/example_dags/example_time_delta_sensor_async.py
[2023-08-20T21:18:16.778-0400] {processor.py:836} INFO - DAG(s) dict_keys(['example_time_delta_sensor_async']) retrieved from /home/mnguyen0226/anaconda3/envs/learning_scraper/lib/python3.11/site-packages/airflow/example_dags/example_time_delta_sensor_async.py
[2023-08-20T21:18:16.802-0400] {logging_mixin.py:150} INFO - [2023-08-20T21:18:16.801-0400] {dag.py:2742} INFO - Sync 1 DAGs
[2023-08-20T21:18:16.820-0400] {logging_mixin.py:150} INFO - [2023-08-20T21:18:16.820-0400] {dag.py:3504} INFO - Setting next_dagrun for example_time_delta_sensor_async to None, run_after=None
[2023-08-20T21:18:16.841-0400] {processor.py:179} INFO - Processing /home/mnguyen0226/anaconda3/envs/learning_scraper/lib/python3.11/site-packages/airflow/example_dags/example_time_delta_sensor_async.py took 0.075 seconds
[2023-08-20T21:18:55.108-0400] {processor.py:157} INFO - Started process (PID=87465) to work on /home/mnguyen0226/anaconda3/envs/learning_scraper/lib/python3.11/site-packages/airflow/example_dags/example_time_delta_sensor_async.py
[2023-08-20T21:18:55.117-0400] {processor.py:826} INFO - Processing file /home/mnguyen0226/anaconda3/envs/learning_scraper/lib/python3.11/site-packages/airflow/example_dags/example_time_delta_sensor_async.py for tasks to queue
[2023-08-20T21:18:55.118-0400] {logging_mixin.py:150} INFO - [2023-08-20T21:18:55.118-0400] {dagbag.py:541} INFO - Filling up the DagBag from /home/mnguyen0226/anaconda3/envs/learning_scraper/lib/python3.11/site-packages/airflow/example_dags/example_time_delta_sensor_async.py
[2023-08-20T21:18:55.125-0400] {processor.py:836} INFO - DAG(s) dict_keys(['example_time_delta_sensor_async']) retrieved from /home/mnguyen0226/anaconda3/envs/learning_scraper/lib/python3.11/site-packages/airflow/example_dags/example_time_delta_sensor_async.py
[2023-08-20T21:18:55.151-0400] {logging_mixin.py:150} INFO - [2023-08-20T21:18:55.151-0400] {dag.py:2742} INFO - Sync 1 DAGs
[2023-08-20T21:18:55.182-0400] {logging_mixin.py:150} INFO - [2023-08-20T21:18:55.182-0400] {dag.py:3504} INFO - Setting next_dagrun for example_time_delta_sensor_async to None, run_after=None
[2023-08-20T21:18:55.212-0400] {processor.py:179} INFO - Processing /home/mnguyen0226/anaconda3/envs/learning_scraper/lib/python3.11/site-packages/airflow/example_dags/example_time_delta_sensor_async.py took 0.109 seconds
[2023-08-20T21:19:33.399-0400] {processor.py:157} INFO - Started process (PID=87816) to work on /home/mnguyen0226/anaconda3/envs/learning_scraper/lib/python3.11/site-packages/airflow/example_dags/example_time_delta_sensor_async.py
[2023-08-20T21:19:33.400-0400] {processor.py:826} INFO - Processing file /home/mnguyen0226/anaconda3/envs/learning_scraper/lib/python3.11/site-packages/airflow/example_dags/example_time_delta_sensor_async.py for tasks to queue
[2023-08-20T21:19:33.401-0400] {logging_mixin.py:150} INFO - [2023-08-20T21:19:33.400-0400] {dagbag.py:541} INFO - Filling up the DagBag from /home/mnguyen0226/anaconda3/envs/learning_scraper/lib/python3.11/site-packages/airflow/example_dags/example_time_delta_sensor_async.py
[2023-08-20T21:19:33.405-0400] {processor.py:836} INFO - DAG(s) dict_keys(['example_time_delta_sensor_async']) retrieved from /home/mnguyen0226/anaconda3/envs/learning_scraper/lib/python3.11/site-packages/airflow/example_dags/example_time_delta_sensor_async.py
[2023-08-20T21:19:33.424-0400] {logging_mixin.py:150} INFO - [2023-08-20T21:19:33.423-0400] {dag.py:2742} INFO - Sync 1 DAGs
[2023-08-20T21:19:33.445-0400] {logging_mixin.py:150} INFO - [2023-08-20T21:19:33.445-0400] {dag.py:3504} INFO - Setting next_dagrun for example_time_delta_sensor_async to None, run_after=None
[2023-08-20T21:19:33.473-0400] {processor.py:179} INFO - Processing /home/mnguyen0226/anaconda3/envs/learning_scraper/lib/python3.11/site-packages/airflow/example_dags/example_time_delta_sensor_async.py took 0.077 seconds
[2023-08-20T21:20:06.543-0400] {processor.py:157} INFO - Started process (PID=88029) to work on /home/mnguyen0226/anaconda3/envs/learning_scraper/lib/python3.11/site-packages/airflow/example_dags/example_time_delta_sensor_async.py
[2023-08-20T21:20:06.544-0400] {processor.py:826} INFO - Processing file /home/mnguyen0226/anaconda3/envs/learning_scraper/lib/python3.11/site-packages/airflow/example_dags/example_time_delta_sensor_async.py for tasks to queue
[2023-08-20T21:20:06.546-0400] {logging_mixin.py:150} INFO - [2023-08-20T21:20:06.544-0400] {dagbag.py:541} INFO - Filling up the DagBag from /home/mnguyen0226/anaconda3/envs/learning_scraper/lib/python3.11/site-packages/airflow/example_dags/example_time_delta_sensor_async.py
[2023-08-20T21:20:06.552-0400] {processor.py:836} INFO - DAG(s) dict_keys(['example_time_delta_sensor_async']) retrieved from /home/mnguyen0226/anaconda3/envs/learning_scraper/lib/python3.11/site-packages/airflow/example_dags/example_time_delta_sensor_async.py
[2023-08-20T21:20:06.592-0400] {logging_mixin.py:150} INFO - [2023-08-20T21:20:06.592-0400] {dag.py:2742} INFO - Sync 1 DAGs
[2023-08-20T21:20:06.632-0400] {logging_mixin.py:150} INFO - [2023-08-20T21:20:06.631-0400] {dag.py:3504} INFO - Setting next_dagrun for example_time_delta_sensor_async to None, run_after=None
[2023-08-20T21:20:06.715-0400] {processor.py:179} INFO - Processing /home/mnguyen0226/anaconda3/envs/learning_scraper/lib/python3.11/site-packages/airflow/example_dags/example_time_delta_sensor_async.py took 0.176 seconds
[2023-08-20T21:20:42.549-0400] {processor.py:157} INFO - Started process (PID=88251) to work on /home/mnguyen0226/anaconda3/envs/learning_scraper/lib/python3.11/site-packages/airflow/example_dags/example_time_delta_sensor_async.py
[2023-08-20T21:20:42.550-0400] {processor.py:826} INFO - Processing file /home/mnguyen0226/anaconda3/envs/learning_scraper/lib/python3.11/site-packages/airflow/example_dags/example_time_delta_sensor_async.py for tasks to queue
[2023-08-20T21:20:42.552-0400] {logging_mixin.py:150} INFO - [2023-08-20T21:20:42.551-0400] {dagbag.py:541} INFO - Filling up the DagBag from /home/mnguyen0226/anaconda3/envs/learning_scraper/lib/python3.11/site-packages/airflow/example_dags/example_time_delta_sensor_async.py
[2023-08-20T21:20:42.560-0400] {processor.py:836} INFO - DAG(s) dict_keys(['example_time_delta_sensor_async']) retrieved from /home/mnguyen0226/anaconda3/envs/learning_scraper/lib/python3.11/site-packages/airflow/example_dags/example_time_delta_sensor_async.py
[2023-08-20T21:20:42.586-0400] {logging_mixin.py:150} INFO - [2023-08-20T21:20:42.586-0400] {dag.py:2742} INFO - Sync 1 DAGs
[2023-08-20T21:20:42.604-0400] {logging_mixin.py:150} INFO - [2023-08-20T21:20:42.604-0400] {dag.py:3504} INFO - Setting next_dagrun for example_time_delta_sensor_async to None, run_after=None
[2023-08-20T21:20:42.626-0400] {processor.py:179} INFO - Processing /home/mnguyen0226/anaconda3/envs/learning_scraper/lib/python3.11/site-packages/airflow/example_dags/example_time_delta_sensor_async.py took 0.082 seconds
[2023-08-20T21:21:17.581-0400] {processor.py:157} INFO - Started process (PID=88320) to work on /home/mnguyen0226/anaconda3/envs/learning_scraper/lib/python3.11/site-packages/airflow/example_dags/example_time_delta_sensor_async.py
[2023-08-20T21:21:17.583-0400] {processor.py:826} INFO - Processing file /home/mnguyen0226/anaconda3/envs/learning_scraper/lib/python3.11/site-packages/airflow/example_dags/example_time_delta_sensor_async.py for tasks to queue
[2023-08-20T21:21:17.584-0400] {logging_mixin.py:150} INFO - [2023-08-20T21:21:17.583-0400] {dagbag.py:541} INFO - Filling up the DagBag from /home/mnguyen0226/anaconda3/envs/learning_scraper/lib/python3.11/site-packages/airflow/example_dags/example_time_delta_sensor_async.py
[2023-08-20T21:21:17.591-0400] {processor.py:836} INFO - DAG(s) dict_keys(['example_time_delta_sensor_async']) retrieved from /home/mnguyen0226/anaconda3/envs/learning_scraper/lib/python3.11/site-packages/airflow/example_dags/example_time_delta_sensor_async.py
[2023-08-20T21:21:17.616-0400] {logging_mixin.py:150} INFO - [2023-08-20T21:21:17.616-0400] {dag.py:2742} INFO - Sync 1 DAGs
[2023-08-20T21:21:17.638-0400] {logging_mixin.py:150} INFO - [2023-08-20T21:21:17.637-0400] {dag.py:3504} INFO - Setting next_dagrun for example_time_delta_sensor_async to None, run_after=None
[2023-08-20T21:21:17.660-0400] {processor.py:179} INFO - Processing /home/mnguyen0226/anaconda3/envs/learning_scraper/lib/python3.11/site-packages/airflow/example_dags/example_time_delta_sensor_async.py took 0.084 seconds
