[2023-08-20T21:00:47.673-0400] {processor.py:157} INFO - Started process (PID=80644) to work on /home/mnguyen0226/anaconda3/envs/learning_scraper/lib/python3.11/site-packages/airflow/example_dags/example_branch_operator_decorator.py
[2023-08-20T21:00:47.673-0400] {processor.py:826} INFO - Processing file /home/mnguyen0226/anaconda3/envs/learning_scraper/lib/python3.11/site-packages/airflow/example_dags/example_branch_operator_decorator.py for tasks to queue
[2023-08-20T21:00:47.674-0400] {logging_mixin.py:150} INFO - [2023-08-20T21:00:47.674-0400] {dagbag.py:541} INFO - Filling up the DagBag from /home/mnguyen0226/anaconda3/envs/learning_scraper/lib/python3.11/site-packages/airflow/example_dags/example_branch_operator_decorator.py
[2023-08-20T21:00:47.684-0400] {processor.py:836} INFO - DAG(s) dict_keys(['example_branch_python_operator_decorator']) retrieved from /home/mnguyen0226/anaconda3/envs/learning_scraper/lib/python3.11/site-packages/airflow/example_dags/example_branch_operator_decorator.py
[2023-08-20T21:00:47.701-0400] {logging_mixin.py:150} INFO - [2023-08-20T21:00:47.701-0400] {dag.py:2742} INFO - Sync 1 DAGs
[2023-08-20T21:00:47.725-0400] {logging_mixin.py:150} INFO - [2023-08-20T21:00:47.725-0400] {dag.py:3504} INFO - Setting next_dagrun for example_branch_python_operator_decorator to 2023-08-20T00:00:00+00:00, run_after=2023-08-21T00:00:00+00:00
[2023-08-20T21:00:47.773-0400] {processor.py:179} INFO - Processing /home/mnguyen0226/anaconda3/envs/learning_scraper/lib/python3.11/site-packages/airflow/example_dags/example_branch_operator_decorator.py took 0.104 seconds
[2023-08-20T21:01:38.380-0400] {processor.py:157} INFO - Started process (PID=80961) to work on /home/mnguyen0226/anaconda3/envs/learning_scraper/lib/python3.11/site-packages/airflow/example_dags/example_branch_operator_decorator.py
[2023-08-20T21:01:38.381-0400] {processor.py:826} INFO - Processing file /home/mnguyen0226/anaconda3/envs/learning_scraper/lib/python3.11/site-packages/airflow/example_dags/example_branch_operator_decorator.py for tasks to queue
[2023-08-20T21:01:38.384-0400] {logging_mixin.py:150} INFO - [2023-08-20T21:01:38.383-0400] {dagbag.py:541} INFO - Filling up the DagBag from /home/mnguyen0226/anaconda3/envs/learning_scraper/lib/python3.11/site-packages/airflow/example_dags/example_branch_operator_decorator.py
[2023-08-20T21:01:38.396-0400] {processor.py:836} INFO - DAG(s) dict_keys(['example_branch_python_operator_decorator']) retrieved from /home/mnguyen0226/anaconda3/envs/learning_scraper/lib/python3.11/site-packages/airflow/example_dags/example_branch_operator_decorator.py
[2023-08-20T21:01:38.421-0400] {logging_mixin.py:150} INFO - [2023-08-20T21:01:38.421-0400] {dag.py:2742} INFO - Sync 1 DAGs
[2023-08-20T21:01:38.447-0400] {logging_mixin.py:150} INFO - [2023-08-20T21:01:38.447-0400] {dag.py:3504} INFO - Setting next_dagrun for example_branch_python_operator_decorator to 2023-08-20T00:00:00+00:00, run_after=2023-08-21T00:00:00+00:00
[2023-08-20T21:01:38.474-0400] {processor.py:179} INFO - Processing /home/mnguyen0226/anaconda3/envs/learning_scraper/lib/python3.11/site-packages/airflow/example_dags/example_branch_operator_decorator.py took 0.103 seconds
[2023-08-20T21:03:45.766-0400] {processor.py:157} INFO - Started process (PID=82301) to work on /home/mnguyen0226/anaconda3/envs/learning_scraper/lib/python3.11/site-packages/airflow/example_dags/example_branch_operator_decorator.py
[2023-08-20T21:03:45.775-0400] {processor.py:826} INFO - Processing file /home/mnguyen0226/anaconda3/envs/learning_scraper/lib/python3.11/site-packages/airflow/example_dags/example_branch_operator_decorator.py for tasks to queue
[2023-08-20T21:03:45.777-0400] {logging_mixin.py:150} INFO - [2023-08-20T21:03:45.776-0400] {dagbag.py:541} INFO - Filling up the DagBag from /home/mnguyen0226/anaconda3/envs/learning_scraper/lib/python3.11/site-packages/airflow/example_dags/example_branch_operator_decorator.py
[2023-08-20T21:03:45.786-0400] {processor.py:836} INFO - DAG(s) dict_keys(['example_branch_python_operator_decorator']) retrieved from /home/mnguyen0226/anaconda3/envs/learning_scraper/lib/python3.11/site-packages/airflow/example_dags/example_branch_operator_decorator.py
[2023-08-20T21:03:45.806-0400] {logging_mixin.py:150} INFO - [2023-08-20T21:03:45.805-0400] {dag.py:2742} INFO - Sync 1 DAGs
[2023-08-20T21:03:45.826-0400] {logging_mixin.py:150} INFO - [2023-08-20T21:03:45.826-0400] {dag.py:3504} INFO - Setting next_dagrun for example_branch_python_operator_decorator to 2023-08-20T00:00:00+00:00, run_after=2023-08-21T00:00:00+00:00
[2023-08-20T21:03:45.856-0400] {processor.py:179} INFO - Processing /home/mnguyen0226/anaconda3/envs/learning_scraper/lib/python3.11/site-packages/airflow/example_dags/example_branch_operator_decorator.py took 0.092 seconds
[2023-08-20T21:04:37.748-0400] {processor.py:157} INFO - Started process (PID=83076) to work on /home/mnguyen0226/anaconda3/envs/learning_scraper/lib/python3.11/site-packages/airflow/example_dags/example_branch_operator_decorator.py
[2023-08-20T21:04:37.749-0400] {processor.py:826} INFO - Processing file /home/mnguyen0226/anaconda3/envs/learning_scraper/lib/python3.11/site-packages/airflow/example_dags/example_branch_operator_decorator.py for tasks to queue
[2023-08-20T21:04:37.750-0400] {logging_mixin.py:150} INFO - [2023-08-20T21:04:37.750-0400] {dagbag.py:541} INFO - Filling up the DagBag from /home/mnguyen0226/anaconda3/envs/learning_scraper/lib/python3.11/site-packages/airflow/example_dags/example_branch_operator_decorator.py
[2023-08-20T21:04:37.760-0400] {processor.py:836} INFO - DAG(s) dict_keys(['example_branch_python_operator_decorator']) retrieved from /home/mnguyen0226/anaconda3/envs/learning_scraper/lib/python3.11/site-packages/airflow/example_dags/example_branch_operator_decorator.py
[2023-08-20T21:04:37.780-0400] {logging_mixin.py:150} INFO - [2023-08-20T21:04:37.780-0400] {dag.py:2742} INFO - Sync 1 DAGs
[2023-08-20T21:04:37.803-0400] {logging_mixin.py:150} INFO - [2023-08-20T21:04:37.802-0400] {dag.py:3504} INFO - Setting next_dagrun for example_branch_python_operator_decorator to 2023-08-20T00:00:00+00:00, run_after=2023-08-21T00:00:00+00:00
[2023-08-20T21:04:37.838-0400] {processor.py:179} INFO - Processing /home/mnguyen0226/anaconda3/envs/learning_scraper/lib/python3.11/site-packages/airflow/example_dags/example_branch_operator_decorator.py took 0.093 seconds
[2023-08-20T21:05:33.426-0400] {processor.py:157} INFO - Started process (PID=83387) to work on /home/mnguyen0226/anaconda3/envs/learning_scraper/lib/python3.11/site-packages/airflow/example_dags/example_branch_operator_decorator.py
[2023-08-20T21:05:33.427-0400] {processor.py:826} INFO - Processing file /home/mnguyen0226/anaconda3/envs/learning_scraper/lib/python3.11/site-packages/airflow/example_dags/example_branch_operator_decorator.py for tasks to queue
[2023-08-20T21:05:33.429-0400] {logging_mixin.py:150} INFO - [2023-08-20T21:05:33.428-0400] {dagbag.py:541} INFO - Filling up the DagBag from /home/mnguyen0226/anaconda3/envs/learning_scraper/lib/python3.11/site-packages/airflow/example_dags/example_branch_operator_decorator.py
[2023-08-20T21:05:33.447-0400] {processor.py:836} INFO - DAG(s) dict_keys(['example_branch_python_operator_decorator']) retrieved from /home/mnguyen0226/anaconda3/envs/learning_scraper/lib/python3.11/site-packages/airflow/example_dags/example_branch_operator_decorator.py
[2023-08-20T21:05:33.471-0400] {logging_mixin.py:150} INFO - [2023-08-20T21:05:33.471-0400] {dag.py:2742} INFO - Sync 1 DAGs
[2023-08-20T21:05:33.489-0400] {logging_mixin.py:150} INFO - [2023-08-20T21:05:33.489-0400] {dag.py:3504} INFO - Setting next_dagrun for example_branch_python_operator_decorator to 2023-08-20T00:00:00+00:00, run_after=2023-08-21T00:00:00+00:00
[2023-08-20T21:05:33.516-0400] {processor.py:179} INFO - Processing /home/mnguyen0226/anaconda3/envs/learning_scraper/lib/python3.11/site-packages/airflow/example_dags/example_branch_operator_decorator.py took 0.094 seconds
[2023-08-20T21:06:24.370-0400] {processor.py:157} INFO - Started process (PID=83587) to work on /home/mnguyen0226/anaconda3/envs/learning_scraper/lib/python3.11/site-packages/airflow/example_dags/example_branch_operator_decorator.py
[2023-08-20T21:06:24.377-0400] {processor.py:826} INFO - Processing file /home/mnguyen0226/anaconda3/envs/learning_scraper/lib/python3.11/site-packages/airflow/example_dags/example_branch_operator_decorator.py for tasks to queue
[2023-08-20T21:06:24.378-0400] {logging_mixin.py:150} INFO - [2023-08-20T21:06:24.378-0400] {dagbag.py:541} INFO - Filling up the DagBag from /home/mnguyen0226/anaconda3/envs/learning_scraper/lib/python3.11/site-packages/airflow/example_dags/example_branch_operator_decorator.py
[2023-08-20T21:06:24.436-0400] {processor.py:836} INFO - DAG(s) dict_keys(['example_branch_python_operator_decorator']) retrieved from /home/mnguyen0226/anaconda3/envs/learning_scraper/lib/python3.11/site-packages/airflow/example_dags/example_branch_operator_decorator.py
[2023-08-20T21:06:24.501-0400] {logging_mixin.py:150} INFO - [2023-08-20T21:06:24.501-0400] {dag.py:2742} INFO - Sync 1 DAGs
[2023-08-20T21:06:24.530-0400] {logging_mixin.py:150} INFO - [2023-08-20T21:06:24.529-0400] {dag.py:3504} INFO - Setting next_dagrun for example_branch_python_operator_decorator to 2023-08-20T00:00:00+00:00, run_after=2023-08-21T00:00:00+00:00
[2023-08-20T21:06:24.584-0400] {processor.py:179} INFO - Processing /home/mnguyen0226/anaconda3/envs/learning_scraper/lib/python3.11/site-packages/airflow/example_dags/example_branch_operator_decorator.py took 0.216 seconds
[2023-08-20T21:07:27.728-0400] {processor.py:157} INFO - Started process (PID=83902) to work on /home/mnguyen0226/anaconda3/envs/learning_scraper/lib/python3.11/site-packages/airflow/example_dags/example_branch_operator_decorator.py
[2023-08-20T21:07:27.729-0400] {processor.py:826} INFO - Processing file /home/mnguyen0226/anaconda3/envs/learning_scraper/lib/python3.11/site-packages/airflow/example_dags/example_branch_operator_decorator.py for tasks to queue
[2023-08-20T21:07:27.730-0400] {logging_mixin.py:150} INFO - [2023-08-20T21:07:27.729-0400] {dagbag.py:541} INFO - Filling up the DagBag from /home/mnguyen0226/anaconda3/envs/learning_scraper/lib/python3.11/site-packages/airflow/example_dags/example_branch_operator_decorator.py
[2023-08-20T21:07:27.739-0400] {processor.py:836} INFO - DAG(s) dict_keys(['example_branch_python_operator_decorator']) retrieved from /home/mnguyen0226/anaconda3/envs/learning_scraper/lib/python3.11/site-packages/airflow/example_dags/example_branch_operator_decorator.py
[2023-08-20T21:07:27.869-0400] {logging_mixin.py:150} INFO - [2023-08-20T21:07:27.868-0400] {dag.py:2742} INFO - Sync 1 DAGs
[2023-08-20T21:07:27.891-0400] {logging_mixin.py:150} INFO - [2023-08-20T21:07:27.891-0400] {dag.py:3504} INFO - Setting next_dagrun for example_branch_python_operator_decorator to 2023-08-20T00:00:00+00:00, run_after=2023-08-21T00:00:00+00:00
[2023-08-20T21:07:27.934-0400] {processor.py:179} INFO - Processing /home/mnguyen0226/anaconda3/envs/learning_scraper/lib/python3.11/site-packages/airflow/example_dags/example_branch_operator_decorator.py took 0.208 seconds
[2023-08-20T21:08:25.457-0400] {processor.py:157} INFO - Started process (PID=84150) to work on /home/mnguyen0226/anaconda3/envs/learning_scraper/lib/python3.11/site-packages/airflow/example_dags/example_branch_operator_decorator.py
[2023-08-20T21:08:25.467-0400] {processor.py:826} INFO - Processing file /home/mnguyen0226/anaconda3/envs/learning_scraper/lib/python3.11/site-packages/airflow/example_dags/example_branch_operator_decorator.py for tasks to queue
[2023-08-20T21:08:25.469-0400] {logging_mixin.py:150} INFO - [2023-08-20T21:08:25.468-0400] {dagbag.py:541} INFO - Filling up the DagBag from /home/mnguyen0226/anaconda3/envs/learning_scraper/lib/python3.11/site-packages/airflow/example_dags/example_branch_operator_decorator.py
[2023-08-20T21:08:25.488-0400] {processor.py:836} INFO - DAG(s) dict_keys(['example_branch_python_operator_decorator']) retrieved from /home/mnguyen0226/anaconda3/envs/learning_scraper/lib/python3.11/site-packages/airflow/example_dags/example_branch_operator_decorator.py
[2023-08-20T21:08:25.521-0400] {logging_mixin.py:150} INFO - [2023-08-20T21:08:25.520-0400] {dag.py:2742} INFO - Sync 1 DAGs
[2023-08-20T21:08:25.562-0400] {logging_mixin.py:150} INFO - [2023-08-20T21:08:25.562-0400] {dag.py:3504} INFO - Setting next_dagrun for example_branch_python_operator_decorator to 2023-08-20T00:00:00+00:00, run_after=2023-08-21T00:00:00+00:00
[2023-08-20T21:08:25.595-0400] {processor.py:179} INFO - Processing /home/mnguyen0226/anaconda3/envs/learning_scraper/lib/python3.11/site-packages/airflow/example_dags/example_branch_operator_decorator.py took 0.142 seconds
[2023-08-20T21:09:19.861-0400] {processor.py:157} INFO - Started process (PID=84362) to work on /home/mnguyen0226/anaconda3/envs/learning_scraper/lib/python3.11/site-packages/airflow/example_dags/example_branch_operator_decorator.py
[2023-08-20T21:09:19.862-0400] {processor.py:826} INFO - Processing file /home/mnguyen0226/anaconda3/envs/learning_scraper/lib/python3.11/site-packages/airflow/example_dags/example_branch_operator_decorator.py for tasks to queue
[2023-08-20T21:09:19.864-0400] {logging_mixin.py:150} INFO - [2023-08-20T21:09:19.863-0400] {dagbag.py:541} INFO - Filling up the DagBag from /home/mnguyen0226/anaconda3/envs/learning_scraper/lib/python3.11/site-packages/airflow/example_dags/example_branch_operator_decorator.py
[2023-08-20T21:09:19.881-0400] {processor.py:836} INFO - DAG(s) dict_keys(['example_branch_python_operator_decorator']) retrieved from /home/mnguyen0226/anaconda3/envs/learning_scraper/lib/python3.11/site-packages/airflow/example_dags/example_branch_operator_decorator.py
[2023-08-20T21:09:19.911-0400] {logging_mixin.py:150} INFO - [2023-08-20T21:09:19.911-0400] {dag.py:2742} INFO - Sync 1 DAGs
[2023-08-20T21:09:19.941-0400] {logging_mixin.py:150} INFO - [2023-08-20T21:09:19.941-0400] {dag.py:3504} INFO - Setting next_dagrun for example_branch_python_operator_decorator to 2023-08-20T00:00:00+00:00, run_after=2023-08-21T00:00:00+00:00
[2023-08-20T21:09:19.969-0400] {processor.py:179} INFO - Processing /home/mnguyen0226/anaconda3/envs/learning_scraper/lib/python3.11/site-packages/airflow/example_dags/example_branch_operator_decorator.py took 0.114 seconds
[2023-08-20T21:10:14.911-0400] {processor.py:157} INFO - Started process (PID=84707) to work on /home/mnguyen0226/anaconda3/envs/learning_scraper/lib/python3.11/site-packages/airflow/example_dags/example_branch_operator_decorator.py
[2023-08-20T21:10:14.912-0400] {processor.py:826} INFO - Processing file /home/mnguyen0226/anaconda3/envs/learning_scraper/lib/python3.11/site-packages/airflow/example_dags/example_branch_operator_decorator.py for tasks to queue
[2023-08-20T21:10:14.913-0400] {logging_mixin.py:150} INFO - [2023-08-20T21:10:14.913-0400] {dagbag.py:541} INFO - Filling up the DagBag from /home/mnguyen0226/anaconda3/envs/learning_scraper/lib/python3.11/site-packages/airflow/example_dags/example_branch_operator_decorator.py
[2023-08-20T21:10:14.923-0400] {processor.py:836} INFO - DAG(s) dict_keys(['example_branch_python_operator_decorator']) retrieved from /home/mnguyen0226/anaconda3/envs/learning_scraper/lib/python3.11/site-packages/airflow/example_dags/example_branch_operator_decorator.py
[2023-08-20T21:10:14.939-0400] {logging_mixin.py:150} INFO - [2023-08-20T21:10:14.939-0400] {dag.py:2742} INFO - Sync 1 DAGs
[2023-08-20T21:10:14.957-0400] {logging_mixin.py:150} INFO - [2023-08-20T21:10:14.957-0400] {dag.py:3504} INFO - Setting next_dagrun for example_branch_python_operator_decorator to 2023-08-20T00:00:00+00:00, run_after=2023-08-21T00:00:00+00:00
[2023-08-20T21:10:14.993-0400] {processor.py:179} INFO - Processing /home/mnguyen0226/anaconda3/envs/learning_scraper/lib/python3.11/site-packages/airflow/example_dags/example_branch_operator_decorator.py took 0.084 seconds
[2023-08-20T21:11:13.297-0400] {processor.py:157} INFO - Started process (PID=84937) to work on /home/mnguyen0226/anaconda3/envs/learning_scraper/lib/python3.11/site-packages/airflow/example_dags/example_branch_operator_decorator.py
[2023-08-20T21:11:13.298-0400] {processor.py:826} INFO - Processing file /home/mnguyen0226/anaconda3/envs/learning_scraper/lib/python3.11/site-packages/airflow/example_dags/example_branch_operator_decorator.py for tasks to queue
[2023-08-20T21:11:13.299-0400] {logging_mixin.py:150} INFO - [2023-08-20T21:11:13.298-0400] {dagbag.py:541} INFO - Filling up the DagBag from /home/mnguyen0226/anaconda3/envs/learning_scraper/lib/python3.11/site-packages/airflow/example_dags/example_branch_operator_decorator.py
[2023-08-20T21:11:13.310-0400] {processor.py:836} INFO - DAG(s) dict_keys(['example_branch_python_operator_decorator']) retrieved from /home/mnguyen0226/anaconda3/envs/learning_scraper/lib/python3.11/site-packages/airflow/example_dags/example_branch_operator_decorator.py
[2023-08-20T21:11:13.331-0400] {logging_mixin.py:150} INFO - [2023-08-20T21:11:13.330-0400] {dag.py:2742} INFO - Sync 1 DAGs
[2023-08-20T21:11:13.347-0400] {logging_mixin.py:150} INFO - [2023-08-20T21:11:13.347-0400] {dag.py:3504} INFO - Setting next_dagrun for example_branch_python_operator_decorator to 2023-08-20T00:00:00+00:00, run_after=2023-08-21T00:00:00+00:00
[2023-08-20T21:11:13.380-0400] {processor.py:179} INFO - Processing /home/mnguyen0226/anaconda3/envs/learning_scraper/lib/python3.11/site-packages/airflow/example_dags/example_branch_operator_decorator.py took 0.086 seconds
[2023-08-20T21:12:03.794-0400] {processor.py:157} INFO - Started process (PID=85136) to work on /home/mnguyen0226/anaconda3/envs/learning_scraper/lib/python3.11/site-packages/airflow/example_dags/example_branch_operator_decorator.py
[2023-08-20T21:12:03.795-0400] {processor.py:826} INFO - Processing file /home/mnguyen0226/anaconda3/envs/learning_scraper/lib/python3.11/site-packages/airflow/example_dags/example_branch_operator_decorator.py for tasks to queue
[2023-08-20T21:12:03.795-0400] {logging_mixin.py:150} INFO - [2023-08-20T21:12:03.795-0400] {dagbag.py:541} INFO - Filling up the DagBag from /home/mnguyen0226/anaconda3/envs/learning_scraper/lib/python3.11/site-packages/airflow/example_dags/example_branch_operator_decorator.py
[2023-08-20T21:12:03.804-0400] {processor.py:836} INFO - DAG(s) dict_keys(['example_branch_python_operator_decorator']) retrieved from /home/mnguyen0226/anaconda3/envs/learning_scraper/lib/python3.11/site-packages/airflow/example_dags/example_branch_operator_decorator.py
[2023-08-20T21:12:03.818-0400] {logging_mixin.py:150} INFO - [2023-08-20T21:12:03.818-0400] {dag.py:2742} INFO - Sync 1 DAGs
[2023-08-20T21:12:03.835-0400] {logging_mixin.py:150} INFO - [2023-08-20T21:12:03.834-0400] {dag.py:3504} INFO - Setting next_dagrun for example_branch_python_operator_decorator to 2023-08-20T00:00:00+00:00, run_after=2023-08-21T00:00:00+00:00
[2023-08-20T21:12:03.858-0400] {processor.py:179} INFO - Processing /home/mnguyen0226/anaconda3/envs/learning_scraper/lib/python3.11/site-packages/airflow/example_dags/example_branch_operator_decorator.py took 0.066 seconds
[2023-08-20T21:13:00.222-0400] {processor.py:157} INFO - Started process (PID=85730) to work on /home/mnguyen0226/anaconda3/envs/learning_scraper/lib/python3.11/site-packages/airflow/example_dags/example_branch_operator_decorator.py
[2023-08-20T21:13:00.231-0400] {processor.py:826} INFO - Processing file /home/mnguyen0226/anaconda3/envs/learning_scraper/lib/python3.11/site-packages/airflow/example_dags/example_branch_operator_decorator.py for tasks to queue
[2023-08-20T21:13:00.233-0400] {logging_mixin.py:150} INFO - [2023-08-20T21:13:00.232-0400] {dagbag.py:541} INFO - Filling up the DagBag from /home/mnguyen0226/anaconda3/envs/learning_scraper/lib/python3.11/site-packages/airflow/example_dags/example_branch_operator_decorator.py
[2023-08-20T21:13:00.249-0400] {processor.py:836} INFO - DAG(s) dict_keys(['example_branch_python_operator_decorator']) retrieved from /home/mnguyen0226/anaconda3/envs/learning_scraper/lib/python3.11/site-packages/airflow/example_dags/example_branch_operator_decorator.py
[2023-08-20T21:13:00.277-0400] {logging_mixin.py:150} INFO - [2023-08-20T21:13:00.276-0400] {dag.py:2742} INFO - Sync 1 DAGs
[2023-08-20T21:13:00.308-0400] {logging_mixin.py:150} INFO - [2023-08-20T21:13:00.307-0400] {dag.py:3504} INFO - Setting next_dagrun for example_branch_python_operator_decorator to 2023-08-20T00:00:00+00:00, run_after=2023-08-21T00:00:00+00:00
[2023-08-20T21:13:00.340-0400] {processor.py:179} INFO - Processing /home/mnguyen0226/anaconda3/envs/learning_scraper/lib/python3.11/site-packages/airflow/example_dags/example_branch_operator_decorator.py took 0.121 seconds
[2023-08-20T21:13:57.811-0400] {processor.py:157} INFO - Started process (PID=86008) to work on /home/mnguyen0226/anaconda3/envs/learning_scraper/lib/python3.11/site-packages/airflow/example_dags/example_branch_operator_decorator.py
[2023-08-20T21:13:57.812-0400] {processor.py:826} INFO - Processing file /home/mnguyen0226/anaconda3/envs/learning_scraper/lib/python3.11/site-packages/airflow/example_dags/example_branch_operator_decorator.py for tasks to queue
[2023-08-20T21:13:57.814-0400] {logging_mixin.py:150} INFO - [2023-08-20T21:13:57.813-0400] {dagbag.py:541} INFO - Filling up the DagBag from /home/mnguyen0226/anaconda3/envs/learning_scraper/lib/python3.11/site-packages/airflow/example_dags/example_branch_operator_decorator.py
[2023-08-20T21:13:57.829-0400] {processor.py:836} INFO - DAG(s) dict_keys(['example_branch_python_operator_decorator']) retrieved from /home/mnguyen0226/anaconda3/envs/learning_scraper/lib/python3.11/site-packages/airflow/example_dags/example_branch_operator_decorator.py
[2023-08-20T21:13:57.860-0400] {logging_mixin.py:150} INFO - [2023-08-20T21:13:57.859-0400] {dag.py:2742} INFO - Sync 1 DAGs
[2023-08-20T21:13:57.881-0400] {logging_mixin.py:150} INFO - [2023-08-20T21:13:57.881-0400] {dag.py:3504} INFO - Setting next_dagrun for example_branch_python_operator_decorator to 2023-08-20T00:00:00+00:00, run_after=2023-08-21T00:00:00+00:00
[2023-08-20T21:13:57.918-0400] {processor.py:179} INFO - Processing /home/mnguyen0226/anaconda3/envs/learning_scraper/lib/python3.11/site-packages/airflow/example_dags/example_branch_operator_decorator.py took 0.111 seconds
[2023-08-20T21:14:56.207-0400] {processor.py:157} INFO - Started process (PID=86303) to work on /home/mnguyen0226/anaconda3/envs/learning_scraper/lib/python3.11/site-packages/airflow/example_dags/example_branch_operator_decorator.py
[2023-08-20T21:14:56.217-0400] {processor.py:826} INFO - Processing file /home/mnguyen0226/anaconda3/envs/learning_scraper/lib/python3.11/site-packages/airflow/example_dags/example_branch_operator_decorator.py for tasks to queue
[2023-08-20T21:14:56.219-0400] {logging_mixin.py:150} INFO - [2023-08-20T21:14:56.218-0400] {dagbag.py:541} INFO - Filling up the DagBag from /home/mnguyen0226/anaconda3/envs/learning_scraper/lib/python3.11/site-packages/airflow/example_dags/example_branch_operator_decorator.py
[2023-08-20T21:14:56.236-0400] {processor.py:836} INFO - DAG(s) dict_keys(['example_branch_python_operator_decorator']) retrieved from /home/mnguyen0226/anaconda3/envs/learning_scraper/lib/python3.11/site-packages/airflow/example_dags/example_branch_operator_decorator.py
[2023-08-20T21:14:56.262-0400] {logging_mixin.py:150} INFO - [2023-08-20T21:14:56.262-0400] {dag.py:2742} INFO - Sync 1 DAGs
[2023-08-20T21:14:56.281-0400] {logging_mixin.py:150} INFO - [2023-08-20T21:14:56.281-0400] {dag.py:3504} INFO - Setting next_dagrun for example_branch_python_operator_decorator to 2023-08-20T00:00:00+00:00, run_after=2023-08-21T00:00:00+00:00
[2023-08-20T21:14:56.303-0400] {processor.py:179} INFO - Processing /home/mnguyen0226/anaconda3/envs/learning_scraper/lib/python3.11/site-packages/airflow/example_dags/example_branch_operator_decorator.py took 0.100 seconds
[2023-08-20T21:15:46.840-0400] {processor.py:157} INFO - Started process (PID=86431) to work on /home/mnguyen0226/anaconda3/envs/learning_scraper/lib/python3.11/site-packages/airflow/example_dags/example_branch_operator_decorator.py
[2023-08-20T21:15:46.841-0400] {processor.py:826} INFO - Processing file /home/mnguyen0226/anaconda3/envs/learning_scraper/lib/python3.11/site-packages/airflow/example_dags/example_branch_operator_decorator.py for tasks to queue
[2023-08-20T21:15:46.842-0400] {logging_mixin.py:150} INFO - [2023-08-20T21:15:46.841-0400] {dagbag.py:541} INFO - Filling up the DagBag from /home/mnguyen0226/anaconda3/envs/learning_scraper/lib/python3.11/site-packages/airflow/example_dags/example_branch_operator_decorator.py
[2023-08-20T21:15:46.858-0400] {processor.py:836} INFO - DAG(s) dict_keys(['example_branch_python_operator_decorator']) retrieved from /home/mnguyen0226/anaconda3/envs/learning_scraper/lib/python3.11/site-packages/airflow/example_dags/example_branch_operator_decorator.py
[2023-08-20T21:15:46.881-0400] {logging_mixin.py:150} INFO - [2023-08-20T21:15:46.881-0400] {dag.py:2742} INFO - Sync 1 DAGs
[2023-08-20T21:15:46.904-0400] {logging_mixin.py:150} INFO - [2023-08-20T21:15:46.904-0400] {dag.py:3504} INFO - Setting next_dagrun for example_branch_python_operator_decorator to 2023-08-20T00:00:00+00:00, run_after=2023-08-21T00:00:00+00:00
[2023-08-20T21:15:46.957-0400] {processor.py:179} INFO - Processing /home/mnguyen0226/anaconda3/envs/learning_scraper/lib/python3.11/site-packages/airflow/example_dags/example_branch_operator_decorator.py took 0.122 seconds
[2023-08-20T21:16:40.989-0400] {processor.py:157} INFO - Started process (PID=86758) to work on /home/mnguyen0226/anaconda3/envs/learning_scraper/lib/python3.11/site-packages/airflow/example_dags/example_branch_operator_decorator.py
[2023-08-20T21:16:40.990-0400] {processor.py:826} INFO - Processing file /home/mnguyen0226/anaconda3/envs/learning_scraper/lib/python3.11/site-packages/airflow/example_dags/example_branch_operator_decorator.py for tasks to queue
[2023-08-20T21:16:40.992-0400] {logging_mixin.py:150} INFO - [2023-08-20T21:16:40.991-0400] {dagbag.py:541} INFO - Filling up the DagBag from /home/mnguyen0226/anaconda3/envs/learning_scraper/lib/python3.11/site-packages/airflow/example_dags/example_branch_operator_decorator.py
[2023-08-20T21:16:41.005-0400] {processor.py:836} INFO - DAG(s) dict_keys(['example_branch_python_operator_decorator']) retrieved from /home/mnguyen0226/anaconda3/envs/learning_scraper/lib/python3.11/site-packages/airflow/example_dags/example_branch_operator_decorator.py
[2023-08-20T21:16:41.030-0400] {logging_mixin.py:150} INFO - [2023-08-20T21:16:41.030-0400] {dag.py:2742} INFO - Sync 1 DAGs
[2023-08-20T21:16:41.056-0400] {logging_mixin.py:150} INFO - [2023-08-20T21:16:41.055-0400] {dag.py:3504} INFO - Setting next_dagrun for example_branch_python_operator_decorator to 2023-08-20T00:00:00+00:00, run_after=2023-08-21T00:00:00+00:00
[2023-08-20T21:16:41.094-0400] {processor.py:179} INFO - Processing /home/mnguyen0226/anaconda3/envs/learning_scraper/lib/python3.11/site-packages/airflow/example_dags/example_branch_operator_decorator.py took 0.108 seconds
[2023-08-20T21:17:35.384-0400] {processor.py:157} INFO - Started process (PID=87060) to work on /home/mnguyen0226/anaconda3/envs/learning_scraper/lib/python3.11/site-packages/airflow/example_dags/example_branch_operator_decorator.py
[2023-08-20T21:17:35.384-0400] {processor.py:826} INFO - Processing file /home/mnguyen0226/anaconda3/envs/learning_scraper/lib/python3.11/site-packages/airflow/example_dags/example_branch_operator_decorator.py for tasks to queue
[2023-08-20T21:17:35.385-0400] {logging_mixin.py:150} INFO - [2023-08-20T21:17:35.385-0400] {dagbag.py:541} INFO - Filling up the DagBag from /home/mnguyen0226/anaconda3/envs/learning_scraper/lib/python3.11/site-packages/airflow/example_dags/example_branch_operator_decorator.py
[2023-08-20T21:17:35.395-0400] {processor.py:836} INFO - DAG(s) dict_keys(['example_branch_python_operator_decorator']) retrieved from /home/mnguyen0226/anaconda3/envs/learning_scraper/lib/python3.11/site-packages/airflow/example_dags/example_branch_operator_decorator.py
[2023-08-20T21:17:35.413-0400] {logging_mixin.py:150} INFO - [2023-08-20T21:17:35.412-0400] {dag.py:2742} INFO - Sync 1 DAGs
[2023-08-20T21:17:35.431-0400] {logging_mixin.py:150} INFO - [2023-08-20T21:17:35.430-0400] {dag.py:3504} INFO - Setting next_dagrun for example_branch_python_operator_decorator to 2023-08-20T00:00:00+00:00, run_after=2023-08-21T00:00:00+00:00
[2023-08-20T21:17:35.454-0400] {processor.py:179} INFO - Processing /home/mnguyen0226/anaconda3/envs/learning_scraper/lib/python3.11/site-packages/airflow/example_dags/example_branch_operator_decorator.py took 0.073 seconds
[2023-08-20T21:18:30.484-0400] {processor.py:157} INFO - Started process (PID=87373) to work on /home/mnguyen0226/anaconda3/envs/learning_scraper/lib/python3.11/site-packages/airflow/example_dags/example_branch_operator_decorator.py
[2023-08-20T21:18:30.485-0400] {processor.py:826} INFO - Processing file /home/mnguyen0226/anaconda3/envs/learning_scraper/lib/python3.11/site-packages/airflow/example_dags/example_branch_operator_decorator.py for tasks to queue
[2023-08-20T21:18:30.486-0400] {logging_mixin.py:150} INFO - [2023-08-20T21:18:30.486-0400] {dagbag.py:541} INFO - Filling up the DagBag from /home/mnguyen0226/anaconda3/envs/learning_scraper/lib/python3.11/site-packages/airflow/example_dags/example_branch_operator_decorator.py
[2023-08-20T21:18:30.500-0400] {processor.py:836} INFO - DAG(s) dict_keys(['example_branch_python_operator_decorator']) retrieved from /home/mnguyen0226/anaconda3/envs/learning_scraper/lib/python3.11/site-packages/airflow/example_dags/example_branch_operator_decorator.py
[2023-08-20T21:18:30.535-0400] {logging_mixin.py:150} INFO - [2023-08-20T21:18:30.535-0400] {dag.py:2742} INFO - Sync 1 DAGs
[2023-08-20T21:18:30.568-0400] {logging_mixin.py:150} INFO - [2023-08-20T21:18:30.567-0400] {dag.py:3504} INFO - Setting next_dagrun for example_branch_python_operator_decorator to 2023-08-20T00:00:00+00:00, run_after=2023-08-21T00:00:00+00:00
[2023-08-20T21:18:30.595-0400] {processor.py:179} INFO - Processing /home/mnguyen0226/anaconda3/envs/learning_scraper/lib/python3.11/site-packages/airflow/example_dags/example_branch_operator_decorator.py took 0.115 seconds
[2023-08-20T21:19:26.997-0400] {processor.py:157} INFO - Started process (PID=87756) to work on /home/mnguyen0226/anaconda3/envs/learning_scraper/lib/python3.11/site-packages/airflow/example_dags/example_branch_operator_decorator.py
[2023-08-20T21:19:26.998-0400] {processor.py:826} INFO - Processing file /home/mnguyen0226/anaconda3/envs/learning_scraper/lib/python3.11/site-packages/airflow/example_dags/example_branch_operator_decorator.py for tasks to queue
[2023-08-20T21:19:26.998-0400] {logging_mixin.py:150} INFO - [2023-08-20T21:19:26.998-0400] {dagbag.py:541} INFO - Filling up the DagBag from /home/mnguyen0226/anaconda3/envs/learning_scraper/lib/python3.11/site-packages/airflow/example_dags/example_branch_operator_decorator.py
[2023-08-20T21:19:27.009-0400] {processor.py:836} INFO - DAG(s) dict_keys(['example_branch_python_operator_decorator']) retrieved from /home/mnguyen0226/anaconda3/envs/learning_scraper/lib/python3.11/site-packages/airflow/example_dags/example_branch_operator_decorator.py
[2023-08-20T21:19:27.023-0400] {logging_mixin.py:150} INFO - [2023-08-20T21:19:27.023-0400] {dag.py:2742} INFO - Sync 1 DAGs
[2023-08-20T21:19:27.039-0400] {logging_mixin.py:150} INFO - [2023-08-20T21:19:27.039-0400] {dag.py:3504} INFO - Setting next_dagrun for example_branch_python_operator_decorator to 2023-08-20T00:00:00+00:00, run_after=2023-08-21T00:00:00+00:00
[2023-08-20T21:19:27.062-0400] {processor.py:179} INFO - Processing /home/mnguyen0226/anaconda3/envs/learning_scraper/lib/python3.11/site-packages/airflow/example_dags/example_branch_operator_decorator.py took 0.067 seconds
[2023-08-20T21:20:18.077-0400] {processor.py:157} INFO - Started process (PID=88122) to work on /home/mnguyen0226/anaconda3/envs/learning_scraper/lib/python3.11/site-packages/airflow/example_dags/example_branch_operator_decorator.py
[2023-08-20T21:20:18.078-0400] {processor.py:826} INFO - Processing file /home/mnguyen0226/anaconda3/envs/learning_scraper/lib/python3.11/site-packages/airflow/example_dags/example_branch_operator_decorator.py for tasks to queue
[2023-08-20T21:20:18.079-0400] {logging_mixin.py:150} INFO - [2023-08-20T21:20:18.078-0400] {dagbag.py:541} INFO - Filling up the DagBag from /home/mnguyen0226/anaconda3/envs/learning_scraper/lib/python3.11/site-packages/airflow/example_dags/example_branch_operator_decorator.py
[2023-08-20T21:20:18.096-0400] {processor.py:836} INFO - DAG(s) dict_keys(['example_branch_python_operator_decorator']) retrieved from /home/mnguyen0226/anaconda3/envs/learning_scraper/lib/python3.11/site-packages/airflow/example_dags/example_branch_operator_decorator.py
[2023-08-20T21:20:18.125-0400] {logging_mixin.py:150} INFO - [2023-08-20T21:20:18.125-0400] {dag.py:2742} INFO - Sync 1 DAGs
[2023-08-20T21:20:18.158-0400] {logging_mixin.py:150} INFO - [2023-08-20T21:20:18.158-0400] {dag.py:3504} INFO - Setting next_dagrun for example_branch_python_operator_decorator to 2023-08-20T00:00:00+00:00, run_after=2023-08-21T00:00:00+00:00
[2023-08-20T21:20:18.188-0400] {processor.py:179} INFO - Processing /home/mnguyen0226/anaconda3/envs/learning_scraper/lib/python3.11/site-packages/airflow/example_dags/example_branch_operator_decorator.py took 0.115 seconds
[2023-08-20T21:21:11.043-0400] {processor.py:157} INFO - Started process (PID=88311) to work on /home/mnguyen0226/anaconda3/envs/learning_scraper/lib/python3.11/site-packages/airflow/example_dags/example_branch_operator_decorator.py
[2023-08-20T21:21:11.053-0400] {processor.py:826} INFO - Processing file /home/mnguyen0226/anaconda3/envs/learning_scraper/lib/python3.11/site-packages/airflow/example_dags/example_branch_operator_decorator.py for tasks to queue
[2023-08-20T21:21:11.054-0400] {logging_mixin.py:150} INFO - [2023-08-20T21:21:11.053-0400] {dagbag.py:541} INFO - Filling up the DagBag from /home/mnguyen0226/anaconda3/envs/learning_scraper/lib/python3.11/site-packages/airflow/example_dags/example_branch_operator_decorator.py
[2023-08-20T21:21:11.070-0400] {processor.py:836} INFO - DAG(s) dict_keys(['example_branch_python_operator_decorator']) retrieved from /home/mnguyen0226/anaconda3/envs/learning_scraper/lib/python3.11/site-packages/airflow/example_dags/example_branch_operator_decorator.py
[2023-08-20T21:21:11.096-0400] {logging_mixin.py:150} INFO - [2023-08-20T21:21:11.096-0400] {dag.py:2742} INFO - Sync 1 DAGs
[2023-08-20T21:21:11.113-0400] {logging_mixin.py:150} INFO - [2023-08-20T21:21:11.112-0400] {dag.py:3504} INFO - Setting next_dagrun for example_branch_python_operator_decorator to 2023-08-20T00:00:00+00:00, run_after=2023-08-21T00:00:00+00:00
[2023-08-20T21:21:11.135-0400] {processor.py:179} INFO - Processing /home/mnguyen0226/anaconda3/envs/learning_scraper/lib/python3.11/site-packages/airflow/example_dags/example_branch_operator_decorator.py took 0.096 seconds
