[2023-08-20T21:00:56.968-0400] {processor.py:157} INFO - Started process (PID=80813) to work on /home/mnguyen0226/anaconda3/envs/learning_scraper/lib/python3.11/site-packages/airflow/example_dags/example_dag_decorator.py
[2023-08-20T21:00:56.968-0400] {processor.py:826} INFO - Processing file /home/mnguyen0226/anaconda3/envs/learning_scraper/lib/python3.11/site-packages/airflow/example_dags/example_dag_decorator.py for tasks to queue
[2023-08-20T21:00:56.969-0400] {logging_mixin.py:150} INFO - [2023-08-20T21:00:56.969-0400] {dagbag.py:541} INFO - Filling up the DagBag from /home/mnguyen0226/anaconda3/envs/learning_scraper/lib/python3.11/site-packages/airflow/example_dags/example_dag_decorator.py
[2023-08-20T21:00:56.980-0400] {processor.py:836} INFO - DAG(s) dict_keys(['example_dag_decorator']) retrieved from /home/mnguyen0226/anaconda3/envs/learning_scraper/lib/python3.11/site-packages/airflow/example_dags/example_dag_decorator.py
[2023-08-20T21:00:57.060-0400] {logging_mixin.py:150} INFO - [2023-08-20T21:00:57.059-0400] {dag.py:2742} INFO - Sync 1 DAGs
[2023-08-20T21:00:57.072-0400] {logging_mixin.py:150} INFO - [2023-08-20T21:00:57.072-0400] {dag.py:3504} INFO - Setting next_dagrun for example_dag_decorator to None, run_after=None
[2023-08-20T21:00:57.106-0400] {processor.py:179} INFO - Processing /home/mnguyen0226/anaconda3/envs/learning_scraper/lib/python3.11/site-packages/airflow/example_dags/example_dag_decorator.py took 0.141 seconds
[2023-08-20T21:01:47.768-0400] {processor.py:157} INFO - Started process (PID=81055) to work on /home/mnguyen0226/anaconda3/envs/learning_scraper/lib/python3.11/site-packages/airflow/example_dags/example_dag_decorator.py
[2023-08-20T21:01:47.769-0400] {processor.py:826} INFO - Processing file /home/mnguyen0226/anaconda3/envs/learning_scraper/lib/python3.11/site-packages/airflow/example_dags/example_dag_decorator.py for tasks to queue
[2023-08-20T21:01:47.770-0400] {logging_mixin.py:150} INFO - [2023-08-20T21:01:47.770-0400] {dagbag.py:541} INFO - Filling up the DagBag from /home/mnguyen0226/anaconda3/envs/learning_scraper/lib/python3.11/site-packages/airflow/example_dags/example_dag_decorator.py
[2023-08-20T21:01:47.784-0400] {processor.py:836} INFO - DAG(s) dict_keys(['example_dag_decorator']) retrieved from /home/mnguyen0226/anaconda3/envs/learning_scraper/lib/python3.11/site-packages/airflow/example_dags/example_dag_decorator.py
[2023-08-20T21:01:47.865-0400] {logging_mixin.py:150} INFO - [2023-08-20T21:01:47.865-0400] {dag.py:2742} INFO - Sync 1 DAGs
[2023-08-20T21:01:47.962-0400] {logging_mixin.py:150} INFO - [2023-08-20T21:01:47.962-0400] {dag.py:3504} INFO - Setting next_dagrun for example_dag_decorator to None, run_after=None
[2023-08-20T21:01:47.991-0400] {processor.py:179} INFO - Processing /home/mnguyen0226/anaconda3/envs/learning_scraper/lib/python3.11/site-packages/airflow/example_dags/example_dag_decorator.py took 0.226 seconds
[2023-08-20T21:03:54.989-0400] {processor.py:157} INFO - Started process (PID=82679) to work on /home/mnguyen0226/anaconda3/envs/learning_scraper/lib/python3.11/site-packages/airflow/example_dags/example_dag_decorator.py
[2023-08-20T21:03:54.999-0400] {processor.py:826} INFO - Processing file /home/mnguyen0226/anaconda3/envs/learning_scraper/lib/python3.11/site-packages/airflow/example_dags/example_dag_decorator.py for tasks to queue
[2023-08-20T21:03:55.000-0400] {logging_mixin.py:150} INFO - [2023-08-20T21:03:54.999-0400] {dagbag.py:541} INFO - Filling up the DagBag from /home/mnguyen0226/anaconda3/envs/learning_scraper/lib/python3.11/site-packages/airflow/example_dags/example_dag_decorator.py
[2023-08-20T21:03:55.022-0400] {processor.py:836} INFO - DAG(s) dict_keys(['example_dag_decorator']) retrieved from /home/mnguyen0226/anaconda3/envs/learning_scraper/lib/python3.11/site-packages/airflow/example_dags/example_dag_decorator.py
[2023-08-20T21:03:55.110-0400] {logging_mixin.py:150} INFO - [2023-08-20T21:03:55.110-0400] {dag.py:2742} INFO - Sync 1 DAGs
[2023-08-20T21:03:55.126-0400] {logging_mixin.py:150} INFO - [2023-08-20T21:03:55.126-0400] {dag.py:3504} INFO - Setting next_dagrun for example_dag_decorator to None, run_after=None
[2023-08-20T21:03:55.163-0400] {processor.py:179} INFO - Processing /home/mnguyen0226/anaconda3/envs/learning_scraper/lib/python3.11/site-packages/airflow/example_dags/example_dag_decorator.py took 0.175 seconds
[2023-08-20T21:04:45.643-0400] {processor.py:157} INFO - Started process (PID=83123) to work on /home/mnguyen0226/anaconda3/envs/learning_scraper/lib/python3.11/site-packages/airflow/example_dags/example_dag_decorator.py
[2023-08-20T21:04:45.644-0400] {processor.py:826} INFO - Processing file /home/mnguyen0226/anaconda3/envs/learning_scraper/lib/python3.11/site-packages/airflow/example_dags/example_dag_decorator.py for tasks to queue
[2023-08-20T21:04:45.645-0400] {logging_mixin.py:150} INFO - [2023-08-20T21:04:45.644-0400] {dagbag.py:541} INFO - Filling up the DagBag from /home/mnguyen0226/anaconda3/envs/learning_scraper/lib/python3.11/site-packages/airflow/example_dags/example_dag_decorator.py
[2023-08-20T21:04:45.664-0400] {processor.py:836} INFO - DAG(s) dict_keys(['example_dag_decorator']) retrieved from /home/mnguyen0226/anaconda3/envs/learning_scraper/lib/python3.11/site-packages/airflow/example_dags/example_dag_decorator.py
[2023-08-20T21:04:45.763-0400] {logging_mixin.py:150} INFO - [2023-08-20T21:04:45.763-0400] {dag.py:2742} INFO - Sync 1 DAGs
[2023-08-20T21:04:45.878-0400] {logging_mixin.py:150} INFO - [2023-08-20T21:04:45.878-0400] {dag.py:3504} INFO - Setting next_dagrun for example_dag_decorator to None, run_after=None
[2023-08-20T21:04:45.911-0400] {processor.py:179} INFO - Processing /home/mnguyen0226/anaconda3/envs/learning_scraper/lib/python3.11/site-packages/airflow/example_dags/example_dag_decorator.py took 0.273 seconds
[2023-08-20T21:05:43.777-0400] {processor.py:157} INFO - Started process (PID=83419) to work on /home/mnguyen0226/anaconda3/envs/learning_scraper/lib/python3.11/site-packages/airflow/example_dags/example_dag_decorator.py
[2023-08-20T21:05:43.779-0400] {processor.py:826} INFO - Processing file /home/mnguyen0226/anaconda3/envs/learning_scraper/lib/python3.11/site-packages/airflow/example_dags/example_dag_decorator.py for tasks to queue
[2023-08-20T21:05:43.780-0400] {logging_mixin.py:150} INFO - [2023-08-20T21:05:43.780-0400] {dagbag.py:541} INFO - Filling up the DagBag from /home/mnguyen0226/anaconda3/envs/learning_scraper/lib/python3.11/site-packages/airflow/example_dags/example_dag_decorator.py
[2023-08-20T21:05:43.799-0400] {processor.py:836} INFO - DAG(s) dict_keys(['example_dag_decorator']) retrieved from /home/mnguyen0226/anaconda3/envs/learning_scraper/lib/python3.11/site-packages/airflow/example_dags/example_dag_decorator.py
[2023-08-20T21:05:43.971-0400] {logging_mixin.py:150} INFO - [2023-08-20T21:05:43.971-0400] {dag.py:2742} INFO - Sync 1 DAGs
[2023-08-20T21:05:43.983-0400] {logging_mixin.py:150} INFO - [2023-08-20T21:05:43.983-0400] {dag.py:3504} INFO - Setting next_dagrun for example_dag_decorator to None, run_after=None
[2023-08-20T21:05:44.018-0400] {processor.py:179} INFO - Processing /home/mnguyen0226/anaconda3/envs/learning_scraper/lib/python3.11/site-packages/airflow/example_dags/example_dag_decorator.py took 0.246 seconds
[2023-08-20T21:06:46.730-0400] {processor.py:157} INFO - Started process (PID=83725) to work on /home/mnguyen0226/anaconda3/envs/learning_scraper/lib/python3.11/site-packages/airflow/example_dags/example_dag_decorator.py
[2023-08-20T21:06:46.739-0400] {processor.py:826} INFO - Processing file /home/mnguyen0226/anaconda3/envs/learning_scraper/lib/python3.11/site-packages/airflow/example_dags/example_dag_decorator.py for tasks to queue
[2023-08-20T21:06:46.742-0400] {logging_mixin.py:150} INFO - [2023-08-20T21:06:46.741-0400] {dagbag.py:541} INFO - Filling up the DagBag from /home/mnguyen0226/anaconda3/envs/learning_scraper/lib/python3.11/site-packages/airflow/example_dags/example_dag_decorator.py
[2023-08-20T21:06:46.763-0400] {processor.py:836} INFO - DAG(s) dict_keys(['example_dag_decorator']) retrieved from /home/mnguyen0226/anaconda3/envs/learning_scraper/lib/python3.11/site-packages/airflow/example_dags/example_dag_decorator.py
[2023-08-20T21:06:46.953-0400] {logging_mixin.py:150} INFO - [2023-08-20T21:06:46.953-0400] {dag.py:2742} INFO - Sync 1 DAGs
[2023-08-20T21:06:46.967-0400] {logging_mixin.py:150} INFO - [2023-08-20T21:06:46.967-0400] {dag.py:3504} INFO - Setting next_dagrun for example_dag_decorator to None, run_after=None
[2023-08-20T21:06:47.002-0400] {processor.py:179} INFO - Processing /home/mnguyen0226/anaconda3/envs/learning_scraper/lib/python3.11/site-packages/airflow/example_dags/example_dag_decorator.py took 0.276 seconds
[2023-08-20T21:07:51.240-0400] {processor.py:157} INFO - Started process (PID=83988) to work on /home/mnguyen0226/anaconda3/envs/learning_scraper/lib/python3.11/site-packages/airflow/example_dags/example_dag_decorator.py
[2023-08-20T21:07:51.250-0400] {processor.py:826} INFO - Processing file /home/mnguyen0226/anaconda3/envs/learning_scraper/lib/python3.11/site-packages/airflow/example_dags/example_dag_decorator.py for tasks to queue
[2023-08-20T21:07:51.251-0400] {logging_mixin.py:150} INFO - [2023-08-20T21:07:51.251-0400] {dagbag.py:541} INFO - Filling up the DagBag from /home/mnguyen0226/anaconda3/envs/learning_scraper/lib/python3.11/site-packages/airflow/example_dags/example_dag_decorator.py
[2023-08-20T21:07:51.270-0400] {processor.py:836} INFO - DAG(s) dict_keys(['example_dag_decorator']) retrieved from /home/mnguyen0226/anaconda3/envs/learning_scraper/lib/python3.11/site-packages/airflow/example_dags/example_dag_decorator.py
[2023-08-20T21:07:51.359-0400] {logging_mixin.py:150} INFO - [2023-08-20T21:07:51.359-0400] {dag.py:2742} INFO - Sync 1 DAGs
[2023-08-20T21:07:51.373-0400] {logging_mixin.py:150} INFO - [2023-08-20T21:07:51.373-0400] {dag.py:3504} INFO - Setting next_dagrun for example_dag_decorator to None, run_after=None
[2023-08-20T21:07:51.417-0400] {processor.py:179} INFO - Processing /home/mnguyen0226/anaconda3/envs/learning_scraper/lib/python3.11/site-packages/airflow/example_dags/example_dag_decorator.py took 0.182 seconds
[2023-08-20T21:08:45.359-0400] {processor.py:157} INFO - Started process (PID=84209) to work on /home/mnguyen0226/anaconda3/envs/learning_scraper/lib/python3.11/site-packages/airflow/example_dags/example_dag_decorator.py
[2023-08-20T21:08:45.368-0400] {processor.py:826} INFO - Processing file /home/mnguyen0226/anaconda3/envs/learning_scraper/lib/python3.11/site-packages/airflow/example_dags/example_dag_decorator.py for tasks to queue
[2023-08-20T21:08:45.369-0400] {logging_mixin.py:150} INFO - [2023-08-20T21:08:45.369-0400] {dagbag.py:541} INFO - Filling up the DagBag from /home/mnguyen0226/anaconda3/envs/learning_scraper/lib/python3.11/site-packages/airflow/example_dags/example_dag_decorator.py
[2023-08-20T21:08:45.381-0400] {processor.py:836} INFO - DAG(s) dict_keys(['example_dag_decorator']) retrieved from /home/mnguyen0226/anaconda3/envs/learning_scraper/lib/python3.11/site-packages/airflow/example_dags/example_dag_decorator.py
[2023-08-20T21:08:45.488-0400] {logging_mixin.py:150} INFO - [2023-08-20T21:08:45.488-0400] {dag.py:2742} INFO - Sync 1 DAGs
[2023-08-20T21:08:45.512-0400] {logging_mixin.py:150} INFO - [2023-08-20T21:08:45.511-0400] {dag.py:3504} INFO - Setting next_dagrun for example_dag_decorator to None, run_after=None
[2023-08-20T21:08:45.575-0400] {processor.py:179} INFO - Processing /home/mnguyen0226/anaconda3/envs/learning_scraper/lib/python3.11/site-packages/airflow/example_dags/example_dag_decorator.py took 0.219 seconds
[2023-08-20T21:09:38.297-0400] {processor.py:157} INFO - Started process (PID=84508) to work on /home/mnguyen0226/anaconda3/envs/learning_scraper/lib/python3.11/site-packages/airflow/example_dags/example_dag_decorator.py
[2023-08-20T21:09:38.297-0400] {processor.py:826} INFO - Processing file /home/mnguyen0226/anaconda3/envs/learning_scraper/lib/python3.11/site-packages/airflow/example_dags/example_dag_decorator.py for tasks to queue
[2023-08-20T21:09:38.298-0400] {logging_mixin.py:150} INFO - [2023-08-20T21:09:38.298-0400] {dagbag.py:541} INFO - Filling up the DagBag from /home/mnguyen0226/anaconda3/envs/learning_scraper/lib/python3.11/site-packages/airflow/example_dags/example_dag_decorator.py
[2023-08-20T21:09:38.309-0400] {processor.py:836} INFO - DAG(s) dict_keys(['example_dag_decorator']) retrieved from /home/mnguyen0226/anaconda3/envs/learning_scraper/lib/python3.11/site-packages/airflow/example_dags/example_dag_decorator.py
[2023-08-20T21:09:38.397-0400] {logging_mixin.py:150} INFO - [2023-08-20T21:09:38.397-0400] {dag.py:2742} INFO - Sync 1 DAGs
[2023-08-20T21:09:38.420-0400] {logging_mixin.py:150} INFO - [2023-08-20T21:09:38.420-0400] {dag.py:3504} INFO - Setting next_dagrun for example_dag_decorator to None, run_after=None
[2023-08-20T21:09:38.453-0400] {processor.py:179} INFO - Processing /home/mnguyen0226/anaconda3/envs/learning_scraper/lib/python3.11/site-packages/airflow/example_dags/example_dag_decorator.py took 0.158 seconds
[2023-08-20T21:10:37.566-0400] {processor.py:157} INFO - Started process (PID=84750) to work on /home/mnguyen0226/anaconda3/envs/learning_scraper/lib/python3.11/site-packages/airflow/example_dags/example_dag_decorator.py
[2023-08-20T21:10:37.576-0400] {processor.py:826} INFO - Processing file /home/mnguyen0226/anaconda3/envs/learning_scraper/lib/python3.11/site-packages/airflow/example_dags/example_dag_decorator.py for tasks to queue
[2023-08-20T21:10:37.577-0400] {logging_mixin.py:150} INFO - [2023-08-20T21:10:37.576-0400] {dagbag.py:541} INFO - Filling up the DagBag from /home/mnguyen0226/anaconda3/envs/learning_scraper/lib/python3.11/site-packages/airflow/example_dags/example_dag_decorator.py
[2023-08-20T21:10:37.591-0400] {processor.py:836} INFO - DAG(s) dict_keys(['example_dag_decorator']) retrieved from /home/mnguyen0226/anaconda3/envs/learning_scraper/lib/python3.11/site-packages/airflow/example_dags/example_dag_decorator.py
[2023-08-20T21:10:37.664-0400] {logging_mixin.py:150} INFO - [2023-08-20T21:10:37.664-0400] {dag.py:2742} INFO - Sync 1 DAGs
[2023-08-20T21:10:37.679-0400] {logging_mixin.py:150} INFO - [2023-08-20T21:10:37.678-0400] {dag.py:3504} INFO - Setting next_dagrun for example_dag_decorator to None, run_after=None
[2023-08-20T21:10:37.713-0400] {processor.py:179} INFO - Processing /home/mnguyen0226/anaconda3/envs/learning_scraper/lib/python3.11/site-packages/airflow/example_dags/example_dag_decorator.py took 0.149 seconds
[2023-08-20T21:11:31.540-0400] {processor.py:157} INFO - Started process (PID=85037) to work on /home/mnguyen0226/anaconda3/envs/learning_scraper/lib/python3.11/site-packages/airflow/example_dags/example_dag_decorator.py
[2023-08-20T21:11:31.541-0400] {processor.py:826} INFO - Processing file /home/mnguyen0226/anaconda3/envs/learning_scraper/lib/python3.11/site-packages/airflow/example_dags/example_dag_decorator.py for tasks to queue
[2023-08-20T21:11:31.543-0400] {logging_mixin.py:150} INFO - [2023-08-20T21:11:31.542-0400] {dagbag.py:541} INFO - Filling up the DagBag from /home/mnguyen0226/anaconda3/envs/learning_scraper/lib/python3.11/site-packages/airflow/example_dags/example_dag_decorator.py
[2023-08-20T21:11:31.561-0400] {processor.py:836} INFO - DAG(s) dict_keys(['example_dag_decorator']) retrieved from /home/mnguyen0226/anaconda3/envs/learning_scraper/lib/python3.11/site-packages/airflow/example_dags/example_dag_decorator.py
[2023-08-20T21:11:31.644-0400] {logging_mixin.py:150} INFO - [2023-08-20T21:11:31.644-0400] {dag.py:2742} INFO - Sync 1 DAGs
[2023-08-20T21:11:31.658-0400] {logging_mixin.py:150} INFO - [2023-08-20T21:11:31.658-0400] {dag.py:3504} INFO - Setting next_dagrun for example_dag_decorator to None, run_after=None
[2023-08-20T21:11:31.691-0400] {processor.py:179} INFO - Processing /home/mnguyen0226/anaconda3/envs/learning_scraper/lib/python3.11/site-packages/airflow/example_dags/example_dag_decorator.py took 0.156 seconds
[2023-08-20T21:12:24.070-0400] {processor.py:157} INFO - Started process (PID=85208) to work on /home/mnguyen0226/anaconda3/envs/learning_scraper/lib/python3.11/site-packages/airflow/example_dags/example_dag_decorator.py
[2023-08-20T21:12:24.071-0400] {processor.py:826} INFO - Processing file /home/mnguyen0226/anaconda3/envs/learning_scraper/lib/python3.11/site-packages/airflow/example_dags/example_dag_decorator.py for tasks to queue
[2023-08-20T21:12:24.072-0400] {logging_mixin.py:150} INFO - [2023-08-20T21:12:24.072-0400] {dagbag.py:541} INFO - Filling up the DagBag from /home/mnguyen0226/anaconda3/envs/learning_scraper/lib/python3.11/site-packages/airflow/example_dags/example_dag_decorator.py
[2023-08-20T21:12:24.090-0400] {processor.py:836} INFO - DAG(s) dict_keys(['example_dag_decorator']) retrieved from /home/mnguyen0226/anaconda3/envs/learning_scraper/lib/python3.11/site-packages/airflow/example_dags/example_dag_decorator.py
[2023-08-20T21:12:24.168-0400] {logging_mixin.py:150} INFO - [2023-08-20T21:12:24.167-0400] {dag.py:2742} INFO - Sync 1 DAGs
[2023-08-20T21:12:24.180-0400] {logging_mixin.py:150} INFO - [2023-08-20T21:12:24.180-0400] {dag.py:3504} INFO - Setting next_dagrun for example_dag_decorator to None, run_after=None
[2023-08-20T21:12:24.206-0400] {processor.py:179} INFO - Processing /home/mnguyen0226/anaconda3/envs/learning_scraper/lib/python3.11/site-packages/airflow/example_dags/example_dag_decorator.py took 0.140 seconds
[2023-08-20T21:13:21.245-0400] {processor.py:157} INFO - Started process (PID=85874) to work on /home/mnguyen0226/anaconda3/envs/learning_scraper/lib/python3.11/site-packages/airflow/example_dags/example_dag_decorator.py
[2023-08-20T21:13:21.246-0400] {processor.py:826} INFO - Processing file /home/mnguyen0226/anaconda3/envs/learning_scraper/lib/python3.11/site-packages/airflow/example_dags/example_dag_decorator.py for tasks to queue
[2023-08-20T21:13:21.248-0400] {logging_mixin.py:150} INFO - [2023-08-20T21:13:21.247-0400] {dagbag.py:541} INFO - Filling up the DagBag from /home/mnguyen0226/anaconda3/envs/learning_scraper/lib/python3.11/site-packages/airflow/example_dags/example_dag_decorator.py
[2023-08-20T21:13:21.266-0400] {processor.py:836} INFO - DAG(s) dict_keys(['example_dag_decorator']) retrieved from /home/mnguyen0226/anaconda3/envs/learning_scraper/lib/python3.11/site-packages/airflow/example_dags/example_dag_decorator.py
[2023-08-20T21:13:21.354-0400] {logging_mixin.py:150} INFO - [2023-08-20T21:13:21.353-0400] {dag.py:2742} INFO - Sync 1 DAGs
[2023-08-20T21:13:21.366-0400] {logging_mixin.py:150} INFO - [2023-08-20T21:13:21.366-0400] {dag.py:3504} INFO - Setting next_dagrun for example_dag_decorator to None, run_after=None
[2023-08-20T21:13:21.388-0400] {processor.py:179} INFO - Processing /home/mnguyen0226/anaconda3/envs/learning_scraper/lib/python3.11/site-packages/airflow/example_dags/example_dag_decorator.py took 0.147 seconds
[2023-08-20T21:14:18.677-0400] {processor.py:157} INFO - Started process (PID=86134) to work on /home/mnguyen0226/anaconda3/envs/learning_scraper/lib/python3.11/site-packages/airflow/example_dags/example_dag_decorator.py
[2023-08-20T21:14:18.678-0400] {processor.py:826} INFO - Processing file /home/mnguyen0226/anaconda3/envs/learning_scraper/lib/python3.11/site-packages/airflow/example_dags/example_dag_decorator.py for tasks to queue
[2023-08-20T21:14:18.678-0400] {logging_mixin.py:150} INFO - [2023-08-20T21:14:18.678-0400] {dagbag.py:541} INFO - Filling up the DagBag from /home/mnguyen0226/anaconda3/envs/learning_scraper/lib/python3.11/site-packages/airflow/example_dags/example_dag_decorator.py
[2023-08-20T21:14:18.687-0400] {processor.py:836} INFO - DAG(s) dict_keys(['example_dag_decorator']) retrieved from /home/mnguyen0226/anaconda3/envs/learning_scraper/lib/python3.11/site-packages/airflow/example_dags/example_dag_decorator.py
[2023-08-20T21:14:18.773-0400] {logging_mixin.py:150} INFO - [2023-08-20T21:14:18.773-0400] {dag.py:2742} INFO - Sync 1 DAGs
[2023-08-20T21:14:18.788-0400] {logging_mixin.py:150} INFO - [2023-08-20T21:14:18.788-0400] {dag.py:3504} INFO - Setting next_dagrun for example_dag_decorator to None, run_after=None
[2023-08-20T21:14:18.820-0400] {processor.py:179} INFO - Processing /home/mnguyen0226/anaconda3/envs/learning_scraper/lib/python3.11/site-packages/airflow/example_dags/example_dag_decorator.py took 0.145 seconds
[2023-08-20T21:15:15.801-0400] {processor.py:157} INFO - Started process (PID=86362) to work on /home/mnguyen0226/anaconda3/envs/learning_scraper/lib/python3.11/site-packages/airflow/example_dags/example_dag_decorator.py
[2023-08-20T21:15:15.810-0400] {processor.py:826} INFO - Processing file /home/mnguyen0226/anaconda3/envs/learning_scraper/lib/python3.11/site-packages/airflow/example_dags/example_dag_decorator.py for tasks to queue
[2023-08-20T21:15:15.812-0400] {logging_mixin.py:150} INFO - [2023-08-20T21:15:15.811-0400] {dagbag.py:541} INFO - Filling up the DagBag from /home/mnguyen0226/anaconda3/envs/learning_scraper/lib/python3.11/site-packages/airflow/example_dags/example_dag_decorator.py
[2023-08-20T21:15:15.830-0400] {processor.py:836} INFO - DAG(s) dict_keys(['example_dag_decorator']) retrieved from /home/mnguyen0226/anaconda3/envs/learning_scraper/lib/python3.11/site-packages/airflow/example_dags/example_dag_decorator.py
[2023-08-20T21:15:15.946-0400] {logging_mixin.py:150} INFO - [2023-08-20T21:15:15.946-0400] {dag.py:2742} INFO - Sync 1 DAGs
[2023-08-20T21:15:15.958-0400] {logging_mixin.py:150} INFO - [2023-08-20T21:15:15.958-0400] {dag.py:3504} INFO - Setting next_dagrun for example_dag_decorator to None, run_after=None
[2023-08-20T21:15:15.989-0400] {processor.py:179} INFO - Processing /home/mnguyen0226/anaconda3/envs/learning_scraper/lib/python3.11/site-packages/airflow/example_dags/example_dag_decorator.py took 0.192 seconds
[2023-08-20T21:16:06.100-0400] {processor.py:157} INFO - Started process (PID=86501) to work on /home/mnguyen0226/anaconda3/envs/learning_scraper/lib/python3.11/site-packages/airflow/example_dags/example_dag_decorator.py
[2023-08-20T21:16:06.101-0400] {processor.py:826} INFO - Processing file /home/mnguyen0226/anaconda3/envs/learning_scraper/lib/python3.11/site-packages/airflow/example_dags/example_dag_decorator.py for tasks to queue
[2023-08-20T21:16:06.102-0400] {logging_mixin.py:150} INFO - [2023-08-20T21:16:06.102-0400] {dagbag.py:541} INFO - Filling up the DagBag from /home/mnguyen0226/anaconda3/envs/learning_scraper/lib/python3.11/site-packages/airflow/example_dags/example_dag_decorator.py
[2023-08-20T21:16:06.121-0400] {processor.py:836} INFO - DAG(s) dict_keys(['example_dag_decorator']) retrieved from /home/mnguyen0226/anaconda3/envs/learning_scraper/lib/python3.11/site-packages/airflow/example_dags/example_dag_decorator.py
[2023-08-20T21:16:06.233-0400] {logging_mixin.py:150} INFO - [2023-08-20T21:16:06.232-0400] {dag.py:2742} INFO - Sync 1 DAGs
[2023-08-20T21:16:06.248-0400] {logging_mixin.py:150} INFO - [2023-08-20T21:16:06.248-0400] {dag.py:3504} INFO - Setting next_dagrun for example_dag_decorator to None, run_after=None
[2023-08-20T21:16:06.284-0400] {processor.py:179} INFO - Processing /home/mnguyen0226/anaconda3/envs/learning_scraper/lib/python3.11/site-packages/airflow/example_dags/example_dag_decorator.py took 0.189 seconds
[2023-08-20T21:17:01.754-0400] {processor.py:157} INFO - Started process (PID=86934) to work on /home/mnguyen0226/anaconda3/envs/learning_scraper/lib/python3.11/site-packages/airflow/example_dags/example_dag_decorator.py
[2023-08-20T21:17:01.764-0400] {processor.py:826} INFO - Processing file /home/mnguyen0226/anaconda3/envs/learning_scraper/lib/python3.11/site-packages/airflow/example_dags/example_dag_decorator.py for tasks to queue
[2023-08-20T21:17:01.765-0400] {logging_mixin.py:150} INFO - [2023-08-20T21:17:01.765-0400] {dagbag.py:541} INFO - Filling up the DagBag from /home/mnguyen0226/anaconda3/envs/learning_scraper/lib/python3.11/site-packages/airflow/example_dags/example_dag_decorator.py
[2023-08-20T21:17:01.784-0400] {processor.py:836} INFO - DAG(s) dict_keys(['example_dag_decorator']) retrieved from /home/mnguyen0226/anaconda3/envs/learning_scraper/lib/python3.11/site-packages/airflow/example_dags/example_dag_decorator.py
[2023-08-20T21:17:01.905-0400] {logging_mixin.py:150} INFO - [2023-08-20T21:17:01.905-0400] {dag.py:2742} INFO - Sync 1 DAGs
[2023-08-20T21:17:01.920-0400] {logging_mixin.py:150} INFO - [2023-08-20T21:17:01.920-0400] {dag.py:3504} INFO - Setting next_dagrun for example_dag_decorator to None, run_after=None
[2023-08-20T21:17:01.949-0400] {processor.py:179} INFO - Processing /home/mnguyen0226/anaconda3/envs/learning_scraper/lib/python3.11/site-packages/airflow/example_dags/example_dag_decorator.py took 0.199 seconds
[2023-08-20T21:17:55.153-0400] {processor.py:157} INFO - Started process (PID=87214) to work on /home/mnguyen0226/anaconda3/envs/learning_scraper/lib/python3.11/site-packages/airflow/example_dags/example_dag_decorator.py
[2023-08-20T21:17:55.153-0400] {processor.py:826} INFO - Processing file /home/mnguyen0226/anaconda3/envs/learning_scraper/lib/python3.11/site-packages/airflow/example_dags/example_dag_decorator.py for tasks to queue
[2023-08-20T21:17:55.154-0400] {logging_mixin.py:150} INFO - [2023-08-20T21:17:55.154-0400] {dagbag.py:541} INFO - Filling up the DagBag from /home/mnguyen0226/anaconda3/envs/learning_scraper/lib/python3.11/site-packages/airflow/example_dags/example_dag_decorator.py
[2023-08-20T21:17:55.165-0400] {processor.py:836} INFO - DAG(s) dict_keys(['example_dag_decorator']) retrieved from /home/mnguyen0226/anaconda3/envs/learning_scraper/lib/python3.11/site-packages/airflow/example_dags/example_dag_decorator.py
[2023-08-20T21:17:55.252-0400] {logging_mixin.py:150} INFO - [2023-08-20T21:17:55.251-0400] {dag.py:2742} INFO - Sync 1 DAGs
[2023-08-20T21:17:55.264-0400] {logging_mixin.py:150} INFO - [2023-08-20T21:17:55.263-0400] {dag.py:3504} INFO - Setting next_dagrun for example_dag_decorator to None, run_after=None
[2023-08-20T21:17:55.297-0400] {processor.py:179} INFO - Processing /home/mnguyen0226/anaconda3/envs/learning_scraper/lib/python3.11/site-packages/airflow/example_dags/example_dag_decorator.py took 0.147 seconds
[2023-08-20T21:18:51.036-0400] {processor.py:157} INFO - Started process (PID=87413) to work on /home/mnguyen0226/anaconda3/envs/learning_scraper/lib/python3.11/site-packages/airflow/example_dags/example_dag_decorator.py
[2023-08-20T21:18:51.046-0400] {processor.py:826} INFO - Processing file /home/mnguyen0226/anaconda3/envs/learning_scraper/lib/python3.11/site-packages/airflow/example_dags/example_dag_decorator.py for tasks to queue
[2023-08-20T21:18:51.047-0400] {logging_mixin.py:150} INFO - [2023-08-20T21:18:51.046-0400] {dagbag.py:541} INFO - Filling up the DagBag from /home/mnguyen0226/anaconda3/envs/learning_scraper/lib/python3.11/site-packages/airflow/example_dags/example_dag_decorator.py
[2023-08-20T21:18:51.062-0400] {processor.py:836} INFO - DAG(s) dict_keys(['example_dag_decorator']) retrieved from /home/mnguyen0226/anaconda3/envs/learning_scraper/lib/python3.11/site-packages/airflow/example_dags/example_dag_decorator.py
[2023-08-20T21:18:51.173-0400] {logging_mixin.py:150} INFO - [2023-08-20T21:18:51.172-0400] {dag.py:2742} INFO - Sync 1 DAGs
[2023-08-20T21:18:51.190-0400] {logging_mixin.py:150} INFO - [2023-08-20T21:18:51.189-0400] {dag.py:3504} INFO - Setting next_dagrun for example_dag_decorator to None, run_after=None
[2023-08-20T21:18:51.261-0400] {processor.py:179} INFO - Processing /home/mnguyen0226/anaconda3/envs/learning_scraper/lib/python3.11/site-packages/airflow/example_dags/example_dag_decorator.py took 0.228 seconds
[2023-08-20T21:19:45.436-0400] {processor.py:157} INFO - Started process (PID=87876) to work on /home/mnguyen0226/anaconda3/envs/learning_scraper/lib/python3.11/site-packages/airflow/example_dags/example_dag_decorator.py
[2023-08-20T21:19:45.444-0400] {processor.py:826} INFO - Processing file /home/mnguyen0226/anaconda3/envs/learning_scraper/lib/python3.11/site-packages/airflow/example_dags/example_dag_decorator.py for tasks to queue
[2023-08-20T21:19:45.445-0400] {logging_mixin.py:150} INFO - [2023-08-20T21:19:45.445-0400] {dagbag.py:541} INFO - Filling up the DagBag from /home/mnguyen0226/anaconda3/envs/learning_scraper/lib/python3.11/site-packages/airflow/example_dags/example_dag_decorator.py
[2023-08-20T21:19:45.457-0400] {processor.py:836} INFO - DAG(s) dict_keys(['example_dag_decorator']) retrieved from /home/mnguyen0226/anaconda3/envs/learning_scraper/lib/python3.11/site-packages/airflow/example_dags/example_dag_decorator.py
[2023-08-20T21:19:45.532-0400] {logging_mixin.py:150} INFO - [2023-08-20T21:19:45.532-0400] {dag.py:2742} INFO - Sync 1 DAGs
[2023-08-20T21:19:45.545-0400] {logging_mixin.py:150} INFO - [2023-08-20T21:19:45.544-0400] {dag.py:3504} INFO - Setting next_dagrun for example_dag_decorator to None, run_after=None
[2023-08-20T21:19:45.566-0400] {processor.py:179} INFO - Processing /home/mnguyen0226/anaconda3/envs/learning_scraper/lib/python3.11/site-packages/airflow/example_dags/example_dag_decorator.py took 0.133 seconds
[2023-08-20T21:20:38.350-0400] {processor.py:157} INFO - Started process (PID=88246) to work on /home/mnguyen0226/anaconda3/envs/learning_scraper/lib/python3.11/site-packages/airflow/example_dags/example_dag_decorator.py
[2023-08-20T21:20:38.351-0400] {processor.py:826} INFO - Processing file /home/mnguyen0226/anaconda3/envs/learning_scraper/lib/python3.11/site-packages/airflow/example_dags/example_dag_decorator.py for tasks to queue
[2023-08-20T21:20:38.352-0400] {logging_mixin.py:150} INFO - [2023-08-20T21:20:38.352-0400] {dagbag.py:541} INFO - Filling up the DagBag from /home/mnguyen0226/anaconda3/envs/learning_scraper/lib/python3.11/site-packages/airflow/example_dags/example_dag_decorator.py
[2023-08-20T21:20:38.362-0400] {processor.py:836} INFO - DAG(s) dict_keys(['example_dag_decorator']) retrieved from /home/mnguyen0226/anaconda3/envs/learning_scraper/lib/python3.11/site-packages/airflow/example_dags/example_dag_decorator.py
[2023-08-20T21:20:38.435-0400] {logging_mixin.py:150} INFO - [2023-08-20T21:20:38.435-0400] {dag.py:2742} INFO - Sync 1 DAGs
[2023-08-20T21:20:38.450-0400] {logging_mixin.py:150} INFO - [2023-08-20T21:20:38.449-0400] {dag.py:3504} INFO - Setting next_dagrun for example_dag_decorator to None, run_after=None
[2023-08-20T21:20:38.471-0400] {processor.py:179} INFO - Processing /home/mnguyen0226/anaconda3/envs/learning_scraper/lib/python3.11/site-packages/airflow/example_dags/example_dag_decorator.py took 0.123 seconds
