[2023-08-20T21:00:51.705-0400] {processor.py:157} INFO - Started process (PID=80764) to work on /home/mnguyen0226/anaconda3/envs/learning_scraper/lib/python3.11/site-packages/airflow/example_dags/example_short_circuit_decorator.py
[2023-08-20T21:00:51.705-0400] {processor.py:826} INFO - Processing file /home/mnguyen0226/anaconda3/envs/learning_scraper/lib/python3.11/site-packages/airflow/example_dags/example_short_circuit_decorator.py for tasks to queue
[2023-08-20T21:00:51.706-0400] {logging_mixin.py:150} INFO - [2023-08-20T21:00:51.706-0400] {dagbag.py:541} INFO - Filling up the DagBag from /home/mnguyen0226/anaconda3/envs/learning_scraper/lib/python3.11/site-packages/airflow/example_dags/example_short_circuit_decorator.py
[2023-08-20T21:00:51.715-0400] {processor.py:836} INFO - DAG(s) dict_keys(['example_short_circuit_decorator']) retrieved from /home/mnguyen0226/anaconda3/envs/learning_scraper/lib/python3.11/site-packages/airflow/example_dags/example_short_circuit_decorator.py
[2023-08-20T21:00:51.734-0400] {logging_mixin.py:150} INFO - [2023-08-20T21:00:51.734-0400] {dag.py:2742} INFO - Sync 1 DAGs
[2023-08-20T21:00:51.756-0400] {logging_mixin.py:150} INFO - [2023-08-20T21:00:51.756-0400] {dag.py:3504} INFO - Setting next_dagrun for example_short_circuit_decorator to 2023-08-20T01:00:51.756009+00:00, run_after=2023-08-21T01:00:51.756009+00:00
[2023-08-20T21:00:51.797-0400] {processor.py:179} INFO - Processing /home/mnguyen0226/anaconda3/envs/learning_scraper/lib/python3.11/site-packages/airflow/example_dags/example_short_circuit_decorator.py took 0.095 seconds
[2023-08-20T21:01:42.508-0400] {processor.py:157} INFO - Started process (PID=81012) to work on /home/mnguyen0226/anaconda3/envs/learning_scraper/lib/python3.11/site-packages/airflow/example_dags/example_short_circuit_decorator.py
[2023-08-20T21:01:42.509-0400] {processor.py:826} INFO - Processing file /home/mnguyen0226/anaconda3/envs/learning_scraper/lib/python3.11/site-packages/airflow/example_dags/example_short_circuit_decorator.py for tasks to queue
[2023-08-20T21:01:42.510-0400] {logging_mixin.py:150} INFO - [2023-08-20T21:01:42.509-0400] {dagbag.py:541} INFO - Filling up the DagBag from /home/mnguyen0226/anaconda3/envs/learning_scraper/lib/python3.11/site-packages/airflow/example_dags/example_short_circuit_decorator.py
[2023-08-20T21:01:42.521-0400] {processor.py:836} INFO - DAG(s) dict_keys(['example_short_circuit_decorator']) retrieved from /home/mnguyen0226/anaconda3/envs/learning_scraper/lib/python3.11/site-packages/airflow/example_dags/example_short_circuit_decorator.py
[2023-08-20T21:01:42.545-0400] {logging_mixin.py:150} INFO - [2023-08-20T21:01:42.544-0400] {dag.py:2742} INFO - Sync 1 DAGs
[2023-08-20T21:01:42.571-0400] {logging_mixin.py:150} INFO - [2023-08-20T21:01:42.570-0400] {dag.py:3504} INFO - Setting next_dagrun for example_short_circuit_decorator to 2023-08-20T01:01:42.570234+00:00, run_after=2023-08-21T01:01:42.570234+00:00
[2023-08-20T21:01:42.636-0400] {processor.py:179} INFO - Processing /home/mnguyen0226/anaconda3/envs/learning_scraper/lib/python3.11/site-packages/airflow/example_dags/example_short_circuit_decorator.py took 0.133 seconds
[2023-08-20T21:03:49.756-0400] {processor.py:157} INFO - Started process (PID=82458) to work on /home/mnguyen0226/anaconda3/envs/learning_scraper/lib/python3.11/site-packages/airflow/example_dags/example_short_circuit_decorator.py
[2023-08-20T21:03:49.767-0400] {processor.py:826} INFO - Processing file /home/mnguyen0226/anaconda3/envs/learning_scraper/lib/python3.11/site-packages/airflow/example_dags/example_short_circuit_decorator.py for tasks to queue
[2023-08-20T21:03:49.768-0400] {logging_mixin.py:150} INFO - [2023-08-20T21:03:49.768-0400] {dagbag.py:541} INFO - Filling up the DagBag from /home/mnguyen0226/anaconda3/envs/learning_scraper/lib/python3.11/site-packages/airflow/example_dags/example_short_circuit_decorator.py
[2023-08-20T21:03:49.786-0400] {processor.py:836} INFO - DAG(s) dict_keys(['example_short_circuit_decorator']) retrieved from /home/mnguyen0226/anaconda3/envs/learning_scraper/lib/python3.11/site-packages/airflow/example_dags/example_short_circuit_decorator.py
[2023-08-20T21:03:49.816-0400] {logging_mixin.py:150} INFO - [2023-08-20T21:03:49.816-0400] {dag.py:2742} INFO - Sync 1 DAGs
[2023-08-20T21:03:49.839-0400] {logging_mixin.py:150} INFO - [2023-08-20T21:03:49.838-0400] {dag.py:3504} INFO - Setting next_dagrun for example_short_circuit_decorator to 2023-08-20T01:03:49.838563+00:00, run_after=2023-08-21T01:03:49.838563+00:00
[2023-08-20T21:03:49.872-0400] {processor.py:179} INFO - Processing /home/mnguyen0226/anaconda3/envs/learning_scraper/lib/python3.11/site-packages/airflow/example_dags/example_short_circuit_decorator.py took 0.120 seconds
[2023-08-20T21:04:40.488-0400] {processor.py:157} INFO - Started process (PID=83108) to work on /home/mnguyen0226/anaconda3/envs/learning_scraper/lib/python3.11/site-packages/airflow/example_dags/example_short_circuit_decorator.py
[2023-08-20T21:04:40.489-0400] {processor.py:826} INFO - Processing file /home/mnguyen0226/anaconda3/envs/learning_scraper/lib/python3.11/site-packages/airflow/example_dags/example_short_circuit_decorator.py for tasks to queue
[2023-08-20T21:04:40.490-0400] {logging_mixin.py:150} INFO - [2023-08-20T21:04:40.489-0400] {dagbag.py:541} INFO - Filling up the DagBag from /home/mnguyen0226/anaconda3/envs/learning_scraper/lib/python3.11/site-packages/airflow/example_dags/example_short_circuit_decorator.py
[2023-08-20T21:04:40.503-0400] {processor.py:836} INFO - DAG(s) dict_keys(['example_short_circuit_decorator']) retrieved from /home/mnguyen0226/anaconda3/envs/learning_scraper/lib/python3.11/site-packages/airflow/example_dags/example_short_circuit_decorator.py
[2023-08-20T21:04:40.520-0400] {logging_mixin.py:150} INFO - [2023-08-20T21:04:40.520-0400] {dag.py:2742} INFO - Sync 1 DAGs
[2023-08-20T21:04:40.535-0400] {logging_mixin.py:150} INFO - [2023-08-20T21:04:40.535-0400] {dag.py:3504} INFO - Setting next_dagrun for example_short_circuit_decorator to 2023-08-20T01:04:40.535381+00:00, run_after=2023-08-21T01:04:40.535381+00:00
[2023-08-20T21:04:40.558-0400] {processor.py:179} INFO - Processing /home/mnguyen0226/anaconda3/envs/learning_scraper/lib/python3.11/site-packages/airflow/example_dags/example_short_circuit_decorator.py took 0.076 seconds
[2023-08-20T21:05:38.720-0400] {processor.py:157} INFO - Started process (PID=83392) to work on /home/mnguyen0226/anaconda3/envs/learning_scraper/lib/python3.11/site-packages/airflow/example_dags/example_short_circuit_decorator.py
[2023-08-20T21:05:38.721-0400] {processor.py:826} INFO - Processing file /home/mnguyen0226/anaconda3/envs/learning_scraper/lib/python3.11/site-packages/airflow/example_dags/example_short_circuit_decorator.py for tasks to queue
[2023-08-20T21:05:38.723-0400] {logging_mixin.py:150} INFO - [2023-08-20T21:05:38.722-0400] {dagbag.py:541} INFO - Filling up the DagBag from /home/mnguyen0226/anaconda3/envs/learning_scraper/lib/python3.11/site-packages/airflow/example_dags/example_short_circuit_decorator.py
[2023-08-20T21:05:38.733-0400] {processor.py:836} INFO - DAG(s) dict_keys(['example_short_circuit_decorator']) retrieved from /home/mnguyen0226/anaconda3/envs/learning_scraper/lib/python3.11/site-packages/airflow/example_dags/example_short_circuit_decorator.py
[2023-08-20T21:05:38.755-0400] {logging_mixin.py:150} INFO - [2023-08-20T21:05:38.755-0400] {dag.py:2742} INFO - Sync 1 DAGs
[2023-08-20T21:05:38.773-0400] {logging_mixin.py:150} INFO - [2023-08-20T21:05:38.773-0400] {dag.py:3504} INFO - Setting next_dagrun for example_short_circuit_decorator to 2023-08-20T01:05:38.773180+00:00, run_after=2023-08-21T01:05:38.773180+00:00
[2023-08-20T21:05:38.800-0400] {processor.py:179} INFO - Processing /home/mnguyen0226/anaconda3/envs/learning_scraper/lib/python3.11/site-packages/airflow/example_dags/example_short_circuit_decorator.py took 0.083 seconds
[2023-08-20T21:06:40.256-0400] {processor.py:157} INFO - Started process (PID=83684) to work on /home/mnguyen0226/anaconda3/envs/learning_scraper/lib/python3.11/site-packages/airflow/example_dags/example_short_circuit_decorator.py
[2023-08-20T21:06:40.265-0400] {processor.py:826} INFO - Processing file /home/mnguyen0226/anaconda3/envs/learning_scraper/lib/python3.11/site-packages/airflow/example_dags/example_short_circuit_decorator.py for tasks to queue
[2023-08-20T21:06:40.266-0400] {logging_mixin.py:150} INFO - [2023-08-20T21:06:40.266-0400] {dagbag.py:541} INFO - Filling up the DagBag from /home/mnguyen0226/anaconda3/envs/learning_scraper/lib/python3.11/site-packages/airflow/example_dags/example_short_circuit_decorator.py
[2023-08-20T21:06:40.277-0400] {processor.py:836} INFO - DAG(s) dict_keys(['example_short_circuit_decorator']) retrieved from /home/mnguyen0226/anaconda3/envs/learning_scraper/lib/python3.11/site-packages/airflow/example_dags/example_short_circuit_decorator.py
[2023-08-20T21:06:40.301-0400] {logging_mixin.py:150} INFO - [2023-08-20T21:06:40.300-0400] {dag.py:2742} INFO - Sync 1 DAGs
[2023-08-20T21:06:40.325-0400] {logging_mixin.py:150} INFO - [2023-08-20T21:06:40.325-0400] {dag.py:3504} INFO - Setting next_dagrun for example_short_circuit_decorator to 2023-08-20T01:06:40.324736+00:00, run_after=2023-08-21T01:06:40.324736+00:00
[2023-08-20T21:06:40.526-0400] {processor.py:179} INFO - Processing /home/mnguyen0226/anaconda3/envs/learning_scraper/lib/python3.11/site-packages/airflow/example_dags/example_short_circuit_decorator.py took 0.273 seconds
[2023-08-20T21:07:46.060-0400] {processor.py:157} INFO - Started process (PID=83962) to work on /home/mnguyen0226/anaconda3/envs/learning_scraper/lib/python3.11/site-packages/airflow/example_dags/example_short_circuit_decorator.py
[2023-08-20T21:07:46.069-0400] {processor.py:826} INFO - Processing file /home/mnguyen0226/anaconda3/envs/learning_scraper/lib/python3.11/site-packages/airflow/example_dags/example_short_circuit_decorator.py for tasks to queue
[2023-08-20T21:07:46.071-0400] {logging_mixin.py:150} INFO - [2023-08-20T21:07:46.070-0400] {dagbag.py:541} INFO - Filling up the DagBag from /home/mnguyen0226/anaconda3/envs/learning_scraper/lib/python3.11/site-packages/airflow/example_dags/example_short_circuit_decorator.py
[2023-08-20T21:07:46.085-0400] {processor.py:836} INFO - DAG(s) dict_keys(['example_short_circuit_decorator']) retrieved from /home/mnguyen0226/anaconda3/envs/learning_scraper/lib/python3.11/site-packages/airflow/example_dags/example_short_circuit_decorator.py
[2023-08-20T21:07:46.116-0400] {logging_mixin.py:150} INFO - [2023-08-20T21:07:46.115-0400] {dag.py:2742} INFO - Sync 1 DAGs
[2023-08-20T21:07:46.148-0400] {logging_mixin.py:150} INFO - [2023-08-20T21:07:46.147-0400] {dag.py:3504} INFO - Setting next_dagrun for example_short_circuit_decorator to 2023-08-20T01:07:46.147374+00:00, run_after=2023-08-21T01:07:46.147374+00:00
[2023-08-20T21:07:46.187-0400] {processor.py:179} INFO - Processing /home/mnguyen0226/anaconda3/envs/learning_scraper/lib/python3.11/site-packages/airflow/example_dags/example_short_circuit_decorator.py took 0.131 seconds
[2023-08-20T21:08:40.598-0400] {processor.py:157} INFO - Started process (PID=84187) to work on /home/mnguyen0226/anaconda3/envs/learning_scraper/lib/python3.11/site-packages/airflow/example_dags/example_short_circuit_decorator.py
[2023-08-20T21:08:40.607-0400] {processor.py:826} INFO - Processing file /home/mnguyen0226/anaconda3/envs/learning_scraper/lib/python3.11/site-packages/airflow/example_dags/example_short_circuit_decorator.py for tasks to queue
[2023-08-20T21:08:40.607-0400] {logging_mixin.py:150} INFO - [2023-08-20T21:08:40.607-0400] {dagbag.py:541} INFO - Filling up the DagBag from /home/mnguyen0226/anaconda3/envs/learning_scraper/lib/python3.11/site-packages/airflow/example_dags/example_short_circuit_decorator.py
[2023-08-20T21:08:40.615-0400] {processor.py:836} INFO - DAG(s) dict_keys(['example_short_circuit_decorator']) retrieved from /home/mnguyen0226/anaconda3/envs/learning_scraper/lib/python3.11/site-packages/airflow/example_dags/example_short_circuit_decorator.py
[2023-08-20T21:08:40.635-0400] {logging_mixin.py:150} INFO - [2023-08-20T21:08:40.635-0400] {dag.py:2742} INFO - Sync 1 DAGs
[2023-08-20T21:08:40.657-0400] {logging_mixin.py:150} INFO - [2023-08-20T21:08:40.657-0400] {dag.py:3504} INFO - Setting next_dagrun for example_short_circuit_decorator to 2023-08-20T01:08:40.657368+00:00, run_after=2023-08-21T01:08:40.657368+00:00
[2023-08-20T21:08:40.682-0400] {processor.py:179} INFO - Processing /home/mnguyen0226/anaconda3/envs/learning_scraper/lib/python3.11/site-packages/airflow/example_dags/example_short_circuit_decorator.py took 0.086 seconds
[2023-08-20T21:09:33.037-0400] {processor.py:157} INFO - Started process (PID=84502) to work on /home/mnguyen0226/anaconda3/envs/learning_scraper/lib/python3.11/site-packages/airflow/example_dags/example_short_circuit_decorator.py
[2023-08-20T21:09:33.038-0400] {processor.py:826} INFO - Processing file /home/mnguyen0226/anaconda3/envs/learning_scraper/lib/python3.11/site-packages/airflow/example_dags/example_short_circuit_decorator.py for tasks to queue
[2023-08-20T21:09:33.040-0400] {logging_mixin.py:150} INFO - [2023-08-20T21:09:33.039-0400] {dagbag.py:541} INFO - Filling up the DagBag from /home/mnguyen0226/anaconda3/envs/learning_scraper/lib/python3.11/site-packages/airflow/example_dags/example_short_circuit_decorator.py
[2023-08-20T21:09:33.056-0400] {processor.py:836} INFO - DAG(s) dict_keys(['example_short_circuit_decorator']) retrieved from /home/mnguyen0226/anaconda3/envs/learning_scraper/lib/python3.11/site-packages/airflow/example_dags/example_short_circuit_decorator.py
[2023-08-20T21:09:33.085-0400] {logging_mixin.py:150} INFO - [2023-08-20T21:09:33.085-0400] {dag.py:2742} INFO - Sync 1 DAGs
[2023-08-20T21:09:33.115-0400] {logging_mixin.py:150} INFO - [2023-08-20T21:09:33.115-0400] {dag.py:3504} INFO - Setting next_dagrun for example_short_circuit_decorator to 2023-08-20T01:09:33.114894+00:00, run_after=2023-08-21T01:09:33.114894+00:00
[2023-08-20T21:09:33.150-0400] {processor.py:179} INFO - Processing /home/mnguyen0226/anaconda3/envs/learning_scraper/lib/python3.11/site-packages/airflow/example_dags/example_short_circuit_decorator.py took 0.117 seconds
[2023-08-20T21:10:31.818-0400] {processor.py:157} INFO - Started process (PID=84736) to work on /home/mnguyen0226/anaconda3/envs/learning_scraper/lib/python3.11/site-packages/airflow/example_dags/example_short_circuit_decorator.py
[2023-08-20T21:10:31.827-0400] {processor.py:826} INFO - Processing file /home/mnguyen0226/anaconda3/envs/learning_scraper/lib/python3.11/site-packages/airflow/example_dags/example_short_circuit_decorator.py for tasks to queue
[2023-08-20T21:10:31.828-0400] {logging_mixin.py:150} INFO - [2023-08-20T21:10:31.828-0400] {dagbag.py:541} INFO - Filling up the DagBag from /home/mnguyen0226/anaconda3/envs/learning_scraper/lib/python3.11/site-packages/airflow/example_dags/example_short_circuit_decorator.py
[2023-08-20T21:10:31.843-0400] {processor.py:836} INFO - DAG(s) dict_keys(['example_short_circuit_decorator']) retrieved from /home/mnguyen0226/anaconda3/envs/learning_scraper/lib/python3.11/site-packages/airflow/example_dags/example_short_circuit_decorator.py
[2023-08-20T21:10:31.882-0400] {logging_mixin.py:150} INFO - [2023-08-20T21:10:31.881-0400] {dag.py:2742} INFO - Sync 1 DAGs
[2023-08-20T21:10:31.917-0400] {logging_mixin.py:150} INFO - [2023-08-20T21:10:31.917-0400] {dag.py:3504} INFO - Setting next_dagrun for example_short_circuit_decorator to 2023-08-20T01:10:31.917340+00:00, run_after=2023-08-21T01:10:31.917340+00:00
[2023-08-20T21:10:31.948-0400] {processor.py:179} INFO - Processing /home/mnguyen0226/anaconda3/envs/learning_scraper/lib/python3.11/site-packages/airflow/example_dags/example_short_circuit_decorator.py took 0.133 seconds
[2023-08-20T21:11:27.307-0400] {processor.py:157} INFO - Started process (PID=85031) to work on /home/mnguyen0226/anaconda3/envs/learning_scraper/lib/python3.11/site-packages/airflow/example_dags/example_short_circuit_decorator.py
[2023-08-20T21:11:27.308-0400] {processor.py:826} INFO - Processing file /home/mnguyen0226/anaconda3/envs/learning_scraper/lib/python3.11/site-packages/airflow/example_dags/example_short_circuit_decorator.py for tasks to queue
[2023-08-20T21:11:27.309-0400] {logging_mixin.py:150} INFO - [2023-08-20T21:11:27.308-0400] {dagbag.py:541} INFO - Filling up the DagBag from /home/mnguyen0226/anaconda3/envs/learning_scraper/lib/python3.11/site-packages/airflow/example_dags/example_short_circuit_decorator.py
[2023-08-20T21:11:27.319-0400] {processor.py:836} INFO - DAG(s) dict_keys(['example_short_circuit_decorator']) retrieved from /home/mnguyen0226/anaconda3/envs/learning_scraper/lib/python3.11/site-packages/airflow/example_dags/example_short_circuit_decorator.py
[2023-08-20T21:11:27.339-0400] {logging_mixin.py:150} INFO - [2023-08-20T21:11:27.339-0400] {dag.py:2742} INFO - Sync 1 DAGs
[2023-08-20T21:11:27.357-0400] {logging_mixin.py:150} INFO - [2023-08-20T21:11:27.357-0400] {dag.py:3504} INFO - Setting next_dagrun for example_short_circuit_decorator to 2023-08-20T01:11:27.357150+00:00, run_after=2023-08-21T01:11:27.357150+00:00
[2023-08-20T21:11:27.384-0400] {processor.py:179} INFO - Processing /home/mnguyen0226/anaconda3/envs/learning_scraper/lib/python3.11/site-packages/airflow/example_dags/example_short_circuit_decorator.py took 0.080 seconds
[2023-08-20T21:12:18.148-0400] {processor.py:157} INFO - Started process (PID=85182) to work on /home/mnguyen0226/anaconda3/envs/learning_scraper/lib/python3.11/site-packages/airflow/example_dags/example_short_circuit_decorator.py
[2023-08-20T21:12:18.149-0400] {processor.py:826} INFO - Processing file /home/mnguyen0226/anaconda3/envs/learning_scraper/lib/python3.11/site-packages/airflow/example_dags/example_short_circuit_decorator.py for tasks to queue
[2023-08-20T21:12:18.150-0400] {logging_mixin.py:150} INFO - [2023-08-20T21:12:18.150-0400] {dagbag.py:541} INFO - Filling up the DagBag from /home/mnguyen0226/anaconda3/envs/learning_scraper/lib/python3.11/site-packages/airflow/example_dags/example_short_circuit_decorator.py
[2023-08-20T21:12:18.164-0400] {processor.py:836} INFO - DAG(s) dict_keys(['example_short_circuit_decorator']) retrieved from /home/mnguyen0226/anaconda3/envs/learning_scraper/lib/python3.11/site-packages/airflow/example_dags/example_short_circuit_decorator.py
[2023-08-20T21:12:18.186-0400] {logging_mixin.py:150} INFO - [2023-08-20T21:12:18.186-0400] {dag.py:2742} INFO - Sync 1 DAGs
[2023-08-20T21:12:18.202-0400] {logging_mixin.py:150} INFO - [2023-08-20T21:12:18.202-0400] {dag.py:3504} INFO - Setting next_dagrun for example_short_circuit_decorator to 2023-08-20T01:12:18.202037+00:00, run_after=2023-08-21T01:12:18.202037+00:00
[2023-08-20T21:12:18.227-0400] {processor.py:179} INFO - Processing /home/mnguyen0226/anaconda3/envs/learning_scraper/lib/python3.11/site-packages/airflow/example_dags/example_short_circuit_decorator.py took 0.083 seconds
[2023-08-20T21:13:15.481-0400] {processor.py:157} INFO - Started process (PID=85869) to work on /home/mnguyen0226/anaconda3/envs/learning_scraper/lib/python3.11/site-packages/airflow/example_dags/example_short_circuit_decorator.py
[2023-08-20T21:13:15.490-0400] {processor.py:826} INFO - Processing file /home/mnguyen0226/anaconda3/envs/learning_scraper/lib/python3.11/site-packages/airflow/example_dags/example_short_circuit_decorator.py for tasks to queue
[2023-08-20T21:13:15.492-0400] {logging_mixin.py:150} INFO - [2023-08-20T21:13:15.491-0400] {dagbag.py:541} INFO - Filling up the DagBag from /home/mnguyen0226/anaconda3/envs/learning_scraper/lib/python3.11/site-packages/airflow/example_dags/example_short_circuit_decorator.py
[2023-08-20T21:13:15.507-0400] {processor.py:836} INFO - DAG(s) dict_keys(['example_short_circuit_decorator']) retrieved from /home/mnguyen0226/anaconda3/envs/learning_scraper/lib/python3.11/site-packages/airflow/example_dags/example_short_circuit_decorator.py
[2023-08-20T21:13:15.536-0400] {logging_mixin.py:150} INFO - [2023-08-20T21:13:15.535-0400] {dag.py:2742} INFO - Sync 1 DAGs
[2023-08-20T21:13:15.558-0400] {logging_mixin.py:150} INFO - [2023-08-20T21:13:15.558-0400] {dag.py:3504} INFO - Setting next_dagrun for example_short_circuit_decorator to 2023-08-20T01:13:15.558142+00:00, run_after=2023-08-21T01:13:15.558142+00:00
[2023-08-20T21:13:15.588-0400] {processor.py:179} INFO - Processing /home/mnguyen0226/anaconda3/envs/learning_scraper/lib/python3.11/site-packages/airflow/example_dags/example_short_circuit_decorator.py took 0.112 seconds
[2023-08-20T21:14:14.688-0400] {processor.py:157} INFO - Started process (PID=86108) to work on /home/mnguyen0226/anaconda3/envs/learning_scraper/lib/python3.11/site-packages/airflow/example_dags/example_short_circuit_decorator.py
[2023-08-20T21:14:14.688-0400] {processor.py:826} INFO - Processing file /home/mnguyen0226/anaconda3/envs/learning_scraper/lib/python3.11/site-packages/airflow/example_dags/example_short_circuit_decorator.py for tasks to queue
[2023-08-20T21:14:14.689-0400] {logging_mixin.py:150} INFO - [2023-08-20T21:14:14.689-0400] {dagbag.py:541} INFO - Filling up the DagBag from /home/mnguyen0226/anaconda3/envs/learning_scraper/lib/python3.11/site-packages/airflow/example_dags/example_short_circuit_decorator.py
[2023-08-20T21:14:14.698-0400] {processor.py:836} INFO - DAG(s) dict_keys(['example_short_circuit_decorator']) retrieved from /home/mnguyen0226/anaconda3/envs/learning_scraper/lib/python3.11/site-packages/airflow/example_dags/example_short_circuit_decorator.py
[2023-08-20T21:14:14.715-0400] {logging_mixin.py:150} INFO - [2023-08-20T21:14:14.715-0400] {dag.py:2742} INFO - Sync 1 DAGs
[2023-08-20T21:14:14.737-0400] {logging_mixin.py:150} INFO - [2023-08-20T21:14:14.736-0400] {dag.py:3504} INFO - Setting next_dagrun for example_short_circuit_decorator to 2023-08-20T01:14:14.736767+00:00, run_after=2023-08-21T01:14:14.736767+00:00
[2023-08-20T21:14:14.762-0400] {processor.py:179} INFO - Processing /home/mnguyen0226/anaconda3/envs/learning_scraper/lib/python3.11/site-packages/airflow/example_dags/example_short_circuit_decorator.py took 0.077 seconds
[2023-08-20T21:15:10.530-0400] {processor.py:157} INFO - Started process (PID=86334) to work on /home/mnguyen0226/anaconda3/envs/learning_scraper/lib/python3.11/site-packages/airflow/example_dags/example_short_circuit_decorator.py
[2023-08-20T21:15:10.540-0400] {processor.py:826} INFO - Processing file /home/mnguyen0226/anaconda3/envs/learning_scraper/lib/python3.11/site-packages/airflow/example_dags/example_short_circuit_decorator.py for tasks to queue
[2023-08-20T21:15:10.541-0400] {logging_mixin.py:150} INFO - [2023-08-20T21:15:10.540-0400] {dagbag.py:541} INFO - Filling up the DagBag from /home/mnguyen0226/anaconda3/envs/learning_scraper/lib/python3.11/site-packages/airflow/example_dags/example_short_circuit_decorator.py
[2023-08-20T21:15:10.558-0400] {processor.py:836} INFO - DAG(s) dict_keys(['example_short_circuit_decorator']) retrieved from /home/mnguyen0226/anaconda3/envs/learning_scraper/lib/python3.11/site-packages/airflow/example_dags/example_short_circuit_decorator.py
[2023-08-20T21:15:10.584-0400] {logging_mixin.py:150} INFO - [2023-08-20T21:15:10.584-0400] {dag.py:2742} INFO - Sync 1 DAGs
[2023-08-20T21:15:10.603-0400] {logging_mixin.py:150} INFO - [2023-08-20T21:15:10.603-0400] {dag.py:3504} INFO - Setting next_dagrun for example_short_circuit_decorator to 2023-08-20T01:15:10.603281+00:00, run_after=2023-08-21T01:15:10.603281+00:00
[2023-08-20T21:15:10.632-0400] {processor.py:179} INFO - Processing /home/mnguyen0226/anaconda3/envs/learning_scraper/lib/python3.11/site-packages/airflow/example_dags/example_short_circuit_decorator.py took 0.106 seconds
[2023-08-20T21:16:00.965-0400] {processor.py:157} INFO - Started process (PID=86484) to work on /home/mnguyen0226/anaconda3/envs/learning_scraper/lib/python3.11/site-packages/airflow/example_dags/example_short_circuit_decorator.py
[2023-08-20T21:16:00.966-0400] {processor.py:826} INFO - Processing file /home/mnguyen0226/anaconda3/envs/learning_scraper/lib/python3.11/site-packages/airflow/example_dags/example_short_circuit_decorator.py for tasks to queue
[2023-08-20T21:16:00.967-0400] {logging_mixin.py:150} INFO - [2023-08-20T21:16:00.967-0400] {dagbag.py:541} INFO - Filling up the DagBag from /home/mnguyen0226/anaconda3/envs/learning_scraper/lib/python3.11/site-packages/airflow/example_dags/example_short_circuit_decorator.py
[2023-08-20T21:16:00.981-0400] {processor.py:836} INFO - DAG(s) dict_keys(['example_short_circuit_decorator']) retrieved from /home/mnguyen0226/anaconda3/envs/learning_scraper/lib/python3.11/site-packages/airflow/example_dags/example_short_circuit_decorator.py
[2023-08-20T21:16:00.999-0400] {logging_mixin.py:150} INFO - [2023-08-20T21:16:00.999-0400] {dag.py:2742} INFO - Sync 1 DAGs
[2023-08-20T21:16:01.015-0400] {logging_mixin.py:150} INFO - [2023-08-20T21:16:01.015-0400] {dag.py:3504} INFO - Setting next_dagrun for example_short_circuit_decorator to 2023-08-20T01:16:01.015036+00:00, run_after=2023-08-21T01:16:01.015036+00:00
[2023-08-20T21:16:01.040-0400] {processor.py:179} INFO - Processing /home/mnguyen0226/anaconda3/envs/learning_scraper/lib/python3.11/site-packages/airflow/example_dags/example_short_circuit_decorator.py took 0.079 seconds
[2023-08-20T21:16:56.370-0400] {processor.py:157} INFO - Started process (PID=86898) to work on /home/mnguyen0226/anaconda3/envs/learning_scraper/lib/python3.11/site-packages/airflow/example_dags/example_short_circuit_decorator.py
[2023-08-20T21:16:56.381-0400] {processor.py:826} INFO - Processing file /home/mnguyen0226/anaconda3/envs/learning_scraper/lib/python3.11/site-packages/airflow/example_dags/example_short_circuit_decorator.py for tasks to queue
[2023-08-20T21:16:56.383-0400] {logging_mixin.py:150} INFO - [2023-08-20T21:16:56.383-0400] {dagbag.py:541} INFO - Filling up the DagBag from /home/mnguyen0226/anaconda3/envs/learning_scraper/lib/python3.11/site-packages/airflow/example_dags/example_short_circuit_decorator.py
[2023-08-20T21:16:56.405-0400] {processor.py:836} INFO - DAG(s) dict_keys(['example_short_circuit_decorator']) retrieved from /home/mnguyen0226/anaconda3/envs/learning_scraper/lib/python3.11/site-packages/airflow/example_dags/example_short_circuit_decorator.py
[2023-08-20T21:16:56.447-0400] {logging_mixin.py:150} INFO - [2023-08-20T21:16:56.446-0400] {dag.py:2742} INFO - Sync 1 DAGs
[2023-08-20T21:16:56.477-0400] {logging_mixin.py:150} INFO - [2023-08-20T21:16:56.476-0400] {dag.py:3504} INFO - Setting next_dagrun for example_short_circuit_decorator to 2023-08-20T01:16:56.476770+00:00, run_after=2023-08-21T01:16:56.476770+00:00
[2023-08-20T21:16:56.502-0400] {processor.py:179} INFO - Processing /home/mnguyen0226/anaconda3/envs/learning_scraper/lib/python3.11/site-packages/airflow/example_dags/example_short_circuit_decorator.py took 0.137 seconds
[2023-08-20T21:17:49.997-0400] {processor.py:157} INFO - Started process (PID=87179) to work on /home/mnguyen0226/anaconda3/envs/learning_scraper/lib/python3.11/site-packages/airflow/example_dags/example_short_circuit_decorator.py
[2023-08-20T21:17:49.998-0400] {processor.py:826} INFO - Processing file /home/mnguyen0226/anaconda3/envs/learning_scraper/lib/python3.11/site-packages/airflow/example_dags/example_short_circuit_decorator.py for tasks to queue
[2023-08-20T21:17:49.999-0400] {logging_mixin.py:150} INFO - [2023-08-20T21:17:49.998-0400] {dagbag.py:541} INFO - Filling up the DagBag from /home/mnguyen0226/anaconda3/envs/learning_scraper/lib/python3.11/site-packages/airflow/example_dags/example_short_circuit_decorator.py
[2023-08-20T21:17:50.011-0400] {processor.py:836} INFO - DAG(s) dict_keys(['example_short_circuit_decorator']) retrieved from /home/mnguyen0226/anaconda3/envs/learning_scraper/lib/python3.11/site-packages/airflow/example_dags/example_short_circuit_decorator.py
[2023-08-20T21:17:50.042-0400] {logging_mixin.py:150} INFO - [2023-08-20T21:17:50.042-0400] {dag.py:2742} INFO - Sync 1 DAGs
[2023-08-20T21:17:50.076-0400] {logging_mixin.py:150} INFO - [2023-08-20T21:17:50.075-0400] {dag.py:3504} INFO - Setting next_dagrun for example_short_circuit_decorator to 2023-08-20T01:17:50.075030+00:00, run_after=2023-08-21T01:17:50.075030+00:00
[2023-08-20T21:17:50.115-0400] {processor.py:179} INFO - Processing /home/mnguyen0226/anaconda3/envs/learning_scraper/lib/python3.11/site-packages/airflow/example_dags/example_short_circuit_decorator.py took 0.122 seconds
[2023-08-20T21:18:44.955-0400] {processor.py:157} INFO - Started process (PID=87407) to work on /home/mnguyen0226/anaconda3/envs/learning_scraper/lib/python3.11/site-packages/airflow/example_dags/example_short_circuit_decorator.py
[2023-08-20T21:18:44.964-0400] {processor.py:826} INFO - Processing file /home/mnguyen0226/anaconda3/envs/learning_scraper/lib/python3.11/site-packages/airflow/example_dags/example_short_circuit_decorator.py for tasks to queue
[2023-08-20T21:18:44.965-0400] {logging_mixin.py:150} INFO - [2023-08-20T21:18:44.964-0400] {dagbag.py:541} INFO - Filling up the DagBag from /home/mnguyen0226/anaconda3/envs/learning_scraper/lib/python3.11/site-packages/airflow/example_dags/example_short_circuit_decorator.py
[2023-08-20T21:18:44.975-0400] {processor.py:836} INFO - DAG(s) dict_keys(['example_short_circuit_decorator']) retrieved from /home/mnguyen0226/anaconda3/envs/learning_scraper/lib/python3.11/site-packages/airflow/example_dags/example_short_circuit_decorator.py
[2023-08-20T21:18:44.992-0400] {logging_mixin.py:150} INFO - [2023-08-20T21:18:44.992-0400] {dag.py:2742} INFO - Sync 1 DAGs
[2023-08-20T21:18:45.010-0400] {logging_mixin.py:150} INFO - [2023-08-20T21:18:45.009-0400] {dag.py:3504} INFO - Setting next_dagrun for example_short_circuit_decorator to 2023-08-20T01:18:45.009591+00:00, run_after=2023-08-21T01:18:45.009591+00:00
[2023-08-20T21:18:45.034-0400] {processor.py:179} INFO - Processing /home/mnguyen0226/anaconda3/envs/learning_scraper/lib/python3.11/site-packages/airflow/example_dags/example_short_circuit_decorator.py took 0.081 seconds
[2023-08-20T21:19:40.267-0400] {processor.py:157} INFO - Started process (PID=87848) to work on /home/mnguyen0226/anaconda3/envs/learning_scraper/lib/python3.11/site-packages/airflow/example_dags/example_short_circuit_decorator.py
[2023-08-20T21:19:40.276-0400] {processor.py:826} INFO - Processing file /home/mnguyen0226/anaconda3/envs/learning_scraper/lib/python3.11/site-packages/airflow/example_dags/example_short_circuit_decorator.py for tasks to queue
[2023-08-20T21:19:40.278-0400] {logging_mixin.py:150} INFO - [2023-08-20T21:19:40.277-0400] {dagbag.py:541} INFO - Filling up the DagBag from /home/mnguyen0226/anaconda3/envs/learning_scraper/lib/python3.11/site-packages/airflow/example_dags/example_short_circuit_decorator.py
[2023-08-20T21:19:40.285-0400] {processor.py:836} INFO - DAG(s) dict_keys(['example_short_circuit_decorator']) retrieved from /home/mnguyen0226/anaconda3/envs/learning_scraper/lib/python3.11/site-packages/airflow/example_dags/example_short_circuit_decorator.py
[2023-08-20T21:19:40.301-0400] {logging_mixin.py:150} INFO - [2023-08-20T21:19:40.301-0400] {dag.py:2742} INFO - Sync 1 DAGs
[2023-08-20T21:19:40.319-0400] {logging_mixin.py:150} INFO - [2023-08-20T21:19:40.318-0400] {dag.py:3504} INFO - Setting next_dagrun for example_short_circuit_decorator to 2023-08-20T01:19:40.318306+00:00, run_after=2023-08-21T01:19:40.318306+00:00
[2023-08-20T21:19:40.352-0400] {processor.py:179} INFO - Processing /home/mnguyen0226/anaconda3/envs/learning_scraper/lib/python3.11/site-packages/airflow/example_dags/example_short_circuit_decorator.py took 0.087 seconds
[2023-08-20T21:20:33.348-0400] {processor.py:157} INFO - Started process (PID=88209) to work on /home/mnguyen0226/anaconda3/envs/learning_scraper/lib/python3.11/site-packages/airflow/example_dags/example_short_circuit_decorator.py
[2023-08-20T21:20:33.349-0400] {processor.py:826} INFO - Processing file /home/mnguyen0226/anaconda3/envs/learning_scraper/lib/python3.11/site-packages/airflow/example_dags/example_short_circuit_decorator.py for tasks to queue
[2023-08-20T21:20:33.350-0400] {logging_mixin.py:150} INFO - [2023-08-20T21:20:33.350-0400] {dagbag.py:541} INFO - Filling up the DagBag from /home/mnguyen0226/anaconda3/envs/learning_scraper/lib/python3.11/site-packages/airflow/example_dags/example_short_circuit_decorator.py
[2023-08-20T21:20:33.358-0400] {processor.py:836} INFO - DAG(s) dict_keys(['example_short_circuit_decorator']) retrieved from /home/mnguyen0226/anaconda3/envs/learning_scraper/lib/python3.11/site-packages/airflow/example_dags/example_short_circuit_decorator.py
[2023-08-20T21:20:33.378-0400] {logging_mixin.py:150} INFO - [2023-08-20T21:20:33.378-0400] {dag.py:2742} INFO - Sync 1 DAGs
[2023-08-20T21:20:33.398-0400] {logging_mixin.py:150} INFO - [2023-08-20T21:20:33.397-0400] {dag.py:3504} INFO - Setting next_dagrun for example_short_circuit_decorator to 2023-08-20T01:20:33.397770+00:00, run_after=2023-08-21T01:20:33.397770+00:00
[2023-08-20T21:20:33.422-0400] {processor.py:179} INFO - Processing /home/mnguyen0226/anaconda3/envs/learning_scraper/lib/python3.11/site-packages/airflow/example_dags/example_short_circuit_decorator.py took 0.077 seconds
[2023-08-20T21:21:26.238-0400] {processor.py:157} INFO - Started process (PID=88414) to work on /home/mnguyen0226/anaconda3/envs/learning_scraper/lib/python3.11/site-packages/airflow/example_dags/example_short_circuit_decorator.py
[2023-08-20T21:21:26.247-0400] {processor.py:826} INFO - Processing file /home/mnguyen0226/anaconda3/envs/learning_scraper/lib/python3.11/site-packages/airflow/example_dags/example_short_circuit_decorator.py for tasks to queue
[2023-08-20T21:21:26.248-0400] {logging_mixin.py:150} INFO - [2023-08-20T21:21:26.248-0400] {dagbag.py:541} INFO - Filling up the DagBag from /home/mnguyen0226/anaconda3/envs/learning_scraper/lib/python3.11/site-packages/airflow/example_dags/example_short_circuit_decorator.py
[2023-08-20T21:21:26.258-0400] {processor.py:836} INFO - DAG(s) dict_keys(['example_short_circuit_decorator']) retrieved from /home/mnguyen0226/anaconda3/envs/learning_scraper/lib/python3.11/site-packages/airflow/example_dags/example_short_circuit_decorator.py
[2023-08-20T21:21:26.279-0400] {logging_mixin.py:150} INFO - [2023-08-20T21:21:26.279-0400] {dag.py:2742} INFO - Sync 1 DAGs
[2023-08-20T21:21:26.304-0400] {logging_mixin.py:150} INFO - [2023-08-20T21:21:26.303-0400] {dag.py:3504} INFO - Setting next_dagrun for example_short_circuit_decorator to 2023-08-20T01:21:26.303431+00:00, run_after=2023-08-21T01:21:26.303431+00:00
[2023-08-20T21:21:26.333-0400] {processor.py:179} INFO - Processing /home/mnguyen0226/anaconda3/envs/learning_scraper/lib/python3.11/site-packages/airflow/example_dags/example_short_circuit_decorator.py took 0.097 seconds
