[2023-08-20T21:00:40.145-0400] {processor.py:157} INFO - Started process (PID=80541) to work on /home/mnguyen0226/anaconda3/envs/learning_scraper/lib/python3.11/site-packages/airflow/example_dags/example_short_circuit_operator.py
[2023-08-20T21:00:40.146-0400] {processor.py:826} INFO - Processing file /home/mnguyen0226/anaconda3/envs/learning_scraper/lib/python3.11/site-packages/airflow/example_dags/example_short_circuit_operator.py for tasks to queue
[2023-08-20T21:00:40.147-0400] {logging_mixin.py:150} INFO - [2023-08-20T21:00:40.147-0400] {dagbag.py:541} INFO - Filling up the DagBag from /home/mnguyen0226/anaconda3/envs/learning_scraper/lib/python3.11/site-packages/airflow/example_dags/example_short_circuit_operator.py
[2023-08-20T21:00:40.158-0400] {processor.py:836} INFO - DAG(s) dict_keys(['example_short_circuit_operator']) retrieved from /home/mnguyen0226/anaconda3/envs/learning_scraper/lib/python3.11/site-packages/airflow/example_dags/example_short_circuit_operator.py
[2023-08-20T21:00:40.180-0400] {logging_mixin.py:150} INFO - [2023-08-20T21:00:40.180-0400] {dag.py:2742} INFO - Sync 1 DAGs
[2023-08-20T21:00:40.202-0400] {logging_mixin.py:150} INFO - [2023-08-20T21:00:40.202-0400] {dag.py:3504} INFO - Setting next_dagrun for example_short_circuit_operator to 2023-08-20T01:00:40.202162+00:00, run_after=2023-08-21T01:00:40.202162+00:00
[2023-08-20T21:00:40.241-0400] {processor.py:179} INFO - Processing /home/mnguyen0226/anaconda3/envs/learning_scraper/lib/python3.11/site-packages/airflow/example_dags/example_short_circuit_operator.py took 0.098 seconds
[2023-08-20T21:01:26.773-0400] {processor.py:157} INFO - Started process (PID=80949) to work on /home/mnguyen0226/anaconda3/envs/learning_scraper/lib/python3.11/site-packages/airflow/example_dags/example_short_circuit_operator.py
[2023-08-20T21:01:26.774-0400] {processor.py:826} INFO - Processing file /home/mnguyen0226/anaconda3/envs/learning_scraper/lib/python3.11/site-packages/airflow/example_dags/example_short_circuit_operator.py for tasks to queue
[2023-08-20T21:01:26.775-0400] {logging_mixin.py:150} INFO - [2023-08-20T21:01:26.775-0400] {dagbag.py:541} INFO - Filling up the DagBag from /home/mnguyen0226/anaconda3/envs/learning_scraper/lib/python3.11/site-packages/airflow/example_dags/example_short_circuit_operator.py
[2023-08-20T21:01:26.788-0400] {processor.py:836} INFO - DAG(s) dict_keys(['example_short_circuit_operator']) retrieved from /home/mnguyen0226/anaconda3/envs/learning_scraper/lib/python3.11/site-packages/airflow/example_dags/example_short_circuit_operator.py
[2023-08-20T21:01:26.817-0400] {logging_mixin.py:150} INFO - [2023-08-20T21:01:26.816-0400] {dag.py:2742} INFO - Sync 1 DAGs
[2023-08-20T21:01:26.845-0400] {logging_mixin.py:150} INFO - [2023-08-20T21:01:26.844-0400] {dag.py:3504} INFO - Setting next_dagrun for example_short_circuit_operator to 2023-08-20T01:01:26.844585+00:00, run_after=2023-08-21T01:01:26.844585+00:00
[2023-08-20T21:01:26.871-0400] {processor.py:179} INFO - Processing /home/mnguyen0226/anaconda3/envs/learning_scraper/lib/python3.11/site-packages/airflow/example_dags/example_short_circuit_operator.py took 0.102 seconds
[2023-08-20T21:03:38.154-0400] {processor.py:157} INFO - Started process (PID=82029) to work on /home/mnguyen0226/anaconda3/envs/learning_scraper/lib/python3.11/site-packages/airflow/example_dags/example_short_circuit_operator.py
[2023-08-20T21:03:38.163-0400] {processor.py:826} INFO - Processing file /home/mnguyen0226/anaconda3/envs/learning_scraper/lib/python3.11/site-packages/airflow/example_dags/example_short_circuit_operator.py for tasks to queue
[2023-08-20T21:03:38.164-0400] {logging_mixin.py:150} INFO - [2023-08-20T21:03:38.164-0400] {dagbag.py:541} INFO - Filling up the DagBag from /home/mnguyen0226/anaconda3/envs/learning_scraper/lib/python3.11/site-packages/airflow/example_dags/example_short_circuit_operator.py
[2023-08-20T21:03:38.175-0400] {processor.py:836} INFO - DAG(s) dict_keys(['example_short_circuit_operator']) retrieved from /home/mnguyen0226/anaconda3/envs/learning_scraper/lib/python3.11/site-packages/airflow/example_dags/example_short_circuit_operator.py
[2023-08-20T21:03:38.192-0400] {logging_mixin.py:150} INFO - [2023-08-20T21:03:38.192-0400] {dag.py:2742} INFO - Sync 1 DAGs
[2023-08-20T21:03:38.212-0400] {logging_mixin.py:150} INFO - [2023-08-20T21:03:38.212-0400] {dag.py:3504} INFO - Setting next_dagrun for example_short_circuit_operator to 2023-08-20T01:03:38.211711+00:00, run_after=2023-08-21T01:03:38.211711+00:00
[2023-08-20T21:03:38.239-0400] {processor.py:179} INFO - Processing /home/mnguyen0226/anaconda3/envs/learning_scraper/lib/python3.11/site-packages/airflow/example_dags/example_short_circuit_operator.py took 0.088 seconds
[2023-08-20T21:04:26.096-0400] {processor.py:157} INFO - Started process (PID=83046) to work on /home/mnguyen0226/anaconda3/envs/learning_scraper/lib/python3.11/site-packages/airflow/example_dags/example_short_circuit_operator.py
[2023-08-20T21:04:26.098-0400] {processor.py:826} INFO - Processing file /home/mnguyen0226/anaconda3/envs/learning_scraper/lib/python3.11/site-packages/airflow/example_dags/example_short_circuit_operator.py for tasks to queue
[2023-08-20T21:04:26.100-0400] {logging_mixin.py:150} INFO - [2023-08-20T21:04:26.099-0400] {dagbag.py:541} INFO - Filling up the DagBag from /home/mnguyen0226/anaconda3/envs/learning_scraper/lib/python3.11/site-packages/airflow/example_dags/example_short_circuit_operator.py
[2023-08-20T21:04:26.114-0400] {processor.py:836} INFO - DAG(s) dict_keys(['example_short_circuit_operator']) retrieved from /home/mnguyen0226/anaconda3/envs/learning_scraper/lib/python3.11/site-packages/airflow/example_dags/example_short_circuit_operator.py
[2023-08-20T21:04:26.142-0400] {logging_mixin.py:150} INFO - [2023-08-20T21:04:26.142-0400] {dag.py:2742} INFO - Sync 1 DAGs
[2023-08-20T21:04:26.169-0400] {logging_mixin.py:150} INFO - [2023-08-20T21:04:26.169-0400] {dag.py:3504} INFO - Setting next_dagrun for example_short_circuit_operator to 2023-08-20T01:04:26.168768+00:00, run_after=2023-08-21T01:04:26.168768+00:00
[2023-08-20T21:04:26.209-0400] {processor.py:179} INFO - Processing /home/mnguyen0226/anaconda3/envs/learning_scraper/lib/python3.11/site-packages/airflow/example_dags/example_short_circuit_operator.py took 0.118 seconds
[2023-08-20T21:05:17.986-0400] {processor.py:157} INFO - Started process (PID=83318) to work on /home/mnguyen0226/anaconda3/envs/learning_scraper/lib/python3.11/site-packages/airflow/example_dags/example_short_circuit_operator.py
[2023-08-20T21:05:17.995-0400] {processor.py:826} INFO - Processing file /home/mnguyen0226/anaconda3/envs/learning_scraper/lib/python3.11/site-packages/airflow/example_dags/example_short_circuit_operator.py for tasks to queue
[2023-08-20T21:05:17.996-0400] {logging_mixin.py:150} INFO - [2023-08-20T21:05:17.995-0400] {dagbag.py:541} INFO - Filling up the DagBag from /home/mnguyen0226/anaconda3/envs/learning_scraper/lib/python3.11/site-packages/airflow/example_dags/example_short_circuit_operator.py
[2023-08-20T21:05:18.003-0400] {processor.py:836} INFO - DAG(s) dict_keys(['example_short_circuit_operator']) retrieved from /home/mnguyen0226/anaconda3/envs/learning_scraper/lib/python3.11/site-packages/airflow/example_dags/example_short_circuit_operator.py
[2023-08-20T21:05:18.026-0400] {logging_mixin.py:150} INFO - [2023-08-20T21:05:18.026-0400] {dag.py:2742} INFO - Sync 1 DAGs
[2023-08-20T21:05:18.055-0400] {logging_mixin.py:150} INFO - [2023-08-20T21:05:18.055-0400] {dag.py:3504} INFO - Setting next_dagrun for example_short_circuit_operator to 2023-08-20T01:05:18.055448+00:00, run_after=2023-08-21T01:05:18.055448+00:00
[2023-08-20T21:05:18.092-0400] {processor.py:179} INFO - Processing /home/mnguyen0226/anaconda3/envs/learning_scraper/lib/python3.11/site-packages/airflow/example_dags/example_short_circuit_operator.py took 0.110 seconds
[2023-08-20T21:06:17.501-0400] {processor.py:157} INFO - Started process (PID=83577) to work on /home/mnguyen0226/anaconda3/envs/learning_scraper/lib/python3.11/site-packages/airflow/example_dags/example_short_circuit_operator.py
[2023-08-20T21:06:17.510-0400] {processor.py:826} INFO - Processing file /home/mnguyen0226/anaconda3/envs/learning_scraper/lib/python3.11/site-packages/airflow/example_dags/example_short_circuit_operator.py for tasks to queue
[2023-08-20T21:06:17.511-0400] {logging_mixin.py:150} INFO - [2023-08-20T21:06:17.511-0400] {dagbag.py:541} INFO - Filling up the DagBag from /home/mnguyen0226/anaconda3/envs/learning_scraper/lib/python3.11/site-packages/airflow/example_dags/example_short_circuit_operator.py
[2023-08-20T21:06:17.519-0400] {processor.py:836} INFO - DAG(s) dict_keys(['example_short_circuit_operator']) retrieved from /home/mnguyen0226/anaconda3/envs/learning_scraper/lib/python3.11/site-packages/airflow/example_dags/example_short_circuit_operator.py
[2023-08-20T21:06:17.533-0400] {logging_mixin.py:150} INFO - [2023-08-20T21:06:17.533-0400] {dag.py:2742} INFO - Sync 1 DAGs
[2023-08-20T21:06:17.548-0400] {logging_mixin.py:150} INFO - [2023-08-20T21:06:17.548-0400] {dag.py:3504} INFO - Setting next_dagrun for example_short_circuit_operator to 2023-08-20T01:06:17.548171+00:00, run_after=2023-08-21T01:06:17.548171+00:00
[2023-08-20T21:06:17.579-0400] {processor.py:179} INFO - Processing /home/mnguyen0226/anaconda3/envs/learning_scraper/lib/python3.11/site-packages/airflow/example_dags/example_short_circuit_operator.py took 0.080 seconds
[2023-08-20T21:07:08.805-0400] {processor.py:157} INFO - Started process (PID=83825) to work on /home/mnguyen0226/anaconda3/envs/learning_scraper/lib/python3.11/site-packages/airflow/example_dags/example_short_circuit_operator.py
[2023-08-20T21:07:08.806-0400] {processor.py:826} INFO - Processing file /home/mnguyen0226/anaconda3/envs/learning_scraper/lib/python3.11/site-packages/airflow/example_dags/example_short_circuit_operator.py for tasks to queue
[2023-08-20T21:07:08.808-0400] {logging_mixin.py:150} INFO - [2023-08-20T21:07:08.807-0400] {dagbag.py:541} INFO - Filling up the DagBag from /home/mnguyen0226/anaconda3/envs/learning_scraper/lib/python3.11/site-packages/airflow/example_dags/example_short_circuit_operator.py
[2023-08-20T21:07:08.820-0400] {processor.py:836} INFO - DAG(s) dict_keys(['example_short_circuit_operator']) retrieved from /home/mnguyen0226/anaconda3/envs/learning_scraper/lib/python3.11/site-packages/airflow/example_dags/example_short_circuit_operator.py
[2023-08-20T21:07:08.843-0400] {logging_mixin.py:150} INFO - [2023-08-20T21:07:08.843-0400] {dag.py:2742} INFO - Sync 1 DAGs
[2023-08-20T21:07:08.952-0400] {logging_mixin.py:150} INFO - [2023-08-20T21:07:08.952-0400] {dag.py:3504} INFO - Setting next_dagrun for example_short_circuit_operator to 2023-08-20T01:07:08.952044+00:00, run_after=2023-08-21T01:07:08.952044+00:00
[2023-08-20T21:07:08.992-0400] {processor.py:179} INFO - Processing /home/mnguyen0226/anaconda3/envs/learning_scraper/lib/python3.11/site-packages/airflow/example_dags/example_short_circuit_operator.py took 0.191 seconds
[2023-08-20T21:08:09.722-0400] {processor.py:157} INFO - Started process (PID=84057) to work on /home/mnguyen0226/anaconda3/envs/learning_scraper/lib/python3.11/site-packages/airflow/example_dags/example_short_circuit_operator.py
[2023-08-20T21:08:09.732-0400] {processor.py:826} INFO - Processing file /home/mnguyen0226/anaconda3/envs/learning_scraper/lib/python3.11/site-packages/airflow/example_dags/example_short_circuit_operator.py for tasks to queue
[2023-08-20T21:08:09.734-0400] {logging_mixin.py:150} INFO - [2023-08-20T21:08:09.733-0400] {dagbag.py:541} INFO - Filling up the DagBag from /home/mnguyen0226/anaconda3/envs/learning_scraper/lib/python3.11/site-packages/airflow/example_dags/example_short_circuit_operator.py
[2023-08-20T21:08:09.748-0400] {processor.py:836} INFO - DAG(s) dict_keys(['example_short_circuit_operator']) retrieved from /home/mnguyen0226/anaconda3/envs/learning_scraper/lib/python3.11/site-packages/airflow/example_dags/example_short_circuit_operator.py
[2023-08-20T21:08:09.778-0400] {logging_mixin.py:150} INFO - [2023-08-20T21:08:09.777-0400] {dag.py:2742} INFO - Sync 1 DAGs
[2023-08-20T21:08:09.797-0400] {logging_mixin.py:150} INFO - [2023-08-20T21:08:09.797-0400] {dag.py:3504} INFO - Setting next_dagrun for example_short_circuit_operator to 2023-08-20T01:08:09.796966+00:00, run_after=2023-08-21T01:08:09.796966+00:00
[2023-08-20T21:08:09.821-0400] {processor.py:179} INFO - Processing /home/mnguyen0226/anaconda3/envs/learning_scraper/lib/python3.11/site-packages/airflow/example_dags/example_short_circuit_operator.py took 0.104 seconds
[2023-08-20T21:09:04.127-0400] {processor.py:157} INFO - Started process (PID=84310) to work on /home/mnguyen0226/anaconda3/envs/learning_scraper/lib/python3.11/site-packages/airflow/example_dags/example_short_circuit_operator.py
[2023-08-20T21:09:04.137-0400] {processor.py:826} INFO - Processing file /home/mnguyen0226/anaconda3/envs/learning_scraper/lib/python3.11/site-packages/airflow/example_dags/example_short_circuit_operator.py for tasks to queue
[2023-08-20T21:09:04.137-0400] {logging_mixin.py:150} INFO - [2023-08-20T21:09:04.137-0400] {dagbag.py:541} INFO - Filling up the DagBag from /home/mnguyen0226/anaconda3/envs/learning_scraper/lib/python3.11/site-packages/airflow/example_dags/example_short_circuit_operator.py
[2023-08-20T21:09:04.144-0400] {processor.py:836} INFO - DAG(s) dict_keys(['example_short_circuit_operator']) retrieved from /home/mnguyen0226/anaconda3/envs/learning_scraper/lib/python3.11/site-packages/airflow/example_dags/example_short_circuit_operator.py
[2023-08-20T21:09:04.160-0400] {logging_mixin.py:150} INFO - [2023-08-20T21:09:04.159-0400] {dag.py:2742} INFO - Sync 1 DAGs
[2023-08-20T21:09:04.176-0400] {logging_mixin.py:150} INFO - [2023-08-20T21:09:04.176-0400] {dag.py:3504} INFO - Setting next_dagrun for example_short_circuit_operator to 2023-08-20T01:09:04.176186+00:00, run_after=2023-08-21T01:09:04.176186+00:00
[2023-08-20T21:09:04.222-0400] {processor.py:179} INFO - Processing /home/mnguyen0226/anaconda3/envs/learning_scraper/lib/python3.11/site-packages/airflow/example_dags/example_short_circuit_operator.py took 0.098 seconds
[2023-08-20T21:09:56.785-0400] {processor.py:157} INFO - Started process (PID=84594) to work on /home/mnguyen0226/anaconda3/envs/learning_scraper/lib/python3.11/site-packages/airflow/example_dags/example_short_circuit_operator.py
[2023-08-20T21:09:56.786-0400] {processor.py:826} INFO - Processing file /home/mnguyen0226/anaconda3/envs/learning_scraper/lib/python3.11/site-packages/airflow/example_dags/example_short_circuit_operator.py for tasks to queue
[2023-08-20T21:09:56.787-0400] {logging_mixin.py:150} INFO - [2023-08-20T21:09:56.787-0400] {dagbag.py:541} INFO - Filling up the DagBag from /home/mnguyen0226/anaconda3/envs/learning_scraper/lib/python3.11/site-packages/airflow/example_dags/example_short_circuit_operator.py
[2023-08-20T21:09:56.795-0400] {processor.py:836} INFO - DAG(s) dict_keys(['example_short_circuit_operator']) retrieved from /home/mnguyen0226/anaconda3/envs/learning_scraper/lib/python3.11/site-packages/airflow/example_dags/example_short_circuit_operator.py
[2023-08-20T21:09:56.816-0400] {logging_mixin.py:150} INFO - [2023-08-20T21:09:56.816-0400] {dag.py:2742} INFO - Sync 1 DAGs
[2023-08-20T21:09:56.837-0400] {logging_mixin.py:150} INFO - [2023-08-20T21:09:56.837-0400] {dag.py:3504} INFO - Setting next_dagrun for example_short_circuit_operator to 2023-08-20T01:09:56.837617+00:00, run_after=2023-08-21T01:09:56.837617+00:00
[2023-08-20T21:09:56.862-0400] {processor.py:179} INFO - Processing /home/mnguyen0226/anaconda3/envs/learning_scraper/lib/python3.11/site-packages/airflow/example_dags/example_short_circuit_operator.py took 0.079 seconds
[2023-08-20T21:10:56.331-0400] {processor.py:157} INFO - Started process (PID=84881) to work on /home/mnguyen0226/anaconda3/envs/learning_scraper/lib/python3.11/site-packages/airflow/example_dags/example_short_circuit_operator.py
[2023-08-20T21:10:56.332-0400] {processor.py:826} INFO - Processing file /home/mnguyen0226/anaconda3/envs/learning_scraper/lib/python3.11/site-packages/airflow/example_dags/example_short_circuit_operator.py for tasks to queue
[2023-08-20T21:10:56.333-0400] {logging_mixin.py:150} INFO - [2023-08-20T21:10:56.333-0400] {dagbag.py:541} INFO - Filling up the DagBag from /home/mnguyen0226/anaconda3/envs/learning_scraper/lib/python3.11/site-packages/airflow/example_dags/example_short_circuit_operator.py
[2023-08-20T21:10:56.347-0400] {processor.py:836} INFO - DAG(s) dict_keys(['example_short_circuit_operator']) retrieved from /home/mnguyen0226/anaconda3/envs/learning_scraper/lib/python3.11/site-packages/airflow/example_dags/example_short_circuit_operator.py
[2023-08-20T21:10:56.376-0400] {logging_mixin.py:150} INFO - [2023-08-20T21:10:56.376-0400] {dag.py:2742} INFO - Sync 1 DAGs
[2023-08-20T21:10:56.399-0400] {logging_mixin.py:150} INFO - [2023-08-20T21:10:56.399-0400] {dag.py:3504} INFO - Setting next_dagrun for example_short_circuit_operator to 2023-08-20T01:10:56.399083+00:00, run_after=2023-08-21T01:10:56.399083+00:00
[2023-08-20T21:10:56.437-0400] {processor.py:179} INFO - Processing /home/mnguyen0226/anaconda3/envs/learning_scraper/lib/python3.11/site-packages/airflow/example_dags/example_short_circuit_operator.py took 0.110 seconds
[2023-08-20T21:11:47.711-0400] {processor.py:157} INFO - Started process (PID=85096) to work on /home/mnguyen0226/anaconda3/envs/learning_scraper/lib/python3.11/site-packages/airflow/example_dags/example_short_circuit_operator.py
[2023-08-20T21:11:47.712-0400] {processor.py:826} INFO - Processing file /home/mnguyen0226/anaconda3/envs/learning_scraper/lib/python3.11/site-packages/airflow/example_dags/example_short_circuit_operator.py for tasks to queue
[2023-08-20T21:11:47.714-0400] {logging_mixin.py:150} INFO - [2023-08-20T21:11:47.713-0400] {dagbag.py:541} INFO - Filling up the DagBag from /home/mnguyen0226/anaconda3/envs/learning_scraper/lib/python3.11/site-packages/airflow/example_dags/example_short_circuit_operator.py
[2023-08-20T21:11:47.728-0400] {processor.py:836} INFO - DAG(s) dict_keys(['example_short_circuit_operator']) retrieved from /home/mnguyen0226/anaconda3/envs/learning_scraper/lib/python3.11/site-packages/airflow/example_dags/example_short_circuit_operator.py
[2023-08-20T21:11:47.749-0400] {logging_mixin.py:150} INFO - [2023-08-20T21:11:47.748-0400] {dag.py:2742} INFO - Sync 1 DAGs
[2023-08-20T21:11:47.763-0400] {logging_mixin.py:150} INFO - [2023-08-20T21:11:47.763-0400] {dag.py:3504} INFO - Setting next_dagrun for example_short_circuit_operator to 2023-08-20T01:11:47.763184+00:00, run_after=2023-08-21T01:11:47.763184+00:00
[2023-08-20T21:11:47.789-0400] {processor.py:179} INFO - Processing /home/mnguyen0226/anaconda3/envs/learning_scraper/lib/python3.11/site-packages/airflow/example_dags/example_short_circuit_operator.py took 0.083 seconds
[2023-08-20T21:12:41.202-0400] {processor.py:157} INFO - Started process (PID=85599) to work on /home/mnguyen0226/anaconda3/envs/learning_scraper/lib/python3.11/site-packages/airflow/example_dags/example_short_circuit_operator.py
[2023-08-20T21:12:41.203-0400] {processor.py:826} INFO - Processing file /home/mnguyen0226/anaconda3/envs/learning_scraper/lib/python3.11/site-packages/airflow/example_dags/example_short_circuit_operator.py for tasks to queue
[2023-08-20T21:12:41.204-0400] {logging_mixin.py:150} INFO - [2023-08-20T21:12:41.204-0400] {dagbag.py:541} INFO - Filling up the DagBag from /home/mnguyen0226/anaconda3/envs/learning_scraper/lib/python3.11/site-packages/airflow/example_dags/example_short_circuit_operator.py
[2023-08-20T21:12:41.231-0400] {processor.py:836} INFO - DAG(s) dict_keys(['example_short_circuit_operator']) retrieved from /home/mnguyen0226/anaconda3/envs/learning_scraper/lib/python3.11/site-packages/airflow/example_dags/example_short_circuit_operator.py
[2023-08-20T21:12:41.268-0400] {logging_mixin.py:150} INFO - [2023-08-20T21:12:41.268-0400] {dag.py:2742} INFO - Sync 1 DAGs
[2023-08-20T21:12:41.301-0400] {logging_mixin.py:150} INFO - [2023-08-20T21:12:41.301-0400] {dag.py:3504} INFO - Setting next_dagrun for example_short_circuit_operator to 2023-08-20T01:12:41.300766+00:00, run_after=2023-08-21T01:12:41.300766+00:00
[2023-08-20T21:12:41.358-0400] {processor.py:179} INFO - Processing /home/mnguyen0226/anaconda3/envs/learning_scraper/lib/python3.11/site-packages/airflow/example_dags/example_short_circuit_operator.py took 0.159 seconds
[2023-08-20T21:13:38.164-0400] {processor.py:157} INFO - Started process (PID=85901) to work on /home/mnguyen0226/anaconda3/envs/learning_scraper/lib/python3.11/site-packages/airflow/example_dags/example_short_circuit_operator.py
[2023-08-20T21:13:38.165-0400] {processor.py:826} INFO - Processing file /home/mnguyen0226/anaconda3/envs/learning_scraper/lib/python3.11/site-packages/airflow/example_dags/example_short_circuit_operator.py for tasks to queue
[2023-08-20T21:13:38.166-0400] {logging_mixin.py:150} INFO - [2023-08-20T21:13:38.166-0400] {dagbag.py:541} INFO - Filling up the DagBag from /home/mnguyen0226/anaconda3/envs/learning_scraper/lib/python3.11/site-packages/airflow/example_dags/example_short_circuit_operator.py
[2023-08-20T21:13:38.174-0400] {processor.py:836} INFO - DAG(s) dict_keys(['example_short_circuit_operator']) retrieved from /home/mnguyen0226/anaconda3/envs/learning_scraper/lib/python3.11/site-packages/airflow/example_dags/example_short_circuit_operator.py
[2023-08-20T21:13:38.194-0400] {logging_mixin.py:150} INFO - [2023-08-20T21:13:38.194-0400] {dag.py:2742} INFO - Sync 1 DAGs
[2023-08-20T21:13:38.219-0400] {logging_mixin.py:150} INFO - [2023-08-20T21:13:38.219-0400] {dag.py:3504} INFO - Setting next_dagrun for example_short_circuit_operator to 2023-08-20T01:13:38.218934+00:00, run_after=2023-08-21T01:13:38.218934+00:00
[2023-08-20T21:13:38.255-0400] {processor.py:179} INFO - Processing /home/mnguyen0226/anaconda3/envs/learning_scraper/lib/python3.11/site-packages/airflow/example_dags/example_short_circuit_operator.py took 0.094 seconds
[2023-08-20T21:14:37.839-0400] {processor.py:157} INFO - Started process (PID=86215) to work on /home/mnguyen0226/anaconda3/envs/learning_scraper/lib/python3.11/site-packages/airflow/example_dags/example_short_circuit_operator.py
[2023-08-20T21:14:37.841-0400] {processor.py:826} INFO - Processing file /home/mnguyen0226/anaconda3/envs/learning_scraper/lib/python3.11/site-packages/airflow/example_dags/example_short_circuit_operator.py for tasks to queue
[2023-08-20T21:14:37.842-0400] {logging_mixin.py:150} INFO - [2023-08-20T21:14:37.841-0400] {dagbag.py:541} INFO - Filling up the DagBag from /home/mnguyen0226/anaconda3/envs/learning_scraper/lib/python3.11/site-packages/airflow/example_dags/example_short_circuit_operator.py
[2023-08-20T21:14:37.850-0400] {processor.py:836} INFO - DAG(s) dict_keys(['example_short_circuit_operator']) retrieved from /home/mnguyen0226/anaconda3/envs/learning_scraper/lib/python3.11/site-packages/airflow/example_dags/example_short_circuit_operator.py
[2023-08-20T21:14:37.866-0400] {logging_mixin.py:150} INFO - [2023-08-20T21:14:37.866-0400] {dag.py:2742} INFO - Sync 1 DAGs
[2023-08-20T21:14:37.886-0400] {logging_mixin.py:150} INFO - [2023-08-20T21:14:37.886-0400] {dag.py:3504} INFO - Setting next_dagrun for example_short_circuit_operator to 2023-08-20T01:14:37.885826+00:00, run_after=2023-08-21T01:14:37.885826+00:00
[2023-08-20T21:14:37.923-0400] {processor.py:179} INFO - Processing /home/mnguyen0226/anaconda3/envs/learning_scraper/lib/python3.11/site-packages/airflow/example_dags/example_short_circuit_operator.py took 0.086 seconds
[2023-08-20T21:15:31.514-0400] {processor.py:157} INFO - Started process (PID=86380) to work on /home/mnguyen0226/anaconda3/envs/learning_scraper/lib/python3.11/site-packages/airflow/example_dags/example_short_circuit_operator.py
[2023-08-20T21:15:31.515-0400] {processor.py:826} INFO - Processing file /home/mnguyen0226/anaconda3/envs/learning_scraper/lib/python3.11/site-packages/airflow/example_dags/example_short_circuit_operator.py for tasks to queue
[2023-08-20T21:15:31.517-0400] {logging_mixin.py:150} INFO - [2023-08-20T21:15:31.516-0400] {dagbag.py:541} INFO - Filling up the DagBag from /home/mnguyen0226/anaconda3/envs/learning_scraper/lib/python3.11/site-packages/airflow/example_dags/example_short_circuit_operator.py
[2023-08-20T21:15:31.530-0400] {processor.py:836} INFO - DAG(s) dict_keys(['example_short_circuit_operator']) retrieved from /home/mnguyen0226/anaconda3/envs/learning_scraper/lib/python3.11/site-packages/airflow/example_dags/example_short_circuit_operator.py
[2023-08-20T21:15:31.549-0400] {logging_mixin.py:150} INFO - [2023-08-20T21:15:31.549-0400] {dag.py:2742} INFO - Sync 1 DAGs
[2023-08-20T21:15:31.564-0400] {logging_mixin.py:150} INFO - [2023-08-20T21:15:31.564-0400] {dag.py:3504} INFO - Setting next_dagrun for example_short_circuit_operator to 2023-08-20T01:15:31.564135+00:00, run_after=2023-08-21T01:15:31.564135+00:00
[2023-08-20T21:15:31.587-0400] {processor.py:179} INFO - Processing /home/mnguyen0226/anaconda3/envs/learning_scraper/lib/python3.11/site-packages/airflow/example_dags/example_short_circuit_operator.py took 0.077 seconds
[2023-08-20T21:16:22.865-0400] {processor.py:157} INFO - Started process (PID=86574) to work on /home/mnguyen0226/anaconda3/envs/learning_scraper/lib/python3.11/site-packages/airflow/example_dags/example_short_circuit_operator.py
[2023-08-20T21:16:22.866-0400] {processor.py:826} INFO - Processing file /home/mnguyen0226/anaconda3/envs/learning_scraper/lib/python3.11/site-packages/airflow/example_dags/example_short_circuit_operator.py for tasks to queue
[2023-08-20T21:16:22.868-0400] {logging_mixin.py:150} INFO - [2023-08-20T21:16:22.868-0400] {dagbag.py:541} INFO - Filling up the DagBag from /home/mnguyen0226/anaconda3/envs/learning_scraper/lib/python3.11/site-packages/airflow/example_dags/example_short_circuit_operator.py
[2023-08-20T21:16:22.889-0400] {processor.py:836} INFO - DAG(s) dict_keys(['example_short_circuit_operator']) retrieved from /home/mnguyen0226/anaconda3/envs/learning_scraper/lib/python3.11/site-packages/airflow/example_dags/example_short_circuit_operator.py
[2023-08-20T21:16:22.928-0400] {logging_mixin.py:150} INFO - [2023-08-20T21:16:22.928-0400] {dag.py:2742} INFO - Sync 1 DAGs
[2023-08-20T21:16:22.958-0400] {logging_mixin.py:150} INFO - [2023-08-20T21:16:22.958-0400] {dag.py:3504} INFO - Setting next_dagrun for example_short_circuit_operator to 2023-08-20T01:16:22.957814+00:00, run_after=2023-08-21T01:16:22.957814+00:00
[2023-08-20T21:16:22.989-0400] {processor.py:179} INFO - Processing /home/mnguyen0226/anaconda3/envs/learning_scraper/lib/python3.11/site-packages/airflow/example_dags/example_short_circuit_operator.py took 0.128 seconds
[2023-08-20T21:17:19.493-0400] {processor.py:157} INFO - Started process (PID=87007) to work on /home/mnguyen0226/anaconda3/envs/learning_scraper/lib/python3.11/site-packages/airflow/example_dags/example_short_circuit_operator.py
[2023-08-20T21:17:19.502-0400] {processor.py:826} INFO - Processing file /home/mnguyen0226/anaconda3/envs/learning_scraper/lib/python3.11/site-packages/airflow/example_dags/example_short_circuit_operator.py for tasks to queue
[2023-08-20T21:17:19.503-0400] {logging_mixin.py:150} INFO - [2023-08-20T21:17:19.503-0400] {dagbag.py:541} INFO - Filling up the DagBag from /home/mnguyen0226/anaconda3/envs/learning_scraper/lib/python3.11/site-packages/airflow/example_dags/example_short_circuit_operator.py
[2023-08-20T21:17:19.510-0400] {processor.py:836} INFO - DAG(s) dict_keys(['example_short_circuit_operator']) retrieved from /home/mnguyen0226/anaconda3/envs/learning_scraper/lib/python3.11/site-packages/airflow/example_dags/example_short_circuit_operator.py
[2023-08-20T21:17:19.526-0400] {logging_mixin.py:150} INFO - [2023-08-20T21:17:19.525-0400] {dag.py:2742} INFO - Sync 1 DAGs
[2023-08-20T21:17:19.542-0400] {logging_mixin.py:150} INFO - [2023-08-20T21:17:19.542-0400] {dag.py:3504} INFO - Setting next_dagrun for example_short_circuit_operator to 2023-08-20T01:17:19.542563+00:00, run_after=2023-08-21T01:17:19.542563+00:00
[2023-08-20T21:17:19.566-0400] {processor.py:179} INFO - Processing /home/mnguyen0226/anaconda3/envs/learning_scraper/lib/python3.11/site-packages/airflow/example_dags/example_short_circuit_operator.py took 0.075 seconds
[2023-08-20T21:18:11.615-0400] {processor.py:157} INFO - Started process (PID=87283) to work on /home/mnguyen0226/anaconda3/envs/learning_scraper/lib/python3.11/site-packages/airflow/example_dags/example_short_circuit_operator.py
[2023-08-20T21:18:11.616-0400] {processor.py:826} INFO - Processing file /home/mnguyen0226/anaconda3/envs/learning_scraper/lib/python3.11/site-packages/airflow/example_dags/example_short_circuit_operator.py for tasks to queue
[2023-08-20T21:18:11.617-0400] {logging_mixin.py:150} INFO - [2023-08-20T21:18:11.617-0400] {dagbag.py:541} INFO - Filling up the DagBag from /home/mnguyen0226/anaconda3/envs/learning_scraper/lib/python3.11/site-packages/airflow/example_dags/example_short_circuit_operator.py
[2023-08-20T21:18:11.625-0400] {processor.py:836} INFO - DAG(s) dict_keys(['example_short_circuit_operator']) retrieved from /home/mnguyen0226/anaconda3/envs/learning_scraper/lib/python3.11/site-packages/airflow/example_dags/example_short_circuit_operator.py
[2023-08-20T21:18:11.654-0400] {logging_mixin.py:150} INFO - [2023-08-20T21:18:11.653-0400] {dag.py:2742} INFO - Sync 1 DAGs
[2023-08-20T21:18:11.674-0400] {logging_mixin.py:150} INFO - [2023-08-20T21:18:11.674-0400] {dag.py:3504} INFO - Setting next_dagrun for example_short_circuit_operator to 2023-08-20T01:18:11.674393+00:00, run_after=2023-08-21T01:18:11.674393+00:00
[2023-08-20T21:18:11.697-0400] {processor.py:179} INFO - Processing /home/mnguyen0226/anaconda3/envs/learning_scraper/lib/python3.11/site-packages/airflow/example_dags/example_short_circuit_operator.py took 0.085 seconds
[2023-08-20T21:19:08.610-0400] {processor.py:157} INFO - Started process (PID=87576) to work on /home/mnguyen0226/anaconda3/envs/learning_scraper/lib/python3.11/site-packages/airflow/example_dags/example_short_circuit_operator.py
[2023-08-20T21:19:08.619-0400] {processor.py:826} INFO - Processing file /home/mnguyen0226/anaconda3/envs/learning_scraper/lib/python3.11/site-packages/airflow/example_dags/example_short_circuit_operator.py for tasks to queue
[2023-08-20T21:19:08.620-0400] {logging_mixin.py:150} INFO - [2023-08-20T21:19:08.619-0400] {dagbag.py:541} INFO - Filling up the DagBag from /home/mnguyen0226/anaconda3/envs/learning_scraper/lib/python3.11/site-packages/airflow/example_dags/example_short_circuit_operator.py
[2023-08-20T21:19:08.626-0400] {processor.py:836} INFO - DAG(s) dict_keys(['example_short_circuit_operator']) retrieved from /home/mnguyen0226/anaconda3/envs/learning_scraper/lib/python3.11/site-packages/airflow/example_dags/example_short_circuit_operator.py
[2023-08-20T21:19:08.651-0400] {logging_mixin.py:150} INFO - [2023-08-20T21:19:08.651-0400] {dag.py:2742} INFO - Sync 1 DAGs
[2023-08-20T21:19:08.672-0400] {logging_mixin.py:150} INFO - [2023-08-20T21:19:08.672-0400] {dag.py:3504} INFO - Setting next_dagrun for example_short_circuit_operator to 2023-08-20T01:19:08.672559+00:00, run_after=2023-08-21T01:19:08.672559+00:00
[2023-08-20T21:19:08.694-0400] {processor.py:179} INFO - Processing /home/mnguyen0226/anaconda3/envs/learning_scraper/lib/python3.11/site-packages/airflow/example_dags/example_short_circuit_operator.py took 0.087 seconds
[2023-08-20T21:20:02.034-0400] {processor.py:157} INFO - Started process (PID=87999) to work on /home/mnguyen0226/anaconda3/envs/learning_scraper/lib/python3.11/site-packages/airflow/example_dags/example_short_circuit_operator.py
[2023-08-20T21:20:02.035-0400] {processor.py:826} INFO - Processing file /home/mnguyen0226/anaconda3/envs/learning_scraper/lib/python3.11/site-packages/airflow/example_dags/example_short_circuit_operator.py for tasks to queue
[2023-08-20T21:20:02.037-0400] {logging_mixin.py:150} INFO - [2023-08-20T21:20:02.036-0400] {dagbag.py:541} INFO - Filling up the DagBag from /home/mnguyen0226/anaconda3/envs/learning_scraper/lib/python3.11/site-packages/airflow/example_dags/example_short_circuit_operator.py
[2023-08-20T21:20:02.049-0400] {processor.py:836} INFO - DAG(s) dict_keys(['example_short_circuit_operator']) retrieved from /home/mnguyen0226/anaconda3/envs/learning_scraper/lib/python3.11/site-packages/airflow/example_dags/example_short_circuit_operator.py
[2023-08-20T21:20:02.075-0400] {logging_mixin.py:150} INFO - [2023-08-20T21:20:02.074-0400] {dag.py:2742} INFO - Sync 1 DAGs
[2023-08-20T21:20:02.096-0400] {logging_mixin.py:150} INFO - [2023-08-20T21:20:02.095-0400] {dag.py:3504} INFO - Setting next_dagrun for example_short_circuit_operator to 2023-08-20T01:20:02.095609+00:00, run_after=2023-08-21T01:20:02.095609+00:00
[2023-08-20T21:20:02.120-0400] {processor.py:179} INFO - Processing /home/mnguyen0226/anaconda3/envs/learning_scraper/lib/python3.11/site-packages/airflow/example_dags/example_short_circuit_operator.py took 0.090 seconds
[2023-08-20T21:20:55.288-0400] {processor.py:157} INFO - Started process (PID=88264) to work on /home/mnguyen0226/anaconda3/envs/learning_scraper/lib/python3.11/site-packages/airflow/example_dags/example_short_circuit_operator.py
[2023-08-20T21:20:55.289-0400] {processor.py:826} INFO - Processing file /home/mnguyen0226/anaconda3/envs/learning_scraper/lib/python3.11/site-packages/airflow/example_dags/example_short_circuit_operator.py for tasks to queue
[2023-08-20T21:20:55.291-0400] {logging_mixin.py:150} INFO - [2023-08-20T21:20:55.290-0400] {dagbag.py:541} INFO - Filling up the DagBag from /home/mnguyen0226/anaconda3/envs/learning_scraper/lib/python3.11/site-packages/airflow/example_dags/example_short_circuit_operator.py
[2023-08-20T21:20:55.304-0400] {processor.py:836} INFO - DAG(s) dict_keys(['example_short_circuit_operator']) retrieved from /home/mnguyen0226/anaconda3/envs/learning_scraper/lib/python3.11/site-packages/airflow/example_dags/example_short_circuit_operator.py
[2023-08-20T21:20:55.330-0400] {logging_mixin.py:150} INFO - [2023-08-20T21:20:55.329-0400] {dag.py:2742} INFO - Sync 1 DAGs
[2023-08-20T21:20:55.346-0400] {logging_mixin.py:150} INFO - [2023-08-20T21:20:55.346-0400] {dag.py:3504} INFO - Setting next_dagrun for example_short_circuit_operator to 2023-08-20T01:20:55.346617+00:00, run_after=2023-08-21T01:20:55.346617+00:00
[2023-08-20T21:20:55.369-0400] {processor.py:179} INFO - Processing /home/mnguyen0226/anaconda3/envs/learning_scraper/lib/python3.11/site-packages/airflow/example_dags/example_short_circuit_operator.py took 0.085 seconds
