[2023-08-20T21:00:34.876-0400] {processor.py:157} INFO - Started process (PID=80512) to work on /home/mnguyen0226/anaconda3/envs/learning_scraper/lib/python3.11/site-packages/airflow/example_dags/example_branch_python_dop_operator_3.py
[2023-08-20T21:00:34.876-0400] {processor.py:826} INFO - Processing file /home/mnguyen0226/anaconda3/envs/learning_scraper/lib/python3.11/site-packages/airflow/example_dags/example_branch_python_dop_operator_3.py for tasks to queue
[2023-08-20T21:00:34.877-0400] {logging_mixin.py:150} INFO - [2023-08-20T21:00:34.877-0400] {dagbag.py:541} INFO - Filling up the DagBag from /home/mnguyen0226/anaconda3/envs/learning_scraper/lib/python3.11/site-packages/airflow/example_dags/example_branch_python_dop_operator_3.py
[2023-08-20T21:00:34.886-0400] {processor.py:836} INFO - DAG(s) dict_keys(['example_branch_dop_operator_v3']) retrieved from /home/mnguyen0226/anaconda3/envs/learning_scraper/lib/python3.11/site-packages/airflow/example_dags/example_branch_python_dop_operator_3.py
[2023-08-20T21:00:34.906-0400] {logging_mixin.py:150} INFO - [2023-08-20T21:00:34.906-0400] {dag.py:2742} INFO - Sync 1 DAGs
[2023-08-20T21:00:34.938-0400] {logging_mixin.py:150} INFO - [2023-08-20T21:00:34.938-0400] {dag.py:3504} INFO - Setting next_dagrun for example_branch_dop_operator_v3 to 2023-08-21T00:59:00+00:00, run_after=2023-08-21T01:00:00+00:00
[2023-08-20T21:00:35.011-0400] {processor.py:179} INFO - Processing /home/mnguyen0226/anaconda3/envs/learning_scraper/lib/python3.11/site-packages/airflow/example_dags/example_branch_python_dop_operator_3.py took 0.138 seconds
[2023-08-20T21:01:20.454-0400] {processor.py:157} INFO - Started process (PID=80929) to work on /home/mnguyen0226/anaconda3/envs/learning_scraper/lib/python3.11/site-packages/airflow/example_dags/example_branch_python_dop_operator_3.py
[2023-08-20T21:01:20.455-0400] {processor.py:826} INFO - Processing file /home/mnguyen0226/anaconda3/envs/learning_scraper/lib/python3.11/site-packages/airflow/example_dags/example_branch_python_dop_operator_3.py for tasks to queue
[2023-08-20T21:01:20.457-0400] {logging_mixin.py:150} INFO - [2023-08-20T21:01:20.456-0400] {dagbag.py:541} INFO - Filling up the DagBag from /home/mnguyen0226/anaconda3/envs/learning_scraper/lib/python3.11/site-packages/airflow/example_dags/example_branch_python_dop_operator_3.py
[2023-08-20T21:01:20.469-0400] {processor.py:836} INFO - DAG(s) dict_keys(['example_branch_dop_operator_v3']) retrieved from /home/mnguyen0226/anaconda3/envs/learning_scraper/lib/python3.11/site-packages/airflow/example_dags/example_branch_python_dop_operator_3.py
[2023-08-20T21:01:20.492-0400] {logging_mixin.py:150} INFO - [2023-08-20T21:01:20.492-0400] {dag.py:2742} INFO - Sync 1 DAGs
[2023-08-20T21:01:20.510-0400] {logging_mixin.py:150} INFO - [2023-08-20T21:01:20.510-0400] {dag.py:3504} INFO - Setting next_dagrun for example_branch_dop_operator_v3 to 2023-08-21T01:00:00+00:00, run_after=2023-08-21T01:01:00+00:00
[2023-08-20T21:01:20.533-0400] {processor.py:179} INFO - Processing /home/mnguyen0226/anaconda3/envs/learning_scraper/lib/python3.11/site-packages/airflow/example_dags/example_branch_python_dop_operator_3.py took 0.084 seconds
[2023-08-20T21:02:10.733-0400] {processor.py:157} INFO - Started process (PID=81204) to work on /home/mnguyen0226/anaconda3/envs/learning_scraper/lib/python3.11/site-packages/airflow/example_dags/example_branch_python_dop_operator_3.py
[2023-08-20T21:02:10.742-0400] {processor.py:826} INFO - Processing file /home/mnguyen0226/anaconda3/envs/learning_scraper/lib/python3.11/site-packages/airflow/example_dags/example_branch_python_dop_operator_3.py for tasks to queue
[2023-08-20T21:02:10.743-0400] {logging_mixin.py:150} INFO - [2023-08-20T21:02:10.743-0400] {dagbag.py:541} INFO - Filling up the DagBag from /home/mnguyen0226/anaconda3/envs/learning_scraper/lib/python3.11/site-packages/airflow/example_dags/example_branch_python_dop_operator_3.py
[2023-08-20T21:02:10.758-0400] {processor.py:836} INFO - DAG(s) dict_keys(['example_branch_dop_operator_v3']) retrieved from /home/mnguyen0226/anaconda3/envs/learning_scraper/lib/python3.11/site-packages/airflow/example_dags/example_branch_python_dop_operator_3.py
[2023-08-20T21:02:10.788-0400] {logging_mixin.py:150} INFO - [2023-08-20T21:02:10.788-0400] {dag.py:2742} INFO - Sync 1 DAGs
[2023-08-20T21:02:10.823-0400] {logging_mixin.py:150} INFO - [2023-08-20T21:02:10.823-0400] {dag.py:3504} INFO - Setting next_dagrun for example_branch_dop_operator_v3 to 2023-08-21T01:01:00+00:00, run_after=2023-08-21T01:02:00+00:00
[2023-08-20T21:02:10.854-0400] {processor.py:179} INFO - Processing /home/mnguyen0226/anaconda3/envs/learning_scraper/lib/python3.11/site-packages/airflow/example_dags/example_branch_python_dop_operator_3.py took 0.124 seconds
[2023-08-20T21:03:32.917-0400] {processor.py:157} INFO - Started process (PID=81809) to work on /home/mnguyen0226/anaconda3/envs/learning_scraper/lib/python3.11/site-packages/airflow/example_dags/example_branch_python_dop_operator_3.py
[2023-08-20T21:03:32.926-0400] {processor.py:826} INFO - Processing file /home/mnguyen0226/anaconda3/envs/learning_scraper/lib/python3.11/site-packages/airflow/example_dags/example_branch_python_dop_operator_3.py for tasks to queue
[2023-08-20T21:03:32.929-0400] {logging_mixin.py:150} INFO - [2023-08-20T21:03:32.928-0400] {dagbag.py:541} INFO - Filling up the DagBag from /home/mnguyen0226/anaconda3/envs/learning_scraper/lib/python3.11/site-packages/airflow/example_dags/example_branch_python_dop_operator_3.py
[2023-08-20T21:03:32.941-0400] {processor.py:836} INFO - DAG(s) dict_keys(['example_branch_dop_operator_v3']) retrieved from /home/mnguyen0226/anaconda3/envs/learning_scraper/lib/python3.11/site-packages/airflow/example_dags/example_branch_python_dop_operator_3.py
[2023-08-20T21:03:32.962-0400] {logging_mixin.py:150} INFO - [2023-08-20T21:03:32.962-0400] {dag.py:2742} INFO - Sync 1 DAGs
[2023-08-20T21:03:32.993-0400] {logging_mixin.py:150} INFO - [2023-08-20T21:03:32.992-0400] {dag.py:3504} INFO - Setting next_dagrun for example_branch_dop_operator_v3 to 2023-08-21T01:02:00+00:00, run_after=2023-08-21T01:03:00+00:00
[2023-08-20T21:03:33.021-0400] {processor.py:179} INFO - Processing /home/mnguyen0226/anaconda3/envs/learning_scraper/lib/python3.11/site-packages/airflow/example_dags/example_branch_python_dop_operator_3.py took 0.107 seconds
[2023-08-20T21:04:19.675-0400] {processor.py:157} INFO - Started process (PID=83018) to work on /home/mnguyen0226/anaconda3/envs/learning_scraper/lib/python3.11/site-packages/airflow/example_dags/example_branch_python_dop_operator_3.py
[2023-08-20T21:04:19.677-0400] {processor.py:826} INFO - Processing file /home/mnguyen0226/anaconda3/envs/learning_scraper/lib/python3.11/site-packages/airflow/example_dags/example_branch_python_dop_operator_3.py for tasks to queue
[2023-08-20T21:04:19.678-0400] {logging_mixin.py:150} INFO - [2023-08-20T21:04:19.677-0400] {dagbag.py:541} INFO - Filling up the DagBag from /home/mnguyen0226/anaconda3/envs/learning_scraper/lib/python3.11/site-packages/airflow/example_dags/example_branch_python_dop_operator_3.py
[2023-08-20T21:04:19.691-0400] {processor.py:836} INFO - DAG(s) dict_keys(['example_branch_dop_operator_v3']) retrieved from /home/mnguyen0226/anaconda3/envs/learning_scraper/lib/python3.11/site-packages/airflow/example_dags/example_branch_python_dop_operator_3.py
[2023-08-20T21:04:19.715-0400] {logging_mixin.py:150} INFO - [2023-08-20T21:04:19.715-0400] {dag.py:2742} INFO - Sync 1 DAGs
[2023-08-20T21:04:19.735-0400] {logging_mixin.py:150} INFO - [2023-08-20T21:04:19.735-0400] {dag.py:3504} INFO - Setting next_dagrun for example_branch_dop_operator_v3 to 2023-08-21T01:03:00+00:00, run_after=2023-08-21T01:04:00+00:00
[2023-08-20T21:04:19.757-0400] {processor.py:179} INFO - Processing /home/mnguyen0226/anaconda3/envs/learning_scraper/lib/python3.11/site-packages/airflow/example_dags/example_branch_python_dop_operator_3.py took 0.086 seconds
[2023-08-20T21:05:11.578-0400] {processor.py:157} INFO - Started process (PID=83297) to work on /home/mnguyen0226/anaconda3/envs/learning_scraper/lib/python3.11/site-packages/airflow/example_dags/example_branch_python_dop_operator_3.py
[2023-08-20T21:05:11.579-0400] {processor.py:826} INFO - Processing file /home/mnguyen0226/anaconda3/envs/learning_scraper/lib/python3.11/site-packages/airflow/example_dags/example_branch_python_dop_operator_3.py for tasks to queue
[2023-08-20T21:05:11.580-0400] {logging_mixin.py:150} INFO - [2023-08-20T21:05:11.580-0400] {dagbag.py:541} INFO - Filling up the DagBag from /home/mnguyen0226/anaconda3/envs/learning_scraper/lib/python3.11/site-packages/airflow/example_dags/example_branch_python_dop_operator_3.py
[2023-08-20T21:05:11.593-0400] {processor.py:836} INFO - DAG(s) dict_keys(['example_branch_dop_operator_v3']) retrieved from /home/mnguyen0226/anaconda3/envs/learning_scraper/lib/python3.11/site-packages/airflow/example_dags/example_branch_python_dop_operator_3.py
[2023-08-20T21:05:11.621-0400] {logging_mixin.py:150} INFO - [2023-08-20T21:05:11.621-0400] {dag.py:2742} INFO - Sync 1 DAGs
[2023-08-20T21:05:11.653-0400] {logging_mixin.py:150} INFO - [2023-08-20T21:05:11.653-0400] {dag.py:3504} INFO - Setting next_dagrun for example_branch_dop_operator_v3 to 2023-08-21T01:04:00+00:00, run_after=2023-08-21T01:05:00+00:00
[2023-08-20T21:05:11.683-0400] {processor.py:179} INFO - Processing /home/mnguyen0226/anaconda3/envs/learning_scraper/lib/python3.11/site-packages/airflow/example_dags/example_branch_python_dop_operator_3.py took 0.108 seconds
[2023-08-20T21:06:03.398-0400] {processor.py:157} INFO - Started process (PID=83518) to work on /home/mnguyen0226/anaconda3/envs/learning_scraper/lib/python3.11/site-packages/airflow/example_dags/example_branch_python_dop_operator_3.py
[2023-08-20T21:06:03.404-0400] {processor.py:826} INFO - Processing file /home/mnguyen0226/anaconda3/envs/learning_scraper/lib/python3.11/site-packages/airflow/example_dags/example_branch_python_dop_operator_3.py for tasks to queue
[2023-08-20T21:06:03.405-0400] {logging_mixin.py:150} INFO - [2023-08-20T21:06:03.405-0400] {dagbag.py:541} INFO - Filling up the DagBag from /home/mnguyen0226/anaconda3/envs/learning_scraper/lib/python3.11/site-packages/airflow/example_dags/example_branch_python_dop_operator_3.py
[2023-08-20T21:06:03.422-0400] {processor.py:836} INFO - DAG(s) dict_keys(['example_branch_dop_operator_v3']) retrieved from /home/mnguyen0226/anaconda3/envs/learning_scraper/lib/python3.11/site-packages/airflow/example_dags/example_branch_python_dop_operator_3.py
[2023-08-20T21:06:03.453-0400] {logging_mixin.py:150} INFO - [2023-08-20T21:06:03.452-0400] {dag.py:2742} INFO - Sync 1 DAGs
[2023-08-20T21:06:03.479-0400] {logging_mixin.py:150} INFO - [2023-08-20T21:06:03.479-0400] {dag.py:3504} INFO - Setting next_dagrun for example_branch_dop_operator_v3 to 2023-08-21T01:05:00+00:00, run_after=2023-08-21T01:06:00+00:00
[2023-08-20T21:06:03.503-0400] {processor.py:179} INFO - Processing /home/mnguyen0226/anaconda3/envs/learning_scraper/lib/python3.11/site-packages/airflow/example_dags/example_branch_python_dop_operator_3.py took 0.109 seconds
[2023-08-20T21:07:01.956-0400] {processor.py:157} INFO - Started process (PID=83810) to work on /home/mnguyen0226/anaconda3/envs/learning_scraper/lib/python3.11/site-packages/airflow/example_dags/example_branch_python_dop_operator_3.py
[2023-08-20T21:07:01.965-0400] {processor.py:826} INFO - Processing file /home/mnguyen0226/anaconda3/envs/learning_scraper/lib/python3.11/site-packages/airflow/example_dags/example_branch_python_dop_operator_3.py for tasks to queue
[2023-08-20T21:07:01.967-0400] {logging_mixin.py:150} INFO - [2023-08-20T21:07:01.966-0400] {dagbag.py:541} INFO - Filling up the DagBag from /home/mnguyen0226/anaconda3/envs/learning_scraper/lib/python3.11/site-packages/airflow/example_dags/example_branch_python_dop_operator_3.py
[2023-08-20T21:07:01.980-0400] {processor.py:836} INFO - DAG(s) dict_keys(['example_branch_dop_operator_v3']) retrieved from /home/mnguyen0226/anaconda3/envs/learning_scraper/lib/python3.11/site-packages/airflow/example_dags/example_branch_python_dop_operator_3.py
[2023-08-20T21:07:02.011-0400] {logging_mixin.py:150} INFO - [2023-08-20T21:07:02.011-0400] {dag.py:2742} INFO - Sync 1 DAGs
[2023-08-20T21:07:02.118-0400] {logging_mixin.py:150} INFO - [2023-08-20T21:07:02.118-0400] {dag.py:3504} INFO - Setting next_dagrun for example_branch_dop_operator_v3 to 2023-08-21T01:06:00+00:00, run_after=2023-08-21T01:07:00+00:00
[2023-08-20T21:07:02.146-0400] {processor.py:179} INFO - Processing /home/mnguyen0226/anaconda3/envs/learning_scraper/lib/python3.11/site-packages/airflow/example_dags/example_branch_python_dop_operator_3.py took 0.194 seconds
[2023-08-20T21:08:04.435-0400] {processor.py:157} INFO - Started process (PID=84024) to work on /home/mnguyen0226/anaconda3/envs/learning_scraper/lib/python3.11/site-packages/airflow/example_dags/example_branch_python_dop_operator_3.py
[2023-08-20T21:08:04.445-0400] {processor.py:826} INFO - Processing file /home/mnguyen0226/anaconda3/envs/learning_scraper/lib/python3.11/site-packages/airflow/example_dags/example_branch_python_dop_operator_3.py for tasks to queue
[2023-08-20T21:08:04.447-0400] {logging_mixin.py:150} INFO - [2023-08-20T21:08:04.446-0400] {dagbag.py:541} INFO - Filling up the DagBag from /home/mnguyen0226/anaconda3/envs/learning_scraper/lib/python3.11/site-packages/airflow/example_dags/example_branch_python_dop_operator_3.py
[2023-08-20T21:08:04.461-0400] {processor.py:836} INFO - DAG(s) dict_keys(['example_branch_dop_operator_v3']) retrieved from /home/mnguyen0226/anaconda3/envs/learning_scraper/lib/python3.11/site-packages/airflow/example_dags/example_branch_python_dop_operator_3.py
[2023-08-20T21:08:04.488-0400] {logging_mixin.py:150} INFO - [2023-08-20T21:08:04.487-0400] {dag.py:2742} INFO - Sync 1 DAGs
[2023-08-20T21:08:04.525-0400] {logging_mixin.py:150} INFO - [2023-08-20T21:08:04.525-0400] {dag.py:3504} INFO - Setting next_dagrun for example_branch_dop_operator_v3 to 2023-08-21T01:07:00+00:00, run_after=2023-08-21T01:08:00+00:00
[2023-08-20T21:08:04.552-0400] {processor.py:179} INFO - Processing /home/mnguyen0226/anaconda3/envs/learning_scraper/lib/python3.11/site-packages/airflow/example_dags/example_branch_python_dop_operator_3.py took 0.121 seconds
[2023-08-20T21:08:57.142-0400] {processor.py:157} INFO - Started process (PID=84297) to work on /home/mnguyen0226/anaconda3/envs/learning_scraper/lib/python3.11/site-packages/airflow/example_dags/example_branch_python_dop_operator_3.py
[2023-08-20T21:08:57.153-0400] {processor.py:826} INFO - Processing file /home/mnguyen0226/anaconda3/envs/learning_scraper/lib/python3.11/site-packages/airflow/example_dags/example_branch_python_dop_operator_3.py for tasks to queue
[2023-08-20T21:08:57.154-0400] {logging_mixin.py:150} INFO - [2023-08-20T21:08:57.153-0400] {dagbag.py:541} INFO - Filling up the DagBag from /home/mnguyen0226/anaconda3/envs/learning_scraper/lib/python3.11/site-packages/airflow/example_dags/example_branch_python_dop_operator_3.py
[2023-08-20T21:08:57.166-0400] {processor.py:836} INFO - DAG(s) dict_keys(['example_branch_dop_operator_v3']) retrieved from /home/mnguyen0226/anaconda3/envs/learning_scraper/lib/python3.11/site-packages/airflow/example_dags/example_branch_python_dop_operator_3.py
[2023-08-20T21:08:57.195-0400] {logging_mixin.py:150} INFO - [2023-08-20T21:08:57.195-0400] {dag.py:2742} INFO - Sync 1 DAGs
[2023-08-20T21:08:57.236-0400] {logging_mixin.py:150} INFO - [2023-08-20T21:08:57.236-0400] {dag.py:3504} INFO - Setting next_dagrun for example_branch_dop_operator_v3 to 2023-08-21T01:07:00+00:00, run_after=2023-08-21T01:08:00+00:00
[2023-08-20T21:08:57.270-0400] {processor.py:179} INFO - Processing /home/mnguyen0226/anaconda3/envs/learning_scraper/lib/python3.11/site-packages/airflow/example_dags/example_branch_python_dop_operator_3.py took 0.133 seconds
[2023-08-20T21:09:51.344-0400] {processor.py:157} INFO - Started process (PID=84567) to work on /home/mnguyen0226/anaconda3/envs/learning_scraper/lib/python3.11/site-packages/airflow/example_dags/example_branch_python_dop_operator_3.py
[2023-08-20T21:09:51.346-0400] {processor.py:826} INFO - Processing file /home/mnguyen0226/anaconda3/envs/learning_scraper/lib/python3.11/site-packages/airflow/example_dags/example_branch_python_dop_operator_3.py for tasks to queue
[2023-08-20T21:09:51.347-0400] {logging_mixin.py:150} INFO - [2023-08-20T21:09:51.347-0400] {dagbag.py:541} INFO - Filling up the DagBag from /home/mnguyen0226/anaconda3/envs/learning_scraper/lib/python3.11/site-packages/airflow/example_dags/example_branch_python_dop_operator_3.py
[2023-08-20T21:09:51.364-0400] {processor.py:836} INFO - DAG(s) dict_keys(['example_branch_dop_operator_v3']) retrieved from /home/mnguyen0226/anaconda3/envs/learning_scraper/lib/python3.11/site-packages/airflow/example_dags/example_branch_python_dop_operator_3.py
[2023-08-20T21:09:51.395-0400] {logging_mixin.py:150} INFO - [2023-08-20T21:09:51.394-0400] {dag.py:2742} INFO - Sync 1 DAGs
[2023-08-20T21:09:51.427-0400] {logging_mixin.py:150} INFO - [2023-08-20T21:09:51.426-0400] {dag.py:3504} INFO - Setting next_dagrun for example_branch_dop_operator_v3 to 2023-08-21T01:08:00+00:00, run_after=2023-08-21T01:09:00+00:00
[2023-08-20T21:09:51.449-0400] {processor.py:179} INFO - Processing /home/mnguyen0226/anaconda3/envs/learning_scraper/lib/python3.11/site-packages/airflow/example_dags/example_branch_python_dop_operator_3.py took 0.110 seconds
[2023-08-20T21:10:50.347-0400] {processor.py:157} INFO - Started process (PID=84828) to work on /home/mnguyen0226/anaconda3/envs/learning_scraper/lib/python3.11/site-packages/airflow/example_dags/example_branch_python_dop_operator_3.py
[2023-08-20T21:10:50.348-0400] {processor.py:826} INFO - Processing file /home/mnguyen0226/anaconda3/envs/learning_scraper/lib/python3.11/site-packages/airflow/example_dags/example_branch_python_dop_operator_3.py for tasks to queue
[2023-08-20T21:10:50.349-0400] {logging_mixin.py:150} INFO - [2023-08-20T21:10:50.349-0400] {dagbag.py:541} INFO - Filling up the DagBag from /home/mnguyen0226/anaconda3/envs/learning_scraper/lib/python3.11/site-packages/airflow/example_dags/example_branch_python_dop_operator_3.py
[2023-08-20T21:10:50.363-0400] {processor.py:836} INFO - DAG(s) dict_keys(['example_branch_dop_operator_v3']) retrieved from /home/mnguyen0226/anaconda3/envs/learning_scraper/lib/python3.11/site-packages/airflow/example_dags/example_branch_python_dop_operator_3.py
[2023-08-20T21:10:50.392-0400] {logging_mixin.py:150} INFO - [2023-08-20T21:10:50.392-0400] {dag.py:2742} INFO - Sync 1 DAGs
[2023-08-20T21:10:50.429-0400] {logging_mixin.py:150} INFO - [2023-08-20T21:10:50.428-0400] {dag.py:3504} INFO - Setting next_dagrun for example_branch_dop_operator_v3 to 2023-08-21T01:09:00+00:00, run_after=2023-08-21T01:10:00+00:00
[2023-08-20T21:10:50.466-0400] {processor.py:179} INFO - Processing /home/mnguyen0226/anaconda3/envs/learning_scraper/lib/python3.11/site-packages/airflow/example_dags/example_branch_python_dop_operator_3.py took 0.125 seconds
[2023-08-20T21:11:41.574-0400] {processor.py:157} INFO - Started process (PID=85079) to work on /home/mnguyen0226/anaconda3/envs/learning_scraper/lib/python3.11/site-packages/airflow/example_dags/example_branch_python_dop_operator_3.py
[2023-08-20T21:11:41.575-0400] {processor.py:826} INFO - Processing file /home/mnguyen0226/anaconda3/envs/learning_scraper/lib/python3.11/site-packages/airflow/example_dags/example_branch_python_dop_operator_3.py for tasks to queue
[2023-08-20T21:11:41.577-0400] {logging_mixin.py:150} INFO - [2023-08-20T21:11:41.576-0400] {dagbag.py:541} INFO - Filling up the DagBag from /home/mnguyen0226/anaconda3/envs/learning_scraper/lib/python3.11/site-packages/airflow/example_dags/example_branch_python_dop_operator_3.py
[2023-08-20T21:11:41.588-0400] {processor.py:836} INFO - DAG(s) dict_keys(['example_branch_dop_operator_v3']) retrieved from /home/mnguyen0226/anaconda3/envs/learning_scraper/lib/python3.11/site-packages/airflow/example_dags/example_branch_python_dop_operator_3.py
[2023-08-20T21:11:41.605-0400] {logging_mixin.py:150} INFO - [2023-08-20T21:11:41.605-0400] {dag.py:2742} INFO - Sync 1 DAGs
[2023-08-20T21:11:41.624-0400] {logging_mixin.py:150} INFO - [2023-08-20T21:11:41.624-0400] {dag.py:3504} INFO - Setting next_dagrun for example_branch_dop_operator_v3 to 2023-08-21T01:10:00+00:00, run_after=2023-08-21T01:11:00+00:00
[2023-08-20T21:11:41.647-0400] {processor.py:179} INFO - Processing /home/mnguyen0226/anaconda3/envs/learning_scraper/lib/python3.11/site-packages/airflow/example_dags/example_branch_python_dop_operator_3.py took 0.077 seconds
[2023-08-20T21:12:34.647-0400] {processor.py:157} INFO - Started process (PID=85486) to work on /home/mnguyen0226/anaconda3/envs/learning_scraper/lib/python3.11/site-packages/airflow/example_dags/example_branch_python_dop_operator_3.py
[2023-08-20T21:12:34.649-0400] {processor.py:826} INFO - Processing file /home/mnguyen0226/anaconda3/envs/learning_scraper/lib/python3.11/site-packages/airflow/example_dags/example_branch_python_dop_operator_3.py for tasks to queue
[2023-08-20T21:12:34.650-0400] {logging_mixin.py:150} INFO - [2023-08-20T21:12:34.649-0400] {dagbag.py:541} INFO - Filling up the DagBag from /home/mnguyen0226/anaconda3/envs/learning_scraper/lib/python3.11/site-packages/airflow/example_dags/example_branch_python_dop_operator_3.py
[2023-08-20T21:12:34.664-0400] {processor.py:836} INFO - DAG(s) dict_keys(['example_branch_dop_operator_v3']) retrieved from /home/mnguyen0226/anaconda3/envs/learning_scraper/lib/python3.11/site-packages/airflow/example_dags/example_branch_python_dop_operator_3.py
[2023-08-20T21:12:34.694-0400] {logging_mixin.py:150} INFO - [2023-08-20T21:12:34.694-0400] {dag.py:2742} INFO - Sync 1 DAGs
[2023-08-20T21:12:34.734-0400] {logging_mixin.py:150} INFO - [2023-08-20T21:12:34.734-0400] {dag.py:3504} INFO - Setting next_dagrun for example_branch_dop_operator_v3 to 2023-08-21T01:11:00+00:00, run_after=2023-08-21T01:12:00+00:00
[2023-08-20T21:12:34.775-0400] {processor.py:179} INFO - Processing /home/mnguyen0226/anaconda3/envs/learning_scraper/lib/python3.11/site-packages/airflow/example_dags/example_branch_python_dop_operator_3.py took 0.133 seconds
[2023-08-20T21:13:30.740-0400] {processor.py:157} INFO - Started process (PID=85888) to work on /home/mnguyen0226/anaconda3/envs/learning_scraper/lib/python3.11/site-packages/airflow/example_dags/example_branch_python_dop_operator_3.py
[2023-08-20T21:13:30.740-0400] {processor.py:826} INFO - Processing file /home/mnguyen0226/anaconda3/envs/learning_scraper/lib/python3.11/site-packages/airflow/example_dags/example_branch_python_dop_operator_3.py for tasks to queue
[2023-08-20T21:13:30.741-0400] {logging_mixin.py:150} INFO - [2023-08-20T21:13:30.741-0400] {dagbag.py:541} INFO - Filling up the DagBag from /home/mnguyen0226/anaconda3/envs/learning_scraper/lib/python3.11/site-packages/airflow/example_dags/example_branch_python_dop_operator_3.py
[2023-08-20T21:13:30.749-0400] {processor.py:836} INFO - DAG(s) dict_keys(['example_branch_dop_operator_v3']) retrieved from /home/mnguyen0226/anaconda3/envs/learning_scraper/lib/python3.11/site-packages/airflow/example_dags/example_branch_python_dop_operator_3.py
[2023-08-20T21:13:30.765-0400] {logging_mixin.py:150} INFO - [2023-08-20T21:13:30.765-0400] {dag.py:2742} INFO - Sync 1 DAGs
[2023-08-20T21:13:30.782-0400] {logging_mixin.py:150} INFO - [2023-08-20T21:13:30.782-0400] {dag.py:3504} INFO - Setting next_dagrun for example_branch_dop_operator_v3 to 2023-08-21T01:12:00+00:00, run_after=2023-08-21T01:13:00+00:00
[2023-08-20T21:13:30.810-0400] {processor.py:179} INFO - Processing /home/mnguyen0226/anaconda3/envs/learning_scraper/lib/python3.11/site-packages/airflow/example_dags/example_branch_python_dop_operator_3.py took 0.072 seconds
[2023-08-20T21:14:31.204-0400] {processor.py:157} INFO - Started process (PID=86174) to work on /home/mnguyen0226/anaconda3/envs/learning_scraper/lib/python3.11/site-packages/airflow/example_dags/example_branch_python_dop_operator_3.py
[2023-08-20T21:14:31.204-0400] {processor.py:826} INFO - Processing file /home/mnguyen0226/anaconda3/envs/learning_scraper/lib/python3.11/site-packages/airflow/example_dags/example_branch_python_dop_operator_3.py for tasks to queue
[2023-08-20T21:14:31.205-0400] {logging_mixin.py:150} INFO - [2023-08-20T21:14:31.205-0400] {dagbag.py:541} INFO - Filling up the DagBag from /home/mnguyen0226/anaconda3/envs/learning_scraper/lib/python3.11/site-packages/airflow/example_dags/example_branch_python_dop_operator_3.py
[2023-08-20T21:14:31.213-0400] {processor.py:836} INFO - DAG(s) dict_keys(['example_branch_dop_operator_v3']) retrieved from /home/mnguyen0226/anaconda3/envs/learning_scraper/lib/python3.11/site-packages/airflow/example_dags/example_branch_python_dop_operator_3.py
[2023-08-20T21:14:31.229-0400] {logging_mixin.py:150} INFO - [2023-08-20T21:14:31.229-0400] {dag.py:2742} INFO - Sync 1 DAGs
[2023-08-20T21:14:31.250-0400] {logging_mixin.py:150} INFO - [2023-08-20T21:14:31.250-0400] {dag.py:3504} INFO - Setting next_dagrun for example_branch_dop_operator_v3 to 2023-08-21T01:13:00+00:00, run_after=2023-08-21T01:14:00+00:00
[2023-08-20T21:14:31.282-0400] {processor.py:179} INFO - Processing /home/mnguyen0226/anaconda3/envs/learning_scraper/lib/python3.11/site-packages/airflow/example_dags/example_branch_python_dop_operator_3.py took 0.080 seconds
[2023-08-20T21:15:25.941-0400] {processor.py:157} INFO - Started process (PID=86374) to work on /home/mnguyen0226/anaconda3/envs/learning_scraper/lib/python3.11/site-packages/airflow/example_dags/example_branch_python_dop_operator_3.py
[2023-08-20T21:15:25.942-0400] {processor.py:826} INFO - Processing file /home/mnguyen0226/anaconda3/envs/learning_scraper/lib/python3.11/site-packages/airflow/example_dags/example_branch_python_dop_operator_3.py for tasks to queue
[2023-08-20T21:15:25.943-0400] {logging_mixin.py:150} INFO - [2023-08-20T21:15:25.942-0400] {dagbag.py:541} INFO - Filling up the DagBag from /home/mnguyen0226/anaconda3/envs/learning_scraper/lib/python3.11/site-packages/airflow/example_dags/example_branch_python_dop_operator_3.py
[2023-08-20T21:15:25.952-0400] {processor.py:836} INFO - DAG(s) dict_keys(['example_branch_dop_operator_v3']) retrieved from /home/mnguyen0226/anaconda3/envs/learning_scraper/lib/python3.11/site-packages/airflow/example_dags/example_branch_python_dop_operator_3.py
[2023-08-20T21:15:25.965-0400] {logging_mixin.py:150} INFO - [2023-08-20T21:15:25.965-0400] {dag.py:2742} INFO - Sync 1 DAGs
[2023-08-20T21:15:25.982-0400] {logging_mixin.py:150} INFO - [2023-08-20T21:15:25.982-0400] {dag.py:3504} INFO - Setting next_dagrun for example_branch_dop_operator_v3 to 2023-08-21T01:14:00+00:00, run_after=2023-08-21T01:15:00+00:00
[2023-08-20T21:15:26.005-0400] {processor.py:179} INFO - Processing /home/mnguyen0226/anaconda3/envs/learning_scraper/lib/python3.11/site-packages/airflow/example_dags/example_branch_python_dop_operator_3.py took 0.067 seconds
[2023-08-20T21:16:17.215-0400] {processor.py:157} INFO - Started process (PID=86561) to work on /home/mnguyen0226/anaconda3/envs/learning_scraper/lib/python3.11/site-packages/airflow/example_dags/example_branch_python_dop_operator_3.py
[2023-08-20T21:16:17.216-0400] {processor.py:826} INFO - Processing file /home/mnguyen0226/anaconda3/envs/learning_scraper/lib/python3.11/site-packages/airflow/example_dags/example_branch_python_dop_operator_3.py for tasks to queue
[2023-08-20T21:16:17.218-0400] {logging_mixin.py:150} INFO - [2023-08-20T21:16:17.217-0400] {dagbag.py:541} INFO - Filling up the DagBag from /home/mnguyen0226/anaconda3/envs/learning_scraper/lib/python3.11/site-packages/airflow/example_dags/example_branch_python_dop_operator_3.py
[2023-08-20T21:16:17.229-0400] {processor.py:836} INFO - DAG(s) dict_keys(['example_branch_dop_operator_v3']) retrieved from /home/mnguyen0226/anaconda3/envs/learning_scraper/lib/python3.11/site-packages/airflow/example_dags/example_branch_python_dop_operator_3.py
[2023-08-20T21:16:17.253-0400] {logging_mixin.py:150} INFO - [2023-08-20T21:16:17.253-0400] {dag.py:2742} INFO - Sync 1 DAGs
[2023-08-20T21:16:17.296-0400] {logging_mixin.py:150} INFO - [2023-08-20T21:16:17.295-0400] {dag.py:3504} INFO - Setting next_dagrun for example_branch_dop_operator_v3 to 2023-08-21T01:15:00+00:00, run_after=2023-08-21T01:16:00+00:00
[2023-08-20T21:16:17.332-0400] {processor.py:179} INFO - Processing /home/mnguyen0226/anaconda3/envs/learning_scraper/lib/python3.11/site-packages/airflow/example_dags/example_branch_python_dop_operator_3.py took 0.121 seconds
[2023-08-20T21:17:13.363-0400] {processor.py:157} INFO - Started process (PID=86990) to work on /home/mnguyen0226/anaconda3/envs/learning_scraper/lib/python3.11/site-packages/airflow/example_dags/example_branch_python_dop_operator_3.py
[2023-08-20T21:17:13.364-0400] {processor.py:826} INFO - Processing file /home/mnguyen0226/anaconda3/envs/learning_scraper/lib/python3.11/site-packages/airflow/example_dags/example_branch_python_dop_operator_3.py for tasks to queue
[2023-08-20T21:17:13.365-0400] {logging_mixin.py:150} INFO - [2023-08-20T21:17:13.365-0400] {dagbag.py:541} INFO - Filling up the DagBag from /home/mnguyen0226/anaconda3/envs/learning_scraper/lib/python3.11/site-packages/airflow/example_dags/example_branch_python_dop_operator_3.py
[2023-08-20T21:17:13.371-0400] {processor.py:836} INFO - DAG(s) dict_keys(['example_branch_dop_operator_v3']) retrieved from /home/mnguyen0226/anaconda3/envs/learning_scraper/lib/python3.11/site-packages/airflow/example_dags/example_branch_python_dop_operator_3.py
[2023-08-20T21:17:13.385-0400] {logging_mixin.py:150} INFO - [2023-08-20T21:17:13.385-0400] {dag.py:2742} INFO - Sync 1 DAGs
[2023-08-20T21:17:13.403-0400] {logging_mixin.py:150} INFO - [2023-08-20T21:17:13.403-0400] {dag.py:3504} INFO - Setting next_dagrun for example_branch_dop_operator_v3 to 2023-08-21T01:16:00+00:00, run_after=2023-08-21T01:17:00+00:00
[2023-08-20T21:17:13.426-0400] {processor.py:179} INFO - Processing /home/mnguyen0226/anaconda3/envs/learning_scraper/lib/python3.11/site-packages/airflow/example_dags/example_branch_python_dop_operator_3.py took 0.065 seconds
[2023-08-20T21:18:05.397-0400] {processor.py:157} INFO - Started process (PID=87243) to work on /home/mnguyen0226/anaconda3/envs/learning_scraper/lib/python3.11/site-packages/airflow/example_dags/example_branch_python_dop_operator_3.py
[2023-08-20T21:18:05.397-0400] {processor.py:826} INFO - Processing file /home/mnguyen0226/anaconda3/envs/learning_scraper/lib/python3.11/site-packages/airflow/example_dags/example_branch_python_dop_operator_3.py for tasks to queue
[2023-08-20T21:18:05.398-0400] {logging_mixin.py:150} INFO - [2023-08-20T21:18:05.398-0400] {dagbag.py:541} INFO - Filling up the DagBag from /home/mnguyen0226/anaconda3/envs/learning_scraper/lib/python3.11/site-packages/airflow/example_dags/example_branch_python_dop_operator_3.py
[2023-08-20T21:18:05.405-0400] {processor.py:836} INFO - DAG(s) dict_keys(['example_branch_dop_operator_v3']) retrieved from /home/mnguyen0226/anaconda3/envs/learning_scraper/lib/python3.11/site-packages/airflow/example_dags/example_branch_python_dop_operator_3.py
[2023-08-20T21:18:05.419-0400] {logging_mixin.py:150} INFO - [2023-08-20T21:18:05.419-0400] {dag.py:2742} INFO - Sync 1 DAGs
[2023-08-20T21:18:05.436-0400] {logging_mixin.py:150} INFO - [2023-08-20T21:18:05.436-0400] {dag.py:3504} INFO - Setting next_dagrun for example_branch_dop_operator_v3 to 2023-08-21T01:17:00+00:00, run_after=2023-08-21T01:18:00+00:00
[2023-08-20T21:18:05.457-0400] {processor.py:179} INFO - Processing /home/mnguyen0226/anaconda3/envs/learning_scraper/lib/python3.11/site-packages/airflow/example_dags/example_branch_python_dop_operator_3.py took 0.063 seconds
[2023-08-20T21:19:04.043-0400] {processor.py:157} INFO - Started process (PID=87495) to work on /home/mnguyen0226/anaconda3/envs/learning_scraper/lib/python3.11/site-packages/airflow/example_dags/example_branch_python_dop_operator_3.py
[2023-08-20T21:19:04.045-0400] {processor.py:826} INFO - Processing file /home/mnguyen0226/anaconda3/envs/learning_scraper/lib/python3.11/site-packages/airflow/example_dags/example_branch_python_dop_operator_3.py for tasks to queue
[2023-08-20T21:19:04.046-0400] {logging_mixin.py:150} INFO - [2023-08-20T21:19:04.045-0400] {dagbag.py:541} INFO - Filling up the DagBag from /home/mnguyen0226/anaconda3/envs/learning_scraper/lib/python3.11/site-packages/airflow/example_dags/example_branch_python_dop_operator_3.py
[2023-08-20T21:19:04.059-0400] {processor.py:836} INFO - DAG(s) dict_keys(['example_branch_dop_operator_v3']) retrieved from /home/mnguyen0226/anaconda3/envs/learning_scraper/lib/python3.11/site-packages/airflow/example_dags/example_branch_python_dop_operator_3.py
[2023-08-20T21:19:04.082-0400] {logging_mixin.py:150} INFO - [2023-08-20T21:19:04.082-0400] {dag.py:2742} INFO - Sync 1 DAGs
[2023-08-20T21:19:04.101-0400] {logging_mixin.py:150} INFO - [2023-08-20T21:19:04.101-0400] {dag.py:3504} INFO - Setting next_dagrun for example_branch_dop_operator_v3 to 2023-08-21T01:18:00+00:00, run_after=2023-08-21T01:19:00+00:00
[2023-08-20T21:19:04.122-0400] {processor.py:179} INFO - Processing /home/mnguyen0226/anaconda3/envs/learning_scraper/lib/python3.11/site-packages/airflow/example_dags/example_branch_python_dop_operator_3.py took 0.084 seconds
[2023-08-20T21:19:55.734-0400] {processor.py:157} INFO - Started process (PID=87924) to work on /home/mnguyen0226/anaconda3/envs/learning_scraper/lib/python3.11/site-packages/airflow/example_dags/example_branch_python_dop_operator_3.py
[2023-08-20T21:19:55.736-0400] {processor.py:826} INFO - Processing file /home/mnguyen0226/anaconda3/envs/learning_scraper/lib/python3.11/site-packages/airflow/example_dags/example_branch_python_dop_operator_3.py for tasks to queue
[2023-08-20T21:19:55.737-0400] {logging_mixin.py:150} INFO - [2023-08-20T21:19:55.737-0400] {dagbag.py:541} INFO - Filling up the DagBag from /home/mnguyen0226/anaconda3/envs/learning_scraper/lib/python3.11/site-packages/airflow/example_dags/example_branch_python_dop_operator_3.py
[2023-08-20T21:19:55.746-0400] {processor.py:836} INFO - DAG(s) dict_keys(['example_branch_dop_operator_v3']) retrieved from /home/mnguyen0226/anaconda3/envs/learning_scraper/lib/python3.11/site-packages/airflow/example_dags/example_branch_python_dop_operator_3.py
[2023-08-20T21:19:55.766-0400] {logging_mixin.py:150} INFO - [2023-08-20T21:19:55.766-0400] {dag.py:2742} INFO - Sync 1 DAGs
[2023-08-20T21:19:55.806-0400] {logging_mixin.py:150} INFO - [2023-08-20T21:19:55.805-0400] {dag.py:3504} INFO - Setting next_dagrun for example_branch_dop_operator_v3 to 2023-08-21T01:18:00+00:00, run_after=2023-08-21T01:19:00+00:00
[2023-08-20T21:19:55.846-0400] {processor.py:179} INFO - Processing /home/mnguyen0226/anaconda3/envs/learning_scraper/lib/python3.11/site-packages/airflow/example_dags/example_branch_python_dop_operator_3.py took 0.115 seconds
[2023-08-20T21:20:49.854-0400] {processor.py:157} INFO - Started process (PID=88258) to work on /home/mnguyen0226/anaconda3/envs/learning_scraper/lib/python3.11/site-packages/airflow/example_dags/example_branch_python_dop_operator_3.py
[2023-08-20T21:20:49.855-0400] {processor.py:826} INFO - Processing file /home/mnguyen0226/anaconda3/envs/learning_scraper/lib/python3.11/site-packages/airflow/example_dags/example_branch_python_dop_operator_3.py for tasks to queue
[2023-08-20T21:20:49.856-0400] {logging_mixin.py:150} INFO - [2023-08-20T21:20:49.856-0400] {dagbag.py:541} INFO - Filling up the DagBag from /home/mnguyen0226/anaconda3/envs/learning_scraper/lib/python3.11/site-packages/airflow/example_dags/example_branch_python_dop_operator_3.py
[2023-08-20T21:20:49.870-0400] {processor.py:836} INFO - DAG(s) dict_keys(['example_branch_dop_operator_v3']) retrieved from /home/mnguyen0226/anaconda3/envs/learning_scraper/lib/python3.11/site-packages/airflow/example_dags/example_branch_python_dop_operator_3.py
[2023-08-20T21:20:49.895-0400] {logging_mixin.py:150} INFO - [2023-08-20T21:20:49.895-0400] {dag.py:2742} INFO - Sync 1 DAGs
[2023-08-20T21:20:49.923-0400] {logging_mixin.py:150} INFO - [2023-08-20T21:20:49.923-0400] {dag.py:3504} INFO - Setting next_dagrun for example_branch_dop_operator_v3 to 2023-08-21T01:19:00+00:00, run_after=2023-08-21T01:20:00+00:00
[2023-08-20T21:20:49.946-0400] {processor.py:179} INFO - Processing /home/mnguyen0226/anaconda3/envs/learning_scraper/lib/python3.11/site-packages/airflow/example_dags/example_branch_python_dop_operator_3.py took 0.097 seconds
