[2023-08-20T21:00:16.565-0400] {processor.py:157} INFO - Started process (PID=80343) to work on /home/mnguyen0226/anaconda3/envs/learning_scraper/lib/python3.11/site-packages/airflow/example_dags/example_trigger_controller_dag.py
[2023-08-20T21:00:16.567-0400] {processor.py:826} INFO - Processing file /home/mnguyen0226/anaconda3/envs/learning_scraper/lib/python3.11/site-packages/airflow/example_dags/example_trigger_controller_dag.py for tasks to queue
[2023-08-20T21:00:16.568-0400] {logging_mixin.py:150} INFO - [2023-08-20T21:00:16.567-0400] {dagbag.py:541} INFO - Filling up the DagBag from /home/mnguyen0226/anaconda3/envs/learning_scraper/lib/python3.11/site-packages/airflow/example_dags/example_trigger_controller_dag.py
[2023-08-20T21:00:16.578-0400] {processor.py:836} INFO - DAG(s) dict_keys(['example_trigger_controller_dag']) retrieved from /home/mnguyen0226/anaconda3/envs/learning_scraper/lib/python3.11/site-packages/airflow/example_dags/example_trigger_controller_dag.py
[2023-08-20T21:00:16.613-0400] {logging_mixin.py:150} INFO - [2023-08-20T21:00:16.613-0400] {dag.py:2742} INFO - Sync 1 DAGs
[2023-08-20T21:00:16.643-0400] {logging_mixin.py:150} INFO - [2023-08-20T21:00:16.643-0400] {dag.py:3504} INFO - Setting next_dagrun for example_trigger_controller_dag to 2021-01-01T00:00:00+00:00, run_after=2021-01-01T00:00:00+00:00
[2023-08-20T21:00:16.683-0400] {processor.py:179} INFO - Processing /home/mnguyen0226/anaconda3/envs/learning_scraper/lib/python3.11/site-packages/airflow/example_dags/example_trigger_controller_dag.py took 0.126 seconds
[2023-08-20T21:01:04.970-0400] {processor.py:157} INFO - Started process (PID=80861) to work on /home/mnguyen0226/anaconda3/envs/learning_scraper/lib/python3.11/site-packages/airflow/example_dags/example_trigger_controller_dag.py
[2023-08-20T21:01:04.970-0400] {processor.py:826} INFO - Processing file /home/mnguyen0226/anaconda3/envs/learning_scraper/lib/python3.11/site-packages/airflow/example_dags/example_trigger_controller_dag.py for tasks to queue
[2023-08-20T21:01:04.972-0400] {logging_mixin.py:150} INFO - [2023-08-20T21:01:04.971-0400] {dagbag.py:541} INFO - Filling up the DagBag from /home/mnguyen0226/anaconda3/envs/learning_scraper/lib/python3.11/site-packages/airflow/example_dags/example_trigger_controller_dag.py
[2023-08-20T21:01:04.975-0400] {processor.py:836} INFO - DAG(s) dict_keys(['example_trigger_controller_dag']) retrieved from /home/mnguyen0226/anaconda3/envs/learning_scraper/lib/python3.11/site-packages/airflow/example_dags/example_trigger_controller_dag.py
[2023-08-20T21:01:04.992-0400] {logging_mixin.py:150} INFO - [2023-08-20T21:01:04.991-0400] {dag.py:2742} INFO - Sync 1 DAGs
[2023-08-20T21:01:05.016-0400] {logging_mixin.py:150} INFO - [2023-08-20T21:01:05.016-0400] {dag.py:3504} INFO - Setting next_dagrun for example_trigger_controller_dag to 2021-01-01T00:00:00+00:00, run_after=2021-01-01T00:00:00+00:00
[2023-08-20T21:01:05.065-0400] {processor.py:179} INFO - Processing /home/mnguyen0226/anaconda3/envs/learning_scraper/lib/python3.11/site-packages/airflow/example_dags/example_trigger_controller_dag.py took 0.097 seconds
[2023-08-20T21:01:51.598-0400] {processor.py:157} INFO - Started process (PID=81071) to work on /home/mnguyen0226/anaconda3/envs/learning_scraper/lib/python3.11/site-packages/airflow/example_dags/example_trigger_controller_dag.py
[2023-08-20T21:01:51.599-0400] {processor.py:826} INFO - Processing file /home/mnguyen0226/anaconda3/envs/learning_scraper/lib/python3.11/site-packages/airflow/example_dags/example_trigger_controller_dag.py for tasks to queue
[2023-08-20T21:01:51.600-0400] {logging_mixin.py:150} INFO - [2023-08-20T21:01:51.599-0400] {dagbag.py:541} INFO - Filling up the DagBag from /home/mnguyen0226/anaconda3/envs/learning_scraper/lib/python3.11/site-packages/airflow/example_dags/example_trigger_controller_dag.py
[2023-08-20T21:01:51.603-0400] {processor.py:836} INFO - DAG(s) dict_keys(['example_trigger_controller_dag']) retrieved from /home/mnguyen0226/anaconda3/envs/learning_scraper/lib/python3.11/site-packages/airflow/example_dags/example_trigger_controller_dag.py
[2023-08-20T21:01:51.618-0400] {logging_mixin.py:150} INFO - [2023-08-20T21:01:51.618-0400] {dag.py:2742} INFO - Sync 1 DAGs
[2023-08-20T21:01:51.632-0400] {logging_mixin.py:150} INFO - [2023-08-20T21:01:51.632-0400] {dag.py:3504} INFO - Setting next_dagrun for example_trigger_controller_dag to 2021-01-01T00:00:00+00:00, run_after=2021-01-01T00:00:00+00:00
[2023-08-20T21:01:51.653-0400] {processor.py:179} INFO - Processing /home/mnguyen0226/anaconda3/envs/learning_scraper/lib/python3.11/site-packages/airflow/example_dags/example_trigger_controller_dag.py took 0.057 seconds
[2023-08-20T21:03:16.019-0400] {processor.py:157} INFO - Started process (PID=81473) to work on /home/mnguyen0226/anaconda3/envs/learning_scraper/lib/python3.11/site-packages/airflow/example_dags/example_trigger_controller_dag.py
[2023-08-20T21:03:16.028-0400] {processor.py:826} INFO - Processing file /home/mnguyen0226/anaconda3/envs/learning_scraper/lib/python3.11/site-packages/airflow/example_dags/example_trigger_controller_dag.py for tasks to queue
[2023-08-20T21:03:16.029-0400] {logging_mixin.py:150} INFO - [2023-08-20T21:03:16.029-0400] {dagbag.py:541} INFO - Filling up the DagBag from /home/mnguyen0226/anaconda3/envs/learning_scraper/lib/python3.11/site-packages/airflow/example_dags/example_trigger_controller_dag.py
[2023-08-20T21:03:16.038-0400] {processor.py:836} INFO - DAG(s) dict_keys(['example_trigger_controller_dag']) retrieved from /home/mnguyen0226/anaconda3/envs/learning_scraper/lib/python3.11/site-packages/airflow/example_dags/example_trigger_controller_dag.py
[2023-08-20T21:03:16.065-0400] {logging_mixin.py:150} INFO - [2023-08-20T21:03:16.065-0400] {dag.py:2742} INFO - Sync 1 DAGs
[2023-08-20T21:03:16.090-0400] {logging_mixin.py:150} INFO - [2023-08-20T21:03:16.090-0400] {dag.py:3504} INFO - Setting next_dagrun for example_trigger_controller_dag to 2021-01-01T00:00:00+00:00, run_after=2021-01-01T00:00:00+00:00
[2023-08-20T21:03:16.118-0400] {processor.py:179} INFO - Processing /home/mnguyen0226/anaconda3/envs/learning_scraper/lib/python3.11/site-packages/airflow/example_dags/example_trigger_controller_dag.py took 0.102 seconds
[2023-08-20T21:04:03.858-0400] {processor.py:157} INFO - Started process (PID=82894) to work on /home/mnguyen0226/anaconda3/envs/learning_scraper/lib/python3.11/site-packages/airflow/example_dags/example_trigger_controller_dag.py
[2023-08-20T21:04:03.859-0400] {processor.py:826} INFO - Processing file /home/mnguyen0226/anaconda3/envs/learning_scraper/lib/python3.11/site-packages/airflow/example_dags/example_trigger_controller_dag.py for tasks to queue
[2023-08-20T21:04:03.860-0400] {logging_mixin.py:150} INFO - [2023-08-20T21:04:03.860-0400] {dagbag.py:541} INFO - Filling up the DagBag from /home/mnguyen0226/anaconda3/envs/learning_scraper/lib/python3.11/site-packages/airflow/example_dags/example_trigger_controller_dag.py
[2023-08-20T21:04:03.864-0400] {processor.py:836} INFO - DAG(s) dict_keys(['example_trigger_controller_dag']) retrieved from /home/mnguyen0226/anaconda3/envs/learning_scraper/lib/python3.11/site-packages/airflow/example_dags/example_trigger_controller_dag.py
[2023-08-20T21:04:03.882-0400] {logging_mixin.py:150} INFO - [2023-08-20T21:04:03.881-0400] {dag.py:2742} INFO - Sync 1 DAGs
[2023-08-20T21:04:03.903-0400] {logging_mixin.py:150} INFO - [2023-08-20T21:04:03.903-0400] {dag.py:3504} INFO - Setting next_dagrun for example_trigger_controller_dag to 2021-01-01T00:00:00+00:00, run_after=2021-01-01T00:00:00+00:00
[2023-08-20T21:04:03.945-0400] {processor.py:179} INFO - Processing /home/mnguyen0226/anaconda3/envs/learning_scraper/lib/python3.11/site-packages/airflow/example_dags/example_trigger_controller_dag.py took 0.089 seconds
[2023-08-20T21:04:51.003-0400] {processor.py:157} INFO - Started process (PID=83205) to work on /home/mnguyen0226/anaconda3/envs/learning_scraper/lib/python3.11/site-packages/airflow/example_dags/example_trigger_controller_dag.py
[2023-08-20T21:04:51.004-0400] {processor.py:826} INFO - Processing file /home/mnguyen0226/anaconda3/envs/learning_scraper/lib/python3.11/site-packages/airflow/example_dags/example_trigger_controller_dag.py for tasks to queue
[2023-08-20T21:04:51.005-0400] {logging_mixin.py:150} INFO - [2023-08-20T21:04:51.005-0400] {dagbag.py:541} INFO - Filling up the DagBag from /home/mnguyen0226/anaconda3/envs/learning_scraper/lib/python3.11/site-packages/airflow/example_dags/example_trigger_controller_dag.py
[2023-08-20T21:04:51.011-0400] {processor.py:836} INFO - DAG(s) dict_keys(['example_trigger_controller_dag']) retrieved from /home/mnguyen0226/anaconda3/envs/learning_scraper/lib/python3.11/site-packages/airflow/example_dags/example_trigger_controller_dag.py
[2023-08-20T21:04:51.026-0400] {logging_mixin.py:150} INFO - [2023-08-20T21:04:51.026-0400] {dag.py:2742} INFO - Sync 1 DAGs
[2023-08-20T21:04:51.045-0400] {logging_mixin.py:150} INFO - [2023-08-20T21:04:51.045-0400] {dag.py:3504} INFO - Setting next_dagrun for example_trigger_controller_dag to 2021-01-01T00:00:00+00:00, run_after=2021-01-01T00:00:00+00:00
[2023-08-20T21:04:51.082-0400] {processor.py:179} INFO - Processing /home/mnguyen0226/anaconda3/envs/learning_scraper/lib/python3.11/site-packages/airflow/example_dags/example_trigger_controller_dag.py took 0.081 seconds
[2023-08-20T21:05:28.308-0400] {processor.py:157} INFO - Started process (PID=83377) to work on /home/mnguyen0226/anaconda3/envs/learning_scraper/lib/python3.11/site-packages/airflow/example_dags/example_trigger_controller_dag.py
[2023-08-20T21:05:28.309-0400] {processor.py:826} INFO - Processing file /home/mnguyen0226/anaconda3/envs/learning_scraper/lib/python3.11/site-packages/airflow/example_dags/example_trigger_controller_dag.py for tasks to queue
[2023-08-20T21:05:28.310-0400] {logging_mixin.py:150} INFO - [2023-08-20T21:05:28.309-0400] {dagbag.py:541} INFO - Filling up the DagBag from /home/mnguyen0226/anaconda3/envs/learning_scraper/lib/python3.11/site-packages/airflow/example_dags/example_trigger_controller_dag.py
[2023-08-20T21:05:28.316-0400] {processor.py:836} INFO - DAG(s) dict_keys(['example_trigger_controller_dag']) retrieved from /home/mnguyen0226/anaconda3/envs/learning_scraper/lib/python3.11/site-packages/airflow/example_dags/example_trigger_controller_dag.py
[2023-08-20T21:05:28.352-0400] {logging_mixin.py:150} INFO - [2023-08-20T21:05:28.352-0400] {dag.py:2742} INFO - Sync 1 DAGs
[2023-08-20T21:05:28.394-0400] {logging_mixin.py:150} INFO - [2023-08-20T21:05:28.393-0400] {dag.py:3504} INFO - Setting next_dagrun for example_trigger_controller_dag to 2021-01-01T00:00:00+00:00, run_after=2021-01-01T00:00:00+00:00
[2023-08-20T21:05:28.426-0400] {processor.py:179} INFO - Processing /home/mnguyen0226/anaconda3/envs/learning_scraper/lib/python3.11/site-packages/airflow/example_dags/example_trigger_controller_dag.py took 0.122 seconds
[2023-08-20T21:06:09.414-0400] {processor.py:157} INFO - Started process (PID=83559) to work on /home/mnguyen0226/anaconda3/envs/learning_scraper/lib/python3.11/site-packages/airflow/example_dags/example_trigger_controller_dag.py
[2023-08-20T21:06:09.416-0400] {processor.py:826} INFO - Processing file /home/mnguyen0226/anaconda3/envs/learning_scraper/lib/python3.11/site-packages/airflow/example_dags/example_trigger_controller_dag.py for tasks to queue
[2023-08-20T21:06:09.417-0400] {logging_mixin.py:150} INFO - [2023-08-20T21:06:09.416-0400] {dagbag.py:541} INFO - Filling up the DagBag from /home/mnguyen0226/anaconda3/envs/learning_scraper/lib/python3.11/site-packages/airflow/example_dags/example_trigger_controller_dag.py
[2023-08-20T21:06:09.424-0400] {processor.py:836} INFO - DAG(s) dict_keys(['example_trigger_controller_dag']) retrieved from /home/mnguyen0226/anaconda3/envs/learning_scraper/lib/python3.11/site-packages/airflow/example_dags/example_trigger_controller_dag.py
[2023-08-20T21:06:09.452-0400] {logging_mixin.py:150} INFO - [2023-08-20T21:06:09.452-0400] {dag.py:2742} INFO - Sync 1 DAGs
[2023-08-20T21:06:09.481-0400] {logging_mixin.py:150} INFO - [2023-08-20T21:06:09.481-0400] {dag.py:3504} INFO - Setting next_dagrun for example_trigger_controller_dag to 2021-01-01T00:00:00+00:00, run_after=2021-01-01T00:00:00+00:00
[2023-08-20T21:06:09.510-0400] {processor.py:179} INFO - Processing /home/mnguyen0226/anaconda3/envs/learning_scraper/lib/python3.11/site-packages/airflow/example_dags/example_trigger_controller_dag.py took 0.101 seconds
[2023-08-20T21:06:51.608-0400] {processor.py:157} INFO - Started process (PID=83755) to work on /home/mnguyen0226/anaconda3/envs/learning_scraper/lib/python3.11/site-packages/airflow/example_dags/example_trigger_controller_dag.py
[2023-08-20T21:06:51.608-0400] {processor.py:826} INFO - Processing file /home/mnguyen0226/anaconda3/envs/learning_scraper/lib/python3.11/site-packages/airflow/example_dags/example_trigger_controller_dag.py for tasks to queue
[2023-08-20T21:06:51.610-0400] {logging_mixin.py:150} INFO - [2023-08-20T21:06:51.609-0400] {dagbag.py:541} INFO - Filling up the DagBag from /home/mnguyen0226/anaconda3/envs/learning_scraper/lib/python3.11/site-packages/airflow/example_dags/example_trigger_controller_dag.py
[2023-08-20T21:06:51.615-0400] {processor.py:836} INFO - DAG(s) dict_keys(['example_trigger_controller_dag']) retrieved from /home/mnguyen0226/anaconda3/envs/learning_scraper/lib/python3.11/site-packages/airflow/example_dags/example_trigger_controller_dag.py
[2023-08-20T21:06:51.635-0400] {logging_mixin.py:150} INFO - [2023-08-20T21:06:51.635-0400] {dag.py:2742} INFO - Sync 1 DAGs
[2023-08-20T21:06:51.659-0400] {logging_mixin.py:150} INFO - [2023-08-20T21:06:51.659-0400] {dag.py:3504} INFO - Setting next_dagrun for example_trigger_controller_dag to 2021-01-01T00:00:00+00:00, run_after=2021-01-01T00:00:00+00:00
[2023-08-20T21:06:51.827-0400] {processor.py:179} INFO - Processing /home/mnguyen0226/anaconda3/envs/learning_scraper/lib/python3.11/site-packages/airflow/example_dags/example_trigger_controller_dag.py took 0.224 seconds
[2023-08-20T21:07:34.368-0400] {processor.py:157} INFO - Started process (PID=83914) to work on /home/mnguyen0226/anaconda3/envs/learning_scraper/lib/python3.11/site-packages/airflow/example_dags/example_trigger_controller_dag.py
[2023-08-20T21:07:34.369-0400] {processor.py:826} INFO - Processing file /home/mnguyen0226/anaconda3/envs/learning_scraper/lib/python3.11/site-packages/airflow/example_dags/example_trigger_controller_dag.py for tasks to queue
[2023-08-20T21:07:34.370-0400] {logging_mixin.py:150} INFO - [2023-08-20T21:07:34.369-0400] {dagbag.py:541} INFO - Filling up the DagBag from /home/mnguyen0226/anaconda3/envs/learning_scraper/lib/python3.11/site-packages/airflow/example_dags/example_trigger_controller_dag.py
[2023-08-20T21:07:34.379-0400] {processor.py:836} INFO - DAG(s) dict_keys(['example_trigger_controller_dag']) retrieved from /home/mnguyen0226/anaconda3/envs/learning_scraper/lib/python3.11/site-packages/airflow/example_dags/example_trigger_controller_dag.py
[2023-08-20T21:07:34.512-0400] {logging_mixin.py:150} INFO - [2023-08-20T21:07:34.512-0400] {dag.py:2742} INFO - Sync 1 DAGs
[2023-08-20T21:07:34.532-0400] {logging_mixin.py:150} INFO - [2023-08-20T21:07:34.532-0400] {dag.py:3504} INFO - Setting next_dagrun for example_trigger_controller_dag to 2021-01-01T00:00:00+00:00, run_after=2021-01-01T00:00:00+00:00
[2023-08-20T21:07:34.564-0400] {processor.py:179} INFO - Processing /home/mnguyen0226/anaconda3/envs/learning_scraper/lib/python3.11/site-packages/airflow/example_dags/example_trigger_controller_dag.py took 0.199 seconds
[2023-08-20T21:08:14.659-0400] {processor.py:157} INFO - Started process (PID=84084) to work on /home/mnguyen0226/anaconda3/envs/learning_scraper/lib/python3.11/site-packages/airflow/example_dags/example_trigger_controller_dag.py
[2023-08-20T21:08:14.659-0400] {processor.py:826} INFO - Processing file /home/mnguyen0226/anaconda3/envs/learning_scraper/lib/python3.11/site-packages/airflow/example_dags/example_trigger_controller_dag.py for tasks to queue
[2023-08-20T21:08:14.660-0400] {logging_mixin.py:150} INFO - [2023-08-20T21:08:14.660-0400] {dagbag.py:541} INFO - Filling up the DagBag from /home/mnguyen0226/anaconda3/envs/learning_scraper/lib/python3.11/site-packages/airflow/example_dags/example_trigger_controller_dag.py
[2023-08-20T21:08:14.665-0400] {processor.py:836} INFO - DAG(s) dict_keys(['example_trigger_controller_dag']) retrieved from /home/mnguyen0226/anaconda3/envs/learning_scraper/lib/python3.11/site-packages/airflow/example_dags/example_trigger_controller_dag.py
[2023-08-20T21:08:14.685-0400] {logging_mixin.py:150} INFO - [2023-08-20T21:08:14.685-0400] {dag.py:2742} INFO - Sync 1 DAGs
[2023-08-20T21:08:14.713-0400] {logging_mixin.py:150} INFO - [2023-08-20T21:08:14.713-0400] {dag.py:3504} INFO - Setting next_dagrun for example_trigger_controller_dag to 2021-01-01T00:00:00+00:00, run_after=2021-01-01T00:00:00+00:00
[2023-08-20T21:08:14.737-0400] {processor.py:179} INFO - Processing /home/mnguyen0226/anaconda3/envs/learning_scraper/lib/python3.11/site-packages/airflow/example_dags/example_trigger_controller_dag.py took 0.081 seconds
[2023-08-20T21:08:49.919-0400] {processor.py:157} INFO - Started process (PID=84236) to work on /home/mnguyen0226/anaconda3/envs/learning_scraper/lib/python3.11/site-packages/airflow/example_dags/example_trigger_controller_dag.py
[2023-08-20T21:08:49.929-0400] {processor.py:826} INFO - Processing file /home/mnguyen0226/anaconda3/envs/learning_scraper/lib/python3.11/site-packages/airflow/example_dags/example_trigger_controller_dag.py for tasks to queue
[2023-08-20T21:08:49.930-0400] {logging_mixin.py:150} INFO - [2023-08-20T21:08:49.930-0400] {dagbag.py:541} INFO - Filling up the DagBag from /home/mnguyen0226/anaconda3/envs/learning_scraper/lib/python3.11/site-packages/airflow/example_dags/example_trigger_controller_dag.py
[2023-08-20T21:08:49.937-0400] {processor.py:836} INFO - DAG(s) dict_keys(['example_trigger_controller_dag']) retrieved from /home/mnguyen0226/anaconda3/envs/learning_scraper/lib/python3.11/site-packages/airflow/example_dags/example_trigger_controller_dag.py
[2023-08-20T21:08:49.962-0400] {logging_mixin.py:150} INFO - [2023-08-20T21:08:49.961-0400] {dag.py:2742} INFO - Sync 1 DAGs
[2023-08-20T21:08:49.980-0400] {logging_mixin.py:150} INFO - [2023-08-20T21:08:49.980-0400] {dag.py:3504} INFO - Setting next_dagrun for example_trigger_controller_dag to 2021-01-01T00:00:00+00:00, run_after=2021-01-01T00:00:00+00:00
[2023-08-20T21:08:50.017-0400] {processor.py:179} INFO - Processing /home/mnguyen0226/anaconda3/envs/learning_scraper/lib/python3.11/site-packages/airflow/example_dags/example_trigger_controller_dag.py took 0.102 seconds
[2023-08-20T21:09:26.214-0400] {processor.py:157} INFO - Started process (PID=84488) to work on /home/mnguyen0226/anaconda3/envs/learning_scraper/lib/python3.11/site-packages/airflow/example_dags/example_trigger_controller_dag.py
[2023-08-20T21:09:26.216-0400] {processor.py:826} INFO - Processing file /home/mnguyen0226/anaconda3/envs/learning_scraper/lib/python3.11/site-packages/airflow/example_dags/example_trigger_controller_dag.py for tasks to queue
[2023-08-20T21:09:26.218-0400] {logging_mixin.py:150} INFO - [2023-08-20T21:09:26.217-0400] {dagbag.py:541} INFO - Filling up the DagBag from /home/mnguyen0226/anaconda3/envs/learning_scraper/lib/python3.11/site-packages/airflow/example_dags/example_trigger_controller_dag.py
[2023-08-20T21:09:26.228-0400] {processor.py:836} INFO - DAG(s) dict_keys(['example_trigger_controller_dag']) retrieved from /home/mnguyen0226/anaconda3/envs/learning_scraper/lib/python3.11/site-packages/airflow/example_dags/example_trigger_controller_dag.py
[2023-08-20T21:09:26.258-0400] {logging_mixin.py:150} INFO - [2023-08-20T21:09:26.257-0400] {dag.py:2742} INFO - Sync 1 DAGs
[2023-08-20T21:09:26.284-0400] {logging_mixin.py:150} INFO - [2023-08-20T21:09:26.283-0400] {dag.py:3504} INFO - Setting next_dagrun for example_trigger_controller_dag to 2021-01-01T00:00:00+00:00, run_after=2021-01-01T00:00:00+00:00
[2023-08-20T21:09:26.327-0400] {processor.py:179} INFO - Processing /home/mnguyen0226/anaconda3/envs/learning_scraper/lib/python3.11/site-packages/airflow/example_dags/example_trigger_controller_dag.py took 0.118 seconds
[2023-08-20T21:10:02.791-0400] {processor.py:157} INFO - Started process (PID=84618) to work on /home/mnguyen0226/anaconda3/envs/learning_scraper/lib/python3.11/site-packages/airflow/example_dags/example_trigger_controller_dag.py
[2023-08-20T21:10:02.792-0400] {processor.py:826} INFO - Processing file /home/mnguyen0226/anaconda3/envs/learning_scraper/lib/python3.11/site-packages/airflow/example_dags/example_trigger_controller_dag.py for tasks to queue
[2023-08-20T21:10:02.793-0400] {logging_mixin.py:150} INFO - [2023-08-20T21:10:02.793-0400] {dagbag.py:541} INFO - Filling up the DagBag from /home/mnguyen0226/anaconda3/envs/learning_scraper/lib/python3.11/site-packages/airflow/example_dags/example_trigger_controller_dag.py
[2023-08-20T21:10:02.797-0400] {processor.py:836} INFO - DAG(s) dict_keys(['example_trigger_controller_dag']) retrieved from /home/mnguyen0226/anaconda3/envs/learning_scraper/lib/python3.11/site-packages/airflow/example_dags/example_trigger_controller_dag.py
[2023-08-20T21:10:02.816-0400] {logging_mixin.py:150} INFO - [2023-08-20T21:10:02.816-0400] {dag.py:2742} INFO - Sync 1 DAGs
[2023-08-20T21:10:02.834-0400] {logging_mixin.py:150} INFO - [2023-08-20T21:10:02.834-0400] {dag.py:3504} INFO - Setting next_dagrun for example_trigger_controller_dag to 2021-01-01T00:00:00+00:00, run_after=2021-01-01T00:00:00+00:00
[2023-08-20T21:10:02.857-0400] {processor.py:179} INFO - Processing /home/mnguyen0226/anaconda3/envs/learning_scraper/lib/python3.11/site-packages/airflow/example_dags/example_trigger_controller_dag.py took 0.068 seconds
[2023-08-20T21:10:42.021-0400] {processor.py:157} INFO - Started process (PID=84788) to work on /home/mnguyen0226/anaconda3/envs/learning_scraper/lib/python3.11/site-packages/airflow/example_dags/example_trigger_controller_dag.py
[2023-08-20T21:10:42.023-0400] {processor.py:826} INFO - Processing file /home/mnguyen0226/anaconda3/envs/learning_scraper/lib/python3.11/site-packages/airflow/example_dags/example_trigger_controller_dag.py for tasks to queue
[2023-08-20T21:10:42.024-0400] {logging_mixin.py:150} INFO - [2023-08-20T21:10:42.023-0400] {dagbag.py:541} INFO - Filling up the DagBag from /home/mnguyen0226/anaconda3/envs/learning_scraper/lib/python3.11/site-packages/airflow/example_dags/example_trigger_controller_dag.py
[2023-08-20T21:10:42.032-0400] {processor.py:836} INFO - DAG(s) dict_keys(['example_trigger_controller_dag']) retrieved from /home/mnguyen0226/anaconda3/envs/learning_scraper/lib/python3.11/site-packages/airflow/example_dags/example_trigger_controller_dag.py
[2023-08-20T21:10:42.060-0400] {logging_mixin.py:150} INFO - [2023-08-20T21:10:42.060-0400] {dag.py:2742} INFO - Sync 1 DAGs
[2023-08-20T21:10:42.094-0400] {logging_mixin.py:150} INFO - [2023-08-20T21:10:42.094-0400] {dag.py:3504} INFO - Setting next_dagrun for example_trigger_controller_dag to 2021-01-01T00:00:00+00:00, run_after=2021-01-01T00:00:00+00:00
[2023-08-20T21:10:42.129-0400] {processor.py:179} INFO - Processing /home/mnguyen0226/anaconda3/envs/learning_scraper/lib/python3.11/site-packages/airflow/example_dags/example_trigger_controller_dag.py took 0.113 seconds
[2023-08-20T21:11:19.562-0400] {processor.py:157} INFO - Started process (PID=84967) to work on /home/mnguyen0226/anaconda3/envs/learning_scraper/lib/python3.11/site-packages/airflow/example_dags/example_trigger_controller_dag.py
[2023-08-20T21:11:19.562-0400] {processor.py:826} INFO - Processing file /home/mnguyen0226/anaconda3/envs/learning_scraper/lib/python3.11/site-packages/airflow/example_dags/example_trigger_controller_dag.py for tasks to queue
[2023-08-20T21:11:19.563-0400] {logging_mixin.py:150} INFO - [2023-08-20T21:11:19.562-0400] {dagbag.py:541} INFO - Filling up the DagBag from /home/mnguyen0226/anaconda3/envs/learning_scraper/lib/python3.11/site-packages/airflow/example_dags/example_trigger_controller_dag.py
[2023-08-20T21:11:19.567-0400] {processor.py:836} INFO - DAG(s) dict_keys(['example_trigger_controller_dag']) retrieved from /home/mnguyen0226/anaconda3/envs/learning_scraper/lib/python3.11/site-packages/airflow/example_dags/example_trigger_controller_dag.py
[2023-08-20T21:11:19.587-0400] {logging_mixin.py:150} INFO - [2023-08-20T21:11:19.587-0400] {dag.py:2742} INFO - Sync 1 DAGs
[2023-08-20T21:11:19.607-0400] {logging_mixin.py:150} INFO - [2023-08-20T21:11:19.607-0400] {dag.py:3504} INFO - Setting next_dagrun for example_trigger_controller_dag to 2021-01-01T00:00:00+00:00, run_after=2021-01-01T00:00:00+00:00
[2023-08-20T21:11:19.639-0400] {processor.py:179} INFO - Processing /home/mnguyen0226/anaconda3/envs/learning_scraper/lib/python3.11/site-packages/airflow/example_dags/example_trigger_controller_dag.py took 0.079 seconds
[2023-08-20T21:12:10.136-0400] {processor.py:157} INFO - Started process (PID=85143) to work on /home/mnguyen0226/anaconda3/envs/learning_scraper/lib/python3.11/site-packages/airflow/example_dags/example_trigger_controller_dag.py
[2023-08-20T21:12:10.137-0400] {processor.py:826} INFO - Processing file /home/mnguyen0226/anaconda3/envs/learning_scraper/lib/python3.11/site-packages/airflow/example_dags/example_trigger_controller_dag.py for tasks to queue
[2023-08-20T21:12:10.138-0400] {logging_mixin.py:150} INFO - [2023-08-20T21:12:10.137-0400] {dagbag.py:541} INFO - Filling up the DagBag from /home/mnguyen0226/anaconda3/envs/learning_scraper/lib/python3.11/site-packages/airflow/example_dags/example_trigger_controller_dag.py
[2023-08-20T21:12:10.147-0400] {processor.py:836} INFO - DAG(s) dict_keys(['example_trigger_controller_dag']) retrieved from /home/mnguyen0226/anaconda3/envs/learning_scraper/lib/python3.11/site-packages/airflow/example_dags/example_trigger_controller_dag.py
[2023-08-20T21:12:10.171-0400] {logging_mixin.py:150} INFO - [2023-08-20T21:12:10.171-0400] {dag.py:2742} INFO - Sync 1 DAGs
[2023-08-20T21:12:10.197-0400] {logging_mixin.py:150} INFO - [2023-08-20T21:12:10.196-0400] {dag.py:3504} INFO - Setting next_dagrun for example_trigger_controller_dag to 2021-01-01T00:00:00+00:00, run_after=2021-01-01T00:00:00+00:00
[2023-08-20T21:12:10.230-0400] {processor.py:179} INFO - Processing /home/mnguyen0226/anaconda3/envs/learning_scraper/lib/python3.11/site-packages/airflow/example_dags/example_trigger_controller_dag.py took 0.098 seconds
[2023-08-20T21:12:48.475-0400] {processor.py:157} INFO - Started process (PID=85674) to work on /home/mnguyen0226/anaconda3/envs/learning_scraper/lib/python3.11/site-packages/airflow/example_dags/example_trigger_controller_dag.py
[2023-08-20T21:12:48.484-0400] {processor.py:826} INFO - Processing file /home/mnguyen0226/anaconda3/envs/learning_scraper/lib/python3.11/site-packages/airflow/example_dags/example_trigger_controller_dag.py for tasks to queue
[2023-08-20T21:12:48.486-0400] {logging_mixin.py:150} INFO - [2023-08-20T21:12:48.485-0400] {dagbag.py:541} INFO - Filling up the DagBag from /home/mnguyen0226/anaconda3/envs/learning_scraper/lib/python3.11/site-packages/airflow/example_dags/example_trigger_controller_dag.py
[2023-08-20T21:12:48.489-0400] {processor.py:836} INFO - DAG(s) dict_keys(['example_trigger_controller_dag']) retrieved from /home/mnguyen0226/anaconda3/envs/learning_scraper/lib/python3.11/site-packages/airflow/example_dags/example_trigger_controller_dag.py
[2023-08-20T21:12:48.505-0400] {logging_mixin.py:150} INFO - [2023-08-20T21:12:48.505-0400] {dag.py:2742} INFO - Sync 1 DAGs
[2023-08-20T21:12:48.522-0400] {logging_mixin.py:150} INFO - [2023-08-20T21:12:48.521-0400] {dag.py:3504} INFO - Setting next_dagrun for example_trigger_controller_dag to 2021-01-01T00:00:00+00:00, run_after=2021-01-01T00:00:00+00:00
[2023-08-20T21:12:48.547-0400] {processor.py:179} INFO - Processing /home/mnguyen0226/anaconda3/envs/learning_scraper/lib/python3.11/site-packages/airflow/example_dags/example_trigger_controller_dag.py took 0.075 seconds
[2023-08-20T21:13:26.438-0400] {processor.py:157} INFO - Started process (PID=85881) to work on /home/mnguyen0226/anaconda3/envs/learning_scraper/lib/python3.11/site-packages/airflow/example_dags/example_trigger_controller_dag.py
[2023-08-20T21:13:26.438-0400] {processor.py:826} INFO - Processing file /home/mnguyen0226/anaconda3/envs/learning_scraper/lib/python3.11/site-packages/airflow/example_dags/example_trigger_controller_dag.py for tasks to queue
[2023-08-20T21:13:26.439-0400] {logging_mixin.py:150} INFO - [2023-08-20T21:13:26.439-0400] {dagbag.py:541} INFO - Filling up the DagBag from /home/mnguyen0226/anaconda3/envs/learning_scraper/lib/python3.11/site-packages/airflow/example_dags/example_trigger_controller_dag.py
[2023-08-20T21:13:26.443-0400] {processor.py:836} INFO - DAG(s) dict_keys(['example_trigger_controller_dag']) retrieved from /home/mnguyen0226/anaconda3/envs/learning_scraper/lib/python3.11/site-packages/airflow/example_dags/example_trigger_controller_dag.py
[2023-08-20T21:13:26.461-0400] {logging_mixin.py:150} INFO - [2023-08-20T21:13:26.461-0400] {dag.py:2742} INFO - Sync 1 DAGs
[2023-08-20T21:13:26.482-0400] {logging_mixin.py:150} INFO - [2023-08-20T21:13:26.482-0400] {dag.py:3504} INFO - Setting next_dagrun for example_trigger_controller_dag to 2021-01-01T00:00:00+00:00, run_after=2021-01-01T00:00:00+00:00
[2023-08-20T21:13:26.513-0400] {processor.py:179} INFO - Processing /home/mnguyen0226/anaconda3/envs/learning_scraper/lib/python3.11/site-packages/airflow/example_dags/example_trigger_controller_dag.py took 0.078 seconds
[2023-08-20T21:14:05.617-0400] {processor.py:157} INFO - Started process (PID=86054) to work on /home/mnguyen0226/anaconda3/envs/learning_scraper/lib/python3.11/site-packages/airflow/example_dags/example_trigger_controller_dag.py
[2023-08-20T21:14:05.618-0400] {processor.py:826} INFO - Processing file /home/mnguyen0226/anaconda3/envs/learning_scraper/lib/python3.11/site-packages/airflow/example_dags/example_trigger_controller_dag.py for tasks to queue
[2023-08-20T21:14:05.619-0400] {logging_mixin.py:150} INFO - [2023-08-20T21:14:05.619-0400] {dagbag.py:541} INFO - Filling up the DagBag from /home/mnguyen0226/anaconda3/envs/learning_scraper/lib/python3.11/site-packages/airflow/example_dags/example_trigger_controller_dag.py
[2023-08-20T21:14:05.626-0400] {processor.py:836} INFO - DAG(s) dict_keys(['example_trigger_controller_dag']) retrieved from /home/mnguyen0226/anaconda3/envs/learning_scraper/lib/python3.11/site-packages/airflow/example_dags/example_trigger_controller_dag.py
[2023-08-20T21:14:05.656-0400] {logging_mixin.py:150} INFO - [2023-08-20T21:14:05.656-0400] {dag.py:2742} INFO - Sync 1 DAGs
[2023-08-20T21:14:05.689-0400] {logging_mixin.py:150} INFO - [2023-08-20T21:14:05.689-0400] {dag.py:3504} INFO - Setting next_dagrun for example_trigger_controller_dag to 2021-01-01T00:00:00+00:00, run_after=2021-01-01T00:00:00+00:00
[2023-08-20T21:14:05.723-0400] {processor.py:179} INFO - Processing /home/mnguyen0226/anaconda3/envs/learning_scraper/lib/python3.11/site-packages/airflow/example_dags/example_trigger_controller_dag.py took 0.111 seconds
[2023-08-20T21:14:44.102-0400] {processor.py:157} INFO - Started process (PID=86267) to work on /home/mnguyen0226/anaconda3/envs/learning_scraper/lib/python3.11/site-packages/airflow/example_dags/example_trigger_controller_dag.py
[2023-08-20T21:14:44.104-0400] {processor.py:826} INFO - Processing file /home/mnguyen0226/anaconda3/envs/learning_scraper/lib/python3.11/site-packages/airflow/example_dags/example_trigger_controller_dag.py for tasks to queue
[2023-08-20T21:14:44.106-0400] {logging_mixin.py:150} INFO - [2023-08-20T21:14:44.105-0400] {dagbag.py:541} INFO - Filling up the DagBag from /home/mnguyen0226/anaconda3/envs/learning_scraper/lib/python3.11/site-packages/airflow/example_dags/example_trigger_controller_dag.py
[2023-08-20T21:14:44.114-0400] {processor.py:836} INFO - DAG(s) dict_keys(['example_trigger_controller_dag']) retrieved from /home/mnguyen0226/anaconda3/envs/learning_scraper/lib/python3.11/site-packages/airflow/example_dags/example_trigger_controller_dag.py
[2023-08-20T21:14:44.143-0400] {logging_mixin.py:150} INFO - [2023-08-20T21:14:44.142-0400] {dag.py:2742} INFO - Sync 1 DAGs
[2023-08-20T21:14:44.171-0400] {logging_mixin.py:150} INFO - [2023-08-20T21:14:44.171-0400] {dag.py:3504} INFO - Setting next_dagrun for example_trigger_controller_dag to 2021-01-01T00:00:00+00:00, run_after=2021-01-01T00:00:00+00:00
[2023-08-20T21:14:44.206-0400] {processor.py:179} INFO - Processing /home/mnguyen0226/anaconda3/envs/learning_scraper/lib/python3.11/site-packages/airflow/example_dags/example_trigger_controller_dag.py took 0.109 seconds
[2023-08-20T21:15:21.056-0400] {processor.py:157} INFO - Started process (PID=86367) to work on /home/mnguyen0226/anaconda3/envs/learning_scraper/lib/python3.11/site-packages/airflow/example_dags/example_trigger_controller_dag.py
[2023-08-20T21:15:21.056-0400] {processor.py:826} INFO - Processing file /home/mnguyen0226/anaconda3/envs/learning_scraper/lib/python3.11/site-packages/airflow/example_dags/example_trigger_controller_dag.py for tasks to queue
[2023-08-20T21:15:21.057-0400] {logging_mixin.py:150} INFO - [2023-08-20T21:15:21.057-0400] {dagbag.py:541} INFO - Filling up the DagBag from /home/mnguyen0226/anaconda3/envs/learning_scraper/lib/python3.11/site-packages/airflow/example_dags/example_trigger_controller_dag.py
[2023-08-20T21:15:21.061-0400] {processor.py:836} INFO - DAG(s) dict_keys(['example_trigger_controller_dag']) retrieved from /home/mnguyen0226/anaconda3/envs/learning_scraper/lib/python3.11/site-packages/airflow/example_dags/example_trigger_controller_dag.py
[2023-08-20T21:15:21.078-0400] {logging_mixin.py:150} INFO - [2023-08-20T21:15:21.078-0400] {dag.py:2742} INFO - Sync 1 DAGs
[2023-08-20T21:15:21.099-0400] {logging_mixin.py:150} INFO - [2023-08-20T21:15:21.099-0400] {dag.py:3504} INFO - Setting next_dagrun for example_trigger_controller_dag to 2021-01-01T00:00:00+00:00, run_after=2021-01-01T00:00:00+00:00
[2023-08-20T21:15:21.147-0400] {processor.py:179} INFO - Processing /home/mnguyen0226/anaconda3/envs/learning_scraper/lib/python3.11/site-packages/airflow/example_dags/example_trigger_controller_dag.py took 0.093 seconds
[2023-08-20T21:16:11.490-0400] {processor.py:157} INFO - Started process (PID=86518) to work on /home/mnguyen0226/anaconda3/envs/learning_scraper/lib/python3.11/site-packages/airflow/example_dags/example_trigger_controller_dag.py
[2023-08-20T21:16:11.491-0400] {processor.py:826} INFO - Processing file /home/mnguyen0226/anaconda3/envs/learning_scraper/lib/python3.11/site-packages/airflow/example_dags/example_trigger_controller_dag.py for tasks to queue
[2023-08-20T21:16:11.492-0400] {logging_mixin.py:150} INFO - [2023-08-20T21:16:11.491-0400] {dagbag.py:541} INFO - Filling up the DagBag from /home/mnguyen0226/anaconda3/envs/learning_scraper/lib/python3.11/site-packages/airflow/example_dags/example_trigger_controller_dag.py
[2023-08-20T21:16:11.495-0400] {processor.py:836} INFO - DAG(s) dict_keys(['example_trigger_controller_dag']) retrieved from /home/mnguyen0226/anaconda3/envs/learning_scraper/lib/python3.11/site-packages/airflow/example_dags/example_trigger_controller_dag.py
[2023-08-20T21:16:11.509-0400] {logging_mixin.py:150} INFO - [2023-08-20T21:16:11.509-0400] {dag.py:2742} INFO - Sync 1 DAGs
[2023-08-20T21:16:11.526-0400] {logging_mixin.py:150} INFO - [2023-08-20T21:16:11.526-0400] {dag.py:3504} INFO - Setting next_dagrun for example_trigger_controller_dag to 2021-01-01T00:00:00+00:00, run_after=2021-01-01T00:00:00+00:00
[2023-08-20T21:16:11.550-0400] {processor.py:179} INFO - Processing /home/mnguyen0226/anaconda3/envs/learning_scraper/lib/python3.11/site-packages/airflow/example_dags/example_trigger_controller_dag.py took 0.062 seconds
[2023-08-20T21:16:47.896-0400] {processor.py:157} INFO - Started process (PID=86838) to work on /home/mnguyen0226/anaconda3/envs/learning_scraper/lib/python3.11/site-packages/airflow/example_dags/example_trigger_controller_dag.py
[2023-08-20T21:16:47.905-0400] {processor.py:826} INFO - Processing file /home/mnguyen0226/anaconda3/envs/learning_scraper/lib/python3.11/site-packages/airflow/example_dags/example_trigger_controller_dag.py for tasks to queue
[2023-08-20T21:16:47.907-0400] {logging_mixin.py:150} INFO - [2023-08-20T21:16:47.906-0400] {dagbag.py:541} INFO - Filling up the DagBag from /home/mnguyen0226/anaconda3/envs/learning_scraper/lib/python3.11/site-packages/airflow/example_dags/example_trigger_controller_dag.py
[2023-08-20T21:16:47.915-0400] {processor.py:836} INFO - DAG(s) dict_keys(['example_trigger_controller_dag']) retrieved from /home/mnguyen0226/anaconda3/envs/learning_scraper/lib/python3.11/site-packages/airflow/example_dags/example_trigger_controller_dag.py
[2023-08-20T21:16:47.944-0400] {logging_mixin.py:150} INFO - [2023-08-20T21:16:47.943-0400] {dag.py:2742} INFO - Sync 1 DAGs
[2023-08-20T21:16:47.972-0400] {logging_mixin.py:150} INFO - [2023-08-20T21:16:47.972-0400] {dag.py:3504} INFO - Setting next_dagrun for example_trigger_controller_dag to 2021-01-01T00:00:00+00:00, run_after=2021-01-01T00:00:00+00:00
[2023-08-20T21:16:47.999-0400] {processor.py:179} INFO - Processing /home/mnguyen0226/anaconda3/envs/learning_scraper/lib/python3.11/site-packages/airflow/example_dags/example_trigger_controller_dag.py took 0.108 seconds
[2023-08-20T21:17:24.930-0400] {processor.py:157} INFO - Started process (PID=87029) to work on /home/mnguyen0226/anaconda3/envs/learning_scraper/lib/python3.11/site-packages/airflow/example_dags/example_trigger_controller_dag.py
[2023-08-20T21:17:24.931-0400] {processor.py:826} INFO - Processing file /home/mnguyen0226/anaconda3/envs/learning_scraper/lib/python3.11/site-packages/airflow/example_dags/example_trigger_controller_dag.py for tasks to queue
[2023-08-20T21:17:24.932-0400] {logging_mixin.py:150} INFO - [2023-08-20T21:17:24.931-0400] {dagbag.py:541} INFO - Filling up the DagBag from /home/mnguyen0226/anaconda3/envs/learning_scraper/lib/python3.11/site-packages/airflow/example_dags/example_trigger_controller_dag.py
[2023-08-20T21:17:24.936-0400] {processor.py:836} INFO - DAG(s) dict_keys(['example_trigger_controller_dag']) retrieved from /home/mnguyen0226/anaconda3/envs/learning_scraper/lib/python3.11/site-packages/airflow/example_dags/example_trigger_controller_dag.py
[2023-08-20T21:17:24.953-0400] {logging_mixin.py:150} INFO - [2023-08-20T21:17:24.953-0400] {dag.py:2742} INFO - Sync 1 DAGs
[2023-08-20T21:17:24.982-0400] {logging_mixin.py:150} INFO - [2023-08-20T21:17:24.982-0400] {dag.py:3504} INFO - Setting next_dagrun for example_trigger_controller_dag to 2021-01-01T00:00:00+00:00, run_after=2021-01-01T00:00:00+00:00
[2023-08-20T21:17:25.014-0400] {processor.py:179} INFO - Processing /home/mnguyen0226/anaconda3/envs/learning_scraper/lib/python3.11/site-packages/airflow/example_dags/example_trigger_controller_dag.py took 0.087 seconds
[2023-08-20T21:18:00.841-0400] {processor.py:157} INFO - Started process (PID=87236) to work on /home/mnguyen0226/anaconda3/envs/learning_scraper/lib/python3.11/site-packages/airflow/example_dags/example_trigger_controller_dag.py
[2023-08-20T21:18:00.842-0400] {processor.py:826} INFO - Processing file /home/mnguyen0226/anaconda3/envs/learning_scraper/lib/python3.11/site-packages/airflow/example_dags/example_trigger_controller_dag.py for tasks to queue
[2023-08-20T21:18:00.843-0400] {logging_mixin.py:150} INFO - [2023-08-20T21:18:00.843-0400] {dagbag.py:541} INFO - Filling up the DagBag from /home/mnguyen0226/anaconda3/envs/learning_scraper/lib/python3.11/site-packages/airflow/example_dags/example_trigger_controller_dag.py
[2023-08-20T21:18:00.850-0400] {processor.py:836} INFO - DAG(s) dict_keys(['example_trigger_controller_dag']) retrieved from /home/mnguyen0226/anaconda3/envs/learning_scraper/lib/python3.11/site-packages/airflow/example_dags/example_trigger_controller_dag.py
[2023-08-20T21:18:00.877-0400] {logging_mixin.py:150} INFO - [2023-08-20T21:18:00.877-0400] {dag.py:2742} INFO - Sync 1 DAGs
[2023-08-20T21:18:00.908-0400] {logging_mixin.py:150} INFO - [2023-08-20T21:18:00.908-0400] {dag.py:3504} INFO - Setting next_dagrun for example_trigger_controller_dag to 2021-01-01T00:00:00+00:00, run_after=2021-01-01T00:00:00+00:00
[2023-08-20T21:18:00.937-0400] {processor.py:179} INFO - Processing /home/mnguyen0226/anaconda3/envs/learning_scraper/lib/python3.11/site-packages/airflow/example_dags/example_trigger_controller_dag.py took 0.100 seconds
[2023-08-20T21:18:37.219-0400] {processor.py:157} INFO - Started process (PID=87386) to work on /home/mnguyen0226/anaconda3/envs/learning_scraper/lib/python3.11/site-packages/airflow/example_dags/example_trigger_controller_dag.py
[2023-08-20T21:18:37.228-0400] {processor.py:826} INFO - Processing file /home/mnguyen0226/anaconda3/envs/learning_scraper/lib/python3.11/site-packages/airflow/example_dags/example_trigger_controller_dag.py for tasks to queue
[2023-08-20T21:18:37.230-0400] {logging_mixin.py:150} INFO - [2023-08-20T21:18:37.229-0400] {dagbag.py:541} INFO - Filling up the DagBag from /home/mnguyen0226/anaconda3/envs/learning_scraper/lib/python3.11/site-packages/airflow/example_dags/example_trigger_controller_dag.py
[2023-08-20T21:18:37.236-0400] {processor.py:836} INFO - DAG(s) dict_keys(['example_trigger_controller_dag']) retrieved from /home/mnguyen0226/anaconda3/envs/learning_scraper/lib/python3.11/site-packages/airflow/example_dags/example_trigger_controller_dag.py
[2023-08-20T21:18:37.263-0400] {logging_mixin.py:150} INFO - [2023-08-20T21:18:37.263-0400] {dag.py:2742} INFO - Sync 1 DAGs
[2023-08-20T21:18:37.283-0400] {logging_mixin.py:150} INFO - [2023-08-20T21:18:37.283-0400] {dag.py:3504} INFO - Setting next_dagrun for example_trigger_controller_dag to 2021-01-01T00:00:00+00:00, run_after=2021-01-01T00:00:00+00:00
[2023-08-20T21:18:37.305-0400] {processor.py:179} INFO - Processing /home/mnguyen0226/anaconda3/envs/learning_scraper/lib/python3.11/site-packages/airflow/example_dags/example_trigger_controller_dag.py took 0.091 seconds
[2023-08-20T21:19:15.610-0400] {processor.py:157} INFO - Started process (PID=87614) to work on /home/mnguyen0226/anaconda3/envs/learning_scraper/lib/python3.11/site-packages/airflow/example_dags/example_trigger_controller_dag.py
[2023-08-20T21:19:15.619-0400] {processor.py:826} INFO - Processing file /home/mnguyen0226/anaconda3/envs/learning_scraper/lib/python3.11/site-packages/airflow/example_dags/example_trigger_controller_dag.py for tasks to queue
[2023-08-20T21:19:15.620-0400] {logging_mixin.py:150} INFO - [2023-08-20T21:19:15.619-0400] {dagbag.py:541} INFO - Filling up the DagBag from /home/mnguyen0226/anaconda3/envs/learning_scraper/lib/python3.11/site-packages/airflow/example_dags/example_trigger_controller_dag.py
[2023-08-20T21:19:15.624-0400] {processor.py:836} INFO - DAG(s) dict_keys(['example_trigger_controller_dag']) retrieved from /home/mnguyen0226/anaconda3/envs/learning_scraper/lib/python3.11/site-packages/airflow/example_dags/example_trigger_controller_dag.py
[2023-08-20T21:19:15.652-0400] {logging_mixin.py:150} INFO - [2023-08-20T21:19:15.651-0400] {dag.py:2742} INFO - Sync 1 DAGs
[2023-08-20T21:19:15.685-0400] {logging_mixin.py:150} INFO - [2023-08-20T21:19:15.685-0400] {dag.py:3504} INFO - Setting next_dagrun for example_trigger_controller_dag to 2021-01-01T00:00:00+00:00, run_after=2021-01-01T00:00:00+00:00
[2023-08-20T21:19:15.720-0400] {processor.py:179} INFO - Processing /home/mnguyen0226/anaconda3/envs/learning_scraper/lib/python3.11/site-packages/airflow/example_dags/example_trigger_controller_dag.py took 0.113 seconds
[2023-08-20T21:19:50.583-0400] {processor.py:157} INFO - Started process (PID=87910) to work on /home/mnguyen0226/anaconda3/envs/learning_scraper/lib/python3.11/site-packages/airflow/example_dags/example_trigger_controller_dag.py
[2023-08-20T21:19:50.585-0400] {processor.py:826} INFO - Processing file /home/mnguyen0226/anaconda3/envs/learning_scraper/lib/python3.11/site-packages/airflow/example_dags/example_trigger_controller_dag.py for tasks to queue
[2023-08-20T21:19:50.586-0400] {logging_mixin.py:150} INFO - [2023-08-20T21:19:50.585-0400] {dagbag.py:541} INFO - Filling up the DagBag from /home/mnguyen0226/anaconda3/envs/learning_scraper/lib/python3.11/site-packages/airflow/example_dags/example_trigger_controller_dag.py
[2023-08-20T21:19:50.593-0400] {processor.py:836} INFO - DAG(s) dict_keys(['example_trigger_controller_dag']) retrieved from /home/mnguyen0226/anaconda3/envs/learning_scraper/lib/python3.11/site-packages/airflow/example_dags/example_trigger_controller_dag.py
[2023-08-20T21:19:50.620-0400] {logging_mixin.py:150} INFO - [2023-08-20T21:19:50.620-0400] {dag.py:2742} INFO - Sync 1 DAGs
[2023-08-20T21:19:50.642-0400] {logging_mixin.py:150} INFO - [2023-08-20T21:19:50.642-0400] {dag.py:3504} INFO - Setting next_dagrun for example_trigger_controller_dag to 2021-01-01T00:00:00+00:00, run_after=2021-01-01T00:00:00+00:00
[2023-08-20T21:19:50.665-0400] {processor.py:179} INFO - Processing /home/mnguyen0226/anaconda3/envs/learning_scraper/lib/python3.11/site-packages/airflow/example_dags/example_trigger_controller_dag.py took 0.086 seconds
[2023-08-20T21:20:25.670-0400] {processor.py:157} INFO - Started process (PID=88153) to work on /home/mnguyen0226/anaconda3/envs/learning_scraper/lib/python3.11/site-packages/airflow/example_dags/example_trigger_controller_dag.py
[2023-08-20T21:20:25.671-0400] {processor.py:826} INFO - Processing file /home/mnguyen0226/anaconda3/envs/learning_scraper/lib/python3.11/site-packages/airflow/example_dags/example_trigger_controller_dag.py for tasks to queue
[2023-08-20T21:20:25.672-0400] {logging_mixin.py:150} INFO - [2023-08-20T21:20:25.671-0400] {dagbag.py:541} INFO - Filling up the DagBag from /home/mnguyen0226/anaconda3/envs/learning_scraper/lib/python3.11/site-packages/airflow/example_dags/example_trigger_controller_dag.py
[2023-08-20T21:20:25.679-0400] {processor.py:836} INFO - DAG(s) dict_keys(['example_trigger_controller_dag']) retrieved from /home/mnguyen0226/anaconda3/envs/learning_scraper/lib/python3.11/site-packages/airflow/example_dags/example_trigger_controller_dag.py
[2023-08-20T21:20:25.706-0400] {logging_mixin.py:150} INFO - [2023-08-20T21:20:25.706-0400] {dag.py:2742} INFO - Sync 1 DAGs
[2023-08-20T21:20:25.742-0400] {logging_mixin.py:150} INFO - [2023-08-20T21:20:25.742-0400] {dag.py:3504} INFO - Setting next_dagrun for example_trigger_controller_dag to 2021-01-01T00:00:00+00:00, run_after=2021-01-01T00:00:00+00:00
[2023-08-20T21:20:25.773-0400] {processor.py:179} INFO - Processing /home/mnguyen0226/anaconda3/envs/learning_scraper/lib/python3.11/site-packages/airflow/example_dags/example_trigger_controller_dag.py took 0.108 seconds
[2023-08-20T21:21:01.179-0400] {processor.py:157} INFO - Started process (PID=88291) to work on /home/mnguyen0226/anaconda3/envs/learning_scraper/lib/python3.11/site-packages/airflow/example_dags/example_trigger_controller_dag.py
[2023-08-20T21:21:01.180-0400] {processor.py:826} INFO - Processing file /home/mnguyen0226/anaconda3/envs/learning_scraper/lib/python3.11/site-packages/airflow/example_dags/example_trigger_controller_dag.py for tasks to queue
[2023-08-20T21:21:01.181-0400] {logging_mixin.py:150} INFO - [2023-08-20T21:21:01.181-0400] {dagbag.py:541} INFO - Filling up the DagBag from /home/mnguyen0226/anaconda3/envs/learning_scraper/lib/python3.11/site-packages/airflow/example_dags/example_trigger_controller_dag.py
[2023-08-20T21:21:01.196-0400] {processor.py:836} INFO - DAG(s) dict_keys(['example_trigger_controller_dag']) retrieved from /home/mnguyen0226/anaconda3/envs/learning_scraper/lib/python3.11/site-packages/airflow/example_dags/example_trigger_controller_dag.py
[2023-08-20T21:21:01.221-0400] {logging_mixin.py:150} INFO - [2023-08-20T21:21:01.221-0400] {dag.py:2742} INFO - Sync 1 DAGs
[2023-08-20T21:21:01.243-0400] {logging_mixin.py:150} INFO - [2023-08-20T21:21:01.243-0400] {dag.py:3504} INFO - Setting next_dagrun for example_trigger_controller_dag to 2021-01-01T00:00:00+00:00, run_after=2021-01-01T00:00:00+00:00
[2023-08-20T21:21:01.267-0400] {processor.py:179} INFO - Processing /home/mnguyen0226/anaconda3/envs/learning_scraper/lib/python3.11/site-packages/airflow/example_dags/example_trigger_controller_dag.py took 0.097 seconds
