[2023-08-20T21:00:55.725-0400] {processor.py:157} INFO - Started process (PID=80800) to work on /home/mnguyen0226/anaconda3/envs/learning_scraper/lib/python3.11/site-packages/airflow/example_dags/example_params_ui_tutorial.py
[2023-08-20T21:00:55.726-0400] {processor.py:826} INFO - Processing file /home/mnguyen0226/anaconda3/envs/learning_scraper/lib/python3.11/site-packages/airflow/example_dags/example_params_ui_tutorial.py for tasks to queue
[2023-08-20T21:00:55.727-0400] {logging_mixin.py:150} INFO - [2023-08-20T21:00:55.726-0400] {dagbag.py:541} INFO - Filling up the DagBag from /home/mnguyen0226/anaconda3/envs/learning_scraper/lib/python3.11/site-packages/airflow/example_dags/example_params_ui_tutorial.py
[2023-08-20T21:00:55.750-0400] {processor.py:836} INFO - DAG(s) dict_keys(['example_params_ui_tutorial']) retrieved from /home/mnguyen0226/anaconda3/envs/learning_scraper/lib/python3.11/site-packages/airflow/example_dags/example_params_ui_tutorial.py
[2023-08-20T21:00:55.784-0400] {logging_mixin.py:150} INFO - [2023-08-20T21:00:55.783-0400] {dag.py:2742} INFO - Sync 1 DAGs
[2023-08-20T21:00:55.806-0400] {logging_mixin.py:150} INFO - [2023-08-20T21:00:55.805-0400] {dag.py:3504} INFO - Setting next_dagrun for example_params_ui_tutorial to None, run_after=None
[2023-08-20T21:00:55.835-0400] {processor.py:179} INFO - Processing /home/mnguyen0226/anaconda3/envs/learning_scraper/lib/python3.11/site-packages/airflow/example_dags/example_params_ui_tutorial.py took 0.112 seconds
[2023-08-20T21:01:46.492-0400] {processor.py:157} INFO - Started process (PID=81045) to work on /home/mnguyen0226/anaconda3/envs/learning_scraper/lib/python3.11/site-packages/airflow/example_dags/example_params_ui_tutorial.py
[2023-08-20T21:01:46.492-0400] {processor.py:826} INFO - Processing file /home/mnguyen0226/anaconda3/envs/learning_scraper/lib/python3.11/site-packages/airflow/example_dags/example_params_ui_tutorial.py for tasks to queue
[2023-08-20T21:01:46.493-0400] {logging_mixin.py:150} INFO - [2023-08-20T21:01:46.493-0400] {dagbag.py:541} INFO - Filling up the DagBag from /home/mnguyen0226/anaconda3/envs/learning_scraper/lib/python3.11/site-packages/airflow/example_dags/example_params_ui_tutorial.py
[2023-08-20T21:01:46.513-0400] {processor.py:836} INFO - DAG(s) dict_keys(['example_params_ui_tutorial']) retrieved from /home/mnguyen0226/anaconda3/envs/learning_scraper/lib/python3.11/site-packages/airflow/example_dags/example_params_ui_tutorial.py
[2023-08-20T21:01:46.538-0400] {logging_mixin.py:150} INFO - [2023-08-20T21:01:46.538-0400] {dag.py:2742} INFO - Sync 1 DAGs
[2023-08-20T21:01:46.561-0400] {logging_mixin.py:150} INFO - [2023-08-20T21:01:46.561-0400] {dag.py:3504} INFO - Setting next_dagrun for example_params_ui_tutorial to None, run_after=None
[2023-08-20T21:01:46.597-0400] {processor.py:179} INFO - Processing /home/mnguyen0226/anaconda3/envs/learning_scraper/lib/python3.11/site-packages/airflow/example_dags/example_params_ui_tutorial.py took 0.109 seconds
[2023-08-20T21:03:53.748-0400] {processor.py:157} INFO - Started process (PID=82632) to work on /home/mnguyen0226/anaconda3/envs/learning_scraper/lib/python3.11/site-packages/airflow/example_dags/example_params_ui_tutorial.py
[2023-08-20T21:03:53.749-0400] {processor.py:826} INFO - Processing file /home/mnguyen0226/anaconda3/envs/learning_scraper/lib/python3.11/site-packages/airflow/example_dags/example_params_ui_tutorial.py for tasks to queue
[2023-08-20T21:03:53.749-0400] {logging_mixin.py:150} INFO - [2023-08-20T21:03:53.749-0400] {dagbag.py:541} INFO - Filling up the DagBag from /home/mnguyen0226/anaconda3/envs/learning_scraper/lib/python3.11/site-packages/airflow/example_dags/example_params_ui_tutorial.py
[2023-08-20T21:03:53.774-0400] {processor.py:836} INFO - DAG(s) dict_keys(['example_params_ui_tutorial']) retrieved from /home/mnguyen0226/anaconda3/envs/learning_scraper/lib/python3.11/site-packages/airflow/example_dags/example_params_ui_tutorial.py
[2023-08-20T21:03:53.809-0400] {logging_mixin.py:150} INFO - [2023-08-20T21:03:53.809-0400] {dag.py:2742} INFO - Sync 1 DAGs
[2023-08-20T21:03:53.829-0400] {logging_mixin.py:150} INFO - [2023-08-20T21:03:53.829-0400] {dag.py:3504} INFO - Setting next_dagrun for example_params_ui_tutorial to None, run_after=None
[2023-08-20T21:03:53.853-0400] {processor.py:179} INFO - Processing /home/mnguyen0226/anaconda3/envs/learning_scraper/lib/python3.11/site-packages/airflow/example_dags/example_params_ui_tutorial.py took 0.108 seconds
[2023-08-20T21:04:45.075-0400] {processor.py:157} INFO - Started process (PID=83122) to work on /home/mnguyen0226/anaconda3/envs/learning_scraper/lib/python3.11/site-packages/airflow/example_dags/example_params_ui_tutorial.py
[2023-08-20T21:04:45.076-0400] {processor.py:826} INFO - Processing file /home/mnguyen0226/anaconda3/envs/learning_scraper/lib/python3.11/site-packages/airflow/example_dags/example_params_ui_tutorial.py for tasks to queue
[2023-08-20T21:04:45.077-0400] {logging_mixin.py:150} INFO - [2023-08-20T21:04:45.077-0400] {dagbag.py:541} INFO - Filling up the DagBag from /home/mnguyen0226/anaconda3/envs/learning_scraper/lib/python3.11/site-packages/airflow/example_dags/example_params_ui_tutorial.py
[2023-08-20T21:04:45.116-0400] {processor.py:836} INFO - DAG(s) dict_keys(['example_params_ui_tutorial']) retrieved from /home/mnguyen0226/anaconda3/envs/learning_scraper/lib/python3.11/site-packages/airflow/example_dags/example_params_ui_tutorial.py
[2023-08-20T21:04:45.166-0400] {logging_mixin.py:150} INFO - [2023-08-20T21:04:45.166-0400] {dag.py:2742} INFO - Sync 1 DAGs
[2023-08-20T21:04:45.190-0400] {logging_mixin.py:150} INFO - [2023-08-20T21:04:45.189-0400] {dag.py:3504} INFO - Setting next_dagrun for example_params_ui_tutorial to None, run_after=None
[2023-08-20T21:04:45.228-0400] {processor.py:179} INFO - Processing /home/mnguyen0226/anaconda3/envs/learning_scraper/lib/python3.11/site-packages/airflow/example_dags/example_params_ui_tutorial.py took 0.158 seconds
[2023-08-20T21:05:42.504-0400] {processor.py:157} INFO - Started process (PID=83418) to work on /home/mnguyen0226/anaconda3/envs/learning_scraper/lib/python3.11/site-packages/airflow/example_dags/example_params_ui_tutorial.py
[2023-08-20T21:05:42.513-0400] {processor.py:826} INFO - Processing file /home/mnguyen0226/anaconda3/envs/learning_scraper/lib/python3.11/site-packages/airflow/example_dags/example_params_ui_tutorial.py for tasks to queue
[2023-08-20T21:05:42.514-0400] {logging_mixin.py:150} INFO - [2023-08-20T21:05:42.513-0400] {dagbag.py:541} INFO - Filling up the DagBag from /home/mnguyen0226/anaconda3/envs/learning_scraper/lib/python3.11/site-packages/airflow/example_dags/example_params_ui_tutorial.py
[2023-08-20T21:05:42.534-0400] {processor.py:836} INFO - DAG(s) dict_keys(['example_params_ui_tutorial']) retrieved from /home/mnguyen0226/anaconda3/envs/learning_scraper/lib/python3.11/site-packages/airflow/example_dags/example_params_ui_tutorial.py
[2023-08-20T21:05:42.565-0400] {logging_mixin.py:150} INFO - [2023-08-20T21:05:42.565-0400] {dag.py:2742} INFO - Sync 1 DAGs
[2023-08-20T21:05:42.580-0400] {logging_mixin.py:150} INFO - [2023-08-20T21:05:42.580-0400] {dag.py:3504} INFO - Setting next_dagrun for example_params_ui_tutorial to None, run_after=None
[2023-08-20T21:05:42.603-0400] {processor.py:179} INFO - Processing /home/mnguyen0226/anaconda3/envs/learning_scraper/lib/python3.11/site-packages/airflow/example_dags/example_params_ui_tutorial.py took 0.102 seconds
[2023-08-20T21:06:45.353-0400] {processor.py:157} INFO - Started process (PID=83715) to work on /home/mnguyen0226/anaconda3/envs/learning_scraper/lib/python3.11/site-packages/airflow/example_dags/example_params_ui_tutorial.py
[2023-08-20T21:06:45.363-0400] {processor.py:826} INFO - Processing file /home/mnguyen0226/anaconda3/envs/learning_scraper/lib/python3.11/site-packages/airflow/example_dags/example_params_ui_tutorial.py for tasks to queue
[2023-08-20T21:06:45.366-0400] {logging_mixin.py:150} INFO - [2023-08-20T21:06:45.364-0400] {dagbag.py:541} INFO - Filling up the DagBag from /home/mnguyen0226/anaconda3/envs/learning_scraper/lib/python3.11/site-packages/airflow/example_dags/example_params_ui_tutorial.py
[2023-08-20T21:06:45.408-0400] {processor.py:836} INFO - DAG(s) dict_keys(['example_params_ui_tutorial']) retrieved from /home/mnguyen0226/anaconda3/envs/learning_scraper/lib/python3.11/site-packages/airflow/example_dags/example_params_ui_tutorial.py
[2023-08-20T21:06:45.445-0400] {logging_mixin.py:150} INFO - [2023-08-20T21:06:45.445-0400] {dag.py:2742} INFO - Sync 1 DAGs
[2023-08-20T21:06:45.586-0400] {logging_mixin.py:150} INFO - [2023-08-20T21:06:45.586-0400] {dag.py:3504} INFO - Setting next_dagrun for example_params_ui_tutorial to None, run_after=None
[2023-08-20T21:06:45.621-0400] {processor.py:179} INFO - Processing /home/mnguyen0226/anaconda3/envs/learning_scraper/lib/python3.11/site-packages/airflow/example_dags/example_params_ui_tutorial.py took 0.272 seconds
[2023-08-20T21:07:49.991-0400] {processor.py:157} INFO - Started process (PID=83978) to work on /home/mnguyen0226/anaconda3/envs/learning_scraper/lib/python3.11/site-packages/airflow/example_dags/example_params_ui_tutorial.py
[2023-08-20T21:07:50.000-0400] {processor.py:826} INFO - Processing file /home/mnguyen0226/anaconda3/envs/learning_scraper/lib/python3.11/site-packages/airflow/example_dags/example_params_ui_tutorial.py for tasks to queue
[2023-08-20T21:07:50.002-0400] {logging_mixin.py:150} INFO - [2023-08-20T21:07:50.001-0400] {dagbag.py:541} INFO - Filling up the DagBag from /home/mnguyen0226/anaconda3/envs/learning_scraper/lib/python3.11/site-packages/airflow/example_dags/example_params_ui_tutorial.py
[2023-08-20T21:07:50.034-0400] {processor.py:836} INFO - DAG(s) dict_keys(['example_params_ui_tutorial']) retrieved from /home/mnguyen0226/anaconda3/envs/learning_scraper/lib/python3.11/site-packages/airflow/example_dags/example_params_ui_tutorial.py
[2023-08-20T21:07:50.061-0400] {logging_mixin.py:150} INFO - [2023-08-20T21:07:50.061-0400] {dag.py:2742} INFO - Sync 1 DAGs
[2023-08-20T21:07:50.076-0400] {logging_mixin.py:150} INFO - [2023-08-20T21:07:50.075-0400] {dag.py:3504} INFO - Setting next_dagrun for example_params_ui_tutorial to None, run_after=None
[2023-08-20T21:07:50.097-0400] {processor.py:179} INFO - Processing /home/mnguyen0226/anaconda3/envs/learning_scraper/lib/python3.11/site-packages/airflow/example_dags/example_params_ui_tutorial.py took 0.111 seconds
[2023-08-20T21:08:44.095-0400] {processor.py:157} INFO - Started process (PID=84208) to work on /home/mnguyen0226/anaconda3/envs/learning_scraper/lib/python3.11/site-packages/airflow/example_dags/example_params_ui_tutorial.py
[2023-08-20T21:08:44.105-0400] {processor.py:826} INFO - Processing file /home/mnguyen0226/anaconda3/envs/learning_scraper/lib/python3.11/site-packages/airflow/example_dags/example_params_ui_tutorial.py for tasks to queue
[2023-08-20T21:08:44.107-0400] {logging_mixin.py:150} INFO - [2023-08-20T21:08:44.106-0400] {dagbag.py:541} INFO - Filling up the DagBag from /home/mnguyen0226/anaconda3/envs/learning_scraper/lib/python3.11/site-packages/airflow/example_dags/example_params_ui_tutorial.py
[2023-08-20T21:08:44.146-0400] {processor.py:836} INFO - DAG(s) dict_keys(['example_params_ui_tutorial']) retrieved from /home/mnguyen0226/anaconda3/envs/learning_scraper/lib/python3.11/site-packages/airflow/example_dags/example_params_ui_tutorial.py
[2023-08-20T21:08:44.194-0400] {logging_mixin.py:150} INFO - [2023-08-20T21:08:44.194-0400] {dag.py:2742} INFO - Sync 1 DAGs
[2023-08-20T21:08:44.212-0400] {logging_mixin.py:150} INFO - [2023-08-20T21:08:44.212-0400] {dag.py:3504} INFO - Setting next_dagrun for example_params_ui_tutorial to None, run_after=None
[2023-08-20T21:08:44.234-0400] {processor.py:179} INFO - Processing /home/mnguyen0226/anaconda3/envs/learning_scraper/lib/python3.11/site-packages/airflow/example_dags/example_params_ui_tutorial.py took 0.146 seconds
[2023-08-20T21:09:37.588-0400] {processor.py:157} INFO - Started process (PID=84507) to work on /home/mnguyen0226/anaconda3/envs/learning_scraper/lib/python3.11/site-packages/airflow/example_dags/example_params_ui_tutorial.py
[2023-08-20T21:09:37.588-0400] {processor.py:826} INFO - Processing file /home/mnguyen0226/anaconda3/envs/learning_scraper/lib/python3.11/site-packages/airflow/example_dags/example_params_ui_tutorial.py for tasks to queue
[2023-08-20T21:09:37.589-0400] {logging_mixin.py:150} INFO - [2023-08-20T21:09:37.589-0400] {dagbag.py:541} INFO - Filling up the DagBag from /home/mnguyen0226/anaconda3/envs/learning_scraper/lib/python3.11/site-packages/airflow/example_dags/example_params_ui_tutorial.py
[2023-08-20T21:09:37.609-0400] {processor.py:836} INFO - DAG(s) dict_keys(['example_params_ui_tutorial']) retrieved from /home/mnguyen0226/anaconda3/envs/learning_scraper/lib/python3.11/site-packages/airflow/example_dags/example_params_ui_tutorial.py
[2023-08-20T21:09:37.646-0400] {logging_mixin.py:150} INFO - [2023-08-20T21:09:37.645-0400] {dag.py:2742} INFO - Sync 1 DAGs
[2023-08-20T21:09:37.663-0400] {logging_mixin.py:150} INFO - [2023-08-20T21:09:37.663-0400] {dag.py:3504} INFO - Setting next_dagrun for example_params_ui_tutorial to None, run_after=None
[2023-08-20T21:09:37.692-0400] {processor.py:179} INFO - Processing /home/mnguyen0226/anaconda3/envs/learning_scraper/lib/python3.11/site-packages/airflow/example_dags/example_params_ui_tutorial.py took 0.108 seconds
[2023-08-20T21:10:36.314-0400] {processor.py:157} INFO - Started process (PID=84746) to work on /home/mnguyen0226/anaconda3/envs/learning_scraper/lib/python3.11/site-packages/airflow/example_dags/example_params_ui_tutorial.py
[2023-08-20T21:10:36.323-0400] {processor.py:826} INFO - Processing file /home/mnguyen0226/anaconda3/envs/learning_scraper/lib/python3.11/site-packages/airflow/example_dags/example_params_ui_tutorial.py for tasks to queue
[2023-08-20T21:10:36.324-0400] {logging_mixin.py:150} INFO - [2023-08-20T21:10:36.323-0400] {dagbag.py:541} INFO - Filling up the DagBag from /home/mnguyen0226/anaconda3/envs/learning_scraper/lib/python3.11/site-packages/airflow/example_dags/example_params_ui_tutorial.py
[2023-08-20T21:10:36.342-0400] {processor.py:836} INFO - DAG(s) dict_keys(['example_params_ui_tutorial']) retrieved from /home/mnguyen0226/anaconda3/envs/learning_scraper/lib/python3.11/site-packages/airflow/example_dags/example_params_ui_tutorial.py
[2023-08-20T21:10:36.368-0400] {logging_mixin.py:150} INFO - [2023-08-20T21:10:36.368-0400] {dag.py:2742} INFO - Sync 1 DAGs
[2023-08-20T21:10:36.386-0400] {logging_mixin.py:150} INFO - [2023-08-20T21:10:36.386-0400] {dag.py:3504} INFO - Setting next_dagrun for example_params_ui_tutorial to None, run_after=None
[2023-08-20T21:10:36.409-0400] {processor.py:179} INFO - Processing /home/mnguyen0226/anaconda3/envs/learning_scraper/lib/python3.11/site-packages/airflow/example_dags/example_params_ui_tutorial.py took 0.097 seconds
[2023-08-20T21:11:30.291-0400] {processor.py:157} INFO - Started process (PID=85036) to work on /home/mnguyen0226/anaconda3/envs/learning_scraper/lib/python3.11/site-packages/airflow/example_dags/example_params_ui_tutorial.py
[2023-08-20T21:11:30.292-0400] {processor.py:826} INFO - Processing file /home/mnguyen0226/anaconda3/envs/learning_scraper/lib/python3.11/site-packages/airflow/example_dags/example_params_ui_tutorial.py for tasks to queue
[2023-08-20T21:11:30.294-0400] {logging_mixin.py:150} INFO - [2023-08-20T21:11:30.293-0400] {dagbag.py:541} INFO - Filling up the DagBag from /home/mnguyen0226/anaconda3/envs/learning_scraper/lib/python3.11/site-packages/airflow/example_dags/example_params_ui_tutorial.py
[2023-08-20T21:11:30.329-0400] {processor.py:836} INFO - DAG(s) dict_keys(['example_params_ui_tutorial']) retrieved from /home/mnguyen0226/anaconda3/envs/learning_scraper/lib/python3.11/site-packages/airflow/example_dags/example_params_ui_tutorial.py
[2023-08-20T21:11:30.376-0400] {logging_mixin.py:150} INFO - [2023-08-20T21:11:30.375-0400] {dag.py:2742} INFO - Sync 1 DAGs
[2023-08-20T21:11:30.401-0400] {logging_mixin.py:150} INFO - [2023-08-20T21:11:30.400-0400] {dag.py:3504} INFO - Setting next_dagrun for example_params_ui_tutorial to None, run_after=None
[2023-08-20T21:11:30.436-0400] {processor.py:179} INFO - Processing /home/mnguyen0226/anaconda3/envs/learning_scraper/lib/python3.11/site-packages/airflow/example_dags/example_params_ui_tutorial.py took 0.151 seconds
[2023-08-20T21:12:22.928-0400] {processor.py:157} INFO - Started process (PID=85189) to work on /home/mnguyen0226/anaconda3/envs/learning_scraper/lib/python3.11/site-packages/airflow/example_dags/example_params_ui_tutorial.py
[2023-08-20T21:12:22.929-0400] {processor.py:826} INFO - Processing file /home/mnguyen0226/anaconda3/envs/learning_scraper/lib/python3.11/site-packages/airflow/example_dags/example_params_ui_tutorial.py for tasks to queue
[2023-08-20T21:12:22.929-0400] {logging_mixin.py:150} INFO - [2023-08-20T21:12:22.929-0400] {dagbag.py:541} INFO - Filling up the DagBag from /home/mnguyen0226/anaconda3/envs/learning_scraper/lib/python3.11/site-packages/airflow/example_dags/example_params_ui_tutorial.py
[2023-08-20T21:12:22.946-0400] {processor.py:836} INFO - DAG(s) dict_keys(['example_params_ui_tutorial']) retrieved from /home/mnguyen0226/anaconda3/envs/learning_scraper/lib/python3.11/site-packages/airflow/example_dags/example_params_ui_tutorial.py
[2023-08-20T21:12:22.970-0400] {logging_mixin.py:150} INFO - [2023-08-20T21:12:22.969-0400] {dag.py:2742} INFO - Sync 1 DAGs
[2023-08-20T21:12:22.984-0400] {logging_mixin.py:150} INFO - [2023-08-20T21:12:22.984-0400] {dag.py:3504} INFO - Setting next_dagrun for example_params_ui_tutorial to None, run_after=None
[2023-08-20T21:12:23.007-0400] {processor.py:179} INFO - Processing /home/mnguyen0226/anaconda3/envs/learning_scraper/lib/python3.11/site-packages/airflow/example_dags/example_params_ui_tutorial.py took 0.081 seconds
[2023-08-20T21:13:20.104-0400] {processor.py:157} INFO - Started process (PID=85873) to work on /home/mnguyen0226/anaconda3/envs/learning_scraper/lib/python3.11/site-packages/airflow/example_dags/example_params_ui_tutorial.py
[2023-08-20T21:13:20.105-0400] {processor.py:826} INFO - Processing file /home/mnguyen0226/anaconda3/envs/learning_scraper/lib/python3.11/site-packages/airflow/example_dags/example_params_ui_tutorial.py for tasks to queue
[2023-08-20T21:13:20.106-0400] {logging_mixin.py:150} INFO - [2023-08-20T21:13:20.105-0400] {dagbag.py:541} INFO - Filling up the DagBag from /home/mnguyen0226/anaconda3/envs/learning_scraper/lib/python3.11/site-packages/airflow/example_dags/example_params_ui_tutorial.py
[2023-08-20T21:13:20.125-0400] {processor.py:836} INFO - DAG(s) dict_keys(['example_params_ui_tutorial']) retrieved from /home/mnguyen0226/anaconda3/envs/learning_scraper/lib/python3.11/site-packages/airflow/example_dags/example_params_ui_tutorial.py
[2023-08-20T21:13:20.148-0400] {logging_mixin.py:150} INFO - [2023-08-20T21:13:20.148-0400] {dag.py:2742} INFO - Sync 1 DAGs
[2023-08-20T21:13:20.162-0400] {logging_mixin.py:150} INFO - [2023-08-20T21:13:20.162-0400] {dag.py:3504} INFO - Setting next_dagrun for example_params_ui_tutorial to None, run_after=None
[2023-08-20T21:13:20.187-0400] {processor.py:179} INFO - Processing /home/mnguyen0226/anaconda3/envs/learning_scraper/lib/python3.11/site-packages/airflow/example_dags/example_params_ui_tutorial.py took 0.087 seconds
[2023-08-20T21:14:18.362-0400] {processor.py:157} INFO - Started process (PID=86133) to work on /home/mnguyen0226/anaconda3/envs/learning_scraper/lib/python3.11/site-packages/airflow/example_dags/example_params_ui_tutorial.py
[2023-08-20T21:14:18.363-0400] {processor.py:826} INFO - Processing file /home/mnguyen0226/anaconda3/envs/learning_scraper/lib/python3.11/site-packages/airflow/example_dags/example_params_ui_tutorial.py for tasks to queue
[2023-08-20T21:14:18.365-0400] {logging_mixin.py:150} INFO - [2023-08-20T21:14:18.364-0400] {dagbag.py:541} INFO - Filling up the DagBag from /home/mnguyen0226/anaconda3/envs/learning_scraper/lib/python3.11/site-packages/airflow/example_dags/example_params_ui_tutorial.py
[2023-08-20T21:14:18.400-0400] {processor.py:836} INFO - DAG(s) dict_keys(['example_params_ui_tutorial']) retrieved from /home/mnguyen0226/anaconda3/envs/learning_scraper/lib/python3.11/site-packages/airflow/example_dags/example_params_ui_tutorial.py
[2023-08-20T21:14:18.430-0400] {logging_mixin.py:150} INFO - [2023-08-20T21:14:18.430-0400] {dag.py:2742} INFO - Sync 1 DAGs
[2023-08-20T21:14:18.449-0400] {logging_mixin.py:150} INFO - [2023-08-20T21:14:18.449-0400] {dag.py:3504} INFO - Setting next_dagrun for example_params_ui_tutorial to None, run_after=None
[2023-08-20T21:14:18.482-0400] {processor.py:179} INFO - Processing /home/mnguyen0226/anaconda3/envs/learning_scraper/lib/python3.11/site-packages/airflow/example_dags/example_params_ui_tutorial.py took 0.124 seconds
[2023-08-20T21:15:14.679-0400] {processor.py:157} INFO - Started process (PID=86361) to work on /home/mnguyen0226/anaconda3/envs/learning_scraper/lib/python3.11/site-packages/airflow/example_dags/example_params_ui_tutorial.py
[2023-08-20T21:15:14.689-0400] {processor.py:826} INFO - Processing file /home/mnguyen0226/anaconda3/envs/learning_scraper/lib/python3.11/site-packages/airflow/example_dags/example_params_ui_tutorial.py for tasks to queue
[2023-08-20T21:15:14.691-0400] {logging_mixin.py:150} INFO - [2023-08-20T21:15:14.690-0400] {dagbag.py:541} INFO - Filling up the DagBag from /home/mnguyen0226/anaconda3/envs/learning_scraper/lib/python3.11/site-packages/airflow/example_dags/example_params_ui_tutorial.py
[2023-08-20T21:15:14.721-0400] {processor.py:836} INFO - DAG(s) dict_keys(['example_params_ui_tutorial']) retrieved from /home/mnguyen0226/anaconda3/envs/learning_scraper/lib/python3.11/site-packages/airflow/example_dags/example_params_ui_tutorial.py
[2023-08-20T21:15:14.744-0400] {logging_mixin.py:150} INFO - [2023-08-20T21:15:14.744-0400] {dag.py:2742} INFO - Sync 1 DAGs
[2023-08-20T21:15:14.761-0400] {logging_mixin.py:150} INFO - [2023-08-20T21:15:14.761-0400] {dag.py:3504} INFO - Setting next_dagrun for example_params_ui_tutorial to None, run_after=None
[2023-08-20T21:15:14.784-0400] {processor.py:179} INFO - Processing /home/mnguyen0226/anaconda3/envs/learning_scraper/lib/python3.11/site-packages/airflow/example_dags/example_params_ui_tutorial.py took 0.110 seconds
[2023-08-20T21:16:04.842-0400] {processor.py:157} INFO - Started process (PID=86500) to work on /home/mnguyen0226/anaconda3/envs/learning_scraper/lib/python3.11/site-packages/airflow/example_dags/example_params_ui_tutorial.py
[2023-08-20T21:16:04.843-0400] {processor.py:826} INFO - Processing file /home/mnguyen0226/anaconda3/envs/learning_scraper/lib/python3.11/site-packages/airflow/example_dags/example_params_ui_tutorial.py for tasks to queue
[2023-08-20T21:16:04.844-0400] {logging_mixin.py:150} INFO - [2023-08-20T21:16:04.844-0400] {dagbag.py:541} INFO - Filling up the DagBag from /home/mnguyen0226/anaconda3/envs/learning_scraper/lib/python3.11/site-packages/airflow/example_dags/example_params_ui_tutorial.py
[2023-08-20T21:16:04.879-0400] {processor.py:836} INFO - DAG(s) dict_keys(['example_params_ui_tutorial']) retrieved from /home/mnguyen0226/anaconda3/envs/learning_scraper/lib/python3.11/site-packages/airflow/example_dags/example_params_ui_tutorial.py
[2023-08-20T21:16:04.920-0400] {logging_mixin.py:150} INFO - [2023-08-20T21:16:04.920-0400] {dag.py:2742} INFO - Sync 1 DAGs
[2023-08-20T21:16:04.938-0400] {logging_mixin.py:150} INFO - [2023-08-20T21:16:04.938-0400] {dag.py:3504} INFO - Setting next_dagrun for example_params_ui_tutorial to None, run_after=None
[2023-08-20T21:16:04.969-0400] {processor.py:179} INFO - Processing /home/mnguyen0226/anaconda3/envs/learning_scraper/lib/python3.11/site-packages/airflow/example_dags/example_params_ui_tutorial.py took 0.132 seconds
[2023-08-20T21:17:00.511-0400] {processor.py:157} INFO - Started process (PID=86925) to work on /home/mnguyen0226/anaconda3/envs/learning_scraper/lib/python3.11/site-packages/airflow/example_dags/example_params_ui_tutorial.py
[2023-08-20T21:17:00.511-0400] {processor.py:826} INFO - Processing file /home/mnguyen0226/anaconda3/envs/learning_scraper/lib/python3.11/site-packages/airflow/example_dags/example_params_ui_tutorial.py for tasks to queue
[2023-08-20T21:17:00.512-0400] {logging_mixin.py:150} INFO - [2023-08-20T21:17:00.512-0400] {dagbag.py:541} INFO - Filling up the DagBag from /home/mnguyen0226/anaconda3/envs/learning_scraper/lib/python3.11/site-packages/airflow/example_dags/example_params_ui_tutorial.py
[2023-08-20T21:17:00.529-0400] {processor.py:836} INFO - DAG(s) dict_keys(['example_params_ui_tutorial']) retrieved from /home/mnguyen0226/anaconda3/envs/learning_scraper/lib/python3.11/site-packages/airflow/example_dags/example_params_ui_tutorial.py
[2023-08-20T21:17:00.555-0400] {logging_mixin.py:150} INFO - [2023-08-20T21:17:00.555-0400] {dag.py:2742} INFO - Sync 1 DAGs
[2023-08-20T21:17:00.585-0400] {logging_mixin.py:150} INFO - [2023-08-20T21:17:00.585-0400] {dag.py:3504} INFO - Setting next_dagrun for example_params_ui_tutorial to None, run_after=None
[2023-08-20T21:17:00.615-0400] {processor.py:179} INFO - Processing /home/mnguyen0226/anaconda3/envs/learning_scraper/lib/python3.11/site-packages/airflow/example_dags/example_params_ui_tutorial.py took 0.106 seconds
[2023-08-20T21:17:53.902-0400] {processor.py:157} INFO - Started process (PID=87213) to work on /home/mnguyen0226/anaconda3/envs/learning_scraper/lib/python3.11/site-packages/airflow/example_dags/example_params_ui_tutorial.py
[2023-08-20T21:17:53.903-0400] {processor.py:826} INFO - Processing file /home/mnguyen0226/anaconda3/envs/learning_scraper/lib/python3.11/site-packages/airflow/example_dags/example_params_ui_tutorial.py for tasks to queue
[2023-08-20T21:17:53.904-0400] {logging_mixin.py:150} INFO - [2023-08-20T21:17:53.903-0400] {dagbag.py:541} INFO - Filling up the DagBag from /home/mnguyen0226/anaconda3/envs/learning_scraper/lib/python3.11/site-packages/airflow/example_dags/example_params_ui_tutorial.py
[2023-08-20T21:17:53.938-0400] {processor.py:836} INFO - DAG(s) dict_keys(['example_params_ui_tutorial']) retrieved from /home/mnguyen0226/anaconda3/envs/learning_scraper/lib/python3.11/site-packages/airflow/example_dags/example_params_ui_tutorial.py
[2023-08-20T21:17:53.964-0400] {logging_mixin.py:150} INFO - [2023-08-20T21:17:53.964-0400] {dag.py:2742} INFO - Sync 1 DAGs
[2023-08-20T21:17:53.977-0400] {logging_mixin.py:150} INFO - [2023-08-20T21:17:53.977-0400] {dag.py:3504} INFO - Setting next_dagrun for example_params_ui_tutorial to None, run_after=None
[2023-08-20T21:17:53.998-0400] {processor.py:179} INFO - Processing /home/mnguyen0226/anaconda3/envs/learning_scraper/lib/python3.11/site-packages/airflow/example_dags/example_params_ui_tutorial.py took 0.100 seconds
[2023-08-20T21:18:49.771-0400] {processor.py:157} INFO - Started process (PID=87412) to work on /home/mnguyen0226/anaconda3/envs/learning_scraper/lib/python3.11/site-packages/airflow/example_dags/example_params_ui_tutorial.py
[2023-08-20T21:18:49.781-0400] {processor.py:826} INFO - Processing file /home/mnguyen0226/anaconda3/envs/learning_scraper/lib/python3.11/site-packages/airflow/example_dags/example_params_ui_tutorial.py for tasks to queue
[2023-08-20T21:18:49.783-0400] {logging_mixin.py:150} INFO - [2023-08-20T21:18:49.782-0400] {dagbag.py:541} INFO - Filling up the DagBag from /home/mnguyen0226/anaconda3/envs/learning_scraper/lib/python3.11/site-packages/airflow/example_dags/example_params_ui_tutorial.py
[2023-08-20T21:18:49.816-0400] {processor.py:836} INFO - DAG(s) dict_keys(['example_params_ui_tutorial']) retrieved from /home/mnguyen0226/anaconda3/envs/learning_scraper/lib/python3.11/site-packages/airflow/example_dags/example_params_ui_tutorial.py
[2023-08-20T21:18:49.842-0400] {logging_mixin.py:150} INFO - [2023-08-20T21:18:49.842-0400] {dag.py:2742} INFO - Sync 1 DAGs
[2023-08-20T21:18:49.857-0400] {logging_mixin.py:150} INFO - [2023-08-20T21:18:49.857-0400] {dag.py:3504} INFO - Setting next_dagrun for example_params_ui_tutorial to None, run_after=None
[2023-08-20T21:18:49.880-0400] {processor.py:179} INFO - Processing /home/mnguyen0226/anaconda3/envs/learning_scraper/lib/python3.11/site-packages/airflow/example_dags/example_params_ui_tutorial.py took 0.115 seconds
[2023-08-20T21:19:44.274-0400] {processor.py:157} INFO - Started process (PID=87875) to work on /home/mnguyen0226/anaconda3/envs/learning_scraper/lib/python3.11/site-packages/airflow/example_dags/example_params_ui_tutorial.py
[2023-08-20T21:19:44.277-0400] {processor.py:826} INFO - Processing file /home/mnguyen0226/anaconda3/envs/learning_scraper/lib/python3.11/site-packages/airflow/example_dags/example_params_ui_tutorial.py for tasks to queue
[2023-08-20T21:19:44.278-0400] {logging_mixin.py:150} INFO - [2023-08-20T21:19:44.277-0400] {dagbag.py:541} INFO - Filling up the DagBag from /home/mnguyen0226/anaconda3/envs/learning_scraper/lib/python3.11/site-packages/airflow/example_dags/example_params_ui_tutorial.py
[2023-08-20T21:19:44.295-0400] {processor.py:836} INFO - DAG(s) dict_keys(['example_params_ui_tutorial']) retrieved from /home/mnguyen0226/anaconda3/envs/learning_scraper/lib/python3.11/site-packages/airflow/example_dags/example_params_ui_tutorial.py
[2023-08-20T21:19:44.320-0400] {logging_mixin.py:150} INFO - [2023-08-20T21:19:44.320-0400] {dag.py:2742} INFO - Sync 1 DAGs
[2023-08-20T21:19:44.335-0400] {logging_mixin.py:150} INFO - [2023-08-20T21:19:44.335-0400] {dag.py:3504} INFO - Setting next_dagrun for example_params_ui_tutorial to None, run_after=None
[2023-08-20T21:19:44.358-0400] {processor.py:179} INFO - Processing /home/mnguyen0226/anaconda3/envs/learning_scraper/lib/python3.11/site-packages/airflow/example_dags/example_params_ui_tutorial.py took 0.086 seconds
[2023-08-20T21:20:37.219-0400] {processor.py:157} INFO - Started process (PID=88235) to work on /home/mnguyen0226/anaconda3/envs/learning_scraper/lib/python3.11/site-packages/airflow/example_dags/example_params_ui_tutorial.py
[2023-08-20T21:20:37.220-0400] {processor.py:826} INFO - Processing file /home/mnguyen0226/anaconda3/envs/learning_scraper/lib/python3.11/site-packages/airflow/example_dags/example_params_ui_tutorial.py for tasks to queue
[2023-08-20T21:20:37.222-0400] {logging_mixin.py:150} INFO - [2023-08-20T21:20:37.221-0400] {dagbag.py:541} INFO - Filling up the DagBag from /home/mnguyen0226/anaconda3/envs/learning_scraper/lib/python3.11/site-packages/airflow/example_dags/example_params_ui_tutorial.py
[2023-08-20T21:20:37.245-0400] {processor.py:836} INFO - DAG(s) dict_keys(['example_params_ui_tutorial']) retrieved from /home/mnguyen0226/anaconda3/envs/learning_scraper/lib/python3.11/site-packages/airflow/example_dags/example_params_ui_tutorial.py
[2023-08-20T21:20:37.267-0400] {logging_mixin.py:150} INFO - [2023-08-20T21:20:37.267-0400] {dag.py:2742} INFO - Sync 1 DAGs
[2023-08-20T21:20:37.282-0400] {logging_mixin.py:150} INFO - [2023-08-20T21:20:37.282-0400] {dag.py:3504} INFO - Setting next_dagrun for example_params_ui_tutorial to None, run_after=None
[2023-08-20T21:20:37.303-0400] {processor.py:179} INFO - Processing /home/mnguyen0226/anaconda3/envs/learning_scraper/lib/python3.11/site-packages/airflow/example_dags/example_params_ui_tutorial.py took 0.088 seconds
[2023-08-20T21:21:30.417-0400] {processor.py:157} INFO - Started process (PID=88450) to work on /home/mnguyen0226/anaconda3/envs/learning_scraper/lib/python3.11/site-packages/airflow/example_dags/example_params_ui_tutorial.py
[2023-08-20T21:21:30.426-0400] {processor.py:826} INFO - Processing file /home/mnguyen0226/anaconda3/envs/learning_scraper/lib/python3.11/site-packages/airflow/example_dags/example_params_ui_tutorial.py for tasks to queue
[2023-08-20T21:21:30.428-0400] {logging_mixin.py:150} INFO - [2023-08-20T21:21:30.427-0400] {dagbag.py:541} INFO - Filling up the DagBag from /home/mnguyen0226/anaconda3/envs/learning_scraper/lib/python3.11/site-packages/airflow/example_dags/example_params_ui_tutorial.py
[2023-08-20T21:21:30.455-0400] {processor.py:836} INFO - DAG(s) dict_keys(['example_params_ui_tutorial']) retrieved from /home/mnguyen0226/anaconda3/envs/learning_scraper/lib/python3.11/site-packages/airflow/example_dags/example_params_ui_tutorial.py
[2023-08-20T21:21:30.481-0400] {logging_mixin.py:150} INFO - [2023-08-20T21:21:30.481-0400] {dag.py:2742} INFO - Sync 1 DAGs
[2023-08-20T21:21:30.495-0400] {logging_mixin.py:150} INFO - [2023-08-20T21:21:30.495-0400] {dag.py:3504} INFO - Setting next_dagrun for example_params_ui_tutorial to None, run_after=None
[2023-08-20T21:21:30.517-0400] {processor.py:179} INFO - Processing /home/mnguyen0226/anaconda3/envs/learning_scraper/lib/python3.11/site-packages/airflow/example_dags/example_params_ui_tutorial.py took 0.104 seconds
