[2023-08-20T21:00:33.163-0400] {processor.py:157} INFO - Started process (PID=80488) to work on /home/mnguyen0226/anaconda3/envs/learning_scraper/lib/python3.11/site-packages/airflow/example_dags/example_setup_teardown.py
[2023-08-20T21:00:33.164-0400] {processor.py:826} INFO - Processing file /home/mnguyen0226/anaconda3/envs/learning_scraper/lib/python3.11/site-packages/airflow/example_dags/example_setup_teardown.py for tasks to queue
[2023-08-20T21:00:33.165-0400] {logging_mixin.py:150} INFO - [2023-08-20T21:00:33.164-0400] {dagbag.py:541} INFO - Filling up the DagBag from /home/mnguyen0226/anaconda3/envs/learning_scraper/lib/python3.11/site-packages/airflow/example_dags/example_setup_teardown.py
[2023-08-20T21:00:33.168-0400] {processor.py:838} WARNING - No viable dags retrieved from /home/mnguyen0226/anaconda3/envs/learning_scraper/lib/python3.11/site-packages/airflow/example_dags/example_setup_teardown.py
[2023-08-20T21:00:33.188-0400] {processor.py:179} INFO - Processing /home/mnguyen0226/anaconda3/envs/learning_scraper/lib/python3.11/site-packages/airflow/example_dags/example_setup_teardown.py took 0.029 seconds
[2023-08-20T21:01:18.731-0400] {processor.py:157} INFO - Started process (PID=80927) to work on /home/mnguyen0226/anaconda3/envs/learning_scraper/lib/python3.11/site-packages/airflow/example_dags/example_setup_teardown.py
[2023-08-20T21:01:18.732-0400] {processor.py:826} INFO - Processing file /home/mnguyen0226/anaconda3/envs/learning_scraper/lib/python3.11/site-packages/airflow/example_dags/example_setup_teardown.py for tasks to queue
[2023-08-20T21:01:18.733-0400] {logging_mixin.py:150} INFO - [2023-08-20T21:01:18.733-0400] {dagbag.py:541} INFO - Filling up the DagBag from /home/mnguyen0226/anaconda3/envs/learning_scraper/lib/python3.11/site-packages/airflow/example_dags/example_setup_teardown.py
[2023-08-20T21:01:18.737-0400] {processor.py:838} WARNING - No viable dags retrieved from /home/mnguyen0226/anaconda3/envs/learning_scraper/lib/python3.11/site-packages/airflow/example_dags/example_setup_teardown.py
[2023-08-20T21:01:18.751-0400] {processor.py:179} INFO - Processing /home/mnguyen0226/anaconda3/envs/learning_scraper/lib/python3.11/site-packages/airflow/example_dags/example_setup_teardown.py took 0.024 seconds
[2023-08-20T21:02:05.624-0400] {processor.py:157} INFO - Started process (PID=81196) to work on /home/mnguyen0226/anaconda3/envs/learning_scraper/lib/python3.11/site-packages/airflow/example_dags/example_setup_teardown.py
[2023-08-20T21:02:05.625-0400] {processor.py:826} INFO - Processing file /home/mnguyen0226/anaconda3/envs/learning_scraper/lib/python3.11/site-packages/airflow/example_dags/example_setup_teardown.py for tasks to queue
[2023-08-20T21:02:05.627-0400] {logging_mixin.py:150} INFO - [2023-08-20T21:02:05.626-0400] {dagbag.py:541} INFO - Filling up the DagBag from /home/mnguyen0226/anaconda3/envs/learning_scraper/lib/python3.11/site-packages/airflow/example_dags/example_setup_teardown.py
[2023-08-20T21:02:05.630-0400] {processor.py:838} WARNING - No viable dags retrieved from /home/mnguyen0226/anaconda3/envs/learning_scraper/lib/python3.11/site-packages/airflow/example_dags/example_setup_teardown.py
[2023-08-20T21:02:05.645-0400] {processor.py:179} INFO - Processing /home/mnguyen0226/anaconda3/envs/learning_scraper/lib/python3.11/site-packages/airflow/example_dags/example_setup_teardown.py took 0.026 seconds
[2023-08-20T21:03:31.348-0400] {processor.py:157} INFO - Started process (PID=81743) to work on /home/mnguyen0226/anaconda3/envs/learning_scraper/lib/python3.11/site-packages/airflow/example_dags/example_setup_teardown.py
[2023-08-20T21:03:31.357-0400] {processor.py:826} INFO - Processing file /home/mnguyen0226/anaconda3/envs/learning_scraper/lib/python3.11/site-packages/airflow/example_dags/example_setup_teardown.py for tasks to queue
[2023-08-20T21:03:31.359-0400] {logging_mixin.py:150} INFO - [2023-08-20T21:03:31.358-0400] {dagbag.py:541} INFO - Filling up the DagBag from /home/mnguyen0226/anaconda3/envs/learning_scraper/lib/python3.11/site-packages/airflow/example_dags/example_setup_teardown.py
[2023-08-20T21:03:31.362-0400] {processor.py:838} WARNING - No viable dags retrieved from /home/mnguyen0226/anaconda3/envs/learning_scraper/lib/python3.11/site-packages/airflow/example_dags/example_setup_teardown.py
[2023-08-20T21:03:31.380-0400] {processor.py:179} INFO - Processing /home/mnguyen0226/anaconda3/envs/learning_scraper/lib/python3.11/site-packages/airflow/example_dags/example_setup_teardown.py took 0.036 seconds
[2023-08-20T21:04:18.023-0400] {processor.py:157} INFO - Started process (PID=83007) to work on /home/mnguyen0226/anaconda3/envs/learning_scraper/lib/python3.11/site-packages/airflow/example_dags/example_setup_teardown.py
[2023-08-20T21:04:18.024-0400] {processor.py:826} INFO - Processing file /home/mnguyen0226/anaconda3/envs/learning_scraper/lib/python3.11/site-packages/airflow/example_dags/example_setup_teardown.py for tasks to queue
[2023-08-20T21:04:18.025-0400] {logging_mixin.py:150} INFO - [2023-08-20T21:04:18.025-0400] {dagbag.py:541} INFO - Filling up the DagBag from /home/mnguyen0226/anaconda3/envs/learning_scraper/lib/python3.11/site-packages/airflow/example_dags/example_setup_teardown.py
[2023-08-20T21:04:18.029-0400] {processor.py:838} WARNING - No viable dags retrieved from /home/mnguyen0226/anaconda3/envs/learning_scraper/lib/python3.11/site-packages/airflow/example_dags/example_setup_teardown.py
[2023-08-20T21:04:18.047-0400] {processor.py:179} INFO - Processing /home/mnguyen0226/anaconda3/envs/learning_scraper/lib/python3.11/site-packages/airflow/example_dags/example_setup_teardown.py took 0.029 seconds
[2023-08-20T21:05:09.341-0400] {processor.py:157} INFO - Started process (PID=83282) to work on /home/mnguyen0226/anaconda3/envs/learning_scraper/lib/python3.11/site-packages/airflow/example_dags/example_setup_teardown.py
[2023-08-20T21:05:09.342-0400] {processor.py:826} INFO - Processing file /home/mnguyen0226/anaconda3/envs/learning_scraper/lib/python3.11/site-packages/airflow/example_dags/example_setup_teardown.py for tasks to queue
[2023-08-20T21:05:09.342-0400] {logging_mixin.py:150} INFO - [2023-08-20T21:05:09.342-0400] {dagbag.py:541} INFO - Filling up the DagBag from /home/mnguyen0226/anaconda3/envs/learning_scraper/lib/python3.11/site-packages/airflow/example_dags/example_setup_teardown.py
[2023-08-20T21:05:09.344-0400] {processor.py:838} WARNING - No viable dags retrieved from /home/mnguyen0226/anaconda3/envs/learning_scraper/lib/python3.11/site-packages/airflow/example_dags/example_setup_teardown.py
[2023-08-20T21:05:09.352-0400] {processor.py:179} INFO - Processing /home/mnguyen0226/anaconda3/envs/learning_scraper/lib/python3.11/site-packages/airflow/example_dags/example_setup_teardown.py took 0.014 seconds
[2023-08-20T21:06:01.624-0400] {processor.py:157} INFO - Started process (PID=83515) to work on /home/mnguyen0226/anaconda3/envs/learning_scraper/lib/python3.11/site-packages/airflow/example_dags/example_setup_teardown.py
[2023-08-20T21:06:01.634-0400] {processor.py:826} INFO - Processing file /home/mnguyen0226/anaconda3/envs/learning_scraper/lib/python3.11/site-packages/airflow/example_dags/example_setup_teardown.py for tasks to queue
[2023-08-20T21:06:01.636-0400] {logging_mixin.py:150} INFO - [2023-08-20T21:06:01.635-0400] {dagbag.py:541} INFO - Filling up the DagBag from /home/mnguyen0226/anaconda3/envs/learning_scraper/lib/python3.11/site-packages/airflow/example_dags/example_setup_teardown.py
[2023-08-20T21:06:01.639-0400] {processor.py:838} WARNING - No viable dags retrieved from /home/mnguyen0226/anaconda3/envs/learning_scraper/lib/python3.11/site-packages/airflow/example_dags/example_setup_teardown.py
[2023-08-20T21:06:01.655-0400] {processor.py:179} INFO - Processing /home/mnguyen0226/anaconda3/envs/learning_scraper/lib/python3.11/site-packages/airflow/example_dags/example_setup_teardown.py took 0.035 seconds
[2023-08-20T21:07:01.104-0400] {processor.py:157} INFO - Started process (PID=83808) to work on /home/mnguyen0226/anaconda3/envs/learning_scraper/lib/python3.11/site-packages/airflow/example_dags/example_setup_teardown.py
[2023-08-20T21:07:01.113-0400] {processor.py:826} INFO - Processing file /home/mnguyen0226/anaconda3/envs/learning_scraper/lib/python3.11/site-packages/airflow/example_dags/example_setup_teardown.py for tasks to queue
[2023-08-20T21:07:01.115-0400] {logging_mixin.py:150} INFO - [2023-08-20T21:07:01.114-0400] {dagbag.py:541} INFO - Filling up the DagBag from /home/mnguyen0226/anaconda3/envs/learning_scraper/lib/python3.11/site-packages/airflow/example_dags/example_setup_teardown.py
[2023-08-20T21:07:01.119-0400] {processor.py:838} WARNING - No viable dags retrieved from /home/mnguyen0226/anaconda3/envs/learning_scraper/lib/python3.11/site-packages/airflow/example_dags/example_setup_teardown.py
[2023-08-20T21:07:01.134-0400] {processor.py:179} INFO - Processing /home/mnguyen0226/anaconda3/envs/learning_scraper/lib/python3.11/site-packages/airflow/example_dags/example_setup_teardown.py took 0.034 seconds
[2023-08-20T21:07:43.649-0400] {processor.py:157} INFO - Started process (PID=83959) to work on /home/mnguyen0226/anaconda3/envs/learning_scraper/lib/python3.11/site-packages/airflow/example_dags/example_setup_teardown.py
[2023-08-20T21:07:43.659-0400] {processor.py:826} INFO - Processing file /home/mnguyen0226/anaconda3/envs/learning_scraper/lib/python3.11/site-packages/airflow/example_dags/example_setup_teardown.py for tasks to queue
[2023-08-20T21:07:43.660-0400] {logging_mixin.py:150} INFO - [2023-08-20T21:07:43.660-0400] {dagbag.py:541} INFO - Filling up the DagBag from /home/mnguyen0226/anaconda3/envs/learning_scraper/lib/python3.11/site-packages/airflow/example_dags/example_setup_teardown.py
[2023-08-20T21:07:43.664-0400] {processor.py:838} WARNING - No viable dags retrieved from /home/mnguyen0226/anaconda3/envs/learning_scraper/lib/python3.11/site-packages/airflow/example_dags/example_setup_teardown.py
[2023-08-20T21:07:43.681-0400] {processor.py:179} INFO - Processing /home/mnguyen0226/anaconda3/envs/learning_scraper/lib/python3.11/site-packages/airflow/example_dags/example_setup_teardown.py took 0.038 seconds
[2023-08-20T21:08:38.197-0400] {processor.py:157} INFO - Started process (PID=84173) to work on /home/mnguyen0226/anaconda3/envs/learning_scraper/lib/python3.11/site-packages/airflow/example_dags/example_setup_teardown.py
[2023-08-20T21:08:38.199-0400] {processor.py:826} INFO - Processing file /home/mnguyen0226/anaconda3/envs/learning_scraper/lib/python3.11/site-packages/airflow/example_dags/example_setup_teardown.py for tasks to queue
[2023-08-20T21:08:38.200-0400] {logging_mixin.py:150} INFO - [2023-08-20T21:08:38.200-0400] {dagbag.py:541} INFO - Filling up the DagBag from /home/mnguyen0226/anaconda3/envs/learning_scraper/lib/python3.11/site-packages/airflow/example_dags/example_setup_teardown.py
[2023-08-20T21:08:38.204-0400] {processor.py:838} WARNING - No viable dags retrieved from /home/mnguyen0226/anaconda3/envs/learning_scraper/lib/python3.11/site-packages/airflow/example_dags/example_setup_teardown.py
[2023-08-20T21:08:38.219-0400] {processor.py:179} INFO - Processing /home/mnguyen0226/anaconda3/envs/learning_scraper/lib/python3.11/site-packages/airflow/example_dags/example_setup_teardown.py took 0.026 seconds
[2023-08-20T21:09:31.344-0400] {processor.py:157} INFO - Started process (PID=84500) to work on /home/mnguyen0226/anaconda3/envs/learning_scraper/lib/python3.11/site-packages/airflow/example_dags/example_setup_teardown.py
[2023-08-20T21:09:31.345-0400] {processor.py:826} INFO - Processing file /home/mnguyen0226/anaconda3/envs/learning_scraper/lib/python3.11/site-packages/airflow/example_dags/example_setup_teardown.py for tasks to queue
[2023-08-20T21:09:31.346-0400] {logging_mixin.py:150} INFO - [2023-08-20T21:09:31.346-0400] {dagbag.py:541} INFO - Filling up the DagBag from /home/mnguyen0226/anaconda3/envs/learning_scraper/lib/python3.11/site-packages/airflow/example_dags/example_setup_teardown.py
[2023-08-20T21:09:31.350-0400] {processor.py:838} WARNING - No viable dags retrieved from /home/mnguyen0226/anaconda3/envs/learning_scraper/lib/python3.11/site-packages/airflow/example_dags/example_setup_teardown.py
[2023-08-20T21:09:31.368-0400] {processor.py:179} INFO - Processing /home/mnguyen0226/anaconda3/envs/learning_scraper/lib/python3.11/site-packages/airflow/example_dags/example_setup_teardown.py took 0.029 seconds
[2023-08-20T21:10:29.470-0400] {processor.py:157} INFO - Started process (PID=84734) to work on /home/mnguyen0226/anaconda3/envs/learning_scraper/lib/python3.11/site-packages/airflow/example_dags/example_setup_teardown.py
[2023-08-20T21:10:29.480-0400] {processor.py:826} INFO - Processing file /home/mnguyen0226/anaconda3/envs/learning_scraper/lib/python3.11/site-packages/airflow/example_dags/example_setup_teardown.py for tasks to queue
[2023-08-20T21:10:29.481-0400] {logging_mixin.py:150} INFO - [2023-08-20T21:10:29.480-0400] {dagbag.py:541} INFO - Filling up the DagBag from /home/mnguyen0226/anaconda3/envs/learning_scraper/lib/python3.11/site-packages/airflow/example_dags/example_setup_teardown.py
[2023-08-20T21:10:29.484-0400] {processor.py:838} WARNING - No viable dags retrieved from /home/mnguyen0226/anaconda3/envs/learning_scraper/lib/python3.11/site-packages/airflow/example_dags/example_setup_teardown.py
[2023-08-20T21:10:29.496-0400] {processor.py:179} INFO - Processing /home/mnguyen0226/anaconda3/envs/learning_scraper/lib/python3.11/site-packages/airflow/example_dags/example_setup_teardown.py took 0.028 seconds
[2023-08-20T21:11:25.813-0400] {processor.py:157} INFO - Started process (PID=85029) to work on /home/mnguyen0226/anaconda3/envs/learning_scraper/lib/python3.11/site-packages/airflow/example_dags/example_setup_teardown.py
[2023-08-20T21:11:25.814-0400] {processor.py:826} INFO - Processing file /home/mnguyen0226/anaconda3/envs/learning_scraper/lib/python3.11/site-packages/airflow/example_dags/example_setup_teardown.py for tasks to queue
[2023-08-20T21:11:25.816-0400] {logging_mixin.py:150} INFO - [2023-08-20T21:11:25.815-0400] {dagbag.py:541} INFO - Filling up the DagBag from /home/mnguyen0226/anaconda3/envs/learning_scraper/lib/python3.11/site-packages/airflow/example_dags/example_setup_teardown.py
[2023-08-20T21:11:25.819-0400] {processor.py:838} WARNING - No viable dags retrieved from /home/mnguyen0226/anaconda3/envs/learning_scraper/lib/python3.11/site-packages/airflow/example_dags/example_setup_teardown.py
[2023-08-20T21:11:25.832-0400] {processor.py:179} INFO - Processing /home/mnguyen0226/anaconda3/envs/learning_scraper/lib/python3.11/site-packages/airflow/example_dags/example_setup_teardown.py took 0.023 seconds
[2023-08-20T21:12:15.863-0400] {processor.py:157} INFO - Started process (PID=85180) to work on /home/mnguyen0226/anaconda3/envs/learning_scraper/lib/python3.11/site-packages/airflow/example_dags/example_setup_teardown.py
[2023-08-20T21:12:15.864-0400] {processor.py:826} INFO - Processing file /home/mnguyen0226/anaconda3/envs/learning_scraper/lib/python3.11/site-packages/airflow/example_dags/example_setup_teardown.py for tasks to queue
[2023-08-20T21:12:15.865-0400] {logging_mixin.py:150} INFO - [2023-08-20T21:12:15.865-0400] {dagbag.py:541} INFO - Filling up the DagBag from /home/mnguyen0226/anaconda3/envs/learning_scraper/lib/python3.11/site-packages/airflow/example_dags/example_setup_teardown.py
[2023-08-20T21:12:15.869-0400] {processor.py:838} WARNING - No viable dags retrieved from /home/mnguyen0226/anaconda3/envs/learning_scraper/lib/python3.11/site-packages/airflow/example_dags/example_setup_teardown.py
[2023-08-20T21:12:15.887-0400] {processor.py:179} INFO - Processing /home/mnguyen0226/anaconda3/envs/learning_scraper/lib/python3.11/site-packages/airflow/example_dags/example_setup_teardown.py took 0.029 seconds
[2023-08-20T21:13:13.698-0400] {processor.py:157} INFO - Started process (PID=85844) to work on /home/mnguyen0226/anaconda3/envs/learning_scraper/lib/python3.11/site-packages/airflow/example_dags/example_setup_teardown.py
[2023-08-20T21:13:13.708-0400] {processor.py:826} INFO - Processing file /home/mnguyen0226/anaconda3/envs/learning_scraper/lib/python3.11/site-packages/airflow/example_dags/example_setup_teardown.py for tasks to queue
[2023-08-20T21:13:13.709-0400] {logging_mixin.py:150} INFO - [2023-08-20T21:13:13.708-0400] {dagbag.py:541} INFO - Filling up the DagBag from /home/mnguyen0226/anaconda3/envs/learning_scraper/lib/python3.11/site-packages/airflow/example_dags/example_setup_teardown.py
[2023-08-20T21:13:13.710-0400] {processor.py:838} WARNING - No viable dags retrieved from /home/mnguyen0226/anaconda3/envs/learning_scraper/lib/python3.11/site-packages/airflow/example_dags/example_setup_teardown.py
[2023-08-20T21:13:13.720-0400] {processor.py:179} INFO - Processing /home/mnguyen0226/anaconda3/envs/learning_scraper/lib/python3.11/site-packages/airflow/example_dags/example_setup_teardown.py took 0.025 seconds
[2023-08-20T21:14:10.977-0400] {processor.py:157} INFO - Started process (PID=86083) to work on /home/mnguyen0226/anaconda3/envs/learning_scraper/lib/python3.11/site-packages/airflow/example_dags/example_setup_teardown.py
[2023-08-20T21:14:10.978-0400] {processor.py:826} INFO - Processing file /home/mnguyen0226/anaconda3/envs/learning_scraper/lib/python3.11/site-packages/airflow/example_dags/example_setup_teardown.py for tasks to queue
[2023-08-20T21:14:10.979-0400] {logging_mixin.py:150} INFO - [2023-08-20T21:14:10.978-0400] {dagbag.py:541} INFO - Filling up the DagBag from /home/mnguyen0226/anaconda3/envs/learning_scraper/lib/python3.11/site-packages/airflow/example_dags/example_setup_teardown.py
[2023-08-20T21:14:10.980-0400] {processor.py:838} WARNING - No viable dags retrieved from /home/mnguyen0226/anaconda3/envs/learning_scraper/lib/python3.11/site-packages/airflow/example_dags/example_setup_teardown.py
[2023-08-20T21:14:10.991-0400] {processor.py:179} INFO - Processing /home/mnguyen0226/anaconda3/envs/learning_scraper/lib/python3.11/site-packages/airflow/example_dags/example_setup_teardown.py took 0.018 seconds
[2023-08-20T21:15:08.304-0400] {processor.py:157} INFO - Started process (PID=86331) to work on /home/mnguyen0226/anaconda3/envs/learning_scraper/lib/python3.11/site-packages/airflow/example_dags/example_setup_teardown.py
[2023-08-20T21:15:08.313-0400] {processor.py:826} INFO - Processing file /home/mnguyen0226/anaconda3/envs/learning_scraper/lib/python3.11/site-packages/airflow/example_dags/example_setup_teardown.py for tasks to queue
[2023-08-20T21:15:08.315-0400] {logging_mixin.py:150} INFO - [2023-08-20T21:15:08.314-0400] {dagbag.py:541} INFO - Filling up the DagBag from /home/mnguyen0226/anaconda3/envs/learning_scraper/lib/python3.11/site-packages/airflow/example_dags/example_setup_teardown.py
[2023-08-20T21:15:08.318-0400] {processor.py:838} WARNING - No viable dags retrieved from /home/mnguyen0226/anaconda3/envs/learning_scraper/lib/python3.11/site-packages/airflow/example_dags/example_setup_teardown.py
[2023-08-20T21:15:08.333-0400] {processor.py:179} INFO - Processing /home/mnguyen0226/anaconda3/envs/learning_scraper/lib/python3.11/site-packages/airflow/example_dags/example_setup_teardown.py took 0.034 seconds
[2023-08-20T21:15:57.279-0400] {processor.py:157} INFO - Started process (PID=86476) to work on /home/mnguyen0226/anaconda3/envs/learning_scraper/lib/python3.11/site-packages/airflow/example_dags/example_setup_teardown.py
[2023-08-20T21:15:57.280-0400] {processor.py:826} INFO - Processing file /home/mnguyen0226/anaconda3/envs/learning_scraper/lib/python3.11/site-packages/airflow/example_dags/example_setup_teardown.py for tasks to queue
[2023-08-20T21:15:57.281-0400] {logging_mixin.py:150} INFO - [2023-08-20T21:15:57.281-0400] {dagbag.py:541} INFO - Filling up the DagBag from /home/mnguyen0226/anaconda3/envs/learning_scraper/lib/python3.11/site-packages/airflow/example_dags/example_setup_teardown.py
[2023-08-20T21:15:57.285-0400] {processor.py:838} WARNING - No viable dags retrieved from /home/mnguyen0226/anaconda3/envs/learning_scraper/lib/python3.11/site-packages/airflow/example_dags/example_setup_teardown.py
[2023-08-20T21:15:57.302-0400] {processor.py:179} INFO - Processing /home/mnguyen0226/anaconda3/envs/learning_scraper/lib/python3.11/site-packages/airflow/example_dags/example_setup_teardown.py took 0.028 seconds
[2023-08-20T21:16:53.037-0400] {processor.py:157} INFO - Started process (PID=86885) to work on /home/mnguyen0226/anaconda3/envs/learning_scraper/lib/python3.11/site-packages/airflow/example_dags/example_setup_teardown.py
[2023-08-20T21:16:53.047-0400] {processor.py:826} INFO - Processing file /home/mnguyen0226/anaconda3/envs/learning_scraper/lib/python3.11/site-packages/airflow/example_dags/example_setup_teardown.py for tasks to queue
[2023-08-20T21:16:53.049-0400] {logging_mixin.py:150} INFO - [2023-08-20T21:16:53.048-0400] {dagbag.py:541} INFO - Filling up the DagBag from /home/mnguyen0226/anaconda3/envs/learning_scraper/lib/python3.11/site-packages/airflow/example_dags/example_setup_teardown.py
[2023-08-20T21:16:53.052-0400] {processor.py:838} WARNING - No viable dags retrieved from /home/mnguyen0226/anaconda3/envs/learning_scraper/lib/python3.11/site-packages/airflow/example_dags/example_setup_teardown.py
[2023-08-20T21:16:53.070-0400] {processor.py:179} INFO - Processing /home/mnguyen0226/anaconda3/envs/learning_scraper/lib/python3.11/site-packages/airflow/example_dags/example_setup_teardown.py took 0.037 seconds
[2023-08-20T21:17:46.984-0400] {processor.py:157} INFO - Started process (PID=87127) to work on /home/mnguyen0226/anaconda3/envs/learning_scraper/lib/python3.11/site-packages/airflow/example_dags/example_setup_teardown.py
[2023-08-20T21:17:46.985-0400] {processor.py:826} INFO - Processing file /home/mnguyen0226/anaconda3/envs/learning_scraper/lib/python3.11/site-packages/airflow/example_dags/example_setup_teardown.py for tasks to queue
[2023-08-20T21:17:46.986-0400] {logging_mixin.py:150} INFO - [2023-08-20T21:17:46.985-0400] {dagbag.py:541} INFO - Filling up the DagBag from /home/mnguyen0226/anaconda3/envs/learning_scraper/lib/python3.11/site-packages/airflow/example_dags/example_setup_teardown.py
[2023-08-20T21:17:46.988-0400] {processor.py:838} WARNING - No viable dags retrieved from /home/mnguyen0226/anaconda3/envs/learning_scraper/lib/python3.11/site-packages/airflow/example_dags/example_setup_teardown.py
[2023-08-20T21:17:46.999-0400] {processor.py:179} INFO - Processing /home/mnguyen0226/anaconda3/envs/learning_scraper/lib/python3.11/site-packages/airflow/example_dags/example_setup_teardown.py took 0.017 seconds
[2023-08-20T21:18:42.376-0400] {processor.py:157} INFO - Started process (PID=87393) to work on /home/mnguyen0226/anaconda3/envs/learning_scraper/lib/python3.11/site-packages/airflow/example_dags/example_setup_teardown.py
[2023-08-20T21:18:42.386-0400] {processor.py:826} INFO - Processing file /home/mnguyen0226/anaconda3/envs/learning_scraper/lib/python3.11/site-packages/airflow/example_dags/example_setup_teardown.py for tasks to queue
[2023-08-20T21:18:42.387-0400] {logging_mixin.py:150} INFO - [2023-08-20T21:18:42.387-0400] {dagbag.py:541} INFO - Filling up the DagBag from /home/mnguyen0226/anaconda3/envs/learning_scraper/lib/python3.11/site-packages/airflow/example_dags/example_setup_teardown.py
[2023-08-20T21:18:42.391-0400] {processor.py:838} WARNING - No viable dags retrieved from /home/mnguyen0226/anaconda3/envs/learning_scraper/lib/python3.11/site-packages/airflow/example_dags/example_setup_teardown.py
[2023-08-20T21:18:42.407-0400] {processor.py:179} INFO - Processing /home/mnguyen0226/anaconda3/envs/learning_scraper/lib/python3.11/site-packages/airflow/example_dags/example_setup_teardown.py took 0.038 seconds
[2023-08-20T21:19:37.142-0400] {processor.py:157} INFO - Started process (PID=87845) to work on /home/mnguyen0226/anaconda3/envs/learning_scraper/lib/python3.11/site-packages/airflow/example_dags/example_setup_teardown.py
[2023-08-20T21:19:37.151-0400] {processor.py:826} INFO - Processing file /home/mnguyen0226/anaconda3/envs/learning_scraper/lib/python3.11/site-packages/airflow/example_dags/example_setup_teardown.py for tasks to queue
[2023-08-20T21:19:37.152-0400] {logging_mixin.py:150} INFO - [2023-08-20T21:19:37.152-0400] {dagbag.py:541} INFO - Filling up the DagBag from /home/mnguyen0226/anaconda3/envs/learning_scraper/lib/python3.11/site-packages/airflow/example_dags/example_setup_teardown.py
[2023-08-20T21:19:37.154-0400] {processor.py:838} WARNING - No viable dags retrieved from /home/mnguyen0226/anaconda3/envs/learning_scraper/lib/python3.11/site-packages/airflow/example_dags/example_setup_teardown.py
[2023-08-20T21:19:37.163-0400] {processor.py:179} INFO - Processing /home/mnguyen0226/anaconda3/envs/learning_scraper/lib/python3.11/site-packages/airflow/example_dags/example_setup_teardown.py took 0.023 seconds
[2023-08-20T21:20:30.519-0400] {processor.py:157} INFO - Started process (PID=88184) to work on /home/mnguyen0226/anaconda3/envs/learning_scraper/lib/python3.11/site-packages/airflow/example_dags/example_setup_teardown.py
[2023-08-20T21:20:30.520-0400] {processor.py:826} INFO - Processing file /home/mnguyen0226/anaconda3/envs/learning_scraper/lib/python3.11/site-packages/airflow/example_dags/example_setup_teardown.py for tasks to queue
[2023-08-20T21:20:30.521-0400] {logging_mixin.py:150} INFO - [2023-08-20T21:20:30.521-0400] {dagbag.py:541} INFO - Filling up the DagBag from /home/mnguyen0226/anaconda3/envs/learning_scraper/lib/python3.11/site-packages/airflow/example_dags/example_setup_teardown.py
[2023-08-20T21:20:30.523-0400] {processor.py:838} WARNING - No viable dags retrieved from /home/mnguyen0226/anaconda3/envs/learning_scraper/lib/python3.11/site-packages/airflow/example_dags/example_setup_teardown.py
[2023-08-20T21:20:30.545-0400] {processor.py:179} INFO - Processing /home/mnguyen0226/anaconda3/envs/learning_scraper/lib/python3.11/site-packages/airflow/example_dags/example_setup_teardown.py took 0.029 seconds
[2023-08-20T21:21:22.715-0400] {processor.py:157} INFO - Started process (PID=88353) to work on /home/mnguyen0226/anaconda3/envs/learning_scraper/lib/python3.11/site-packages/airflow/example_dags/example_setup_teardown.py
[2023-08-20T21:21:22.716-0400] {processor.py:826} INFO - Processing file /home/mnguyen0226/anaconda3/envs/learning_scraper/lib/python3.11/site-packages/airflow/example_dags/example_setup_teardown.py for tasks to queue
[2023-08-20T21:21:22.717-0400] {logging_mixin.py:150} INFO - [2023-08-20T21:21:22.717-0400] {dagbag.py:541} INFO - Filling up the DagBag from /home/mnguyen0226/anaconda3/envs/learning_scraper/lib/python3.11/site-packages/airflow/example_dags/example_setup_teardown.py
[2023-08-20T21:21:22.719-0400] {processor.py:838} WARNING - No viable dags retrieved from /home/mnguyen0226/anaconda3/envs/learning_scraper/lib/python3.11/site-packages/airflow/example_dags/example_setup_teardown.py
[2023-08-20T21:21:22.739-0400] {processor.py:179} INFO - Processing /home/mnguyen0226/anaconda3/envs/learning_scraper/lib/python3.11/site-packages/airflow/example_dags/example_setup_teardown.py took 0.029 seconds
