[2023-08-20T21:00:38.135-0400] {processor.py:157} INFO - Started process (PID=80539) to work on /home/mnguyen0226/anaconda3/envs/learning_scraper/lib/python3.11/site-packages/airflow/example_dags/example_branch_day_of_week_operator.py
[2023-08-20T21:00:38.136-0400] {processor.py:826} INFO - Processing file /home/mnguyen0226/anaconda3/envs/learning_scraper/lib/python3.11/site-packages/airflow/example_dags/example_branch_day_of_week_operator.py for tasks to queue
[2023-08-20T21:00:38.137-0400] {logging_mixin.py:150} INFO - [2023-08-20T21:00:38.136-0400] {dagbag.py:541} INFO - Filling up the DagBag from /home/mnguyen0226/anaconda3/envs/learning_scraper/lib/python3.11/site-packages/airflow/example_dags/example_branch_day_of_week_operator.py
[2023-08-20T21:00:38.147-0400] {processor.py:836} INFO - DAG(s) dict_keys(['example_weekday_branch_operator']) retrieved from /home/mnguyen0226/anaconda3/envs/learning_scraper/lib/python3.11/site-packages/airflow/example_dags/example_branch_day_of_week_operator.py
[2023-08-20T21:00:38.162-0400] {logging_mixin.py:150} INFO - [2023-08-20T21:00:38.162-0400] {dag.py:2742} INFO - Sync 1 DAGs
[2023-08-20T21:00:38.180-0400] {logging_mixin.py:150} INFO - [2023-08-20T21:00:38.180-0400] {dag.py:3504} INFO - Setting next_dagrun for example_weekday_branch_operator to 2023-08-20T00:00:00+00:00, run_after=2023-08-21T00:00:00+00:00
[2023-08-20T21:00:38.210-0400] {processor.py:179} INFO - Processing /home/mnguyen0226/anaconda3/envs/learning_scraper/lib/python3.11/site-packages/airflow/example_dags/example_branch_day_of_week_operator.py took 0.078 seconds
[2023-08-20T21:01:24.367-0400] {processor.py:157} INFO - Started process (PID=80946) to work on /home/mnguyen0226/anaconda3/envs/learning_scraper/lib/python3.11/site-packages/airflow/example_dags/example_branch_day_of_week_operator.py
[2023-08-20T21:01:24.367-0400] {processor.py:826} INFO - Processing file /home/mnguyen0226/anaconda3/envs/learning_scraper/lib/python3.11/site-packages/airflow/example_dags/example_branch_day_of_week_operator.py for tasks to queue
[2023-08-20T21:01:24.368-0400] {logging_mixin.py:150} INFO - [2023-08-20T21:01:24.368-0400] {dagbag.py:541} INFO - Filling up the DagBag from /home/mnguyen0226/anaconda3/envs/learning_scraper/lib/python3.11/site-packages/airflow/example_dags/example_branch_day_of_week_operator.py
[2023-08-20T21:01:24.395-0400] {processor.py:836} INFO - DAG(s) dict_keys(['example_weekday_branch_operator']) retrieved from /home/mnguyen0226/anaconda3/envs/learning_scraper/lib/python3.11/site-packages/airflow/example_dags/example_branch_day_of_week_operator.py
[2023-08-20T21:01:24.416-0400] {logging_mixin.py:150} INFO - [2023-08-20T21:01:24.416-0400] {dag.py:2742} INFO - Sync 1 DAGs
[2023-08-20T21:01:24.443-0400] {logging_mixin.py:150} INFO - [2023-08-20T21:01:24.442-0400] {dag.py:3504} INFO - Setting next_dagrun for example_weekday_branch_operator to 2023-08-20T00:00:00+00:00, run_after=2023-08-21T00:00:00+00:00
[2023-08-20T21:01:24.475-0400] {processor.py:179} INFO - Processing /home/mnguyen0226/anaconda3/envs/learning_scraper/lib/python3.11/site-packages/airflow/example_dags/example_branch_day_of_week_operator.py took 0.110 seconds
[2023-08-20T21:03:37.362-0400] {processor.py:157} INFO - Started process (PID=82007) to work on /home/mnguyen0226/anaconda3/envs/learning_scraper/lib/python3.11/site-packages/airflow/example_dags/example_branch_day_of_week_operator.py
[2023-08-20T21:03:37.365-0400] {processor.py:826} INFO - Processing file /home/mnguyen0226/anaconda3/envs/learning_scraper/lib/python3.11/site-packages/airflow/example_dags/example_branch_day_of_week_operator.py for tasks to queue
[2023-08-20T21:03:37.366-0400] {logging_mixin.py:150} INFO - [2023-08-20T21:03:37.366-0400] {dagbag.py:541} INFO - Filling up the DagBag from /home/mnguyen0226/anaconda3/envs/learning_scraper/lib/python3.11/site-packages/airflow/example_dags/example_branch_day_of_week_operator.py
[2023-08-20T21:03:37.383-0400] {processor.py:836} INFO - DAG(s) dict_keys(['example_weekday_branch_operator']) retrieved from /home/mnguyen0226/anaconda3/envs/learning_scraper/lib/python3.11/site-packages/airflow/example_dags/example_branch_day_of_week_operator.py
[2023-08-20T21:03:37.404-0400] {logging_mixin.py:150} INFO - [2023-08-20T21:03:37.404-0400] {dag.py:2742} INFO - Sync 1 DAGs
[2023-08-20T21:03:37.436-0400] {logging_mixin.py:150} INFO - [2023-08-20T21:03:37.436-0400] {dag.py:3504} INFO - Setting next_dagrun for example_weekday_branch_operator to 2023-08-20T00:00:00+00:00, run_after=2023-08-21T00:00:00+00:00
[2023-08-20T21:03:37.477-0400] {processor.py:179} INFO - Processing /home/mnguyen0226/anaconda3/envs/learning_scraper/lib/python3.11/site-packages/airflow/example_dags/example_branch_day_of_week_operator.py took 0.118 seconds
[2023-08-20T21:04:24.331-0400] {processor.py:157} INFO - Started process (PID=83037) to work on /home/mnguyen0226/anaconda3/envs/learning_scraper/lib/python3.11/site-packages/airflow/example_dags/example_branch_day_of_week_operator.py
[2023-08-20T21:04:24.332-0400] {processor.py:826} INFO - Processing file /home/mnguyen0226/anaconda3/envs/learning_scraper/lib/python3.11/site-packages/airflow/example_dags/example_branch_day_of_week_operator.py for tasks to queue
[2023-08-20T21:04:24.333-0400] {logging_mixin.py:150} INFO - [2023-08-20T21:04:24.333-0400] {dagbag.py:541} INFO - Filling up the DagBag from /home/mnguyen0226/anaconda3/envs/learning_scraper/lib/python3.11/site-packages/airflow/example_dags/example_branch_day_of_week_operator.py
[2023-08-20T21:04:24.348-0400] {processor.py:836} INFO - DAG(s) dict_keys(['example_weekday_branch_operator']) retrieved from /home/mnguyen0226/anaconda3/envs/learning_scraper/lib/python3.11/site-packages/airflow/example_dags/example_branch_day_of_week_operator.py
[2023-08-20T21:04:24.390-0400] {logging_mixin.py:150} INFO - [2023-08-20T21:04:24.390-0400] {dag.py:2742} INFO - Sync 1 DAGs
[2023-08-20T21:04:24.440-0400] {logging_mixin.py:150} INFO - [2023-08-20T21:04:24.439-0400] {dag.py:3504} INFO - Setting next_dagrun for example_weekday_branch_operator to 2023-08-20T00:00:00+00:00, run_after=2023-08-21T00:00:00+00:00
[2023-08-20T21:04:24.511-0400] {processor.py:179} INFO - Processing /home/mnguyen0226/anaconda3/envs/learning_scraper/lib/python3.11/site-packages/airflow/example_dags/example_branch_day_of_week_operator.py took 0.185 seconds
[2023-08-20T21:05:16.402-0400] {processor.py:157} INFO - Started process (PID=83314) to work on /home/mnguyen0226/anaconda3/envs/learning_scraper/lib/python3.11/site-packages/airflow/example_dags/example_branch_day_of_week_operator.py
[2023-08-20T21:05:16.412-0400] {processor.py:826} INFO - Processing file /home/mnguyen0226/anaconda3/envs/learning_scraper/lib/python3.11/site-packages/airflow/example_dags/example_branch_day_of_week_operator.py for tasks to queue
[2023-08-20T21:05:16.415-0400] {logging_mixin.py:150} INFO - [2023-08-20T21:05:16.413-0400] {dagbag.py:541} INFO - Filling up the DagBag from /home/mnguyen0226/anaconda3/envs/learning_scraper/lib/python3.11/site-packages/airflow/example_dags/example_branch_day_of_week_operator.py
[2023-08-20T21:05:16.432-0400] {processor.py:836} INFO - DAG(s) dict_keys(['example_weekday_branch_operator']) retrieved from /home/mnguyen0226/anaconda3/envs/learning_scraper/lib/python3.11/site-packages/airflow/example_dags/example_branch_day_of_week_operator.py
[2023-08-20T21:05:16.459-0400] {logging_mixin.py:150} INFO - [2023-08-20T21:05:16.459-0400] {dag.py:2742} INFO - Sync 1 DAGs
[2023-08-20T21:05:16.479-0400] {logging_mixin.py:150} INFO - [2023-08-20T21:05:16.479-0400] {dag.py:3504} INFO - Setting next_dagrun for example_weekday_branch_operator to 2023-08-20T00:00:00+00:00, run_after=2023-08-21T00:00:00+00:00
[2023-08-20T21:05:16.514-0400] {processor.py:179} INFO - Processing /home/mnguyen0226/anaconda3/envs/learning_scraper/lib/python3.11/site-packages/airflow/example_dags/example_branch_day_of_week_operator.py took 0.119 seconds
[2023-08-20T21:06:15.105-0400] {processor.py:157} INFO - Started process (PID=83575) to work on /home/mnguyen0226/anaconda3/envs/learning_scraper/lib/python3.11/site-packages/airflow/example_dags/example_branch_day_of_week_operator.py
[2023-08-20T21:06:15.106-0400] {processor.py:826} INFO - Processing file /home/mnguyen0226/anaconda3/envs/learning_scraper/lib/python3.11/site-packages/airflow/example_dags/example_branch_day_of_week_operator.py for tasks to queue
[2023-08-20T21:06:15.107-0400] {logging_mixin.py:150} INFO - [2023-08-20T21:06:15.106-0400] {dagbag.py:541} INFO - Filling up the DagBag from /home/mnguyen0226/anaconda3/envs/learning_scraper/lib/python3.11/site-packages/airflow/example_dags/example_branch_day_of_week_operator.py
[2023-08-20T21:06:15.115-0400] {processor.py:836} INFO - DAG(s) dict_keys(['example_weekday_branch_operator']) retrieved from /home/mnguyen0226/anaconda3/envs/learning_scraper/lib/python3.11/site-packages/airflow/example_dags/example_branch_day_of_week_operator.py
[2023-08-20T21:06:15.129-0400] {logging_mixin.py:150} INFO - [2023-08-20T21:06:15.128-0400] {dag.py:2742} INFO - Sync 1 DAGs
[2023-08-20T21:06:15.146-0400] {logging_mixin.py:150} INFO - [2023-08-20T21:06:15.146-0400] {dag.py:3504} INFO - Setting next_dagrun for example_weekday_branch_operator to 2023-08-20T00:00:00+00:00, run_after=2023-08-21T00:00:00+00:00
[2023-08-20T21:06:15.173-0400] {processor.py:179} INFO - Processing /home/mnguyen0226/anaconda3/envs/learning_scraper/lib/python3.11/site-packages/airflow/example_dags/example_branch_day_of_week_operator.py took 0.070 seconds
[2023-08-20T21:07:06.730-0400] {processor.py:157} INFO - Started process (PID=83815) to work on /home/mnguyen0226/anaconda3/envs/learning_scraper/lib/python3.11/site-packages/airflow/example_dags/example_branch_day_of_week_operator.py
[2023-08-20T21:07:06.740-0400] {processor.py:826} INFO - Processing file /home/mnguyen0226/anaconda3/envs/learning_scraper/lib/python3.11/site-packages/airflow/example_dags/example_branch_day_of_week_operator.py for tasks to queue
[2023-08-20T21:07:06.742-0400] {logging_mixin.py:150} INFO - [2023-08-20T21:07:06.741-0400] {dagbag.py:541} INFO - Filling up the DagBag from /home/mnguyen0226/anaconda3/envs/learning_scraper/lib/python3.11/site-packages/airflow/example_dags/example_branch_day_of_week_operator.py
[2023-08-20T21:07:06.754-0400] {processor.py:836} INFO - DAG(s) dict_keys(['example_weekday_branch_operator']) retrieved from /home/mnguyen0226/anaconda3/envs/learning_scraper/lib/python3.11/site-packages/airflow/example_dags/example_branch_day_of_week_operator.py
[2023-08-20T21:07:06.784-0400] {logging_mixin.py:150} INFO - [2023-08-20T21:07:06.784-0400] {dag.py:2742} INFO - Sync 1 DAGs
[2023-08-20T21:07:06.910-0400] {logging_mixin.py:150} INFO - [2023-08-20T21:07:06.910-0400] {dag.py:3504} INFO - Setting next_dagrun for example_weekday_branch_operator to 2023-08-20T00:00:00+00:00, run_after=2023-08-21T00:00:00+00:00
[2023-08-20T21:07:06.938-0400] {processor.py:179} INFO - Processing /home/mnguyen0226/anaconda3/envs/learning_scraper/lib/python3.11/site-packages/airflow/example_dags/example_branch_day_of_week_operator.py took 0.211 seconds
[2023-08-20T21:08:07.798-0400] {processor.py:157} INFO - Started process (PID=84028) to work on /home/mnguyen0226/anaconda3/envs/learning_scraper/lib/python3.11/site-packages/airflow/example_dags/example_branch_day_of_week_operator.py
[2023-08-20T21:08:07.800-0400] {processor.py:826} INFO - Processing file /home/mnguyen0226/anaconda3/envs/learning_scraper/lib/python3.11/site-packages/airflow/example_dags/example_branch_day_of_week_operator.py for tasks to queue
[2023-08-20T21:08:07.801-0400] {logging_mixin.py:150} INFO - [2023-08-20T21:08:07.801-0400] {dagbag.py:541} INFO - Filling up the DagBag from /home/mnguyen0226/anaconda3/envs/learning_scraper/lib/python3.11/site-packages/airflow/example_dags/example_branch_day_of_week_operator.py
[2023-08-20T21:08:07.813-0400] {processor.py:836} INFO - DAG(s) dict_keys(['example_weekday_branch_operator']) retrieved from /home/mnguyen0226/anaconda3/envs/learning_scraper/lib/python3.11/site-packages/airflow/example_dags/example_branch_day_of_week_operator.py
[2023-08-20T21:08:07.842-0400] {logging_mixin.py:150} INFO - [2023-08-20T21:08:07.842-0400] {dag.py:2742} INFO - Sync 1 DAGs
[2023-08-20T21:08:07.867-0400] {logging_mixin.py:150} INFO - [2023-08-20T21:08:07.866-0400] {dag.py:3504} INFO - Setting next_dagrun for example_weekday_branch_operator to 2023-08-20T00:00:00+00:00, run_after=2023-08-21T00:00:00+00:00
[2023-08-20T21:08:07.890-0400] {processor.py:179} INFO - Processing /home/mnguyen0226/anaconda3/envs/learning_scraper/lib/python3.11/site-packages/airflow/example_dags/example_branch_day_of_week_operator.py took 0.096 seconds
[2023-08-20T21:09:01.836-0400] {processor.py:157} INFO - Started process (PID=84301) to work on /home/mnguyen0226/anaconda3/envs/learning_scraper/lib/python3.11/site-packages/airflow/example_dags/example_branch_day_of_week_operator.py
[2023-08-20T21:09:01.845-0400] {processor.py:826} INFO - Processing file /home/mnguyen0226/anaconda3/envs/learning_scraper/lib/python3.11/site-packages/airflow/example_dags/example_branch_day_of_week_operator.py for tasks to queue
[2023-08-20T21:09:01.847-0400] {logging_mixin.py:150} INFO - [2023-08-20T21:09:01.846-0400] {dagbag.py:541} INFO - Filling up the DagBag from /home/mnguyen0226/anaconda3/envs/learning_scraper/lib/python3.11/site-packages/airflow/example_dags/example_branch_day_of_week_operator.py
[2023-08-20T21:09:01.860-0400] {processor.py:836} INFO - DAG(s) dict_keys(['example_weekday_branch_operator']) retrieved from /home/mnguyen0226/anaconda3/envs/learning_scraper/lib/python3.11/site-packages/airflow/example_dags/example_branch_day_of_week_operator.py
[2023-08-20T21:09:01.885-0400] {logging_mixin.py:150} INFO - [2023-08-20T21:09:01.885-0400] {dag.py:2742} INFO - Sync 1 DAGs
[2023-08-20T21:09:01.901-0400] {logging_mixin.py:150} INFO - [2023-08-20T21:09:01.901-0400] {dag.py:3504} INFO - Setting next_dagrun for example_weekday_branch_operator to 2023-08-20T00:00:00+00:00, run_after=2023-08-21T00:00:00+00:00
[2023-08-20T21:09:01.924-0400] {processor.py:179} INFO - Processing /home/mnguyen0226/anaconda3/envs/learning_scraper/lib/python3.11/site-packages/airflow/example_dags/example_branch_day_of_week_operator.py took 0.093 seconds
[2023-08-20T21:09:55.220-0400] {processor.py:157} INFO - Started process (PID=84591) to work on /home/mnguyen0226/anaconda3/envs/learning_scraper/lib/python3.11/site-packages/airflow/example_dags/example_branch_day_of_week_operator.py
[2023-08-20T21:09:55.221-0400] {processor.py:826} INFO - Processing file /home/mnguyen0226/anaconda3/envs/learning_scraper/lib/python3.11/site-packages/airflow/example_dags/example_branch_day_of_week_operator.py for tasks to queue
[2023-08-20T21:09:55.222-0400] {logging_mixin.py:150} INFO - [2023-08-20T21:09:55.221-0400] {dagbag.py:541} INFO - Filling up the DagBag from /home/mnguyen0226/anaconda3/envs/learning_scraper/lib/python3.11/site-packages/airflow/example_dags/example_branch_day_of_week_operator.py
[2023-08-20T21:09:55.231-0400] {processor.py:836} INFO - DAG(s) dict_keys(['example_weekday_branch_operator']) retrieved from /home/mnguyen0226/anaconda3/envs/learning_scraper/lib/python3.11/site-packages/airflow/example_dags/example_branch_day_of_week_operator.py
[2023-08-20T21:09:55.253-0400] {logging_mixin.py:150} INFO - [2023-08-20T21:09:55.253-0400] {dag.py:2742} INFO - Sync 1 DAGs
[2023-08-20T21:09:55.284-0400] {logging_mixin.py:150} INFO - [2023-08-20T21:09:55.284-0400] {dag.py:3504} INFO - Setting next_dagrun for example_weekday_branch_operator to 2023-08-20T00:00:00+00:00, run_after=2023-08-21T00:00:00+00:00
[2023-08-20T21:09:55.316-0400] {processor.py:179} INFO - Processing /home/mnguyen0226/anaconda3/envs/learning_scraper/lib/python3.11/site-packages/airflow/example_dags/example_branch_day_of_week_operator.py took 0.098 seconds
[2023-08-20T21:10:54.721-0400] {processor.py:157} INFO - Started process (PID=84878) to work on /home/mnguyen0226/anaconda3/envs/learning_scraper/lib/python3.11/site-packages/airflow/example_dags/example_branch_day_of_week_operator.py
[2023-08-20T21:10:54.731-0400] {processor.py:826} INFO - Processing file /home/mnguyen0226/anaconda3/envs/learning_scraper/lib/python3.11/site-packages/airflow/example_dags/example_branch_day_of_week_operator.py for tasks to queue
[2023-08-20T21:10:54.733-0400] {logging_mixin.py:150} INFO - [2023-08-20T21:10:54.732-0400] {dagbag.py:541} INFO - Filling up the DagBag from /home/mnguyen0226/anaconda3/envs/learning_scraper/lib/python3.11/site-packages/airflow/example_dags/example_branch_day_of_week_operator.py
[2023-08-20T21:10:54.745-0400] {processor.py:836} INFO - DAG(s) dict_keys(['example_weekday_branch_operator']) retrieved from /home/mnguyen0226/anaconda3/envs/learning_scraper/lib/python3.11/site-packages/airflow/example_dags/example_branch_day_of_week_operator.py
[2023-08-20T21:10:54.770-0400] {logging_mixin.py:150} INFO - [2023-08-20T21:10:54.770-0400] {dag.py:2742} INFO - Sync 1 DAGs
[2023-08-20T21:10:54.797-0400] {logging_mixin.py:150} INFO - [2023-08-20T21:10:54.797-0400] {dag.py:3504} INFO - Setting next_dagrun for example_weekday_branch_operator to 2023-08-20T00:00:00+00:00, run_after=2023-08-21T00:00:00+00:00
[2023-08-20T21:10:54.829-0400] {processor.py:179} INFO - Processing /home/mnguyen0226/anaconda3/envs/learning_scraper/lib/python3.11/site-packages/airflow/example_dags/example_branch_day_of_week_operator.py took 0.112 seconds
[2023-08-20T21:11:45.554-0400] {processor.py:157} INFO - Started process (PID=85094) to work on /home/mnguyen0226/anaconda3/envs/learning_scraper/lib/python3.11/site-packages/airflow/example_dags/example_branch_day_of_week_operator.py
[2023-08-20T21:11:45.555-0400] {processor.py:826} INFO - Processing file /home/mnguyen0226/anaconda3/envs/learning_scraper/lib/python3.11/site-packages/airflow/example_dags/example_branch_day_of_week_operator.py for tasks to queue
[2023-08-20T21:11:45.556-0400] {logging_mixin.py:150} INFO - [2023-08-20T21:11:45.556-0400] {dagbag.py:541} INFO - Filling up the DagBag from /home/mnguyen0226/anaconda3/envs/learning_scraper/lib/python3.11/site-packages/airflow/example_dags/example_branch_day_of_week_operator.py
[2023-08-20T21:11:45.568-0400] {processor.py:836} INFO - DAG(s) dict_keys(['example_weekday_branch_operator']) retrieved from /home/mnguyen0226/anaconda3/envs/learning_scraper/lib/python3.11/site-packages/airflow/example_dags/example_branch_day_of_week_operator.py
[2023-08-20T21:11:45.596-0400] {logging_mixin.py:150} INFO - [2023-08-20T21:11:45.595-0400] {dag.py:2742} INFO - Sync 1 DAGs
[2023-08-20T21:11:45.614-0400] {logging_mixin.py:150} INFO - [2023-08-20T21:11:45.614-0400] {dag.py:3504} INFO - Setting next_dagrun for example_weekday_branch_operator to 2023-08-20T00:00:00+00:00, run_after=2023-08-21T00:00:00+00:00
[2023-08-20T21:11:45.638-0400] {processor.py:179} INFO - Processing /home/mnguyen0226/anaconda3/envs/learning_scraper/lib/python3.11/site-packages/airflow/example_dags/example_branch_day_of_week_operator.py took 0.089 seconds
[2023-08-20T21:12:39.471-0400] {processor.py:157} INFO - Started process (PID=85579) to work on /home/mnguyen0226/anaconda3/envs/learning_scraper/lib/python3.11/site-packages/airflow/example_dags/example_branch_day_of_week_operator.py
[2023-08-20T21:12:39.472-0400] {processor.py:826} INFO - Processing file /home/mnguyen0226/anaconda3/envs/learning_scraper/lib/python3.11/site-packages/airflow/example_dags/example_branch_day_of_week_operator.py for tasks to queue
[2023-08-20T21:12:39.473-0400] {logging_mixin.py:150} INFO - [2023-08-20T21:12:39.472-0400] {dagbag.py:541} INFO - Filling up the DagBag from /home/mnguyen0226/anaconda3/envs/learning_scraper/lib/python3.11/site-packages/airflow/example_dags/example_branch_day_of_week_operator.py
[2023-08-20T21:12:39.485-0400] {processor.py:836} INFO - DAG(s) dict_keys(['example_weekday_branch_operator']) retrieved from /home/mnguyen0226/anaconda3/envs/learning_scraper/lib/python3.11/site-packages/airflow/example_dags/example_branch_day_of_week_operator.py
[2023-08-20T21:12:39.505-0400] {logging_mixin.py:150} INFO - [2023-08-20T21:12:39.505-0400] {dag.py:2742} INFO - Sync 1 DAGs
[2023-08-20T21:12:39.525-0400] {logging_mixin.py:150} INFO - [2023-08-20T21:12:39.525-0400] {dag.py:3504} INFO - Setting next_dagrun for example_weekday_branch_operator to 2023-08-20T00:00:00+00:00, run_after=2023-08-21T00:00:00+00:00
[2023-08-20T21:12:39.561-0400] {processor.py:179} INFO - Processing /home/mnguyen0226/anaconda3/envs/learning_scraper/lib/python3.11/site-packages/airflow/example_dags/example_branch_day_of_week_operator.py took 0.092 seconds
[2023-08-20T21:13:35.766-0400] {processor.py:157} INFO - Started process (PID=85898) to work on /home/mnguyen0226/anaconda3/envs/learning_scraper/lib/python3.11/site-packages/airflow/example_dags/example_branch_day_of_week_operator.py
[2023-08-20T21:13:35.767-0400] {processor.py:826} INFO - Processing file /home/mnguyen0226/anaconda3/envs/learning_scraper/lib/python3.11/site-packages/airflow/example_dags/example_branch_day_of_week_operator.py for tasks to queue
[2023-08-20T21:13:35.768-0400] {logging_mixin.py:150} INFO - [2023-08-20T21:13:35.767-0400] {dagbag.py:541} INFO - Filling up the DagBag from /home/mnguyen0226/anaconda3/envs/learning_scraper/lib/python3.11/site-packages/airflow/example_dags/example_branch_day_of_week_operator.py
[2023-08-20T21:13:35.774-0400] {processor.py:836} INFO - DAG(s) dict_keys(['example_weekday_branch_operator']) retrieved from /home/mnguyen0226/anaconda3/envs/learning_scraper/lib/python3.11/site-packages/airflow/example_dags/example_branch_day_of_week_operator.py
[2023-08-20T21:13:35.792-0400] {logging_mixin.py:150} INFO - [2023-08-20T21:13:35.792-0400] {dag.py:2742} INFO - Sync 1 DAGs
[2023-08-20T21:13:35.816-0400] {logging_mixin.py:150} INFO - [2023-08-20T21:13:35.816-0400] {dag.py:3504} INFO - Setting next_dagrun for example_weekday_branch_operator to 2023-08-20T00:00:00+00:00, run_after=2023-08-21T00:00:00+00:00
[2023-08-20T21:13:35.861-0400] {processor.py:179} INFO - Processing /home/mnguyen0226/anaconda3/envs/learning_scraper/lib/python3.11/site-packages/airflow/example_dags/example_branch_day_of_week_operator.py took 0.098 seconds
[2023-08-20T21:14:35.352-0400] {processor.py:157} INFO - Started process (PID=86201) to work on /home/mnguyen0226/anaconda3/envs/learning_scraper/lib/python3.11/site-packages/airflow/example_dags/example_branch_day_of_week_operator.py
[2023-08-20T21:14:35.362-0400] {processor.py:826} INFO - Processing file /home/mnguyen0226/anaconda3/envs/learning_scraper/lib/python3.11/site-packages/airflow/example_dags/example_branch_day_of_week_operator.py for tasks to queue
[2023-08-20T21:14:35.363-0400] {logging_mixin.py:150} INFO - [2023-08-20T21:14:35.362-0400] {dagbag.py:541} INFO - Filling up the DagBag from /home/mnguyen0226/anaconda3/envs/learning_scraper/lib/python3.11/site-packages/airflow/example_dags/example_branch_day_of_week_operator.py
[2023-08-20T21:14:35.378-0400] {processor.py:836} INFO - DAG(s) dict_keys(['example_weekday_branch_operator']) retrieved from /home/mnguyen0226/anaconda3/envs/learning_scraper/lib/python3.11/site-packages/airflow/example_dags/example_branch_day_of_week_operator.py
[2023-08-20T21:14:35.411-0400] {logging_mixin.py:150} INFO - [2023-08-20T21:14:35.411-0400] {dag.py:2742} INFO - Sync 1 DAGs
[2023-08-20T21:14:35.449-0400] {logging_mixin.py:150} INFO - [2023-08-20T21:14:35.448-0400] {dag.py:3504} INFO - Setting next_dagrun for example_weekday_branch_operator to 2023-08-20T00:00:00+00:00, run_after=2023-08-21T00:00:00+00:00
[2023-08-20T21:14:35.479-0400] {processor.py:179} INFO - Processing /home/mnguyen0226/anaconda3/envs/learning_scraper/lib/python3.11/site-packages/airflow/example_dags/example_branch_day_of_week_operator.py took 0.132 seconds
[2023-08-20T21:15:29.792-0400] {processor.py:157} INFO - Started process (PID=86378) to work on /home/mnguyen0226/anaconda3/envs/learning_scraper/lib/python3.11/site-packages/airflow/example_dags/example_branch_day_of_week_operator.py
[2023-08-20T21:15:29.793-0400] {processor.py:826} INFO - Processing file /home/mnguyen0226/anaconda3/envs/learning_scraper/lib/python3.11/site-packages/airflow/example_dags/example_branch_day_of_week_operator.py for tasks to queue
[2023-08-20T21:15:29.795-0400] {logging_mixin.py:150} INFO - [2023-08-20T21:15:29.794-0400] {dagbag.py:541} INFO - Filling up the DagBag from /home/mnguyen0226/anaconda3/envs/learning_scraper/lib/python3.11/site-packages/airflow/example_dags/example_branch_day_of_week_operator.py
[2023-08-20T21:15:29.807-0400] {processor.py:836} INFO - DAG(s) dict_keys(['example_weekday_branch_operator']) retrieved from /home/mnguyen0226/anaconda3/envs/learning_scraper/lib/python3.11/site-packages/airflow/example_dags/example_branch_day_of_week_operator.py
[2023-08-20T21:15:29.829-0400] {logging_mixin.py:150} INFO - [2023-08-20T21:15:29.829-0400] {dag.py:2742} INFO - Sync 1 DAGs
[2023-08-20T21:15:29.846-0400] {logging_mixin.py:150} INFO - [2023-08-20T21:15:29.845-0400] {dag.py:3504} INFO - Setting next_dagrun for example_weekday_branch_operator to 2023-08-20T00:00:00+00:00, run_after=2023-08-21T00:00:00+00:00
[2023-08-20T21:15:29.868-0400] {processor.py:179} INFO - Processing /home/mnguyen0226/anaconda3/envs/learning_scraper/lib/python3.11/site-packages/airflow/example_dags/example_branch_day_of_week_operator.py took 0.081 seconds
[2023-08-20T21:16:21.269-0400] {processor.py:157} INFO - Started process (PID=86566) to work on /home/mnguyen0226/anaconda3/envs/learning_scraper/lib/python3.11/site-packages/airflow/example_dags/example_branch_day_of_week_operator.py
[2023-08-20T21:16:21.270-0400] {processor.py:826} INFO - Processing file /home/mnguyen0226/anaconda3/envs/learning_scraper/lib/python3.11/site-packages/airflow/example_dags/example_branch_day_of_week_operator.py for tasks to queue
[2023-08-20T21:16:21.271-0400] {logging_mixin.py:150} INFO - [2023-08-20T21:16:21.271-0400] {dagbag.py:541} INFO - Filling up the DagBag from /home/mnguyen0226/anaconda3/envs/learning_scraper/lib/python3.11/site-packages/airflow/example_dags/example_branch_day_of_week_operator.py
[2023-08-20T21:16:21.286-0400] {processor.py:836} INFO - DAG(s) dict_keys(['example_weekday_branch_operator']) retrieved from /home/mnguyen0226/anaconda3/envs/learning_scraper/lib/python3.11/site-packages/airflow/example_dags/example_branch_day_of_week_operator.py
[2023-08-20T21:16:21.315-0400] {logging_mixin.py:150} INFO - [2023-08-20T21:16:21.315-0400] {dag.py:2742} INFO - Sync 1 DAGs
[2023-08-20T21:16:21.343-0400] {logging_mixin.py:150} INFO - [2023-08-20T21:16:21.343-0400] {dag.py:3504} INFO - Setting next_dagrun for example_weekday_branch_operator to 2023-08-20T00:00:00+00:00, run_after=2023-08-21T00:00:00+00:00
[2023-08-20T21:16:21.375-0400] {processor.py:179} INFO - Processing /home/mnguyen0226/anaconda3/envs/learning_scraper/lib/python3.11/site-packages/airflow/example_dags/example_branch_day_of_week_operator.py took 0.112 seconds
[2023-08-20T21:17:18.059-0400] {processor.py:157} INFO - Started process (PID=87000) to work on /home/mnguyen0226/anaconda3/envs/learning_scraper/lib/python3.11/site-packages/airflow/example_dags/example_branch_day_of_week_operator.py
[2023-08-20T21:17:18.060-0400] {processor.py:826} INFO - Processing file /home/mnguyen0226/anaconda3/envs/learning_scraper/lib/python3.11/site-packages/airflow/example_dags/example_branch_day_of_week_operator.py for tasks to queue
[2023-08-20T21:17:18.060-0400] {logging_mixin.py:150} INFO - [2023-08-20T21:17:18.060-0400] {dagbag.py:541} INFO - Filling up the DagBag from /home/mnguyen0226/anaconda3/envs/learning_scraper/lib/python3.11/site-packages/airflow/example_dags/example_branch_day_of_week_operator.py
[2023-08-20T21:17:18.066-0400] {processor.py:836} INFO - DAG(s) dict_keys(['example_weekday_branch_operator']) retrieved from /home/mnguyen0226/anaconda3/envs/learning_scraper/lib/python3.11/site-packages/airflow/example_dags/example_branch_day_of_week_operator.py
[2023-08-20T21:17:18.080-0400] {logging_mixin.py:150} INFO - [2023-08-20T21:17:18.080-0400] {dag.py:2742} INFO - Sync 1 DAGs
[2023-08-20T21:17:18.095-0400] {logging_mixin.py:150} INFO - [2023-08-20T21:17:18.095-0400] {dag.py:3504} INFO - Setting next_dagrun for example_weekday_branch_operator to 2023-08-20T00:00:00+00:00, run_after=2023-08-21T00:00:00+00:00
[2023-08-20T21:17:18.119-0400] {processor.py:179} INFO - Processing /home/mnguyen0226/anaconda3/envs/learning_scraper/lib/python3.11/site-packages/airflow/example_dags/example_branch_day_of_week_operator.py took 0.062 seconds
[2023-08-20T21:18:09.512-0400] {processor.py:157} INFO - Started process (PID=87262) to work on /home/mnguyen0226/anaconda3/envs/learning_scraper/lib/python3.11/site-packages/airflow/example_dags/example_branch_day_of_week_operator.py
[2023-08-20T21:18:09.513-0400] {processor.py:826} INFO - Processing file /home/mnguyen0226/anaconda3/envs/learning_scraper/lib/python3.11/site-packages/airflow/example_dags/example_branch_day_of_week_operator.py for tasks to queue
[2023-08-20T21:18:09.514-0400] {logging_mixin.py:150} INFO - [2023-08-20T21:18:09.513-0400] {dagbag.py:541} INFO - Filling up the DagBag from /home/mnguyen0226/anaconda3/envs/learning_scraper/lib/python3.11/site-packages/airflow/example_dags/example_branch_day_of_week_operator.py
[2023-08-20T21:18:09.520-0400] {processor.py:836} INFO - DAG(s) dict_keys(['example_weekday_branch_operator']) retrieved from /home/mnguyen0226/anaconda3/envs/learning_scraper/lib/python3.11/site-packages/airflow/example_dags/example_branch_day_of_week_operator.py
[2023-08-20T21:18:09.536-0400] {logging_mixin.py:150} INFO - [2023-08-20T21:18:09.536-0400] {dag.py:2742} INFO - Sync 1 DAGs
[2023-08-20T21:18:09.560-0400] {logging_mixin.py:150} INFO - [2023-08-20T21:18:09.560-0400] {dag.py:3504} INFO - Setting next_dagrun for example_weekday_branch_operator to 2023-08-20T00:00:00+00:00, run_after=2023-08-21T00:00:00+00:00
[2023-08-20T21:18:09.586-0400] {processor.py:179} INFO - Processing /home/mnguyen0226/anaconda3/envs/learning_scraper/lib/python3.11/site-packages/airflow/example_dags/example_branch_day_of_week_operator.py took 0.077 seconds
[2023-08-20T21:19:07.864-0400] {processor.py:157} INFO - Started process (PID=87562) to work on /home/mnguyen0226/anaconda3/envs/learning_scraper/lib/python3.11/site-packages/airflow/example_dags/example_branch_day_of_week_operator.py
[2023-08-20T21:19:07.865-0400] {processor.py:826} INFO - Processing file /home/mnguyen0226/anaconda3/envs/learning_scraper/lib/python3.11/site-packages/airflow/example_dags/example_branch_day_of_week_operator.py for tasks to queue
[2023-08-20T21:19:07.866-0400] {logging_mixin.py:150} INFO - [2023-08-20T21:19:07.866-0400] {dagbag.py:541} INFO - Filling up the DagBag from /home/mnguyen0226/anaconda3/envs/learning_scraper/lib/python3.11/site-packages/airflow/example_dags/example_branch_day_of_week_operator.py
[2023-08-20T21:19:07.873-0400] {processor.py:836} INFO - DAG(s) dict_keys(['example_weekday_branch_operator']) retrieved from /home/mnguyen0226/anaconda3/envs/learning_scraper/lib/python3.11/site-packages/airflow/example_dags/example_branch_day_of_week_operator.py
[2023-08-20T21:19:07.891-0400] {logging_mixin.py:150} INFO - [2023-08-20T21:19:07.891-0400] {dag.py:2742} INFO - Sync 1 DAGs
[2023-08-20T21:19:07.908-0400] {logging_mixin.py:150} INFO - [2023-08-20T21:19:07.908-0400] {dag.py:3504} INFO - Setting next_dagrun for example_weekday_branch_operator to 2023-08-20T00:00:00+00:00, run_after=2023-08-21T00:00:00+00:00
[2023-08-20T21:19:07.933-0400] {processor.py:179} INFO - Processing /home/mnguyen0226/anaconda3/envs/learning_scraper/lib/python3.11/site-packages/airflow/example_dags/example_branch_day_of_week_operator.py took 0.072 seconds
[2023-08-20T21:19:59.735-0400] {processor.py:157} INFO - Started process (PID=87985) to work on /home/mnguyen0226/anaconda3/envs/learning_scraper/lib/python3.11/site-packages/airflow/example_dags/example_branch_day_of_week_operator.py
[2023-08-20T21:19:59.735-0400] {processor.py:826} INFO - Processing file /home/mnguyen0226/anaconda3/envs/learning_scraper/lib/python3.11/site-packages/airflow/example_dags/example_branch_day_of_week_operator.py for tasks to queue
[2023-08-20T21:19:59.736-0400] {logging_mixin.py:150} INFO - [2023-08-20T21:19:59.736-0400] {dagbag.py:541} INFO - Filling up the DagBag from /home/mnguyen0226/anaconda3/envs/learning_scraper/lib/python3.11/site-packages/airflow/example_dags/example_branch_day_of_week_operator.py
[2023-08-20T21:19:59.742-0400] {processor.py:836} INFO - DAG(s) dict_keys(['example_weekday_branch_operator']) retrieved from /home/mnguyen0226/anaconda3/envs/learning_scraper/lib/python3.11/site-packages/airflow/example_dags/example_branch_day_of_week_operator.py
[2023-08-20T21:19:59.755-0400] {logging_mixin.py:150} INFO - [2023-08-20T21:19:59.755-0400] {dag.py:2742} INFO - Sync 1 DAGs
[2023-08-20T21:19:59.771-0400] {logging_mixin.py:150} INFO - [2023-08-20T21:19:59.771-0400] {dag.py:3504} INFO - Setting next_dagrun for example_weekday_branch_operator to 2023-08-20T00:00:00+00:00, run_after=2023-08-21T00:00:00+00:00
[2023-08-20T21:19:59.794-0400] {processor.py:179} INFO - Processing /home/mnguyen0226/anaconda3/envs/learning_scraper/lib/python3.11/site-packages/airflow/example_dags/example_branch_day_of_week_operator.py took 0.061 seconds
[2023-08-20T21:20:52.888-0400] {processor.py:157} INFO - Started process (PID=88262) to work on /home/mnguyen0226/anaconda3/envs/learning_scraper/lib/python3.11/site-packages/airflow/example_dags/example_branch_day_of_week_operator.py
[2023-08-20T21:20:52.896-0400] {processor.py:826} INFO - Processing file /home/mnguyen0226/anaconda3/envs/learning_scraper/lib/python3.11/site-packages/airflow/example_dags/example_branch_day_of_week_operator.py for tasks to queue
[2023-08-20T21:20:52.898-0400] {logging_mixin.py:150} INFO - [2023-08-20T21:20:52.897-0400] {dagbag.py:541} INFO - Filling up the DagBag from /home/mnguyen0226/anaconda3/envs/learning_scraper/lib/python3.11/site-packages/airflow/example_dags/example_branch_day_of_week_operator.py
[2023-08-20T21:20:52.909-0400] {processor.py:836} INFO - DAG(s) dict_keys(['example_weekday_branch_operator']) retrieved from /home/mnguyen0226/anaconda3/envs/learning_scraper/lib/python3.11/site-packages/airflow/example_dags/example_branch_day_of_week_operator.py
[2023-08-20T21:20:52.932-0400] {logging_mixin.py:150} INFO - [2023-08-20T21:20:52.932-0400] {dag.py:2742} INFO - Sync 1 DAGs
[2023-08-20T21:20:52.950-0400] {logging_mixin.py:150} INFO - [2023-08-20T21:20:52.950-0400] {dag.py:3504} INFO - Setting next_dagrun for example_weekday_branch_operator to 2023-08-20T00:00:00+00:00, run_after=2023-08-21T00:00:00+00:00
[2023-08-20T21:20:52.974-0400] {processor.py:179} INFO - Processing /home/mnguyen0226/anaconda3/envs/learning_scraper/lib/python3.11/site-packages/airflow/example_dags/example_branch_day_of_week_operator.py took 0.091 seconds
