[2023-08-20T21:00:46.539-0400] {processor.py:157} INFO - Started process (PID=80610) to work on /home/mnguyen0226/anaconda3/envs/learning_scraper/lib/python3.11/site-packages/airflow/example_dags/example_branch_datetime_operator.py
[2023-08-20T21:00:46.540-0400] {processor.py:826} INFO - Processing file /home/mnguyen0226/anaconda3/envs/learning_scraper/lib/python3.11/site-packages/airflow/example_dags/example_branch_datetime_operator.py for tasks to queue
[2023-08-20T21:00:46.541-0400] {logging_mixin.py:150} INFO - [2023-08-20T21:00:46.540-0400] {dagbag.py:541} INFO - Filling up the DagBag from /home/mnguyen0226/anaconda3/envs/learning_scraper/lib/python3.11/site-packages/airflow/example_dags/example_branch_datetime_operator.py
[2023-08-20T21:00:46.548-0400] {processor.py:836} INFO - DAG(s) dict_keys(['example_branch_datetime_operator', 'example_branch_datetime_operator_3', 'example_branch_datetime_operator_2']) retrieved from /home/mnguyen0226/anaconda3/envs/learning_scraper/lib/python3.11/site-packages/airflow/example_dags/example_branch_datetime_operator.py
[2023-08-20T21:00:46.566-0400] {logging_mixin.py:150} INFO - [2023-08-20T21:00:46.565-0400] {dag.py:2742} INFO - Sync 3 DAGs
[2023-08-20T21:00:46.583-0400] {logging_mixin.py:150} INFO - [2023-08-20T21:00:46.583-0400] {dag.py:3504} INFO - Setting next_dagrun for example_branch_datetime_operator to 2023-08-20T00:00:00+00:00, run_after=2023-08-21T00:00:00+00:00
[2023-08-20T21:00:46.587-0400] {logging_mixin.py:150} INFO - [2023-08-20T21:00:46.587-0400] {dag.py:3504} INFO - Setting next_dagrun for example_branch_datetime_operator_2 to 2023-08-20T00:00:00+00:00, run_after=2023-08-21T00:00:00+00:00
[2023-08-20T21:00:46.589-0400] {logging_mixin.py:150} INFO - [2023-08-20T21:00:46.589-0400] {dag.py:3504} INFO - Setting next_dagrun for example_branch_datetime_operator_3 to 2023-08-20T00:00:00+00:00, run_after=2023-08-21T00:00:00+00:00
[2023-08-20T21:00:46.610-0400] {processor.py:179} INFO - Processing /home/mnguyen0226/anaconda3/envs/learning_scraper/lib/python3.11/site-packages/airflow/example_dags/example_branch_datetime_operator.py took 0.073 seconds
[2023-08-20T21:01:37.240-0400] {processor.py:157} INFO - Started process (PID=80960) to work on /home/mnguyen0226/anaconda3/envs/learning_scraper/lib/python3.11/site-packages/airflow/example_dags/example_branch_datetime_operator.py
[2023-08-20T21:01:37.241-0400] {processor.py:826} INFO - Processing file /home/mnguyen0226/anaconda3/envs/learning_scraper/lib/python3.11/site-packages/airflow/example_dags/example_branch_datetime_operator.py for tasks to queue
[2023-08-20T21:01:37.243-0400] {logging_mixin.py:150} INFO - [2023-08-20T21:01:37.242-0400] {dagbag.py:541} INFO - Filling up the DagBag from /home/mnguyen0226/anaconda3/envs/learning_scraper/lib/python3.11/site-packages/airflow/example_dags/example_branch_datetime_operator.py
[2023-08-20T21:01:37.262-0400] {processor.py:836} INFO - DAG(s) dict_keys(['example_branch_datetime_operator_2', 'example_branch_datetime_operator_3', 'example_branch_datetime_operator']) retrieved from /home/mnguyen0226/anaconda3/envs/learning_scraper/lib/python3.11/site-packages/airflow/example_dags/example_branch_datetime_operator.py
[2023-08-20T21:01:37.300-0400] {logging_mixin.py:150} INFO - [2023-08-20T21:01:37.300-0400] {dag.py:2742} INFO - Sync 3 DAGs
[2023-08-20T21:01:37.332-0400] {logging_mixin.py:150} INFO - [2023-08-20T21:01:37.331-0400] {dag.py:3504} INFO - Setting next_dagrun for example_branch_datetime_operator to 2023-08-20T00:00:00+00:00, run_after=2023-08-21T00:00:00+00:00
[2023-08-20T21:01:37.337-0400] {logging_mixin.py:150} INFO - [2023-08-20T21:01:37.336-0400] {dag.py:3504} INFO - Setting next_dagrun for example_branch_datetime_operator_2 to 2023-08-20T00:00:00+00:00, run_after=2023-08-21T00:00:00+00:00
[2023-08-20T21:01:37.339-0400] {logging_mixin.py:150} INFO - [2023-08-20T21:01:37.339-0400] {dag.py:3504} INFO - Setting next_dagrun for example_branch_datetime_operator_3 to 2023-08-20T00:00:00+00:00, run_after=2023-08-21T00:00:00+00:00
[2023-08-20T21:01:37.369-0400] {processor.py:179} INFO - Processing /home/mnguyen0226/anaconda3/envs/learning_scraper/lib/python3.11/site-packages/airflow/example_dags/example_branch_datetime_operator.py took 0.134 seconds
[2023-08-20T21:03:44.496-0400] {processor.py:157} INFO - Started process (PID=82243) to work on /home/mnguyen0226/anaconda3/envs/learning_scraper/lib/python3.11/site-packages/airflow/example_dags/example_branch_datetime_operator.py
[2023-08-20T21:03:44.506-0400] {processor.py:826} INFO - Processing file /home/mnguyen0226/anaconda3/envs/learning_scraper/lib/python3.11/site-packages/airflow/example_dags/example_branch_datetime_operator.py for tasks to queue
[2023-08-20T21:03:44.507-0400] {logging_mixin.py:150} INFO - [2023-08-20T21:03:44.507-0400] {dagbag.py:541} INFO - Filling up the DagBag from /home/mnguyen0226/anaconda3/envs/learning_scraper/lib/python3.11/site-packages/airflow/example_dags/example_branch_datetime_operator.py
[2023-08-20T21:03:44.518-0400] {processor.py:836} INFO - DAG(s) dict_keys(['example_branch_datetime_operator', 'example_branch_datetime_operator_2', 'example_branch_datetime_operator_3']) retrieved from /home/mnguyen0226/anaconda3/envs/learning_scraper/lib/python3.11/site-packages/airflow/example_dags/example_branch_datetime_operator.py
[2023-08-20T21:03:44.550-0400] {logging_mixin.py:150} INFO - [2023-08-20T21:03:44.550-0400] {dag.py:2742} INFO - Sync 3 DAGs
[2023-08-20T21:03:44.581-0400] {logging_mixin.py:150} INFO - [2023-08-20T21:03:44.581-0400] {dag.py:3504} INFO - Setting next_dagrun for example_branch_datetime_operator to 2023-08-20T00:00:00+00:00, run_after=2023-08-21T00:00:00+00:00
[2023-08-20T21:03:44.585-0400] {logging_mixin.py:150} INFO - [2023-08-20T21:03:44.585-0400] {dag.py:3504} INFO - Setting next_dagrun for example_branch_datetime_operator_2 to 2023-08-20T00:00:00+00:00, run_after=2023-08-21T00:00:00+00:00
[2023-08-20T21:03:44.588-0400] {logging_mixin.py:150} INFO - [2023-08-20T21:03:44.588-0400] {dag.py:3504} INFO - Setting next_dagrun for example_branch_datetime_operator_3 to 2023-08-20T00:00:00+00:00, run_after=2023-08-21T00:00:00+00:00
[2023-08-20T21:03:44.616-0400] {processor.py:179} INFO - Processing /home/mnguyen0226/anaconda3/envs/learning_scraper/lib/python3.11/site-packages/airflow/example_dags/example_branch_datetime_operator.py took 0.124 seconds
[2023-08-20T21:04:36.493-0400] {processor.py:157} INFO - Started process (PID=83072) to work on /home/mnguyen0226/anaconda3/envs/learning_scraper/lib/python3.11/site-packages/airflow/example_dags/example_branch_datetime_operator.py
[2023-08-20T21:04:36.494-0400] {processor.py:826} INFO - Processing file /home/mnguyen0226/anaconda3/envs/learning_scraper/lib/python3.11/site-packages/airflow/example_dags/example_branch_datetime_operator.py for tasks to queue
[2023-08-20T21:04:36.496-0400] {logging_mixin.py:150} INFO - [2023-08-20T21:04:36.495-0400] {dagbag.py:541} INFO - Filling up the DagBag from /home/mnguyen0226/anaconda3/envs/learning_scraper/lib/python3.11/site-packages/airflow/example_dags/example_branch_datetime_operator.py
[2023-08-20T21:04:36.513-0400] {processor.py:836} INFO - DAG(s) dict_keys(['example_branch_datetime_operator_3', 'example_branch_datetime_operator_2', 'example_branch_datetime_operator']) retrieved from /home/mnguyen0226/anaconda3/envs/learning_scraper/lib/python3.11/site-packages/airflow/example_dags/example_branch_datetime_operator.py
[2023-08-20T21:04:36.551-0400] {logging_mixin.py:150} INFO - [2023-08-20T21:04:36.551-0400] {dag.py:2742} INFO - Sync 3 DAGs
[2023-08-20T21:04:36.587-0400] {logging_mixin.py:150} INFO - [2023-08-20T21:04:36.587-0400] {dag.py:3504} INFO - Setting next_dagrun for example_branch_datetime_operator to 2023-08-20T00:00:00+00:00, run_after=2023-08-21T00:00:00+00:00
[2023-08-20T21:04:36.593-0400] {logging_mixin.py:150} INFO - [2023-08-20T21:04:36.593-0400] {dag.py:3504} INFO - Setting next_dagrun for example_branch_datetime_operator_2 to 2023-08-20T00:00:00+00:00, run_after=2023-08-21T00:00:00+00:00
[2023-08-20T21:04:36.596-0400] {logging_mixin.py:150} INFO - [2023-08-20T21:04:36.596-0400] {dag.py:3504} INFO - Setting next_dagrun for example_branch_datetime_operator_3 to 2023-08-20T00:00:00+00:00, run_after=2023-08-21T00:00:00+00:00
[2023-08-20T21:04:36.633-0400] {processor.py:179} INFO - Processing /home/mnguyen0226/anaconda3/envs/learning_scraper/lib/python3.11/site-packages/airflow/example_dags/example_branch_datetime_operator.py took 0.145 seconds
[2023-08-20T21:05:32.171-0400] {processor.py:157} INFO - Started process (PID=83382) to work on /home/mnguyen0226/anaconda3/envs/learning_scraper/lib/python3.11/site-packages/airflow/example_dags/example_branch_datetime_operator.py
[2023-08-20T21:05:32.180-0400] {processor.py:826} INFO - Processing file /home/mnguyen0226/anaconda3/envs/learning_scraper/lib/python3.11/site-packages/airflow/example_dags/example_branch_datetime_operator.py for tasks to queue
[2023-08-20T21:05:32.181-0400] {logging_mixin.py:150} INFO - [2023-08-20T21:05:32.181-0400] {dagbag.py:541} INFO - Filling up the DagBag from /home/mnguyen0226/anaconda3/envs/learning_scraper/lib/python3.11/site-packages/airflow/example_dags/example_branch_datetime_operator.py
[2023-08-20T21:05:32.193-0400] {processor.py:836} INFO - DAG(s) dict_keys(['example_branch_datetime_operator_2', 'example_branch_datetime_operator_3', 'example_branch_datetime_operator']) retrieved from /home/mnguyen0226/anaconda3/envs/learning_scraper/lib/python3.11/site-packages/airflow/example_dags/example_branch_datetime_operator.py
[2023-08-20T21:05:32.223-0400] {logging_mixin.py:150} INFO - [2023-08-20T21:05:32.222-0400] {dag.py:2742} INFO - Sync 3 DAGs
[2023-08-20T21:05:32.239-0400] {logging_mixin.py:150} INFO - [2023-08-20T21:05:32.239-0400] {dag.py:3504} INFO - Setting next_dagrun for example_branch_datetime_operator to 2023-08-20T00:00:00+00:00, run_after=2023-08-21T00:00:00+00:00
[2023-08-20T21:05:32.244-0400] {logging_mixin.py:150} INFO - [2023-08-20T21:05:32.243-0400] {dag.py:3504} INFO - Setting next_dagrun for example_branch_datetime_operator_2 to 2023-08-20T00:00:00+00:00, run_after=2023-08-21T00:00:00+00:00
[2023-08-20T21:05:32.246-0400] {logging_mixin.py:150} INFO - [2023-08-20T21:05:32.246-0400] {dag.py:3504} INFO - Setting next_dagrun for example_branch_datetime_operator_3 to 2023-08-20T00:00:00+00:00, run_after=2023-08-21T00:00:00+00:00
[2023-08-20T21:05:32.268-0400] {processor.py:179} INFO - Processing /home/mnguyen0226/anaconda3/envs/learning_scraper/lib/python3.11/site-packages/airflow/example_dags/example_branch_datetime_operator.py took 0.101 seconds
[2023-08-20T21:06:23.145-0400] {processor.py:157} INFO - Started process (PID=83583) to work on /home/mnguyen0226/anaconda3/envs/learning_scraper/lib/python3.11/site-packages/airflow/example_dags/example_branch_datetime_operator.py
[2023-08-20T21:06:23.154-0400] {processor.py:826} INFO - Processing file /home/mnguyen0226/anaconda3/envs/learning_scraper/lib/python3.11/site-packages/airflow/example_dags/example_branch_datetime_operator.py for tasks to queue
[2023-08-20T21:06:23.156-0400] {logging_mixin.py:150} INFO - [2023-08-20T21:06:23.155-0400] {dagbag.py:541} INFO - Filling up the DagBag from /home/mnguyen0226/anaconda3/envs/learning_scraper/lib/python3.11/site-packages/airflow/example_dags/example_branch_datetime_operator.py
[2023-08-20T21:06:23.164-0400] {processor.py:836} INFO - DAG(s) dict_keys(['example_branch_datetime_operator_3', 'example_branch_datetime_operator_2', 'example_branch_datetime_operator']) retrieved from /home/mnguyen0226/anaconda3/envs/learning_scraper/lib/python3.11/site-packages/airflow/example_dags/example_branch_datetime_operator.py
[2023-08-20T21:06:23.187-0400] {logging_mixin.py:150} INFO - [2023-08-20T21:06:23.186-0400] {dag.py:2742} INFO - Sync 3 DAGs
[2023-08-20T21:06:23.222-0400] {logging_mixin.py:150} INFO - [2023-08-20T21:06:23.222-0400] {dag.py:3504} INFO - Setting next_dagrun for example_branch_datetime_operator to 2023-08-20T00:00:00+00:00, run_after=2023-08-21T00:00:00+00:00
[2023-08-20T21:06:23.230-0400] {logging_mixin.py:150} INFO - [2023-08-20T21:06:23.230-0400] {dag.py:3504} INFO - Setting next_dagrun for example_branch_datetime_operator_2 to 2023-08-20T00:00:00+00:00, run_after=2023-08-21T00:00:00+00:00
[2023-08-20T21:06:23.235-0400] {logging_mixin.py:150} INFO - [2023-08-20T21:06:23.235-0400] {dag.py:3504} INFO - Setting next_dagrun for example_branch_datetime_operator_3 to 2023-08-20T00:00:00+00:00, run_after=2023-08-21T00:00:00+00:00
[2023-08-20T21:06:23.278-0400] {processor.py:179} INFO - Processing /home/mnguyen0226/anaconda3/envs/learning_scraper/lib/python3.11/site-packages/airflow/example_dags/example_branch_datetime_operator.py took 0.135 seconds
[2023-08-20T21:07:27.004-0400] {processor.py:157} INFO - Started process (PID=83901) to work on /home/mnguyen0226/anaconda3/envs/learning_scraper/lib/python3.11/site-packages/airflow/example_dags/example_branch_datetime_operator.py
[2023-08-20T21:07:27.013-0400] {processor.py:826} INFO - Processing file /home/mnguyen0226/anaconda3/envs/learning_scraper/lib/python3.11/site-packages/airflow/example_dags/example_branch_datetime_operator.py for tasks to queue
[2023-08-20T21:07:27.014-0400] {logging_mixin.py:150} INFO - [2023-08-20T21:07:27.014-0400] {dagbag.py:541} INFO - Filling up the DagBag from /home/mnguyen0226/anaconda3/envs/learning_scraper/lib/python3.11/site-packages/airflow/example_dags/example_branch_datetime_operator.py
[2023-08-20T21:07:27.022-0400] {processor.py:836} INFO - DAG(s) dict_keys(['example_branch_datetime_operator', 'example_branch_datetime_operator_3', 'example_branch_datetime_operator_2']) retrieved from /home/mnguyen0226/anaconda3/envs/learning_scraper/lib/python3.11/site-packages/airflow/example_dags/example_branch_datetime_operator.py
[2023-08-20T21:07:27.156-0400] {logging_mixin.py:150} INFO - [2023-08-20T21:07:27.156-0400] {dag.py:2742} INFO - Sync 3 DAGs
[2023-08-20T21:07:27.171-0400] {logging_mixin.py:150} INFO - [2023-08-20T21:07:27.171-0400] {dag.py:3504} INFO - Setting next_dagrun for example_branch_datetime_operator to 2023-08-20T00:00:00+00:00, run_after=2023-08-21T00:00:00+00:00
[2023-08-20T21:07:27.175-0400] {logging_mixin.py:150} INFO - [2023-08-20T21:07:27.175-0400] {dag.py:3504} INFO - Setting next_dagrun for example_branch_datetime_operator_2 to 2023-08-20T00:00:00+00:00, run_after=2023-08-21T00:00:00+00:00
[2023-08-20T21:07:27.177-0400] {logging_mixin.py:150} INFO - [2023-08-20T21:07:27.177-0400] {dag.py:3504} INFO - Setting next_dagrun for example_branch_datetime_operator_3 to 2023-08-20T00:00:00+00:00, run_after=2023-08-21T00:00:00+00:00
[2023-08-20T21:07:27.198-0400] {processor.py:179} INFO - Processing /home/mnguyen0226/anaconda3/envs/learning_scraper/lib/python3.11/site-packages/airflow/example_dags/example_branch_datetime_operator.py took 0.196 seconds
[2023-08-20T21:08:24.914-0400] {processor.py:157} INFO - Started process (PID=84145) to work on /home/mnguyen0226/anaconda3/envs/learning_scraper/lib/python3.11/site-packages/airflow/example_dags/example_branch_datetime_operator.py
[2023-08-20T21:08:24.923-0400] {processor.py:826} INFO - Processing file /home/mnguyen0226/anaconda3/envs/learning_scraper/lib/python3.11/site-packages/airflow/example_dags/example_branch_datetime_operator.py for tasks to queue
[2023-08-20T21:08:24.924-0400] {logging_mixin.py:150} INFO - [2023-08-20T21:08:24.924-0400] {dagbag.py:541} INFO - Filling up the DagBag from /home/mnguyen0226/anaconda3/envs/learning_scraper/lib/python3.11/site-packages/airflow/example_dags/example_branch_datetime_operator.py
[2023-08-20T21:08:24.942-0400] {processor.py:836} INFO - DAG(s) dict_keys(['example_branch_datetime_operator_2', 'example_branch_datetime_operator', 'example_branch_datetime_operator_3']) retrieved from /home/mnguyen0226/anaconda3/envs/learning_scraper/lib/python3.11/site-packages/airflow/example_dags/example_branch_datetime_operator.py
[2023-08-20T21:08:24.984-0400] {logging_mixin.py:150} INFO - [2023-08-20T21:08:24.984-0400] {dag.py:2742} INFO - Sync 3 DAGs
[2023-08-20T21:08:25.014-0400] {logging_mixin.py:150} INFO - [2023-08-20T21:08:25.014-0400] {dag.py:3504} INFO - Setting next_dagrun for example_branch_datetime_operator to 2023-08-20T00:00:00+00:00, run_after=2023-08-21T00:00:00+00:00
[2023-08-20T21:08:25.021-0400] {logging_mixin.py:150} INFO - [2023-08-20T21:08:25.021-0400] {dag.py:3504} INFO - Setting next_dagrun for example_branch_datetime_operator_2 to 2023-08-20T00:00:00+00:00, run_after=2023-08-21T00:00:00+00:00
[2023-08-20T21:08:25.024-0400] {logging_mixin.py:150} INFO - [2023-08-20T21:08:25.024-0400] {dag.py:3504} INFO - Setting next_dagrun for example_branch_datetime_operator_3 to 2023-08-20T00:00:00+00:00, run_after=2023-08-21T00:00:00+00:00
[2023-08-20T21:08:25.061-0400] {processor.py:179} INFO - Processing /home/mnguyen0226/anaconda3/envs/learning_scraper/lib/python3.11/site-packages/airflow/example_dags/example_branch_datetime_operator.py took 0.150 seconds
[2023-08-20T21:09:18.598-0400] {processor.py:157} INFO - Started process (PID=84361) to work on /home/mnguyen0226/anaconda3/envs/learning_scraper/lib/python3.11/site-packages/airflow/example_dags/example_branch_datetime_operator.py
[2023-08-20T21:09:18.600-0400] {processor.py:826} INFO - Processing file /home/mnguyen0226/anaconda3/envs/learning_scraper/lib/python3.11/site-packages/airflow/example_dags/example_branch_datetime_operator.py for tasks to queue
[2023-08-20T21:09:18.601-0400] {logging_mixin.py:150} INFO - [2023-08-20T21:09:18.601-0400] {dagbag.py:541} INFO - Filling up the DagBag from /home/mnguyen0226/anaconda3/envs/learning_scraper/lib/python3.11/site-packages/airflow/example_dags/example_branch_datetime_operator.py
[2023-08-20T21:09:18.618-0400] {processor.py:836} INFO - DAG(s) dict_keys(['example_branch_datetime_operator_2', 'example_branch_datetime_operator', 'example_branch_datetime_operator_3']) retrieved from /home/mnguyen0226/anaconda3/envs/learning_scraper/lib/python3.11/site-packages/airflow/example_dags/example_branch_datetime_operator.py
[2023-08-20T21:09:18.654-0400] {logging_mixin.py:150} INFO - [2023-08-20T21:09:18.653-0400] {dag.py:2742} INFO - Sync 3 DAGs
[2023-08-20T21:09:18.676-0400] {logging_mixin.py:150} INFO - [2023-08-20T21:09:18.676-0400] {dag.py:3504} INFO - Setting next_dagrun for example_branch_datetime_operator to 2023-08-20T00:00:00+00:00, run_after=2023-08-21T00:00:00+00:00
[2023-08-20T21:09:18.681-0400] {logging_mixin.py:150} INFO - [2023-08-20T21:09:18.681-0400] {dag.py:3504} INFO - Setting next_dagrun for example_branch_datetime_operator_2 to 2023-08-20T00:00:00+00:00, run_after=2023-08-21T00:00:00+00:00
[2023-08-20T21:09:18.684-0400] {logging_mixin.py:150} INFO - [2023-08-20T21:09:18.684-0400] {dag.py:3504} INFO - Setting next_dagrun for example_branch_datetime_operator_3 to 2023-08-20T00:00:00+00:00, run_after=2023-08-21T00:00:00+00:00
[2023-08-20T21:09:18.714-0400] {processor.py:179} INFO - Processing /home/mnguyen0226/anaconda3/envs/learning_scraper/lib/python3.11/site-packages/airflow/example_dags/example_branch_datetime_operator.py took 0.120 seconds
[2023-08-20T21:10:14.272-0400] {processor.py:157} INFO - Started process (PID=84702) to work on /home/mnguyen0226/anaconda3/envs/learning_scraper/lib/python3.11/site-packages/airflow/example_dags/example_branch_datetime_operator.py
[2023-08-20T21:10:14.273-0400] {processor.py:826} INFO - Processing file /home/mnguyen0226/anaconda3/envs/learning_scraper/lib/python3.11/site-packages/airflow/example_dags/example_branch_datetime_operator.py for tasks to queue
[2023-08-20T21:10:14.274-0400] {logging_mixin.py:150} INFO - [2023-08-20T21:10:14.273-0400] {dagbag.py:541} INFO - Filling up the DagBag from /home/mnguyen0226/anaconda3/envs/learning_scraper/lib/python3.11/site-packages/airflow/example_dags/example_branch_datetime_operator.py
[2023-08-20T21:10:14.283-0400] {processor.py:836} INFO - DAG(s) dict_keys(['example_branch_datetime_operator_3', 'example_branch_datetime_operator', 'example_branch_datetime_operator_2']) retrieved from /home/mnguyen0226/anaconda3/envs/learning_scraper/lib/python3.11/site-packages/airflow/example_dags/example_branch_datetime_operator.py
[2023-08-20T21:10:14.306-0400] {logging_mixin.py:150} INFO - [2023-08-20T21:10:14.306-0400] {dag.py:2742} INFO - Sync 3 DAGs
[2023-08-20T21:10:14.328-0400] {logging_mixin.py:150} INFO - [2023-08-20T21:10:14.328-0400] {dag.py:3504} INFO - Setting next_dagrun for example_branch_datetime_operator to 2023-08-20T00:00:00+00:00, run_after=2023-08-21T00:00:00+00:00
[2023-08-20T21:10:14.337-0400] {logging_mixin.py:150} INFO - [2023-08-20T21:10:14.337-0400] {dag.py:3504} INFO - Setting next_dagrun for example_branch_datetime_operator_2 to 2023-08-20T00:00:00+00:00, run_after=2023-08-21T00:00:00+00:00
[2023-08-20T21:10:14.341-0400] {logging_mixin.py:150} INFO - [2023-08-20T21:10:14.341-0400] {dag.py:3504} INFO - Setting next_dagrun for example_branch_datetime_operator_3 to 2023-08-20T00:00:00+00:00, run_after=2023-08-21T00:00:00+00:00
[2023-08-20T21:10:14.366-0400] {processor.py:179} INFO - Processing /home/mnguyen0226/anaconda3/envs/learning_scraper/lib/python3.11/site-packages/airflow/example_dags/example_branch_datetime_operator.py took 0.098 seconds
[2023-08-20T21:11:12.146-0400] {processor.py:157} INFO - Started process (PID=84936) to work on /home/mnguyen0226/anaconda3/envs/learning_scraper/lib/python3.11/site-packages/airflow/example_dags/example_branch_datetime_operator.py
[2023-08-20T21:11:12.155-0400] {processor.py:826} INFO - Processing file /home/mnguyen0226/anaconda3/envs/learning_scraper/lib/python3.11/site-packages/airflow/example_dags/example_branch_datetime_operator.py for tasks to queue
[2023-08-20T21:11:12.156-0400] {logging_mixin.py:150} INFO - [2023-08-20T21:11:12.155-0400] {dagbag.py:541} INFO - Filling up the DagBag from /home/mnguyen0226/anaconda3/envs/learning_scraper/lib/python3.11/site-packages/airflow/example_dags/example_branch_datetime_operator.py
[2023-08-20T21:11:12.165-0400] {processor.py:836} INFO - DAG(s) dict_keys(['example_branch_datetime_operator', 'example_branch_datetime_operator_3', 'example_branch_datetime_operator_2']) retrieved from /home/mnguyen0226/anaconda3/envs/learning_scraper/lib/python3.11/site-packages/airflow/example_dags/example_branch_datetime_operator.py
[2023-08-20T21:11:12.194-0400] {logging_mixin.py:150} INFO - [2023-08-20T21:11:12.193-0400] {dag.py:2742} INFO - Sync 3 DAGs
[2023-08-20T21:11:12.210-0400] {logging_mixin.py:150} INFO - [2023-08-20T21:11:12.210-0400] {dag.py:3504} INFO - Setting next_dagrun for example_branch_datetime_operator to 2023-08-20T00:00:00+00:00, run_after=2023-08-21T00:00:00+00:00
[2023-08-20T21:11:12.214-0400] {logging_mixin.py:150} INFO - [2023-08-20T21:11:12.214-0400] {dag.py:3504} INFO - Setting next_dagrun for example_branch_datetime_operator_2 to 2023-08-20T00:00:00+00:00, run_after=2023-08-21T00:00:00+00:00
[2023-08-20T21:11:12.216-0400] {logging_mixin.py:150} INFO - [2023-08-20T21:11:12.216-0400] {dag.py:3504} INFO - Setting next_dagrun for example_branch_datetime_operator_3 to 2023-08-20T00:00:00+00:00, run_after=2023-08-21T00:00:00+00:00
[2023-08-20T21:11:12.238-0400] {processor.py:179} INFO - Processing /home/mnguyen0226/anaconda3/envs/learning_scraper/lib/python3.11/site-packages/airflow/example_dags/example_branch_datetime_operator.py took 0.094 seconds
[2023-08-20T21:12:03.084-0400] {processor.py:157} INFO - Started process (PID=85134) to work on /home/mnguyen0226/anaconda3/envs/learning_scraper/lib/python3.11/site-packages/airflow/example_dags/example_branch_datetime_operator.py
[2023-08-20T21:12:03.085-0400] {processor.py:826} INFO - Processing file /home/mnguyen0226/anaconda3/envs/learning_scraper/lib/python3.11/site-packages/airflow/example_dags/example_branch_datetime_operator.py for tasks to queue
[2023-08-20T21:12:03.087-0400] {logging_mixin.py:150} INFO - [2023-08-20T21:12:03.086-0400] {dagbag.py:541} INFO - Filling up the DagBag from /home/mnguyen0226/anaconda3/envs/learning_scraper/lib/python3.11/site-packages/airflow/example_dags/example_branch_datetime_operator.py
[2023-08-20T21:12:03.104-0400] {processor.py:836} INFO - DAG(s) dict_keys(['example_branch_datetime_operator', 'example_branch_datetime_operator_3', 'example_branch_datetime_operator_2']) retrieved from /home/mnguyen0226/anaconda3/envs/learning_scraper/lib/python3.11/site-packages/airflow/example_dags/example_branch_datetime_operator.py
[2023-08-20T21:12:03.141-0400] {logging_mixin.py:150} INFO - [2023-08-20T21:12:03.141-0400] {dag.py:2742} INFO - Sync 3 DAGs
[2023-08-20T21:12:03.164-0400] {logging_mixin.py:150} INFO - [2023-08-20T21:12:03.164-0400] {dag.py:3504} INFO - Setting next_dagrun for example_branch_datetime_operator to 2023-08-20T00:00:00+00:00, run_after=2023-08-21T00:00:00+00:00
[2023-08-20T21:12:03.168-0400] {logging_mixin.py:150} INFO - [2023-08-20T21:12:03.168-0400] {dag.py:3504} INFO - Setting next_dagrun for example_branch_datetime_operator_2 to 2023-08-20T00:00:00+00:00, run_after=2023-08-21T00:00:00+00:00
[2023-08-20T21:12:03.171-0400] {logging_mixin.py:150} INFO - [2023-08-20T21:12:03.170-0400] {dag.py:3504} INFO - Setting next_dagrun for example_branch_datetime_operator_3 to 2023-08-20T00:00:00+00:00, run_after=2023-08-21T00:00:00+00:00
[2023-08-20T21:12:03.199-0400] {processor.py:179} INFO - Processing /home/mnguyen0226/anaconda3/envs/learning_scraper/lib/python3.11/site-packages/airflow/example_dags/example_branch_datetime_operator.py took 0.119 seconds
[2023-08-20T21:12:59.875-0400] {processor.py:157} INFO - Started process (PID=85728) to work on /home/mnguyen0226/anaconda3/envs/learning_scraper/lib/python3.11/site-packages/airflow/example_dags/example_branch_datetime_operator.py
[2023-08-20T21:12:59.876-0400] {processor.py:826} INFO - Processing file /home/mnguyen0226/anaconda3/envs/learning_scraper/lib/python3.11/site-packages/airflow/example_dags/example_branch_datetime_operator.py for tasks to queue
[2023-08-20T21:12:59.877-0400] {logging_mixin.py:150} INFO - [2023-08-20T21:12:59.877-0400] {dagbag.py:541} INFO - Filling up the DagBag from /home/mnguyen0226/anaconda3/envs/learning_scraper/lib/python3.11/site-packages/airflow/example_dags/example_branch_datetime_operator.py
[2023-08-20T21:12:59.894-0400] {processor.py:836} INFO - DAG(s) dict_keys(['example_branch_datetime_operator_3', 'example_branch_datetime_operator', 'example_branch_datetime_operator_2']) retrieved from /home/mnguyen0226/anaconda3/envs/learning_scraper/lib/python3.11/site-packages/airflow/example_dags/example_branch_datetime_operator.py
[2023-08-20T21:12:59.931-0400] {logging_mixin.py:150} INFO - [2023-08-20T21:12:59.931-0400] {dag.py:2742} INFO - Sync 3 DAGs
[2023-08-20T21:12:59.966-0400] {logging_mixin.py:150} INFO - [2023-08-20T21:12:59.966-0400] {dag.py:3504} INFO - Setting next_dagrun for example_branch_datetime_operator to 2023-08-20T00:00:00+00:00, run_after=2023-08-21T00:00:00+00:00
[2023-08-20T21:12:59.975-0400] {logging_mixin.py:150} INFO - [2023-08-20T21:12:59.974-0400] {dag.py:3504} INFO - Setting next_dagrun for example_branch_datetime_operator_2 to 2023-08-20T00:00:00+00:00, run_after=2023-08-21T00:00:00+00:00
[2023-08-20T21:12:59.978-0400] {logging_mixin.py:150} INFO - [2023-08-20T21:12:59.978-0400] {dag.py:3504} INFO - Setting next_dagrun for example_branch_datetime_operator_3 to 2023-08-20T00:00:00+00:00, run_after=2023-08-21T00:00:00+00:00
[2023-08-20T21:13:00.018-0400] {processor.py:179} INFO - Processing /home/mnguyen0226/anaconda3/envs/learning_scraper/lib/python3.11/site-packages/airflow/example_dags/example_branch_datetime_operator.py took 0.147 seconds
[2023-08-20T21:13:57.335-0400] {processor.py:157} INFO - Started process (PID=86006) to work on /home/mnguyen0226/anaconda3/envs/learning_scraper/lib/python3.11/site-packages/airflow/example_dags/example_branch_datetime_operator.py
[2023-08-20T21:13:57.336-0400] {processor.py:826} INFO - Processing file /home/mnguyen0226/anaconda3/envs/learning_scraper/lib/python3.11/site-packages/airflow/example_dags/example_branch_datetime_operator.py for tasks to queue
[2023-08-20T21:13:57.338-0400] {logging_mixin.py:150} INFO - [2023-08-20T21:13:57.337-0400] {dagbag.py:541} INFO - Filling up the DagBag from /home/mnguyen0226/anaconda3/envs/learning_scraper/lib/python3.11/site-packages/airflow/example_dags/example_branch_datetime_operator.py
[2023-08-20T21:13:57.355-0400] {processor.py:836} INFO - DAG(s) dict_keys(['example_branch_datetime_operator_3', 'example_branch_datetime_operator_2', 'example_branch_datetime_operator']) retrieved from /home/mnguyen0226/anaconda3/envs/learning_scraper/lib/python3.11/site-packages/airflow/example_dags/example_branch_datetime_operator.py
[2023-08-20T21:13:57.380-0400] {logging_mixin.py:150} INFO - [2023-08-20T21:13:57.380-0400] {dag.py:2742} INFO - Sync 3 DAGs
[2023-08-20T21:13:57.397-0400] {logging_mixin.py:150} INFO - [2023-08-20T21:13:57.397-0400] {dag.py:3504} INFO - Setting next_dagrun for example_branch_datetime_operator to 2023-08-20T00:00:00+00:00, run_after=2023-08-21T00:00:00+00:00
[2023-08-20T21:13:57.401-0400] {logging_mixin.py:150} INFO - [2023-08-20T21:13:57.401-0400] {dag.py:3504} INFO - Setting next_dagrun for example_branch_datetime_operator_2 to 2023-08-20T00:00:00+00:00, run_after=2023-08-21T00:00:00+00:00
[2023-08-20T21:13:57.403-0400] {logging_mixin.py:150} INFO - [2023-08-20T21:13:57.403-0400] {dag.py:3504} INFO - Setting next_dagrun for example_branch_datetime_operator_3 to 2023-08-20T00:00:00+00:00, run_after=2023-08-21T00:00:00+00:00
[2023-08-20T21:13:57.427-0400] {processor.py:179} INFO - Processing /home/mnguyen0226/anaconda3/envs/learning_scraper/lib/python3.11/site-packages/airflow/example_dags/example_branch_datetime_operator.py took 0.096 seconds
[2023-08-20T21:14:55.051-0400] {processor.py:157} INFO - Started process (PID=86301) to work on /home/mnguyen0226/anaconda3/envs/learning_scraper/lib/python3.11/site-packages/airflow/example_dags/example_branch_datetime_operator.py
[2023-08-20T21:14:55.053-0400] {processor.py:826} INFO - Processing file /home/mnguyen0226/anaconda3/envs/learning_scraper/lib/python3.11/site-packages/airflow/example_dags/example_branch_datetime_operator.py for tasks to queue
[2023-08-20T21:14:55.054-0400] {logging_mixin.py:150} INFO - [2023-08-20T21:14:55.054-0400] {dagbag.py:541} INFO - Filling up the DagBag from /home/mnguyen0226/anaconda3/envs/learning_scraper/lib/python3.11/site-packages/airflow/example_dags/example_branch_datetime_operator.py
[2023-08-20T21:14:55.070-0400] {processor.py:836} INFO - DAG(s) dict_keys(['example_branch_datetime_operator', 'example_branch_datetime_operator_2', 'example_branch_datetime_operator_3']) retrieved from /home/mnguyen0226/anaconda3/envs/learning_scraper/lib/python3.11/site-packages/airflow/example_dags/example_branch_datetime_operator.py
[2023-08-20T21:14:55.095-0400] {logging_mixin.py:150} INFO - [2023-08-20T21:14:55.095-0400] {dag.py:2742} INFO - Sync 3 DAGs
[2023-08-20T21:14:55.112-0400] {logging_mixin.py:150} INFO - [2023-08-20T21:14:55.112-0400] {dag.py:3504} INFO - Setting next_dagrun for example_branch_datetime_operator to 2023-08-20T00:00:00+00:00, run_after=2023-08-21T00:00:00+00:00
[2023-08-20T21:14:55.116-0400] {logging_mixin.py:150} INFO - [2023-08-20T21:14:55.116-0400] {dag.py:3504} INFO - Setting next_dagrun for example_branch_datetime_operator_2 to 2023-08-20T00:00:00+00:00, run_after=2023-08-21T00:00:00+00:00
[2023-08-20T21:14:55.118-0400] {logging_mixin.py:150} INFO - [2023-08-20T21:14:55.118-0400] {dag.py:3504} INFO - Setting next_dagrun for example_branch_datetime_operator_3 to 2023-08-20T00:00:00+00:00, run_after=2023-08-21T00:00:00+00:00
[2023-08-20T21:14:55.138-0400] {processor.py:179} INFO - Processing /home/mnguyen0226/anaconda3/envs/learning_scraper/lib/python3.11/site-packages/airflow/example_dags/example_branch_datetime_operator.py took 0.091 seconds
[2023-08-20T21:15:46.364-0400] {processor.py:157} INFO - Started process (PID=86430) to work on /home/mnguyen0226/anaconda3/envs/learning_scraper/lib/python3.11/site-packages/airflow/example_dags/example_branch_datetime_operator.py
[2023-08-20T21:15:46.365-0400] {processor.py:826} INFO - Processing file /home/mnguyen0226/anaconda3/envs/learning_scraper/lib/python3.11/site-packages/airflow/example_dags/example_branch_datetime_operator.py for tasks to queue
[2023-08-20T21:15:46.366-0400] {logging_mixin.py:150} INFO - [2023-08-20T21:15:46.365-0400] {dagbag.py:541} INFO - Filling up the DagBag from /home/mnguyen0226/anaconda3/envs/learning_scraper/lib/python3.11/site-packages/airflow/example_dags/example_branch_datetime_operator.py
[2023-08-20T21:15:46.390-0400] {processor.py:836} INFO - DAG(s) dict_keys(['example_branch_datetime_operator_3', 'example_branch_datetime_operator_2', 'example_branch_datetime_operator']) retrieved from /home/mnguyen0226/anaconda3/envs/learning_scraper/lib/python3.11/site-packages/airflow/example_dags/example_branch_datetime_operator.py
[2023-08-20T21:15:46.430-0400] {logging_mixin.py:150} INFO - [2023-08-20T21:15:46.429-0400] {dag.py:2742} INFO - Sync 3 DAGs
[2023-08-20T21:15:46.455-0400] {logging_mixin.py:150} INFO - [2023-08-20T21:15:46.455-0400] {dag.py:3504} INFO - Setting next_dagrun for example_branch_datetime_operator to 2023-08-20T00:00:00+00:00, run_after=2023-08-21T00:00:00+00:00
[2023-08-20T21:15:46.460-0400] {logging_mixin.py:150} INFO - [2023-08-20T21:15:46.460-0400] {dag.py:3504} INFO - Setting next_dagrun for example_branch_datetime_operator_2 to 2023-08-20T00:00:00+00:00, run_after=2023-08-21T00:00:00+00:00
[2023-08-20T21:15:46.462-0400] {logging_mixin.py:150} INFO - [2023-08-20T21:15:46.462-0400] {dag.py:3504} INFO - Setting next_dagrun for example_branch_datetime_operator_3 to 2023-08-20T00:00:00+00:00, run_after=2023-08-21T00:00:00+00:00
[2023-08-20T21:15:46.488-0400] {processor.py:179} INFO - Processing /home/mnguyen0226/anaconda3/envs/learning_scraper/lib/python3.11/site-packages/airflow/example_dags/example_branch_datetime_operator.py took 0.129 seconds
[2023-08-20T21:16:39.745-0400] {processor.py:157} INFO - Started process (PID=86737) to work on /home/mnguyen0226/anaconda3/envs/learning_scraper/lib/python3.11/site-packages/airflow/example_dags/example_branch_datetime_operator.py
[2023-08-20T21:16:39.755-0400] {processor.py:826} INFO - Processing file /home/mnguyen0226/anaconda3/envs/learning_scraper/lib/python3.11/site-packages/airflow/example_dags/example_branch_datetime_operator.py for tasks to queue
[2023-08-20T21:16:39.756-0400] {logging_mixin.py:150} INFO - [2023-08-20T21:16:39.755-0400] {dagbag.py:541} INFO - Filling up the DagBag from /home/mnguyen0226/anaconda3/envs/learning_scraper/lib/python3.11/site-packages/airflow/example_dags/example_branch_datetime_operator.py
[2023-08-20T21:16:39.772-0400] {processor.py:836} INFO - DAG(s) dict_keys(['example_branch_datetime_operator_2', 'example_branch_datetime_operator', 'example_branch_datetime_operator_3']) retrieved from /home/mnguyen0226/anaconda3/envs/learning_scraper/lib/python3.11/site-packages/airflow/example_dags/example_branch_datetime_operator.py
[2023-08-20T21:16:39.803-0400] {logging_mixin.py:150} INFO - [2023-08-20T21:16:39.802-0400] {dag.py:2742} INFO - Sync 3 DAGs
[2023-08-20T21:16:39.821-0400] {logging_mixin.py:150} INFO - [2023-08-20T21:16:39.821-0400] {dag.py:3504} INFO - Setting next_dagrun for example_branch_datetime_operator to 2023-08-20T00:00:00+00:00, run_after=2023-08-21T00:00:00+00:00
[2023-08-20T21:16:39.825-0400] {logging_mixin.py:150} INFO - [2023-08-20T21:16:39.825-0400] {dag.py:3504} INFO - Setting next_dagrun for example_branch_datetime_operator_2 to 2023-08-20T00:00:00+00:00, run_after=2023-08-21T00:00:00+00:00
[2023-08-20T21:16:39.827-0400] {logging_mixin.py:150} INFO - [2023-08-20T21:16:39.827-0400] {dag.py:3504} INFO - Setting next_dagrun for example_branch_datetime_operator_3 to 2023-08-20T00:00:00+00:00, run_after=2023-08-21T00:00:00+00:00
[2023-08-20T21:16:39.851-0400] {processor.py:179} INFO - Processing /home/mnguyen0226/anaconda3/envs/learning_scraper/lib/python3.11/site-packages/airflow/example_dags/example_branch_datetime_operator.py took 0.112 seconds
[2023-08-20T21:17:34.742-0400] {processor.py:157} INFO - Started process (PID=87059) to work on /home/mnguyen0226/anaconda3/envs/learning_scraper/lib/python3.11/site-packages/airflow/example_dags/example_branch_datetime_operator.py
[2023-08-20T21:17:34.743-0400] {processor.py:826} INFO - Processing file /home/mnguyen0226/anaconda3/envs/learning_scraper/lib/python3.11/site-packages/airflow/example_dags/example_branch_datetime_operator.py for tasks to queue
[2023-08-20T21:17:34.743-0400] {logging_mixin.py:150} INFO - [2023-08-20T21:17:34.743-0400] {dagbag.py:541} INFO - Filling up the DagBag from /home/mnguyen0226/anaconda3/envs/learning_scraper/lib/python3.11/site-packages/airflow/example_dags/example_branch_datetime_operator.py
[2023-08-20T21:17:34.751-0400] {processor.py:836} INFO - DAG(s) dict_keys(['example_branch_datetime_operator', 'example_branch_datetime_operator_3', 'example_branch_datetime_operator_2']) retrieved from /home/mnguyen0226/anaconda3/envs/learning_scraper/lib/python3.11/site-packages/airflow/example_dags/example_branch_datetime_operator.py
[2023-08-20T21:17:34.771-0400] {logging_mixin.py:150} INFO - [2023-08-20T21:17:34.771-0400] {dag.py:2742} INFO - Sync 3 DAGs
[2023-08-20T21:17:34.813-0400] {logging_mixin.py:150} INFO - [2023-08-20T21:17:34.812-0400] {dag.py:3504} INFO - Setting next_dagrun for example_branch_datetime_operator to 2023-08-20T00:00:00+00:00, run_after=2023-08-21T00:00:00+00:00
[2023-08-20T21:17:34.821-0400] {logging_mixin.py:150} INFO - [2023-08-20T21:17:34.821-0400] {dag.py:3504} INFO - Setting next_dagrun for example_branch_datetime_operator_2 to 2023-08-20T00:00:00+00:00, run_after=2023-08-21T00:00:00+00:00
[2023-08-20T21:17:34.825-0400] {logging_mixin.py:150} INFO - [2023-08-20T21:17:34.825-0400] {dag.py:3504} INFO - Setting next_dagrun for example_branch_datetime_operator_3 to 2023-08-20T00:00:00+00:00, run_after=2023-08-21T00:00:00+00:00
[2023-08-20T21:17:34.856-0400] {processor.py:179} INFO - Processing /home/mnguyen0226/anaconda3/envs/learning_scraper/lib/python3.11/site-packages/airflow/example_dags/example_branch_datetime_operator.py took 0.116 seconds
[2023-08-20T21:18:29.337-0400] {processor.py:157} INFO - Started process (PID=87372) to work on /home/mnguyen0226/anaconda3/envs/learning_scraper/lib/python3.11/site-packages/airflow/example_dags/example_branch_datetime_operator.py
[2023-08-20T21:18:29.338-0400] {processor.py:826} INFO - Processing file /home/mnguyen0226/anaconda3/envs/learning_scraper/lib/python3.11/site-packages/airflow/example_dags/example_branch_datetime_operator.py for tasks to queue
[2023-08-20T21:18:29.339-0400] {logging_mixin.py:150} INFO - [2023-08-20T21:18:29.338-0400] {dagbag.py:541} INFO - Filling up the DagBag from /home/mnguyen0226/anaconda3/envs/learning_scraper/lib/python3.11/site-packages/airflow/example_dags/example_branch_datetime_operator.py
[2023-08-20T21:18:29.350-0400] {processor.py:836} INFO - DAG(s) dict_keys(['example_branch_datetime_operator_2', 'example_branch_datetime_operator', 'example_branch_datetime_operator_3']) retrieved from /home/mnguyen0226/anaconda3/envs/learning_scraper/lib/python3.11/site-packages/airflow/example_dags/example_branch_datetime_operator.py
[2023-08-20T21:18:29.384-0400] {logging_mixin.py:150} INFO - [2023-08-20T21:18:29.384-0400] {dag.py:2742} INFO - Sync 3 DAGs
[2023-08-20T21:18:29.404-0400] {logging_mixin.py:150} INFO - [2023-08-20T21:18:29.404-0400] {dag.py:3504} INFO - Setting next_dagrun for example_branch_datetime_operator to 2023-08-20T00:00:00+00:00, run_after=2023-08-21T00:00:00+00:00
[2023-08-20T21:18:29.407-0400] {logging_mixin.py:150} INFO - [2023-08-20T21:18:29.407-0400] {dag.py:3504} INFO - Setting next_dagrun for example_branch_datetime_operator_2 to 2023-08-20T00:00:00+00:00, run_after=2023-08-21T00:00:00+00:00
[2023-08-20T21:18:29.408-0400] {logging_mixin.py:150} INFO - [2023-08-20T21:18:29.408-0400] {dag.py:3504} INFO - Setting next_dagrun for example_branch_datetime_operator_3 to 2023-08-20T00:00:00+00:00, run_after=2023-08-21T00:00:00+00:00
[2023-08-20T21:18:29.429-0400] {processor.py:179} INFO - Processing /home/mnguyen0226/anaconda3/envs/learning_scraper/lib/python3.11/site-packages/airflow/example_dags/example_branch_datetime_operator.py took 0.094 seconds
[2023-08-20T21:19:25.857-0400] {processor.py:157} INFO - Started process (PID=87738) to work on /home/mnguyen0226/anaconda3/envs/learning_scraper/lib/python3.11/site-packages/airflow/example_dags/example_branch_datetime_operator.py
[2023-08-20T21:19:25.866-0400] {processor.py:826} INFO - Processing file /home/mnguyen0226/anaconda3/envs/learning_scraper/lib/python3.11/site-packages/airflow/example_dags/example_branch_datetime_operator.py for tasks to queue
[2023-08-20T21:19:25.868-0400] {logging_mixin.py:150} INFO - [2023-08-20T21:19:25.867-0400] {dagbag.py:541} INFO - Filling up the DagBag from /home/mnguyen0226/anaconda3/envs/learning_scraper/lib/python3.11/site-packages/airflow/example_dags/example_branch_datetime_operator.py
[2023-08-20T21:19:25.877-0400] {processor.py:836} INFO - DAG(s) dict_keys(['example_branch_datetime_operator', 'example_branch_datetime_operator_3', 'example_branch_datetime_operator_2']) retrieved from /home/mnguyen0226/anaconda3/envs/learning_scraper/lib/python3.11/site-packages/airflow/example_dags/example_branch_datetime_operator.py
[2023-08-20T21:19:25.898-0400] {logging_mixin.py:150} INFO - [2023-08-20T21:19:25.898-0400] {dag.py:2742} INFO - Sync 3 DAGs
[2023-08-20T21:19:25.915-0400] {logging_mixin.py:150} INFO - [2023-08-20T21:19:25.915-0400] {dag.py:3504} INFO - Setting next_dagrun for example_branch_datetime_operator to 2023-08-20T00:00:00+00:00, run_after=2023-08-21T00:00:00+00:00
[2023-08-20T21:19:25.919-0400] {logging_mixin.py:150} INFO - [2023-08-20T21:19:25.919-0400] {dag.py:3504} INFO - Setting next_dagrun for example_branch_datetime_operator_2 to 2023-08-20T00:00:00+00:00, run_after=2023-08-21T00:00:00+00:00
[2023-08-20T21:19:25.921-0400] {logging_mixin.py:150} INFO - [2023-08-20T21:19:25.921-0400] {dag.py:3504} INFO - Setting next_dagrun for example_branch_datetime_operator_3 to 2023-08-20T00:00:00+00:00, run_after=2023-08-21T00:00:00+00:00
[2023-08-20T21:19:25.943-0400] {processor.py:179} INFO - Processing /home/mnguyen0226/anaconda3/envs/learning_scraper/lib/python3.11/site-packages/airflow/example_dags/example_branch_datetime_operator.py took 0.089 seconds
[2023-08-20T21:20:16.819-0400] {processor.py:157} INFO - Started process (PID=88110) to work on /home/mnguyen0226/anaconda3/envs/learning_scraper/lib/python3.11/site-packages/airflow/example_dags/example_branch_datetime_operator.py
[2023-08-20T21:20:16.821-0400] {processor.py:826} INFO - Processing file /home/mnguyen0226/anaconda3/envs/learning_scraper/lib/python3.11/site-packages/airflow/example_dags/example_branch_datetime_operator.py for tasks to queue
[2023-08-20T21:20:16.822-0400] {logging_mixin.py:150} INFO - [2023-08-20T21:20:16.821-0400] {dagbag.py:541} INFO - Filling up the DagBag from /home/mnguyen0226/anaconda3/envs/learning_scraper/lib/python3.11/site-packages/airflow/example_dags/example_branch_datetime_operator.py
[2023-08-20T21:20:16.840-0400] {processor.py:836} INFO - DAG(s) dict_keys(['example_branch_datetime_operator', 'example_branch_datetime_operator_3', 'example_branch_datetime_operator_2']) retrieved from /home/mnguyen0226/anaconda3/envs/learning_scraper/lib/python3.11/site-packages/airflow/example_dags/example_branch_datetime_operator.py
[2023-08-20T21:20:16.879-0400] {logging_mixin.py:150} INFO - [2023-08-20T21:20:16.879-0400] {dag.py:2742} INFO - Sync 3 DAGs
[2023-08-20T21:20:16.917-0400] {logging_mixin.py:150} INFO - [2023-08-20T21:20:16.917-0400] {dag.py:3504} INFO - Setting next_dagrun for example_branch_datetime_operator to 2023-08-20T00:00:00+00:00, run_after=2023-08-21T00:00:00+00:00
[2023-08-20T21:20:16.924-0400] {logging_mixin.py:150} INFO - [2023-08-20T21:20:16.924-0400] {dag.py:3504} INFO - Setting next_dagrun for example_branch_datetime_operator_2 to 2023-08-20T00:00:00+00:00, run_after=2023-08-21T00:00:00+00:00
[2023-08-20T21:20:16.927-0400] {logging_mixin.py:150} INFO - [2023-08-20T21:20:16.927-0400] {dag.py:3504} INFO - Setting next_dagrun for example_branch_datetime_operator_3 to 2023-08-20T00:00:00+00:00, run_after=2023-08-21T00:00:00+00:00
[2023-08-20T21:20:16.961-0400] {processor.py:179} INFO - Processing /home/mnguyen0226/anaconda3/envs/learning_scraper/lib/python3.11/site-packages/airflow/example_dags/example_branch_datetime_operator.py took 0.147 seconds
[2023-08-20T21:21:09.901-0400] {processor.py:157} INFO - Started process (PID=88310) to work on /home/mnguyen0226/anaconda3/envs/learning_scraper/lib/python3.11/site-packages/airflow/example_dags/example_branch_datetime_operator.py
[2023-08-20T21:21:09.902-0400] {processor.py:826} INFO - Processing file /home/mnguyen0226/anaconda3/envs/learning_scraper/lib/python3.11/site-packages/airflow/example_dags/example_branch_datetime_operator.py for tasks to queue
[2023-08-20T21:21:09.904-0400] {logging_mixin.py:150} INFO - [2023-08-20T21:21:09.903-0400] {dagbag.py:541} INFO - Filling up the DagBag from /home/mnguyen0226/anaconda3/envs/learning_scraper/lib/python3.11/site-packages/airflow/example_dags/example_branch_datetime_operator.py
[2023-08-20T21:21:09.920-0400] {processor.py:836} INFO - DAG(s) dict_keys(['example_branch_datetime_operator_2', 'example_branch_datetime_operator', 'example_branch_datetime_operator_3']) retrieved from /home/mnguyen0226/anaconda3/envs/learning_scraper/lib/python3.11/site-packages/airflow/example_dags/example_branch_datetime_operator.py
[2023-08-20T21:21:09.942-0400] {logging_mixin.py:150} INFO - [2023-08-20T21:21:09.942-0400] {dag.py:2742} INFO - Sync 3 DAGs
[2023-08-20T21:21:09.958-0400] {logging_mixin.py:150} INFO - [2023-08-20T21:21:09.958-0400] {dag.py:3504} INFO - Setting next_dagrun for example_branch_datetime_operator to 2023-08-20T00:00:00+00:00, run_after=2023-08-21T00:00:00+00:00
[2023-08-20T21:21:09.961-0400] {logging_mixin.py:150} INFO - [2023-08-20T21:21:09.961-0400] {dag.py:3504} INFO - Setting next_dagrun for example_branch_datetime_operator_2 to 2023-08-20T00:00:00+00:00, run_after=2023-08-21T00:00:00+00:00
[2023-08-20T21:21:09.963-0400] {logging_mixin.py:150} INFO - [2023-08-20T21:21:09.963-0400] {dag.py:3504} INFO - Setting next_dagrun for example_branch_datetime_operator_3 to 2023-08-20T00:00:00+00:00, run_after=2023-08-21T00:00:00+00:00
[2023-08-20T21:21:09.986-0400] {processor.py:179} INFO - Processing /home/mnguyen0226/anaconda3/envs/learning_scraper/lib/python3.11/site-packages/airflow/example_dags/example_branch_datetime_operator.py took 0.090 seconds
