[2023-08-20T21:00:28.326-0400] {processor.py:157} INFO - Started process (PID=80452) to work on /home/mnguyen0226/anaconda3/envs/learning_scraper/lib/python3.11/site-packages/airflow/example_dags/example_datasets.py
[2023-08-20T21:00:28.328-0400] {processor.py:826} INFO - Processing file /home/mnguyen0226/anaconda3/envs/learning_scraper/lib/python3.11/site-packages/airflow/example_dags/example_datasets.py for tasks to queue
[2023-08-20T21:00:28.329-0400] {logging_mixin.py:150} INFO - [2023-08-20T21:00:28.328-0400] {dagbag.py:541} INFO - Filling up the DagBag from /home/mnguyen0226/anaconda3/envs/learning_scraper/lib/python3.11/site-packages/airflow/example_dags/example_datasets.py
[2023-08-20T21:00:28.348-0400] {processor.py:836} INFO - DAG(s) dict_keys(['dataset_produces_2', 'dataset_consumes_unknown_never_scheduled', 'dataset_consumes_1_and_2', 'dataset_consumes_1', 'dataset_consumes_1_never_scheduled', 'dataset_produces_1']) retrieved from /home/mnguyen0226/anaconda3/envs/learning_scraper/lib/python3.11/site-packages/airflow/example_dags/example_datasets.py
[2023-08-20T21:00:28.387-0400] {logging_mixin.py:150} INFO - [2023-08-20T21:00:28.386-0400] {dag.py:2742} INFO - Sync 6 DAGs
[2023-08-20T21:00:28.420-0400] {logging_mixin.py:150} INFO - [2023-08-20T21:00:28.419-0400] {dag.py:3504} INFO - Setting next_dagrun for dataset_consumes_1 to None, run_after=None
[2023-08-20T21:00:28.424-0400] {logging_mixin.py:150} INFO - [2023-08-20T21:00:28.424-0400] {dag.py:3504} INFO - Setting next_dagrun for dataset_consumes_1_and_2 to None, run_after=None
[2023-08-20T21:00:28.426-0400] {logging_mixin.py:150} INFO - [2023-08-20T21:00:28.426-0400] {dag.py:3504} INFO - Setting next_dagrun for dataset_consumes_1_never_scheduled to None, run_after=None
[2023-08-20T21:00:28.429-0400] {logging_mixin.py:150} INFO - [2023-08-20T21:00:28.429-0400] {dag.py:3504} INFO - Setting next_dagrun for dataset_consumes_unknown_never_scheduled to None, run_after=None
[2023-08-20T21:00:28.434-0400] {logging_mixin.py:150} INFO - [2023-08-20T21:00:28.434-0400] {dag.py:3504} INFO - Setting next_dagrun for dataset_produces_1 to 2023-08-20T00:00:00+00:00, run_after=2023-08-21T00:00:00+00:00
[2023-08-20T21:00:28.435-0400] {logging_mixin.py:150} INFO - [2023-08-20T21:00:28.435-0400] {dag.py:3504} INFO - Setting next_dagrun for dataset_produces_2 to None, run_after=None
[2023-08-20T21:00:28.520-0400] {processor.py:179} INFO - Processing /home/mnguyen0226/anaconda3/envs/learning_scraper/lib/python3.11/site-packages/airflow/example_dags/example_datasets.py took 0.199 seconds
[2023-08-20T21:01:14.707-0400] {processor.py:157} INFO - Started process (PID=80923) to work on /home/mnguyen0226/anaconda3/envs/learning_scraper/lib/python3.11/site-packages/airflow/example_dags/example_datasets.py
[2023-08-20T21:01:14.708-0400] {processor.py:826} INFO - Processing file /home/mnguyen0226/anaconda3/envs/learning_scraper/lib/python3.11/site-packages/airflow/example_dags/example_datasets.py for tasks to queue
[2023-08-20T21:01:14.710-0400] {logging_mixin.py:150} INFO - [2023-08-20T21:01:14.709-0400] {dagbag.py:541} INFO - Filling up the DagBag from /home/mnguyen0226/anaconda3/envs/learning_scraper/lib/python3.11/site-packages/airflow/example_dags/example_datasets.py
[2023-08-20T21:01:14.726-0400] {processor.py:836} INFO - DAG(s) dict_keys(['dataset_consumes_1', 'dataset_produces_2', 'dataset_produces_1', 'dataset_consumes_1_never_scheduled', 'dataset_consumes_1_and_2', 'dataset_consumes_unknown_never_scheduled']) retrieved from /home/mnguyen0226/anaconda3/envs/learning_scraper/lib/python3.11/site-packages/airflow/example_dags/example_datasets.py
[2023-08-20T21:01:14.757-0400] {logging_mixin.py:150} INFO - [2023-08-20T21:01:14.757-0400] {dag.py:2742} INFO - Sync 6 DAGs
[2023-08-20T21:01:14.772-0400] {logging_mixin.py:150} INFO - [2023-08-20T21:01:14.771-0400] {dag.py:3504} INFO - Setting next_dagrun for dataset_consumes_1 to None, run_after=None
[2023-08-20T21:01:14.774-0400] {logging_mixin.py:150} INFO - [2023-08-20T21:01:14.774-0400] {dag.py:3504} INFO - Setting next_dagrun for dataset_consumes_1_and_2 to None, run_after=None
[2023-08-20T21:01:14.775-0400] {logging_mixin.py:150} INFO - [2023-08-20T21:01:14.775-0400] {dag.py:3504} INFO - Setting next_dagrun for dataset_consumes_1_never_scheduled to None, run_after=None
[2023-08-20T21:01:14.776-0400] {logging_mixin.py:150} INFO - [2023-08-20T21:01:14.776-0400] {dag.py:3504} INFO - Setting next_dagrun for dataset_consumes_unknown_never_scheduled to None, run_after=None
[2023-08-20T21:01:14.778-0400] {logging_mixin.py:150} INFO - [2023-08-20T21:01:14.778-0400] {dag.py:3504} INFO - Setting next_dagrun for dataset_produces_1 to 2023-08-20T00:00:00+00:00, run_after=2023-08-21T00:00:00+00:00
[2023-08-20T21:01:14.779-0400] {logging_mixin.py:150} INFO - [2023-08-20T21:01:14.779-0400] {dag.py:3504} INFO - Setting next_dagrun for dataset_produces_2 to None, run_after=None
[2023-08-20T21:01:14.810-0400] {processor.py:179} INFO - Processing /home/mnguyen0226/anaconda3/envs/learning_scraper/lib/python3.11/site-packages/airflow/example_dags/example_datasets.py took 0.107 seconds
[2023-08-20T21:02:01.730-0400] {processor.py:157} INFO - Started process (PID=81188) to work on /home/mnguyen0226/anaconda3/envs/learning_scraper/lib/python3.11/site-packages/airflow/example_dags/example_datasets.py
[2023-08-20T21:02:01.730-0400] {processor.py:826} INFO - Processing file /home/mnguyen0226/anaconda3/envs/learning_scraper/lib/python3.11/site-packages/airflow/example_dags/example_datasets.py for tasks to queue
[2023-08-20T21:02:01.731-0400] {logging_mixin.py:150} INFO - [2023-08-20T21:02:01.730-0400] {dagbag.py:541} INFO - Filling up the DagBag from /home/mnguyen0226/anaconda3/envs/learning_scraper/lib/python3.11/site-packages/airflow/example_dags/example_datasets.py
[2023-08-20T21:02:01.739-0400] {processor.py:836} INFO - DAG(s) dict_keys(['dataset_produces_1', 'dataset_produces_2', 'dataset_consumes_unknown_never_scheduled', 'dataset_consumes_1_and_2', 'dataset_consumes_1', 'dataset_consumes_1_never_scheduled']) retrieved from /home/mnguyen0226/anaconda3/envs/learning_scraper/lib/python3.11/site-packages/airflow/example_dags/example_datasets.py
[2023-08-20T21:02:01.780-0400] {logging_mixin.py:150} INFO - [2023-08-20T21:02:01.779-0400] {dag.py:2742} INFO - Sync 6 DAGs
[2023-08-20T21:02:01.800-0400] {logging_mixin.py:150} INFO - [2023-08-20T21:02:01.800-0400] {dag.py:3504} INFO - Setting next_dagrun for dataset_consumes_1 to None, run_after=None
[2023-08-20T21:02:01.802-0400] {logging_mixin.py:150} INFO - [2023-08-20T21:02:01.802-0400] {dag.py:3504} INFO - Setting next_dagrun for dataset_consumes_1_and_2 to None, run_after=None
[2023-08-20T21:02:01.803-0400] {logging_mixin.py:150} INFO - [2023-08-20T21:02:01.803-0400] {dag.py:3504} INFO - Setting next_dagrun for dataset_consumes_1_never_scheduled to None, run_after=None
[2023-08-20T21:02:01.803-0400] {logging_mixin.py:150} INFO - [2023-08-20T21:02:01.803-0400] {dag.py:3504} INFO - Setting next_dagrun for dataset_consumes_unknown_never_scheduled to None, run_after=None
[2023-08-20T21:02:01.805-0400] {logging_mixin.py:150} INFO - [2023-08-20T21:02:01.805-0400] {dag.py:3504} INFO - Setting next_dagrun for dataset_produces_1 to 2023-08-20T00:00:00+00:00, run_after=2023-08-21T00:00:00+00:00
[2023-08-20T21:02:01.806-0400] {logging_mixin.py:150} INFO - [2023-08-20T21:02:01.806-0400] {dag.py:3504} INFO - Setting next_dagrun for dataset_produces_2 to None, run_after=None
[2023-08-20T21:02:01.832-0400] {processor.py:179} INFO - Processing /home/mnguyen0226/anaconda3/envs/learning_scraper/lib/python3.11/site-packages/airflow/example_dags/example_datasets.py took 0.105 seconds
[2023-08-20T21:03:27.532-0400] {processor.py:157} INFO - Started process (PID=81605) to work on /home/mnguyen0226/anaconda3/envs/learning_scraper/lib/python3.11/site-packages/airflow/example_dags/example_datasets.py
[2023-08-20T21:03:27.533-0400] {processor.py:826} INFO - Processing file /home/mnguyen0226/anaconda3/envs/learning_scraper/lib/python3.11/site-packages/airflow/example_dags/example_datasets.py for tasks to queue
[2023-08-20T21:03:27.534-0400] {logging_mixin.py:150} INFO - [2023-08-20T21:03:27.534-0400] {dagbag.py:541} INFO - Filling up the DagBag from /home/mnguyen0226/anaconda3/envs/learning_scraper/lib/python3.11/site-packages/airflow/example_dags/example_datasets.py
[2023-08-20T21:03:27.544-0400] {processor.py:836} INFO - DAG(s) dict_keys(['dataset_consumes_1_never_scheduled', 'dataset_consumes_unknown_never_scheduled', 'dataset_consumes_1', 'dataset_consumes_1_and_2', 'dataset_produces_1', 'dataset_produces_2']) retrieved from /home/mnguyen0226/anaconda3/envs/learning_scraper/lib/python3.11/site-packages/airflow/example_dags/example_datasets.py
[2023-08-20T21:03:27.567-0400] {logging_mixin.py:150} INFO - [2023-08-20T21:03:27.567-0400] {dag.py:2742} INFO - Sync 6 DAGs
[2023-08-20T21:03:27.583-0400] {logging_mixin.py:150} INFO - [2023-08-20T21:03:27.583-0400] {dag.py:3504} INFO - Setting next_dagrun for dataset_consumes_1 to None, run_after=None
[2023-08-20T21:03:27.586-0400] {logging_mixin.py:150} INFO - [2023-08-20T21:03:27.586-0400] {dag.py:3504} INFO - Setting next_dagrun for dataset_consumes_1_and_2 to None, run_after=None
[2023-08-20T21:03:27.587-0400] {logging_mixin.py:150} INFO - [2023-08-20T21:03:27.587-0400] {dag.py:3504} INFO - Setting next_dagrun for dataset_consumes_1_never_scheduled to None, run_after=None
[2023-08-20T21:03:27.588-0400] {logging_mixin.py:150} INFO - [2023-08-20T21:03:27.588-0400] {dag.py:3504} INFO - Setting next_dagrun for dataset_consumes_unknown_never_scheduled to None, run_after=None
[2023-08-20T21:03:27.590-0400] {logging_mixin.py:150} INFO - [2023-08-20T21:03:27.590-0400] {dag.py:3504} INFO - Setting next_dagrun for dataset_produces_1 to 2023-08-20T00:00:00+00:00, run_after=2023-08-21T00:00:00+00:00
[2023-08-20T21:03:27.591-0400] {logging_mixin.py:150} INFO - [2023-08-20T21:03:27.591-0400] {dag.py:3504} INFO - Setting next_dagrun for dataset_produces_2 to None, run_after=None
[2023-08-20T21:03:27.618-0400] {processor.py:179} INFO - Processing /home/mnguyen0226/anaconda3/envs/learning_scraper/lib/python3.11/site-packages/airflow/example_dags/example_datasets.py took 0.087 seconds
[2023-08-20T21:04:13.875-0400] {processor.py:157} INFO - Started process (PID=82991) to work on /home/mnguyen0226/anaconda3/envs/learning_scraper/lib/python3.11/site-packages/airflow/example_dags/example_datasets.py
[2023-08-20T21:04:13.876-0400] {processor.py:826} INFO - Processing file /home/mnguyen0226/anaconda3/envs/learning_scraper/lib/python3.11/site-packages/airflow/example_dags/example_datasets.py for tasks to queue
[2023-08-20T21:04:13.878-0400] {logging_mixin.py:150} INFO - [2023-08-20T21:04:13.877-0400] {dagbag.py:541} INFO - Filling up the DagBag from /home/mnguyen0226/anaconda3/envs/learning_scraper/lib/python3.11/site-packages/airflow/example_dags/example_datasets.py
[2023-08-20T21:04:13.893-0400] {processor.py:836} INFO - DAG(s) dict_keys(['dataset_consumes_1_never_scheduled', 'dataset_produces_1', 'dataset_consumes_unknown_never_scheduled', 'dataset_produces_2', 'dataset_consumes_1_and_2', 'dataset_consumes_1']) retrieved from /home/mnguyen0226/anaconda3/envs/learning_scraper/lib/python3.11/site-packages/airflow/example_dags/example_datasets.py
[2023-08-20T21:04:13.928-0400] {logging_mixin.py:150} INFO - [2023-08-20T21:04:13.928-0400] {dag.py:2742} INFO - Sync 6 DAGs
[2023-08-20T21:04:13.944-0400] {logging_mixin.py:150} INFO - [2023-08-20T21:04:13.944-0400] {dag.py:3504} INFO - Setting next_dagrun for dataset_consumes_1 to None, run_after=None
[2023-08-20T21:04:13.946-0400] {logging_mixin.py:150} INFO - [2023-08-20T21:04:13.946-0400] {dag.py:3504} INFO - Setting next_dagrun for dataset_consumes_1_and_2 to None, run_after=None
[2023-08-20T21:04:13.947-0400] {logging_mixin.py:150} INFO - [2023-08-20T21:04:13.947-0400] {dag.py:3504} INFO - Setting next_dagrun for dataset_consumes_1_never_scheduled to None, run_after=None
[2023-08-20T21:04:13.948-0400] {logging_mixin.py:150} INFO - [2023-08-20T21:04:13.948-0400] {dag.py:3504} INFO - Setting next_dagrun for dataset_consumes_unknown_never_scheduled to None, run_after=None
[2023-08-20T21:04:13.950-0400] {logging_mixin.py:150} INFO - [2023-08-20T21:04:13.950-0400] {dag.py:3504} INFO - Setting next_dagrun for dataset_produces_1 to 2023-08-20T00:00:00+00:00, run_after=2023-08-21T00:00:00+00:00
[2023-08-20T21:04:13.951-0400] {logging_mixin.py:150} INFO - [2023-08-20T21:04:13.951-0400] {dag.py:3504} INFO - Setting next_dagrun for dataset_produces_2 to None, run_after=None
[2023-08-20T21:04:13.981-0400] {processor.py:179} INFO - Processing /home/mnguyen0226/anaconda3/envs/learning_scraper/lib/python3.11/site-packages/airflow/example_dags/example_datasets.py took 0.111 seconds
[2023-08-20T21:05:02.398-0400] {processor.py:157} INFO - Started process (PID=83243) to work on /home/mnguyen0226/anaconda3/envs/learning_scraper/lib/python3.11/site-packages/airflow/example_dags/example_datasets.py
[2023-08-20T21:05:02.398-0400] {processor.py:826} INFO - Processing file /home/mnguyen0226/anaconda3/envs/learning_scraper/lib/python3.11/site-packages/airflow/example_dags/example_datasets.py for tasks to queue
[2023-08-20T21:05:02.399-0400] {logging_mixin.py:150} INFO - [2023-08-20T21:05:02.399-0400] {dagbag.py:541} INFO - Filling up the DagBag from /home/mnguyen0226/anaconda3/envs/learning_scraper/lib/python3.11/site-packages/airflow/example_dags/example_datasets.py
[2023-08-20T21:05:02.411-0400] {processor.py:836} INFO - DAG(s) dict_keys(['dataset_consumes_unknown_never_scheduled', 'dataset_consumes_1_and_2', 'dataset_consumes_1', 'dataset_consumes_1_never_scheduled', 'dataset_produces_1', 'dataset_produces_2']) retrieved from /home/mnguyen0226/anaconda3/envs/learning_scraper/lib/python3.11/site-packages/airflow/example_dags/example_datasets.py
[2023-08-20T21:05:02.441-0400] {logging_mixin.py:150} INFO - [2023-08-20T21:05:02.441-0400] {dag.py:2742} INFO - Sync 6 DAGs
[2023-08-20T21:05:02.463-0400] {logging_mixin.py:150} INFO - [2023-08-20T21:05:02.463-0400] {dag.py:3504} INFO - Setting next_dagrun for dataset_consumes_1 to None, run_after=None
[2023-08-20T21:05:02.467-0400] {logging_mixin.py:150} INFO - [2023-08-20T21:05:02.467-0400] {dag.py:3504} INFO - Setting next_dagrun for dataset_consumes_1_and_2 to None, run_after=None
[2023-08-20T21:05:02.468-0400] {logging_mixin.py:150} INFO - [2023-08-20T21:05:02.468-0400] {dag.py:3504} INFO - Setting next_dagrun for dataset_consumes_1_never_scheduled to None, run_after=None
[2023-08-20T21:05:02.469-0400] {logging_mixin.py:150} INFO - [2023-08-20T21:05:02.469-0400] {dag.py:3504} INFO - Setting next_dagrun for dataset_consumes_unknown_never_scheduled to None, run_after=None
[2023-08-20T21:05:02.472-0400] {logging_mixin.py:150} INFO - [2023-08-20T21:05:02.472-0400] {dag.py:3504} INFO - Setting next_dagrun for dataset_produces_1 to 2023-08-20T00:00:00+00:00, run_after=2023-08-21T00:00:00+00:00
[2023-08-20T21:05:02.474-0400] {logging_mixin.py:150} INFO - [2023-08-20T21:05:02.474-0400] {dag.py:3504} INFO - Setting next_dagrun for dataset_produces_2 to None, run_after=None
[2023-08-20T21:05:02.509-0400] {processor.py:179} INFO - Processing /home/mnguyen0226/anaconda3/envs/learning_scraper/lib/python3.11/site-packages/airflow/example_dags/example_datasets.py took 0.113 seconds
[2023-08-20T21:05:57.905-0400] {processor.py:157} INFO - Started process (PID=83490) to work on /home/mnguyen0226/anaconda3/envs/learning_scraper/lib/python3.11/site-packages/airflow/example_dags/example_datasets.py
[2023-08-20T21:05:57.915-0400] {processor.py:826} INFO - Processing file /home/mnguyen0226/anaconda3/envs/learning_scraper/lib/python3.11/site-packages/airflow/example_dags/example_datasets.py for tasks to queue
[2023-08-20T21:05:57.916-0400] {logging_mixin.py:150} INFO - [2023-08-20T21:05:57.916-0400] {dagbag.py:541} INFO - Filling up the DagBag from /home/mnguyen0226/anaconda3/envs/learning_scraper/lib/python3.11/site-packages/airflow/example_dags/example_datasets.py
[2023-08-20T21:05:57.933-0400] {processor.py:836} INFO - DAG(s) dict_keys(['dataset_consumes_1_never_scheduled', 'dataset_produces_1', 'dataset_consumes_1', 'dataset_produces_2', 'dataset_consumes_1_and_2', 'dataset_consumes_unknown_never_scheduled']) retrieved from /home/mnguyen0226/anaconda3/envs/learning_scraper/lib/python3.11/site-packages/airflow/example_dags/example_datasets.py
[2023-08-20T21:05:57.962-0400] {logging_mixin.py:150} INFO - [2023-08-20T21:05:57.962-0400] {dag.py:2742} INFO - Sync 6 DAGs
[2023-08-20T21:05:57.980-0400] {logging_mixin.py:150} INFO - [2023-08-20T21:05:57.979-0400] {dag.py:3504} INFO - Setting next_dagrun for dataset_consumes_1 to None, run_after=None
[2023-08-20T21:05:57.982-0400] {logging_mixin.py:150} INFO - [2023-08-20T21:05:57.982-0400] {dag.py:3504} INFO - Setting next_dagrun for dataset_consumes_1_and_2 to None, run_after=None
[2023-08-20T21:05:57.983-0400] {logging_mixin.py:150} INFO - [2023-08-20T21:05:57.983-0400] {dag.py:3504} INFO - Setting next_dagrun for dataset_consumes_1_never_scheduled to None, run_after=None
[2023-08-20T21:05:57.984-0400] {logging_mixin.py:150} INFO - [2023-08-20T21:05:57.984-0400] {dag.py:3504} INFO - Setting next_dagrun for dataset_consumes_unknown_never_scheduled to None, run_after=None
[2023-08-20T21:05:57.987-0400] {logging_mixin.py:150} INFO - [2023-08-20T21:05:57.987-0400] {dag.py:3504} INFO - Setting next_dagrun for dataset_produces_1 to 2023-08-20T00:00:00+00:00, run_after=2023-08-21T00:00:00+00:00
[2023-08-20T21:05:57.988-0400] {logging_mixin.py:150} INFO - [2023-08-20T21:05:57.987-0400] {dag.py:3504} INFO - Setting next_dagrun for dataset_produces_2 to None, run_after=None
[2023-08-20T21:05:58.018-0400] {processor.py:179} INFO - Processing /home/mnguyen0226/anaconda3/envs/learning_scraper/lib/python3.11/site-packages/airflow/example_dags/example_datasets.py took 0.116 seconds
[2023-08-20T21:06:56.084-0400] {processor.py:157} INFO - Started process (PID=83782) to work on /home/mnguyen0226/anaconda3/envs/learning_scraper/lib/python3.11/site-packages/airflow/example_dags/example_datasets.py
[2023-08-20T21:06:56.093-0400] {processor.py:826} INFO - Processing file /home/mnguyen0226/anaconda3/envs/learning_scraper/lib/python3.11/site-packages/airflow/example_dags/example_datasets.py for tasks to queue
[2023-08-20T21:06:56.094-0400] {logging_mixin.py:150} INFO - [2023-08-20T21:06:56.094-0400] {dagbag.py:541} INFO - Filling up the DagBag from /home/mnguyen0226/anaconda3/envs/learning_scraper/lib/python3.11/site-packages/airflow/example_dags/example_datasets.py
[2023-08-20T21:06:56.104-0400] {processor.py:836} INFO - DAG(s) dict_keys(['dataset_consumes_1_and_2', 'dataset_consumes_1_never_scheduled', 'dataset_produces_2', 'dataset_consumes_unknown_never_scheduled', 'dataset_consumes_1', 'dataset_produces_1']) retrieved from /home/mnguyen0226/anaconda3/envs/learning_scraper/lib/python3.11/site-packages/airflow/example_dags/example_datasets.py
[2023-08-20T21:06:56.127-0400] {logging_mixin.py:150} INFO - [2023-08-20T21:06:56.126-0400] {dag.py:2742} INFO - Sync 6 DAGs
[2023-08-20T21:06:56.244-0400] {logging_mixin.py:150} INFO - [2023-08-20T21:06:56.244-0400] {dag.py:3504} INFO - Setting next_dagrun for dataset_consumes_1 to None, run_after=None
[2023-08-20T21:06:56.246-0400] {logging_mixin.py:150} INFO - [2023-08-20T21:06:56.246-0400] {dag.py:3504} INFO - Setting next_dagrun for dataset_consumes_1_and_2 to None, run_after=None
[2023-08-20T21:06:56.247-0400] {logging_mixin.py:150} INFO - [2023-08-20T21:06:56.247-0400] {dag.py:3504} INFO - Setting next_dagrun for dataset_consumes_1_never_scheduled to None, run_after=None
[2023-08-20T21:06:56.248-0400] {logging_mixin.py:150} INFO - [2023-08-20T21:06:56.248-0400] {dag.py:3504} INFO - Setting next_dagrun for dataset_consumes_unknown_never_scheduled to None, run_after=None
[2023-08-20T21:06:56.250-0400] {logging_mixin.py:150} INFO - [2023-08-20T21:06:56.250-0400] {dag.py:3504} INFO - Setting next_dagrun for dataset_produces_1 to 2023-08-20T00:00:00+00:00, run_after=2023-08-21T00:00:00+00:00
[2023-08-20T21:06:56.251-0400] {logging_mixin.py:150} INFO - [2023-08-20T21:06:56.250-0400] {dag.py:3504} INFO - Setting next_dagrun for dataset_produces_2 to None, run_after=None
[2023-08-20T21:06:56.290-0400] {processor.py:179} INFO - Processing /home/mnguyen0226/anaconda3/envs/learning_scraper/lib/python3.11/site-packages/airflow/example_dags/example_datasets.py took 0.209 seconds
[2023-08-20T21:07:39.648-0400] {processor.py:157} INFO - Started process (PID=83923) to work on /home/mnguyen0226/anaconda3/envs/learning_scraper/lib/python3.11/site-packages/airflow/example_dags/example_datasets.py
[2023-08-20T21:07:39.658-0400] {processor.py:826} INFO - Processing file /home/mnguyen0226/anaconda3/envs/learning_scraper/lib/python3.11/site-packages/airflow/example_dags/example_datasets.py for tasks to queue
[2023-08-20T21:07:39.660-0400] {logging_mixin.py:150} INFO - [2023-08-20T21:07:39.659-0400] {dagbag.py:541} INFO - Filling up the DagBag from /home/mnguyen0226/anaconda3/envs/learning_scraper/lib/python3.11/site-packages/airflow/example_dags/example_datasets.py
[2023-08-20T21:07:39.676-0400] {processor.py:836} INFO - DAG(s) dict_keys(['dataset_produces_1', 'dataset_consumes_1', 'dataset_consumes_1_and_2', 'dataset_consumes_unknown_never_scheduled', 'dataset_consumes_1_never_scheduled', 'dataset_produces_2']) retrieved from /home/mnguyen0226/anaconda3/envs/learning_scraper/lib/python3.11/site-packages/airflow/example_dags/example_datasets.py
[2023-08-20T21:07:39.796-0400] {logging_mixin.py:150} INFO - [2023-08-20T21:07:39.796-0400] {dag.py:2742} INFO - Sync 6 DAGs
[2023-08-20T21:07:39.809-0400] {logging_mixin.py:150} INFO - [2023-08-20T21:07:39.809-0400] {dag.py:3504} INFO - Setting next_dagrun for dataset_consumes_1 to None, run_after=None
[2023-08-20T21:07:39.812-0400] {logging_mixin.py:150} INFO - [2023-08-20T21:07:39.812-0400] {dag.py:3504} INFO - Setting next_dagrun for dataset_consumes_1_and_2 to None, run_after=None
[2023-08-20T21:07:39.813-0400] {logging_mixin.py:150} INFO - [2023-08-20T21:07:39.812-0400] {dag.py:3504} INFO - Setting next_dagrun for dataset_consumes_1_never_scheduled to None, run_after=None
[2023-08-20T21:07:39.813-0400] {logging_mixin.py:150} INFO - [2023-08-20T21:07:39.813-0400] {dag.py:3504} INFO - Setting next_dagrun for dataset_consumes_unknown_never_scheduled to None, run_after=None
[2023-08-20T21:07:39.816-0400] {logging_mixin.py:150} INFO - [2023-08-20T21:07:39.815-0400] {dag.py:3504} INFO - Setting next_dagrun for dataset_produces_1 to 2023-08-20T00:00:00+00:00, run_after=2023-08-21T00:00:00+00:00
[2023-08-20T21:07:39.816-0400] {logging_mixin.py:150} INFO - [2023-08-20T21:07:39.816-0400] {dag.py:3504} INFO - Setting next_dagrun for dataset_produces_2 to None, run_after=None
[2023-08-20T21:07:39.852-0400] {processor.py:179} INFO - Processing /home/mnguyen0226/anaconda3/envs/learning_scraper/lib/python3.11/site-packages/airflow/example_dags/example_datasets.py took 0.208 seconds
[2023-08-20T21:08:18.425-0400] {processor.py:157} INFO - Started process (PID=84088) to work on /home/mnguyen0226/anaconda3/envs/learning_scraper/lib/python3.11/site-packages/airflow/example_dags/example_datasets.py
[2023-08-20T21:08:18.426-0400] {processor.py:826} INFO - Processing file /home/mnguyen0226/anaconda3/envs/learning_scraper/lib/python3.11/site-packages/airflow/example_dags/example_datasets.py for tasks to queue
[2023-08-20T21:08:18.427-0400] {logging_mixin.py:150} INFO - [2023-08-20T21:08:18.426-0400] {dagbag.py:541} INFO - Filling up the DagBag from /home/mnguyen0226/anaconda3/envs/learning_scraper/lib/python3.11/site-packages/airflow/example_dags/example_datasets.py
[2023-08-20T21:08:18.438-0400] {processor.py:836} INFO - DAG(s) dict_keys(['dataset_consumes_1', 'dataset_consumes_unknown_never_scheduled', 'dataset_produces_1', 'dataset_produces_2', 'dataset_consumes_1_and_2', 'dataset_consumes_1_never_scheduled']) retrieved from /home/mnguyen0226/anaconda3/envs/learning_scraper/lib/python3.11/site-packages/airflow/example_dags/example_datasets.py
[2023-08-20T21:08:18.477-0400] {logging_mixin.py:150} INFO - [2023-08-20T21:08:18.477-0400] {dag.py:2742} INFO - Sync 6 DAGs
[2023-08-20T21:08:18.496-0400] {logging_mixin.py:150} INFO - [2023-08-20T21:08:18.495-0400] {dag.py:3504} INFO - Setting next_dagrun for dataset_consumes_1 to None, run_after=None
[2023-08-20T21:08:18.498-0400] {logging_mixin.py:150} INFO - [2023-08-20T21:08:18.498-0400] {dag.py:3504} INFO - Setting next_dagrun for dataset_consumes_1_and_2 to None, run_after=None
[2023-08-20T21:08:18.499-0400] {logging_mixin.py:150} INFO - [2023-08-20T21:08:18.499-0400] {dag.py:3504} INFO - Setting next_dagrun for dataset_consumes_1_never_scheduled to None, run_after=None
[2023-08-20T21:08:18.500-0400] {logging_mixin.py:150} INFO - [2023-08-20T21:08:18.500-0400] {dag.py:3504} INFO - Setting next_dagrun for dataset_consumes_unknown_never_scheduled to None, run_after=None
[2023-08-20T21:08:18.502-0400] {logging_mixin.py:150} INFO - [2023-08-20T21:08:18.502-0400] {dag.py:3504} INFO - Setting next_dagrun for dataset_produces_1 to 2023-08-20T00:00:00+00:00, run_after=2023-08-21T00:00:00+00:00
[2023-08-20T21:08:18.503-0400] {logging_mixin.py:150} INFO - [2023-08-20T21:08:18.502-0400] {dag.py:3504} INFO - Setting next_dagrun for dataset_produces_2 to None, run_after=None
[2023-08-20T21:08:18.533-0400] {processor.py:179} INFO - Processing /home/mnguyen0226/anaconda3/envs/learning_scraper/lib/python3.11/site-packages/airflow/example_dags/example_datasets.py took 0.111 seconds
[2023-08-20T21:09:12.161-0400] {processor.py:157} INFO - Started process (PID=84348) to work on /home/mnguyen0226/anaconda3/envs/learning_scraper/lib/python3.11/site-packages/airflow/example_dags/example_datasets.py
[2023-08-20T21:09:12.162-0400] {processor.py:826} INFO - Processing file /home/mnguyen0226/anaconda3/envs/learning_scraper/lib/python3.11/site-packages/airflow/example_dags/example_datasets.py for tasks to queue
[2023-08-20T21:09:12.163-0400] {logging_mixin.py:150} INFO - [2023-08-20T21:09:12.163-0400] {dagbag.py:541} INFO - Filling up the DagBag from /home/mnguyen0226/anaconda3/envs/learning_scraper/lib/python3.11/site-packages/airflow/example_dags/example_datasets.py
[2023-08-20T21:09:12.178-0400] {processor.py:836} INFO - DAG(s) dict_keys(['dataset_consumes_1_never_scheduled', 'dataset_produces_2', 'dataset_consumes_1_and_2', 'dataset_consumes_1', 'dataset_consumes_unknown_never_scheduled', 'dataset_produces_1']) retrieved from /home/mnguyen0226/anaconda3/envs/learning_scraper/lib/python3.11/site-packages/airflow/example_dags/example_datasets.py
[2023-08-20T21:09:12.210-0400] {logging_mixin.py:150} INFO - [2023-08-20T21:09:12.210-0400] {dag.py:2742} INFO - Sync 6 DAGs
[2023-08-20T21:09:12.226-0400] {logging_mixin.py:150} INFO - [2023-08-20T21:09:12.225-0400] {dag.py:3504} INFO - Setting next_dagrun for dataset_consumes_1 to None, run_after=None
[2023-08-20T21:09:12.228-0400] {logging_mixin.py:150} INFO - [2023-08-20T21:09:12.228-0400] {dag.py:3504} INFO - Setting next_dagrun for dataset_consumes_1_and_2 to None, run_after=None
[2023-08-20T21:09:12.229-0400] {logging_mixin.py:150} INFO - [2023-08-20T21:09:12.229-0400] {dag.py:3504} INFO - Setting next_dagrun for dataset_consumes_1_never_scheduled to None, run_after=None
[2023-08-20T21:09:12.230-0400] {logging_mixin.py:150} INFO - [2023-08-20T21:09:12.230-0400] {dag.py:3504} INFO - Setting next_dagrun for dataset_consumes_unknown_never_scheduled to None, run_after=None
[2023-08-20T21:09:12.232-0400] {logging_mixin.py:150} INFO - [2023-08-20T21:09:12.232-0400] {dag.py:3504} INFO - Setting next_dagrun for dataset_produces_1 to 2023-08-20T00:00:00+00:00, run_after=2023-08-21T00:00:00+00:00
[2023-08-20T21:09:12.233-0400] {logging_mixin.py:150} INFO - [2023-08-20T21:09:12.233-0400] {dag.py:3504} INFO - Setting next_dagrun for dataset_produces_2 to None, run_after=None
[2023-08-20T21:09:12.261-0400] {processor.py:179} INFO - Processing /home/mnguyen0226/anaconda3/envs/learning_scraper/lib/python3.11/site-packages/airflow/example_dags/example_datasets.py took 0.105 seconds
[2023-08-20T21:10:07.965-0400] {processor.py:157} INFO - Started process (PID=84659) to work on /home/mnguyen0226/anaconda3/envs/learning_scraper/lib/python3.11/site-packages/airflow/example_dags/example_datasets.py
[2023-08-20T21:10:07.975-0400] {processor.py:826} INFO - Processing file /home/mnguyen0226/anaconda3/envs/learning_scraper/lib/python3.11/site-packages/airflow/example_dags/example_datasets.py for tasks to queue
[2023-08-20T21:10:07.976-0400] {logging_mixin.py:150} INFO - [2023-08-20T21:10:07.976-0400] {dagbag.py:541} INFO - Filling up the DagBag from /home/mnguyen0226/anaconda3/envs/learning_scraper/lib/python3.11/site-packages/airflow/example_dags/example_datasets.py
[2023-08-20T21:10:07.994-0400] {processor.py:836} INFO - DAG(s) dict_keys(['dataset_consumes_1', 'dataset_consumes_1_never_scheduled', 'dataset_produces_2', 'dataset_consumes_1_and_2', 'dataset_produces_1', 'dataset_consumes_unknown_never_scheduled']) retrieved from /home/mnguyen0226/anaconda3/envs/learning_scraper/lib/python3.11/site-packages/airflow/example_dags/example_datasets.py
[2023-08-20T21:10:08.039-0400] {logging_mixin.py:150} INFO - [2023-08-20T21:10:08.039-0400] {dag.py:2742} INFO - Sync 6 DAGs
[2023-08-20T21:10:08.062-0400] {logging_mixin.py:150} INFO - [2023-08-20T21:10:08.061-0400] {dag.py:3504} INFO - Setting next_dagrun for dataset_consumes_1 to None, run_after=None
[2023-08-20T21:10:08.064-0400] {logging_mixin.py:150} INFO - [2023-08-20T21:10:08.064-0400] {dag.py:3504} INFO - Setting next_dagrun for dataset_consumes_1_and_2 to None, run_after=None
[2023-08-20T21:10:08.065-0400] {logging_mixin.py:150} INFO - [2023-08-20T21:10:08.065-0400] {dag.py:3504} INFO - Setting next_dagrun for dataset_consumes_1_never_scheduled to None, run_after=None
[2023-08-20T21:10:08.066-0400] {logging_mixin.py:150} INFO - [2023-08-20T21:10:08.066-0400] {dag.py:3504} INFO - Setting next_dagrun for dataset_consumes_unknown_never_scheduled to None, run_after=None
[2023-08-20T21:10:08.069-0400] {logging_mixin.py:150} INFO - [2023-08-20T21:10:08.068-0400] {dag.py:3504} INFO - Setting next_dagrun for dataset_produces_1 to 2023-08-20T00:00:00+00:00, run_after=2023-08-21T00:00:00+00:00
[2023-08-20T21:10:08.071-0400] {logging_mixin.py:150} INFO - [2023-08-20T21:10:08.071-0400] {dag.py:3504} INFO - Setting next_dagrun for dataset_produces_2 to None, run_after=None
[2023-08-20T21:10:08.115-0400] {processor.py:179} INFO - Processing /home/mnguyen0226/anaconda3/envs/learning_scraper/lib/python3.11/site-packages/airflow/example_dags/example_datasets.py took 0.153 seconds
[2023-08-20T21:10:47.837-0400] {processor.py:157} INFO - Started process (PID=84814) to work on /home/mnguyen0226/anaconda3/envs/learning_scraper/lib/python3.11/site-packages/airflow/example_dags/example_datasets.py
[2023-08-20T21:10:47.848-0400] {processor.py:826} INFO - Processing file /home/mnguyen0226/anaconda3/envs/learning_scraper/lib/python3.11/site-packages/airflow/example_dags/example_datasets.py for tasks to queue
[2023-08-20T21:10:47.851-0400] {logging_mixin.py:150} INFO - [2023-08-20T21:10:47.850-0400] {dagbag.py:541} INFO - Filling up the DagBag from /home/mnguyen0226/anaconda3/envs/learning_scraper/lib/python3.11/site-packages/airflow/example_dags/example_datasets.py
[2023-08-20T21:10:47.874-0400] {processor.py:836} INFO - DAG(s) dict_keys(['dataset_consumes_1', 'dataset_produces_2', 'dataset_consumes_1_never_scheduled', 'dataset_consumes_1_and_2', 'dataset_consumes_unknown_never_scheduled', 'dataset_produces_1']) retrieved from /home/mnguyen0226/anaconda3/envs/learning_scraper/lib/python3.11/site-packages/airflow/example_dags/example_datasets.py
[2023-08-20T21:10:47.911-0400] {logging_mixin.py:150} INFO - [2023-08-20T21:10:47.911-0400] {dag.py:2742} INFO - Sync 6 DAGs
[2023-08-20T21:10:47.932-0400] {logging_mixin.py:150} INFO - [2023-08-20T21:10:47.932-0400] {dag.py:3504} INFO - Setting next_dagrun for dataset_consumes_1 to None, run_after=None
[2023-08-20T21:10:47.936-0400] {logging_mixin.py:150} INFO - [2023-08-20T21:10:47.935-0400] {dag.py:3504} INFO - Setting next_dagrun for dataset_consumes_1_and_2 to None, run_after=None
[2023-08-20T21:10:47.937-0400] {logging_mixin.py:150} INFO - [2023-08-20T21:10:47.937-0400] {dag.py:3504} INFO - Setting next_dagrun for dataset_consumes_1_never_scheduled to None, run_after=None
[2023-08-20T21:10:47.938-0400] {logging_mixin.py:150} INFO - [2023-08-20T21:10:47.938-0400] {dag.py:3504} INFO - Setting next_dagrun for dataset_consumes_unknown_never_scheduled to None, run_after=None
[2023-08-20T21:10:47.940-0400] {logging_mixin.py:150} INFO - [2023-08-20T21:10:47.940-0400] {dag.py:3504} INFO - Setting next_dagrun for dataset_produces_1 to 2023-08-20T00:00:00+00:00, run_after=2023-08-21T00:00:00+00:00
[2023-08-20T21:10:47.941-0400] {logging_mixin.py:150} INFO - [2023-08-20T21:10:47.941-0400] {dag.py:3504} INFO - Setting next_dagrun for dataset_produces_2 to None, run_after=None
[2023-08-20T21:10:47.974-0400] {processor.py:179} INFO - Processing /home/mnguyen0226/anaconda3/envs/learning_scraper/lib/python3.11/site-packages/airflow/example_dags/example_datasets.py took 0.142 seconds
[2023-08-20T21:11:39.062-0400] {processor.py:157} INFO - Started process (PID=85063) to work on /home/mnguyen0226/anaconda3/envs/learning_scraper/lib/python3.11/site-packages/airflow/example_dags/example_datasets.py
[2023-08-20T21:11:39.063-0400] {processor.py:826} INFO - Processing file /home/mnguyen0226/anaconda3/envs/learning_scraper/lib/python3.11/site-packages/airflow/example_dags/example_datasets.py for tasks to queue
[2023-08-20T21:11:39.065-0400] {logging_mixin.py:150} INFO - [2023-08-20T21:11:39.064-0400] {dagbag.py:541} INFO - Filling up the DagBag from /home/mnguyen0226/anaconda3/envs/learning_scraper/lib/python3.11/site-packages/airflow/example_dags/example_datasets.py
[2023-08-20T21:11:39.081-0400] {processor.py:836} INFO - DAG(s) dict_keys(['dataset_produces_2', 'dataset_consumes_1_and_2', 'dataset_consumes_unknown_never_scheduled', 'dataset_produces_1', 'dataset_consumes_1', 'dataset_consumes_1_never_scheduled']) retrieved from /home/mnguyen0226/anaconda3/envs/learning_scraper/lib/python3.11/site-packages/airflow/example_dags/example_datasets.py
[2023-08-20T21:11:39.129-0400] {logging_mixin.py:150} INFO - [2023-08-20T21:11:39.129-0400] {dag.py:2742} INFO - Sync 6 DAGs
[2023-08-20T21:11:39.163-0400] {logging_mixin.py:150} INFO - [2023-08-20T21:11:39.162-0400] {dag.py:3504} INFO - Setting next_dagrun for dataset_consumes_1 to None, run_after=None
[2023-08-20T21:11:39.167-0400] {logging_mixin.py:150} INFO - [2023-08-20T21:11:39.166-0400] {dag.py:3504} INFO - Setting next_dagrun for dataset_consumes_1_and_2 to None, run_after=None
[2023-08-20T21:11:39.168-0400] {logging_mixin.py:150} INFO - [2023-08-20T21:11:39.168-0400] {dag.py:3504} INFO - Setting next_dagrun for dataset_consumes_1_never_scheduled to None, run_after=None
[2023-08-20T21:11:39.169-0400] {logging_mixin.py:150} INFO - [2023-08-20T21:11:39.169-0400] {dag.py:3504} INFO - Setting next_dagrun for dataset_consumes_unknown_never_scheduled to None, run_after=None
[2023-08-20T21:11:39.172-0400] {logging_mixin.py:150} INFO - [2023-08-20T21:11:39.172-0400] {dag.py:3504} INFO - Setting next_dagrun for dataset_produces_1 to 2023-08-20T00:00:00+00:00, run_after=2023-08-21T00:00:00+00:00
[2023-08-20T21:11:39.174-0400] {logging_mixin.py:150} INFO - [2023-08-20T21:11:39.173-0400] {dag.py:3504} INFO - Setting next_dagrun for dataset_produces_2 to None, run_after=None
[2023-08-20T21:11:39.212-0400] {processor.py:179} INFO - Processing /home/mnguyen0226/anaconda3/envs/learning_scraper/lib/python3.11/site-packages/airflow/example_dags/example_datasets.py took 0.154 seconds
[2023-08-20T21:12:32.163-0400] {processor.py:157} INFO - Started process (PID=85454) to work on /home/mnguyen0226/anaconda3/envs/learning_scraper/lib/python3.11/site-packages/airflow/example_dags/example_datasets.py
[2023-08-20T21:12:32.163-0400] {processor.py:826} INFO - Processing file /home/mnguyen0226/anaconda3/envs/learning_scraper/lib/python3.11/site-packages/airflow/example_dags/example_datasets.py for tasks to queue
[2023-08-20T21:12:32.164-0400] {logging_mixin.py:150} INFO - [2023-08-20T21:12:32.164-0400] {dagbag.py:541} INFO - Filling up the DagBag from /home/mnguyen0226/anaconda3/envs/learning_scraper/lib/python3.11/site-packages/airflow/example_dags/example_datasets.py
[2023-08-20T21:12:32.172-0400] {processor.py:836} INFO - DAG(s) dict_keys(['dataset_consumes_1_never_scheduled', 'dataset_produces_2', 'dataset_consumes_unknown_never_scheduled', 'dataset_consumes_1_and_2', 'dataset_produces_1', 'dataset_consumes_1']) retrieved from /home/mnguyen0226/anaconda3/envs/learning_scraper/lib/python3.11/site-packages/airflow/example_dags/example_datasets.py
[2023-08-20T21:12:32.199-0400] {logging_mixin.py:150} INFO - [2023-08-20T21:12:32.199-0400] {dag.py:2742} INFO - Sync 6 DAGs
[2023-08-20T21:12:32.217-0400] {logging_mixin.py:150} INFO - [2023-08-20T21:12:32.217-0400] {dag.py:3504} INFO - Setting next_dagrun for dataset_consumes_1 to None, run_after=None
[2023-08-20T21:12:32.219-0400] {logging_mixin.py:150} INFO - [2023-08-20T21:12:32.219-0400] {dag.py:3504} INFO - Setting next_dagrun for dataset_consumes_1_and_2 to None, run_after=None
[2023-08-20T21:12:32.220-0400] {logging_mixin.py:150} INFO - [2023-08-20T21:12:32.220-0400] {dag.py:3504} INFO - Setting next_dagrun for dataset_consumes_1_never_scheduled to None, run_after=None
[2023-08-20T21:12:32.221-0400] {logging_mixin.py:150} INFO - [2023-08-20T21:12:32.221-0400] {dag.py:3504} INFO - Setting next_dagrun for dataset_consumes_unknown_never_scheduled to None, run_after=None
[2023-08-20T21:12:32.223-0400] {logging_mixin.py:150} INFO - [2023-08-20T21:12:32.223-0400] {dag.py:3504} INFO - Setting next_dagrun for dataset_produces_1 to 2023-08-20T00:00:00+00:00, run_after=2023-08-21T00:00:00+00:00
[2023-08-20T21:12:32.224-0400] {logging_mixin.py:150} INFO - [2023-08-20T21:12:32.224-0400] {dag.py:3504} INFO - Setting next_dagrun for dataset_produces_2 to None, run_after=None
[2023-08-20T21:12:32.264-0400] {processor.py:179} INFO - Processing /home/mnguyen0226/anaconda3/envs/learning_scraper/lib/python3.11/site-packages/airflow/example_dags/example_datasets.py took 0.103 seconds
[2023-08-20T21:13:11.266-0400] {processor.py:157} INFO - Started process (PID=85841) to work on /home/mnguyen0226/anaconda3/envs/learning_scraper/lib/python3.11/site-packages/airflow/example_dags/example_datasets.py
[2023-08-20T21:13:11.266-0400] {processor.py:826} INFO - Processing file /home/mnguyen0226/anaconda3/envs/learning_scraper/lib/python3.11/site-packages/airflow/example_dags/example_datasets.py for tasks to queue
[2023-08-20T21:13:11.267-0400] {logging_mixin.py:150} INFO - [2023-08-20T21:13:11.267-0400] {dagbag.py:541} INFO - Filling up the DagBag from /home/mnguyen0226/anaconda3/envs/learning_scraper/lib/python3.11/site-packages/airflow/example_dags/example_datasets.py
[2023-08-20T21:13:11.276-0400] {processor.py:836} INFO - DAG(s) dict_keys(['dataset_produces_2', 'dataset_produces_1', 'dataset_consumes_1_never_scheduled', 'dataset_consumes_unknown_never_scheduled', 'dataset_consumes_1_and_2', 'dataset_consumes_1']) retrieved from /home/mnguyen0226/anaconda3/envs/learning_scraper/lib/python3.11/site-packages/airflow/example_dags/example_datasets.py
[2023-08-20T21:13:11.298-0400] {logging_mixin.py:150} INFO - [2023-08-20T21:13:11.298-0400] {dag.py:2742} INFO - Sync 6 DAGs
[2023-08-20T21:13:11.320-0400] {logging_mixin.py:150} INFO - [2023-08-20T21:13:11.320-0400] {dag.py:3504} INFO - Setting next_dagrun for dataset_consumes_1 to None, run_after=None
[2023-08-20T21:13:11.323-0400] {logging_mixin.py:150} INFO - [2023-08-20T21:13:11.323-0400] {dag.py:3504} INFO - Setting next_dagrun for dataset_consumes_1_and_2 to None, run_after=None
[2023-08-20T21:13:11.324-0400] {logging_mixin.py:150} INFO - [2023-08-20T21:13:11.324-0400] {dag.py:3504} INFO - Setting next_dagrun for dataset_consumes_1_never_scheduled to None, run_after=None
[2023-08-20T21:13:11.326-0400] {logging_mixin.py:150} INFO - [2023-08-20T21:13:11.325-0400] {dag.py:3504} INFO - Setting next_dagrun for dataset_consumes_unknown_never_scheduled to None, run_after=None
[2023-08-20T21:13:11.328-0400] {logging_mixin.py:150} INFO - [2023-08-20T21:13:11.328-0400] {dag.py:3504} INFO - Setting next_dagrun for dataset_produces_1 to 2023-08-20T00:00:00+00:00, run_after=2023-08-21T00:00:00+00:00
[2023-08-20T21:13:11.329-0400] {logging_mixin.py:150} INFO - [2023-08-20T21:13:11.329-0400] {dag.py:3504} INFO - Setting next_dagrun for dataset_produces_2 to None, run_after=None
[2023-08-20T21:13:11.367-0400] {processor.py:179} INFO - Processing /home/mnguyen0226/anaconda3/envs/learning_scraper/lib/python3.11/site-packages/airflow/example_dags/example_datasets.py took 0.105 seconds
[2023-08-20T21:14:08.678-0400] {processor.py:157} INFO - Started process (PID=86079) to work on /home/mnguyen0226/anaconda3/envs/learning_scraper/lib/python3.11/site-packages/airflow/example_dags/example_datasets.py
[2023-08-20T21:14:08.679-0400] {processor.py:826} INFO - Processing file /home/mnguyen0226/anaconda3/envs/learning_scraper/lib/python3.11/site-packages/airflow/example_dags/example_datasets.py for tasks to queue
[2023-08-20T21:14:08.679-0400] {logging_mixin.py:150} INFO - [2023-08-20T21:14:08.679-0400] {dagbag.py:541} INFO - Filling up the DagBag from /home/mnguyen0226/anaconda3/envs/learning_scraper/lib/python3.11/site-packages/airflow/example_dags/example_datasets.py
[2023-08-20T21:14:08.687-0400] {processor.py:836} INFO - DAG(s) dict_keys(['dataset_produces_2', 'dataset_consumes_1_never_scheduled', 'dataset_produces_1', 'dataset_consumes_1', 'dataset_consumes_unknown_never_scheduled', 'dataset_consumes_1_and_2']) retrieved from /home/mnguyen0226/anaconda3/envs/learning_scraper/lib/python3.11/site-packages/airflow/example_dags/example_datasets.py
[2023-08-20T21:14:08.709-0400] {logging_mixin.py:150} INFO - [2023-08-20T21:14:08.709-0400] {dag.py:2742} INFO - Sync 6 DAGs
[2023-08-20T21:14:08.727-0400] {logging_mixin.py:150} INFO - [2023-08-20T21:14:08.727-0400] {dag.py:3504} INFO - Setting next_dagrun for dataset_consumes_1 to None, run_after=None
[2023-08-20T21:14:08.730-0400] {logging_mixin.py:150} INFO - [2023-08-20T21:14:08.730-0400] {dag.py:3504} INFO - Setting next_dagrun for dataset_consumes_1_and_2 to None, run_after=None
[2023-08-20T21:14:08.732-0400] {logging_mixin.py:150} INFO - [2023-08-20T21:14:08.731-0400] {dag.py:3504} INFO - Setting next_dagrun for dataset_consumes_1_never_scheduled to None, run_after=None
[2023-08-20T21:14:08.732-0400] {logging_mixin.py:150} INFO - [2023-08-20T21:14:08.732-0400] {dag.py:3504} INFO - Setting next_dagrun for dataset_consumes_unknown_never_scheduled to None, run_after=None
[2023-08-20T21:14:08.736-0400] {logging_mixin.py:150} INFO - [2023-08-20T21:14:08.736-0400] {dag.py:3504} INFO - Setting next_dagrun for dataset_produces_1 to 2023-08-20T00:00:00+00:00, run_after=2023-08-21T00:00:00+00:00
[2023-08-20T21:14:08.737-0400] {logging_mixin.py:150} INFO - [2023-08-20T21:14:08.737-0400] {dag.py:3504} INFO - Setting next_dagrun for dataset_produces_2 to None, run_after=None
[2023-08-20T21:14:08.788-0400] {processor.py:179} INFO - Processing /home/mnguyen0226/anaconda3/envs/learning_scraper/lib/python3.11/site-packages/airflow/example_dags/example_datasets.py took 0.113 seconds
[2023-08-20T21:14:47.511-0400] {processor.py:157} INFO - Started process (PID=86271) to work on /home/mnguyen0226/anaconda3/envs/learning_scraper/lib/python3.11/site-packages/airflow/example_dags/example_datasets.py
[2023-08-20T21:14:47.512-0400] {processor.py:826} INFO - Processing file /home/mnguyen0226/anaconda3/envs/learning_scraper/lib/python3.11/site-packages/airflow/example_dags/example_datasets.py for tasks to queue
[2023-08-20T21:14:47.514-0400] {logging_mixin.py:150} INFO - [2023-08-20T21:14:47.513-0400] {dagbag.py:541} INFO - Filling up the DagBag from /home/mnguyen0226/anaconda3/envs/learning_scraper/lib/python3.11/site-packages/airflow/example_dags/example_datasets.py
[2023-08-20T21:14:47.526-0400] {processor.py:836} INFO - DAG(s) dict_keys(['dataset_produces_2', 'dataset_consumes_unknown_never_scheduled', 'dataset_consumes_1', 'dataset_consumes_1_and_2', 'dataset_consumes_1_never_scheduled', 'dataset_produces_1']) retrieved from /home/mnguyen0226/anaconda3/envs/learning_scraper/lib/python3.11/site-packages/airflow/example_dags/example_datasets.py
[2023-08-20T21:14:47.549-0400] {logging_mixin.py:150} INFO - [2023-08-20T21:14:47.548-0400] {dag.py:2742} INFO - Sync 6 DAGs
[2023-08-20T21:14:47.565-0400] {logging_mixin.py:150} INFO - [2023-08-20T21:14:47.565-0400] {dag.py:3504} INFO - Setting next_dagrun for dataset_consumes_1 to None, run_after=None
[2023-08-20T21:14:47.567-0400] {logging_mixin.py:150} INFO - [2023-08-20T21:14:47.567-0400] {dag.py:3504} INFO - Setting next_dagrun for dataset_consumes_1_and_2 to None, run_after=None
[2023-08-20T21:14:47.568-0400] {logging_mixin.py:150} INFO - [2023-08-20T21:14:47.568-0400] {dag.py:3504} INFO - Setting next_dagrun for dataset_consumes_1_never_scheduled to None, run_after=None
[2023-08-20T21:14:47.569-0400] {logging_mixin.py:150} INFO - [2023-08-20T21:14:47.569-0400] {dag.py:3504} INFO - Setting next_dagrun for dataset_consumes_unknown_never_scheduled to None, run_after=None
[2023-08-20T21:14:47.571-0400] {logging_mixin.py:150} INFO - [2023-08-20T21:14:47.571-0400] {dag.py:3504} INFO - Setting next_dagrun for dataset_produces_1 to 2023-08-20T00:00:00+00:00, run_after=2023-08-21T00:00:00+00:00
[2023-08-20T21:14:47.572-0400] {logging_mixin.py:150} INFO - [2023-08-20T21:14:47.572-0400] {dag.py:3504} INFO - Setting next_dagrun for dataset_produces_2 to None, run_after=None
[2023-08-20T21:14:47.601-0400] {processor.py:179} INFO - Processing /home/mnguyen0226/anaconda3/envs/learning_scraper/lib/python3.11/site-packages/airflow/example_dags/example_datasets.py took 0.094 seconds
[2023-08-20T21:15:38.954-0400] {processor.py:157} INFO - Started process (PID=86401) to work on /home/mnguyen0226/anaconda3/envs/learning_scraper/lib/python3.11/site-packages/airflow/example_dags/example_datasets.py
[2023-08-20T21:15:38.954-0400] {processor.py:826} INFO - Processing file /home/mnguyen0226/anaconda3/envs/learning_scraper/lib/python3.11/site-packages/airflow/example_dags/example_datasets.py for tasks to queue
[2023-08-20T21:15:38.955-0400] {logging_mixin.py:150} INFO - [2023-08-20T21:15:38.955-0400] {dagbag.py:541} INFO - Filling up the DagBag from /home/mnguyen0226/anaconda3/envs/learning_scraper/lib/python3.11/site-packages/airflow/example_dags/example_datasets.py
[2023-08-20T21:15:38.962-0400] {processor.py:836} INFO - DAG(s) dict_keys(['dataset_consumes_unknown_never_scheduled', 'dataset_produces_2', 'dataset_consumes_1_never_scheduled', 'dataset_consumes_1_and_2', 'dataset_produces_1', 'dataset_consumes_1']) retrieved from /home/mnguyen0226/anaconda3/envs/learning_scraper/lib/python3.11/site-packages/airflow/example_dags/example_datasets.py
[2023-08-20T21:15:38.988-0400] {logging_mixin.py:150} INFO - [2023-08-20T21:15:38.988-0400] {dag.py:2742} INFO - Sync 6 DAGs
[2023-08-20T21:15:39.004-0400] {logging_mixin.py:150} INFO - [2023-08-20T21:15:39.004-0400] {dag.py:3504} INFO - Setting next_dagrun for dataset_consumes_1 to None, run_after=None
[2023-08-20T21:15:39.006-0400] {logging_mixin.py:150} INFO - [2023-08-20T21:15:39.006-0400] {dag.py:3504} INFO - Setting next_dagrun for dataset_consumes_1_and_2 to None, run_after=None
[2023-08-20T21:15:39.007-0400] {logging_mixin.py:150} INFO - [2023-08-20T21:15:39.007-0400] {dag.py:3504} INFO - Setting next_dagrun for dataset_consumes_1_never_scheduled to None, run_after=None
[2023-08-20T21:15:39.008-0400] {logging_mixin.py:150} INFO - [2023-08-20T21:15:39.008-0400] {dag.py:3504} INFO - Setting next_dagrun for dataset_consumes_unknown_never_scheduled to None, run_after=None
[2023-08-20T21:15:39.011-0400] {logging_mixin.py:150} INFO - [2023-08-20T21:15:39.010-0400] {dag.py:3504} INFO - Setting next_dagrun for dataset_produces_1 to 2023-08-20T00:00:00+00:00, run_after=2023-08-21T00:00:00+00:00
[2023-08-20T21:15:39.011-0400] {logging_mixin.py:150} INFO - [2023-08-20T21:15:39.011-0400] {dag.py:3504} INFO - Setting next_dagrun for dataset_produces_2 to None, run_after=None
[2023-08-20T21:15:39.041-0400] {processor.py:179} INFO - Processing /home/mnguyen0226/anaconda3/envs/learning_scraper/lib/python3.11/site-packages/airflow/example_dags/example_datasets.py took 0.089 seconds
[2023-08-20T21:16:32.641-0400] {processor.py:157} INFO - Started process (PID=86643) to work on /home/mnguyen0226/anaconda3/envs/learning_scraper/lib/python3.11/site-packages/airflow/example_dags/example_datasets.py
[2023-08-20T21:16:32.651-0400] {processor.py:826} INFO - Processing file /home/mnguyen0226/anaconda3/envs/learning_scraper/lib/python3.11/site-packages/airflow/example_dags/example_datasets.py for tasks to queue
[2023-08-20T21:16:32.653-0400] {logging_mixin.py:150} INFO - [2023-08-20T21:16:32.652-0400] {dagbag.py:541} INFO - Filling up the DagBag from /home/mnguyen0226/anaconda3/envs/learning_scraper/lib/python3.11/site-packages/airflow/example_dags/example_datasets.py
[2023-08-20T21:16:32.668-0400] {processor.py:836} INFO - DAG(s) dict_keys(['dataset_consumes_1', 'dataset_consumes_1_never_scheduled', 'dataset_consumes_1_and_2', 'dataset_produces_2', 'dataset_produces_1', 'dataset_consumes_unknown_never_scheduled']) retrieved from /home/mnguyen0226/anaconda3/envs/learning_scraper/lib/python3.11/site-packages/airflow/example_dags/example_datasets.py
[2023-08-20T21:16:32.707-0400] {logging_mixin.py:150} INFO - [2023-08-20T21:16:32.707-0400] {dag.py:2742} INFO - Sync 6 DAGs
[2023-08-20T21:16:32.725-0400] {logging_mixin.py:150} INFO - [2023-08-20T21:16:32.725-0400] {dag.py:3504} INFO - Setting next_dagrun for dataset_consumes_1 to None, run_after=None
[2023-08-20T21:16:32.728-0400] {logging_mixin.py:150} INFO - [2023-08-20T21:16:32.728-0400] {dag.py:3504} INFO - Setting next_dagrun for dataset_consumes_1_and_2 to None, run_after=None
[2023-08-20T21:16:32.729-0400] {logging_mixin.py:150} INFO - [2023-08-20T21:16:32.729-0400] {dag.py:3504} INFO - Setting next_dagrun for dataset_consumes_1_never_scheduled to None, run_after=None
[2023-08-20T21:16:32.730-0400] {logging_mixin.py:150} INFO - [2023-08-20T21:16:32.730-0400] {dag.py:3504} INFO - Setting next_dagrun for dataset_consumes_unknown_never_scheduled to None, run_after=None
[2023-08-20T21:16:32.733-0400] {logging_mixin.py:150} INFO - [2023-08-20T21:16:32.733-0400] {dag.py:3504} INFO - Setting next_dagrun for dataset_produces_1 to 2023-08-20T00:00:00+00:00, run_after=2023-08-21T00:00:00+00:00
[2023-08-20T21:16:32.734-0400] {logging_mixin.py:150} INFO - [2023-08-20T21:16:32.733-0400] {dag.py:3504} INFO - Setting next_dagrun for dataset_produces_2 to None, run_after=None
[2023-08-20T21:16:32.772-0400] {processor.py:179} INFO - Processing /home/mnguyen0226/anaconda3/envs/learning_scraper/lib/python3.11/site-packages/airflow/example_dags/example_datasets.py took 0.133 seconds
[2023-08-20T21:17:13.022-0400] {processor.py:157} INFO - Started process (PID=86980) to work on /home/mnguyen0226/anaconda3/envs/learning_scraper/lib/python3.11/site-packages/airflow/example_dags/example_datasets.py
[2023-08-20T21:17:13.023-0400] {processor.py:826} INFO - Processing file /home/mnguyen0226/anaconda3/envs/learning_scraper/lib/python3.11/site-packages/airflow/example_dags/example_datasets.py for tasks to queue
[2023-08-20T21:17:13.025-0400] {logging_mixin.py:150} INFO - [2023-08-20T21:17:13.024-0400] {dagbag.py:541} INFO - Filling up the DagBag from /home/mnguyen0226/anaconda3/envs/learning_scraper/lib/python3.11/site-packages/airflow/example_dags/example_datasets.py
[2023-08-20T21:17:13.036-0400] {processor.py:836} INFO - DAG(s) dict_keys(['dataset_produces_1', 'dataset_consumes_unknown_never_scheduled', 'dataset_produces_2', 'dataset_consumes_1_and_2', 'dataset_consumes_1', 'dataset_consumes_1_never_scheduled']) retrieved from /home/mnguyen0226/anaconda3/envs/learning_scraper/lib/python3.11/site-packages/airflow/example_dags/example_datasets.py
[2023-08-20T21:17:13.058-0400] {logging_mixin.py:150} INFO - [2023-08-20T21:17:13.057-0400] {dag.py:2742} INFO - Sync 6 DAGs
[2023-08-20T21:17:13.073-0400] {logging_mixin.py:150} INFO - [2023-08-20T21:17:13.073-0400] {dag.py:3504} INFO - Setting next_dagrun for dataset_consumes_1 to None, run_after=None
[2023-08-20T21:17:13.075-0400] {logging_mixin.py:150} INFO - [2023-08-20T21:17:13.075-0400] {dag.py:3504} INFO - Setting next_dagrun for dataset_consumes_1_and_2 to None, run_after=None
[2023-08-20T21:17:13.077-0400] {logging_mixin.py:150} INFO - [2023-08-20T21:17:13.077-0400] {dag.py:3504} INFO - Setting next_dagrun for dataset_consumes_1_never_scheduled to None, run_after=None
[2023-08-20T21:17:13.078-0400] {logging_mixin.py:150} INFO - [2023-08-20T21:17:13.078-0400] {dag.py:3504} INFO - Setting next_dagrun for dataset_consumes_unknown_never_scheduled to None, run_after=None
[2023-08-20T21:17:13.081-0400] {logging_mixin.py:150} INFO - [2023-08-20T21:17:13.081-0400] {dag.py:3504} INFO - Setting next_dagrun for dataset_produces_1 to 2023-08-20T00:00:00+00:00, run_after=2023-08-21T00:00:00+00:00
[2023-08-20T21:17:13.081-0400] {logging_mixin.py:150} INFO - [2023-08-20T21:17:13.081-0400] {dag.py:3504} INFO - Setting next_dagrun for dataset_produces_2 to None, run_after=None
[2023-08-20T21:17:13.109-0400] {processor.py:179} INFO - Processing /home/mnguyen0226/anaconda3/envs/learning_scraper/lib/python3.11/site-packages/airflow/example_dags/example_datasets.py took 0.090 seconds
[2023-08-20T21:18:04.154-0400] {processor.py:157} INFO - Started process (PID=87242) to work on /home/mnguyen0226/anaconda3/envs/learning_scraper/lib/python3.11/site-packages/airflow/example_dags/example_datasets.py
[2023-08-20T21:18:04.155-0400] {processor.py:826} INFO - Processing file /home/mnguyen0226/anaconda3/envs/learning_scraper/lib/python3.11/site-packages/airflow/example_dags/example_datasets.py for tasks to queue
[2023-08-20T21:18:04.156-0400] {logging_mixin.py:150} INFO - [2023-08-20T21:18:04.156-0400] {dagbag.py:541} INFO - Filling up the DagBag from /home/mnguyen0226/anaconda3/envs/learning_scraper/lib/python3.11/site-packages/airflow/example_dags/example_datasets.py
[2023-08-20T21:18:04.171-0400] {processor.py:836} INFO - DAG(s) dict_keys(['dataset_produces_1', 'dataset_consumes_1_never_scheduled', 'dataset_consumes_unknown_never_scheduled', 'dataset_produces_2', 'dataset_consumes_1_and_2', 'dataset_consumes_1']) retrieved from /home/mnguyen0226/anaconda3/envs/learning_scraper/lib/python3.11/site-packages/airflow/example_dags/example_datasets.py
[2023-08-20T21:18:04.216-0400] {logging_mixin.py:150} INFO - [2023-08-20T21:18:04.216-0400] {dag.py:2742} INFO - Sync 6 DAGs
[2023-08-20T21:18:04.239-0400] {logging_mixin.py:150} INFO - [2023-08-20T21:18:04.239-0400] {dag.py:3504} INFO - Setting next_dagrun for dataset_consumes_1 to None, run_after=None
[2023-08-20T21:18:04.241-0400] {logging_mixin.py:150} INFO - [2023-08-20T21:18:04.241-0400] {dag.py:3504} INFO - Setting next_dagrun for dataset_consumes_1_and_2 to None, run_after=None
[2023-08-20T21:18:04.242-0400] {logging_mixin.py:150} INFO - [2023-08-20T21:18:04.242-0400] {dag.py:3504} INFO - Setting next_dagrun for dataset_consumes_1_never_scheduled to None, run_after=None
[2023-08-20T21:18:04.242-0400] {logging_mixin.py:150} INFO - [2023-08-20T21:18:04.242-0400] {dag.py:3504} INFO - Setting next_dagrun for dataset_consumes_unknown_never_scheduled to None, run_after=None
[2023-08-20T21:18:04.244-0400] {logging_mixin.py:150} INFO - [2023-08-20T21:18:04.244-0400] {dag.py:3504} INFO - Setting next_dagrun for dataset_produces_1 to 2023-08-20T00:00:00+00:00, run_after=2023-08-21T00:00:00+00:00
[2023-08-20T21:18:04.244-0400] {logging_mixin.py:150} INFO - [2023-08-20T21:18:04.244-0400] {dag.py:3504} INFO - Setting next_dagrun for dataset_produces_2 to None, run_after=None
[2023-08-20T21:18:04.275-0400] {processor.py:179} INFO - Processing /home/mnguyen0226/anaconda3/envs/learning_scraper/lib/python3.11/site-packages/airflow/example_dags/example_datasets.py took 0.125 seconds
[2023-08-20T21:19:02.773-0400] {processor.py:157} INFO - Started process (PID=87492) to work on /home/mnguyen0226/anaconda3/envs/learning_scraper/lib/python3.11/site-packages/airflow/example_dags/example_datasets.py
[2023-08-20T21:19:02.783-0400] {processor.py:826} INFO - Processing file /home/mnguyen0226/anaconda3/envs/learning_scraper/lib/python3.11/site-packages/airflow/example_dags/example_datasets.py for tasks to queue
[2023-08-20T21:19:02.784-0400] {logging_mixin.py:150} INFO - [2023-08-20T21:19:02.784-0400] {dagbag.py:541} INFO - Filling up the DagBag from /home/mnguyen0226/anaconda3/envs/learning_scraper/lib/python3.11/site-packages/airflow/example_dags/example_datasets.py
[2023-08-20T21:19:02.799-0400] {processor.py:836} INFO - DAG(s) dict_keys(['dataset_produces_1', 'dataset_consumes_unknown_never_scheduled', 'dataset_produces_2', 'dataset_consumes_1_and_2', 'dataset_consumes_1', 'dataset_consumes_1_never_scheduled']) retrieved from /home/mnguyen0226/anaconda3/envs/learning_scraper/lib/python3.11/site-packages/airflow/example_dags/example_datasets.py
[2023-08-20T21:19:02.846-0400] {logging_mixin.py:150} INFO - [2023-08-20T21:19:02.846-0400] {dag.py:2742} INFO - Sync 6 DAGs
[2023-08-20T21:19:02.876-0400] {logging_mixin.py:150} INFO - [2023-08-20T21:19:02.875-0400] {dag.py:3504} INFO - Setting next_dagrun for dataset_consumes_1 to None, run_after=None
[2023-08-20T21:19:02.878-0400] {logging_mixin.py:150} INFO - [2023-08-20T21:19:02.878-0400] {dag.py:3504} INFO - Setting next_dagrun for dataset_consumes_1_and_2 to None, run_after=None
[2023-08-20T21:19:02.879-0400] {logging_mixin.py:150} INFO - [2023-08-20T21:19:02.879-0400] {dag.py:3504} INFO - Setting next_dagrun for dataset_consumes_1_never_scheduled to None, run_after=None
[2023-08-20T21:19:02.880-0400] {logging_mixin.py:150} INFO - [2023-08-20T21:19:02.880-0400] {dag.py:3504} INFO - Setting next_dagrun for dataset_consumes_unknown_never_scheduled to None, run_after=None
[2023-08-20T21:19:02.882-0400] {logging_mixin.py:150} INFO - [2023-08-20T21:19:02.882-0400] {dag.py:3504} INFO - Setting next_dagrun for dataset_produces_1 to 2023-08-20T00:00:00+00:00, run_after=2023-08-21T00:00:00+00:00
[2023-08-20T21:19:02.883-0400] {logging_mixin.py:150} INFO - [2023-08-20T21:19:02.882-0400] {dag.py:3504} INFO - Setting next_dagrun for dataset_produces_2 to None, run_after=None
[2023-08-20T21:19:02.920-0400] {processor.py:179} INFO - Processing /home/mnguyen0226/anaconda3/envs/learning_scraper/lib/python3.11/site-packages/airflow/example_dags/example_datasets.py took 0.152 seconds
[2023-08-20T21:19:54.588-0400] {processor.py:157} INFO - Started process (PID=87914) to work on /home/mnguyen0226/anaconda3/envs/learning_scraper/lib/python3.11/site-packages/airflow/example_dags/example_datasets.py
[2023-08-20T21:19:54.589-0400] {processor.py:826} INFO - Processing file /home/mnguyen0226/anaconda3/envs/learning_scraper/lib/python3.11/site-packages/airflow/example_dags/example_datasets.py for tasks to queue
[2023-08-20T21:19:54.591-0400] {logging_mixin.py:150} INFO - [2023-08-20T21:19:54.590-0400] {dagbag.py:541} INFO - Filling up the DagBag from /home/mnguyen0226/anaconda3/envs/learning_scraper/lib/python3.11/site-packages/airflow/example_dags/example_datasets.py
[2023-08-20T21:19:54.605-0400] {processor.py:836} INFO - DAG(s) dict_keys(['dataset_consumes_unknown_never_scheduled', 'dataset_produces_2', 'dataset_consumes_1_and_2', 'dataset_consumes_1', 'dataset_consumes_1_never_scheduled', 'dataset_produces_1']) retrieved from /home/mnguyen0226/anaconda3/envs/learning_scraper/lib/python3.11/site-packages/airflow/example_dags/example_datasets.py
[2023-08-20T21:19:54.630-0400] {logging_mixin.py:150} INFO - [2023-08-20T21:19:54.629-0400] {dag.py:2742} INFO - Sync 6 DAGs
[2023-08-20T21:19:54.645-0400] {logging_mixin.py:150} INFO - [2023-08-20T21:19:54.644-0400] {dag.py:3504} INFO - Setting next_dagrun for dataset_consumes_1 to None, run_after=None
[2023-08-20T21:19:54.647-0400] {logging_mixin.py:150} INFO - [2023-08-20T21:19:54.647-0400] {dag.py:3504} INFO - Setting next_dagrun for dataset_consumes_1_and_2 to None, run_after=None
[2023-08-20T21:19:54.648-0400] {logging_mixin.py:150} INFO - [2023-08-20T21:19:54.647-0400] {dag.py:3504} INFO - Setting next_dagrun for dataset_consumes_1_never_scheduled to None, run_after=None
[2023-08-20T21:19:54.648-0400] {logging_mixin.py:150} INFO - [2023-08-20T21:19:54.648-0400] {dag.py:3504} INFO - Setting next_dagrun for dataset_consumes_unknown_never_scheduled to None, run_after=None
[2023-08-20T21:19:54.651-0400] {logging_mixin.py:150} INFO - [2023-08-20T21:19:54.651-0400] {dag.py:3504} INFO - Setting next_dagrun for dataset_produces_1 to 2023-08-20T00:00:00+00:00, run_after=2023-08-21T00:00:00+00:00
[2023-08-20T21:19:54.652-0400] {logging_mixin.py:150} INFO - [2023-08-20T21:19:54.652-0400] {dag.py:3504} INFO - Setting next_dagrun for dataset_produces_2 to None, run_after=None
[2023-08-20T21:19:54.678-0400] {processor.py:179} INFO - Processing /home/mnguyen0226/anaconda3/envs/learning_scraper/lib/python3.11/site-packages/airflow/example_dags/example_datasets.py took 0.094 seconds
[2023-08-20T21:20:48.604-0400] {processor.py:157} INFO - Started process (PID=88257) to work on /home/mnguyen0226/anaconda3/envs/learning_scraper/lib/python3.11/site-packages/airflow/example_dags/example_datasets.py
[2023-08-20T21:20:48.605-0400] {processor.py:826} INFO - Processing file /home/mnguyen0226/anaconda3/envs/learning_scraper/lib/python3.11/site-packages/airflow/example_dags/example_datasets.py for tasks to queue
[2023-08-20T21:20:48.606-0400] {logging_mixin.py:150} INFO - [2023-08-20T21:20:48.606-0400] {dagbag.py:541} INFO - Filling up the DagBag from /home/mnguyen0226/anaconda3/envs/learning_scraper/lib/python3.11/site-packages/airflow/example_dags/example_datasets.py
[2023-08-20T21:20:48.622-0400] {processor.py:836} INFO - DAG(s) dict_keys(['dataset_produces_1', 'dataset_consumes_1', 'dataset_consumes_1_never_scheduled', 'dataset_produces_2', 'dataset_consumes_1_and_2', 'dataset_consumes_unknown_never_scheduled']) retrieved from /home/mnguyen0226/anaconda3/envs/learning_scraper/lib/python3.11/site-packages/airflow/example_dags/example_datasets.py
[2023-08-20T21:20:48.654-0400] {logging_mixin.py:150} INFO - [2023-08-20T21:20:48.654-0400] {dag.py:2742} INFO - Sync 6 DAGs
[2023-08-20T21:20:48.670-0400] {logging_mixin.py:150} INFO - [2023-08-20T21:20:48.670-0400] {dag.py:3504} INFO - Setting next_dagrun for dataset_consumes_1 to None, run_after=None
[2023-08-20T21:20:48.673-0400] {logging_mixin.py:150} INFO - [2023-08-20T21:20:48.673-0400] {dag.py:3504} INFO - Setting next_dagrun for dataset_consumes_1_and_2 to None, run_after=None
[2023-08-20T21:20:48.674-0400] {logging_mixin.py:150} INFO - [2023-08-20T21:20:48.674-0400] {dag.py:3504} INFO - Setting next_dagrun for dataset_consumes_1_never_scheduled to None, run_after=None
[2023-08-20T21:20:48.675-0400] {logging_mixin.py:150} INFO - [2023-08-20T21:20:48.675-0400] {dag.py:3504} INFO - Setting next_dagrun for dataset_consumes_unknown_never_scheduled to None, run_after=None
[2023-08-20T21:20:48.677-0400] {logging_mixin.py:150} INFO - [2023-08-20T21:20:48.677-0400] {dag.py:3504} INFO - Setting next_dagrun for dataset_produces_1 to 2023-08-20T00:00:00+00:00, run_after=2023-08-21T00:00:00+00:00
[2023-08-20T21:20:48.678-0400] {logging_mixin.py:150} INFO - [2023-08-20T21:20:48.678-0400] {dag.py:3504} INFO - Setting next_dagrun for dataset_produces_2 to None, run_after=None
[2023-08-20T21:20:48.706-0400] {processor.py:179} INFO - Processing /home/mnguyen0226/anaconda3/envs/learning_scraper/lib/python3.11/site-packages/airflow/example_dags/example_datasets.py took 0.107 seconds
