[2023-08-20T21:00:29.618-0400] {processor.py:157} INFO - Started process (PID=80456) to work on /home/mnguyen0226/anaconda3/envs/learning_scraper/lib/python3.11/site-packages/airflow/example_dags/example_dynamic_task_mapping_with_no_taskflow_operators.py
[2023-08-20T21:00:29.619-0400] {processor.py:826} INFO - Processing file /home/mnguyen0226/anaconda3/envs/learning_scraper/lib/python3.11/site-packages/airflow/example_dags/example_dynamic_task_mapping_with_no_taskflow_operators.py for tasks to queue
[2023-08-20T21:00:29.619-0400] {logging_mixin.py:150} INFO - [2023-08-20T21:00:29.619-0400] {dagbag.py:541} INFO - Filling up the DagBag from /home/mnguyen0226/anaconda3/envs/learning_scraper/lib/python3.11/site-packages/airflow/example_dags/example_dynamic_task_mapping_with_no_taskflow_operators.py
[2023-08-20T21:00:29.631-0400] {processor.py:836} INFO - DAG(s) dict_keys(['example_dynamic_task_mapping_with_no_taskflow_operators']) retrieved from /home/mnguyen0226/anaconda3/envs/learning_scraper/lib/python3.11/site-packages/airflow/example_dags/example_dynamic_task_mapping_with_no_taskflow_operators.py
[2023-08-20T21:00:29.652-0400] {logging_mixin.py:150} INFO - [2023-08-20T21:00:29.652-0400] {dag.py:2742} INFO - Sync 1 DAGs
[2023-08-20T21:00:29.677-0400] {logging_mixin.py:150} INFO - [2023-08-20T21:00:29.677-0400] {dag.py:3504} INFO - Setting next_dagrun for example_dynamic_task_mapping_with_no_taskflow_operators to 2023-08-20T01:00:29.676909+00:00, run_after=2023-08-21T01:00:29.676909+00:00
[2023-08-20T21:00:29.717-0400] {processor.py:179} INFO - Processing /home/mnguyen0226/anaconda3/envs/learning_scraper/lib/python3.11/site-packages/airflow/example_dags/example_dynamic_task_mapping_with_no_taskflow_operators.py took 0.101 seconds
[2023-08-20T21:01:15.279-0400] {processor.py:157} INFO - Started process (PID=80924) to work on /home/mnguyen0226/anaconda3/envs/learning_scraper/lib/python3.11/site-packages/airflow/example_dags/example_dynamic_task_mapping_with_no_taskflow_operators.py
[2023-08-20T21:01:15.280-0400] {processor.py:826} INFO - Processing file /home/mnguyen0226/anaconda3/envs/learning_scraper/lib/python3.11/site-packages/airflow/example_dags/example_dynamic_task_mapping_with_no_taskflow_operators.py for tasks to queue
[2023-08-20T21:01:15.281-0400] {logging_mixin.py:150} INFO - [2023-08-20T21:01:15.280-0400] {dagbag.py:541} INFO - Filling up the DagBag from /home/mnguyen0226/anaconda3/envs/learning_scraper/lib/python3.11/site-packages/airflow/example_dags/example_dynamic_task_mapping_with_no_taskflow_operators.py
[2023-08-20T21:01:15.286-0400] {processor.py:836} INFO - DAG(s) dict_keys(['example_dynamic_task_mapping_with_no_taskflow_operators']) retrieved from /home/mnguyen0226/anaconda3/envs/learning_scraper/lib/python3.11/site-packages/airflow/example_dags/example_dynamic_task_mapping_with_no_taskflow_operators.py
[2023-08-20T21:01:15.298-0400] {logging_mixin.py:150} INFO - [2023-08-20T21:01:15.298-0400] {dag.py:2742} INFO - Sync 1 DAGs
[2023-08-20T21:01:15.315-0400] {logging_mixin.py:150} INFO - [2023-08-20T21:01:15.315-0400] {dag.py:3504} INFO - Setting next_dagrun for example_dynamic_task_mapping_with_no_taskflow_operators to 2023-08-20T01:01:15.315594+00:00, run_after=2023-08-21T01:01:15.315594+00:00
[2023-08-20T21:01:15.343-0400] {processor.py:179} INFO - Processing /home/mnguyen0226/anaconda3/envs/learning_scraper/lib/python3.11/site-packages/airflow/example_dags/example_dynamic_task_mapping_with_no_taskflow_operators.py took 0.066 seconds
[2023-08-20T21:02:02.100-0400] {processor.py:157} INFO - Started process (PID=81192) to work on /home/mnguyen0226/anaconda3/envs/learning_scraper/lib/python3.11/site-packages/airflow/example_dags/example_dynamic_task_mapping_with_no_taskflow_operators.py
[2023-08-20T21:02:02.101-0400] {processor.py:826} INFO - Processing file /home/mnguyen0226/anaconda3/envs/learning_scraper/lib/python3.11/site-packages/airflow/example_dags/example_dynamic_task_mapping_with_no_taskflow_operators.py for tasks to queue
[2023-08-20T21:02:02.102-0400] {logging_mixin.py:150} INFO - [2023-08-20T21:02:02.102-0400] {dagbag.py:541} INFO - Filling up the DagBag from /home/mnguyen0226/anaconda3/envs/learning_scraper/lib/python3.11/site-packages/airflow/example_dags/example_dynamic_task_mapping_with_no_taskflow_operators.py
[2023-08-20T21:02:02.110-0400] {processor.py:836} INFO - DAG(s) dict_keys(['example_dynamic_task_mapping_with_no_taskflow_operators']) retrieved from /home/mnguyen0226/anaconda3/envs/learning_scraper/lib/python3.11/site-packages/airflow/example_dags/example_dynamic_task_mapping_with_no_taskflow_operators.py
[2023-08-20T21:02:02.122-0400] {logging_mixin.py:150} INFO - [2023-08-20T21:02:02.122-0400] {dag.py:2742} INFO - Sync 1 DAGs
[2023-08-20T21:02:02.135-0400] {logging_mixin.py:150} INFO - [2023-08-20T21:02:02.135-0400] {dag.py:3504} INFO - Setting next_dagrun for example_dynamic_task_mapping_with_no_taskflow_operators to 2023-08-20T01:02:02.135556+00:00, run_after=2023-08-21T01:02:02.135556+00:00
[2023-08-20T21:02:02.156-0400] {processor.py:179} INFO - Processing /home/mnguyen0226/anaconda3/envs/learning_scraper/lib/python3.11/site-packages/airflow/example_dags/example_dynamic_task_mapping_with_no_taskflow_operators.py took 0.060 seconds
[2023-08-20T21:03:27.677-0400] {processor.py:157} INFO - Started process (PID=81607) to work on /home/mnguyen0226/anaconda3/envs/learning_scraper/lib/python3.11/site-packages/airflow/example_dags/example_dynamic_task_mapping_with_no_taskflow_operators.py
[2023-08-20T21:03:27.678-0400] {processor.py:826} INFO - Processing file /home/mnguyen0226/anaconda3/envs/learning_scraper/lib/python3.11/site-packages/airflow/example_dags/example_dynamic_task_mapping_with_no_taskflow_operators.py for tasks to queue
[2023-08-20T21:03:27.679-0400] {logging_mixin.py:150} INFO - [2023-08-20T21:03:27.679-0400] {dagbag.py:541} INFO - Filling up the DagBag from /home/mnguyen0226/anaconda3/envs/learning_scraper/lib/python3.11/site-packages/airflow/example_dags/example_dynamic_task_mapping_with_no_taskflow_operators.py
[2023-08-20T21:03:27.689-0400] {processor.py:836} INFO - DAG(s) dict_keys(['example_dynamic_task_mapping_with_no_taskflow_operators']) retrieved from /home/mnguyen0226/anaconda3/envs/learning_scraper/lib/python3.11/site-packages/airflow/example_dags/example_dynamic_task_mapping_with_no_taskflow_operators.py
[2023-08-20T21:03:27.709-0400] {logging_mixin.py:150} INFO - [2023-08-20T21:03:27.708-0400] {dag.py:2742} INFO - Sync 1 DAGs
[2023-08-20T21:03:27.734-0400] {logging_mixin.py:150} INFO - [2023-08-20T21:03:27.734-0400] {dag.py:3504} INFO - Setting next_dagrun for example_dynamic_task_mapping_with_no_taskflow_operators to 2023-08-20T01:03:27.733819+00:00, run_after=2023-08-21T01:03:27.733819+00:00
[2023-08-20T21:03:27.773-0400] {processor.py:179} INFO - Processing /home/mnguyen0226/anaconda3/envs/learning_scraper/lib/python3.11/site-packages/airflow/example_dags/example_dynamic_task_mapping_with_no_taskflow_operators.py took 0.098 seconds
[2023-08-20T21:04:14.450-0400] {processor.py:157} INFO - Started process (PID=82992) to work on /home/mnguyen0226/anaconda3/envs/learning_scraper/lib/python3.11/site-packages/airflow/example_dags/example_dynamic_task_mapping_with_no_taskflow_operators.py
[2023-08-20T21:04:14.451-0400] {processor.py:826} INFO - Processing file /home/mnguyen0226/anaconda3/envs/learning_scraper/lib/python3.11/site-packages/airflow/example_dags/example_dynamic_task_mapping_with_no_taskflow_operators.py for tasks to queue
[2023-08-20T21:04:14.452-0400] {logging_mixin.py:150} INFO - [2023-08-20T21:04:14.451-0400] {dagbag.py:541} INFO - Filling up the DagBag from /home/mnguyen0226/anaconda3/envs/learning_scraper/lib/python3.11/site-packages/airflow/example_dags/example_dynamic_task_mapping_with_no_taskflow_operators.py
[2023-08-20T21:04:14.461-0400] {processor.py:836} INFO - DAG(s) dict_keys(['example_dynamic_task_mapping_with_no_taskflow_operators']) retrieved from /home/mnguyen0226/anaconda3/envs/learning_scraper/lib/python3.11/site-packages/airflow/example_dags/example_dynamic_task_mapping_with_no_taskflow_operators.py
[2023-08-20T21:04:14.481-0400] {logging_mixin.py:150} INFO - [2023-08-20T21:04:14.480-0400] {dag.py:2742} INFO - Sync 1 DAGs
[2023-08-20T21:04:14.506-0400] {logging_mixin.py:150} INFO - [2023-08-20T21:04:14.506-0400] {dag.py:3504} INFO - Setting next_dagrun for example_dynamic_task_mapping_with_no_taskflow_operators to 2023-08-20T01:04:14.505830+00:00, run_after=2023-08-21T01:04:14.505830+00:00
[2023-08-20T21:04:14.544-0400] {processor.py:179} INFO - Processing /home/mnguyen0226/anaconda3/envs/learning_scraper/lib/python3.11/site-packages/airflow/example_dags/example_dynamic_task_mapping_with_no_taskflow_operators.py took 0.097 seconds
[2023-08-20T21:05:03.658-0400] {processor.py:157} INFO - Started process (PID=83246) to work on /home/mnguyen0226/anaconda3/envs/learning_scraper/lib/python3.11/site-packages/airflow/example_dags/example_dynamic_task_mapping_with_no_taskflow_operators.py
[2023-08-20T21:05:03.660-0400] {processor.py:826} INFO - Processing file /home/mnguyen0226/anaconda3/envs/learning_scraper/lib/python3.11/site-packages/airflow/example_dags/example_dynamic_task_mapping_with_no_taskflow_operators.py for tasks to queue
[2023-08-20T21:05:03.661-0400] {logging_mixin.py:150} INFO - [2023-08-20T21:05:03.661-0400] {dagbag.py:541} INFO - Filling up the DagBag from /home/mnguyen0226/anaconda3/envs/learning_scraper/lib/python3.11/site-packages/airflow/example_dags/example_dynamic_task_mapping_with_no_taskflow_operators.py
[2023-08-20T21:05:03.675-0400] {processor.py:836} INFO - DAG(s) dict_keys(['example_dynamic_task_mapping_with_no_taskflow_operators']) retrieved from /home/mnguyen0226/anaconda3/envs/learning_scraper/lib/python3.11/site-packages/airflow/example_dags/example_dynamic_task_mapping_with_no_taskflow_operators.py
[2023-08-20T21:05:03.701-0400] {logging_mixin.py:150} INFO - [2023-08-20T21:05:03.701-0400] {dag.py:2742} INFO - Sync 1 DAGs
[2023-08-20T21:05:03.738-0400] {logging_mixin.py:150} INFO - [2023-08-20T21:05:03.738-0400] {dag.py:3504} INFO - Setting next_dagrun for example_dynamic_task_mapping_with_no_taskflow_operators to 2023-08-20T01:05:03.737687+00:00, run_after=2023-08-21T01:05:03.737687+00:00
[2023-08-20T21:05:03.776-0400] {processor.py:179} INFO - Processing /home/mnguyen0226/anaconda3/envs/learning_scraper/lib/python3.11/site-packages/airflow/example_dags/example_dynamic_task_mapping_with_no_taskflow_operators.py took 0.122 seconds
[2023-08-20T21:05:58.215-0400] {processor.py:157} INFO - Started process (PID=83491) to work on /home/mnguyen0226/anaconda3/envs/learning_scraper/lib/python3.11/site-packages/airflow/example_dags/example_dynamic_task_mapping_with_no_taskflow_operators.py
[2023-08-20T21:05:58.216-0400] {processor.py:826} INFO - Processing file /home/mnguyen0226/anaconda3/envs/learning_scraper/lib/python3.11/site-packages/airflow/example_dags/example_dynamic_task_mapping_with_no_taskflow_operators.py for tasks to queue
[2023-08-20T21:05:58.217-0400] {logging_mixin.py:150} INFO - [2023-08-20T21:05:58.217-0400] {dagbag.py:541} INFO - Filling up the DagBag from /home/mnguyen0226/anaconda3/envs/learning_scraper/lib/python3.11/site-packages/airflow/example_dags/example_dynamic_task_mapping_with_no_taskflow_operators.py
[2023-08-20T21:05:58.224-0400] {processor.py:836} INFO - DAG(s) dict_keys(['example_dynamic_task_mapping_with_no_taskflow_operators']) retrieved from /home/mnguyen0226/anaconda3/envs/learning_scraper/lib/python3.11/site-packages/airflow/example_dags/example_dynamic_task_mapping_with_no_taskflow_operators.py
[2023-08-20T21:05:58.243-0400] {logging_mixin.py:150} INFO - [2023-08-20T21:05:58.243-0400] {dag.py:2742} INFO - Sync 1 DAGs
[2023-08-20T21:05:58.273-0400] {logging_mixin.py:150} INFO - [2023-08-20T21:05:58.273-0400] {dag.py:3504} INFO - Setting next_dagrun for example_dynamic_task_mapping_with_no_taskflow_operators to 2023-08-20T01:05:58.273210+00:00, run_after=2023-08-21T01:05:58.273210+00:00
[2023-08-20T21:05:58.305-0400] {processor.py:179} INFO - Processing /home/mnguyen0226/anaconda3/envs/learning_scraper/lib/python3.11/site-packages/airflow/example_dags/example_dynamic_task_mapping_with_no_taskflow_operators.py took 0.092 seconds
[2023-08-20T21:06:57.454-0400] {processor.py:157} INFO - Started process (PID=83783) to work on /home/mnguyen0226/anaconda3/envs/learning_scraper/lib/python3.11/site-packages/airflow/example_dags/example_dynamic_task_mapping_with_no_taskflow_operators.py
[2023-08-20T21:06:57.463-0400] {processor.py:826} INFO - Processing file /home/mnguyen0226/anaconda3/envs/learning_scraper/lib/python3.11/site-packages/airflow/example_dags/example_dynamic_task_mapping_with_no_taskflow_operators.py for tasks to queue
[2023-08-20T21:06:57.464-0400] {logging_mixin.py:150} INFO - [2023-08-20T21:06:57.464-0400] {dagbag.py:541} INFO - Filling up the DagBag from /home/mnguyen0226/anaconda3/envs/learning_scraper/lib/python3.11/site-packages/airflow/example_dags/example_dynamic_task_mapping_with_no_taskflow_operators.py
[2023-08-20T21:06:57.472-0400] {processor.py:836} INFO - DAG(s) dict_keys(['example_dynamic_task_mapping_with_no_taskflow_operators']) retrieved from /home/mnguyen0226/anaconda3/envs/learning_scraper/lib/python3.11/site-packages/airflow/example_dags/example_dynamic_task_mapping_with_no_taskflow_operators.py
[2023-08-20T21:06:57.488-0400] {logging_mixin.py:150} INFO - [2023-08-20T21:06:57.487-0400] {dag.py:2742} INFO - Sync 1 DAGs
[2023-08-20T21:06:57.609-0400] {logging_mixin.py:150} INFO - [2023-08-20T21:06:57.609-0400] {dag.py:3504} INFO - Setting next_dagrun for example_dynamic_task_mapping_with_no_taskflow_operators to 2023-08-20T01:06:57.609165+00:00, run_after=2023-08-21T01:06:57.609165+00:00
[2023-08-20T21:06:57.645-0400] {processor.py:179} INFO - Processing /home/mnguyen0226/anaconda3/envs/learning_scraper/lib/python3.11/site-packages/airflow/example_dags/example_dynamic_task_mapping_with_no_taskflow_operators.py took 0.195 seconds
[2023-08-20T21:07:41.001-0400] {processor.py:157} INFO - Started process (PID=83949) to work on /home/mnguyen0226/anaconda3/envs/learning_scraper/lib/python3.11/site-packages/airflow/example_dags/example_dynamic_task_mapping_with_no_taskflow_operators.py
[2023-08-20T21:07:41.010-0400] {processor.py:826} INFO - Processing file /home/mnguyen0226/anaconda3/envs/learning_scraper/lib/python3.11/site-packages/airflow/example_dags/example_dynamic_task_mapping_with_no_taskflow_operators.py for tasks to queue
[2023-08-20T21:07:41.012-0400] {logging_mixin.py:150} INFO - [2023-08-20T21:07:41.011-0400] {dagbag.py:541} INFO - Filling up the DagBag from /home/mnguyen0226/anaconda3/envs/learning_scraper/lib/python3.11/site-packages/airflow/example_dags/example_dynamic_task_mapping_with_no_taskflow_operators.py
[2023-08-20T21:07:41.024-0400] {processor.py:836} INFO - DAG(s) dict_keys(['example_dynamic_task_mapping_with_no_taskflow_operators']) retrieved from /home/mnguyen0226/anaconda3/envs/learning_scraper/lib/python3.11/site-packages/airflow/example_dags/example_dynamic_task_mapping_with_no_taskflow_operators.py
[2023-08-20T21:07:41.155-0400] {logging_mixin.py:150} INFO - [2023-08-20T21:07:41.155-0400] {dag.py:2742} INFO - Sync 1 DAGs
[2023-08-20T21:07:41.168-0400] {logging_mixin.py:150} INFO - [2023-08-20T21:07:41.168-0400] {dag.py:3504} INFO - Setting next_dagrun for example_dynamic_task_mapping_with_no_taskflow_operators to 2023-08-20T01:07:41.168461+00:00, run_after=2023-08-21T01:07:41.168461+00:00
[2023-08-20T21:07:41.207-0400] {processor.py:179} INFO - Processing /home/mnguyen0226/anaconda3/envs/learning_scraper/lib/python3.11/site-packages/airflow/example_dags/example_dynamic_task_mapping_with_no_taskflow_operators.py took 0.210 seconds
[2023-08-20T21:08:19.690-0400] {processor.py:157} INFO - Started process (PID=84090) to work on /home/mnguyen0226/anaconda3/envs/learning_scraper/lib/python3.11/site-packages/airflow/example_dags/example_dynamic_task_mapping_with_no_taskflow_operators.py
[2023-08-20T21:08:19.699-0400] {processor.py:826} INFO - Processing file /home/mnguyen0226/anaconda3/envs/learning_scraper/lib/python3.11/site-packages/airflow/example_dags/example_dynamic_task_mapping_with_no_taskflow_operators.py for tasks to queue
[2023-08-20T21:08:19.702-0400] {logging_mixin.py:150} INFO - [2023-08-20T21:08:19.701-0400] {dagbag.py:541} INFO - Filling up the DagBag from /home/mnguyen0226/anaconda3/envs/learning_scraper/lib/python3.11/site-packages/airflow/example_dags/example_dynamic_task_mapping_with_no_taskflow_operators.py
[2023-08-20T21:08:19.715-0400] {processor.py:836} INFO - DAG(s) dict_keys(['example_dynamic_task_mapping_with_no_taskflow_operators']) retrieved from /home/mnguyen0226/anaconda3/envs/learning_scraper/lib/python3.11/site-packages/airflow/example_dags/example_dynamic_task_mapping_with_no_taskflow_operators.py
[2023-08-20T21:08:19.742-0400] {logging_mixin.py:150} INFO - [2023-08-20T21:08:19.742-0400] {dag.py:2742} INFO - Sync 1 DAGs
[2023-08-20T21:08:19.777-0400] {logging_mixin.py:150} INFO - [2023-08-20T21:08:19.776-0400] {dag.py:3504} INFO - Setting next_dagrun for example_dynamic_task_mapping_with_no_taskflow_operators to 2023-08-20T01:08:19.776559+00:00, run_after=2023-08-21T01:08:19.776559+00:00
[2023-08-20T21:08:19.807-0400] {processor.py:179} INFO - Processing /home/mnguyen0226/anaconda3/envs/learning_scraper/lib/python3.11/site-packages/airflow/example_dags/example_dynamic_task_mapping_with_no_taskflow_operators.py took 0.123 seconds
[2023-08-20T21:09:13.443-0400] {processor.py:157} INFO - Started process (PID=84350) to work on /home/mnguyen0226/anaconda3/envs/learning_scraper/lib/python3.11/site-packages/airflow/example_dags/example_dynamic_task_mapping_with_no_taskflow_operators.py
[2023-08-20T21:09:13.444-0400] {processor.py:826} INFO - Processing file /home/mnguyen0226/anaconda3/envs/learning_scraper/lib/python3.11/site-packages/airflow/example_dags/example_dynamic_task_mapping_with_no_taskflow_operators.py for tasks to queue
[2023-08-20T21:09:13.445-0400] {logging_mixin.py:150} INFO - [2023-08-20T21:09:13.444-0400] {dagbag.py:541} INFO - Filling up the DagBag from /home/mnguyen0226/anaconda3/envs/learning_scraper/lib/python3.11/site-packages/airflow/example_dags/example_dynamic_task_mapping_with_no_taskflow_operators.py
[2023-08-20T21:09:13.457-0400] {processor.py:836} INFO - DAG(s) dict_keys(['example_dynamic_task_mapping_with_no_taskflow_operators']) retrieved from /home/mnguyen0226/anaconda3/envs/learning_scraper/lib/python3.11/site-packages/airflow/example_dags/example_dynamic_task_mapping_with_no_taskflow_operators.py
[2023-08-20T21:09:13.488-0400] {logging_mixin.py:150} INFO - [2023-08-20T21:09:13.488-0400] {dag.py:2742} INFO - Sync 1 DAGs
[2023-08-20T21:09:13.521-0400] {logging_mixin.py:150} INFO - [2023-08-20T21:09:13.521-0400] {dag.py:3504} INFO - Setting next_dagrun for example_dynamic_task_mapping_with_no_taskflow_operators to 2023-08-20T01:09:13.521203+00:00, run_after=2023-08-21T01:09:13.521203+00:00
[2023-08-20T21:09:13.551-0400] {processor.py:179} INFO - Processing /home/mnguyen0226/anaconda3/envs/learning_scraper/lib/python3.11/site-packages/airflow/example_dags/example_dynamic_task_mapping_with_no_taskflow_operators.py took 0.111 seconds
[2023-08-20T21:10:09.220-0400] {processor.py:157} INFO - Started process (PID=84675) to work on /home/mnguyen0226/anaconda3/envs/learning_scraper/lib/python3.11/site-packages/airflow/example_dags/example_dynamic_task_mapping_with_no_taskflow_operators.py
[2023-08-20T21:10:09.229-0400] {processor.py:826} INFO - Processing file /home/mnguyen0226/anaconda3/envs/learning_scraper/lib/python3.11/site-packages/airflow/example_dags/example_dynamic_task_mapping_with_no_taskflow_operators.py for tasks to queue
[2023-08-20T21:10:09.231-0400] {logging_mixin.py:150} INFO - [2023-08-20T21:10:09.230-0400] {dagbag.py:541} INFO - Filling up the DagBag from /home/mnguyen0226/anaconda3/envs/learning_scraper/lib/python3.11/site-packages/airflow/example_dags/example_dynamic_task_mapping_with_no_taskflow_operators.py
[2023-08-20T21:10:09.238-0400] {processor.py:836} INFO - DAG(s) dict_keys(['example_dynamic_task_mapping_with_no_taskflow_operators']) retrieved from /home/mnguyen0226/anaconda3/envs/learning_scraper/lib/python3.11/site-packages/airflow/example_dags/example_dynamic_task_mapping_with_no_taskflow_operators.py
[2023-08-20T21:10:09.253-0400] {logging_mixin.py:150} INFO - [2023-08-20T21:10:09.252-0400] {dag.py:2742} INFO - Sync 1 DAGs
[2023-08-20T21:10:09.277-0400] {logging_mixin.py:150} INFO - [2023-08-20T21:10:09.276-0400] {dag.py:3504} INFO - Setting next_dagrun for example_dynamic_task_mapping_with_no_taskflow_operators to 2023-08-20T01:10:09.276471+00:00, run_after=2023-08-21T01:10:09.276471+00:00
[2023-08-20T21:10:09.308-0400] {processor.py:179} INFO - Processing /home/mnguyen0226/anaconda3/envs/learning_scraper/lib/python3.11/site-packages/airflow/example_dags/example_dynamic_task_mapping_with_no_taskflow_operators.py took 0.090 seconds
[2023-08-20T21:11:06.880-0400] {processor.py:157} INFO - Started process (PID=84902) to work on /home/mnguyen0226/anaconda3/envs/learning_scraper/lib/python3.11/site-packages/airflow/example_dags/example_dynamic_task_mapping_with_no_taskflow_operators.py
[2023-08-20T21:11:06.890-0400] {processor.py:826} INFO - Processing file /home/mnguyen0226/anaconda3/envs/learning_scraper/lib/python3.11/site-packages/airflow/example_dags/example_dynamic_task_mapping_with_no_taskflow_operators.py for tasks to queue
[2023-08-20T21:11:06.891-0400] {logging_mixin.py:150} INFO - [2023-08-20T21:11:06.890-0400] {dagbag.py:541} INFO - Filling up the DagBag from /home/mnguyen0226/anaconda3/envs/learning_scraper/lib/python3.11/site-packages/airflow/example_dags/example_dynamic_task_mapping_with_no_taskflow_operators.py
[2023-08-20T21:11:06.905-0400] {processor.py:836} INFO - DAG(s) dict_keys(['example_dynamic_task_mapping_with_no_taskflow_operators']) retrieved from /home/mnguyen0226/anaconda3/envs/learning_scraper/lib/python3.11/site-packages/airflow/example_dags/example_dynamic_task_mapping_with_no_taskflow_operators.py
[2023-08-20T21:11:06.927-0400] {logging_mixin.py:150} INFO - [2023-08-20T21:11:06.927-0400] {dag.py:2742} INFO - Sync 1 DAGs
[2023-08-20T21:11:06.953-0400] {logging_mixin.py:150} INFO - [2023-08-20T21:11:06.953-0400] {dag.py:3504} INFO - Setting next_dagrun for example_dynamic_task_mapping_with_no_taskflow_operators to 2023-08-20T01:11:06.952841+00:00, run_after=2023-08-21T01:11:06.952841+00:00
[2023-08-20T21:11:06.978-0400] {processor.py:179} INFO - Processing /home/mnguyen0226/anaconda3/envs/learning_scraper/lib/python3.11/site-packages/airflow/example_dags/example_dynamic_task_mapping_with_no_taskflow_operators.py took 0.102 seconds
[2023-08-20T21:11:56.942-0400] {processor.py:157} INFO - Started process (PID=85128) to work on /home/mnguyen0226/anaconda3/envs/learning_scraper/lib/python3.11/site-packages/airflow/example_dags/example_dynamic_task_mapping_with_no_taskflow_operators.py
[2023-08-20T21:11:56.943-0400] {processor.py:826} INFO - Processing file /home/mnguyen0226/anaconda3/envs/learning_scraper/lib/python3.11/site-packages/airflow/example_dags/example_dynamic_task_mapping_with_no_taskflow_operators.py for tasks to queue
[2023-08-20T21:11:56.944-0400] {logging_mixin.py:150} INFO - [2023-08-20T21:11:56.943-0400] {dagbag.py:541} INFO - Filling up the DagBag from /home/mnguyen0226/anaconda3/envs/learning_scraper/lib/python3.11/site-packages/airflow/example_dags/example_dynamic_task_mapping_with_no_taskflow_operators.py
[2023-08-20T21:11:56.954-0400] {processor.py:836} INFO - DAG(s) dict_keys(['example_dynamic_task_mapping_with_no_taskflow_operators']) retrieved from /home/mnguyen0226/anaconda3/envs/learning_scraper/lib/python3.11/site-packages/airflow/example_dags/example_dynamic_task_mapping_with_no_taskflow_operators.py
[2023-08-20T21:11:56.973-0400] {logging_mixin.py:150} INFO - [2023-08-20T21:11:56.973-0400] {dag.py:2742} INFO - Sync 1 DAGs
[2023-08-20T21:11:56.997-0400] {logging_mixin.py:150} INFO - [2023-08-20T21:11:56.997-0400] {dag.py:3504} INFO - Setting next_dagrun for example_dynamic_task_mapping_with_no_taskflow_operators to 2023-08-20T01:11:56.997499+00:00, run_after=2023-08-21T01:11:56.997499+00:00
[2023-08-20T21:11:57.021-0400] {processor.py:179} INFO - Processing /home/mnguyen0226/anaconda3/envs/learning_scraper/lib/python3.11/site-packages/airflow/example_dags/example_dynamic_task_mapping_with_no_taskflow_operators.py took 0.082 seconds
[2023-08-20T21:12:53.822-0400] {processor.py:157} INFO - Started process (PID=85719) to work on /home/mnguyen0226/anaconda3/envs/learning_scraper/lib/python3.11/site-packages/airflow/example_dags/example_dynamic_task_mapping_with_no_taskflow_operators.py
[2023-08-20T21:12:53.823-0400] {processor.py:826} INFO - Processing file /home/mnguyen0226/anaconda3/envs/learning_scraper/lib/python3.11/site-packages/airflow/example_dags/example_dynamic_task_mapping_with_no_taskflow_operators.py for tasks to queue
[2023-08-20T21:12:53.824-0400] {logging_mixin.py:150} INFO - [2023-08-20T21:12:53.823-0400] {dagbag.py:541} INFO - Filling up the DagBag from /home/mnguyen0226/anaconda3/envs/learning_scraper/lib/python3.11/site-packages/airflow/example_dags/example_dynamic_task_mapping_with_no_taskflow_operators.py
[2023-08-20T21:12:53.829-0400] {processor.py:836} INFO - DAG(s) dict_keys(['example_dynamic_task_mapping_with_no_taskflow_operators']) retrieved from /home/mnguyen0226/anaconda3/envs/learning_scraper/lib/python3.11/site-packages/airflow/example_dags/example_dynamic_task_mapping_with_no_taskflow_operators.py
[2023-08-20T21:12:53.841-0400] {logging_mixin.py:150} INFO - [2023-08-20T21:12:53.841-0400] {dag.py:2742} INFO - Sync 1 DAGs
[2023-08-20T21:12:53.858-0400] {logging_mixin.py:150} INFO - [2023-08-20T21:12:53.858-0400] {dag.py:3504} INFO - Setting next_dagrun for example_dynamic_task_mapping_with_no_taskflow_operators to 2023-08-20T01:12:53.858609+00:00, run_after=2023-08-21T01:12:53.858609+00:00
[2023-08-20T21:12:53.883-0400] {processor.py:179} INFO - Processing /home/mnguyen0226/anaconda3/envs/learning_scraper/lib/python3.11/site-packages/airflow/example_dags/example_dynamic_task_mapping_with_no_taskflow_operators.py took 0.063 seconds
[2023-08-20T21:13:50.683-0400] {processor.py:157} INFO - Started process (PID=85967) to work on /home/mnguyen0226/anaconda3/envs/learning_scraper/lib/python3.11/site-packages/airflow/example_dags/example_dynamic_task_mapping_with_no_taskflow_operators.py
[2023-08-20T21:13:50.684-0400] {processor.py:826} INFO - Processing file /home/mnguyen0226/anaconda3/envs/learning_scraper/lib/python3.11/site-packages/airflow/example_dags/example_dynamic_task_mapping_with_no_taskflow_operators.py for tasks to queue
[2023-08-20T21:13:50.686-0400] {logging_mixin.py:150} INFO - [2023-08-20T21:13:50.685-0400] {dagbag.py:541} INFO - Filling up the DagBag from /home/mnguyen0226/anaconda3/envs/learning_scraper/lib/python3.11/site-packages/airflow/example_dags/example_dynamic_task_mapping_with_no_taskflow_operators.py
[2023-08-20T21:13:50.698-0400] {processor.py:836} INFO - DAG(s) dict_keys(['example_dynamic_task_mapping_with_no_taskflow_operators']) retrieved from /home/mnguyen0226/anaconda3/envs/learning_scraper/lib/python3.11/site-packages/airflow/example_dags/example_dynamic_task_mapping_with_no_taskflow_operators.py
[2023-08-20T21:13:50.723-0400] {logging_mixin.py:150} INFO - [2023-08-20T21:13:50.722-0400] {dag.py:2742} INFO - Sync 1 DAGs
[2023-08-20T21:13:50.755-0400] {logging_mixin.py:150} INFO - [2023-08-20T21:13:50.755-0400] {dag.py:3504} INFO - Setting next_dagrun for example_dynamic_task_mapping_with_no_taskflow_operators to 2023-08-20T01:13:50.755107+00:00, run_after=2023-08-21T01:13:50.755107+00:00
[2023-08-20T21:13:50.785-0400] {processor.py:179} INFO - Processing /home/mnguyen0226/anaconda3/envs/learning_scraper/lib/python3.11/site-packages/airflow/example_dags/example_dynamic_task_mapping_with_no_taskflow_operators.py took 0.107 seconds
[2023-08-20T21:14:48.658-0400] {processor.py:157} INFO - Started process (PID=86272) to work on /home/mnguyen0226/anaconda3/envs/learning_scraper/lib/python3.11/site-packages/airflow/example_dags/example_dynamic_task_mapping_with_no_taskflow_operators.py
[2023-08-20T21:14:48.668-0400] {processor.py:826} INFO - Processing file /home/mnguyen0226/anaconda3/envs/learning_scraper/lib/python3.11/site-packages/airflow/example_dags/example_dynamic_task_mapping_with_no_taskflow_operators.py for tasks to queue
[2023-08-20T21:14:48.669-0400] {logging_mixin.py:150} INFO - [2023-08-20T21:14:48.668-0400] {dagbag.py:541} INFO - Filling up the DagBag from /home/mnguyen0226/anaconda3/envs/learning_scraper/lib/python3.11/site-packages/airflow/example_dags/example_dynamic_task_mapping_with_no_taskflow_operators.py
[2023-08-20T21:14:48.674-0400] {processor.py:836} INFO - DAG(s) dict_keys(['example_dynamic_task_mapping_with_no_taskflow_operators']) retrieved from /home/mnguyen0226/anaconda3/envs/learning_scraper/lib/python3.11/site-packages/airflow/example_dags/example_dynamic_task_mapping_with_no_taskflow_operators.py
[2023-08-20T21:14:48.687-0400] {logging_mixin.py:150} INFO - [2023-08-20T21:14:48.687-0400] {dag.py:2742} INFO - Sync 1 DAGs
[2023-08-20T21:14:48.705-0400] {logging_mixin.py:150} INFO - [2023-08-20T21:14:48.704-0400] {dag.py:3504} INFO - Setting next_dagrun for example_dynamic_task_mapping_with_no_taskflow_operators to 2023-08-20T01:14:48.704660+00:00, run_after=2023-08-21T01:14:48.704660+00:00
[2023-08-20T21:14:48.730-0400] {processor.py:179} INFO - Processing /home/mnguyen0226/anaconda3/envs/learning_scraper/lib/python3.11/site-packages/airflow/example_dags/example_dynamic_task_mapping_with_no_taskflow_operators.py took 0.074 seconds
[2023-08-20T21:15:40.094-0400] {processor.py:157} INFO - Started process (PID=86402) to work on /home/mnguyen0226/anaconda3/envs/learning_scraper/lib/python3.11/site-packages/airflow/example_dags/example_dynamic_task_mapping_with_no_taskflow_operators.py
[2023-08-20T21:15:40.095-0400] {processor.py:826} INFO - Processing file /home/mnguyen0226/anaconda3/envs/learning_scraper/lib/python3.11/site-packages/airflow/example_dags/example_dynamic_task_mapping_with_no_taskflow_operators.py for tasks to queue
[2023-08-20T21:15:40.096-0400] {logging_mixin.py:150} INFO - [2023-08-20T21:15:40.095-0400] {dagbag.py:541} INFO - Filling up the DagBag from /home/mnguyen0226/anaconda3/envs/learning_scraper/lib/python3.11/site-packages/airflow/example_dags/example_dynamic_task_mapping_with_no_taskflow_operators.py
[2023-08-20T21:15:40.106-0400] {processor.py:836} INFO - DAG(s) dict_keys(['example_dynamic_task_mapping_with_no_taskflow_operators']) retrieved from /home/mnguyen0226/anaconda3/envs/learning_scraper/lib/python3.11/site-packages/airflow/example_dags/example_dynamic_task_mapping_with_no_taskflow_operators.py
[2023-08-20T21:15:40.128-0400] {logging_mixin.py:150} INFO - [2023-08-20T21:15:40.128-0400] {dag.py:2742} INFO - Sync 1 DAGs
[2023-08-20T21:15:40.147-0400] {logging_mixin.py:150} INFO - [2023-08-20T21:15:40.147-0400] {dag.py:3504} INFO - Setting next_dagrun for example_dynamic_task_mapping_with_no_taskflow_operators to 2023-08-20T01:15:40.147370+00:00, run_after=2023-08-21T01:15:40.147370+00:00
[2023-08-20T21:15:40.170-0400] {processor.py:179} INFO - Processing /home/mnguyen0226/anaconda3/envs/learning_scraper/lib/python3.11/site-packages/airflow/example_dags/example_dynamic_task_mapping_with_no_taskflow_operators.py took 0.080 seconds
[2023-08-20T21:16:33.310-0400] {processor.py:157} INFO - Started process (PID=86667) to work on /home/mnguyen0226/anaconda3/envs/learning_scraper/lib/python3.11/site-packages/airflow/example_dags/example_dynamic_task_mapping_with_no_taskflow_operators.py
[2023-08-20T21:16:33.319-0400] {processor.py:826} INFO - Processing file /home/mnguyen0226/anaconda3/envs/learning_scraper/lib/python3.11/site-packages/airflow/example_dags/example_dynamic_task_mapping_with_no_taskflow_operators.py for tasks to queue
[2023-08-20T21:16:33.321-0400] {logging_mixin.py:150} INFO - [2023-08-20T21:16:33.320-0400] {dagbag.py:541} INFO - Filling up the DagBag from /home/mnguyen0226/anaconda3/envs/learning_scraper/lib/python3.11/site-packages/airflow/example_dags/example_dynamic_task_mapping_with_no_taskflow_operators.py
[2023-08-20T21:16:33.335-0400] {processor.py:836} INFO - DAG(s) dict_keys(['example_dynamic_task_mapping_with_no_taskflow_operators']) retrieved from /home/mnguyen0226/anaconda3/envs/learning_scraper/lib/python3.11/site-packages/airflow/example_dags/example_dynamic_task_mapping_with_no_taskflow_operators.py
[2023-08-20T21:16:33.352-0400] {logging_mixin.py:150} INFO - [2023-08-20T21:16:33.352-0400] {dag.py:2742} INFO - Sync 1 DAGs
[2023-08-20T21:16:33.367-0400] {logging_mixin.py:150} INFO - [2023-08-20T21:16:33.367-0400] {dag.py:3504} INFO - Setting next_dagrun for example_dynamic_task_mapping_with_no_taskflow_operators to 2023-08-20T01:16:33.366936+00:00, run_after=2023-08-21T01:16:33.366936+00:00
[2023-08-20T21:16:33.395-0400] {processor.py:179} INFO - Processing /home/mnguyen0226/anaconda3/envs/learning_scraper/lib/python3.11/site-packages/airflow/example_dags/example_dynamic_task_mapping_with_no_taskflow_operators.py took 0.089 seconds
[2023-08-20T21:17:28.512-0400] {processor.py:157} INFO - Started process (PID=87033) to work on /home/mnguyen0226/anaconda3/envs/learning_scraper/lib/python3.11/site-packages/airflow/example_dags/example_dynamic_task_mapping_with_no_taskflow_operators.py
[2023-08-20T21:17:28.513-0400] {processor.py:826} INFO - Processing file /home/mnguyen0226/anaconda3/envs/learning_scraper/lib/python3.11/site-packages/airflow/example_dags/example_dynamic_task_mapping_with_no_taskflow_operators.py for tasks to queue
[2023-08-20T21:17:28.514-0400] {logging_mixin.py:150} INFO - [2023-08-20T21:17:28.514-0400] {dagbag.py:541} INFO - Filling up the DagBag from /home/mnguyen0226/anaconda3/envs/learning_scraper/lib/python3.11/site-packages/airflow/example_dags/example_dynamic_task_mapping_with_no_taskflow_operators.py
[2023-08-20T21:17:28.524-0400] {processor.py:836} INFO - DAG(s) dict_keys(['example_dynamic_task_mapping_with_no_taskflow_operators']) retrieved from /home/mnguyen0226/anaconda3/envs/learning_scraper/lib/python3.11/site-packages/airflow/example_dags/example_dynamic_task_mapping_with_no_taskflow_operators.py
[2023-08-20T21:17:28.537-0400] {logging_mixin.py:150} INFO - [2023-08-20T21:17:28.537-0400] {dag.py:2742} INFO - Sync 1 DAGs
[2023-08-20T21:17:28.554-0400] {logging_mixin.py:150} INFO - [2023-08-20T21:17:28.554-0400] {dag.py:3504} INFO - Setting next_dagrun for example_dynamic_task_mapping_with_no_taskflow_operators to 2023-08-20T01:17:28.554045+00:00, run_after=2023-08-21T01:17:28.554045+00:00
[2023-08-20T21:17:28.579-0400] {processor.py:179} INFO - Processing /home/mnguyen0226/anaconda3/envs/learning_scraper/lib/python3.11/site-packages/airflow/example_dags/example_dynamic_task_mapping_with_no_taskflow_operators.py took 0.071 seconds
[2023-08-20T21:18:23.027-0400] {processor.py:157} INFO - Started process (PID=87339) to work on /home/mnguyen0226/anaconda3/envs/learning_scraper/lib/python3.11/site-packages/airflow/example_dags/example_dynamic_task_mapping_with_no_taskflow_operators.py
[2023-08-20T21:18:23.028-0400] {processor.py:826} INFO - Processing file /home/mnguyen0226/anaconda3/envs/learning_scraper/lib/python3.11/site-packages/airflow/example_dags/example_dynamic_task_mapping_with_no_taskflow_operators.py for tasks to queue
[2023-08-20T21:18:23.029-0400] {logging_mixin.py:150} INFO - [2023-08-20T21:18:23.028-0400] {dagbag.py:541} INFO - Filling up the DagBag from /home/mnguyen0226/anaconda3/envs/learning_scraper/lib/python3.11/site-packages/airflow/example_dags/example_dynamic_task_mapping_with_no_taskflow_operators.py
[2023-08-20T21:18:23.040-0400] {processor.py:836} INFO - DAG(s) dict_keys(['example_dynamic_task_mapping_with_no_taskflow_operators']) retrieved from /home/mnguyen0226/anaconda3/envs/learning_scraper/lib/python3.11/site-packages/airflow/example_dags/example_dynamic_task_mapping_with_no_taskflow_operators.py
[2023-08-20T21:18:23.059-0400] {logging_mixin.py:150} INFO - [2023-08-20T21:18:23.059-0400] {dag.py:2742} INFO - Sync 1 DAGs
[2023-08-20T21:18:23.073-0400] {logging_mixin.py:150} INFO - [2023-08-20T21:18:23.073-0400] {dag.py:3504} INFO - Setting next_dagrun for example_dynamic_task_mapping_with_no_taskflow_operators to 2023-08-20T01:18:23.073469+00:00, run_after=2023-08-21T01:18:23.073469+00:00
[2023-08-20T21:18:23.097-0400] {processor.py:179} INFO - Processing /home/mnguyen0226/anaconda3/envs/learning_scraper/lib/python3.11/site-packages/airflow/example_dags/example_dynamic_task_mapping_with_no_taskflow_operators.py took 0.076 seconds
[2023-08-20T21:19:19.642-0400] {processor.py:157} INFO - Started process (PID=87628) to work on /home/mnguyen0226/anaconda3/envs/learning_scraper/lib/python3.11/site-packages/airflow/example_dags/example_dynamic_task_mapping_with_no_taskflow_operators.py
[2023-08-20T21:19:19.643-0400] {processor.py:826} INFO - Processing file /home/mnguyen0226/anaconda3/envs/learning_scraper/lib/python3.11/site-packages/airflow/example_dags/example_dynamic_task_mapping_with_no_taskflow_operators.py for tasks to queue
[2023-08-20T21:19:19.644-0400] {logging_mixin.py:150} INFO - [2023-08-20T21:19:19.643-0400] {dagbag.py:541} INFO - Filling up the DagBag from /home/mnguyen0226/anaconda3/envs/learning_scraper/lib/python3.11/site-packages/airflow/example_dags/example_dynamic_task_mapping_with_no_taskflow_operators.py
[2023-08-20T21:19:19.651-0400] {processor.py:836} INFO - DAG(s) dict_keys(['example_dynamic_task_mapping_with_no_taskflow_operators']) retrieved from /home/mnguyen0226/anaconda3/envs/learning_scraper/lib/python3.11/site-packages/airflow/example_dags/example_dynamic_task_mapping_with_no_taskflow_operators.py
[2023-08-20T21:19:19.668-0400] {logging_mixin.py:150} INFO - [2023-08-20T21:19:19.667-0400] {dag.py:2742} INFO - Sync 1 DAGs
[2023-08-20T21:19:19.689-0400] {logging_mixin.py:150} INFO - [2023-08-20T21:19:19.689-0400] {dag.py:3504} INFO - Setting next_dagrun for example_dynamic_task_mapping_with_no_taskflow_operators to 2023-08-20T01:19:19.688861+00:00, run_after=2023-08-21T01:19:19.688861+00:00
[2023-08-20T21:19:19.719-0400] {processor.py:179} INFO - Processing /home/mnguyen0226/anaconda3/envs/learning_scraper/lib/python3.11/site-packages/airflow/example_dags/example_dynamic_task_mapping_with_no_taskflow_operators.py took 0.078 seconds
[2023-08-20T21:20:11.317-0400] {processor.py:157} INFO - Started process (PID=88074) to work on /home/mnguyen0226/anaconda3/envs/learning_scraper/lib/python3.11/site-packages/airflow/example_dags/example_dynamic_task_mapping_with_no_taskflow_operators.py
[2023-08-20T21:20:11.318-0400] {processor.py:826} INFO - Processing file /home/mnguyen0226/anaconda3/envs/learning_scraper/lib/python3.11/site-packages/airflow/example_dags/example_dynamic_task_mapping_with_no_taskflow_operators.py for tasks to queue
[2023-08-20T21:20:11.319-0400] {logging_mixin.py:150} INFO - [2023-08-20T21:20:11.318-0400] {dagbag.py:541} INFO - Filling up the DagBag from /home/mnguyen0226/anaconda3/envs/learning_scraper/lib/python3.11/site-packages/airflow/example_dags/example_dynamic_task_mapping_with_no_taskflow_operators.py
[2023-08-20T21:20:11.327-0400] {processor.py:836} INFO - DAG(s) dict_keys(['example_dynamic_task_mapping_with_no_taskflow_operators']) retrieved from /home/mnguyen0226/anaconda3/envs/learning_scraper/lib/python3.11/site-packages/airflow/example_dags/example_dynamic_task_mapping_with_no_taskflow_operators.py
[2023-08-20T21:20:11.344-0400] {logging_mixin.py:150} INFO - [2023-08-20T21:20:11.344-0400] {dag.py:2742} INFO - Sync 1 DAGs
[2023-08-20T21:20:11.366-0400] {logging_mixin.py:150} INFO - [2023-08-20T21:20:11.366-0400] {dag.py:3504} INFO - Setting next_dagrun for example_dynamic_task_mapping_with_no_taskflow_operators to 2023-08-20T01:20:11.366536+00:00, run_after=2023-08-21T01:20:11.366536+00:00
[2023-08-20T21:20:11.391-0400] {processor.py:179} INFO - Processing /home/mnguyen0226/anaconda3/envs/learning_scraper/lib/python3.11/site-packages/airflow/example_dags/example_dynamic_task_mapping_with_no_taskflow_operators.py took 0.077 seconds
[2023-08-20T21:21:04.360-0400] {processor.py:157} INFO - Started process (PID=88304) to work on /home/mnguyen0226/anaconda3/envs/learning_scraper/lib/python3.11/site-packages/airflow/example_dags/example_dynamic_task_mapping_with_no_taskflow_operators.py
[2023-08-20T21:21:04.361-0400] {processor.py:826} INFO - Processing file /home/mnguyen0226/anaconda3/envs/learning_scraper/lib/python3.11/site-packages/airflow/example_dags/example_dynamic_task_mapping_with_no_taskflow_operators.py for tasks to queue
[2023-08-20T21:21:04.362-0400] {logging_mixin.py:150} INFO - [2023-08-20T21:21:04.362-0400] {dagbag.py:541} INFO - Filling up the DagBag from /home/mnguyen0226/anaconda3/envs/learning_scraper/lib/python3.11/site-packages/airflow/example_dags/example_dynamic_task_mapping_with_no_taskflow_operators.py
[2023-08-20T21:21:04.375-0400] {processor.py:836} INFO - DAG(s) dict_keys(['example_dynamic_task_mapping_with_no_taskflow_operators']) retrieved from /home/mnguyen0226/anaconda3/envs/learning_scraper/lib/python3.11/site-packages/airflow/example_dags/example_dynamic_task_mapping_with_no_taskflow_operators.py
[2023-08-20T21:21:04.391-0400] {logging_mixin.py:150} INFO - [2023-08-20T21:21:04.391-0400] {dag.py:2742} INFO - Sync 1 DAGs
[2023-08-20T21:21:04.406-0400] {logging_mixin.py:150} INFO - [2023-08-20T21:21:04.406-0400] {dag.py:3504} INFO - Setting next_dagrun for example_dynamic_task_mapping_with_no_taskflow_operators to 2023-08-20T01:21:04.406052+00:00, run_after=2023-08-21T01:21:04.406052+00:00
[2023-08-20T21:21:04.430-0400] {processor.py:179} INFO - Processing /home/mnguyen0226/anaconda3/envs/learning_scraper/lib/python3.11/site-packages/airflow/example_dags/example_dynamic_task_mapping_with_no_taskflow_operators.py took 0.073 seconds
