[2023-08-20T21:00:11.618-0400] {processor.py:157} INFO - Started process (PID=80317) to work on /home/mnguyen0226/anaconda3/envs/learning_scraper/lib/python3.11/site-packages/airflow/example_dags/example_task_group_decorator.py
[2023-08-20T21:00:11.619-0400] {processor.py:826} INFO - Processing file /home/mnguyen0226/anaconda3/envs/learning_scraper/lib/python3.11/site-packages/airflow/example_dags/example_task_group_decorator.py for tasks to queue
[2023-08-20T21:00:11.621-0400] {logging_mixin.py:150} INFO - [2023-08-20T21:00:11.620-0400] {dagbag.py:541} INFO - Filling up the DagBag from /home/mnguyen0226/anaconda3/envs/learning_scraper/lib/python3.11/site-packages/airflow/example_dags/example_task_group_decorator.py
[2023-08-20T21:00:11.654-0400] {processor.py:836} INFO - DAG(s) dict_keys(['example_task_group_decorator']) retrieved from /home/mnguyen0226/anaconda3/envs/learning_scraper/lib/python3.11/site-packages/airflow/example_dags/example_task_group_decorator.py
[2023-08-20T21:00:11.705-0400] {logging_mixin.py:150} INFO - [2023-08-20T21:00:11.704-0400] {dag.py:2742} INFO - Sync 1 DAGs
[2023-08-20T21:00:11.727-0400] {logging_mixin.py:150} INFO - [2023-08-20T21:00:11.727-0400] {dag.py:3504} INFO - Setting next_dagrun for example_task_group_decorator to 2023-08-20T01:00:11.726975+00:00, run_after=2023-08-21T01:00:11.726975+00:00
[2023-08-20T21:00:11.784-0400] {processor.py:179} INFO - Processing /home/mnguyen0226/anaconda3/envs/learning_scraper/lib/python3.11/site-packages/airflow/example_dags/example_task_group_decorator.py took 0.171 seconds
[2023-08-20T21:01:01.039-0400] {processor.py:157} INFO - Started process (PID=80832) to work on /home/mnguyen0226/anaconda3/envs/learning_scraper/lib/python3.11/site-packages/airflow/example_dags/example_task_group_decorator.py
[2023-08-20T21:01:01.040-0400] {processor.py:826} INFO - Processing file /home/mnguyen0226/anaconda3/envs/learning_scraper/lib/python3.11/site-packages/airflow/example_dags/example_task_group_decorator.py for tasks to queue
[2023-08-20T21:01:01.040-0400] {logging_mixin.py:150} INFO - [2023-08-20T21:01:01.040-0400] {dagbag.py:541} INFO - Filling up the DagBag from /home/mnguyen0226/anaconda3/envs/learning_scraper/lib/python3.11/site-packages/airflow/example_dags/example_task_group_decorator.py
[2023-08-20T21:01:01.059-0400] {processor.py:836} INFO - DAG(s) dict_keys(['example_task_group_decorator']) retrieved from /home/mnguyen0226/anaconda3/envs/learning_scraper/lib/python3.11/site-packages/airflow/example_dags/example_task_group_decorator.py
[2023-08-20T21:01:01.083-0400] {logging_mixin.py:150} INFO - [2023-08-20T21:01:01.083-0400] {dag.py:2742} INFO - Sync 1 DAGs
[2023-08-20T21:01:01.106-0400] {logging_mixin.py:150} INFO - [2023-08-20T21:01:01.106-0400] {dag.py:3504} INFO - Setting next_dagrun for example_task_group_decorator to 2023-08-20T01:01:01.106035+00:00, run_after=2023-08-21T01:01:01.106035+00:00
[2023-08-20T21:01:01.183-0400] {processor.py:179} INFO - Processing /home/mnguyen0226/anaconda3/envs/learning_scraper/lib/python3.11/site-packages/airflow/example_dags/example_task_group_decorator.py took 0.147 seconds
[2023-08-20T21:01:35.607-0400] {processor.py:157} INFO - Started process (PID=80958) to work on /home/mnguyen0226/anaconda3/envs/learning_scraper/lib/python3.11/site-packages/airflow/example_dags/example_task_group_decorator.py
[2023-08-20T21:01:35.609-0400] {processor.py:826} INFO - Processing file /home/mnguyen0226/anaconda3/envs/learning_scraper/lib/python3.11/site-packages/airflow/example_dags/example_task_group_decorator.py for tasks to queue
[2023-08-20T21:01:35.610-0400] {logging_mixin.py:150} INFO - [2023-08-20T21:01:35.610-0400] {dagbag.py:541} INFO - Filling up the DagBag from /home/mnguyen0226/anaconda3/envs/learning_scraper/lib/python3.11/site-packages/airflow/example_dags/example_task_group_decorator.py
[2023-08-20T21:01:35.639-0400] {processor.py:836} INFO - DAG(s) dict_keys(['example_task_group_decorator']) retrieved from /home/mnguyen0226/anaconda3/envs/learning_scraper/lib/python3.11/site-packages/airflow/example_dags/example_task_group_decorator.py
[2023-08-20T21:01:35.672-0400] {logging_mixin.py:150} INFO - [2023-08-20T21:01:35.671-0400] {dag.py:2742} INFO - Sync 1 DAGs
[2023-08-20T21:01:35.703-0400] {logging_mixin.py:150} INFO - [2023-08-20T21:01:35.702-0400] {dag.py:3504} INFO - Setting next_dagrun for example_task_group_decorator to 2023-08-20T01:01:35.702549+00:00, run_after=2023-08-21T01:01:35.702549+00:00
[2023-08-20T21:01:35.734-0400] {processor.py:179} INFO - Processing /home/mnguyen0226/anaconda3/envs/learning_scraper/lib/python3.11/site-packages/airflow/example_dags/example_task_group_decorator.py took 0.132 seconds
[2023-08-20T21:02:08.782-0400] {processor.py:157} INFO - Started process (PID=81200) to work on /home/mnguyen0226/anaconda3/envs/learning_scraper/lib/python3.11/site-packages/airflow/example_dags/example_task_group_decorator.py
[2023-08-20T21:02:08.783-0400] {processor.py:826} INFO - Processing file /home/mnguyen0226/anaconda3/envs/learning_scraper/lib/python3.11/site-packages/airflow/example_dags/example_task_group_decorator.py for tasks to queue
[2023-08-20T21:02:08.784-0400] {logging_mixin.py:150} INFO - [2023-08-20T21:02:08.783-0400] {dagbag.py:541} INFO - Filling up the DagBag from /home/mnguyen0226/anaconda3/envs/learning_scraper/lib/python3.11/site-packages/airflow/example_dags/example_task_group_decorator.py
[2023-08-20T21:02:08.810-0400] {processor.py:836} INFO - DAG(s) dict_keys(['example_task_group_decorator']) retrieved from /home/mnguyen0226/anaconda3/envs/learning_scraper/lib/python3.11/site-packages/airflow/example_dags/example_task_group_decorator.py
[2023-08-20T21:02:08.835-0400] {logging_mixin.py:150} INFO - [2023-08-20T21:02:08.834-0400] {dag.py:2742} INFO - Sync 1 DAGs
[2023-08-20T21:02:08.849-0400] {logging_mixin.py:150} INFO - [2023-08-20T21:02:08.849-0400] {dag.py:3504} INFO - Setting next_dagrun for example_task_group_decorator to 2023-08-20T01:02:08.849627+00:00, run_after=2023-08-21T01:02:08.849627+00:00
[2023-08-20T21:02:08.872-0400] {processor.py:179} INFO - Processing /home/mnguyen0226/anaconda3/envs/learning_scraper/lib/python3.11/site-packages/airflow/example_dags/example_task_group_decorator.py took 0.095 seconds
[2023-08-20T21:03:11.036-0400] {processor.py:157} INFO - Started process (PID=81435) to work on /home/mnguyen0226/anaconda3/envs/learning_scraper/lib/python3.11/site-packages/airflow/example_dags/example_task_group_decorator.py
[2023-08-20T21:03:11.036-0400] {processor.py:826} INFO - Processing file /home/mnguyen0226/anaconda3/envs/learning_scraper/lib/python3.11/site-packages/airflow/example_dags/example_task_group_decorator.py for tasks to queue
[2023-08-20T21:03:11.037-0400] {logging_mixin.py:150} INFO - [2023-08-20T21:03:11.037-0400] {dagbag.py:541} INFO - Filling up the DagBag from /home/mnguyen0226/anaconda3/envs/learning_scraper/lib/python3.11/site-packages/airflow/example_dags/example_task_group_decorator.py
[2023-08-20T21:03:11.054-0400] {processor.py:836} INFO - DAG(s) dict_keys(['example_task_group_decorator']) retrieved from /home/mnguyen0226/anaconda3/envs/learning_scraper/lib/python3.11/site-packages/airflow/example_dags/example_task_group_decorator.py
[2023-08-20T21:03:11.081-0400] {logging_mixin.py:150} INFO - [2023-08-20T21:03:11.081-0400] {dag.py:2742} INFO - Sync 1 DAGs
[2023-08-20T21:03:11.103-0400] {logging_mixin.py:150} INFO - [2023-08-20T21:03:11.102-0400] {dag.py:3504} INFO - Setting next_dagrun for example_task_group_decorator to 2023-08-20T01:03:11.102526+00:00, run_after=2023-08-21T01:03:11.102526+00:00
[2023-08-20T21:03:11.135-0400] {processor.py:179} INFO - Processing /home/mnguyen0226/anaconda3/envs/learning_scraper/lib/python3.11/site-packages/airflow/example_dags/example_task_group_decorator.py took 0.102 seconds
[2023-08-20T21:03:58.988-0400] {processor.py:157} INFO - Started process (PID=82794) to work on /home/mnguyen0226/anaconda3/envs/learning_scraper/lib/python3.11/site-packages/airflow/example_dags/example_task_group_decorator.py
[2023-08-20T21:03:58.989-0400] {processor.py:826} INFO - Processing file /home/mnguyen0226/anaconda3/envs/learning_scraper/lib/python3.11/site-packages/airflow/example_dags/example_task_group_decorator.py for tasks to queue
[2023-08-20T21:03:58.990-0400] {logging_mixin.py:150} INFO - [2023-08-20T21:03:58.989-0400] {dagbag.py:541} INFO - Filling up the DagBag from /home/mnguyen0226/anaconda3/envs/learning_scraper/lib/python3.11/site-packages/airflow/example_dags/example_task_group_decorator.py
[2023-08-20T21:03:59.008-0400] {processor.py:836} INFO - DAG(s) dict_keys(['example_task_group_decorator']) retrieved from /home/mnguyen0226/anaconda3/envs/learning_scraper/lib/python3.11/site-packages/airflow/example_dags/example_task_group_decorator.py
[2023-08-20T21:03:59.030-0400] {logging_mixin.py:150} INFO - [2023-08-20T21:03:59.030-0400] {dag.py:2742} INFO - Sync 1 DAGs
[2023-08-20T21:03:59.051-0400] {logging_mixin.py:150} INFO - [2023-08-20T21:03:59.050-0400] {dag.py:3504} INFO - Setting next_dagrun for example_task_group_decorator to 2023-08-20T01:03:59.050768+00:00, run_after=2023-08-21T01:03:59.050768+00:00
[2023-08-20T21:03:59.081-0400] {processor.py:179} INFO - Processing /home/mnguyen0226/anaconda3/envs/learning_scraper/lib/python3.11/site-packages/airflow/example_dags/example_task_group_decorator.py took 0.095 seconds
[2023-08-20T21:04:33.549-0400] {processor.py:157} INFO - Started process (PID=83069) to work on /home/mnguyen0226/anaconda3/envs/learning_scraper/lib/python3.11/site-packages/airflow/example_dags/example_task_group_decorator.py
[2023-08-20T21:04:33.550-0400] {processor.py:826} INFO - Processing file /home/mnguyen0226/anaconda3/envs/learning_scraper/lib/python3.11/site-packages/airflow/example_dags/example_task_group_decorator.py for tasks to queue
[2023-08-20T21:04:33.552-0400] {logging_mixin.py:150} INFO - [2023-08-20T21:04:33.551-0400] {dagbag.py:541} INFO - Filling up the DagBag from /home/mnguyen0226/anaconda3/envs/learning_scraper/lib/python3.11/site-packages/airflow/example_dags/example_task_group_decorator.py
[2023-08-20T21:04:33.580-0400] {processor.py:836} INFO - DAG(s) dict_keys(['example_task_group_decorator']) retrieved from /home/mnguyen0226/anaconda3/envs/learning_scraper/lib/python3.11/site-packages/airflow/example_dags/example_task_group_decorator.py
[2023-08-20T21:04:33.622-0400] {logging_mixin.py:150} INFO - [2023-08-20T21:04:33.622-0400] {dag.py:2742} INFO - Sync 1 DAGs
[2023-08-20T21:04:33.654-0400] {logging_mixin.py:150} INFO - [2023-08-20T21:04:33.654-0400] {dag.py:3504} INFO - Setting next_dagrun for example_task_group_decorator to 2023-08-20T01:04:33.653873+00:00, run_after=2023-08-21T01:04:33.653873+00:00
[2023-08-20T21:04:33.691-0400] {processor.py:179} INFO - Processing /home/mnguyen0226/anaconda3/envs/learning_scraper/lib/python3.11/site-packages/airflow/example_dags/example_task_group_decorator.py took 0.148 seconds
[2023-08-20T21:05:08.852-0400] {processor.py:157} INFO - Started process (PID=83269) to work on /home/mnguyen0226/anaconda3/envs/learning_scraper/lib/python3.11/site-packages/airflow/example_dags/example_task_group_decorator.py
[2023-08-20T21:05:08.853-0400] {processor.py:826} INFO - Processing file /home/mnguyen0226/anaconda3/envs/learning_scraper/lib/python3.11/site-packages/airflow/example_dags/example_task_group_decorator.py for tasks to queue
[2023-08-20T21:05:08.854-0400] {logging_mixin.py:150} INFO - [2023-08-20T21:05:08.853-0400] {dagbag.py:541} INFO - Filling up the DagBag from /home/mnguyen0226/anaconda3/envs/learning_scraper/lib/python3.11/site-packages/airflow/example_dags/example_task_group_decorator.py
[2023-08-20T21:05:08.868-0400] {processor.py:836} INFO - DAG(s) dict_keys(['example_task_group_decorator']) retrieved from /home/mnguyen0226/anaconda3/envs/learning_scraper/lib/python3.11/site-packages/airflow/example_dags/example_task_group_decorator.py
[2023-08-20T21:05:08.890-0400] {logging_mixin.py:150} INFO - [2023-08-20T21:05:08.890-0400] {dag.py:2742} INFO - Sync 1 DAGs
[2023-08-20T21:05:08.907-0400] {logging_mixin.py:150} INFO - [2023-08-20T21:05:08.907-0400] {dag.py:3504} INFO - Setting next_dagrun for example_task_group_decorator to 2023-08-20T01:05:08.907288+00:00, run_after=2023-08-21T01:05:08.907288+00:00
[2023-08-20T21:05:08.931-0400] {processor.py:179} INFO - Processing /home/mnguyen0226/anaconda3/envs/learning_scraper/lib/python3.11/site-packages/airflow/example_dags/example_task_group_decorator.py took 0.082 seconds
[2023-08-20T21:05:49.049-0400] {processor.py:157} INFO - Started process (PID=83439) to work on /home/mnguyen0226/anaconda3/envs/learning_scraper/lib/python3.11/site-packages/airflow/example_dags/example_task_group_decorator.py
[2023-08-20T21:05:49.058-0400] {processor.py:826} INFO - Processing file /home/mnguyen0226/anaconda3/envs/learning_scraper/lib/python3.11/site-packages/airflow/example_dags/example_task_group_decorator.py for tasks to queue
[2023-08-20T21:05:49.060-0400] {logging_mixin.py:150} INFO - [2023-08-20T21:05:49.059-0400] {dagbag.py:541} INFO - Filling up the DagBag from /home/mnguyen0226/anaconda3/envs/learning_scraper/lib/python3.11/site-packages/airflow/example_dags/example_task_group_decorator.py
[2023-08-20T21:05:49.076-0400] {processor.py:836} INFO - DAG(s) dict_keys(['example_task_group_decorator']) retrieved from /home/mnguyen0226/anaconda3/envs/learning_scraper/lib/python3.11/site-packages/airflow/example_dags/example_task_group_decorator.py
[2023-08-20T21:05:49.091-0400] {logging_mixin.py:150} INFO - [2023-08-20T21:05:49.091-0400] {dag.py:2742} INFO - Sync 1 DAGs
[2023-08-20T21:05:49.109-0400] {logging_mixin.py:150} INFO - [2023-08-20T21:05:49.109-0400] {dag.py:3504} INFO - Setting next_dagrun for example_task_group_decorator to 2023-08-20T01:05:49.109188+00:00, run_after=2023-08-21T01:05:49.109188+00:00
[2023-08-20T21:05:49.136-0400] {processor.py:179} INFO - Processing /home/mnguyen0226/anaconda3/envs/learning_scraper/lib/python3.11/site-packages/airflow/example_dags/example_task_group_decorator.py took 0.090 seconds
[2023-08-20T21:06:31.016-0400] {processor.py:157} INFO - Started process (PID=83617) to work on /home/mnguyen0226/anaconda3/envs/learning_scraper/lib/python3.11/site-packages/airflow/example_dags/example_task_group_decorator.py
[2023-08-20T21:06:31.026-0400] {processor.py:826} INFO - Processing file /home/mnguyen0226/anaconda3/envs/learning_scraper/lib/python3.11/site-packages/airflow/example_dags/example_task_group_decorator.py for tasks to queue
[2023-08-20T21:06:31.027-0400] {logging_mixin.py:150} INFO - [2023-08-20T21:06:31.026-0400] {dagbag.py:541} INFO - Filling up the DagBag from /home/mnguyen0226/anaconda3/envs/learning_scraper/lib/python3.11/site-packages/airflow/example_dags/example_task_group_decorator.py
[2023-08-20T21:06:31.049-0400] {processor.py:836} INFO - DAG(s) dict_keys(['example_task_group_decorator']) retrieved from /home/mnguyen0226/anaconda3/envs/learning_scraper/lib/python3.11/site-packages/airflow/example_dags/example_task_group_decorator.py
[2023-08-20T21:06:31.081-0400] {logging_mixin.py:150} INFO - [2023-08-20T21:06:31.081-0400] {dag.py:2742} INFO - Sync 1 DAGs
[2023-08-20T21:06:31.109-0400] {logging_mixin.py:150} INFO - [2023-08-20T21:06:31.109-0400] {dag.py:3504} INFO - Setting next_dagrun for example_task_group_decorator to 2023-08-20T01:06:31.109359+00:00, run_after=2023-08-21T01:06:31.109359+00:00
[2023-08-20T21:06:31.149-0400] {processor.py:179} INFO - Processing /home/mnguyen0226/anaconda3/envs/learning_scraper/lib/python3.11/site-packages/airflow/example_dags/example_task_group_decorator.py took 0.137 seconds
[2023-08-20T21:07:12.105-0400] {processor.py:157} INFO - Started process (PID=83854) to work on /home/mnguyen0226/anaconda3/envs/learning_scraper/lib/python3.11/site-packages/airflow/example_dags/example_task_group_decorator.py
[2023-08-20T21:07:12.106-0400] {processor.py:826} INFO - Processing file /home/mnguyen0226/anaconda3/envs/learning_scraper/lib/python3.11/site-packages/airflow/example_dags/example_task_group_decorator.py for tasks to queue
[2023-08-20T21:07:12.108-0400] {logging_mixin.py:150} INFO - [2023-08-20T21:07:12.107-0400] {dagbag.py:541} INFO - Filling up the DagBag from /home/mnguyen0226/anaconda3/envs/learning_scraper/lib/python3.11/site-packages/airflow/example_dags/example_task_group_decorator.py
[2023-08-20T21:07:12.133-0400] {processor.py:836} INFO - DAG(s) dict_keys(['example_task_group_decorator']) retrieved from /home/mnguyen0226/anaconda3/envs/learning_scraper/lib/python3.11/site-packages/airflow/example_dags/example_task_group_decorator.py
[2023-08-20T21:07:12.157-0400] {logging_mixin.py:150} INFO - [2023-08-20T21:07:12.157-0400] {dag.py:2742} INFO - Sync 1 DAGs
[2023-08-20T21:07:12.255-0400] {logging_mixin.py:150} INFO - [2023-08-20T21:07:12.255-0400] {dag.py:3504} INFO - Setting next_dagrun for example_task_group_decorator to 2023-08-20T01:07:12.255004+00:00, run_after=2023-08-21T01:07:12.255004+00:00
[2023-08-20T21:07:12.284-0400] {processor.py:179} INFO - Processing /home/mnguyen0226/anaconda3/envs/learning_scraper/lib/python3.11/site-packages/airflow/example_dags/example_task_group_decorator.py took 0.184 seconds
[2023-08-20T21:07:55.278-0400] {processor.py:157} INFO - Started process (PID=84006) to work on /home/mnguyen0226/anaconda3/envs/learning_scraper/lib/python3.11/site-packages/airflow/example_dags/example_task_group_decorator.py
[2023-08-20T21:07:55.287-0400] {processor.py:826} INFO - Processing file /home/mnguyen0226/anaconda3/envs/learning_scraper/lib/python3.11/site-packages/airflow/example_dags/example_task_group_decorator.py for tasks to queue
[2023-08-20T21:07:55.288-0400] {logging_mixin.py:150} INFO - [2023-08-20T21:07:55.287-0400] {dagbag.py:541} INFO - Filling up the DagBag from /home/mnguyen0226/anaconda3/envs/learning_scraper/lib/python3.11/site-packages/airflow/example_dags/example_task_group_decorator.py
[2023-08-20T21:07:55.301-0400] {processor.py:836} INFO - DAG(s) dict_keys(['example_task_group_decorator']) retrieved from /home/mnguyen0226/anaconda3/envs/learning_scraper/lib/python3.11/site-packages/airflow/example_dags/example_task_group_decorator.py
[2023-08-20T21:07:55.319-0400] {logging_mixin.py:150} INFO - [2023-08-20T21:07:55.319-0400] {dag.py:2742} INFO - Sync 1 DAGs
[2023-08-20T21:07:55.336-0400] {logging_mixin.py:150} INFO - [2023-08-20T21:07:55.336-0400] {dag.py:3504} INFO - Setting next_dagrun for example_task_group_decorator to 2023-08-20T01:07:55.335999+00:00, run_after=2023-08-21T01:07:55.335999+00:00
[2023-08-20T21:07:55.362-0400] {processor.py:179} INFO - Processing /home/mnguyen0226/anaconda3/envs/learning_scraper/lib/python3.11/site-packages/airflow/example_dags/example_task_group_decorator.py took 0.088 seconds
[2023-08-20T21:08:31.878-0400] {processor.py:157} INFO - Started process (PID=84164) to work on /home/mnguyen0226/anaconda3/envs/learning_scraper/lib/python3.11/site-packages/airflow/example_dags/example_task_group_decorator.py
[2023-08-20T21:08:31.878-0400] {processor.py:826} INFO - Processing file /home/mnguyen0226/anaconda3/envs/learning_scraper/lib/python3.11/site-packages/airflow/example_dags/example_task_group_decorator.py for tasks to queue
[2023-08-20T21:08:31.879-0400] {logging_mixin.py:150} INFO - [2023-08-20T21:08:31.879-0400] {dagbag.py:541} INFO - Filling up the DagBag from /home/mnguyen0226/anaconda3/envs/learning_scraper/lib/python3.11/site-packages/airflow/example_dags/example_task_group_decorator.py
[2023-08-20T21:08:31.893-0400] {processor.py:836} INFO - DAG(s) dict_keys(['example_task_group_decorator']) retrieved from /home/mnguyen0226/anaconda3/envs/learning_scraper/lib/python3.11/site-packages/airflow/example_dags/example_task_group_decorator.py
[2023-08-20T21:08:31.909-0400] {logging_mixin.py:150} INFO - [2023-08-20T21:08:31.908-0400] {dag.py:2742} INFO - Sync 1 DAGs
[2023-08-20T21:08:31.925-0400] {logging_mixin.py:150} INFO - [2023-08-20T21:08:31.925-0400] {dag.py:3504} INFO - Setting next_dagrun for example_task_group_decorator to 2023-08-20T01:08:31.924882+00:00, run_after=2023-08-21T01:08:31.924882+00:00
[2023-08-20T21:08:31.952-0400] {processor.py:179} INFO - Processing /home/mnguyen0226/anaconda3/envs/learning_scraper/lib/python3.11/site-packages/airflow/example_dags/example_task_group_decorator.py took 0.077 seconds
[2023-08-20T21:09:07.797-0400] {processor.py:157} INFO - Started process (PID=84321) to work on /home/mnguyen0226/anaconda3/envs/learning_scraper/lib/python3.11/site-packages/airflow/example_dags/example_task_group_decorator.py
[2023-08-20T21:09:07.798-0400] {processor.py:826} INFO - Processing file /home/mnguyen0226/anaconda3/envs/learning_scraper/lib/python3.11/site-packages/airflow/example_dags/example_task_group_decorator.py for tasks to queue
[2023-08-20T21:09:07.800-0400] {logging_mixin.py:150} INFO - [2023-08-20T21:09:07.799-0400] {dagbag.py:541} INFO - Filling up the DagBag from /home/mnguyen0226/anaconda3/envs/learning_scraper/lib/python3.11/site-packages/airflow/example_dags/example_task_group_decorator.py
[2023-08-20T21:09:07.825-0400] {processor.py:836} INFO - DAG(s) dict_keys(['example_task_group_decorator']) retrieved from /home/mnguyen0226/anaconda3/envs/learning_scraper/lib/python3.11/site-packages/airflow/example_dags/example_task_group_decorator.py
[2023-08-20T21:09:07.845-0400] {logging_mixin.py:150} INFO - [2023-08-20T21:09:07.845-0400] {dag.py:2742} INFO - Sync 1 DAGs
[2023-08-20T21:09:07.860-0400] {logging_mixin.py:150} INFO - [2023-08-20T21:09:07.860-0400] {dag.py:3504} INFO - Setting next_dagrun for example_task_group_decorator to 2023-08-20T01:09:07.860136+00:00, run_after=2023-08-21T01:09:07.860136+00:00
[2023-08-20T21:09:07.883-0400] {processor.py:179} INFO - Processing /home/mnguyen0226/anaconda3/envs/learning_scraper/lib/python3.11/site-packages/airflow/example_dags/example_task_group_decorator.py took 0.090 seconds
[2023-08-20T21:09:42.599-0400] {processor.py:157} INFO - Started process (PID=84536) to work on /home/mnguyen0226/anaconda3/envs/learning_scraper/lib/python3.11/site-packages/airflow/example_dags/example_task_group_decorator.py
[2023-08-20T21:09:42.600-0400] {processor.py:826} INFO - Processing file /home/mnguyen0226/anaconda3/envs/learning_scraper/lib/python3.11/site-packages/airflow/example_dags/example_task_group_decorator.py for tasks to queue
[2023-08-20T21:09:42.602-0400] {logging_mixin.py:150} INFO - [2023-08-20T21:09:42.601-0400] {dagbag.py:541} INFO - Filling up the DagBag from /home/mnguyen0226/anaconda3/envs/learning_scraper/lib/python3.11/site-packages/airflow/example_dags/example_task_group_decorator.py
[2023-08-20T21:09:42.629-0400] {processor.py:836} INFO - DAG(s) dict_keys(['example_task_group_decorator']) retrieved from /home/mnguyen0226/anaconda3/envs/learning_scraper/lib/python3.11/site-packages/airflow/example_dags/example_task_group_decorator.py
[2023-08-20T21:09:42.662-0400] {logging_mixin.py:150} INFO - [2023-08-20T21:09:42.661-0400] {dag.py:2742} INFO - Sync 1 DAGs
[2023-08-20T21:09:42.690-0400] {logging_mixin.py:150} INFO - [2023-08-20T21:09:42.690-0400] {dag.py:3504} INFO - Setting next_dagrun for example_task_group_decorator to 2023-08-20T01:09:42.690493+00:00, run_after=2023-08-21T01:09:42.690493+00:00
[2023-08-20T21:09:42.717-0400] {processor.py:179} INFO - Processing /home/mnguyen0226/anaconda3/envs/learning_scraper/lib/python3.11/site-packages/airflow/example_dags/example_task_group_decorator.py took 0.122 seconds
[2023-08-20T21:10:21.377-0400] {processor.py:157} INFO - Started process (PID=84714) to work on /home/mnguyen0226/anaconda3/envs/learning_scraper/lib/python3.11/site-packages/airflow/example_dags/example_task_group_decorator.py
[2023-08-20T21:10:21.391-0400] {processor.py:826} INFO - Processing file /home/mnguyen0226/anaconda3/envs/learning_scraper/lib/python3.11/site-packages/airflow/example_dags/example_task_group_decorator.py for tasks to queue
[2023-08-20T21:10:21.393-0400] {logging_mixin.py:150} INFO - [2023-08-20T21:10:21.392-0400] {dagbag.py:541} INFO - Filling up the DagBag from /home/mnguyen0226/anaconda3/envs/learning_scraper/lib/python3.11/site-packages/airflow/example_dags/example_task_group_decorator.py
[2023-08-20T21:10:21.413-0400] {processor.py:836} INFO - DAG(s) dict_keys(['example_task_group_decorator']) retrieved from /home/mnguyen0226/anaconda3/envs/learning_scraper/lib/python3.11/site-packages/airflow/example_dags/example_task_group_decorator.py
[2023-08-20T21:10:21.438-0400] {logging_mixin.py:150} INFO - [2023-08-20T21:10:21.437-0400] {dag.py:2742} INFO - Sync 1 DAGs
[2023-08-20T21:10:21.463-0400] {logging_mixin.py:150} INFO - [2023-08-20T21:10:21.462-0400] {dag.py:3504} INFO - Setting next_dagrun for example_task_group_decorator to 2023-08-20T01:10:21.462578+00:00, run_after=2023-08-21T01:10:21.462578+00:00
[2023-08-20T21:10:21.496-0400] {processor.py:179} INFO - Processing /home/mnguyen0226/anaconda3/envs/learning_scraper/lib/python3.11/site-packages/airflow/example_dags/example_task_group_decorator.py took 0.123 seconds
[2023-08-20T21:11:01.026-0400] {processor.py:157} INFO - Started process (PID=84886) to work on /home/mnguyen0226/anaconda3/envs/learning_scraper/lib/python3.11/site-packages/airflow/example_dags/example_task_group_decorator.py
[2023-08-20T21:11:01.027-0400] {processor.py:826} INFO - Processing file /home/mnguyen0226/anaconda3/envs/learning_scraper/lib/python3.11/site-packages/airflow/example_dags/example_task_group_decorator.py for tasks to queue
[2023-08-20T21:11:01.028-0400] {logging_mixin.py:150} INFO - [2023-08-20T21:11:01.028-0400] {dagbag.py:541} INFO - Filling up the DagBag from /home/mnguyen0226/anaconda3/envs/learning_scraper/lib/python3.11/site-packages/airflow/example_dags/example_task_group_decorator.py
[2023-08-20T21:11:01.046-0400] {processor.py:836} INFO - DAG(s) dict_keys(['example_task_group_decorator']) retrieved from /home/mnguyen0226/anaconda3/envs/learning_scraper/lib/python3.11/site-packages/airflow/example_dags/example_task_group_decorator.py
[2023-08-20T21:11:01.061-0400] {logging_mixin.py:150} INFO - [2023-08-20T21:11:01.061-0400] {dag.py:2742} INFO - Sync 1 DAGs
[2023-08-20T21:11:01.075-0400] {logging_mixin.py:150} INFO - [2023-08-20T21:11:01.075-0400] {dag.py:3504} INFO - Setting next_dagrun for example_task_group_decorator to 2023-08-20T01:11:01.075078+00:00, run_after=2023-08-21T01:11:01.075078+00:00
[2023-08-20T21:11:01.098-0400] {processor.py:179} INFO - Processing /home/mnguyen0226/anaconda3/envs/learning_scraper/lib/python3.11/site-packages/airflow/example_dags/example_task_group_decorator.py took 0.076 seconds
[2023-08-20T21:11:36.197-0400] {processor.py:157} INFO - Started process (PID=85042) to work on /home/mnguyen0226/anaconda3/envs/learning_scraper/lib/python3.11/site-packages/airflow/example_dags/example_task_group_decorator.py
[2023-08-20T21:11:36.207-0400] {processor.py:826} INFO - Processing file /home/mnguyen0226/anaconda3/envs/learning_scraper/lib/python3.11/site-packages/airflow/example_dags/example_task_group_decorator.py for tasks to queue
[2023-08-20T21:11:36.208-0400] {logging_mixin.py:150} INFO - [2023-08-20T21:11:36.208-0400] {dagbag.py:541} INFO - Filling up the DagBag from /home/mnguyen0226/anaconda3/envs/learning_scraper/lib/python3.11/site-packages/airflow/example_dags/example_task_group_decorator.py
[2023-08-20T21:11:36.240-0400] {processor.py:836} INFO - DAG(s) dict_keys(['example_task_group_decorator']) retrieved from /home/mnguyen0226/anaconda3/envs/learning_scraper/lib/python3.11/site-packages/airflow/example_dags/example_task_group_decorator.py
[2023-08-20T21:11:36.285-0400] {logging_mixin.py:150} INFO - [2023-08-20T21:11:36.284-0400] {dag.py:2742} INFO - Sync 1 DAGs
[2023-08-20T21:11:36.316-0400] {logging_mixin.py:150} INFO - [2023-08-20T21:11:36.315-0400] {dag.py:3504} INFO - Setting next_dagrun for example_task_group_decorator to 2023-08-20T01:11:36.315345+00:00, run_after=2023-08-21T01:11:36.315345+00:00
[2023-08-20T21:11:36.352-0400] {processor.py:179} INFO - Processing /home/mnguyen0226/anaconda3/envs/learning_scraper/lib/python3.11/site-packages/airflow/example_dags/example_task_group_decorator.py took 0.160 seconds
[2023-08-20T21:12:08.963-0400] {processor.py:157} INFO - Started process (PID=85142) to work on /home/mnguyen0226/anaconda3/envs/learning_scraper/lib/python3.11/site-packages/airflow/example_dags/example_task_group_decorator.py
[2023-08-20T21:12:08.963-0400] {processor.py:826} INFO - Processing file /home/mnguyen0226/anaconda3/envs/learning_scraper/lib/python3.11/site-packages/airflow/example_dags/example_task_group_decorator.py for tasks to queue
[2023-08-20T21:12:08.964-0400] {logging_mixin.py:150} INFO - [2023-08-20T21:12:08.964-0400] {dagbag.py:541} INFO - Filling up the DagBag from /home/mnguyen0226/anaconda3/envs/learning_scraper/lib/python3.11/site-packages/airflow/example_dags/example_task_group_decorator.py
[2023-08-20T21:12:08.979-0400] {processor.py:836} INFO - DAG(s) dict_keys(['example_task_group_decorator']) retrieved from /home/mnguyen0226/anaconda3/envs/learning_scraper/lib/python3.11/site-packages/airflow/example_dags/example_task_group_decorator.py
[2023-08-20T21:12:08.995-0400] {logging_mixin.py:150} INFO - [2023-08-20T21:12:08.995-0400] {dag.py:2742} INFO - Sync 1 DAGs
[2023-08-20T21:12:09.015-0400] {logging_mixin.py:150} INFO - [2023-08-20T21:12:09.014-0400] {dag.py:3504} INFO - Setting next_dagrun for example_task_group_decorator to 2023-08-20T01:12:09.014761+00:00, run_after=2023-08-21T01:12:09.014761+00:00
[2023-08-20T21:12:09.038-0400] {processor.py:179} INFO - Processing /home/mnguyen0226/anaconda3/envs/learning_scraper/lib/python3.11/site-packages/airflow/example_dags/example_task_group_decorator.py took 0.077 seconds
[2023-08-20T21:12:47.382-0400] {processor.py:157} INFO - Started process (PID=85672) to work on /home/mnguyen0226/anaconda3/envs/learning_scraper/lib/python3.11/site-packages/airflow/example_dags/example_task_group_decorator.py
[2023-08-20T21:12:47.383-0400] {processor.py:826} INFO - Processing file /home/mnguyen0226/anaconda3/envs/learning_scraper/lib/python3.11/site-packages/airflow/example_dags/example_task_group_decorator.py for tasks to queue
[2023-08-20T21:12:47.384-0400] {logging_mixin.py:150} INFO - [2023-08-20T21:12:47.384-0400] {dagbag.py:541} INFO - Filling up the DagBag from /home/mnguyen0226/anaconda3/envs/learning_scraper/lib/python3.11/site-packages/airflow/example_dags/example_task_group_decorator.py
[2023-08-20T21:12:47.403-0400] {processor.py:836} INFO - DAG(s) dict_keys(['example_task_group_decorator']) retrieved from /home/mnguyen0226/anaconda3/envs/learning_scraper/lib/python3.11/site-packages/airflow/example_dags/example_task_group_decorator.py
[2023-08-20T21:12:47.420-0400] {logging_mixin.py:150} INFO - [2023-08-20T21:12:47.420-0400] {dag.py:2742} INFO - Sync 1 DAGs
[2023-08-20T21:12:47.440-0400] {logging_mixin.py:150} INFO - [2023-08-20T21:12:47.439-0400] {dag.py:3504} INFO - Setting next_dagrun for example_task_group_decorator to 2023-08-20T01:12:47.439671+00:00, run_after=2023-08-21T01:12:47.439671+00:00
[2023-08-20T21:12:47.478-0400] {processor.py:179} INFO - Processing /home/mnguyen0226/anaconda3/envs/learning_scraper/lib/python3.11/site-packages/airflow/example_dags/example_task_group_decorator.py took 0.101 seconds
[2023-08-20T21:13:25.268-0400] {processor.py:157} INFO - Started process (PID=85879) to work on /home/mnguyen0226/anaconda3/envs/learning_scraper/lib/python3.11/site-packages/airflow/example_dags/example_task_group_decorator.py
[2023-08-20T21:13:25.269-0400] {processor.py:826} INFO - Processing file /home/mnguyen0226/anaconda3/envs/learning_scraper/lib/python3.11/site-packages/airflow/example_dags/example_task_group_decorator.py for tasks to queue
[2023-08-20T21:13:25.270-0400] {logging_mixin.py:150} INFO - [2023-08-20T21:13:25.270-0400] {dagbag.py:541} INFO - Filling up the DagBag from /home/mnguyen0226/anaconda3/envs/learning_scraper/lib/python3.11/site-packages/airflow/example_dags/example_task_group_decorator.py
[2023-08-20T21:13:25.291-0400] {processor.py:836} INFO - DAG(s) dict_keys(['example_task_group_decorator']) retrieved from /home/mnguyen0226/anaconda3/envs/learning_scraper/lib/python3.11/site-packages/airflow/example_dags/example_task_group_decorator.py
[2023-08-20T21:13:25.307-0400] {logging_mixin.py:150} INFO - [2023-08-20T21:13:25.307-0400] {dag.py:2742} INFO - Sync 1 DAGs
[2023-08-20T21:13:25.321-0400] {logging_mixin.py:150} INFO - [2023-08-20T21:13:25.321-0400] {dag.py:3504} INFO - Setting next_dagrun for example_task_group_decorator to 2023-08-20T01:13:25.321433+00:00, run_after=2023-08-21T01:13:25.321433+00:00
[2023-08-20T21:13:25.354-0400] {processor.py:179} INFO - Processing /home/mnguyen0226/anaconda3/envs/learning_scraper/lib/python3.11/site-packages/airflow/example_dags/example_task_group_decorator.py took 0.090 seconds
[2023-08-20T21:14:04.362-0400] {processor.py:157} INFO - Started process (PID=86053) to work on /home/mnguyen0226/anaconda3/envs/learning_scraper/lib/python3.11/site-packages/airflow/example_dags/example_task_group_decorator.py
[2023-08-20T21:14:04.375-0400] {processor.py:826} INFO - Processing file /home/mnguyen0226/anaconda3/envs/learning_scraper/lib/python3.11/site-packages/airflow/example_dags/example_task_group_decorator.py for tasks to queue
[2023-08-20T21:14:04.377-0400] {logging_mixin.py:150} INFO - [2023-08-20T21:14:04.376-0400] {dagbag.py:541} INFO - Filling up the DagBag from /home/mnguyen0226/anaconda3/envs/learning_scraper/lib/python3.11/site-packages/airflow/example_dags/example_task_group_decorator.py
[2023-08-20T21:14:04.401-0400] {processor.py:836} INFO - DAG(s) dict_keys(['example_task_group_decorator']) retrieved from /home/mnguyen0226/anaconda3/envs/learning_scraper/lib/python3.11/site-packages/airflow/example_dags/example_task_group_decorator.py
[2023-08-20T21:14:04.417-0400] {logging_mixin.py:150} INFO - [2023-08-20T21:14:04.416-0400] {dag.py:2742} INFO - Sync 1 DAGs
[2023-08-20T21:14:04.431-0400] {logging_mixin.py:150} INFO - [2023-08-20T21:14:04.431-0400] {dag.py:3504} INFO - Setting next_dagrun for example_task_group_decorator to 2023-08-20T01:14:04.430991+00:00, run_after=2023-08-21T01:14:04.430991+00:00
[2023-08-20T21:14:04.457-0400] {processor.py:179} INFO - Processing /home/mnguyen0226/anaconda3/envs/learning_scraper/lib/python3.11/site-packages/airflow/example_dags/example_task_group_decorator.py took 0.100 seconds
[2023-08-20T21:14:42.848-0400] {processor.py:157} INFO - Started process (PID=86257) to work on /home/mnguyen0226/anaconda3/envs/learning_scraper/lib/python3.11/site-packages/airflow/example_dags/example_task_group_decorator.py
[2023-08-20T21:14:42.858-0400] {processor.py:826} INFO - Processing file /home/mnguyen0226/anaconda3/envs/learning_scraper/lib/python3.11/site-packages/airflow/example_dags/example_task_group_decorator.py for tasks to queue
[2023-08-20T21:14:42.859-0400] {logging_mixin.py:150} INFO - [2023-08-20T21:14:42.859-0400] {dagbag.py:541} INFO - Filling up the DagBag from /home/mnguyen0226/anaconda3/envs/learning_scraper/lib/python3.11/site-packages/airflow/example_dags/example_task_group_decorator.py
[2023-08-20T21:14:42.881-0400] {processor.py:836} INFO - DAG(s) dict_keys(['example_task_group_decorator']) retrieved from /home/mnguyen0226/anaconda3/envs/learning_scraper/lib/python3.11/site-packages/airflow/example_dags/example_task_group_decorator.py
[2023-08-20T21:14:42.901-0400] {logging_mixin.py:150} INFO - [2023-08-20T21:14:42.900-0400] {dag.py:2742} INFO - Sync 1 DAGs
[2023-08-20T21:14:42.921-0400] {logging_mixin.py:150} INFO - [2023-08-20T21:14:42.921-0400] {dag.py:3504} INFO - Setting next_dagrun for example_task_group_decorator to 2023-08-20T01:14:42.921392+00:00, run_after=2023-08-21T01:14:42.921392+00:00
[2023-08-20T21:14:42.953-0400] {processor.py:179} INFO - Processing /home/mnguyen0226/anaconda3/envs/learning_scraper/lib/python3.11/site-packages/airflow/example_dags/example_task_group_decorator.py took 0.109 seconds
[2023-08-20T21:15:20.286-0400] {processor.py:157} INFO - Started process (PID=86366) to work on /home/mnguyen0226/anaconda3/envs/learning_scraper/lib/python3.11/site-packages/airflow/example_dags/example_task_group_decorator.py
[2023-08-20T21:15:20.287-0400] {processor.py:826} INFO - Processing file /home/mnguyen0226/anaconda3/envs/learning_scraper/lib/python3.11/site-packages/airflow/example_dags/example_task_group_decorator.py for tasks to queue
[2023-08-20T21:15:20.288-0400] {logging_mixin.py:150} INFO - [2023-08-20T21:15:20.288-0400] {dagbag.py:541} INFO - Filling up the DagBag from /home/mnguyen0226/anaconda3/envs/learning_scraper/lib/python3.11/site-packages/airflow/example_dags/example_task_group_decorator.py
[2023-08-20T21:15:20.313-0400] {processor.py:836} INFO - DAG(s) dict_keys(['example_task_group_decorator']) retrieved from /home/mnguyen0226/anaconda3/envs/learning_scraper/lib/python3.11/site-packages/airflow/example_dags/example_task_group_decorator.py
[2023-08-20T21:15:20.333-0400] {logging_mixin.py:150} INFO - [2023-08-20T21:15:20.333-0400] {dag.py:2742} INFO - Sync 1 DAGs
[2023-08-20T21:15:20.347-0400] {logging_mixin.py:150} INFO - [2023-08-20T21:15:20.347-0400] {dag.py:3504} INFO - Setting next_dagrun for example_task_group_decorator to 2023-08-20T01:15:20.347269+00:00, run_after=2023-08-21T01:15:20.347269+00:00
[2023-08-20T21:15:20.369-0400] {processor.py:179} INFO - Processing /home/mnguyen0226/anaconda3/envs/learning_scraper/lib/python3.11/site-packages/airflow/example_dags/example_task_group_decorator.py took 0.088 seconds
[2023-08-20T21:16:07.344-0400] {processor.py:157} INFO - Started process (PID=86508) to work on /home/mnguyen0226/anaconda3/envs/learning_scraper/lib/python3.11/site-packages/airflow/example_dags/example_task_group_decorator.py
[2023-08-20T21:16:07.345-0400] {processor.py:826} INFO - Processing file /home/mnguyen0226/anaconda3/envs/learning_scraper/lib/python3.11/site-packages/airflow/example_dags/example_task_group_decorator.py for tasks to queue
[2023-08-20T21:16:07.346-0400] {logging_mixin.py:150} INFO - [2023-08-20T21:16:07.346-0400] {dagbag.py:541} INFO - Filling up the DagBag from /home/mnguyen0226/anaconda3/envs/learning_scraper/lib/python3.11/site-packages/airflow/example_dags/example_task_group_decorator.py
[2023-08-20T21:16:07.365-0400] {processor.py:836} INFO - DAG(s) dict_keys(['example_task_group_decorator']) retrieved from /home/mnguyen0226/anaconda3/envs/learning_scraper/lib/python3.11/site-packages/airflow/example_dags/example_task_group_decorator.py
[2023-08-20T21:16:07.394-0400] {logging_mixin.py:150} INFO - [2023-08-20T21:16:07.394-0400] {dag.py:2742} INFO - Sync 1 DAGs
[2023-08-20T21:16:07.415-0400] {logging_mixin.py:150} INFO - [2023-08-20T21:16:07.415-0400] {dag.py:3504} INFO - Setting next_dagrun for example_task_group_decorator to 2023-08-20T01:16:07.415252+00:00, run_after=2023-08-21T01:16:07.415252+00:00
[2023-08-20T21:16:07.438-0400] {processor.py:179} INFO - Processing /home/mnguyen0226/anaconda3/envs/learning_scraper/lib/python3.11/site-packages/airflow/example_dags/example_task_group_decorator.py took 0.098 seconds
[2023-08-20T21:16:43.742-0400] {processor.py:157} INFO - Started process (PID=86812) to work on /home/mnguyen0226/anaconda3/envs/learning_scraper/lib/python3.11/site-packages/airflow/example_dags/example_task_group_decorator.py
[2023-08-20T21:16:43.744-0400] {processor.py:826} INFO - Processing file /home/mnguyen0226/anaconda3/envs/learning_scraper/lib/python3.11/site-packages/airflow/example_dags/example_task_group_decorator.py for tasks to queue
[2023-08-20T21:16:43.744-0400] {logging_mixin.py:150} INFO - [2023-08-20T21:16:43.744-0400] {dagbag.py:541} INFO - Filling up the DagBag from /home/mnguyen0226/anaconda3/envs/learning_scraper/lib/python3.11/site-packages/airflow/example_dags/example_task_group_decorator.py
[2023-08-20T21:16:43.761-0400] {processor.py:836} INFO - DAG(s) dict_keys(['example_task_group_decorator']) retrieved from /home/mnguyen0226/anaconda3/envs/learning_scraper/lib/python3.11/site-packages/airflow/example_dags/example_task_group_decorator.py
[2023-08-20T21:16:43.780-0400] {logging_mixin.py:150} INFO - [2023-08-20T21:16:43.780-0400] {dag.py:2742} INFO - Sync 1 DAGs
[2023-08-20T21:16:43.797-0400] {logging_mixin.py:150} INFO - [2023-08-20T21:16:43.797-0400] {dag.py:3504} INFO - Setting next_dagrun for example_task_group_decorator to 2023-08-20T01:16:43.797245+00:00, run_after=2023-08-21T01:16:43.797245+00:00
[2023-08-20T21:16:43.825-0400] {processor.py:179} INFO - Processing /home/mnguyen0226/anaconda3/envs/learning_scraper/lib/python3.11/site-packages/airflow/example_dags/example_task_group_decorator.py took 0.086 seconds
[2023-08-20T21:17:20.931-0400] {processor.py:157} INFO - Started process (PID=87016) to work on /home/mnguyen0226/anaconda3/envs/learning_scraper/lib/python3.11/site-packages/airflow/example_dags/example_task_group_decorator.py
[2023-08-20T21:17:20.932-0400] {processor.py:826} INFO - Processing file /home/mnguyen0226/anaconda3/envs/learning_scraper/lib/python3.11/site-packages/airflow/example_dags/example_task_group_decorator.py for tasks to queue
[2023-08-20T21:17:20.933-0400] {logging_mixin.py:150} INFO - [2023-08-20T21:17:20.933-0400] {dagbag.py:541} INFO - Filling up the DagBag from /home/mnguyen0226/anaconda3/envs/learning_scraper/lib/python3.11/site-packages/airflow/example_dags/example_task_group_decorator.py
[2023-08-20T21:17:20.952-0400] {processor.py:836} INFO - DAG(s) dict_keys(['example_task_group_decorator']) retrieved from /home/mnguyen0226/anaconda3/envs/learning_scraper/lib/python3.11/site-packages/airflow/example_dags/example_task_group_decorator.py
[2023-08-20T21:17:20.969-0400] {logging_mixin.py:150} INFO - [2023-08-20T21:17:20.968-0400] {dag.py:2742} INFO - Sync 1 DAGs
[2023-08-20T21:17:20.984-0400] {logging_mixin.py:150} INFO - [2023-08-20T21:17:20.984-0400] {dag.py:3504} INFO - Setting next_dagrun for example_task_group_decorator to 2023-08-20T01:17:20.984014+00:00, run_after=2023-08-21T01:17:20.984014+00:00
[2023-08-20T21:17:21.006-0400] {processor.py:179} INFO - Processing /home/mnguyen0226/anaconda3/envs/learning_scraper/lib/python3.11/site-packages/airflow/example_dags/example_task_group_decorator.py took 0.077 seconds
[2023-08-20T21:17:56.151-0400] {processor.py:157} INFO - Started process (PID=87216) to work on /home/mnguyen0226/anaconda3/envs/learning_scraper/lib/python3.11/site-packages/airflow/example_dags/example_task_group_decorator.py
[2023-08-20T21:17:56.152-0400] {processor.py:826} INFO - Processing file /home/mnguyen0226/anaconda3/envs/learning_scraper/lib/python3.11/site-packages/airflow/example_dags/example_task_group_decorator.py for tasks to queue
[2023-08-20T21:17:56.153-0400] {logging_mixin.py:150} INFO - [2023-08-20T21:17:56.153-0400] {dagbag.py:541} INFO - Filling up the DagBag from /home/mnguyen0226/anaconda3/envs/learning_scraper/lib/python3.11/site-packages/airflow/example_dags/example_task_group_decorator.py
[2023-08-20T21:17:56.178-0400] {processor.py:836} INFO - DAG(s) dict_keys(['example_task_group_decorator']) retrieved from /home/mnguyen0226/anaconda3/envs/learning_scraper/lib/python3.11/site-packages/airflow/example_dags/example_task_group_decorator.py
[2023-08-20T21:17:56.197-0400] {logging_mixin.py:150} INFO - [2023-08-20T21:17:56.197-0400] {dag.py:2742} INFO - Sync 1 DAGs
[2023-08-20T21:17:56.211-0400] {logging_mixin.py:150} INFO - [2023-08-20T21:17:56.211-0400] {dag.py:3504} INFO - Setting next_dagrun for example_task_group_decorator to 2023-08-20T01:17:56.210854+00:00, run_after=2023-08-21T01:17:56.210854+00:00
[2023-08-20T21:17:56.240-0400] {processor.py:179} INFO - Processing /home/mnguyen0226/anaconda3/envs/learning_scraper/lib/python3.11/site-packages/airflow/example_dags/example_task_group_decorator.py took 0.092 seconds
[2023-08-20T21:18:33.372-0400] {processor.py:157} INFO - Started process (PID=87382) to work on /home/mnguyen0226/anaconda3/envs/learning_scraper/lib/python3.11/site-packages/airflow/example_dags/example_task_group_decorator.py
[2023-08-20T21:18:33.382-0400] {processor.py:826} INFO - Processing file /home/mnguyen0226/anaconda3/envs/learning_scraper/lib/python3.11/site-packages/airflow/example_dags/example_task_group_decorator.py for tasks to queue
[2023-08-20T21:18:33.383-0400] {logging_mixin.py:150} INFO - [2023-08-20T21:18:33.383-0400] {dagbag.py:541} INFO - Filling up the DagBag from /home/mnguyen0226/anaconda3/envs/learning_scraper/lib/python3.11/site-packages/airflow/example_dags/example_task_group_decorator.py
[2023-08-20T21:18:33.408-0400] {processor.py:836} INFO - DAG(s) dict_keys(['example_task_group_decorator']) retrieved from /home/mnguyen0226/anaconda3/envs/learning_scraper/lib/python3.11/site-packages/airflow/example_dags/example_task_group_decorator.py
[2023-08-20T21:18:33.431-0400] {logging_mixin.py:150} INFO - [2023-08-20T21:18:33.431-0400] {dag.py:2742} INFO - Sync 1 DAGs
[2023-08-20T21:18:33.445-0400] {logging_mixin.py:150} INFO - [2023-08-20T21:18:33.445-0400] {dag.py:3504} INFO - Setting next_dagrun for example_task_group_decorator to 2023-08-20T01:18:33.445128+00:00, run_after=2023-08-21T01:18:33.445128+00:00
[2023-08-20T21:18:33.469-0400] {processor.py:179} INFO - Processing /home/mnguyen0226/anaconda3/envs/learning_scraper/lib/python3.11/site-packages/airflow/example_dags/example_task_group_decorator.py took 0.102 seconds
[2023-08-20T21:19:10.865-0400] {processor.py:157} INFO - Started process (PID=87592) to work on /home/mnguyen0226/anaconda3/envs/learning_scraper/lib/python3.11/site-packages/airflow/example_dags/example_task_group_decorator.py
[2023-08-20T21:19:10.875-0400] {processor.py:826} INFO - Processing file /home/mnguyen0226/anaconda3/envs/learning_scraper/lib/python3.11/site-packages/airflow/example_dags/example_task_group_decorator.py for tasks to queue
[2023-08-20T21:19:10.876-0400] {logging_mixin.py:150} INFO - [2023-08-20T21:19:10.875-0400] {dagbag.py:541} INFO - Filling up the DagBag from /home/mnguyen0226/anaconda3/envs/learning_scraper/lib/python3.11/site-packages/airflow/example_dags/example_task_group_decorator.py
[2023-08-20T21:19:10.959-0400] {processor.py:836} INFO - DAG(s) dict_keys(['example_task_group_decorator']) retrieved from /home/mnguyen0226/anaconda3/envs/learning_scraper/lib/python3.11/site-packages/airflow/example_dags/example_task_group_decorator.py
[2023-08-20T21:19:10.981-0400] {logging_mixin.py:150} INFO - [2023-08-20T21:19:10.981-0400] {dag.py:2742} INFO - Sync 1 DAGs
[2023-08-20T21:19:11.006-0400] {logging_mixin.py:150} INFO - [2023-08-20T21:19:11.006-0400] {dag.py:3504} INFO - Setting next_dagrun for example_task_group_decorator to 2023-08-20T01:19:11.006013+00:00, run_after=2023-08-21T01:19:11.006013+00:00
[2023-08-20T21:19:11.040-0400] {processor.py:179} INFO - Processing /home/mnguyen0226/anaconda3/envs/learning_scraper/lib/python3.11/site-packages/airflow/example_dags/example_task_group_decorator.py took 0.199 seconds
[2023-08-20T21:19:46.155-0400] {processor.py:157} INFO - Started process (PID=87889) to work on /home/mnguyen0226/anaconda3/envs/learning_scraper/lib/python3.11/site-packages/airflow/example_dags/example_task_group_decorator.py
[2023-08-20T21:19:46.156-0400] {processor.py:826} INFO - Processing file /home/mnguyen0226/anaconda3/envs/learning_scraper/lib/python3.11/site-packages/airflow/example_dags/example_task_group_decorator.py for tasks to queue
[2023-08-20T21:19:46.157-0400] {logging_mixin.py:150} INFO - [2023-08-20T21:19:46.157-0400] {dagbag.py:541} INFO - Filling up the DagBag from /home/mnguyen0226/anaconda3/envs/learning_scraper/lib/python3.11/site-packages/airflow/example_dags/example_task_group_decorator.py
[2023-08-20T21:19:46.179-0400] {processor.py:836} INFO - DAG(s) dict_keys(['example_task_group_decorator']) retrieved from /home/mnguyen0226/anaconda3/envs/learning_scraper/lib/python3.11/site-packages/airflow/example_dags/example_task_group_decorator.py
[2023-08-20T21:19:46.196-0400] {logging_mixin.py:150} INFO - [2023-08-20T21:19:46.196-0400] {dag.py:2742} INFO - Sync 1 DAGs
[2023-08-20T21:19:46.212-0400] {logging_mixin.py:150} INFO - [2023-08-20T21:19:46.211-0400] {dag.py:3504} INFO - Setting next_dagrun for example_task_group_decorator to 2023-08-20T01:19:46.211807+00:00, run_after=2023-08-21T01:19:46.211807+00:00
[2023-08-20T21:19:46.233-0400] {processor.py:179} INFO - Processing /home/mnguyen0226/anaconda3/envs/learning_scraper/lib/python3.11/site-packages/airflow/example_dags/example_task_group_decorator.py took 0.083 seconds
[2023-08-20T21:20:21.028-0400] {processor.py:157} INFO - Started process (PID=88125) to work on /home/mnguyen0226/anaconda3/envs/learning_scraper/lib/python3.11/site-packages/airflow/example_dags/example_task_group_decorator.py
[2023-08-20T21:20:21.028-0400] {processor.py:826} INFO - Processing file /home/mnguyen0226/anaconda3/envs/learning_scraper/lib/python3.11/site-packages/airflow/example_dags/example_task_group_decorator.py for tasks to queue
[2023-08-20T21:20:21.031-0400] {logging_mixin.py:150} INFO - [2023-08-20T21:20:21.031-0400] {dagbag.py:541} INFO - Filling up the DagBag from /home/mnguyen0226/anaconda3/envs/learning_scraper/lib/python3.11/site-packages/airflow/example_dags/example_task_group_decorator.py
[2023-08-20T21:20:21.053-0400] {processor.py:836} INFO - DAG(s) dict_keys(['example_task_group_decorator']) retrieved from /home/mnguyen0226/anaconda3/envs/learning_scraper/lib/python3.11/site-packages/airflow/example_dags/example_task_group_decorator.py
[2023-08-20T21:20:21.074-0400] {logging_mixin.py:150} INFO - [2023-08-20T21:20:21.074-0400] {dag.py:2742} INFO - Sync 1 DAGs
[2023-08-20T21:20:21.094-0400] {logging_mixin.py:150} INFO - [2023-08-20T21:20:21.094-0400] {dag.py:3504} INFO - Setting next_dagrun for example_task_group_decorator to 2023-08-20T01:20:21.094437+00:00, run_after=2023-08-21T01:20:21.094437+00:00
[2023-08-20T21:20:21.120-0400] {processor.py:179} INFO - Processing /home/mnguyen0226/anaconda3/envs/learning_scraper/lib/python3.11/site-packages/airflow/example_dags/example_task_group_decorator.py took 0.099 seconds
[2023-08-20T21:20:56.886-0400] {processor.py:157} INFO - Started process (PID=88267) to work on /home/mnguyen0226/anaconda3/envs/learning_scraper/lib/python3.11/site-packages/airflow/example_dags/example_task_group_decorator.py
[2023-08-20T21:20:56.887-0400] {processor.py:826} INFO - Processing file /home/mnguyen0226/anaconda3/envs/learning_scraper/lib/python3.11/site-packages/airflow/example_dags/example_task_group_decorator.py for tasks to queue
[2023-08-20T21:20:56.889-0400] {logging_mixin.py:150} INFO - [2023-08-20T21:20:56.888-0400] {dagbag.py:541} INFO - Filling up the DagBag from /home/mnguyen0226/anaconda3/envs/learning_scraper/lib/python3.11/site-packages/airflow/example_dags/example_task_group_decorator.py
[2023-08-20T21:20:56.913-0400] {processor.py:836} INFO - DAG(s) dict_keys(['example_task_group_decorator']) retrieved from /home/mnguyen0226/anaconda3/envs/learning_scraper/lib/python3.11/site-packages/airflow/example_dags/example_task_group_decorator.py
[2023-08-20T21:20:56.935-0400] {logging_mixin.py:150} INFO - [2023-08-20T21:20:56.934-0400] {dag.py:2742} INFO - Sync 1 DAGs
[2023-08-20T21:20:56.950-0400] {logging_mixin.py:150} INFO - [2023-08-20T21:20:56.950-0400] {dag.py:3504} INFO - Setting next_dagrun for example_task_group_decorator to 2023-08-20T01:20:56.949938+00:00, run_after=2023-08-21T01:20:56.949938+00:00
[2023-08-20T21:20:56.971-0400] {processor.py:179} INFO - Processing /home/mnguyen0226/anaconda3/envs/learning_scraper/lib/python3.11/site-packages/airflow/example_dags/example_task_group_decorator.py took 0.090 seconds
