[2023-08-20T21:00:37.248-0400] {processor.py:157} INFO - Started process (PID=80528) to work on /home/mnguyen0226/anaconda3/envs/learning_scraper/lib/python3.11/site-packages/airflow/example_dags/example_sensor_decorator.py
[2023-08-20T21:00:37.249-0400] {processor.py:826} INFO - Processing file /home/mnguyen0226/anaconda3/envs/learning_scraper/lib/python3.11/site-packages/airflow/example_dags/example_sensor_decorator.py for tasks to queue
[2023-08-20T21:00:37.250-0400] {logging_mixin.py:150} INFO - [2023-08-20T21:00:37.250-0400] {dagbag.py:541} INFO - Filling up the DagBag from /home/mnguyen0226/anaconda3/envs/learning_scraper/lib/python3.11/site-packages/airflow/example_dags/example_sensor_decorator.py
[2023-08-20T21:00:37.258-0400] {processor.py:836} INFO - DAG(s) dict_keys(['example_sensor_decorator']) retrieved from /home/mnguyen0226/anaconda3/envs/learning_scraper/lib/python3.11/site-packages/airflow/example_dags/example_sensor_decorator.py
[2023-08-20T21:00:37.279-0400] {logging_mixin.py:150} INFO - [2023-08-20T21:00:37.279-0400] {dag.py:2742} INFO - Sync 1 DAGs
[2023-08-20T21:00:37.300-0400] {logging_mixin.py:150} INFO - [2023-08-20T21:00:37.300-0400] {dag.py:3504} INFO - Setting next_dagrun for example_sensor_decorator to None, run_after=None
[2023-08-20T21:00:37.339-0400] {processor.py:179} INFO - Processing /home/mnguyen0226/anaconda3/envs/learning_scraper/lib/python3.11/site-packages/airflow/example_dags/example_sensor_decorator.py took 0.094 seconds
[2023-08-20T21:01:22.743-0400] {processor.py:157} INFO - Started process (PID=80944) to work on /home/mnguyen0226/anaconda3/envs/learning_scraper/lib/python3.11/site-packages/airflow/example_dags/example_sensor_decorator.py
[2023-08-20T21:01:22.744-0400] {processor.py:826} INFO - Processing file /home/mnguyen0226/anaconda3/envs/learning_scraper/lib/python3.11/site-packages/airflow/example_dags/example_sensor_decorator.py for tasks to queue
[2023-08-20T21:01:22.744-0400] {logging_mixin.py:150} INFO - [2023-08-20T21:01:22.744-0400] {dagbag.py:541} INFO - Filling up the DagBag from /home/mnguyen0226/anaconda3/envs/learning_scraper/lib/python3.11/site-packages/airflow/example_dags/example_sensor_decorator.py
[2023-08-20T21:01:22.750-0400] {processor.py:836} INFO - DAG(s) dict_keys(['example_sensor_decorator']) retrieved from /home/mnguyen0226/anaconda3/envs/learning_scraper/lib/python3.11/site-packages/airflow/example_dags/example_sensor_decorator.py
[2023-08-20T21:01:22.765-0400] {logging_mixin.py:150} INFO - [2023-08-20T21:01:22.765-0400] {dag.py:2742} INFO - Sync 1 DAGs
[2023-08-20T21:01:22.782-0400] {logging_mixin.py:150} INFO - [2023-08-20T21:01:22.782-0400] {dag.py:3504} INFO - Setting next_dagrun for example_sensor_decorator to None, run_after=None
[2023-08-20T21:01:22.805-0400] {processor.py:179} INFO - Processing /home/mnguyen0226/anaconda3/envs/learning_scraper/lib/python3.11/site-packages/airflow/example_dags/example_sensor_decorator.py took 0.064 seconds
[2023-08-20T21:03:35.424-0400] {processor.py:157} INFO - Started process (PID=81901) to work on /home/mnguyen0226/anaconda3/envs/learning_scraper/lib/python3.11/site-packages/airflow/example_dags/example_sensor_decorator.py
[2023-08-20T21:03:35.434-0400] {processor.py:826} INFO - Processing file /home/mnguyen0226/anaconda3/envs/learning_scraper/lib/python3.11/site-packages/airflow/example_dags/example_sensor_decorator.py for tasks to queue
[2023-08-20T21:03:35.435-0400] {logging_mixin.py:150} INFO - [2023-08-20T21:03:35.435-0400] {dagbag.py:541} INFO - Filling up the DagBag from /home/mnguyen0226/anaconda3/envs/learning_scraper/lib/python3.11/site-packages/airflow/example_dags/example_sensor_decorator.py
[2023-08-20T21:03:35.444-0400] {processor.py:836} INFO - DAG(s) dict_keys(['example_sensor_decorator']) retrieved from /home/mnguyen0226/anaconda3/envs/learning_scraper/lib/python3.11/site-packages/airflow/example_dags/example_sensor_decorator.py
[2023-08-20T21:03:35.464-0400] {logging_mixin.py:150} INFO - [2023-08-20T21:03:35.463-0400] {dag.py:2742} INFO - Sync 1 DAGs
[2023-08-20T21:03:35.491-0400] {logging_mixin.py:150} INFO - [2023-08-20T21:03:35.491-0400] {dag.py:3504} INFO - Setting next_dagrun for example_sensor_decorator to None, run_after=None
[2023-08-20T21:03:35.522-0400] {processor.py:179} INFO - Processing /home/mnguyen0226/anaconda3/envs/learning_scraper/lib/python3.11/site-packages/airflow/example_dags/example_sensor_decorator.py took 0.102 seconds
[2023-08-20T21:04:21.957-0400] {processor.py:157} INFO - Started process (PID=83020) to work on /home/mnguyen0226/anaconda3/envs/learning_scraper/lib/python3.11/site-packages/airflow/example_dags/example_sensor_decorator.py
[2023-08-20T21:04:21.958-0400] {processor.py:826} INFO - Processing file /home/mnguyen0226/anaconda3/envs/learning_scraper/lib/python3.11/site-packages/airflow/example_dags/example_sensor_decorator.py for tasks to queue
[2023-08-20T21:04:21.959-0400] {logging_mixin.py:150} INFO - [2023-08-20T21:04:21.959-0400] {dagbag.py:541} INFO - Filling up the DagBag from /home/mnguyen0226/anaconda3/envs/learning_scraper/lib/python3.11/site-packages/airflow/example_dags/example_sensor_decorator.py
[2023-08-20T21:04:21.972-0400] {processor.py:836} INFO - DAG(s) dict_keys(['example_sensor_decorator']) retrieved from /home/mnguyen0226/anaconda3/envs/learning_scraper/lib/python3.11/site-packages/airflow/example_dags/example_sensor_decorator.py
[2023-08-20T21:04:22.006-0400] {logging_mixin.py:150} INFO - [2023-08-20T21:04:22.006-0400] {dag.py:2742} INFO - Sync 1 DAGs
[2023-08-20T21:04:22.031-0400] {logging_mixin.py:150} INFO - [2023-08-20T21:04:22.031-0400] {dag.py:3504} INFO - Setting next_dagrun for example_sensor_decorator to None, run_after=None
[2023-08-20T21:04:22.054-0400] {processor.py:179} INFO - Processing /home/mnguyen0226/anaconda3/envs/learning_scraper/lib/python3.11/site-packages/airflow/example_dags/example_sensor_decorator.py took 0.102 seconds
[2023-08-20T21:05:14.084-0400] {processor.py:157} INFO - Started process (PID=83300) to work on /home/mnguyen0226/anaconda3/envs/learning_scraper/lib/python3.11/site-packages/airflow/example_dags/example_sensor_decorator.py
[2023-08-20T21:05:14.085-0400] {processor.py:826} INFO - Processing file /home/mnguyen0226/anaconda3/envs/learning_scraper/lib/python3.11/site-packages/airflow/example_dags/example_sensor_decorator.py for tasks to queue
[2023-08-20T21:05:14.086-0400] {logging_mixin.py:150} INFO - [2023-08-20T21:05:14.085-0400] {dagbag.py:541} INFO - Filling up the DagBag from /home/mnguyen0226/anaconda3/envs/learning_scraper/lib/python3.11/site-packages/airflow/example_dags/example_sensor_decorator.py
[2023-08-20T21:05:14.092-0400] {processor.py:836} INFO - DAG(s) dict_keys(['example_sensor_decorator']) retrieved from /home/mnguyen0226/anaconda3/envs/learning_scraper/lib/python3.11/site-packages/airflow/example_dags/example_sensor_decorator.py
[2023-08-20T21:05:14.105-0400] {logging_mixin.py:150} INFO - [2023-08-20T21:05:14.104-0400] {dag.py:2742} INFO - Sync 1 DAGs
[2023-08-20T21:05:14.121-0400] {logging_mixin.py:150} INFO - [2023-08-20T21:05:14.121-0400] {dag.py:3504} INFO - Setting next_dagrun for example_sensor_decorator to None, run_after=None
[2023-08-20T21:05:14.152-0400] {processor.py:179} INFO - Processing /home/mnguyen0226/anaconda3/envs/learning_scraper/lib/python3.11/site-packages/airflow/example_dags/example_sensor_decorator.py took 0.070 seconds
[2023-08-20T21:06:05.815-0400] {processor.py:157} INFO - Started process (PID=83541) to work on /home/mnguyen0226/anaconda3/envs/learning_scraper/lib/python3.11/site-packages/airflow/example_dags/example_sensor_decorator.py
[2023-08-20T21:06:05.816-0400] {processor.py:826} INFO - Processing file /home/mnguyen0226/anaconda3/envs/learning_scraper/lib/python3.11/site-packages/airflow/example_dags/example_sensor_decorator.py for tasks to queue
[2023-08-20T21:06:05.817-0400] {logging_mixin.py:150} INFO - [2023-08-20T21:06:05.817-0400] {dagbag.py:541} INFO - Filling up the DagBag from /home/mnguyen0226/anaconda3/envs/learning_scraper/lib/python3.11/site-packages/airflow/example_dags/example_sensor_decorator.py
[2023-08-20T21:06:05.828-0400] {processor.py:836} INFO - DAG(s) dict_keys(['example_sensor_decorator']) retrieved from /home/mnguyen0226/anaconda3/envs/learning_scraper/lib/python3.11/site-packages/airflow/example_dags/example_sensor_decorator.py
[2023-08-20T21:06:05.863-0400] {logging_mixin.py:150} INFO - [2023-08-20T21:06:05.863-0400] {dag.py:2742} INFO - Sync 1 DAGs
[2023-08-20T21:06:05.904-0400] {logging_mixin.py:150} INFO - [2023-08-20T21:06:05.904-0400] {dag.py:3504} INFO - Setting next_dagrun for example_sensor_decorator to None, run_after=None
[2023-08-20T21:06:05.942-0400] {processor.py:179} INFO - Processing /home/mnguyen0226/anaconda3/envs/learning_scraper/lib/python3.11/site-packages/airflow/example_dags/example_sensor_decorator.py took 0.132 seconds
[2023-08-20T21:07:04.442-0400] {processor.py:157} INFO - Started process (PID=83813) to work on /home/mnguyen0226/anaconda3/envs/learning_scraper/lib/python3.11/site-packages/airflow/example_dags/example_sensor_decorator.py
[2023-08-20T21:07:04.451-0400] {processor.py:826} INFO - Processing file /home/mnguyen0226/anaconda3/envs/learning_scraper/lib/python3.11/site-packages/airflow/example_dags/example_sensor_decorator.py for tasks to queue
[2023-08-20T21:07:04.453-0400] {logging_mixin.py:150} INFO - [2023-08-20T21:07:04.452-0400] {dagbag.py:541} INFO - Filling up the DagBag from /home/mnguyen0226/anaconda3/envs/learning_scraper/lib/python3.11/site-packages/airflow/example_dags/example_sensor_decorator.py
[2023-08-20T21:07:04.462-0400] {processor.py:836} INFO - DAG(s) dict_keys(['example_sensor_decorator']) retrieved from /home/mnguyen0226/anaconda3/envs/learning_scraper/lib/python3.11/site-packages/airflow/example_dags/example_sensor_decorator.py
[2023-08-20T21:07:04.487-0400] {logging_mixin.py:150} INFO - [2023-08-20T21:07:04.487-0400] {dag.py:2742} INFO - Sync 1 DAGs
[2023-08-20T21:07:04.599-0400] {logging_mixin.py:150} INFO - [2023-08-20T21:07:04.598-0400] {dag.py:3504} INFO - Setting next_dagrun for example_sensor_decorator to None, run_after=None
[2023-08-20T21:07:04.621-0400] {processor.py:179} INFO - Processing /home/mnguyen0226/anaconda3/envs/learning_scraper/lib/python3.11/site-packages/airflow/example_dags/example_sensor_decorator.py took 0.184 seconds
[2023-08-20T21:08:06.869-0400] {processor.py:157} INFO - Started process (PID=84026) to work on /home/mnguyen0226/anaconda3/envs/learning_scraper/lib/python3.11/site-packages/airflow/example_dags/example_sensor_decorator.py
[2023-08-20T21:08:06.878-0400] {processor.py:826} INFO - Processing file /home/mnguyen0226/anaconda3/envs/learning_scraper/lib/python3.11/site-packages/airflow/example_dags/example_sensor_decorator.py for tasks to queue
[2023-08-20T21:08:06.880-0400] {logging_mixin.py:150} INFO - [2023-08-20T21:08:06.879-0400] {dagbag.py:541} INFO - Filling up the DagBag from /home/mnguyen0226/anaconda3/envs/learning_scraper/lib/python3.11/site-packages/airflow/example_dags/example_sensor_decorator.py
[2023-08-20T21:08:06.890-0400] {processor.py:836} INFO - DAG(s) dict_keys(['example_sensor_decorator']) retrieved from /home/mnguyen0226/anaconda3/envs/learning_scraper/lib/python3.11/site-packages/airflow/example_dags/example_sensor_decorator.py
[2023-08-20T21:08:06.916-0400] {logging_mixin.py:150} INFO - [2023-08-20T21:08:06.916-0400] {dag.py:2742} INFO - Sync 1 DAGs
[2023-08-20T21:08:06.946-0400] {logging_mixin.py:150} INFO - [2023-08-20T21:08:06.946-0400] {dag.py:3504} INFO - Setting next_dagrun for example_sensor_decorator to None, run_after=None
[2023-08-20T21:08:06.973-0400] {processor.py:179} INFO - Processing /home/mnguyen0226/anaconda3/envs/learning_scraper/lib/python3.11/site-packages/airflow/example_dags/example_sensor_decorator.py took 0.108 seconds
[2023-08-20T21:08:59.553-0400] {processor.py:157} INFO - Started process (PID=84299) to work on /home/mnguyen0226/anaconda3/envs/learning_scraper/lib/python3.11/site-packages/airflow/example_dags/example_sensor_decorator.py
[2023-08-20T21:08:59.563-0400] {processor.py:826} INFO - Processing file /home/mnguyen0226/anaconda3/envs/learning_scraper/lib/python3.11/site-packages/airflow/example_dags/example_sensor_decorator.py for tasks to queue
[2023-08-20T21:08:59.564-0400] {logging_mixin.py:150} INFO - [2023-08-20T21:08:59.563-0400] {dagbag.py:541} INFO - Filling up the DagBag from /home/mnguyen0226/anaconda3/envs/learning_scraper/lib/python3.11/site-packages/airflow/example_dags/example_sensor_decorator.py
[2023-08-20T21:08:59.573-0400] {processor.py:836} INFO - DAG(s) dict_keys(['example_sensor_decorator']) retrieved from /home/mnguyen0226/anaconda3/envs/learning_scraper/lib/python3.11/site-packages/airflow/example_dags/example_sensor_decorator.py
[2023-08-20T21:08:59.596-0400] {logging_mixin.py:150} INFO - [2023-08-20T21:08:59.596-0400] {dag.py:2742} INFO - Sync 1 DAGs
[2023-08-20T21:08:59.613-0400] {logging_mixin.py:150} INFO - [2023-08-20T21:08:59.613-0400] {dag.py:3504} INFO - Setting next_dagrun for example_sensor_decorator to None, run_after=None
[2023-08-20T21:08:59.634-0400] {processor.py:179} INFO - Processing /home/mnguyen0226/anaconda3/envs/learning_scraper/lib/python3.11/site-packages/airflow/example_dags/example_sensor_decorator.py took 0.086 seconds
[2023-08-20T21:09:53.863-0400] {processor.py:157} INFO - Started process (PID=84588) to work on /home/mnguyen0226/anaconda3/envs/learning_scraper/lib/python3.11/site-packages/airflow/example_dags/example_sensor_decorator.py
[2023-08-20T21:09:53.863-0400] {processor.py:826} INFO - Processing file /home/mnguyen0226/anaconda3/envs/learning_scraper/lib/python3.11/site-packages/airflow/example_dags/example_sensor_decorator.py for tasks to queue
[2023-08-20T21:09:53.864-0400] {logging_mixin.py:150} INFO - [2023-08-20T21:09:53.864-0400] {dagbag.py:541} INFO - Filling up the DagBag from /home/mnguyen0226/anaconda3/envs/learning_scraper/lib/python3.11/site-packages/airflow/example_dags/example_sensor_decorator.py
[2023-08-20T21:09:53.871-0400] {processor.py:836} INFO - DAG(s) dict_keys(['example_sensor_decorator']) retrieved from /home/mnguyen0226/anaconda3/envs/learning_scraper/lib/python3.11/site-packages/airflow/example_dags/example_sensor_decorator.py
[2023-08-20T21:09:53.888-0400] {logging_mixin.py:150} INFO - [2023-08-20T21:09:53.888-0400] {dag.py:2742} INFO - Sync 1 DAGs
[2023-08-20T21:09:53.905-0400] {logging_mixin.py:150} INFO - [2023-08-20T21:09:53.905-0400] {dag.py:3504} INFO - Setting next_dagrun for example_sensor_decorator to None, run_after=None
[2023-08-20T21:09:53.932-0400] {processor.py:179} INFO - Processing /home/mnguyen0226/anaconda3/envs/learning_scraper/lib/python3.11/site-packages/airflow/example_dags/example_sensor_decorator.py took 0.071 seconds
[2023-08-20T21:10:52.330-0400] {processor.py:157} INFO - Started process (PID=84840) to work on /home/mnguyen0226/anaconda3/envs/learning_scraper/lib/python3.11/site-packages/airflow/example_dags/example_sensor_decorator.py
[2023-08-20T21:10:52.339-0400] {processor.py:826} INFO - Processing file /home/mnguyen0226/anaconda3/envs/learning_scraper/lib/python3.11/site-packages/airflow/example_dags/example_sensor_decorator.py for tasks to queue
[2023-08-20T21:10:52.341-0400] {logging_mixin.py:150} INFO - [2023-08-20T21:10:52.340-0400] {dagbag.py:541} INFO - Filling up the DagBag from /home/mnguyen0226/anaconda3/envs/learning_scraper/lib/python3.11/site-packages/airflow/example_dags/example_sensor_decorator.py
[2023-08-20T21:10:52.350-0400] {processor.py:836} INFO - DAG(s) dict_keys(['example_sensor_decorator']) retrieved from /home/mnguyen0226/anaconda3/envs/learning_scraper/lib/python3.11/site-packages/airflow/example_dags/example_sensor_decorator.py
[2023-08-20T21:10:52.377-0400] {logging_mixin.py:150} INFO - [2023-08-20T21:10:52.377-0400] {dag.py:2742} INFO - Sync 1 DAGs
[2023-08-20T21:10:52.410-0400] {logging_mixin.py:150} INFO - [2023-08-20T21:10:52.410-0400] {dag.py:3504} INFO - Setting next_dagrun for example_sensor_decorator to None, run_after=None
[2023-08-20T21:10:52.451-0400] {processor.py:179} INFO - Processing /home/mnguyen0226/anaconda3/envs/learning_scraper/lib/python3.11/site-packages/airflow/example_dags/example_sensor_decorator.py took 0.125 seconds
[2023-08-20T21:11:43.062-0400] {processor.py:157} INFO - Started process (PID=85091) to work on /home/mnguyen0226/anaconda3/envs/learning_scraper/lib/python3.11/site-packages/airflow/example_dags/example_sensor_decorator.py
[2023-08-20T21:11:43.063-0400] {processor.py:826} INFO - Processing file /home/mnguyen0226/anaconda3/envs/learning_scraper/lib/python3.11/site-packages/airflow/example_dags/example_sensor_decorator.py for tasks to queue
[2023-08-20T21:11:43.064-0400] {logging_mixin.py:150} INFO - [2023-08-20T21:11:43.063-0400] {dagbag.py:541} INFO - Filling up the DagBag from /home/mnguyen0226/anaconda3/envs/learning_scraper/lib/python3.11/site-packages/airflow/example_dags/example_sensor_decorator.py
[2023-08-20T21:11:43.074-0400] {processor.py:836} INFO - DAG(s) dict_keys(['example_sensor_decorator']) retrieved from /home/mnguyen0226/anaconda3/envs/learning_scraper/lib/python3.11/site-packages/airflow/example_dags/example_sensor_decorator.py
[2023-08-20T21:11:43.103-0400] {logging_mixin.py:150} INFO - [2023-08-20T21:11:43.103-0400] {dag.py:2742} INFO - Sync 1 DAGs
[2023-08-20T21:11:43.133-0400] {logging_mixin.py:150} INFO - [2023-08-20T21:11:43.133-0400] {dag.py:3504} INFO - Setting next_dagrun for example_sensor_decorator to None, run_after=None
[2023-08-20T21:11:43.162-0400] {processor.py:179} INFO - Processing /home/mnguyen0226/anaconda3/envs/learning_scraper/lib/python3.11/site-packages/airflow/example_dags/example_sensor_decorator.py took 0.105 seconds
[2023-08-20T21:12:37.084-0400] {processor.py:157} INFO - Started process (PID=85543) to work on /home/mnguyen0226/anaconda3/envs/learning_scraper/lib/python3.11/site-packages/airflow/example_dags/example_sensor_decorator.py
[2023-08-20T21:12:37.084-0400] {processor.py:826} INFO - Processing file /home/mnguyen0226/anaconda3/envs/learning_scraper/lib/python3.11/site-packages/airflow/example_dags/example_sensor_decorator.py for tasks to queue
[2023-08-20T21:12:37.085-0400] {logging_mixin.py:150} INFO - [2023-08-20T21:12:37.085-0400] {dagbag.py:541} INFO - Filling up the DagBag from /home/mnguyen0226/anaconda3/envs/learning_scraper/lib/python3.11/site-packages/airflow/example_dags/example_sensor_decorator.py
[2023-08-20T21:12:37.093-0400] {processor.py:836} INFO - DAG(s) dict_keys(['example_sensor_decorator']) retrieved from /home/mnguyen0226/anaconda3/envs/learning_scraper/lib/python3.11/site-packages/airflow/example_dags/example_sensor_decorator.py
[2023-08-20T21:12:37.111-0400] {logging_mixin.py:150} INFO - [2023-08-20T21:12:37.111-0400] {dag.py:2742} INFO - Sync 1 DAGs
[2023-08-20T21:12:37.137-0400] {logging_mixin.py:150} INFO - [2023-08-20T21:12:37.137-0400] {dag.py:3504} INFO - Setting next_dagrun for example_sensor_decorator to None, run_after=None
[2023-08-20T21:12:37.185-0400] {processor.py:179} INFO - Processing /home/mnguyen0226/anaconda3/envs/learning_scraper/lib/python3.11/site-packages/airflow/example_dags/example_sensor_decorator.py took 0.105 seconds
[2023-08-20T21:13:33.172-0400] {processor.py:157} INFO - Started process (PID=85890) to work on /home/mnguyen0226/anaconda3/envs/learning_scraper/lib/python3.11/site-packages/airflow/example_dags/example_sensor_decorator.py
[2023-08-20T21:13:33.173-0400] {processor.py:826} INFO - Processing file /home/mnguyen0226/anaconda3/envs/learning_scraper/lib/python3.11/site-packages/airflow/example_dags/example_sensor_decorator.py for tasks to queue
[2023-08-20T21:13:33.175-0400] {logging_mixin.py:150} INFO - [2023-08-20T21:13:33.174-0400] {dagbag.py:541} INFO - Filling up the DagBag from /home/mnguyen0226/anaconda3/envs/learning_scraper/lib/python3.11/site-packages/airflow/example_dags/example_sensor_decorator.py
[2023-08-20T21:13:33.189-0400] {processor.py:836} INFO - DAG(s) dict_keys(['example_sensor_decorator']) retrieved from /home/mnguyen0226/anaconda3/envs/learning_scraper/lib/python3.11/site-packages/airflow/example_dags/example_sensor_decorator.py
[2023-08-20T21:13:33.224-0400] {logging_mixin.py:150} INFO - [2023-08-20T21:13:33.223-0400] {dag.py:2742} INFO - Sync 1 DAGs
[2023-08-20T21:13:33.250-0400] {logging_mixin.py:150} INFO - [2023-08-20T21:13:33.250-0400] {dag.py:3504} INFO - Setting next_dagrun for example_sensor_decorator to None, run_after=None
[2023-08-20T21:13:33.292-0400] {processor.py:179} INFO - Processing /home/mnguyen0226/anaconda3/envs/learning_scraper/lib/python3.11/site-packages/airflow/example_dags/example_sensor_decorator.py took 0.128 seconds
[2023-08-20T21:14:33.497-0400] {processor.py:157} INFO - Started process (PID=86199) to work on /home/mnguyen0226/anaconda3/envs/learning_scraper/lib/python3.11/site-packages/airflow/example_dags/example_sensor_decorator.py
[2023-08-20T21:14:33.498-0400] {processor.py:826} INFO - Processing file /home/mnguyen0226/anaconda3/envs/learning_scraper/lib/python3.11/site-packages/airflow/example_dags/example_sensor_decorator.py for tasks to queue
[2023-08-20T21:14:33.499-0400] {logging_mixin.py:150} INFO - [2023-08-20T21:14:33.499-0400] {dagbag.py:541} INFO - Filling up the DagBag from /home/mnguyen0226/anaconda3/envs/learning_scraper/lib/python3.11/site-packages/airflow/example_dags/example_sensor_decorator.py
[2023-08-20T21:14:33.507-0400] {processor.py:836} INFO - DAG(s) dict_keys(['example_sensor_decorator']) retrieved from /home/mnguyen0226/anaconda3/envs/learning_scraper/lib/python3.11/site-packages/airflow/example_dags/example_sensor_decorator.py
[2023-08-20T21:14:33.530-0400] {logging_mixin.py:150} INFO - [2023-08-20T21:14:33.529-0400] {dag.py:2742} INFO - Sync 1 DAGs
[2023-08-20T21:14:33.552-0400] {logging_mixin.py:150} INFO - [2023-08-20T21:14:33.552-0400] {dag.py:3504} INFO - Setting next_dagrun for example_sensor_decorator to None, run_after=None
[2023-08-20T21:14:33.585-0400] {processor.py:179} INFO - Processing /home/mnguyen0226/anaconda3/envs/learning_scraper/lib/python3.11/site-packages/airflow/example_dags/example_sensor_decorator.py took 0.093 seconds
[2023-08-20T21:15:27.510-0400] {processor.py:157} INFO - Started process (PID=86376) to work on /home/mnguyen0226/anaconda3/envs/learning_scraper/lib/python3.11/site-packages/airflow/example_dags/example_sensor_decorator.py
[2023-08-20T21:15:27.510-0400] {processor.py:826} INFO - Processing file /home/mnguyen0226/anaconda3/envs/learning_scraper/lib/python3.11/site-packages/airflow/example_dags/example_sensor_decorator.py for tasks to queue
[2023-08-20T21:15:27.511-0400] {logging_mixin.py:150} INFO - [2023-08-20T21:15:27.511-0400] {dagbag.py:541} INFO - Filling up the DagBag from /home/mnguyen0226/anaconda3/envs/learning_scraper/lib/python3.11/site-packages/airflow/example_dags/example_sensor_decorator.py
[2023-08-20T21:15:27.517-0400] {processor.py:836} INFO - DAG(s) dict_keys(['example_sensor_decorator']) retrieved from /home/mnguyen0226/anaconda3/envs/learning_scraper/lib/python3.11/site-packages/airflow/example_dags/example_sensor_decorator.py
[2023-08-20T21:15:27.535-0400] {logging_mixin.py:150} INFO - [2023-08-20T21:15:27.534-0400] {dag.py:2742} INFO - Sync 1 DAGs
[2023-08-20T21:15:27.550-0400] {logging_mixin.py:150} INFO - [2023-08-20T21:15:27.550-0400] {dag.py:3504} INFO - Setting next_dagrun for example_sensor_decorator to None, run_after=None
[2023-08-20T21:15:27.579-0400] {processor.py:179} INFO - Processing /home/mnguyen0226/anaconda3/envs/learning_scraper/lib/python3.11/site-packages/airflow/example_dags/example_sensor_decorator.py took 0.072 seconds
[2023-08-20T21:16:18.865-0400] {processor.py:157} INFO - Started process (PID=86564) to work on /home/mnguyen0226/anaconda3/envs/learning_scraper/lib/python3.11/site-packages/airflow/example_dags/example_sensor_decorator.py
[2023-08-20T21:16:18.866-0400] {processor.py:826} INFO - Processing file /home/mnguyen0226/anaconda3/envs/learning_scraper/lib/python3.11/site-packages/airflow/example_dags/example_sensor_decorator.py for tasks to queue
[2023-08-20T21:16:18.867-0400] {logging_mixin.py:150} INFO - [2023-08-20T21:16:18.867-0400] {dagbag.py:541} INFO - Filling up the DagBag from /home/mnguyen0226/anaconda3/envs/learning_scraper/lib/python3.11/site-packages/airflow/example_dags/example_sensor_decorator.py
[2023-08-20T21:16:18.878-0400] {processor.py:836} INFO - DAG(s) dict_keys(['example_sensor_decorator']) retrieved from /home/mnguyen0226/anaconda3/envs/learning_scraper/lib/python3.11/site-packages/airflow/example_dags/example_sensor_decorator.py
[2023-08-20T21:16:18.904-0400] {logging_mixin.py:150} INFO - [2023-08-20T21:16:18.904-0400] {dag.py:2742} INFO - Sync 1 DAGs
[2023-08-20T21:16:18.935-0400] {logging_mixin.py:150} INFO - [2023-08-20T21:16:18.935-0400] {dag.py:3504} INFO - Setting next_dagrun for example_sensor_decorator to None, run_after=None
[2023-08-20T21:16:18.976-0400] {processor.py:179} INFO - Processing /home/mnguyen0226/anaconda3/envs/learning_scraper/lib/python3.11/site-packages/airflow/example_dags/example_sensor_decorator.py took 0.116 seconds
[2023-08-20T21:17:15.781-0400] {processor.py:157} INFO - Started process (PID=86998) to work on /home/mnguyen0226/anaconda3/envs/learning_scraper/lib/python3.11/site-packages/airflow/example_dags/example_sensor_decorator.py
[2023-08-20T21:17:15.783-0400] {processor.py:826} INFO - Processing file /home/mnguyen0226/anaconda3/envs/learning_scraper/lib/python3.11/site-packages/airflow/example_dags/example_sensor_decorator.py for tasks to queue
[2023-08-20T21:17:15.784-0400] {logging_mixin.py:150} INFO - [2023-08-20T21:17:15.783-0400] {dagbag.py:541} INFO - Filling up the DagBag from /home/mnguyen0226/anaconda3/envs/learning_scraper/lib/python3.11/site-packages/airflow/example_dags/example_sensor_decorator.py
[2023-08-20T21:17:15.794-0400] {processor.py:836} INFO - DAG(s) dict_keys(['example_sensor_decorator']) retrieved from /home/mnguyen0226/anaconda3/envs/learning_scraper/lib/python3.11/site-packages/airflow/example_dags/example_sensor_decorator.py
[2023-08-20T21:17:15.813-0400] {logging_mixin.py:150} INFO - [2023-08-20T21:17:15.813-0400] {dag.py:2742} INFO - Sync 1 DAGs
[2023-08-20T21:17:15.827-0400] {logging_mixin.py:150} INFO - [2023-08-20T21:17:15.827-0400] {dag.py:3504} INFO - Setting next_dagrun for example_sensor_decorator to None, run_after=None
[2023-08-20T21:17:15.849-0400] {processor.py:179} INFO - Processing /home/mnguyen0226/anaconda3/envs/learning_scraper/lib/python3.11/site-packages/airflow/example_dags/example_sensor_decorator.py took 0.073 seconds
[2023-08-20T21:18:07.530-0400] {processor.py:157} INFO - Started process (PID=87246) to work on /home/mnguyen0226/anaconda3/envs/learning_scraper/lib/python3.11/site-packages/airflow/example_dags/example_sensor_decorator.py
[2023-08-20T21:18:07.531-0400] {processor.py:826} INFO - Processing file /home/mnguyen0226/anaconda3/envs/learning_scraper/lib/python3.11/site-packages/airflow/example_dags/example_sensor_decorator.py for tasks to queue
[2023-08-20T21:18:07.533-0400] {logging_mixin.py:150} INFO - [2023-08-20T21:18:07.532-0400] {dagbag.py:541} INFO - Filling up the DagBag from /home/mnguyen0226/anaconda3/envs/learning_scraper/lib/python3.11/site-packages/airflow/example_dags/example_sensor_decorator.py
[2023-08-20T21:18:07.541-0400] {processor.py:836} INFO - DAG(s) dict_keys(['example_sensor_decorator']) retrieved from /home/mnguyen0226/anaconda3/envs/learning_scraper/lib/python3.11/site-packages/airflow/example_dags/example_sensor_decorator.py
[2023-08-20T21:18:07.564-0400] {logging_mixin.py:150} INFO - [2023-08-20T21:18:07.564-0400] {dag.py:2742} INFO - Sync 1 DAGs
[2023-08-20T21:18:07.584-0400] {logging_mixin.py:150} INFO - [2023-08-20T21:18:07.583-0400] {dag.py:3504} INFO - Setting next_dagrun for example_sensor_decorator to None, run_after=None
[2023-08-20T21:18:07.605-0400] {processor.py:179} INFO - Processing /home/mnguyen0226/anaconda3/envs/learning_scraper/lib/python3.11/site-packages/airflow/example_dags/example_sensor_decorator.py took 0.080 seconds
[2023-08-20T21:19:05.363-0400] {processor.py:157} INFO - Started process (PID=87497) to work on /home/mnguyen0226/anaconda3/envs/learning_scraper/lib/python3.11/site-packages/airflow/example_dags/example_sensor_decorator.py
[2023-08-20T21:19:05.373-0400] {processor.py:826} INFO - Processing file /home/mnguyen0226/anaconda3/envs/learning_scraper/lib/python3.11/site-packages/airflow/example_dags/example_sensor_decorator.py for tasks to queue
[2023-08-20T21:19:05.375-0400] {logging_mixin.py:150} INFO - [2023-08-20T21:19:05.374-0400] {dagbag.py:541} INFO - Filling up the DagBag from /home/mnguyen0226/anaconda3/envs/learning_scraper/lib/python3.11/site-packages/airflow/example_dags/example_sensor_decorator.py
[2023-08-20T21:19:05.385-0400] {processor.py:836} INFO - DAG(s) dict_keys(['example_sensor_decorator']) retrieved from /home/mnguyen0226/anaconda3/envs/learning_scraper/lib/python3.11/site-packages/airflow/example_dags/example_sensor_decorator.py
[2023-08-20T21:19:05.410-0400] {logging_mixin.py:150} INFO - [2023-08-20T21:19:05.409-0400] {dag.py:2742} INFO - Sync 1 DAGs
[2023-08-20T21:19:05.432-0400] {logging_mixin.py:150} INFO - [2023-08-20T21:19:05.431-0400] {dag.py:3504} INFO - Setting next_dagrun for example_sensor_decorator to None, run_after=None
[2023-08-20T21:19:05.455-0400] {processor.py:179} INFO - Processing /home/mnguyen0226/anaconda3/envs/learning_scraper/lib/python3.11/site-packages/airflow/example_dags/example_sensor_decorator.py took 0.097 seconds
[2023-08-20T21:19:57.546-0400] {processor.py:157} INFO - Started process (PID=87979) to work on /home/mnguyen0226/anaconda3/envs/learning_scraper/lib/python3.11/site-packages/airflow/example_dags/example_sensor_decorator.py
[2023-08-20T21:19:57.555-0400] {processor.py:826} INFO - Processing file /home/mnguyen0226/anaconda3/envs/learning_scraper/lib/python3.11/site-packages/airflow/example_dags/example_sensor_decorator.py for tasks to queue
[2023-08-20T21:19:57.557-0400] {logging_mixin.py:150} INFO - [2023-08-20T21:19:57.556-0400] {dagbag.py:541} INFO - Filling up the DagBag from /home/mnguyen0226/anaconda3/envs/learning_scraper/lib/python3.11/site-packages/airflow/example_dags/example_sensor_decorator.py
[2023-08-20T21:19:57.563-0400] {processor.py:836} INFO - DAG(s) dict_keys(['example_sensor_decorator']) retrieved from /home/mnguyen0226/anaconda3/envs/learning_scraper/lib/python3.11/site-packages/airflow/example_dags/example_sensor_decorator.py
[2023-08-20T21:19:57.584-0400] {logging_mixin.py:150} INFO - [2023-08-20T21:19:57.583-0400] {dag.py:2742} INFO - Sync 1 DAGs
[2023-08-20T21:19:57.606-0400] {logging_mixin.py:150} INFO - [2023-08-20T21:19:57.606-0400] {dag.py:3504} INFO - Setting next_dagrun for example_sensor_decorator to None, run_after=None
[2023-08-20T21:19:57.645-0400] {processor.py:179} INFO - Processing /home/mnguyen0226/anaconda3/envs/learning_scraper/lib/python3.11/site-packages/airflow/example_dags/example_sensor_decorator.py took 0.101 seconds
[2023-08-20T21:20:51.393-0400] {processor.py:157} INFO - Started process (PID=88260) to work on /home/mnguyen0226/anaconda3/envs/learning_scraper/lib/python3.11/site-packages/airflow/example_dags/example_sensor_decorator.py
[2023-08-20T21:20:51.394-0400] {processor.py:826} INFO - Processing file /home/mnguyen0226/anaconda3/envs/learning_scraper/lib/python3.11/site-packages/airflow/example_dags/example_sensor_decorator.py for tasks to queue
[2023-08-20T21:20:51.395-0400] {logging_mixin.py:150} INFO - [2023-08-20T21:20:51.394-0400] {dagbag.py:541} INFO - Filling up the DagBag from /home/mnguyen0226/anaconda3/envs/learning_scraper/lib/python3.11/site-packages/airflow/example_dags/example_sensor_decorator.py
[2023-08-20T21:20:51.405-0400] {processor.py:836} INFO - DAG(s) dict_keys(['example_sensor_decorator']) retrieved from /home/mnguyen0226/anaconda3/envs/learning_scraper/lib/python3.11/site-packages/airflow/example_dags/example_sensor_decorator.py
[2023-08-20T21:20:51.429-0400] {logging_mixin.py:150} INFO - [2023-08-20T21:20:51.429-0400] {dag.py:2742} INFO - Sync 1 DAGs
[2023-08-20T21:20:51.449-0400] {logging_mixin.py:150} INFO - [2023-08-20T21:20:51.449-0400] {dag.py:3504} INFO - Setting next_dagrun for example_sensor_decorator to None, run_after=None
[2023-08-20T21:20:51.473-0400] {processor.py:179} INFO - Processing /home/mnguyen0226/anaconda3/envs/learning_scraper/lib/python3.11/site-packages/airflow/example_dags/example_sensor_decorator.py took 0.085 seconds
