[2023-08-20T21:00:36.111-0400] {processor.py:157} INFO - Started process (PID=80515) to work on /home/mnguyen0226/anaconda3/envs/learning_scraper/lib/python3.11/site-packages/airflow/example_dags/example_latest_only_with_trigger.py
[2023-08-20T21:00:36.111-0400] {processor.py:826} INFO - Processing file /home/mnguyen0226/anaconda3/envs/learning_scraper/lib/python3.11/site-packages/airflow/example_dags/example_latest_only_with_trigger.py for tasks to queue
[2023-08-20T21:00:36.112-0400] {logging_mixin.py:150} INFO - [2023-08-20T21:00:36.111-0400] {dagbag.py:541} INFO - Filling up the DagBag from /home/mnguyen0226/anaconda3/envs/learning_scraper/lib/python3.11/site-packages/airflow/example_dags/example_latest_only_with_trigger.py
[2023-08-20T21:00:36.119-0400] {processor.py:836} INFO - DAG(s) dict_keys(['latest_only_with_trigger']) retrieved from /home/mnguyen0226/anaconda3/envs/learning_scraper/lib/python3.11/site-packages/airflow/example_dags/example_latest_only_with_trigger.py
[2023-08-20T21:00:36.138-0400] {logging_mixin.py:150} INFO - [2023-08-20T21:00:36.137-0400] {dag.py:2742} INFO - Sync 1 DAGs
[2023-08-20T21:00:36.158-0400] {logging_mixin.py:150} INFO - [2023-08-20T21:00:36.158-0400] {dag.py:3504} INFO - Setting next_dagrun for latest_only_with_trigger to 2023-08-20T21:00:36.158269+00:00, run_after=2023-08-21T01:00:36.158269+00:00
[2023-08-20T21:00:36.191-0400] {processor.py:179} INFO - Processing /home/mnguyen0226/anaconda3/envs/learning_scraper/lib/python3.11/site-packages/airflow/example_dags/example_latest_only_with_trigger.py took 0.082 seconds
[2023-08-20T21:01:21.606-0400] {processor.py:157} INFO - Started process (PID=80931) to work on /home/mnguyen0226/anaconda3/envs/learning_scraper/lib/python3.11/site-packages/airflow/example_dags/example_latest_only_with_trigger.py
[2023-08-20T21:01:21.607-0400] {processor.py:826} INFO - Processing file /home/mnguyen0226/anaconda3/envs/learning_scraper/lib/python3.11/site-packages/airflow/example_dags/example_latest_only_with_trigger.py for tasks to queue
[2023-08-20T21:01:21.609-0400] {logging_mixin.py:150} INFO - [2023-08-20T21:01:21.608-0400] {dagbag.py:541} INFO - Filling up the DagBag from /home/mnguyen0226/anaconda3/envs/learning_scraper/lib/python3.11/site-packages/airflow/example_dags/example_latest_only_with_trigger.py
[2023-08-20T21:01:21.618-0400] {processor.py:836} INFO - DAG(s) dict_keys(['latest_only_with_trigger']) retrieved from /home/mnguyen0226/anaconda3/envs/learning_scraper/lib/python3.11/site-packages/airflow/example_dags/example_latest_only_with_trigger.py
[2023-08-20T21:01:21.647-0400] {logging_mixin.py:150} INFO - [2023-08-20T21:01:21.646-0400] {dag.py:2742} INFO - Sync 1 DAGs
[2023-08-20T21:01:21.667-0400] {logging_mixin.py:150} INFO - [2023-08-20T21:01:21.667-0400] {dag.py:3504} INFO - Setting next_dagrun for latest_only_with_trigger to 2023-08-20T21:01:21.667223+00:00, run_after=2023-08-21T01:01:21.667223+00:00
[2023-08-20T21:01:21.690-0400] {processor.py:179} INFO - Processing /home/mnguyen0226/anaconda3/envs/learning_scraper/lib/python3.11/site-packages/airflow/example_dags/example_latest_only_with_trigger.py took 0.087 seconds
[2023-08-20T21:03:34.158-0400] {processor.py:157} INFO - Started process (PID=81853) to work on /home/mnguyen0226/anaconda3/envs/learning_scraper/lib/python3.11/site-packages/airflow/example_dags/example_latest_only_with_trigger.py
[2023-08-20T21:03:34.167-0400] {processor.py:826} INFO - Processing file /home/mnguyen0226/anaconda3/envs/learning_scraper/lib/python3.11/site-packages/airflow/example_dags/example_latest_only_with_trigger.py for tasks to queue
[2023-08-20T21:03:34.168-0400] {logging_mixin.py:150} INFO - [2023-08-20T21:03:34.168-0400] {dagbag.py:541} INFO - Filling up the DagBag from /home/mnguyen0226/anaconda3/envs/learning_scraper/lib/python3.11/site-packages/airflow/example_dags/example_latest_only_with_trigger.py
[2023-08-20T21:03:34.177-0400] {processor.py:836} INFO - DAG(s) dict_keys(['latest_only_with_trigger']) retrieved from /home/mnguyen0226/anaconda3/envs/learning_scraper/lib/python3.11/site-packages/airflow/example_dags/example_latest_only_with_trigger.py
[2023-08-20T21:03:34.202-0400] {logging_mixin.py:150} INFO - [2023-08-20T21:03:34.201-0400] {dag.py:2742} INFO - Sync 1 DAGs
[2023-08-20T21:03:34.230-0400] {logging_mixin.py:150} INFO - [2023-08-20T21:03:34.229-0400] {dag.py:3504} INFO - Setting next_dagrun for latest_only_with_trigger to 2023-08-20T21:03:34.229725+00:00, run_after=2023-08-21T01:03:34.229725+00:00
[2023-08-20T21:03:34.260-0400] {processor.py:179} INFO - Processing /home/mnguyen0226/anaconda3/envs/learning_scraper/lib/python3.11/site-packages/airflow/example_dags/example_latest_only_with_trigger.py took 0.105 seconds
[2023-08-20T21:04:20.808-0400] {processor.py:157} INFO - Started process (PID=83019) to work on /home/mnguyen0226/anaconda3/envs/learning_scraper/lib/python3.11/site-packages/airflow/example_dags/example_latest_only_with_trigger.py
[2023-08-20T21:04:20.809-0400] {processor.py:826} INFO - Processing file /home/mnguyen0226/anaconda3/envs/learning_scraper/lib/python3.11/site-packages/airflow/example_dags/example_latest_only_with_trigger.py for tasks to queue
[2023-08-20T21:04:20.810-0400] {logging_mixin.py:150} INFO - [2023-08-20T21:04:20.809-0400] {dagbag.py:541} INFO - Filling up the DagBag from /home/mnguyen0226/anaconda3/envs/learning_scraper/lib/python3.11/site-packages/airflow/example_dags/example_latest_only_with_trigger.py
[2023-08-20T21:04:20.816-0400] {processor.py:836} INFO - DAG(s) dict_keys(['latest_only_with_trigger']) retrieved from /home/mnguyen0226/anaconda3/envs/learning_scraper/lib/python3.11/site-packages/airflow/example_dags/example_latest_only_with_trigger.py
[2023-08-20T21:04:20.830-0400] {logging_mixin.py:150} INFO - [2023-08-20T21:04:20.829-0400] {dag.py:2742} INFO - Sync 1 DAGs
[2023-08-20T21:04:20.846-0400] {logging_mixin.py:150} INFO - [2023-08-20T21:04:20.846-0400] {dag.py:3504} INFO - Setting next_dagrun for latest_only_with_trigger to 2023-08-20T21:04:20.846480+00:00, run_after=2023-08-21T01:04:20.846480+00:00
[2023-08-20T21:04:20.870-0400] {processor.py:179} INFO - Processing /home/mnguyen0226/anaconda3/envs/learning_scraper/lib/python3.11/site-packages/airflow/example_dags/example_latest_only_with_trigger.py took 0.065 seconds
[2023-08-20T21:05:12.851-0400] {processor.py:157} INFO - Started process (PID=83298) to work on /home/mnguyen0226/anaconda3/envs/learning_scraper/lib/python3.11/site-packages/airflow/example_dags/example_latest_only_with_trigger.py
[2023-08-20T21:05:12.853-0400] {processor.py:826} INFO - Processing file /home/mnguyen0226/anaconda3/envs/learning_scraper/lib/python3.11/site-packages/airflow/example_dags/example_latest_only_with_trigger.py for tasks to queue
[2023-08-20T21:05:12.857-0400] {logging_mixin.py:150} INFO - [2023-08-20T21:05:12.856-0400] {dagbag.py:541} INFO - Filling up the DagBag from /home/mnguyen0226/anaconda3/envs/learning_scraper/lib/python3.11/site-packages/airflow/example_dags/example_latest_only_with_trigger.py
[2023-08-20T21:05:12.866-0400] {processor.py:836} INFO - DAG(s) dict_keys(['latest_only_with_trigger']) retrieved from /home/mnguyen0226/anaconda3/envs/learning_scraper/lib/python3.11/site-packages/airflow/example_dags/example_latest_only_with_trigger.py
[2023-08-20T21:05:12.888-0400] {logging_mixin.py:150} INFO - [2023-08-20T21:05:12.888-0400] {dag.py:2742} INFO - Sync 1 DAGs
[2023-08-20T21:05:12.913-0400] {logging_mixin.py:150} INFO - [2023-08-20T21:05:12.913-0400] {dag.py:3504} INFO - Setting next_dagrun for latest_only_with_trigger to 2023-08-20T21:05:12.913379+00:00, run_after=2023-08-21T01:05:12.913379+00:00
[2023-08-20T21:05:12.965-0400] {processor.py:179} INFO - Processing /home/mnguyen0226/anaconda3/envs/learning_scraper/lib/python3.11/site-packages/airflow/example_dags/example_latest_only_with_trigger.py took 0.118 seconds
[2023-08-20T21:06:04.669-0400] {processor.py:157} INFO - Started process (PID=83540) to work on /home/mnguyen0226/anaconda3/envs/learning_scraper/lib/python3.11/site-packages/airflow/example_dags/example_latest_only_with_trigger.py
[2023-08-20T21:06:04.678-0400] {processor.py:826} INFO - Processing file /home/mnguyen0226/anaconda3/envs/learning_scraper/lib/python3.11/site-packages/airflow/example_dags/example_latest_only_with_trigger.py for tasks to queue
[2023-08-20T21:06:04.679-0400] {logging_mixin.py:150} INFO - [2023-08-20T21:06:04.679-0400] {dagbag.py:541} INFO - Filling up the DagBag from /home/mnguyen0226/anaconda3/envs/learning_scraper/lib/python3.11/site-packages/airflow/example_dags/example_latest_only_with_trigger.py
[2023-08-20T21:06:04.685-0400] {processor.py:836} INFO - DAG(s) dict_keys(['latest_only_with_trigger']) retrieved from /home/mnguyen0226/anaconda3/envs/learning_scraper/lib/python3.11/site-packages/airflow/example_dags/example_latest_only_with_trigger.py
[2023-08-20T21:06:04.699-0400] {logging_mixin.py:150} INFO - [2023-08-20T21:06:04.699-0400] {dag.py:2742} INFO - Sync 1 DAGs
[2023-08-20T21:06:04.715-0400] {logging_mixin.py:150} INFO - [2023-08-20T21:06:04.715-0400] {dag.py:3504} INFO - Setting next_dagrun for latest_only_with_trigger to 2023-08-20T21:06:04.715538+00:00, run_after=2023-08-21T01:06:04.715538+00:00
[2023-08-20T21:06:04.740-0400] {processor.py:179} INFO - Processing /home/mnguyen0226/anaconda3/envs/learning_scraper/lib/python3.11/site-packages/airflow/example_dags/example_latest_only_with_trigger.py took 0.074 seconds
[2023-08-20T21:07:03.204-0400] {processor.py:157} INFO - Started process (PID=83812) to work on /home/mnguyen0226/anaconda3/envs/learning_scraper/lib/python3.11/site-packages/airflow/example_dags/example_latest_only_with_trigger.py
[2023-08-20T21:07:03.213-0400] {processor.py:826} INFO - Processing file /home/mnguyen0226/anaconda3/envs/learning_scraper/lib/python3.11/site-packages/airflow/example_dags/example_latest_only_with_trigger.py for tasks to queue
[2023-08-20T21:07:03.215-0400] {logging_mixin.py:150} INFO - [2023-08-20T21:07:03.214-0400] {dagbag.py:541} INFO - Filling up the DagBag from /home/mnguyen0226/anaconda3/envs/learning_scraper/lib/python3.11/site-packages/airflow/example_dags/example_latest_only_with_trigger.py
[2023-08-20T21:07:03.225-0400] {processor.py:836} INFO - DAG(s) dict_keys(['latest_only_with_trigger']) retrieved from /home/mnguyen0226/anaconda3/envs/learning_scraper/lib/python3.11/site-packages/airflow/example_dags/example_latest_only_with_trigger.py
[2023-08-20T21:07:03.249-0400] {logging_mixin.py:150} INFO - [2023-08-20T21:07:03.249-0400] {dag.py:2742} INFO - Sync 1 DAGs
[2023-08-20T21:07:03.352-0400] {logging_mixin.py:150} INFO - [2023-08-20T21:07:03.352-0400] {dag.py:3504} INFO - Setting next_dagrun for latest_only_with_trigger to 2023-08-20T21:07:03.351894+00:00, run_after=2023-08-21T01:07:03.351894+00:00
[2023-08-20T21:07:03.385-0400] {processor.py:179} INFO - Processing /home/mnguyen0226/anaconda3/envs/learning_scraper/lib/python3.11/site-packages/airflow/example_dags/example_latest_only_with_trigger.py took 0.186 seconds
[2023-08-20T21:08:05.715-0400] {processor.py:157} INFO - Started process (PID=84025) to work on /home/mnguyen0226/anaconda3/envs/learning_scraper/lib/python3.11/site-packages/airflow/example_dags/example_latest_only_with_trigger.py
[2023-08-20T21:08:05.724-0400] {processor.py:826} INFO - Processing file /home/mnguyen0226/anaconda3/envs/learning_scraper/lib/python3.11/site-packages/airflow/example_dags/example_latest_only_with_trigger.py for tasks to queue
[2023-08-20T21:08:05.725-0400] {logging_mixin.py:150} INFO - [2023-08-20T21:08:05.725-0400] {dagbag.py:541} INFO - Filling up the DagBag from /home/mnguyen0226/anaconda3/envs/learning_scraper/lib/python3.11/site-packages/airflow/example_dags/example_latest_only_with_trigger.py
[2023-08-20T21:08:05.733-0400] {processor.py:836} INFO - DAG(s) dict_keys(['latest_only_with_trigger']) retrieved from /home/mnguyen0226/anaconda3/envs/learning_scraper/lib/python3.11/site-packages/airflow/example_dags/example_latest_only_with_trigger.py
[2023-08-20T21:08:05.750-0400] {logging_mixin.py:150} INFO - [2023-08-20T21:08:05.750-0400] {dag.py:2742} INFO - Sync 1 DAGs
[2023-08-20T21:08:05.767-0400] {logging_mixin.py:150} INFO - [2023-08-20T21:08:05.767-0400] {dag.py:3504} INFO - Setting next_dagrun for latest_only_with_trigger to 2023-08-20T21:08:05.767427+00:00, run_after=2023-08-21T01:08:05.767427+00:00
[2023-08-20T21:08:05.791-0400] {processor.py:179} INFO - Processing /home/mnguyen0226/anaconda3/envs/learning_scraper/lib/python3.11/site-packages/airflow/example_dags/example_latest_only_with_trigger.py took 0.079 seconds
[2023-08-20T21:08:58.405-0400] {processor.py:157} INFO - Started process (PID=84298) to work on /home/mnguyen0226/anaconda3/envs/learning_scraper/lib/python3.11/site-packages/airflow/example_dags/example_latest_only_with_trigger.py
[2023-08-20T21:08:58.414-0400] {processor.py:826} INFO - Processing file /home/mnguyen0226/anaconda3/envs/learning_scraper/lib/python3.11/site-packages/airflow/example_dags/example_latest_only_with_trigger.py for tasks to queue
[2023-08-20T21:08:58.416-0400] {logging_mixin.py:150} INFO - [2023-08-20T21:08:58.415-0400] {dagbag.py:541} INFO - Filling up the DagBag from /home/mnguyen0226/anaconda3/envs/learning_scraper/lib/python3.11/site-packages/airflow/example_dags/example_latest_only_with_trigger.py
[2023-08-20T21:08:58.424-0400] {processor.py:836} INFO - DAG(s) dict_keys(['latest_only_with_trigger']) retrieved from /home/mnguyen0226/anaconda3/envs/learning_scraper/lib/python3.11/site-packages/airflow/example_dags/example_latest_only_with_trigger.py
[2023-08-20T21:08:58.439-0400] {logging_mixin.py:150} INFO - [2023-08-20T21:08:58.439-0400] {dag.py:2742} INFO - Sync 1 DAGs
[2023-08-20T21:08:58.454-0400] {logging_mixin.py:150} INFO - [2023-08-20T21:08:58.454-0400] {dag.py:3504} INFO - Setting next_dagrun for latest_only_with_trigger to 2023-08-20T21:08:58.454636+00:00, run_after=2023-08-21T01:08:58.454636+00:00
[2023-08-20T21:08:58.479-0400] {processor.py:179} INFO - Processing /home/mnguyen0226/anaconda3/envs/learning_scraper/lib/python3.11/site-packages/airflow/example_dags/example_latest_only_with_trigger.py took 0.078 seconds
[2023-08-20T21:09:52.633-0400] {processor.py:157} INFO - Started process (PID=84577) to work on /home/mnguyen0226/anaconda3/envs/learning_scraper/lib/python3.11/site-packages/airflow/example_dags/example_latest_only_with_trigger.py
[2023-08-20T21:09:52.636-0400] {processor.py:826} INFO - Processing file /home/mnguyen0226/anaconda3/envs/learning_scraper/lib/python3.11/site-packages/airflow/example_dags/example_latest_only_with_trigger.py for tasks to queue
[2023-08-20T21:09:52.637-0400] {logging_mixin.py:150} INFO - [2023-08-20T21:09:52.636-0400] {dagbag.py:541} INFO - Filling up the DagBag from /home/mnguyen0226/anaconda3/envs/learning_scraper/lib/python3.11/site-packages/airflow/example_dags/example_latest_only_with_trigger.py
[2023-08-20T21:09:52.653-0400] {processor.py:836} INFO - DAG(s) dict_keys(['latest_only_with_trigger']) retrieved from /home/mnguyen0226/anaconda3/envs/learning_scraper/lib/python3.11/site-packages/airflow/example_dags/example_latest_only_with_trigger.py
[2023-08-20T21:09:52.680-0400] {logging_mixin.py:150} INFO - [2023-08-20T21:09:52.680-0400] {dag.py:2742} INFO - Sync 1 DAGs
[2023-08-20T21:09:52.709-0400] {logging_mixin.py:150} INFO - [2023-08-20T21:09:52.709-0400] {dag.py:3504} INFO - Setting next_dagrun for latest_only_with_trigger to 2023-08-20T21:09:52.708826+00:00, run_after=2023-08-21T01:09:52.708826+00:00
[2023-08-20T21:09:52.754-0400] {processor.py:179} INFO - Processing /home/mnguyen0226/anaconda3/envs/learning_scraper/lib/python3.11/site-packages/airflow/example_dags/example_latest_only_with_trigger.py took 0.128 seconds
[2023-08-20T21:10:51.064-0400] {processor.py:157} INFO - Started process (PID=84838) to work on /home/mnguyen0226/anaconda3/envs/learning_scraper/lib/python3.11/site-packages/airflow/example_dags/example_latest_only_with_trigger.py
[2023-08-20T21:10:51.065-0400] {processor.py:826} INFO - Processing file /home/mnguyen0226/anaconda3/envs/learning_scraper/lib/python3.11/site-packages/airflow/example_dags/example_latest_only_with_trigger.py for tasks to queue
[2023-08-20T21:10:51.067-0400] {logging_mixin.py:150} INFO - [2023-08-20T21:10:51.066-0400] {dagbag.py:541} INFO - Filling up the DagBag from /home/mnguyen0226/anaconda3/envs/learning_scraper/lib/python3.11/site-packages/airflow/example_dags/example_latest_only_with_trigger.py
[2023-08-20T21:10:51.079-0400] {processor.py:836} INFO - DAG(s) dict_keys(['latest_only_with_trigger']) retrieved from /home/mnguyen0226/anaconda3/envs/learning_scraper/lib/python3.11/site-packages/airflow/example_dags/example_latest_only_with_trigger.py
[2023-08-20T21:10:51.109-0400] {logging_mixin.py:150} INFO - [2023-08-20T21:10:51.108-0400] {dag.py:2742} INFO - Sync 1 DAGs
[2023-08-20T21:10:51.141-0400] {logging_mixin.py:150} INFO - [2023-08-20T21:10:51.140-0400] {dag.py:3504} INFO - Setting next_dagrun for latest_only_with_trigger to 2023-08-20T21:10:51.140408+00:00, run_after=2023-08-21T01:10:51.140408+00:00
[2023-08-20T21:10:51.185-0400] {processor.py:179} INFO - Processing /home/mnguyen0226/anaconda3/envs/learning_scraper/lib/python3.11/site-packages/airflow/example_dags/example_latest_only_with_trigger.py took 0.125 seconds
[2023-08-20T21:11:42.717-0400] {processor.py:157} INFO - Started process (PID=85090) to work on /home/mnguyen0226/anaconda3/envs/learning_scraper/lib/python3.11/site-packages/airflow/example_dags/example_latest_only_with_trigger.py
[2023-08-20T21:11:42.719-0400] {processor.py:826} INFO - Processing file /home/mnguyen0226/anaconda3/envs/learning_scraper/lib/python3.11/site-packages/airflow/example_dags/example_latest_only_with_trigger.py for tasks to queue
[2023-08-20T21:11:42.720-0400] {logging_mixin.py:150} INFO - [2023-08-20T21:11:42.719-0400] {dagbag.py:541} INFO - Filling up the DagBag from /home/mnguyen0226/anaconda3/envs/learning_scraper/lib/python3.11/site-packages/airflow/example_dags/example_latest_only_with_trigger.py
[2023-08-20T21:11:42.730-0400] {processor.py:836} INFO - DAG(s) dict_keys(['latest_only_with_trigger']) retrieved from /home/mnguyen0226/anaconda3/envs/learning_scraper/lib/python3.11/site-packages/airflow/example_dags/example_latest_only_with_trigger.py
[2023-08-20T21:11:42.760-0400] {logging_mixin.py:150} INFO - [2023-08-20T21:11:42.759-0400] {dag.py:2742} INFO - Sync 1 DAGs
[2023-08-20T21:11:42.793-0400] {logging_mixin.py:150} INFO - [2023-08-20T21:11:42.793-0400] {dag.py:3504} INFO - Setting next_dagrun for latest_only_with_trigger to 2023-08-20T21:11:42.792839+00:00, run_after=2023-08-21T01:11:42.792839+00:00
[2023-08-20T21:11:42.822-0400] {processor.py:179} INFO - Processing /home/mnguyen0226/anaconda3/envs/learning_scraper/lib/python3.11/site-packages/airflow/example_dags/example_latest_only_with_trigger.py took 0.110 seconds
[2023-08-20T21:12:35.927-0400] {processor.py:157} INFO - Started process (PID=85487) to work on /home/mnguyen0226/anaconda3/envs/learning_scraper/lib/python3.11/site-packages/airflow/example_dags/example_latest_only_with_trigger.py
[2023-08-20T21:12:35.928-0400] {processor.py:826} INFO - Processing file /home/mnguyen0226/anaconda3/envs/learning_scraper/lib/python3.11/site-packages/airflow/example_dags/example_latest_only_with_trigger.py for tasks to queue
[2023-08-20T21:12:35.930-0400] {logging_mixin.py:150} INFO - [2023-08-20T21:12:35.929-0400] {dagbag.py:541} INFO - Filling up the DagBag from /home/mnguyen0226/anaconda3/envs/learning_scraper/lib/python3.11/site-packages/airflow/example_dags/example_latest_only_with_trigger.py
[2023-08-20T21:12:35.938-0400] {processor.py:836} INFO - DAG(s) dict_keys(['latest_only_with_trigger']) retrieved from /home/mnguyen0226/anaconda3/envs/learning_scraper/lib/python3.11/site-packages/airflow/example_dags/example_latest_only_with_trigger.py
[2023-08-20T21:12:35.958-0400] {logging_mixin.py:150} INFO - [2023-08-20T21:12:35.957-0400] {dag.py:2742} INFO - Sync 1 DAGs
[2023-08-20T21:12:35.975-0400] {logging_mixin.py:150} INFO - [2023-08-20T21:12:35.975-0400] {dag.py:3504} INFO - Setting next_dagrun for latest_only_with_trigger to 2023-08-20T21:12:35.975008+00:00, run_after=2023-08-21T01:12:35.975008+00:00
[2023-08-20T21:12:36.014-0400] {processor.py:179} INFO - Processing /home/mnguyen0226/anaconda3/envs/learning_scraper/lib/python3.11/site-packages/airflow/example_dags/example_latest_only_with_trigger.py took 0.091 seconds
[2023-08-20T21:13:31.886-0400] {processor.py:157} INFO - Started process (PID=85889) to work on /home/mnguyen0226/anaconda3/envs/learning_scraper/lib/python3.11/site-packages/airflow/example_dags/example_latest_only_with_trigger.py
[2023-08-20T21:13:31.887-0400] {processor.py:826} INFO - Processing file /home/mnguyen0226/anaconda3/envs/learning_scraper/lib/python3.11/site-packages/airflow/example_dags/example_latest_only_with_trigger.py for tasks to queue
[2023-08-20T21:13:31.888-0400] {logging_mixin.py:150} INFO - [2023-08-20T21:13:31.887-0400] {dagbag.py:541} INFO - Filling up the DagBag from /home/mnguyen0226/anaconda3/envs/learning_scraper/lib/python3.11/site-packages/airflow/example_dags/example_latest_only_with_trigger.py
[2023-08-20T21:13:31.894-0400] {processor.py:836} INFO - DAG(s) dict_keys(['latest_only_with_trigger']) retrieved from /home/mnguyen0226/anaconda3/envs/learning_scraper/lib/python3.11/site-packages/airflow/example_dags/example_latest_only_with_trigger.py
[2023-08-20T21:13:31.917-0400] {logging_mixin.py:150} INFO - [2023-08-20T21:13:31.917-0400] {dag.py:2742} INFO - Sync 1 DAGs
[2023-08-20T21:13:31.947-0400] {logging_mixin.py:150} INFO - [2023-08-20T21:13:31.947-0400] {dag.py:3504} INFO - Setting next_dagrun for latest_only_with_trigger to 2023-08-20T21:13:31.946753+00:00, run_after=2023-08-21T01:13:31.946753+00:00
[2023-08-20T21:13:31.982-0400] {processor.py:179} INFO - Processing /home/mnguyen0226/anaconda3/envs/learning_scraper/lib/python3.11/site-packages/airflow/example_dags/example_latest_only_with_trigger.py took 0.100 seconds
[2023-08-20T21:14:32.346-0400] {processor.py:157} INFO - Started process (PID=86189) to work on /home/mnguyen0226/anaconda3/envs/learning_scraper/lib/python3.11/site-packages/airflow/example_dags/example_latest_only_with_trigger.py
[2023-08-20T21:14:32.355-0400] {processor.py:826} INFO - Processing file /home/mnguyen0226/anaconda3/envs/learning_scraper/lib/python3.11/site-packages/airflow/example_dags/example_latest_only_with_trigger.py for tasks to queue
[2023-08-20T21:14:32.356-0400] {logging_mixin.py:150} INFO - [2023-08-20T21:14:32.355-0400] {dagbag.py:541} INFO - Filling up the DagBag from /home/mnguyen0226/anaconda3/envs/learning_scraper/lib/python3.11/site-packages/airflow/example_dags/example_latest_only_with_trigger.py
[2023-08-20T21:14:32.363-0400] {processor.py:836} INFO - DAG(s) dict_keys(['latest_only_with_trigger']) retrieved from /home/mnguyen0226/anaconda3/envs/learning_scraper/lib/python3.11/site-packages/airflow/example_dags/example_latest_only_with_trigger.py
[2023-08-20T21:14:32.387-0400] {logging_mixin.py:150} INFO - [2023-08-20T21:14:32.387-0400] {dag.py:2742} INFO - Sync 1 DAGs
[2023-08-20T21:14:32.411-0400] {logging_mixin.py:150} INFO - [2023-08-20T21:14:32.411-0400] {dag.py:3504} INFO - Setting next_dagrun for latest_only_with_trigger to 2023-08-20T21:14:32.410878+00:00, run_after=2023-08-21T01:14:32.410878+00:00
[2023-08-20T21:14:32.439-0400] {processor.py:179} INFO - Processing /home/mnguyen0226/anaconda3/envs/learning_scraper/lib/python3.11/site-packages/airflow/example_dags/example_latest_only_with_trigger.py took 0.096 seconds
[2023-08-20T21:15:26.224-0400] {processor.py:157} INFO - Started process (PID=86375) to work on /home/mnguyen0226/anaconda3/envs/learning_scraper/lib/python3.11/site-packages/airflow/example_dags/example_latest_only_with_trigger.py
[2023-08-20T21:15:26.225-0400] {processor.py:826} INFO - Processing file /home/mnguyen0226/anaconda3/envs/learning_scraper/lib/python3.11/site-packages/airflow/example_dags/example_latest_only_with_trigger.py for tasks to queue
[2023-08-20T21:15:26.227-0400] {logging_mixin.py:150} INFO - [2023-08-20T21:15:26.226-0400] {dagbag.py:541} INFO - Filling up the DagBag from /home/mnguyen0226/anaconda3/envs/learning_scraper/lib/python3.11/site-packages/airflow/example_dags/example_latest_only_with_trigger.py
[2023-08-20T21:15:26.238-0400] {processor.py:836} INFO - DAG(s) dict_keys(['latest_only_with_trigger']) retrieved from /home/mnguyen0226/anaconda3/envs/learning_scraper/lib/python3.11/site-packages/airflow/example_dags/example_latest_only_with_trigger.py
[2023-08-20T21:15:26.266-0400] {logging_mixin.py:150} INFO - [2023-08-20T21:15:26.266-0400] {dag.py:2742} INFO - Sync 1 DAGs
[2023-08-20T21:15:26.296-0400] {logging_mixin.py:150} INFO - [2023-08-20T21:15:26.296-0400] {dag.py:3504} INFO - Setting next_dagrun for latest_only_with_trigger to 2023-08-20T21:15:26.295953+00:00, run_after=2023-08-21T01:15:26.295953+00:00
[2023-08-20T21:15:26.325-0400] {processor.py:179} INFO - Processing /home/mnguyen0226/anaconda3/envs/learning_scraper/lib/python3.11/site-packages/airflow/example_dags/example_latest_only_with_trigger.py took 0.106 seconds
[2023-08-20T21:16:17.599-0400] {processor.py:157} INFO - Started process (PID=86562) to work on /home/mnguyen0226/anaconda3/envs/learning_scraper/lib/python3.11/site-packages/airflow/example_dags/example_latest_only_with_trigger.py
[2023-08-20T21:16:17.600-0400] {processor.py:826} INFO - Processing file /home/mnguyen0226/anaconda3/envs/learning_scraper/lib/python3.11/site-packages/airflow/example_dags/example_latest_only_with_trigger.py for tasks to queue
[2023-08-20T21:16:17.601-0400] {logging_mixin.py:150} INFO - [2023-08-20T21:16:17.600-0400] {dagbag.py:541} INFO - Filling up the DagBag from /home/mnguyen0226/anaconda3/envs/learning_scraper/lib/python3.11/site-packages/airflow/example_dags/example_latest_only_with_trigger.py
[2023-08-20T21:16:17.611-0400] {processor.py:836} INFO - DAG(s) dict_keys(['latest_only_with_trigger']) retrieved from /home/mnguyen0226/anaconda3/envs/learning_scraper/lib/python3.11/site-packages/airflow/example_dags/example_latest_only_with_trigger.py
[2023-08-20T21:16:17.641-0400] {logging_mixin.py:150} INFO - [2023-08-20T21:16:17.641-0400] {dag.py:2742} INFO - Sync 1 DAGs
[2023-08-20T21:16:17.681-0400] {logging_mixin.py:150} INFO - [2023-08-20T21:16:17.680-0400] {dag.py:3504} INFO - Setting next_dagrun for latest_only_with_trigger to 2023-08-20T21:16:17.680354+00:00, run_after=2023-08-21T01:16:17.680354+00:00
[2023-08-20T21:16:17.718-0400] {processor.py:179} INFO - Processing /home/mnguyen0226/anaconda3/envs/learning_scraper/lib/python3.11/site-packages/airflow/example_dags/example_latest_only_with_trigger.py took 0.123 seconds
[2023-08-20T21:17:14.508-0400] {processor.py:157} INFO - Started process (PID=86997) to work on /home/mnguyen0226/anaconda3/envs/learning_scraper/lib/python3.11/site-packages/airflow/example_dags/example_latest_only_with_trigger.py
[2023-08-20T21:17:14.517-0400] {processor.py:826} INFO - Processing file /home/mnguyen0226/anaconda3/envs/learning_scraper/lib/python3.11/site-packages/airflow/example_dags/example_latest_only_with_trigger.py for tasks to queue
[2023-08-20T21:17:14.519-0400] {logging_mixin.py:150} INFO - [2023-08-20T21:17:14.518-0400] {dagbag.py:541} INFO - Filling up the DagBag from /home/mnguyen0226/anaconda3/envs/learning_scraper/lib/python3.11/site-packages/airflow/example_dags/example_latest_only_with_trigger.py
[2023-08-20T21:17:14.530-0400] {processor.py:836} INFO - DAG(s) dict_keys(['latest_only_with_trigger']) retrieved from /home/mnguyen0226/anaconda3/envs/learning_scraper/lib/python3.11/site-packages/airflow/example_dags/example_latest_only_with_trigger.py
[2023-08-20T21:17:14.554-0400] {logging_mixin.py:150} INFO - [2023-08-20T21:17:14.554-0400] {dag.py:2742} INFO - Sync 1 DAGs
[2023-08-20T21:17:14.585-0400] {logging_mixin.py:150} INFO - [2023-08-20T21:17:14.584-0400] {dag.py:3504} INFO - Setting next_dagrun for latest_only_with_trigger to 2023-08-20T21:17:14.584531+00:00, run_after=2023-08-21T01:17:14.584531+00:00
[2023-08-20T21:17:14.618-0400] {processor.py:179} INFO - Processing /home/mnguyen0226/anaconda3/envs/learning_scraper/lib/python3.11/site-packages/airflow/example_dags/example_latest_only_with_trigger.py took 0.114 seconds
[2023-08-20T21:18:06.461-0400] {processor.py:157} INFO - Started process (PID=87245) to work on /home/mnguyen0226/anaconda3/envs/learning_scraper/lib/python3.11/site-packages/airflow/example_dags/example_latest_only_with_trigger.py
[2023-08-20T21:18:06.462-0400] {processor.py:826} INFO - Processing file /home/mnguyen0226/anaconda3/envs/learning_scraper/lib/python3.11/site-packages/airflow/example_dags/example_latest_only_with_trigger.py for tasks to queue
[2023-08-20T21:18:06.463-0400] {logging_mixin.py:150} INFO - [2023-08-20T21:18:06.463-0400] {dagbag.py:541} INFO - Filling up the DagBag from /home/mnguyen0226/anaconda3/envs/learning_scraper/lib/python3.11/site-packages/airflow/example_dags/example_latest_only_with_trigger.py
[2023-08-20T21:18:06.471-0400] {processor.py:836} INFO - DAG(s) dict_keys(['latest_only_with_trigger']) retrieved from /home/mnguyen0226/anaconda3/envs/learning_scraper/lib/python3.11/site-packages/airflow/example_dags/example_latest_only_with_trigger.py
[2023-08-20T21:18:06.486-0400] {logging_mixin.py:150} INFO - [2023-08-20T21:18:06.485-0400] {dag.py:2742} INFO - Sync 1 DAGs
[2023-08-20T21:18:06.500-0400] {logging_mixin.py:150} INFO - [2023-08-20T21:18:06.500-0400] {dag.py:3504} INFO - Setting next_dagrun for latest_only_with_trigger to 2023-08-20T21:18:06.500411+00:00, run_after=2023-08-21T01:18:06.500411+00:00
[2023-08-20T21:18:06.521-0400] {processor.py:179} INFO - Processing /home/mnguyen0226/anaconda3/envs/learning_scraper/lib/python3.11/site-packages/airflow/example_dags/example_latest_only_with_trigger.py took 0.064 seconds
[2023-08-20T21:19:05.040-0400] {processor.py:157} INFO - Started process (PID=87496) to work on /home/mnguyen0226/anaconda3/envs/learning_scraper/lib/python3.11/site-packages/airflow/example_dags/example_latest_only_with_trigger.py
[2023-08-20T21:19:05.049-0400] {processor.py:826} INFO - Processing file /home/mnguyen0226/anaconda3/envs/learning_scraper/lib/python3.11/site-packages/airflow/example_dags/example_latest_only_with_trigger.py for tasks to queue
[2023-08-20T21:19:05.051-0400] {logging_mixin.py:150} INFO - [2023-08-20T21:19:05.050-0400] {dagbag.py:541} INFO - Filling up the DagBag from /home/mnguyen0226/anaconda3/envs/learning_scraper/lib/python3.11/site-packages/airflow/example_dags/example_latest_only_with_trigger.py
[2023-08-20T21:19:05.060-0400] {processor.py:836} INFO - DAG(s) dict_keys(['latest_only_with_trigger']) retrieved from /home/mnguyen0226/anaconda3/envs/learning_scraper/lib/python3.11/site-packages/airflow/example_dags/example_latest_only_with_trigger.py
[2023-08-20T21:19:05.085-0400] {logging_mixin.py:150} INFO - [2023-08-20T21:19:05.084-0400] {dag.py:2742} INFO - Sync 1 DAGs
[2023-08-20T21:19:05.108-0400] {logging_mixin.py:150} INFO - [2023-08-20T21:19:05.108-0400] {dag.py:3504} INFO - Setting next_dagrun for latest_only_with_trigger to 2023-08-20T21:19:05.108477+00:00, run_after=2023-08-21T01:19:05.108477+00:00
[2023-08-20T21:19:05.136-0400] {processor.py:179} INFO - Processing /home/mnguyen0226/anaconda3/envs/learning_scraper/lib/python3.11/site-packages/airflow/example_dags/example_latest_only_with_trigger.py took 0.100 seconds
[2023-08-20T21:19:56.312-0400] {processor.py:157} INFO - Started process (PID=87955) to work on /home/mnguyen0226/anaconda3/envs/learning_scraper/lib/python3.11/site-packages/airflow/example_dags/example_latest_only_with_trigger.py
[2023-08-20T21:19:56.314-0400] {processor.py:826} INFO - Processing file /home/mnguyen0226/anaconda3/envs/learning_scraper/lib/python3.11/site-packages/airflow/example_dags/example_latest_only_with_trigger.py for tasks to queue
[2023-08-20T21:19:56.317-0400] {logging_mixin.py:150} INFO - [2023-08-20T21:19:56.317-0400] {dagbag.py:541} INFO - Filling up the DagBag from /home/mnguyen0226/anaconda3/envs/learning_scraper/lib/python3.11/site-packages/airflow/example_dags/example_latest_only_with_trigger.py
[2023-08-20T21:19:56.331-0400] {processor.py:836} INFO - DAG(s) dict_keys(['latest_only_with_trigger']) retrieved from /home/mnguyen0226/anaconda3/envs/learning_scraper/lib/python3.11/site-packages/airflow/example_dags/example_latest_only_with_trigger.py
[2023-08-20T21:19:56.362-0400] {logging_mixin.py:150} INFO - [2023-08-20T21:19:56.362-0400] {dag.py:2742} INFO - Sync 1 DAGs
[2023-08-20T21:19:56.406-0400] {logging_mixin.py:150} INFO - [2023-08-20T21:19:56.406-0400] {dag.py:3504} INFO - Setting next_dagrun for latest_only_with_trigger to 2023-08-20T21:19:56.402558+00:00, run_after=2023-08-21T01:19:56.402558+00:00
[2023-08-20T21:19:56.453-0400] {processor.py:179} INFO - Processing /home/mnguyen0226/anaconda3/envs/learning_scraper/lib/python3.11/site-packages/airflow/example_dags/example_latest_only_with_trigger.py took 0.148 seconds
[2023-08-20T21:20:51.105-0400] {processor.py:157} INFO - Started process (PID=88259) to work on /home/mnguyen0226/anaconda3/envs/learning_scraper/lib/python3.11/site-packages/airflow/example_dags/example_latest_only_with_trigger.py
[2023-08-20T21:20:51.105-0400] {processor.py:826} INFO - Processing file /home/mnguyen0226/anaconda3/envs/learning_scraper/lib/python3.11/site-packages/airflow/example_dags/example_latest_only_with_trigger.py for tasks to queue
[2023-08-20T21:20:51.106-0400] {logging_mixin.py:150} INFO - [2023-08-20T21:20:51.106-0400] {dagbag.py:541} INFO - Filling up the DagBag from /home/mnguyen0226/anaconda3/envs/learning_scraper/lib/python3.11/site-packages/airflow/example_dags/example_latest_only_with_trigger.py
[2023-08-20T21:20:51.113-0400] {processor.py:836} INFO - DAG(s) dict_keys(['latest_only_with_trigger']) retrieved from /home/mnguyen0226/anaconda3/envs/learning_scraper/lib/python3.11/site-packages/airflow/example_dags/example_latest_only_with_trigger.py
[2023-08-20T21:20:51.127-0400] {logging_mixin.py:150} INFO - [2023-08-20T21:20:51.127-0400] {dag.py:2742} INFO - Sync 1 DAGs
[2023-08-20T21:20:51.141-0400] {logging_mixin.py:150} INFO - [2023-08-20T21:20:51.141-0400] {dag.py:3504} INFO - Setting next_dagrun for latest_only_with_trigger to 2023-08-20T21:20:51.141585+00:00, run_after=2023-08-21T01:20:51.141585+00:00
[2023-08-20T21:20:51.165-0400] {processor.py:179} INFO - Processing /home/mnguyen0226/anaconda3/envs/learning_scraper/lib/python3.11/site-packages/airflow/example_dags/example_latest_only_with_trigger.py took 0.063 seconds
