[2023-08-20T21:00:37.939-0400] {processor.py:157} INFO - Started process (PID=80538) to work on /home/mnguyen0226/anaconda3/envs/learning_scraper/lib/python3.11/site-packages/airflow/example_dags/example_branch_labels.py
[2023-08-20T21:00:37.940-0400] {processor.py:826} INFO - Processing file /home/mnguyen0226/anaconda3/envs/learning_scraper/lib/python3.11/site-packages/airflow/example_dags/example_branch_labels.py for tasks to queue
[2023-08-20T21:00:37.941-0400] {logging_mixin.py:150} INFO - [2023-08-20T21:00:37.940-0400] {dagbag.py:541} INFO - Filling up the DagBag from /home/mnguyen0226/anaconda3/envs/learning_scraper/lib/python3.11/site-packages/airflow/example_dags/example_branch_labels.py
[2023-08-20T21:00:37.949-0400] {processor.py:836} INFO - DAG(s) dict_keys(['example_branch_labels']) retrieved from /home/mnguyen0226/anaconda3/envs/learning_scraper/lib/python3.11/site-packages/airflow/example_dags/example_branch_labels.py
[2023-08-20T21:00:37.964-0400] {logging_mixin.py:150} INFO - [2023-08-20T21:00:37.964-0400] {dag.py:2742} INFO - Sync 1 DAGs
[2023-08-20T21:00:37.981-0400] {logging_mixin.py:150} INFO - [2023-08-20T21:00:37.981-0400] {dag.py:3504} INFO - Setting next_dagrun for example_branch_labels to 2023-08-20T00:00:00+00:00, run_after=2023-08-21T00:00:00+00:00
[2023-08-20T21:00:38.014-0400] {processor.py:179} INFO - Processing /home/mnguyen0226/anaconda3/envs/learning_scraper/lib/python3.11/site-packages/airflow/example_dags/example_branch_labels.py took 0.077 seconds
[2023-08-20T21:01:23.228-0400] {processor.py:157} INFO - Started process (PID=80945) to work on /home/mnguyen0226/anaconda3/envs/learning_scraper/lib/python3.11/site-packages/airflow/example_dags/example_branch_labels.py
[2023-08-20T21:01:23.229-0400] {processor.py:826} INFO - Processing file /home/mnguyen0226/anaconda3/envs/learning_scraper/lib/python3.11/site-packages/airflow/example_dags/example_branch_labels.py for tasks to queue
[2023-08-20T21:01:23.230-0400] {logging_mixin.py:150} INFO - [2023-08-20T21:01:23.229-0400] {dagbag.py:541} INFO - Filling up the DagBag from /home/mnguyen0226/anaconda3/envs/learning_scraper/lib/python3.11/site-packages/airflow/example_dags/example_branch_labels.py
[2023-08-20T21:01:23.237-0400] {processor.py:836} INFO - DAG(s) dict_keys(['example_branch_labels']) retrieved from /home/mnguyen0226/anaconda3/envs/learning_scraper/lib/python3.11/site-packages/airflow/example_dags/example_branch_labels.py
[2023-08-20T21:01:23.254-0400] {logging_mixin.py:150} INFO - [2023-08-20T21:01:23.254-0400] {dag.py:2742} INFO - Sync 1 DAGs
[2023-08-20T21:01:23.274-0400] {logging_mixin.py:150} INFO - [2023-08-20T21:01:23.273-0400] {dag.py:3504} INFO - Setting next_dagrun for example_branch_labels to 2023-08-20T00:00:00+00:00, run_after=2023-08-21T00:00:00+00:00
[2023-08-20T21:01:23.304-0400] {processor.py:179} INFO - Processing /home/mnguyen0226/anaconda3/envs/learning_scraper/lib/python3.11/site-packages/airflow/example_dags/example_branch_labels.py took 0.078 seconds
[2023-08-20T21:03:36.667-0400] {processor.py:157} INFO - Started process (PID=81978) to work on /home/mnguyen0226/anaconda3/envs/learning_scraper/lib/python3.11/site-packages/airflow/example_dags/example_branch_labels.py
[2023-08-20T21:03:36.677-0400] {processor.py:826} INFO - Processing file /home/mnguyen0226/anaconda3/envs/learning_scraper/lib/python3.11/site-packages/airflow/example_dags/example_branch_labels.py for tasks to queue
[2023-08-20T21:03:36.678-0400] {logging_mixin.py:150} INFO - [2023-08-20T21:03:36.678-0400] {dagbag.py:541} INFO - Filling up the DagBag from /home/mnguyen0226/anaconda3/envs/learning_scraper/lib/python3.11/site-packages/airflow/example_dags/example_branch_labels.py
[2023-08-20T21:03:36.695-0400] {processor.py:836} INFO - DAG(s) dict_keys(['example_branch_labels']) retrieved from /home/mnguyen0226/anaconda3/envs/learning_scraper/lib/python3.11/site-packages/airflow/example_dags/example_branch_labels.py
[2023-08-20T21:03:36.711-0400] {logging_mixin.py:150} INFO - [2023-08-20T21:03:36.711-0400] {dag.py:2742} INFO - Sync 1 DAGs
[2023-08-20T21:03:36.728-0400] {logging_mixin.py:150} INFO - [2023-08-20T21:03:36.728-0400] {dag.py:3504} INFO - Setting next_dagrun for example_branch_labels to 2023-08-20T00:00:00+00:00, run_after=2023-08-21T00:00:00+00:00
[2023-08-20T21:03:36.767-0400] {processor.py:179} INFO - Processing /home/mnguyen0226/anaconda3/envs/learning_scraper/lib/python3.11/site-packages/airflow/example_dags/example_branch_labels.py took 0.102 seconds
[2023-08-20T21:04:23.071-0400] {processor.py:157} INFO - Started process (PID=83036) to work on /home/mnguyen0226/anaconda3/envs/learning_scraper/lib/python3.11/site-packages/airflow/example_dags/example_branch_labels.py
[2023-08-20T21:04:23.072-0400] {processor.py:826} INFO - Processing file /home/mnguyen0226/anaconda3/envs/learning_scraper/lib/python3.11/site-packages/airflow/example_dags/example_branch_labels.py for tasks to queue
[2023-08-20T21:04:23.073-0400] {logging_mixin.py:150} INFO - [2023-08-20T21:04:23.073-0400] {dagbag.py:541} INFO - Filling up the DagBag from /home/mnguyen0226/anaconda3/envs/learning_scraper/lib/python3.11/site-packages/airflow/example_dags/example_branch_labels.py
[2023-08-20T21:04:23.087-0400] {processor.py:836} INFO - DAG(s) dict_keys(['example_branch_labels']) retrieved from /home/mnguyen0226/anaconda3/envs/learning_scraper/lib/python3.11/site-packages/airflow/example_dags/example_branch_labels.py
[2023-08-20T21:04:23.120-0400] {logging_mixin.py:150} INFO - [2023-08-20T21:04:23.120-0400] {dag.py:2742} INFO - Sync 1 DAGs
[2023-08-20T21:04:23.148-0400] {logging_mixin.py:150} INFO - [2023-08-20T21:04:23.147-0400] {dag.py:3504} INFO - Setting next_dagrun for example_branch_labels to 2023-08-20T00:00:00+00:00, run_after=2023-08-21T00:00:00+00:00
[2023-08-20T21:04:23.178-0400] {processor.py:179} INFO - Processing /home/mnguyen0226/anaconda3/envs/learning_scraper/lib/python3.11/site-packages/airflow/example_dags/example_branch_labels.py took 0.112 seconds
[2023-08-20T21:05:15.245-0400] {processor.py:157} INFO - Started process (PID=83307) to work on /home/mnguyen0226/anaconda3/envs/learning_scraper/lib/python3.11/site-packages/airflow/example_dags/example_branch_labels.py
[2023-08-20T21:05:15.254-0400] {processor.py:826} INFO - Processing file /home/mnguyen0226/anaconda3/envs/learning_scraper/lib/python3.11/site-packages/airflow/example_dags/example_branch_labels.py for tasks to queue
[2023-08-20T21:05:15.255-0400] {logging_mixin.py:150} INFO - [2023-08-20T21:05:15.254-0400] {dagbag.py:541} INFO - Filling up the DagBag from /home/mnguyen0226/anaconda3/envs/learning_scraper/lib/python3.11/site-packages/airflow/example_dags/example_branch_labels.py
[2023-08-20T21:05:15.261-0400] {processor.py:836} INFO - DAG(s) dict_keys(['example_branch_labels']) retrieved from /home/mnguyen0226/anaconda3/envs/learning_scraper/lib/python3.11/site-packages/airflow/example_dags/example_branch_labels.py
[2023-08-20T21:05:15.277-0400] {logging_mixin.py:150} INFO - [2023-08-20T21:05:15.277-0400] {dag.py:2742} INFO - Sync 1 DAGs
[2023-08-20T21:05:15.294-0400] {logging_mixin.py:150} INFO - [2023-08-20T21:05:15.294-0400] {dag.py:3504} INFO - Setting next_dagrun for example_branch_labels to 2023-08-20T00:00:00+00:00, run_after=2023-08-21T00:00:00+00:00
[2023-08-20T21:05:15.320-0400] {processor.py:179} INFO - Processing /home/mnguyen0226/anaconda3/envs/learning_scraper/lib/python3.11/site-packages/airflow/example_dags/example_branch_labels.py took 0.078 seconds
[2023-08-20T21:06:13.835-0400] {processor.py:157} INFO - Started process (PID=83574) to work on /home/mnguyen0226/anaconda3/envs/learning_scraper/lib/python3.11/site-packages/airflow/example_dags/example_branch_labels.py
[2023-08-20T21:06:13.836-0400] {processor.py:826} INFO - Processing file /home/mnguyen0226/anaconda3/envs/learning_scraper/lib/python3.11/site-packages/airflow/example_dags/example_branch_labels.py for tasks to queue
[2023-08-20T21:06:13.838-0400] {logging_mixin.py:150} INFO - [2023-08-20T21:06:13.837-0400] {dagbag.py:541} INFO - Filling up the DagBag from /home/mnguyen0226/anaconda3/envs/learning_scraper/lib/python3.11/site-packages/airflow/example_dags/example_branch_labels.py
[2023-08-20T21:06:13.851-0400] {processor.py:836} INFO - DAG(s) dict_keys(['example_branch_labels']) retrieved from /home/mnguyen0226/anaconda3/envs/learning_scraper/lib/python3.11/site-packages/airflow/example_dags/example_branch_labels.py
[2023-08-20T21:06:13.876-0400] {logging_mixin.py:150} INFO - [2023-08-20T21:06:13.876-0400] {dag.py:2742} INFO - Sync 1 DAGs
[2023-08-20T21:06:13.904-0400] {logging_mixin.py:150} INFO - [2023-08-20T21:06:13.903-0400] {dag.py:3504} INFO - Setting next_dagrun for example_branch_labels to 2023-08-20T00:00:00+00:00, run_after=2023-08-21T00:00:00+00:00
[2023-08-20T21:06:13.931-0400] {processor.py:179} INFO - Processing /home/mnguyen0226/anaconda3/envs/learning_scraper/lib/python3.11/site-packages/airflow/example_dags/example_branch_labels.py took 0.100 seconds
[2023-08-20T21:07:05.687-0400] {processor.py:157} INFO - Started process (PID=83814) to work on /home/mnguyen0226/anaconda3/envs/learning_scraper/lib/python3.11/site-packages/airflow/example_dags/example_branch_labels.py
[2023-08-20T21:07:05.688-0400] {processor.py:826} INFO - Processing file /home/mnguyen0226/anaconda3/envs/learning_scraper/lib/python3.11/site-packages/airflow/example_dags/example_branch_labels.py for tasks to queue
[2023-08-20T21:07:05.690-0400] {logging_mixin.py:150} INFO - [2023-08-20T21:07:05.689-0400] {dagbag.py:541} INFO - Filling up the DagBag from /home/mnguyen0226/anaconda3/envs/learning_scraper/lib/python3.11/site-packages/airflow/example_dags/example_branch_labels.py
[2023-08-20T21:07:05.702-0400] {processor.py:836} INFO - DAG(s) dict_keys(['example_branch_labels']) retrieved from /home/mnguyen0226/anaconda3/envs/learning_scraper/lib/python3.11/site-packages/airflow/example_dags/example_branch_labels.py
[2023-08-20T21:07:05.729-0400] {logging_mixin.py:150} INFO - [2023-08-20T21:07:05.729-0400] {dag.py:2742} INFO - Sync 1 DAGs
[2023-08-20T21:07:05.849-0400] {logging_mixin.py:150} INFO - [2023-08-20T21:07:05.849-0400] {dag.py:3504} INFO - Setting next_dagrun for example_branch_labels to 2023-08-20T00:00:00+00:00, run_after=2023-08-21T00:00:00+00:00
[2023-08-20T21:07:05.884-0400] {processor.py:179} INFO - Processing /home/mnguyen0226/anaconda3/envs/learning_scraper/lib/python3.11/site-packages/airflow/example_dags/example_branch_labels.py took 0.201 seconds
[2023-08-20T21:08:07.311-0400] {processor.py:157} INFO - Started process (PID=84027) to work on /home/mnguyen0226/anaconda3/envs/learning_scraper/lib/python3.11/site-packages/airflow/example_dags/example_branch_labels.py
[2023-08-20T21:08:07.320-0400] {processor.py:826} INFO - Processing file /home/mnguyen0226/anaconda3/envs/learning_scraper/lib/python3.11/site-packages/airflow/example_dags/example_branch_labels.py for tasks to queue
[2023-08-20T21:08:07.321-0400] {logging_mixin.py:150} INFO - [2023-08-20T21:08:07.320-0400] {dagbag.py:541} INFO - Filling up the DagBag from /home/mnguyen0226/anaconda3/envs/learning_scraper/lib/python3.11/site-packages/airflow/example_dags/example_branch_labels.py
[2023-08-20T21:08:07.327-0400] {processor.py:836} INFO - DAG(s) dict_keys(['example_branch_labels']) retrieved from /home/mnguyen0226/anaconda3/envs/learning_scraper/lib/python3.11/site-packages/airflow/example_dags/example_branch_labels.py
[2023-08-20T21:08:07.341-0400] {logging_mixin.py:150} INFO - [2023-08-20T21:08:07.340-0400] {dag.py:2742} INFO - Sync 1 DAGs
[2023-08-20T21:08:07.357-0400] {logging_mixin.py:150} INFO - [2023-08-20T21:08:07.357-0400] {dag.py:3504} INFO - Setting next_dagrun for example_branch_labels to 2023-08-20T00:00:00+00:00, run_after=2023-08-21T00:00:00+00:00
[2023-08-20T21:08:07.385-0400] {processor.py:179} INFO - Processing /home/mnguyen0226/anaconda3/envs/learning_scraper/lib/python3.11/site-packages/airflow/example_dags/example_branch_labels.py took 0.077 seconds
[2023-08-20T21:09:00.687-0400] {processor.py:157} INFO - Started process (PID=84300) to work on /home/mnguyen0226/anaconda3/envs/learning_scraper/lib/python3.11/site-packages/airflow/example_dags/example_branch_labels.py
[2023-08-20T21:09:00.687-0400] {processor.py:826} INFO - Processing file /home/mnguyen0226/anaconda3/envs/learning_scraper/lib/python3.11/site-packages/airflow/example_dags/example_branch_labels.py for tasks to queue
[2023-08-20T21:09:00.688-0400] {logging_mixin.py:150} INFO - [2023-08-20T21:09:00.688-0400] {dagbag.py:541} INFO - Filling up the DagBag from /home/mnguyen0226/anaconda3/envs/learning_scraper/lib/python3.11/site-packages/airflow/example_dags/example_branch_labels.py
[2023-08-20T21:09:00.694-0400] {processor.py:836} INFO - DAG(s) dict_keys(['example_branch_labels']) retrieved from /home/mnguyen0226/anaconda3/envs/learning_scraper/lib/python3.11/site-packages/airflow/example_dags/example_branch_labels.py
[2023-08-20T21:09:00.710-0400] {logging_mixin.py:150} INFO - [2023-08-20T21:09:00.709-0400] {dag.py:2742} INFO - Sync 1 DAGs
[2023-08-20T21:09:00.740-0400] {logging_mixin.py:150} INFO - [2023-08-20T21:09:00.740-0400] {dag.py:3504} INFO - Setting next_dagrun for example_branch_labels to 2023-08-20T00:00:00+00:00, run_after=2023-08-21T00:00:00+00:00
[2023-08-20T21:09:00.763-0400] {processor.py:179} INFO - Processing /home/mnguyen0226/anaconda3/envs/learning_scraper/lib/python3.11/site-packages/airflow/example_dags/example_branch_labels.py took 0.079 seconds
[2023-08-20T21:09:54.061-0400] {processor.py:157} INFO - Started process (PID=84589) to work on /home/mnguyen0226/anaconda3/envs/learning_scraper/lib/python3.11/site-packages/airflow/example_dags/example_branch_labels.py
[2023-08-20T21:09:54.061-0400] {processor.py:826} INFO - Processing file /home/mnguyen0226/anaconda3/envs/learning_scraper/lib/python3.11/site-packages/airflow/example_dags/example_branch_labels.py for tasks to queue
[2023-08-20T21:09:54.062-0400] {logging_mixin.py:150} INFO - [2023-08-20T21:09:54.062-0400] {dagbag.py:541} INFO - Filling up the DagBag from /home/mnguyen0226/anaconda3/envs/learning_scraper/lib/python3.11/site-packages/airflow/example_dags/example_branch_labels.py
[2023-08-20T21:09:54.070-0400] {processor.py:836} INFO - DAG(s) dict_keys(['example_branch_labels']) retrieved from /home/mnguyen0226/anaconda3/envs/learning_scraper/lib/python3.11/site-packages/airflow/example_dags/example_branch_labels.py
[2023-08-20T21:09:54.089-0400] {logging_mixin.py:150} INFO - [2023-08-20T21:09:54.088-0400] {dag.py:2742} INFO - Sync 1 DAGs
[2023-08-20T21:09:54.107-0400] {logging_mixin.py:150} INFO - [2023-08-20T21:09:54.106-0400] {dag.py:3504} INFO - Setting next_dagrun for example_branch_labels to 2023-08-20T00:00:00+00:00, run_after=2023-08-21T00:00:00+00:00
[2023-08-20T21:09:54.142-0400] {processor.py:179} INFO - Processing /home/mnguyen0226/anaconda3/envs/learning_scraper/lib/python3.11/site-packages/airflow/example_dags/example_branch_labels.py took 0.083 seconds
[2023-08-20T21:10:53.578-0400] {processor.py:157} INFO - Started process (PID=84875) to work on /home/mnguyen0226/anaconda3/envs/learning_scraper/lib/python3.11/site-packages/airflow/example_dags/example_branch_labels.py
[2023-08-20T21:10:53.578-0400] {processor.py:826} INFO - Processing file /home/mnguyen0226/anaconda3/envs/learning_scraper/lib/python3.11/site-packages/airflow/example_dags/example_branch_labels.py for tasks to queue
[2023-08-20T21:10:53.579-0400] {logging_mixin.py:150} INFO - [2023-08-20T21:10:53.579-0400] {dagbag.py:541} INFO - Filling up the DagBag from /home/mnguyen0226/anaconda3/envs/learning_scraper/lib/python3.11/site-packages/airflow/example_dags/example_branch_labels.py
[2023-08-20T21:10:53.587-0400] {processor.py:836} INFO - DAG(s) dict_keys(['example_branch_labels']) retrieved from /home/mnguyen0226/anaconda3/envs/learning_scraper/lib/python3.11/site-packages/airflow/example_dags/example_branch_labels.py
[2023-08-20T21:10:53.604-0400] {logging_mixin.py:150} INFO - [2023-08-20T21:10:53.604-0400] {dag.py:2742} INFO - Sync 1 DAGs
[2023-08-20T21:10:53.628-0400] {logging_mixin.py:150} INFO - [2023-08-20T21:10:53.628-0400] {dag.py:3504} INFO - Setting next_dagrun for example_branch_labels to 2023-08-20T00:00:00+00:00, run_after=2023-08-21T00:00:00+00:00
[2023-08-20T21:10:53.658-0400] {processor.py:179} INFO - Processing /home/mnguyen0226/anaconda3/envs/learning_scraper/lib/python3.11/site-packages/airflow/example_dags/example_branch_labels.py took 0.083 seconds
[2023-08-20T21:11:44.288-0400] {processor.py:157} INFO - Started process (PID=85092) to work on /home/mnguyen0226/anaconda3/envs/learning_scraper/lib/python3.11/site-packages/airflow/example_dags/example_branch_labels.py
[2023-08-20T21:11:44.290-0400] {processor.py:826} INFO - Processing file /home/mnguyen0226/anaconda3/envs/learning_scraper/lib/python3.11/site-packages/airflow/example_dags/example_branch_labels.py for tasks to queue
[2023-08-20T21:11:44.291-0400] {logging_mixin.py:150} INFO - [2023-08-20T21:11:44.290-0400] {dagbag.py:541} INFO - Filling up the DagBag from /home/mnguyen0226/anaconda3/envs/learning_scraper/lib/python3.11/site-packages/airflow/example_dags/example_branch_labels.py
[2023-08-20T21:11:44.305-0400] {processor.py:836} INFO - DAG(s) dict_keys(['example_branch_labels']) retrieved from /home/mnguyen0226/anaconda3/envs/learning_scraper/lib/python3.11/site-packages/airflow/example_dags/example_branch_labels.py
[2023-08-20T21:11:44.334-0400] {logging_mixin.py:150} INFO - [2023-08-20T21:11:44.333-0400] {dag.py:2742} INFO - Sync 1 DAGs
[2023-08-20T21:11:44.368-0400] {logging_mixin.py:150} INFO - [2023-08-20T21:11:44.368-0400] {dag.py:3504} INFO - Setting next_dagrun for example_branch_labels to 2023-08-20T00:00:00+00:00, run_after=2023-08-21T00:00:00+00:00
[2023-08-20T21:11:44.404-0400] {processor.py:179} INFO - Processing /home/mnguyen0226/anaconda3/envs/learning_scraper/lib/python3.11/site-packages/airflow/example_dags/example_branch_labels.py took 0.120 seconds
[2023-08-20T21:12:38.323-0400] {processor.py:157} INFO - Started process (PID=85548) to work on /home/mnguyen0226/anaconda3/envs/learning_scraper/lib/python3.11/site-packages/airflow/example_dags/example_branch_labels.py
[2023-08-20T21:12:38.324-0400] {processor.py:826} INFO - Processing file /home/mnguyen0226/anaconda3/envs/learning_scraper/lib/python3.11/site-packages/airflow/example_dags/example_branch_labels.py for tasks to queue
[2023-08-20T21:12:38.325-0400] {logging_mixin.py:150} INFO - [2023-08-20T21:12:38.324-0400] {dagbag.py:541} INFO - Filling up the DagBag from /home/mnguyen0226/anaconda3/envs/learning_scraper/lib/python3.11/site-packages/airflow/example_dags/example_branch_labels.py
[2023-08-20T21:12:38.332-0400] {processor.py:836} INFO - DAG(s) dict_keys(['example_branch_labels']) retrieved from /home/mnguyen0226/anaconda3/envs/learning_scraper/lib/python3.11/site-packages/airflow/example_dags/example_branch_labels.py
[2023-08-20T21:12:38.346-0400] {logging_mixin.py:150} INFO - [2023-08-20T21:12:38.346-0400] {dag.py:2742} INFO - Sync 1 DAGs
[2023-08-20T21:12:38.364-0400] {logging_mixin.py:150} INFO - [2023-08-20T21:12:38.363-0400] {dag.py:3504} INFO - Setting next_dagrun for example_branch_labels to 2023-08-20T00:00:00+00:00, run_after=2023-08-21T00:00:00+00:00
[2023-08-20T21:12:38.395-0400] {processor.py:179} INFO - Processing /home/mnguyen0226/anaconda3/envs/learning_scraper/lib/python3.11/site-packages/airflow/example_dags/example_branch_labels.py took 0.074 seconds
[2023-08-20T21:13:34.534-0400] {processor.py:157} INFO - Started process (PID=85897) to work on /home/mnguyen0226/anaconda3/envs/learning_scraper/lib/python3.11/site-packages/airflow/example_dags/example_branch_labels.py
[2023-08-20T21:13:34.535-0400] {processor.py:826} INFO - Processing file /home/mnguyen0226/anaconda3/envs/learning_scraper/lib/python3.11/site-packages/airflow/example_dags/example_branch_labels.py for tasks to queue
[2023-08-20T21:13:34.536-0400] {logging_mixin.py:150} INFO - [2023-08-20T21:13:34.536-0400] {dagbag.py:541} INFO - Filling up the DagBag from /home/mnguyen0226/anaconda3/envs/learning_scraper/lib/python3.11/site-packages/airflow/example_dags/example_branch_labels.py
[2023-08-20T21:13:34.546-0400] {processor.py:836} INFO - DAG(s) dict_keys(['example_branch_labels']) retrieved from /home/mnguyen0226/anaconda3/envs/learning_scraper/lib/python3.11/site-packages/airflow/example_dags/example_branch_labels.py
[2023-08-20T21:13:34.568-0400] {logging_mixin.py:150} INFO - [2023-08-20T21:13:34.568-0400] {dag.py:2742} INFO - Sync 1 DAGs
[2023-08-20T21:13:34.593-0400] {logging_mixin.py:150} INFO - [2023-08-20T21:13:34.593-0400] {dag.py:3504} INFO - Setting next_dagrun for example_branch_labels to 2023-08-20T00:00:00+00:00, run_after=2023-08-21T00:00:00+00:00
[2023-08-20T21:13:34.628-0400] {processor.py:179} INFO - Processing /home/mnguyen0226/anaconda3/envs/learning_scraper/lib/python3.11/site-packages/airflow/example_dags/example_branch_labels.py took 0.097 seconds
[2023-08-20T21:14:34.170-0400] {processor.py:157} INFO - Started process (PID=86200) to work on /home/mnguyen0226/anaconda3/envs/learning_scraper/lib/python3.11/site-packages/airflow/example_dags/example_branch_labels.py
[2023-08-20T21:14:34.171-0400] {processor.py:826} INFO - Processing file /home/mnguyen0226/anaconda3/envs/learning_scraper/lib/python3.11/site-packages/airflow/example_dags/example_branch_labels.py for tasks to queue
[2023-08-20T21:14:34.172-0400] {logging_mixin.py:150} INFO - [2023-08-20T21:14:34.171-0400] {dagbag.py:541} INFO - Filling up the DagBag from /home/mnguyen0226/anaconda3/envs/learning_scraper/lib/python3.11/site-packages/airflow/example_dags/example_branch_labels.py
[2023-08-20T21:14:34.181-0400] {processor.py:836} INFO - DAG(s) dict_keys(['example_branch_labels']) retrieved from /home/mnguyen0226/anaconda3/envs/learning_scraper/lib/python3.11/site-packages/airflow/example_dags/example_branch_labels.py
[2023-08-20T21:14:34.200-0400] {logging_mixin.py:150} INFO - [2023-08-20T21:14:34.199-0400] {dag.py:2742} INFO - Sync 1 DAGs
[2023-08-20T21:14:34.222-0400] {logging_mixin.py:150} INFO - [2023-08-20T21:14:34.222-0400] {dag.py:3504} INFO - Setting next_dagrun for example_branch_labels to 2023-08-20T00:00:00+00:00, run_after=2023-08-21T00:00:00+00:00
[2023-08-20T21:14:34.250-0400] {processor.py:179} INFO - Processing /home/mnguyen0226/anaconda3/envs/learning_scraper/lib/python3.11/site-packages/airflow/example_dags/example_branch_labels.py took 0.083 seconds
[2023-08-20T21:15:28.653-0400] {processor.py:157} INFO - Started process (PID=86377) to work on /home/mnguyen0226/anaconda3/envs/learning_scraper/lib/python3.11/site-packages/airflow/example_dags/example_branch_labels.py
[2023-08-20T21:15:28.654-0400] {processor.py:826} INFO - Processing file /home/mnguyen0226/anaconda3/envs/learning_scraper/lib/python3.11/site-packages/airflow/example_dags/example_branch_labels.py for tasks to queue
[2023-08-20T21:15:28.655-0400] {logging_mixin.py:150} INFO - [2023-08-20T21:15:28.655-0400] {dagbag.py:541} INFO - Filling up the DagBag from /home/mnguyen0226/anaconda3/envs/learning_scraper/lib/python3.11/site-packages/airflow/example_dags/example_branch_labels.py
[2023-08-20T21:15:28.668-0400] {processor.py:836} INFO - DAG(s) dict_keys(['example_branch_labels']) retrieved from /home/mnguyen0226/anaconda3/envs/learning_scraper/lib/python3.11/site-packages/airflow/example_dags/example_branch_labels.py
[2023-08-20T21:15:28.691-0400] {logging_mixin.py:150} INFO - [2023-08-20T21:15:28.691-0400] {dag.py:2742} INFO - Sync 1 DAGs
[2023-08-20T21:15:28.709-0400] {logging_mixin.py:150} INFO - [2023-08-20T21:15:28.709-0400] {dag.py:3504} INFO - Setting next_dagrun for example_branch_labels to 2023-08-20T00:00:00+00:00, run_after=2023-08-21T00:00:00+00:00
[2023-08-20T21:15:28.731-0400] {processor.py:179} INFO - Processing /home/mnguyen0226/anaconda3/envs/learning_scraper/lib/python3.11/site-packages/airflow/example_dags/example_branch_labels.py took 0.083 seconds
[2023-08-20T21:16:20.105-0400] {processor.py:157} INFO - Started process (PID=86565) to work on /home/mnguyen0226/anaconda3/envs/learning_scraper/lib/python3.11/site-packages/airflow/example_dags/example_branch_labels.py
[2023-08-20T21:16:20.106-0400] {processor.py:826} INFO - Processing file /home/mnguyen0226/anaconda3/envs/learning_scraper/lib/python3.11/site-packages/airflow/example_dags/example_branch_labels.py for tasks to queue
[2023-08-20T21:16:20.107-0400] {logging_mixin.py:150} INFO - [2023-08-20T21:16:20.106-0400] {dagbag.py:541} INFO - Filling up the DagBag from /home/mnguyen0226/anaconda3/envs/learning_scraper/lib/python3.11/site-packages/airflow/example_dags/example_branch_labels.py
[2023-08-20T21:16:20.114-0400] {processor.py:836} INFO - DAG(s) dict_keys(['example_branch_labels']) retrieved from /home/mnguyen0226/anaconda3/envs/learning_scraper/lib/python3.11/site-packages/airflow/example_dags/example_branch_labels.py
[2023-08-20T21:16:20.135-0400] {logging_mixin.py:150} INFO - [2023-08-20T21:16:20.135-0400] {dag.py:2742} INFO - Sync 1 DAGs
[2023-08-20T21:16:20.167-0400] {logging_mixin.py:150} INFO - [2023-08-20T21:16:20.167-0400] {dag.py:3504} INFO - Setting next_dagrun for example_branch_labels to 2023-08-20T00:00:00+00:00, run_after=2023-08-21T00:00:00+00:00
[2023-08-20T21:16:20.194-0400] {processor.py:179} INFO - Processing /home/mnguyen0226/anaconda3/envs/learning_scraper/lib/python3.11/site-packages/airflow/example_dags/example_branch_labels.py took 0.091 seconds
[2023-08-20T21:17:16.930-0400] {processor.py:157} INFO - Started process (PID=86999) to work on /home/mnguyen0226/anaconda3/envs/learning_scraper/lib/python3.11/site-packages/airflow/example_dags/example_branch_labels.py
[2023-08-20T21:17:16.931-0400] {processor.py:826} INFO - Processing file /home/mnguyen0226/anaconda3/envs/learning_scraper/lib/python3.11/site-packages/airflow/example_dags/example_branch_labels.py for tasks to queue
[2023-08-20T21:17:16.932-0400] {logging_mixin.py:150} INFO - [2023-08-20T21:17:16.932-0400] {dagbag.py:541} INFO - Filling up the DagBag from /home/mnguyen0226/anaconda3/envs/learning_scraper/lib/python3.11/site-packages/airflow/example_dags/example_branch_labels.py
[2023-08-20T21:17:16.946-0400] {processor.py:836} INFO - DAG(s) dict_keys(['example_branch_labels']) retrieved from /home/mnguyen0226/anaconda3/envs/learning_scraper/lib/python3.11/site-packages/airflow/example_dags/example_branch_labels.py
[2023-08-20T21:17:16.967-0400] {logging_mixin.py:150} INFO - [2023-08-20T21:17:16.967-0400] {dag.py:2742} INFO - Sync 1 DAGs
[2023-08-20T21:17:16.985-0400] {logging_mixin.py:150} INFO - [2023-08-20T21:17:16.985-0400] {dag.py:3504} INFO - Setting next_dagrun for example_branch_labels to 2023-08-20T00:00:00+00:00, run_after=2023-08-21T00:00:00+00:00
[2023-08-20T21:17:17.007-0400] {processor.py:179} INFO - Processing /home/mnguyen0226/anaconda3/envs/learning_scraper/lib/python3.11/site-packages/airflow/example_dags/example_branch_labels.py took 0.082 seconds
[2023-08-20T21:18:08.719-0400] {processor.py:157} INFO - Started process (PID=87252) to work on /home/mnguyen0226/anaconda3/envs/learning_scraper/lib/python3.11/site-packages/airflow/example_dags/example_branch_labels.py
[2023-08-20T21:18:08.720-0400] {processor.py:826} INFO - Processing file /home/mnguyen0226/anaconda3/envs/learning_scraper/lib/python3.11/site-packages/airflow/example_dags/example_branch_labels.py for tasks to queue
[2023-08-20T21:18:08.721-0400] {logging_mixin.py:150} INFO - [2023-08-20T21:18:08.721-0400] {dagbag.py:541} INFO - Filling up the DagBag from /home/mnguyen0226/anaconda3/envs/learning_scraper/lib/python3.11/site-packages/airflow/example_dags/example_branch_labels.py
[2023-08-20T21:18:08.732-0400] {processor.py:836} INFO - DAG(s) dict_keys(['example_branch_labels']) retrieved from /home/mnguyen0226/anaconda3/envs/learning_scraper/lib/python3.11/site-packages/airflow/example_dags/example_branch_labels.py
[2023-08-20T21:18:08.749-0400] {logging_mixin.py:150} INFO - [2023-08-20T21:18:08.749-0400] {dag.py:2742} INFO - Sync 1 DAGs
[2023-08-20T21:18:08.764-0400] {logging_mixin.py:150} INFO - [2023-08-20T21:18:08.764-0400] {dag.py:3504} INFO - Setting next_dagrun for example_branch_labels to 2023-08-20T00:00:00+00:00, run_after=2023-08-21T00:00:00+00:00
[2023-08-20T21:18:08.787-0400] {processor.py:179} INFO - Processing /home/mnguyen0226/anaconda3/envs/learning_scraper/lib/python3.11/site-packages/airflow/example_dags/example_branch_labels.py took 0.072 seconds
[2023-08-20T21:19:06.618-0400] {processor.py:157} INFO - Started process (PID=87507) to work on /home/mnguyen0226/anaconda3/envs/learning_scraper/lib/python3.11/site-packages/airflow/example_dags/example_branch_labels.py
[2023-08-20T21:19:06.628-0400] {processor.py:826} INFO - Processing file /home/mnguyen0226/anaconda3/envs/learning_scraper/lib/python3.11/site-packages/airflow/example_dags/example_branch_labels.py for tasks to queue
[2023-08-20T21:19:06.629-0400] {logging_mixin.py:150} INFO - [2023-08-20T21:19:06.628-0400] {dagbag.py:541} INFO - Filling up the DagBag from /home/mnguyen0226/anaconda3/envs/learning_scraper/lib/python3.11/site-packages/airflow/example_dags/example_branch_labels.py
[2023-08-20T21:19:06.642-0400] {processor.py:836} INFO - DAG(s) dict_keys(['example_branch_labels']) retrieved from /home/mnguyen0226/anaconda3/envs/learning_scraper/lib/python3.11/site-packages/airflow/example_dags/example_branch_labels.py
[2023-08-20T21:19:06.670-0400] {logging_mixin.py:150} INFO - [2023-08-20T21:19:06.669-0400] {dag.py:2742} INFO - Sync 1 DAGs
[2023-08-20T21:19:06.687-0400] {logging_mixin.py:150} INFO - [2023-08-20T21:19:06.687-0400] {dag.py:3504} INFO - Setting next_dagrun for example_branch_labels to 2023-08-20T00:00:00+00:00, run_after=2023-08-21T00:00:00+00:00
[2023-08-20T21:19:06.712-0400] {processor.py:179} INFO - Processing /home/mnguyen0226/anaconda3/envs/learning_scraper/lib/python3.11/site-packages/airflow/example_dags/example_branch_labels.py took 0.099 seconds
[2023-08-20T21:19:58.791-0400] {processor.py:157} INFO - Started process (PID=87983) to work on /home/mnguyen0226/anaconda3/envs/learning_scraper/lib/python3.11/site-packages/airflow/example_dags/example_branch_labels.py
[2023-08-20T21:19:58.792-0400] {processor.py:826} INFO - Processing file /home/mnguyen0226/anaconda3/envs/learning_scraper/lib/python3.11/site-packages/airflow/example_dags/example_branch_labels.py for tasks to queue
[2023-08-20T21:19:58.793-0400] {logging_mixin.py:150} INFO - [2023-08-20T21:19:58.792-0400] {dagbag.py:541} INFO - Filling up the DagBag from /home/mnguyen0226/anaconda3/envs/learning_scraper/lib/python3.11/site-packages/airflow/example_dags/example_branch_labels.py
[2023-08-20T21:19:58.800-0400] {processor.py:836} INFO - DAG(s) dict_keys(['example_branch_labels']) retrieved from /home/mnguyen0226/anaconda3/envs/learning_scraper/lib/python3.11/site-packages/airflow/example_dags/example_branch_labels.py
[2023-08-20T21:19:58.815-0400] {logging_mixin.py:150} INFO - [2023-08-20T21:19:58.815-0400] {dag.py:2742} INFO - Sync 1 DAGs
[2023-08-20T21:19:58.839-0400] {logging_mixin.py:150} INFO - [2023-08-20T21:19:58.838-0400] {dag.py:3504} INFO - Setting next_dagrun for example_branch_labels to 2023-08-20T00:00:00+00:00, run_after=2023-08-21T00:00:00+00:00
[2023-08-20T21:19:58.869-0400] {processor.py:179} INFO - Processing /home/mnguyen0226/anaconda3/envs/learning_scraper/lib/python3.11/site-packages/airflow/example_dags/example_branch_labels.py took 0.080 seconds
[2023-08-20T21:20:51.733-0400] {processor.py:157} INFO - Started process (PID=88261) to work on /home/mnguyen0226/anaconda3/envs/learning_scraper/lib/python3.11/site-packages/airflow/example_dags/example_branch_labels.py
[2023-08-20T21:20:51.734-0400] {processor.py:826} INFO - Processing file /home/mnguyen0226/anaconda3/envs/learning_scraper/lib/python3.11/site-packages/airflow/example_dags/example_branch_labels.py for tasks to queue
[2023-08-20T21:20:51.736-0400] {logging_mixin.py:150} INFO - [2023-08-20T21:20:51.735-0400] {dagbag.py:541} INFO - Filling up the DagBag from /home/mnguyen0226/anaconda3/envs/learning_scraper/lib/python3.11/site-packages/airflow/example_dags/example_branch_labels.py
[2023-08-20T21:20:51.748-0400] {processor.py:836} INFO - DAG(s) dict_keys(['example_branch_labels']) retrieved from /home/mnguyen0226/anaconda3/envs/learning_scraper/lib/python3.11/site-packages/airflow/example_dags/example_branch_labels.py
[2023-08-20T21:20:51.774-0400] {logging_mixin.py:150} INFO - [2023-08-20T21:20:51.774-0400] {dag.py:2742} INFO - Sync 1 DAGs
[2023-08-20T21:20:51.791-0400] {logging_mixin.py:150} INFO - [2023-08-20T21:20:51.790-0400] {dag.py:3504} INFO - Setting next_dagrun for example_branch_labels to 2023-08-20T00:00:00+00:00, run_after=2023-08-21T00:00:00+00:00
[2023-08-20T21:20:51.812-0400] {processor.py:179} INFO - Processing /home/mnguyen0226/anaconda3/envs/learning_scraper/lib/python3.11/site-packages/airflow/example_dags/example_branch_labels.py took 0.084 seconds
