[2023-08-20T21:00:38.884-0400] {processor.py:157} INFO - Started process (PID=80540) to work on /home/mnguyen0226/anaconda3/envs/learning_scraper/lib/python3.11/site-packages/airflow/example_dags/example_complex.py
[2023-08-20T21:00:38.885-0400] {processor.py:826} INFO - Processing file /home/mnguyen0226/anaconda3/envs/learning_scraper/lib/python3.11/site-packages/airflow/example_dags/example_complex.py for tasks to queue
[2023-08-20T21:00:38.886-0400] {logging_mixin.py:150} INFO - [2023-08-20T21:00:38.886-0400] {dagbag.py:541} INFO - Filling up the DagBag from /home/mnguyen0226/anaconda3/envs/learning_scraper/lib/python3.11/site-packages/airflow/example_dags/example_complex.py
[2023-08-20T21:00:38.904-0400] {processor.py:836} INFO - DAG(s) dict_keys(['example_complex']) retrieved from /home/mnguyen0226/anaconda3/envs/learning_scraper/lib/python3.11/site-packages/airflow/example_dags/example_complex.py
[2023-08-20T21:00:38.944-0400] {logging_mixin.py:150} INFO - [2023-08-20T21:00:38.944-0400] {dag.py:2742} INFO - Sync 1 DAGs
[2023-08-20T21:00:38.969-0400] {logging_mixin.py:150} INFO - [2023-08-20T21:00:38.968-0400] {dag.py:3504} INFO - Setting next_dagrun for example_complex to None, run_after=None
[2023-08-20T21:00:39.001-0400] {processor.py:179} INFO - Processing /home/mnguyen0226/anaconda3/envs/learning_scraper/lib/python3.11/site-packages/airflow/example_dags/example_complex.py took 0.121 seconds
[2023-08-20T21:01:25.599-0400] {processor.py:157} INFO - Started process (PID=80948) to work on /home/mnguyen0226/anaconda3/envs/learning_scraper/lib/python3.11/site-packages/airflow/example_dags/example_complex.py
[2023-08-20T21:01:25.600-0400] {processor.py:826} INFO - Processing file /home/mnguyen0226/anaconda3/envs/learning_scraper/lib/python3.11/site-packages/airflow/example_dags/example_complex.py for tasks to queue
[2023-08-20T21:01:25.601-0400] {logging_mixin.py:150} INFO - [2023-08-20T21:01:25.601-0400] {dagbag.py:541} INFO - Filling up the DagBag from /home/mnguyen0226/anaconda3/envs/learning_scraper/lib/python3.11/site-packages/airflow/example_dags/example_complex.py
[2023-08-20T21:01:25.609-0400] {processor.py:836} INFO - DAG(s) dict_keys(['example_complex']) retrieved from /home/mnguyen0226/anaconda3/envs/learning_scraper/lib/python3.11/site-packages/airflow/example_dags/example_complex.py
[2023-08-20T21:01:25.630-0400] {logging_mixin.py:150} INFO - [2023-08-20T21:01:25.630-0400] {dag.py:2742} INFO - Sync 1 DAGs
[2023-08-20T21:01:25.645-0400] {logging_mixin.py:150} INFO - [2023-08-20T21:01:25.645-0400] {dag.py:3504} INFO - Setting next_dagrun for example_complex to None, run_after=None
[2023-08-20T21:01:25.668-0400] {processor.py:179} INFO - Processing /home/mnguyen0226/anaconda3/envs/learning_scraper/lib/python3.11/site-packages/airflow/example_dags/example_complex.py took 0.071 seconds
[2023-08-20T21:03:37.699-0400] {processor.py:157} INFO - Started process (PID=82018) to work on /home/mnguyen0226/anaconda3/envs/learning_scraper/lib/python3.11/site-packages/airflow/example_dags/example_complex.py
[2023-08-20T21:03:37.700-0400] {processor.py:826} INFO - Processing file /home/mnguyen0226/anaconda3/envs/learning_scraper/lib/python3.11/site-packages/airflow/example_dags/example_complex.py for tasks to queue
[2023-08-20T21:03:37.701-0400] {logging_mixin.py:150} INFO - [2023-08-20T21:03:37.701-0400] {dagbag.py:541} INFO - Filling up the DagBag from /home/mnguyen0226/anaconda3/envs/learning_scraper/lib/python3.11/site-packages/airflow/example_dags/example_complex.py
[2023-08-20T21:03:37.725-0400] {processor.py:836} INFO - DAG(s) dict_keys(['example_complex']) retrieved from /home/mnguyen0226/anaconda3/envs/learning_scraper/lib/python3.11/site-packages/airflow/example_dags/example_complex.py
[2023-08-20T21:03:37.756-0400] {logging_mixin.py:150} INFO - [2023-08-20T21:03:37.756-0400] {dag.py:2742} INFO - Sync 1 DAGs
[2023-08-20T21:03:37.792-0400] {logging_mixin.py:150} INFO - [2023-08-20T21:03:37.792-0400] {dag.py:3504} INFO - Setting next_dagrun for example_complex to None, run_after=None
[2023-08-20T21:03:37.822-0400] {processor.py:179} INFO - Processing /home/mnguyen0226/anaconda3/envs/learning_scraper/lib/python3.11/site-packages/airflow/example_dags/example_complex.py took 0.127 seconds
[2023-08-20T21:04:24.822-0400] {processor.py:157} INFO - Started process (PID=83038) to work on /home/mnguyen0226/anaconda3/envs/learning_scraper/lib/python3.11/site-packages/airflow/example_dags/example_complex.py
[2023-08-20T21:04:24.823-0400] {processor.py:826} INFO - Processing file /home/mnguyen0226/anaconda3/envs/learning_scraper/lib/python3.11/site-packages/airflow/example_dags/example_complex.py for tasks to queue
[2023-08-20T21:04:24.825-0400] {logging_mixin.py:150} INFO - [2023-08-20T21:04:24.824-0400] {dagbag.py:541} INFO - Filling up the DagBag from /home/mnguyen0226/anaconda3/envs/learning_scraper/lib/python3.11/site-packages/airflow/example_dags/example_complex.py
[2023-08-20T21:04:24.844-0400] {processor.py:836} INFO - DAG(s) dict_keys(['example_complex']) retrieved from /home/mnguyen0226/anaconda3/envs/learning_scraper/lib/python3.11/site-packages/airflow/example_dags/example_complex.py
[2023-08-20T21:04:24.877-0400] {logging_mixin.py:150} INFO - [2023-08-20T21:04:24.877-0400] {dag.py:2742} INFO - Sync 1 DAGs
[2023-08-20T21:04:24.895-0400] {logging_mixin.py:150} INFO - [2023-08-20T21:04:24.895-0400] {dag.py:3504} INFO - Setting next_dagrun for example_complex to None, run_after=None
[2023-08-20T21:04:24.920-0400] {processor.py:179} INFO - Processing /home/mnguyen0226/anaconda3/envs/learning_scraper/lib/python3.11/site-packages/airflow/example_dags/example_complex.py took 0.103 seconds
[2023-08-20T21:05:16.831-0400] {processor.py:157} INFO - Started process (PID=83315) to work on /home/mnguyen0226/anaconda3/envs/learning_scraper/lib/python3.11/site-packages/airflow/example_dags/example_complex.py
[2023-08-20T21:05:16.840-0400] {processor.py:826} INFO - Processing file /home/mnguyen0226/anaconda3/envs/learning_scraper/lib/python3.11/site-packages/airflow/example_dags/example_complex.py for tasks to queue
[2023-08-20T21:05:16.841-0400] {logging_mixin.py:150} INFO - [2023-08-20T21:05:16.841-0400] {dagbag.py:541} INFO - Filling up the DagBag from /home/mnguyen0226/anaconda3/envs/learning_scraper/lib/python3.11/site-packages/airflow/example_dags/example_complex.py
[2023-08-20T21:05:16.849-0400] {processor.py:836} INFO - DAG(s) dict_keys(['example_complex']) retrieved from /home/mnguyen0226/anaconda3/envs/learning_scraper/lib/python3.11/site-packages/airflow/example_dags/example_complex.py
[2023-08-20T21:05:16.871-0400] {logging_mixin.py:150} INFO - [2023-08-20T21:05:16.871-0400] {dag.py:2742} INFO - Sync 1 DAGs
[2023-08-20T21:05:16.888-0400] {logging_mixin.py:150} INFO - [2023-08-20T21:05:16.887-0400] {dag.py:3504} INFO - Setting next_dagrun for example_complex to None, run_after=None
[2023-08-20T21:05:16.919-0400] {processor.py:179} INFO - Processing /home/mnguyen0226/anaconda3/envs/learning_scraper/lib/python3.11/site-packages/airflow/example_dags/example_complex.py took 0.091 seconds
[2023-08-20T21:06:16.260-0400] {processor.py:157} INFO - Started process (PID=83576) to work on /home/mnguyen0226/anaconda3/envs/learning_scraper/lib/python3.11/site-packages/airflow/example_dags/example_complex.py
[2023-08-20T21:06:16.270-0400] {processor.py:826} INFO - Processing file /home/mnguyen0226/anaconda3/envs/learning_scraper/lib/python3.11/site-packages/airflow/example_dags/example_complex.py for tasks to queue
[2023-08-20T21:06:16.272-0400] {logging_mixin.py:150} INFO - [2023-08-20T21:06:16.271-0400] {dagbag.py:541} INFO - Filling up the DagBag from /home/mnguyen0226/anaconda3/envs/learning_scraper/lib/python3.11/site-packages/airflow/example_dags/example_complex.py
[2023-08-20T21:06:16.288-0400] {processor.py:836} INFO - DAG(s) dict_keys(['example_complex']) retrieved from /home/mnguyen0226/anaconda3/envs/learning_scraper/lib/python3.11/site-packages/airflow/example_dags/example_complex.py
[2023-08-20T21:06:16.323-0400] {logging_mixin.py:150} INFO - [2023-08-20T21:06:16.322-0400] {dag.py:2742} INFO - Sync 1 DAGs
[2023-08-20T21:06:16.338-0400] {logging_mixin.py:150} INFO - [2023-08-20T21:06:16.338-0400] {dag.py:3504} INFO - Setting next_dagrun for example_complex to None, run_after=None
[2023-08-20T21:06:16.365-0400] {processor.py:179} INFO - Processing /home/mnguyen0226/anaconda3/envs/learning_scraper/lib/python3.11/site-packages/airflow/example_dags/example_complex.py took 0.110 seconds
[2023-08-20T21:07:07.545-0400] {processor.py:157} INFO - Started process (PID=83824) to work on /home/mnguyen0226/anaconda3/envs/learning_scraper/lib/python3.11/site-packages/airflow/example_dags/example_complex.py
[2023-08-20T21:07:07.546-0400] {processor.py:826} INFO - Processing file /home/mnguyen0226/anaconda3/envs/learning_scraper/lib/python3.11/site-packages/airflow/example_dags/example_complex.py for tasks to queue
[2023-08-20T21:07:07.548-0400] {logging_mixin.py:150} INFO - [2023-08-20T21:07:07.547-0400] {dagbag.py:541} INFO - Filling up the DagBag from /home/mnguyen0226/anaconda3/envs/learning_scraper/lib/python3.11/site-packages/airflow/example_dags/example_complex.py
[2023-08-20T21:07:07.563-0400] {processor.py:836} INFO - DAG(s) dict_keys(['example_complex']) retrieved from /home/mnguyen0226/anaconda3/envs/learning_scraper/lib/python3.11/site-packages/airflow/example_dags/example_complex.py
[2023-08-20T21:07:07.588-0400] {logging_mixin.py:150} INFO - [2023-08-20T21:07:07.587-0400] {dag.py:2742} INFO - Sync 1 DAGs
[2023-08-20T21:07:07.686-0400] {logging_mixin.py:150} INFO - [2023-08-20T21:07:07.686-0400] {dag.py:3504} INFO - Setting next_dagrun for example_complex to None, run_after=None
[2023-08-20T21:07:07.715-0400] {processor.py:179} INFO - Processing /home/mnguyen0226/anaconda3/envs/learning_scraper/lib/python3.11/site-packages/airflow/example_dags/example_complex.py took 0.174 seconds
[2023-08-20T21:08:08.965-0400] {processor.py:157} INFO - Started process (PID=84043) to work on /home/mnguyen0226/anaconda3/envs/learning_scraper/lib/python3.11/site-packages/airflow/example_dags/example_complex.py
[2023-08-20T21:08:08.967-0400] {processor.py:826} INFO - Processing file /home/mnguyen0226/anaconda3/envs/learning_scraper/lib/python3.11/site-packages/airflow/example_dags/example_complex.py for tasks to queue
[2023-08-20T21:08:08.968-0400] {logging_mixin.py:150} INFO - [2023-08-20T21:08:08.968-0400] {dagbag.py:541} INFO - Filling up the DagBag from /home/mnguyen0226/anaconda3/envs/learning_scraper/lib/python3.11/site-packages/airflow/example_dags/example_complex.py
[2023-08-20T21:08:08.988-0400] {processor.py:836} INFO - DAG(s) dict_keys(['example_complex']) retrieved from /home/mnguyen0226/anaconda3/envs/learning_scraper/lib/python3.11/site-packages/airflow/example_dags/example_complex.py
[2023-08-20T21:08:09.030-0400] {logging_mixin.py:150} INFO - [2023-08-20T21:08:09.030-0400] {dag.py:2742} INFO - Sync 1 DAGs
[2023-08-20T21:08:09.059-0400] {logging_mixin.py:150} INFO - [2023-08-20T21:08:09.058-0400] {dag.py:3504} INFO - Setting next_dagrun for example_complex to None, run_after=None
[2023-08-20T21:08:09.091-0400] {processor.py:179} INFO - Processing /home/mnguyen0226/anaconda3/envs/learning_scraper/lib/python3.11/site-packages/airflow/example_dags/example_complex.py took 0.131 seconds
[2023-08-20T21:09:02.996-0400] {processor.py:157} INFO - Started process (PID=84304) to work on /home/mnguyen0226/anaconda3/envs/learning_scraper/lib/python3.11/site-packages/airflow/example_dags/example_complex.py
[2023-08-20T21:09:03.006-0400] {processor.py:826} INFO - Processing file /home/mnguyen0226/anaconda3/envs/learning_scraper/lib/python3.11/site-packages/airflow/example_dags/example_complex.py for tasks to queue
[2023-08-20T21:09:03.007-0400] {logging_mixin.py:150} INFO - [2023-08-20T21:09:03.007-0400] {dagbag.py:541} INFO - Filling up the DagBag from /home/mnguyen0226/anaconda3/envs/learning_scraper/lib/python3.11/site-packages/airflow/example_dags/example_complex.py
[2023-08-20T21:09:03.020-0400] {processor.py:836} INFO - DAG(s) dict_keys(['example_complex']) retrieved from /home/mnguyen0226/anaconda3/envs/learning_scraper/lib/python3.11/site-packages/airflow/example_dags/example_complex.py
[2023-08-20T21:09:03.041-0400] {logging_mixin.py:150} INFO - [2023-08-20T21:09:03.041-0400] {dag.py:2742} INFO - Sync 1 DAGs
[2023-08-20T21:09:03.057-0400] {logging_mixin.py:150} INFO - [2023-08-20T21:09:03.056-0400] {dag.py:3504} INFO - Setting next_dagrun for example_complex to None, run_after=None
[2023-08-20T21:09:03.083-0400] {processor.py:179} INFO - Processing /home/mnguyen0226/anaconda3/envs/learning_scraper/lib/python3.11/site-packages/airflow/example_dags/example_complex.py took 0.091 seconds
[2023-08-20T21:09:55.541-0400] {processor.py:157} INFO - Started process (PID=84592) to work on /home/mnguyen0226/anaconda3/envs/learning_scraper/lib/python3.11/site-packages/airflow/example_dags/example_complex.py
[2023-08-20T21:09:55.542-0400] {processor.py:826} INFO - Processing file /home/mnguyen0226/anaconda3/envs/learning_scraper/lib/python3.11/site-packages/airflow/example_dags/example_complex.py for tasks to queue
[2023-08-20T21:09:55.543-0400] {logging_mixin.py:150} INFO - [2023-08-20T21:09:55.543-0400] {dagbag.py:541} INFO - Filling up the DagBag from /home/mnguyen0226/anaconda3/envs/learning_scraper/lib/python3.11/site-packages/airflow/example_dags/example_complex.py
[2023-08-20T21:09:55.558-0400] {processor.py:836} INFO - DAG(s) dict_keys(['example_complex']) retrieved from /home/mnguyen0226/anaconda3/envs/learning_scraper/lib/python3.11/site-packages/airflow/example_dags/example_complex.py
[2023-08-20T21:09:55.593-0400] {logging_mixin.py:150} INFO - [2023-08-20T21:09:55.593-0400] {dag.py:2742} INFO - Sync 1 DAGs
[2023-08-20T21:09:55.622-0400] {logging_mixin.py:150} INFO - [2023-08-20T21:09:55.622-0400] {dag.py:3504} INFO - Setting next_dagrun for example_complex to None, run_after=None
[2023-08-20T21:09:55.659-0400] {processor.py:179} INFO - Processing /home/mnguyen0226/anaconda3/envs/learning_scraper/lib/python3.11/site-packages/airflow/example_dags/example_complex.py took 0.120 seconds
[2023-08-20T21:10:55.965-0400] {processor.py:157} INFO - Started process (PID=84880) to work on /home/mnguyen0226/anaconda3/envs/learning_scraper/lib/python3.11/site-packages/airflow/example_dags/example_complex.py
[2023-08-20T21:10:55.975-0400] {processor.py:826} INFO - Processing file /home/mnguyen0226/anaconda3/envs/learning_scraper/lib/python3.11/site-packages/airflow/example_dags/example_complex.py for tasks to queue
[2023-08-20T21:10:55.976-0400] {logging_mixin.py:150} INFO - [2023-08-20T21:10:55.976-0400] {dagbag.py:541} INFO - Filling up the DagBag from /home/mnguyen0226/anaconda3/envs/learning_scraper/lib/python3.11/site-packages/airflow/example_dags/example_complex.py
[2023-08-20T21:10:55.997-0400] {processor.py:836} INFO - DAG(s) dict_keys(['example_complex']) retrieved from /home/mnguyen0226/anaconda3/envs/learning_scraper/lib/python3.11/site-packages/airflow/example_dags/example_complex.py
[2023-08-20T21:10:56.038-0400] {logging_mixin.py:150} INFO - [2023-08-20T21:10:56.038-0400] {dag.py:2742} INFO - Sync 1 DAGs
[2023-08-20T21:10:56.061-0400] {logging_mixin.py:150} INFO - [2023-08-20T21:10:56.060-0400] {dag.py:3504} INFO - Setting next_dagrun for example_complex to None, run_after=None
[2023-08-20T21:10:56.094-0400] {processor.py:179} INFO - Processing /home/mnguyen0226/anaconda3/envs/learning_scraper/lib/python3.11/site-packages/airflow/example_dags/example_complex.py took 0.135 seconds
[2023-08-20T21:11:46.696-0400] {processor.py:157} INFO - Started process (PID=85095) to work on /home/mnguyen0226/anaconda3/envs/learning_scraper/lib/python3.11/site-packages/airflow/example_dags/example_complex.py
[2023-08-20T21:11:46.697-0400] {processor.py:826} INFO - Processing file /home/mnguyen0226/anaconda3/envs/learning_scraper/lib/python3.11/site-packages/airflow/example_dags/example_complex.py for tasks to queue
[2023-08-20T21:11:46.698-0400] {logging_mixin.py:150} INFO - [2023-08-20T21:11:46.698-0400] {dagbag.py:541} INFO - Filling up the DagBag from /home/mnguyen0226/anaconda3/envs/learning_scraper/lib/python3.11/site-packages/airflow/example_dags/example_complex.py
[2023-08-20T21:11:46.710-0400] {processor.py:836} INFO - DAG(s) dict_keys(['example_complex']) retrieved from /home/mnguyen0226/anaconda3/envs/learning_scraper/lib/python3.11/site-packages/airflow/example_dags/example_complex.py
[2023-08-20T21:11:46.741-0400] {logging_mixin.py:150} INFO - [2023-08-20T21:11:46.740-0400] {dag.py:2742} INFO - Sync 1 DAGs
[2023-08-20T21:11:46.759-0400] {logging_mixin.py:150} INFO - [2023-08-20T21:11:46.758-0400] {dag.py:3504} INFO - Setting next_dagrun for example_complex to None, run_after=None
[2023-08-20T21:11:46.783-0400] {processor.py:179} INFO - Processing /home/mnguyen0226/anaconda3/envs/learning_scraper/lib/python3.11/site-packages/airflow/example_dags/example_complex.py took 0.091 seconds
[2023-08-20T21:12:39.925-0400] {processor.py:157} INFO - Started process (PID=85582) to work on /home/mnguyen0226/anaconda3/envs/learning_scraper/lib/python3.11/site-packages/airflow/example_dags/example_complex.py
[2023-08-20T21:12:39.927-0400] {processor.py:826} INFO - Processing file /home/mnguyen0226/anaconda3/envs/learning_scraper/lib/python3.11/site-packages/airflow/example_dags/example_complex.py for tasks to queue
[2023-08-20T21:12:39.928-0400] {logging_mixin.py:150} INFO - [2023-08-20T21:12:39.927-0400] {dagbag.py:541} INFO - Filling up the DagBag from /home/mnguyen0226/anaconda3/envs/learning_scraper/lib/python3.11/site-packages/airflow/example_dags/example_complex.py
[2023-08-20T21:12:39.940-0400] {processor.py:836} INFO - DAG(s) dict_keys(['example_complex']) retrieved from /home/mnguyen0226/anaconda3/envs/learning_scraper/lib/python3.11/site-packages/airflow/example_dags/example_complex.py
[2023-08-20T21:12:39.972-0400] {logging_mixin.py:150} INFO - [2023-08-20T21:12:39.972-0400] {dag.py:2742} INFO - Sync 1 DAGs
[2023-08-20T21:12:39.995-0400] {logging_mixin.py:150} INFO - [2023-08-20T21:12:39.995-0400] {dag.py:3504} INFO - Setting next_dagrun for example_complex to None, run_after=None
[2023-08-20T21:12:40.039-0400] {processor.py:179} INFO - Processing /home/mnguyen0226/anaconda3/envs/learning_scraper/lib/python3.11/site-packages/airflow/example_dags/example_complex.py took 0.117 seconds
[2023-08-20T21:13:37.014-0400] {processor.py:157} INFO - Started process (PID=85900) to work on /home/mnguyen0226/anaconda3/envs/learning_scraper/lib/python3.11/site-packages/airflow/example_dags/example_complex.py
[2023-08-20T21:13:37.014-0400] {processor.py:826} INFO - Processing file /home/mnguyen0226/anaconda3/envs/learning_scraper/lib/python3.11/site-packages/airflow/example_dags/example_complex.py for tasks to queue
[2023-08-20T21:13:37.015-0400] {logging_mixin.py:150} INFO - [2023-08-20T21:13:37.015-0400] {dagbag.py:541} INFO - Filling up the DagBag from /home/mnguyen0226/anaconda3/envs/learning_scraper/lib/python3.11/site-packages/airflow/example_dags/example_complex.py
[2023-08-20T21:13:37.027-0400] {processor.py:836} INFO - DAG(s) dict_keys(['example_complex']) retrieved from /home/mnguyen0226/anaconda3/envs/learning_scraper/lib/python3.11/site-packages/airflow/example_dags/example_complex.py
[2023-08-20T21:13:37.053-0400] {logging_mixin.py:150} INFO - [2023-08-20T21:13:37.053-0400] {dag.py:2742} INFO - Sync 1 DAGs
[2023-08-20T21:13:37.072-0400] {logging_mixin.py:150} INFO - [2023-08-20T21:13:37.071-0400] {dag.py:3504} INFO - Setting next_dagrun for example_complex to None, run_after=None
[2023-08-20T21:13:37.094-0400] {processor.py:179} INFO - Processing /home/mnguyen0226/anaconda3/envs/learning_scraper/lib/python3.11/site-packages/airflow/example_dags/example_complex.py took 0.083 seconds
[2023-08-20T21:14:36.600-0400] {processor.py:157} INFO - Started process (PID=86202) to work on /home/mnguyen0226/anaconda3/envs/learning_scraper/lib/python3.11/site-packages/airflow/example_dags/example_complex.py
[2023-08-20T21:14:36.610-0400] {processor.py:826} INFO - Processing file /home/mnguyen0226/anaconda3/envs/learning_scraper/lib/python3.11/site-packages/airflow/example_dags/example_complex.py for tasks to queue
[2023-08-20T21:14:36.612-0400] {logging_mixin.py:150} INFO - [2023-08-20T21:14:36.611-0400] {dagbag.py:541} INFO - Filling up the DagBag from /home/mnguyen0226/anaconda3/envs/learning_scraper/lib/python3.11/site-packages/airflow/example_dags/example_complex.py
[2023-08-20T21:14:36.628-0400] {processor.py:836} INFO - DAG(s) dict_keys(['example_complex']) retrieved from /home/mnguyen0226/anaconda3/envs/learning_scraper/lib/python3.11/site-packages/airflow/example_dags/example_complex.py
[2023-08-20T21:14:36.664-0400] {logging_mixin.py:150} INFO - [2023-08-20T21:14:36.664-0400] {dag.py:2742} INFO - Sync 1 DAGs
[2023-08-20T21:14:36.682-0400] {logging_mixin.py:150} INFO - [2023-08-20T21:14:36.682-0400] {dag.py:3504} INFO - Setting next_dagrun for example_complex to None, run_after=None
[2023-08-20T21:14:36.707-0400] {processor.py:179} INFO - Processing /home/mnguyen0226/anaconda3/envs/learning_scraper/lib/python3.11/site-packages/airflow/example_dags/example_complex.py took 0.111 seconds
[2023-08-20T21:15:30.939-0400] {processor.py:157} INFO - Started process (PID=86379) to work on /home/mnguyen0226/anaconda3/envs/learning_scraper/lib/python3.11/site-packages/airflow/example_dags/example_complex.py
[2023-08-20T21:15:30.940-0400] {processor.py:826} INFO - Processing file /home/mnguyen0226/anaconda3/envs/learning_scraper/lib/python3.11/site-packages/airflow/example_dags/example_complex.py for tasks to queue
[2023-08-20T21:15:30.943-0400] {logging_mixin.py:150} INFO - [2023-08-20T21:15:30.942-0400] {dagbag.py:541} INFO - Filling up the DagBag from /home/mnguyen0226/anaconda3/envs/learning_scraper/lib/python3.11/site-packages/airflow/example_dags/example_complex.py
[2023-08-20T21:15:30.960-0400] {processor.py:836} INFO - DAG(s) dict_keys(['example_complex']) retrieved from /home/mnguyen0226/anaconda3/envs/learning_scraper/lib/python3.11/site-packages/airflow/example_dags/example_complex.py
[2023-08-20T21:15:30.986-0400] {logging_mixin.py:150} INFO - [2023-08-20T21:15:30.986-0400] {dag.py:2742} INFO - Sync 1 DAGs
[2023-08-20T21:15:31.000-0400] {logging_mixin.py:150} INFO - [2023-08-20T21:15:31.000-0400] {dag.py:3504} INFO - Setting next_dagrun for example_complex to None, run_after=None
[2023-08-20T21:15:31.022-0400] {processor.py:179} INFO - Processing /home/mnguyen0226/anaconda3/envs/learning_scraper/lib/python3.11/site-packages/airflow/example_dags/example_complex.py took 0.087 seconds
[2023-08-20T21:16:22.391-0400] {processor.py:157} INFO - Started process (PID=86573) to work on /home/mnguyen0226/anaconda3/envs/learning_scraper/lib/python3.11/site-packages/airflow/example_dags/example_complex.py
[2023-08-20T21:16:22.392-0400] {processor.py:826} INFO - Processing file /home/mnguyen0226/anaconda3/envs/learning_scraper/lib/python3.11/site-packages/airflow/example_dags/example_complex.py for tasks to queue
[2023-08-20T21:16:22.393-0400] {logging_mixin.py:150} INFO - [2023-08-20T21:16:22.393-0400] {dagbag.py:541} INFO - Filling up the DagBag from /home/mnguyen0226/anaconda3/envs/learning_scraper/lib/python3.11/site-packages/airflow/example_dags/example_complex.py
[2023-08-20T21:16:22.411-0400] {processor.py:836} INFO - DAG(s) dict_keys(['example_complex']) retrieved from /home/mnguyen0226/anaconda3/envs/learning_scraper/lib/python3.11/site-packages/airflow/example_dags/example_complex.py
[2023-08-20T21:16:22.459-0400] {logging_mixin.py:150} INFO - [2023-08-20T21:16:22.459-0400] {dag.py:2742} INFO - Sync 1 DAGs
[2023-08-20T21:16:22.476-0400] {logging_mixin.py:150} INFO - [2023-08-20T21:16:22.476-0400] {dag.py:3504} INFO - Setting next_dagrun for example_complex to None, run_after=None
[2023-08-20T21:16:22.499-0400] {processor.py:179} INFO - Processing /home/mnguyen0226/anaconda3/envs/learning_scraper/lib/python3.11/site-packages/airflow/example_dags/example_complex.py took 0.114 seconds
[2023-08-20T21:17:18.359-0400] {processor.py:157} INFO - Started process (PID=87001) to work on /home/mnguyen0226/anaconda3/envs/learning_scraper/lib/python3.11/site-packages/airflow/example_dags/example_complex.py
[2023-08-20T21:17:18.368-0400] {processor.py:826} INFO - Processing file /home/mnguyen0226/anaconda3/envs/learning_scraper/lib/python3.11/site-packages/airflow/example_dags/example_complex.py for tasks to queue
[2023-08-20T21:17:18.369-0400] {logging_mixin.py:150} INFO - [2023-08-20T21:17:18.368-0400] {dagbag.py:541} INFO - Filling up the DagBag from /home/mnguyen0226/anaconda3/envs/learning_scraper/lib/python3.11/site-packages/airflow/example_dags/example_complex.py
[2023-08-20T21:17:18.381-0400] {processor.py:836} INFO - DAG(s) dict_keys(['example_complex']) retrieved from /home/mnguyen0226/anaconda3/envs/learning_scraper/lib/python3.11/site-packages/airflow/example_dags/example_complex.py
[2023-08-20T21:17:18.403-0400] {logging_mixin.py:150} INFO - [2023-08-20T21:17:18.403-0400] {dag.py:2742} INFO - Sync 1 DAGs
[2023-08-20T21:17:18.419-0400] {logging_mixin.py:150} INFO - [2023-08-20T21:17:18.419-0400] {dag.py:3504} INFO - Setting next_dagrun for example_complex to None, run_after=None
[2023-08-20T21:17:18.445-0400] {processor.py:179} INFO - Processing /home/mnguyen0226/anaconda3/envs/learning_scraper/lib/python3.11/site-packages/airflow/example_dags/example_complex.py took 0.089 seconds
[2023-08-20T21:18:10.677-0400] {processor.py:157} INFO - Started process (PID=87282) to work on /home/mnguyen0226/anaconda3/envs/learning_scraper/lib/python3.11/site-packages/airflow/example_dags/example_complex.py
[2023-08-20T21:18:10.678-0400] {processor.py:826} INFO - Processing file /home/mnguyen0226/anaconda3/envs/learning_scraper/lib/python3.11/site-packages/airflow/example_dags/example_complex.py for tasks to queue
[2023-08-20T21:18:10.679-0400] {logging_mixin.py:150} INFO - [2023-08-20T21:18:10.678-0400] {dagbag.py:541} INFO - Filling up the DagBag from /home/mnguyen0226/anaconda3/envs/learning_scraper/lib/python3.11/site-packages/airflow/example_dags/example_complex.py
[2023-08-20T21:18:10.687-0400] {processor.py:836} INFO - DAG(s) dict_keys(['example_complex']) retrieved from /home/mnguyen0226/anaconda3/envs/learning_scraper/lib/python3.11/site-packages/airflow/example_dags/example_complex.py
[2023-08-20T21:18:10.713-0400] {logging_mixin.py:150} INFO - [2023-08-20T21:18:10.713-0400] {dag.py:2742} INFO - Sync 1 DAGs
[2023-08-20T21:18:10.727-0400] {logging_mixin.py:150} INFO - [2023-08-20T21:18:10.727-0400] {dag.py:3504} INFO - Setting next_dagrun for example_complex to None, run_after=None
[2023-08-20T21:18:10.750-0400] {processor.py:179} INFO - Processing /home/mnguyen0226/anaconda3/envs/learning_scraper/lib/python3.11/site-packages/airflow/example_dags/example_complex.py took 0.075 seconds
[2023-08-20T21:19:08.045-0400] {processor.py:157} INFO - Started process (PID=87563) to work on /home/mnguyen0226/anaconda3/envs/learning_scraper/lib/python3.11/site-packages/airflow/example_dags/example_complex.py
[2023-08-20T21:19:08.046-0400] {processor.py:826} INFO - Processing file /home/mnguyen0226/anaconda3/envs/learning_scraper/lib/python3.11/site-packages/airflow/example_dags/example_complex.py for tasks to queue
[2023-08-20T21:19:08.047-0400] {logging_mixin.py:150} INFO - [2023-08-20T21:19:08.046-0400] {dagbag.py:541} INFO - Filling up the DagBag from /home/mnguyen0226/anaconda3/envs/learning_scraper/lib/python3.11/site-packages/airflow/example_dags/example_complex.py
[2023-08-20T21:19:08.060-0400] {processor.py:836} INFO - DAG(s) dict_keys(['example_complex']) retrieved from /home/mnguyen0226/anaconda3/envs/learning_scraper/lib/python3.11/site-packages/airflow/example_dags/example_complex.py
[2023-08-20T21:19:08.085-0400] {logging_mixin.py:150} INFO - [2023-08-20T21:19:08.085-0400] {dag.py:2742} INFO - Sync 1 DAGs
[2023-08-20T21:19:08.105-0400] {logging_mixin.py:150} INFO - [2023-08-20T21:19:08.105-0400] {dag.py:3504} INFO - Setting next_dagrun for example_complex to None, run_after=None
[2023-08-20T21:19:08.137-0400] {processor.py:179} INFO - Processing /home/mnguyen0226/anaconda3/envs/learning_scraper/lib/python3.11/site-packages/airflow/example_dags/example_complex.py took 0.097 seconds
[2023-08-20T21:20:00.889-0400] {processor.py:157} INFO - Started process (PID=87986) to work on /home/mnguyen0226/anaconda3/envs/learning_scraper/lib/python3.11/site-packages/airflow/example_dags/example_complex.py
[2023-08-20T21:20:00.890-0400] {processor.py:826} INFO - Processing file /home/mnguyen0226/anaconda3/envs/learning_scraper/lib/python3.11/site-packages/airflow/example_dags/example_complex.py for tasks to queue
[2023-08-20T21:20:00.890-0400] {logging_mixin.py:150} INFO - [2023-08-20T21:20:00.890-0400] {dagbag.py:541} INFO - Filling up the DagBag from /home/mnguyen0226/anaconda3/envs/learning_scraper/lib/python3.11/site-packages/airflow/example_dags/example_complex.py
[2023-08-20T21:20:00.900-0400] {processor.py:836} INFO - DAG(s) dict_keys(['example_complex']) retrieved from /home/mnguyen0226/anaconda3/envs/learning_scraper/lib/python3.11/site-packages/airflow/example_dags/example_complex.py
[2023-08-20T21:20:00.922-0400] {logging_mixin.py:150} INFO - [2023-08-20T21:20:00.921-0400] {dag.py:2742} INFO - Sync 1 DAGs
[2023-08-20T21:20:00.937-0400] {logging_mixin.py:150} INFO - [2023-08-20T21:20:00.937-0400] {dag.py:3504} INFO - Setting next_dagrun for example_complex to None, run_after=None
[2023-08-20T21:20:00.964-0400] {processor.py:179} INFO - Processing /home/mnguyen0226/anaconda3/envs/learning_scraper/lib/python3.11/site-packages/airflow/example_dags/example_complex.py took 0.078 seconds
[2023-08-20T21:20:54.035-0400] {processor.py:157} INFO - Started process (PID=88263) to work on /home/mnguyen0226/anaconda3/envs/learning_scraper/lib/python3.11/site-packages/airflow/example_dags/example_complex.py
[2023-08-20T21:20:54.036-0400] {processor.py:826} INFO - Processing file /home/mnguyen0226/anaconda3/envs/learning_scraper/lib/python3.11/site-packages/airflow/example_dags/example_complex.py for tasks to queue
[2023-08-20T21:20:54.037-0400] {logging_mixin.py:150} INFO - [2023-08-20T21:20:54.037-0400] {dagbag.py:541} INFO - Filling up the DagBag from /home/mnguyen0226/anaconda3/envs/learning_scraper/lib/python3.11/site-packages/airflow/example_dags/example_complex.py
[2023-08-20T21:20:54.056-0400] {processor.py:836} INFO - DAG(s) dict_keys(['example_complex']) retrieved from /home/mnguyen0226/anaconda3/envs/learning_scraper/lib/python3.11/site-packages/airflow/example_dags/example_complex.py
[2023-08-20T21:20:54.089-0400] {logging_mixin.py:150} INFO - [2023-08-20T21:20:54.089-0400] {dag.py:2742} INFO - Sync 1 DAGs
[2023-08-20T21:20:54.105-0400] {logging_mixin.py:150} INFO - [2023-08-20T21:20:54.104-0400] {dag.py:3504} INFO - Setting next_dagrun for example_complex to None, run_after=None
[2023-08-20T21:20:54.128-0400] {processor.py:179} INFO - Processing /home/mnguyen0226/anaconda3/envs/learning_scraper/lib/python3.11/site-packages/airflow/example_dags/example_complex.py took 0.097 seconds
