[2023-08-20T21:00:50.574-0400] {processor.py:157} INFO - Started process (PID=80726) to work on /home/mnguyen0226/anaconda3/envs/learning_scraper/lib/python3.11/site-packages/airflow/example_dags/example_params_trigger_ui.py
[2023-08-20T21:00:50.574-0400] {processor.py:826} INFO - Processing file /home/mnguyen0226/anaconda3/envs/learning_scraper/lib/python3.11/site-packages/airflow/example_dags/example_params_trigger_ui.py for tasks to queue
[2023-08-20T21:00:50.575-0400] {logging_mixin.py:150} INFO - [2023-08-20T21:00:50.575-0400] {dagbag.py:541} INFO - Filling up the DagBag from /home/mnguyen0226/anaconda3/envs/learning_scraper/lib/python3.11/site-packages/airflow/example_dags/example_params_trigger_ui.py
[2023-08-20T21:00:50.587-0400] {processor.py:836} INFO - DAG(s) dict_keys(['example_params_trigger_ui']) retrieved from /home/mnguyen0226/anaconda3/envs/learning_scraper/lib/python3.11/site-packages/airflow/example_dags/example_params_trigger_ui.py
[2023-08-20T21:00:50.617-0400] {logging_mixin.py:150} INFO - [2023-08-20T21:00:50.617-0400] {dag.py:2742} INFO - Sync 1 DAGs
[2023-08-20T21:00:50.631-0400] {logging_mixin.py:150} INFO - [2023-08-20T21:00:50.631-0400] {dag.py:3504} INFO - Setting next_dagrun for example_params_trigger_ui to None, run_after=None
[2023-08-20T21:00:50.663-0400] {processor.py:179} INFO - Processing /home/mnguyen0226/anaconda3/envs/learning_scraper/lib/python3.11/site-packages/airflow/example_dags/example_params_trigger_ui.py took 0.093 seconds
[2023-08-20T21:01:41.229-0400] {processor.py:157} INFO - Started process (PID=80983) to work on /home/mnguyen0226/anaconda3/envs/learning_scraper/lib/python3.11/site-packages/airflow/example_dags/example_params_trigger_ui.py
[2023-08-20T21:01:41.230-0400] {processor.py:826} INFO - Processing file /home/mnguyen0226/anaconda3/envs/learning_scraper/lib/python3.11/site-packages/airflow/example_dags/example_params_trigger_ui.py for tasks to queue
[2023-08-20T21:01:41.232-0400] {logging_mixin.py:150} INFO - [2023-08-20T21:01:41.231-0400] {dagbag.py:541} INFO - Filling up the DagBag from /home/mnguyen0226/anaconda3/envs/learning_scraper/lib/python3.11/site-packages/airflow/example_dags/example_params_trigger_ui.py
[2023-08-20T21:01:41.256-0400] {processor.py:836} INFO - DAG(s) dict_keys(['example_params_trigger_ui']) retrieved from /home/mnguyen0226/anaconda3/envs/learning_scraper/lib/python3.11/site-packages/airflow/example_dags/example_params_trigger_ui.py
[2023-08-20T21:01:41.300-0400] {logging_mixin.py:150} INFO - [2023-08-20T21:01:41.299-0400] {dag.py:2742} INFO - Sync 1 DAGs
[2023-08-20T21:01:41.320-0400] {logging_mixin.py:150} INFO - [2023-08-20T21:01:41.320-0400] {dag.py:3504} INFO - Setting next_dagrun for example_params_trigger_ui to None, run_after=None
[2023-08-20T21:01:41.354-0400] {processor.py:179} INFO - Processing /home/mnguyen0226/anaconda3/envs/learning_scraper/lib/python3.11/site-packages/airflow/example_dags/example_params_trigger_ui.py took 0.128 seconds
[2023-08-20T21:03:48.503-0400] {processor.py:157} INFO - Started process (PID=82420) to work on /home/mnguyen0226/anaconda3/envs/learning_scraper/lib/python3.11/site-packages/airflow/example_dags/example_params_trigger_ui.py
[2023-08-20T21:03:48.512-0400] {processor.py:826} INFO - Processing file /home/mnguyen0226/anaconda3/envs/learning_scraper/lib/python3.11/site-packages/airflow/example_dags/example_params_trigger_ui.py for tasks to queue
[2023-08-20T21:03:48.514-0400] {logging_mixin.py:150} INFO - [2023-08-20T21:03:48.513-0400] {dagbag.py:541} INFO - Filling up the DagBag from /home/mnguyen0226/anaconda3/envs/learning_scraper/lib/python3.11/site-packages/airflow/example_dags/example_params_trigger_ui.py
[2023-08-20T21:03:48.536-0400] {processor.py:836} INFO - DAG(s) dict_keys(['example_params_trigger_ui']) retrieved from /home/mnguyen0226/anaconda3/envs/learning_scraper/lib/python3.11/site-packages/airflow/example_dags/example_params_trigger_ui.py
[2023-08-20T21:03:48.585-0400] {logging_mixin.py:150} INFO - [2023-08-20T21:03:48.584-0400] {dag.py:2742} INFO - Sync 1 DAGs
[2023-08-20T21:03:48.609-0400] {logging_mixin.py:150} INFO - [2023-08-20T21:03:48.609-0400] {dag.py:3504} INFO - Setting next_dagrun for example_params_trigger_ui to None, run_after=None
[2023-08-20T21:03:48.650-0400] {processor.py:179} INFO - Processing /home/mnguyen0226/anaconda3/envs/learning_scraper/lib/python3.11/site-packages/airflow/example_dags/example_params_trigger_ui.py took 0.151 seconds
[2023-08-20T21:04:39.930-0400] {processor.py:157} INFO - Started process (PID=83107) to work on /home/mnguyen0226/anaconda3/envs/learning_scraper/lib/python3.11/site-packages/airflow/example_dags/example_params_trigger_ui.py
[2023-08-20T21:04:39.931-0400] {processor.py:826} INFO - Processing file /home/mnguyen0226/anaconda3/envs/learning_scraper/lib/python3.11/site-packages/airflow/example_dags/example_params_trigger_ui.py for tasks to queue
[2023-08-20T21:04:39.932-0400] {logging_mixin.py:150} INFO - [2023-08-20T21:04:39.932-0400] {dagbag.py:541} INFO - Filling up the DagBag from /home/mnguyen0226/anaconda3/envs/learning_scraper/lib/python3.11/site-packages/airflow/example_dags/example_params_trigger_ui.py
[2023-08-20T21:04:39.962-0400] {processor.py:836} INFO - DAG(s) dict_keys(['example_params_trigger_ui']) retrieved from /home/mnguyen0226/anaconda3/envs/learning_scraper/lib/python3.11/site-packages/airflow/example_dags/example_params_trigger_ui.py
[2023-08-20T21:04:40.023-0400] {logging_mixin.py:150} INFO - [2023-08-20T21:04:40.023-0400] {dag.py:2742} INFO - Sync 1 DAGs
[2023-08-20T21:04:40.049-0400] {logging_mixin.py:150} INFO - [2023-08-20T21:04:40.048-0400] {dag.py:3504} INFO - Setting next_dagrun for example_params_trigger_ui to None, run_after=None
[2023-08-20T21:04:40.091-0400] {processor.py:179} INFO - Processing /home/mnguyen0226/anaconda3/envs/learning_scraper/lib/python3.11/site-packages/airflow/example_dags/example_params_trigger_ui.py took 0.165 seconds
[2023-08-20T21:05:37.032-0400] {processor.py:157} INFO - Started process (PID=83391) to work on /home/mnguyen0226/anaconda3/envs/learning_scraper/lib/python3.11/site-packages/airflow/example_dags/example_params_trigger_ui.py
[2023-08-20T21:05:37.046-0400] {processor.py:826} INFO - Processing file /home/mnguyen0226/anaconda3/envs/learning_scraper/lib/python3.11/site-packages/airflow/example_dags/example_params_trigger_ui.py for tasks to queue
[2023-08-20T21:05:37.047-0400] {logging_mixin.py:150} INFO - [2023-08-20T21:05:37.047-0400] {dagbag.py:541} INFO - Filling up the DagBag from /home/mnguyen0226/anaconda3/envs/learning_scraper/lib/python3.11/site-packages/airflow/example_dags/example_params_trigger_ui.py
[2023-08-20T21:05:37.109-0400] {processor.py:836} INFO - DAG(s) dict_keys(['example_params_trigger_ui']) retrieved from /home/mnguyen0226/anaconda3/envs/learning_scraper/lib/python3.11/site-packages/airflow/example_dags/example_params_trigger_ui.py
[2023-08-20T21:05:37.320-0400] {logging_mixin.py:150} INFO - [2023-08-20T21:05:37.320-0400] {dag.py:2742} INFO - Sync 1 DAGs
[2023-08-20T21:05:37.402-0400] {logging_mixin.py:150} INFO - [2023-08-20T21:05:37.402-0400] {dag.py:3504} INFO - Setting next_dagrun for example_params_trigger_ui to None, run_after=None
[2023-08-20T21:05:37.520-0400] {processor.py:179} INFO - Processing /home/mnguyen0226/anaconda3/envs/learning_scraper/lib/python3.11/site-packages/airflow/example_dags/example_params_trigger_ui.py took 0.505 seconds
[2023-08-20T21:06:39.767-0400] {processor.py:157} INFO - Started process (PID=83683) to work on /home/mnguyen0226/anaconda3/envs/learning_scraper/lib/python3.11/site-packages/airflow/example_dags/example_params_trigger_ui.py
[2023-08-20T21:06:39.768-0400] {processor.py:826} INFO - Processing file /home/mnguyen0226/anaconda3/envs/learning_scraper/lib/python3.11/site-packages/airflow/example_dags/example_params_trigger_ui.py for tasks to queue
[2023-08-20T21:06:39.769-0400] {logging_mixin.py:150} INFO - [2023-08-20T21:06:39.769-0400] {dagbag.py:541} INFO - Filling up the DagBag from /home/mnguyen0226/anaconda3/envs/learning_scraper/lib/python3.11/site-packages/airflow/example_dags/example_params_trigger_ui.py
[2023-08-20T21:06:39.786-0400] {processor.py:836} INFO - DAG(s) dict_keys(['example_params_trigger_ui']) retrieved from /home/mnguyen0226/anaconda3/envs/learning_scraper/lib/python3.11/site-packages/airflow/example_dags/example_params_trigger_ui.py
[2023-08-20T21:06:39.818-0400] {logging_mixin.py:150} INFO - [2023-08-20T21:06:39.818-0400] {dag.py:2742} INFO - Sync 1 DAGs
[2023-08-20T21:06:39.836-0400] {logging_mixin.py:150} INFO - [2023-08-20T21:06:39.836-0400] {dag.py:3504} INFO - Setting next_dagrun for example_params_trigger_ui to None, run_after=None
[2023-08-20T21:06:39.975-0400] {processor.py:179} INFO - Processing /home/mnguyen0226/anaconda3/envs/learning_scraper/lib/python3.11/site-packages/airflow/example_dags/example_params_trigger_ui.py took 0.209 seconds
[2023-08-20T21:07:44.914-0400] {processor.py:157} INFO - Started process (PID=83960) to work on /home/mnguyen0226/anaconda3/envs/learning_scraper/lib/python3.11/site-packages/airflow/example_dags/example_params_trigger_ui.py
[2023-08-20T21:07:44.923-0400] {processor.py:826} INFO - Processing file /home/mnguyen0226/anaconda3/envs/learning_scraper/lib/python3.11/site-packages/airflow/example_dags/example_params_trigger_ui.py for tasks to queue
[2023-08-20T21:07:44.923-0400] {logging_mixin.py:150} INFO - [2023-08-20T21:07:44.923-0400] {dagbag.py:541} INFO - Filling up the DagBag from /home/mnguyen0226/anaconda3/envs/learning_scraper/lib/python3.11/site-packages/airflow/example_dags/example_params_trigger_ui.py
[2023-08-20T21:07:44.937-0400] {processor.py:836} INFO - DAG(s) dict_keys(['example_params_trigger_ui']) retrieved from /home/mnguyen0226/anaconda3/envs/learning_scraper/lib/python3.11/site-packages/airflow/example_dags/example_params_trigger_ui.py
[2023-08-20T21:07:44.970-0400] {logging_mixin.py:150} INFO - [2023-08-20T21:07:44.969-0400] {dag.py:2742} INFO - Sync 1 DAGs
[2023-08-20T21:07:44.985-0400] {logging_mixin.py:150} INFO - [2023-08-20T21:07:44.985-0400] {dag.py:3504} INFO - Setting next_dagrun for example_params_trigger_ui to None, run_after=None
[2023-08-20T21:07:45.007-0400] {processor.py:179} INFO - Processing /home/mnguyen0226/anaconda3/envs/learning_scraper/lib/python3.11/site-packages/airflow/example_dags/example_params_trigger_ui.py took 0.095 seconds
[2023-08-20T21:08:39.358-0400] {processor.py:157} INFO - Started process (PID=84174) to work on /home/mnguyen0226/anaconda3/envs/learning_scraper/lib/python3.11/site-packages/airflow/example_dags/example_params_trigger_ui.py
[2023-08-20T21:08:39.359-0400] {processor.py:826} INFO - Processing file /home/mnguyen0226/anaconda3/envs/learning_scraper/lib/python3.11/site-packages/airflow/example_dags/example_params_trigger_ui.py for tasks to queue
[2023-08-20T21:08:39.361-0400] {logging_mixin.py:150} INFO - [2023-08-20T21:08:39.360-0400] {dagbag.py:541} INFO - Filling up the DagBag from /home/mnguyen0226/anaconda3/envs/learning_scraper/lib/python3.11/site-packages/airflow/example_dags/example_params_trigger_ui.py
[2023-08-20T21:08:39.385-0400] {processor.py:836} INFO - DAG(s) dict_keys(['example_params_trigger_ui']) retrieved from /home/mnguyen0226/anaconda3/envs/learning_scraper/lib/python3.11/site-packages/airflow/example_dags/example_params_trigger_ui.py
[2023-08-20T21:08:39.434-0400] {logging_mixin.py:150} INFO - [2023-08-20T21:08:39.434-0400] {dag.py:2742} INFO - Sync 1 DAGs
[2023-08-20T21:08:39.462-0400] {logging_mixin.py:150} INFO - [2023-08-20T21:08:39.462-0400] {dag.py:3504} INFO - Setting next_dagrun for example_params_trigger_ui to None, run_after=None
[2023-08-20T21:08:39.500-0400] {processor.py:179} INFO - Processing /home/mnguyen0226/anaconda3/envs/learning_scraper/lib/python3.11/site-packages/airflow/example_dags/example_params_trigger_ui.py took 0.146 seconds
[2023-08-20T21:09:32.476-0400] {processor.py:157} INFO - Started process (PID=84501) to work on /home/mnguyen0226/anaconda3/envs/learning_scraper/lib/python3.11/site-packages/airflow/example_dags/example_params_trigger_ui.py
[2023-08-20T21:09:32.476-0400] {processor.py:826} INFO - Processing file /home/mnguyen0226/anaconda3/envs/learning_scraper/lib/python3.11/site-packages/airflow/example_dags/example_params_trigger_ui.py for tasks to queue
[2023-08-20T21:09:32.477-0400] {logging_mixin.py:150} INFO - [2023-08-20T21:09:32.476-0400] {dagbag.py:541} INFO - Filling up the DagBag from /home/mnguyen0226/anaconda3/envs/learning_scraper/lib/python3.11/site-packages/airflow/example_dags/example_params_trigger_ui.py
[2023-08-20T21:09:32.490-0400] {processor.py:836} INFO - DAG(s) dict_keys(['example_params_trigger_ui']) retrieved from /home/mnguyen0226/anaconda3/envs/learning_scraper/lib/python3.11/site-packages/airflow/example_dags/example_params_trigger_ui.py
[2023-08-20T21:09:32.527-0400] {logging_mixin.py:150} INFO - [2023-08-20T21:09:32.527-0400] {dag.py:2742} INFO - Sync 1 DAGs
[2023-08-20T21:09:32.542-0400] {logging_mixin.py:150} INFO - [2023-08-20T21:09:32.542-0400] {dag.py:3504} INFO - Setting next_dagrun for example_params_trigger_ui to None, run_after=None
[2023-08-20T21:09:32.570-0400] {processor.py:179} INFO - Processing /home/mnguyen0226/anaconda3/envs/learning_scraper/lib/python3.11/site-packages/airflow/example_dags/example_params_trigger_ui.py took 0.097 seconds
[2023-08-20T21:10:30.528-0400] {processor.py:157} INFO - Started process (PID=84735) to work on /home/mnguyen0226/anaconda3/envs/learning_scraper/lib/python3.11/site-packages/airflow/example_dags/example_params_trigger_ui.py
[2023-08-20T21:10:30.537-0400] {processor.py:826} INFO - Processing file /home/mnguyen0226/anaconda3/envs/learning_scraper/lib/python3.11/site-packages/airflow/example_dags/example_params_trigger_ui.py for tasks to queue
[2023-08-20T21:10:30.538-0400] {logging_mixin.py:150} INFO - [2023-08-20T21:10:30.538-0400] {dagbag.py:541} INFO - Filling up the DagBag from /home/mnguyen0226/anaconda3/envs/learning_scraper/lib/python3.11/site-packages/airflow/example_dags/example_params_trigger_ui.py
[2023-08-20T21:10:30.554-0400] {processor.py:836} INFO - DAG(s) dict_keys(['example_params_trigger_ui']) retrieved from /home/mnguyen0226/anaconda3/envs/learning_scraper/lib/python3.11/site-packages/airflow/example_dags/example_params_trigger_ui.py
[2023-08-20T21:10:30.611-0400] {logging_mixin.py:150} INFO - [2023-08-20T21:10:30.611-0400] {dag.py:2742} INFO - Sync 1 DAGs
[2023-08-20T21:10:30.632-0400] {logging_mixin.py:150} INFO - [2023-08-20T21:10:30.632-0400] {dag.py:3504} INFO - Setting next_dagrun for example_params_trigger_ui to None, run_after=None
[2023-08-20T21:10:30.662-0400] {processor.py:179} INFO - Processing /home/mnguyen0226/anaconda3/envs/learning_scraper/lib/python3.11/site-packages/airflow/example_dags/example_params_trigger_ui.py took 0.136 seconds
[2023-08-20T21:11:26.964-0400] {processor.py:157} INFO - Started process (PID=85030) to work on /home/mnguyen0226/anaconda3/envs/learning_scraper/lib/python3.11/site-packages/airflow/example_dags/example_params_trigger_ui.py
[2023-08-20T21:11:26.965-0400] {processor.py:826} INFO - Processing file /home/mnguyen0226/anaconda3/envs/learning_scraper/lib/python3.11/site-packages/airflow/example_dags/example_params_trigger_ui.py for tasks to queue
[2023-08-20T21:11:26.966-0400] {logging_mixin.py:150} INFO - [2023-08-20T21:11:26.966-0400] {dagbag.py:541} INFO - Filling up the DagBag from /home/mnguyen0226/anaconda3/envs/learning_scraper/lib/python3.11/site-packages/airflow/example_dags/example_params_trigger_ui.py
[2023-08-20T21:11:26.983-0400] {processor.py:836} INFO - DAG(s) dict_keys(['example_params_trigger_ui']) retrieved from /home/mnguyen0226/anaconda3/envs/learning_scraper/lib/python3.11/site-packages/airflow/example_dags/example_params_trigger_ui.py
[2023-08-20T21:11:27.023-0400] {logging_mixin.py:150} INFO - [2023-08-20T21:11:27.023-0400] {dag.py:2742} INFO - Sync 1 DAGs
[2023-08-20T21:11:27.044-0400] {logging_mixin.py:150} INFO - [2023-08-20T21:11:27.043-0400] {dag.py:3504} INFO - Setting next_dagrun for example_params_trigger_ui to None, run_after=None
[2023-08-20T21:11:27.071-0400] {processor.py:179} INFO - Processing /home/mnguyen0226/anaconda3/envs/learning_scraper/lib/python3.11/site-packages/airflow/example_dags/example_params_trigger_ui.py took 0.110 seconds
[2023-08-20T21:12:17.012-0400] {processor.py:157} INFO - Started process (PID=85181) to work on /home/mnguyen0226/anaconda3/envs/learning_scraper/lib/python3.11/site-packages/airflow/example_dags/example_params_trigger_ui.py
[2023-08-20T21:12:17.014-0400] {processor.py:826} INFO - Processing file /home/mnguyen0226/anaconda3/envs/learning_scraper/lib/python3.11/site-packages/airflow/example_dags/example_params_trigger_ui.py for tasks to queue
[2023-08-20T21:12:17.015-0400] {logging_mixin.py:150} INFO - [2023-08-20T21:12:17.015-0400] {dagbag.py:541} INFO - Filling up the DagBag from /home/mnguyen0226/anaconda3/envs/learning_scraper/lib/python3.11/site-packages/airflow/example_dags/example_params_trigger_ui.py
[2023-08-20T21:12:17.046-0400] {processor.py:836} INFO - DAG(s) dict_keys(['example_params_trigger_ui']) retrieved from /home/mnguyen0226/anaconda3/envs/learning_scraper/lib/python3.11/site-packages/airflow/example_dags/example_params_trigger_ui.py
[2023-08-20T21:12:17.104-0400] {logging_mixin.py:150} INFO - [2023-08-20T21:12:17.104-0400] {dag.py:2742} INFO - Sync 1 DAGs
[2023-08-20T21:12:17.123-0400] {logging_mixin.py:150} INFO - [2023-08-20T21:12:17.123-0400] {dag.py:3504} INFO - Setting next_dagrun for example_params_trigger_ui to None, run_after=None
[2023-08-20T21:12:17.148-0400] {processor.py:179} INFO - Processing /home/mnguyen0226/anaconda3/envs/learning_scraper/lib/python3.11/site-packages/airflow/example_dags/example_params_trigger_ui.py took 0.140 seconds
[2023-08-20T21:13:14.845-0400] {processor.py:157} INFO - Started process (PID=85866) to work on /home/mnguyen0226/anaconda3/envs/learning_scraper/lib/python3.11/site-packages/airflow/example_dags/example_params_trigger_ui.py
[2023-08-20T21:13:14.854-0400] {processor.py:826} INFO - Processing file /home/mnguyen0226/anaconda3/envs/learning_scraper/lib/python3.11/site-packages/airflow/example_dags/example_params_trigger_ui.py for tasks to queue
[2023-08-20T21:13:14.856-0400] {logging_mixin.py:150} INFO - [2023-08-20T21:13:14.855-0400] {dagbag.py:541} INFO - Filling up the DagBag from /home/mnguyen0226/anaconda3/envs/learning_scraper/lib/python3.11/site-packages/airflow/example_dags/example_params_trigger_ui.py
[2023-08-20T21:13:14.883-0400] {processor.py:836} INFO - DAG(s) dict_keys(['example_params_trigger_ui']) retrieved from /home/mnguyen0226/anaconda3/envs/learning_scraper/lib/python3.11/site-packages/airflow/example_dags/example_params_trigger_ui.py
[2023-08-20T21:13:14.920-0400] {logging_mixin.py:150} INFO - [2023-08-20T21:13:14.919-0400] {dag.py:2742} INFO - Sync 1 DAGs
[2023-08-20T21:13:14.933-0400] {logging_mixin.py:150} INFO - [2023-08-20T21:13:14.933-0400] {dag.py:3504} INFO - Setting next_dagrun for example_params_trigger_ui to None, run_after=None
[2023-08-20T21:13:14.960-0400] {processor.py:179} INFO - Processing /home/mnguyen0226/anaconda3/envs/learning_scraper/lib/python3.11/site-packages/airflow/example_dags/example_params_trigger_ui.py took 0.118 seconds
[2023-08-20T21:14:13.407-0400] {processor.py:157} INFO - Started process (PID=86107) to work on /home/mnguyen0226/anaconda3/envs/learning_scraper/lib/python3.11/site-packages/airflow/example_dags/example_params_trigger_ui.py
[2023-08-20T21:14:13.408-0400] {processor.py:826} INFO - Processing file /home/mnguyen0226/anaconda3/envs/learning_scraper/lib/python3.11/site-packages/airflow/example_dags/example_params_trigger_ui.py for tasks to queue
[2023-08-20T21:14:13.410-0400] {logging_mixin.py:150} INFO - [2023-08-20T21:14:13.409-0400] {dagbag.py:541} INFO - Filling up the DagBag from /home/mnguyen0226/anaconda3/envs/learning_scraper/lib/python3.11/site-packages/airflow/example_dags/example_params_trigger_ui.py
[2023-08-20T21:14:13.440-0400] {processor.py:836} INFO - DAG(s) dict_keys(['example_params_trigger_ui']) retrieved from /home/mnguyen0226/anaconda3/envs/learning_scraper/lib/python3.11/site-packages/airflow/example_dags/example_params_trigger_ui.py
[2023-08-20T21:14:13.486-0400] {logging_mixin.py:150} INFO - [2023-08-20T21:14:13.486-0400] {dag.py:2742} INFO - Sync 1 DAGs
[2023-08-20T21:14:13.502-0400] {logging_mixin.py:150} INFO - [2023-08-20T21:14:13.502-0400] {dag.py:3504} INFO - Setting next_dagrun for example_params_trigger_ui to None, run_after=None
[2023-08-20T21:14:13.527-0400] {processor.py:179} INFO - Processing /home/mnguyen0226/anaconda3/envs/learning_scraper/lib/python3.11/site-packages/airflow/example_dags/example_params_trigger_ui.py took 0.124 seconds
[2023-08-20T21:15:10.094-0400] {processor.py:157} INFO - Started process (PID=86333) to work on /home/mnguyen0226/anaconda3/envs/learning_scraper/lib/python3.11/site-packages/airflow/example_dags/example_params_trigger_ui.py
[2023-08-20T21:15:10.096-0400] {processor.py:826} INFO - Processing file /home/mnguyen0226/anaconda3/envs/learning_scraper/lib/python3.11/site-packages/airflow/example_dags/example_params_trigger_ui.py for tasks to queue
[2023-08-20T21:15:10.097-0400] {logging_mixin.py:150} INFO - [2023-08-20T21:15:10.097-0400] {dagbag.py:541} INFO - Filling up the DagBag from /home/mnguyen0226/anaconda3/envs/learning_scraper/lib/python3.11/site-packages/airflow/example_dags/example_params_trigger_ui.py
[2023-08-20T21:15:10.122-0400] {processor.py:836} INFO - DAG(s) dict_keys(['example_params_trigger_ui']) retrieved from /home/mnguyen0226/anaconda3/envs/learning_scraper/lib/python3.11/site-packages/airflow/example_dags/example_params_trigger_ui.py
[2023-08-20T21:15:10.154-0400] {logging_mixin.py:150} INFO - [2023-08-20T21:15:10.153-0400] {dag.py:2742} INFO - Sync 1 DAGs
[2023-08-20T21:15:10.170-0400] {logging_mixin.py:150} INFO - [2023-08-20T21:15:10.170-0400] {dag.py:3504} INFO - Setting next_dagrun for example_params_trigger_ui to None, run_after=None
[2023-08-20T21:15:10.194-0400] {processor.py:179} INFO - Processing /home/mnguyen0226/anaconda3/envs/learning_scraper/lib/python3.11/site-packages/airflow/example_dags/example_params_trigger_ui.py took 0.104 seconds
[2023-08-20T21:15:59.716-0400] {processor.py:157} INFO - Started process (PID=86478) to work on /home/mnguyen0226/anaconda3/envs/learning_scraper/lib/python3.11/site-packages/airflow/example_dags/example_params_trigger_ui.py
[2023-08-20T21:15:59.717-0400] {processor.py:826} INFO - Processing file /home/mnguyen0226/anaconda3/envs/learning_scraper/lib/python3.11/site-packages/airflow/example_dags/example_params_trigger_ui.py for tasks to queue
[2023-08-20T21:15:59.718-0400] {logging_mixin.py:150} INFO - [2023-08-20T21:15:59.718-0400] {dagbag.py:541} INFO - Filling up the DagBag from /home/mnguyen0226/anaconda3/envs/learning_scraper/lib/python3.11/site-packages/airflow/example_dags/example_params_trigger_ui.py
[2023-08-20T21:15:59.743-0400] {processor.py:836} INFO - DAG(s) dict_keys(['example_params_trigger_ui']) retrieved from /home/mnguyen0226/anaconda3/envs/learning_scraper/lib/python3.11/site-packages/airflow/example_dags/example_params_trigger_ui.py
[2023-08-20T21:15:59.776-0400] {logging_mixin.py:150} INFO - [2023-08-20T21:15:59.776-0400] {dag.py:2742} INFO - Sync 1 DAGs
[2023-08-20T21:15:59.791-0400] {logging_mixin.py:150} INFO - [2023-08-20T21:15:59.791-0400] {dag.py:3504} INFO - Setting next_dagrun for example_params_trigger_ui to None, run_after=None
[2023-08-20T21:15:59.816-0400] {processor.py:179} INFO - Processing /home/mnguyen0226/anaconda3/envs/learning_scraper/lib/python3.11/site-packages/airflow/example_dags/example_params_trigger_ui.py took 0.104 seconds
[2023-08-20T21:16:55.223-0400] {processor.py:157} INFO - Started process (PID=86896) to work on /home/mnguyen0226/anaconda3/envs/learning_scraper/lib/python3.11/site-packages/airflow/example_dags/example_params_trigger_ui.py
[2023-08-20T21:16:55.233-0400] {processor.py:826} INFO - Processing file /home/mnguyen0226/anaconda3/envs/learning_scraper/lib/python3.11/site-packages/airflow/example_dags/example_params_trigger_ui.py for tasks to queue
[2023-08-20T21:16:55.234-0400] {logging_mixin.py:150} INFO - [2023-08-20T21:16:55.233-0400] {dagbag.py:541} INFO - Filling up the DagBag from /home/mnguyen0226/anaconda3/envs/learning_scraper/lib/python3.11/site-packages/airflow/example_dags/example_params_trigger_ui.py
[2023-08-20T21:16:55.246-0400] {processor.py:836} INFO - DAG(s) dict_keys(['example_params_trigger_ui']) retrieved from /home/mnguyen0226/anaconda3/envs/learning_scraper/lib/python3.11/site-packages/airflow/example_dags/example_params_trigger_ui.py
[2023-08-20T21:16:55.274-0400] {logging_mixin.py:150} INFO - [2023-08-20T21:16:55.274-0400] {dag.py:2742} INFO - Sync 1 DAGs
[2023-08-20T21:16:55.288-0400] {logging_mixin.py:150} INFO - [2023-08-20T21:16:55.288-0400] {dag.py:3504} INFO - Setting next_dagrun for example_params_trigger_ui to None, run_after=None
[2023-08-20T21:16:55.313-0400] {processor.py:179} INFO - Processing /home/mnguyen0226/anaconda3/envs/learning_scraper/lib/python3.11/site-packages/airflow/example_dags/example_params_trigger_ui.py took 0.092 seconds
[2023-08-20T21:17:48.756-0400] {processor.py:157} INFO - Started process (PID=87150) to work on /home/mnguyen0226/anaconda3/envs/learning_scraper/lib/python3.11/site-packages/airflow/example_dags/example_params_trigger_ui.py
[2023-08-20T21:17:48.757-0400] {processor.py:826} INFO - Processing file /home/mnguyen0226/anaconda3/envs/learning_scraper/lib/python3.11/site-packages/airflow/example_dags/example_params_trigger_ui.py for tasks to queue
[2023-08-20T21:17:48.758-0400] {logging_mixin.py:150} INFO - [2023-08-20T21:17:48.758-0400] {dagbag.py:541} INFO - Filling up the DagBag from /home/mnguyen0226/anaconda3/envs/learning_scraper/lib/python3.11/site-packages/airflow/example_dags/example_params_trigger_ui.py
[2023-08-20T21:17:48.784-0400] {processor.py:836} INFO - DAG(s) dict_keys(['example_params_trigger_ui']) retrieved from /home/mnguyen0226/anaconda3/envs/learning_scraper/lib/python3.11/site-packages/airflow/example_dags/example_params_trigger_ui.py
[2023-08-20T21:17:48.838-0400] {logging_mixin.py:150} INFO - [2023-08-20T21:17:48.838-0400] {dag.py:2742} INFO - Sync 1 DAGs
[2023-08-20T21:17:48.866-0400] {logging_mixin.py:150} INFO - [2023-08-20T21:17:48.865-0400] {dag.py:3504} INFO - Setting next_dagrun for example_params_trigger_ui to None, run_after=None
[2023-08-20T21:17:48.918-0400] {processor.py:179} INFO - Processing /home/mnguyen0226/anaconda3/envs/learning_scraper/lib/python3.11/site-packages/airflow/example_dags/example_params_trigger_ui.py took 0.166 seconds
[2023-08-20T21:18:44.687-0400] {processor.py:157} INFO - Started process (PID=87399) to work on /home/mnguyen0226/anaconda3/envs/learning_scraper/lib/python3.11/site-packages/airflow/example_dags/example_params_trigger_ui.py
[2023-08-20T21:18:44.697-0400] {processor.py:826} INFO - Processing file /home/mnguyen0226/anaconda3/envs/learning_scraper/lib/python3.11/site-packages/airflow/example_dags/example_params_trigger_ui.py for tasks to queue
[2023-08-20T21:18:44.699-0400] {logging_mixin.py:150} INFO - [2023-08-20T21:18:44.698-0400] {dagbag.py:541} INFO - Filling up the DagBag from /home/mnguyen0226/anaconda3/envs/learning_scraper/lib/python3.11/site-packages/airflow/example_dags/example_params_trigger_ui.py
[2023-08-20T21:18:44.724-0400] {processor.py:836} INFO - DAG(s) dict_keys(['example_params_trigger_ui']) retrieved from /home/mnguyen0226/anaconda3/envs/learning_scraper/lib/python3.11/site-packages/airflow/example_dags/example_params_trigger_ui.py
[2023-08-20T21:18:44.764-0400] {logging_mixin.py:150} INFO - [2023-08-20T21:18:44.764-0400] {dag.py:2742} INFO - Sync 1 DAGs
[2023-08-20T21:18:44.778-0400] {logging_mixin.py:150} INFO - [2023-08-20T21:18:44.777-0400] {dag.py:3504} INFO - Setting next_dagrun for example_params_trigger_ui to None, run_after=None
[2023-08-20T21:18:44.800-0400] {processor.py:179} INFO - Processing /home/mnguyen0226/anaconda3/envs/learning_scraper/lib/python3.11/site-packages/airflow/example_dags/example_params_trigger_ui.py took 0.118 seconds
[2023-08-20T21:19:39.121-0400] {processor.py:157} INFO - Started process (PID=87847) to work on /home/mnguyen0226/anaconda3/envs/learning_scraper/lib/python3.11/site-packages/airflow/example_dags/example_params_trigger_ui.py
[2023-08-20T21:19:39.130-0400] {processor.py:826} INFO - Processing file /home/mnguyen0226/anaconda3/envs/learning_scraper/lib/python3.11/site-packages/airflow/example_dags/example_params_trigger_ui.py for tasks to queue
[2023-08-20T21:19:39.130-0400] {logging_mixin.py:150} INFO - [2023-08-20T21:19:39.130-0400] {dagbag.py:541} INFO - Filling up the DagBag from /home/mnguyen0226/anaconda3/envs/learning_scraper/lib/python3.11/site-packages/airflow/example_dags/example_params_trigger_ui.py
[2023-08-20T21:19:39.143-0400] {processor.py:836} INFO - DAG(s) dict_keys(['example_params_trigger_ui']) retrieved from /home/mnguyen0226/anaconda3/envs/learning_scraper/lib/python3.11/site-packages/airflow/example_dags/example_params_trigger_ui.py
[2023-08-20T21:19:39.171-0400] {logging_mixin.py:150} INFO - [2023-08-20T21:19:39.170-0400] {dag.py:2742} INFO - Sync 1 DAGs
[2023-08-20T21:19:39.186-0400] {logging_mixin.py:150} INFO - [2023-08-20T21:19:39.186-0400] {dag.py:3504} INFO - Setting next_dagrun for example_params_trigger_ui to None, run_after=None
[2023-08-20T21:19:39.210-0400] {processor.py:179} INFO - Processing /home/mnguyen0226/anaconda3/envs/learning_scraper/lib/python3.11/site-packages/airflow/example_dags/example_params_trigger_ui.py took 0.091 seconds
[2023-08-20T21:20:32.214-0400] {processor.py:157} INFO - Started process (PID=88199) to work on /home/mnguyen0226/anaconda3/envs/learning_scraper/lib/python3.11/site-packages/airflow/example_dags/example_params_trigger_ui.py
[2023-08-20T21:20:32.215-0400] {processor.py:826} INFO - Processing file /home/mnguyen0226/anaconda3/envs/learning_scraper/lib/python3.11/site-packages/airflow/example_dags/example_params_trigger_ui.py for tasks to queue
[2023-08-20T21:20:32.215-0400] {logging_mixin.py:150} INFO - [2023-08-20T21:20:32.215-0400] {dagbag.py:541} INFO - Filling up the DagBag from /home/mnguyen0226/anaconda3/envs/learning_scraper/lib/python3.11/site-packages/airflow/example_dags/example_params_trigger_ui.py
[2023-08-20T21:20:32.228-0400] {processor.py:836} INFO - DAG(s) dict_keys(['example_params_trigger_ui']) retrieved from /home/mnguyen0226/anaconda3/envs/learning_scraper/lib/python3.11/site-packages/airflow/example_dags/example_params_trigger_ui.py
[2023-08-20T21:20:32.256-0400] {logging_mixin.py:150} INFO - [2023-08-20T21:20:32.256-0400] {dag.py:2742} INFO - Sync 1 DAGs
[2023-08-20T21:20:32.272-0400] {logging_mixin.py:150} INFO - [2023-08-20T21:20:32.272-0400] {dag.py:3504} INFO - Setting next_dagrun for example_params_trigger_ui to None, run_after=None
[2023-08-20T21:20:32.297-0400] {processor.py:179} INFO - Processing /home/mnguyen0226/anaconda3/envs/learning_scraper/lib/python3.11/site-packages/airflow/example_dags/example_params_trigger_ui.py took 0.085 seconds
[2023-08-20T21:21:25.002-0400] {processor.py:157} INFO - Started process (PID=88411) to work on /home/mnguyen0226/anaconda3/envs/learning_scraper/lib/python3.11/site-packages/airflow/example_dags/example_params_trigger_ui.py
[2023-08-20T21:21:25.011-0400] {processor.py:826} INFO - Processing file /home/mnguyen0226/anaconda3/envs/learning_scraper/lib/python3.11/site-packages/airflow/example_dags/example_params_trigger_ui.py for tasks to queue
[2023-08-20T21:21:25.012-0400] {logging_mixin.py:150} INFO - [2023-08-20T21:21:25.012-0400] {dagbag.py:541} INFO - Filling up the DagBag from /home/mnguyen0226/anaconda3/envs/learning_scraper/lib/python3.11/site-packages/airflow/example_dags/example_params_trigger_ui.py
[2023-08-20T21:21:25.028-0400] {processor.py:836} INFO - DAG(s) dict_keys(['example_params_trigger_ui']) retrieved from /home/mnguyen0226/anaconda3/envs/learning_scraper/lib/python3.11/site-packages/airflow/example_dags/example_params_trigger_ui.py
[2023-08-20T21:21:25.066-0400] {logging_mixin.py:150} INFO - [2023-08-20T21:21:25.066-0400] {dag.py:2742} INFO - Sync 1 DAGs
[2023-08-20T21:21:25.084-0400] {logging_mixin.py:150} INFO - [2023-08-20T21:21:25.084-0400] {dag.py:3504} INFO - Setting next_dagrun for example_params_trigger_ui to None, run_after=None
[2023-08-20T21:21:25.135-0400] {processor.py:179} INFO - Processing /home/mnguyen0226/anaconda3/envs/learning_scraper/lib/python3.11/site-packages/airflow/example_dags/example_params_trigger_ui.py took 0.136 seconds
