[2023-08-20T21:00:45.405-0400] {processor.py:157} INFO - Started process (PID=80597) to work on /home/mnguyen0226/anaconda3/envs/learning_scraper/lib/python3.11/site-packages/airflow/example_dags/example_branch_operator.py
[2023-08-20T21:00:45.406-0400] {processor.py:826} INFO - Processing file /home/mnguyen0226/anaconda3/envs/learning_scraper/lib/python3.11/site-packages/airflow/example_dags/example_branch_operator.py for tasks to queue
[2023-08-20T21:00:45.407-0400] {logging_mixin.py:150} INFO - [2023-08-20T21:00:45.407-0400] {dagbag.py:541} INFO - Filling up the DagBag from /home/mnguyen0226/anaconda3/envs/learning_scraper/lib/python3.11/site-packages/airflow/example_dags/example_branch_operator.py
[2023-08-20T21:00:45.417-0400] {processor.py:836} INFO - DAG(s) dict_keys(['example_branch_operator']) retrieved from /home/mnguyen0226/anaconda3/envs/learning_scraper/lib/python3.11/site-packages/airflow/example_dags/example_branch_operator.py
[2023-08-20T21:00:45.435-0400] {logging_mixin.py:150} INFO - [2023-08-20T21:00:45.435-0400] {dag.py:2742} INFO - Sync 1 DAGs
[2023-08-20T21:00:45.455-0400] {logging_mixin.py:150} INFO - [2023-08-20T21:00:45.454-0400] {dag.py:3504} INFO - Setting next_dagrun for example_branch_operator to 2023-08-20T00:00:00+00:00, run_after=2023-08-21T00:00:00+00:00
[2023-08-20T21:00:45.477-0400] {processor.py:179} INFO - Processing /home/mnguyen0226/anaconda3/envs/learning_scraper/lib/python3.11/site-packages/airflow/example_dags/example_branch_operator.py took 0.074 seconds
[2023-08-20T21:01:36.070-0400] {processor.py:157} INFO - Started process (PID=80959) to work on /home/mnguyen0226/anaconda3/envs/learning_scraper/lib/python3.11/site-packages/airflow/example_dags/example_branch_operator.py
[2023-08-20T21:01:36.071-0400] {processor.py:826} INFO - Processing file /home/mnguyen0226/anaconda3/envs/learning_scraper/lib/python3.11/site-packages/airflow/example_dags/example_branch_operator.py for tasks to queue
[2023-08-20T21:01:36.072-0400] {logging_mixin.py:150} INFO - [2023-08-20T21:01:36.072-0400] {dagbag.py:541} INFO - Filling up the DagBag from /home/mnguyen0226/anaconda3/envs/learning_scraper/lib/python3.11/site-packages/airflow/example_dags/example_branch_operator.py
[2023-08-20T21:01:36.082-0400] {processor.py:836} INFO - DAG(s) dict_keys(['example_branch_operator']) retrieved from /home/mnguyen0226/anaconda3/envs/learning_scraper/lib/python3.11/site-packages/airflow/example_dags/example_branch_operator.py
[2023-08-20T21:01:36.102-0400] {logging_mixin.py:150} INFO - [2023-08-20T21:01:36.102-0400] {dag.py:2742} INFO - Sync 1 DAGs
[2023-08-20T21:01:36.119-0400] {logging_mixin.py:150} INFO - [2023-08-20T21:01:36.119-0400] {dag.py:3504} INFO - Setting next_dagrun for example_branch_operator to 2023-08-20T00:00:00+00:00, run_after=2023-08-21T00:00:00+00:00
[2023-08-20T21:01:36.152-0400] {processor.py:179} INFO - Processing /home/mnguyen0226/anaconda3/envs/learning_scraper/lib/python3.11/site-packages/airflow/example_dags/example_branch_operator.py took 0.085 seconds
[2023-08-20T21:03:43.301-0400] {processor.py:157} INFO - Started process (PID=82195) to work on /home/mnguyen0226/anaconda3/envs/learning_scraper/lib/python3.11/site-packages/airflow/example_dags/example_branch_operator.py
[2023-08-20T21:03:43.302-0400] {processor.py:826} INFO - Processing file /home/mnguyen0226/anaconda3/envs/learning_scraper/lib/python3.11/site-packages/airflow/example_dags/example_branch_operator.py for tasks to queue
[2023-08-20T21:03:43.302-0400] {logging_mixin.py:150} INFO - [2023-08-20T21:03:43.302-0400] {dagbag.py:541} INFO - Filling up the DagBag from /home/mnguyen0226/anaconda3/envs/learning_scraper/lib/python3.11/site-packages/airflow/example_dags/example_branch_operator.py
[2023-08-20T21:03:43.313-0400] {processor.py:836} INFO - DAG(s) dict_keys(['example_branch_operator']) retrieved from /home/mnguyen0226/anaconda3/envs/learning_scraper/lib/python3.11/site-packages/airflow/example_dags/example_branch_operator.py
[2023-08-20T21:03:43.334-0400] {logging_mixin.py:150} INFO - [2023-08-20T21:03:43.334-0400] {dag.py:2742} INFO - Sync 1 DAGs
[2023-08-20T21:03:43.359-0400] {logging_mixin.py:150} INFO - [2023-08-20T21:03:43.359-0400] {dag.py:3504} INFO - Setting next_dagrun for example_branch_operator to 2023-08-20T00:00:00+00:00, run_after=2023-08-21T00:00:00+00:00
[2023-08-20T21:03:43.387-0400] {processor.py:179} INFO - Processing /home/mnguyen0226/anaconda3/envs/learning_scraper/lib/python3.11/site-packages/airflow/example_dags/example_branch_operator.py took 0.089 seconds
[2023-08-20T21:04:35.236-0400] {processor.py:157} INFO - Started process (PID=83071) to work on /home/mnguyen0226/anaconda3/envs/learning_scraper/lib/python3.11/site-packages/airflow/example_dags/example_branch_operator.py
[2023-08-20T21:04:35.237-0400] {processor.py:826} INFO - Processing file /home/mnguyen0226/anaconda3/envs/learning_scraper/lib/python3.11/site-packages/airflow/example_dags/example_branch_operator.py for tasks to queue
[2023-08-20T21:04:35.239-0400] {logging_mixin.py:150} INFO - [2023-08-20T21:04:35.238-0400] {dagbag.py:541} INFO - Filling up the DagBag from /home/mnguyen0226/anaconda3/envs/learning_scraper/lib/python3.11/site-packages/airflow/example_dags/example_branch_operator.py
[2023-08-20T21:04:35.255-0400] {processor.py:836} INFO - DAG(s) dict_keys(['example_branch_operator']) retrieved from /home/mnguyen0226/anaconda3/envs/learning_scraper/lib/python3.11/site-packages/airflow/example_dags/example_branch_operator.py
[2023-08-20T21:04:35.286-0400] {logging_mixin.py:150} INFO - [2023-08-20T21:04:35.285-0400] {dag.py:2742} INFO - Sync 1 DAGs
[2023-08-20T21:04:35.318-0400] {logging_mixin.py:150} INFO - [2023-08-20T21:04:35.318-0400] {dag.py:3504} INFO - Setting next_dagrun for example_branch_operator to 2023-08-20T00:00:00+00:00, run_after=2023-08-21T00:00:00+00:00
[2023-08-20T21:04:35.347-0400] {processor.py:179} INFO - Processing /home/mnguyen0226/anaconda3/envs/learning_scraper/lib/python3.11/site-packages/airflow/example_dags/example_branch_operator.py took 0.115 seconds
[2023-08-20T21:05:23.163-0400] {processor.py:157} INFO - Started process (PID=83348) to work on /home/mnguyen0226/anaconda3/envs/learning_scraper/lib/python3.11/site-packages/airflow/example_dags/example_branch_operator.py
[2023-08-20T21:05:23.169-0400] {processor.py:826} INFO - Processing file /home/mnguyen0226/anaconda3/envs/learning_scraper/lib/python3.11/site-packages/airflow/example_dags/example_branch_operator.py for tasks to queue
[2023-08-20T21:05:23.171-0400] {logging_mixin.py:150} INFO - [2023-08-20T21:05:23.170-0400] {dagbag.py:541} INFO - Filling up the DagBag from /home/mnguyen0226/anaconda3/envs/learning_scraper/lib/python3.11/site-packages/airflow/example_dags/example_branch_operator.py
[2023-08-20T21:05:23.188-0400] {processor.py:836} INFO - DAG(s) dict_keys(['example_branch_operator']) retrieved from /home/mnguyen0226/anaconda3/envs/learning_scraper/lib/python3.11/site-packages/airflow/example_dags/example_branch_operator.py
[2023-08-20T21:05:23.218-0400] {logging_mixin.py:150} INFO - [2023-08-20T21:05:23.218-0400] {dag.py:2742} INFO - Sync 1 DAGs
[2023-08-20T21:05:23.246-0400] {logging_mixin.py:150} INFO - [2023-08-20T21:05:23.246-0400] {dag.py:3504} INFO - Setting next_dagrun for example_branch_operator to 2023-08-20T00:00:00+00:00, run_after=2023-08-21T00:00:00+00:00
[2023-08-20T21:05:23.276-0400] {processor.py:179} INFO - Processing /home/mnguyen0226/anaconda3/envs/learning_scraper/lib/python3.11/site-packages/airflow/example_dags/example_branch_operator.py took 0.119 seconds
[2023-08-20T21:06:22.012-0400] {processor.py:157} INFO - Started process (PID=83582) to work on /home/mnguyen0226/anaconda3/envs/learning_scraper/lib/python3.11/site-packages/airflow/example_dags/example_branch_operator.py
[2023-08-20T21:06:22.021-0400] {processor.py:826} INFO - Processing file /home/mnguyen0226/anaconda3/envs/learning_scraper/lib/python3.11/site-packages/airflow/example_dags/example_branch_operator.py for tasks to queue
[2023-08-20T21:06:22.022-0400] {logging_mixin.py:150} INFO - [2023-08-20T21:06:22.021-0400] {dagbag.py:541} INFO - Filling up the DagBag from /home/mnguyen0226/anaconda3/envs/learning_scraper/lib/python3.11/site-packages/airflow/example_dags/example_branch_operator.py
[2023-08-20T21:06:22.030-0400] {processor.py:836} INFO - DAG(s) dict_keys(['example_branch_operator']) retrieved from /home/mnguyen0226/anaconda3/envs/learning_scraper/lib/python3.11/site-packages/airflow/example_dags/example_branch_operator.py
[2023-08-20T21:06:22.046-0400] {logging_mixin.py:150} INFO - [2023-08-20T21:06:22.046-0400] {dag.py:2742} INFO - Sync 1 DAGs
[2023-08-20T21:06:22.064-0400] {logging_mixin.py:150} INFO - [2023-08-20T21:06:22.064-0400] {dag.py:3504} INFO - Setting next_dagrun for example_branch_operator to 2023-08-20T00:00:00+00:00, run_after=2023-08-21T00:00:00+00:00
[2023-08-20T21:06:22.086-0400] {processor.py:179} INFO - Processing /home/mnguyen0226/anaconda3/envs/learning_scraper/lib/python3.11/site-packages/airflow/example_dags/example_branch_operator.py took 0.077 seconds
[2023-08-20T21:07:25.766-0400] {processor.py:157} INFO - Started process (PID=83900) to work on /home/mnguyen0226/anaconda3/envs/learning_scraper/lib/python3.11/site-packages/airflow/example_dags/example_branch_operator.py
[2023-08-20T21:07:25.775-0400] {processor.py:826} INFO - Processing file /home/mnguyen0226/anaconda3/envs/learning_scraper/lib/python3.11/site-packages/airflow/example_dags/example_branch_operator.py for tasks to queue
[2023-08-20T21:07:25.776-0400] {logging_mixin.py:150} INFO - [2023-08-20T21:07:25.775-0400] {dagbag.py:541} INFO - Filling up the DagBag from /home/mnguyen0226/anaconda3/envs/learning_scraper/lib/python3.11/site-packages/airflow/example_dags/example_branch_operator.py
[2023-08-20T21:07:25.783-0400] {processor.py:836} INFO - DAG(s) dict_keys(['example_branch_operator']) retrieved from /home/mnguyen0226/anaconda3/envs/learning_scraper/lib/python3.11/site-packages/airflow/example_dags/example_branch_operator.py
[2023-08-20T21:07:25.886-0400] {logging_mixin.py:150} INFO - [2023-08-20T21:07:25.885-0400] {dag.py:2742} INFO - Sync 1 DAGs
[2023-08-20T21:07:25.901-0400] {logging_mixin.py:150} INFO - [2023-08-20T21:07:25.901-0400] {dag.py:3504} INFO - Setting next_dagrun for example_branch_operator to 2023-08-20T00:00:00+00:00, run_after=2023-08-21T00:00:00+00:00
[2023-08-20T21:07:25.933-0400] {processor.py:179} INFO - Processing /home/mnguyen0226/anaconda3/envs/learning_scraper/lib/python3.11/site-packages/airflow/example_dags/example_branch_operator.py took 0.169 seconds
[2023-08-20T21:08:23.660-0400] {processor.py:157} INFO - Started process (PID=84143) to work on /home/mnguyen0226/anaconda3/envs/learning_scraper/lib/python3.11/site-packages/airflow/example_dags/example_branch_operator.py
[2023-08-20T21:08:23.669-0400] {processor.py:826} INFO - Processing file /home/mnguyen0226/anaconda3/envs/learning_scraper/lib/python3.11/site-packages/airflow/example_dags/example_branch_operator.py for tasks to queue
[2023-08-20T21:08:23.670-0400] {logging_mixin.py:150} INFO - [2023-08-20T21:08:23.670-0400] {dagbag.py:541} INFO - Filling up the DagBag from /home/mnguyen0226/anaconda3/envs/learning_scraper/lib/python3.11/site-packages/airflow/example_dags/example_branch_operator.py
[2023-08-20T21:08:23.678-0400] {processor.py:836} INFO - DAG(s) dict_keys(['example_branch_operator']) retrieved from /home/mnguyen0226/anaconda3/envs/learning_scraper/lib/python3.11/site-packages/airflow/example_dags/example_branch_operator.py
[2023-08-20T21:08:23.695-0400] {logging_mixin.py:150} INFO - [2023-08-20T21:08:23.695-0400] {dag.py:2742} INFO - Sync 1 DAGs
[2023-08-20T21:08:23.715-0400] {logging_mixin.py:150} INFO - [2023-08-20T21:08:23.715-0400] {dag.py:3504} INFO - Setting next_dagrun for example_branch_operator to 2023-08-20T00:00:00+00:00, run_after=2023-08-21T00:00:00+00:00
[2023-08-20T21:08:23.758-0400] {processor.py:179} INFO - Processing /home/mnguyen0226/anaconda3/envs/learning_scraper/lib/python3.11/site-packages/airflow/example_dags/example_branch_operator.py took 0.101 seconds
[2023-08-20T21:09:17.447-0400] {processor.py:157} INFO - Started process (PID=84359) to work on /home/mnguyen0226/anaconda3/envs/learning_scraper/lib/python3.11/site-packages/airflow/example_dags/example_branch_operator.py
[2023-08-20T21:09:17.448-0400] {processor.py:826} INFO - Processing file /home/mnguyen0226/anaconda3/envs/learning_scraper/lib/python3.11/site-packages/airflow/example_dags/example_branch_operator.py for tasks to queue
[2023-08-20T21:09:17.450-0400] {logging_mixin.py:150} INFO - [2023-08-20T21:09:17.449-0400] {dagbag.py:541} INFO - Filling up the DagBag from /home/mnguyen0226/anaconda3/envs/learning_scraper/lib/python3.11/site-packages/airflow/example_dags/example_branch_operator.py
[2023-08-20T21:09:17.465-0400] {processor.py:836} INFO - DAG(s) dict_keys(['example_branch_operator']) retrieved from /home/mnguyen0226/anaconda3/envs/learning_scraper/lib/python3.11/site-packages/airflow/example_dags/example_branch_operator.py
[2023-08-20T21:09:17.484-0400] {logging_mixin.py:150} INFO - [2023-08-20T21:09:17.484-0400] {dag.py:2742} INFO - Sync 1 DAGs
[2023-08-20T21:09:17.500-0400] {logging_mixin.py:150} INFO - [2023-08-20T21:09:17.500-0400] {dag.py:3504} INFO - Setting next_dagrun for example_branch_operator to 2023-08-20T00:00:00+00:00, run_after=2023-08-21T00:00:00+00:00
[2023-08-20T21:09:17.522-0400] {processor.py:179} INFO - Processing /home/mnguyen0226/anaconda3/envs/learning_scraper/lib/python3.11/site-packages/airflow/example_dags/example_branch_operator.py took 0.079 seconds
[2023-08-20T21:10:13.018-0400] {processor.py:157} INFO - Started process (PID=84692) to work on /home/mnguyen0226/anaconda3/envs/learning_scraper/lib/python3.11/site-packages/airflow/example_dags/example_branch_operator.py
[2023-08-20T21:10:13.019-0400] {processor.py:826} INFO - Processing file /home/mnguyen0226/anaconda3/envs/learning_scraper/lib/python3.11/site-packages/airflow/example_dags/example_branch_operator.py for tasks to queue
[2023-08-20T21:10:13.020-0400] {logging_mixin.py:150} INFO - [2023-08-20T21:10:13.020-0400] {dagbag.py:541} INFO - Filling up the DagBag from /home/mnguyen0226/anaconda3/envs/learning_scraper/lib/python3.11/site-packages/airflow/example_dags/example_branch_operator.py
[2023-08-20T21:10:13.038-0400] {processor.py:836} INFO - DAG(s) dict_keys(['example_branch_operator']) retrieved from /home/mnguyen0226/anaconda3/envs/learning_scraper/lib/python3.11/site-packages/airflow/example_dags/example_branch_operator.py
[2023-08-20T21:10:13.069-0400] {logging_mixin.py:150} INFO - [2023-08-20T21:10:13.069-0400] {dag.py:2742} INFO - Sync 1 DAGs
[2023-08-20T21:10:13.098-0400] {logging_mixin.py:150} INFO - [2023-08-20T21:10:13.098-0400] {dag.py:3504} INFO - Setting next_dagrun for example_branch_operator to 2023-08-20T00:00:00+00:00, run_after=2023-08-21T00:00:00+00:00
[2023-08-20T21:10:13.122-0400] {processor.py:179} INFO - Processing /home/mnguyen0226/anaconda3/envs/learning_scraper/lib/python3.11/site-packages/airflow/example_dags/example_branch_operator.py took 0.109 seconds
[2023-08-20T21:11:11.885-0400] {processor.py:157} INFO - Started process (PID=84935) to work on /home/mnguyen0226/anaconda3/envs/learning_scraper/lib/python3.11/site-packages/airflow/example_dags/example_branch_operator.py
[2023-08-20T21:11:11.894-0400] {processor.py:826} INFO - Processing file /home/mnguyen0226/anaconda3/envs/learning_scraper/lib/python3.11/site-packages/airflow/example_dags/example_branch_operator.py for tasks to queue
[2023-08-20T21:11:11.895-0400] {logging_mixin.py:150} INFO - [2023-08-20T21:11:11.894-0400] {dagbag.py:541} INFO - Filling up the DagBag from /home/mnguyen0226/anaconda3/envs/learning_scraper/lib/python3.11/site-packages/airflow/example_dags/example_branch_operator.py
[2023-08-20T21:11:11.903-0400] {processor.py:836} INFO - DAG(s) dict_keys(['example_branch_operator']) retrieved from /home/mnguyen0226/anaconda3/envs/learning_scraper/lib/python3.11/site-packages/airflow/example_dags/example_branch_operator.py
[2023-08-20T21:11:11.919-0400] {logging_mixin.py:150} INFO - [2023-08-20T21:11:11.919-0400] {dag.py:2742} INFO - Sync 1 DAGs
[2023-08-20T21:11:11.935-0400] {logging_mixin.py:150} INFO - [2023-08-20T21:11:11.935-0400] {dag.py:3504} INFO - Setting next_dagrun for example_branch_operator to 2023-08-20T00:00:00+00:00, run_after=2023-08-21T00:00:00+00:00
[2023-08-20T21:11:11.957-0400] {processor.py:179} INFO - Processing /home/mnguyen0226/anaconda3/envs/learning_scraper/lib/python3.11/site-packages/airflow/example_dags/example_branch_operator.py took 0.075 seconds
[2023-08-20T21:12:01.938-0400] {processor.py:157} INFO - Started process (PID=85133) to work on /home/mnguyen0226/anaconda3/envs/learning_scraper/lib/python3.11/site-packages/airflow/example_dags/example_branch_operator.py
[2023-08-20T21:12:01.939-0400] {processor.py:826} INFO - Processing file /home/mnguyen0226/anaconda3/envs/learning_scraper/lib/python3.11/site-packages/airflow/example_dags/example_branch_operator.py for tasks to queue
[2023-08-20T21:12:01.939-0400] {logging_mixin.py:150} INFO - [2023-08-20T21:12:01.939-0400] {dagbag.py:541} INFO - Filling up the DagBag from /home/mnguyen0226/anaconda3/envs/learning_scraper/lib/python3.11/site-packages/airflow/example_dags/example_branch_operator.py
[2023-08-20T21:12:01.947-0400] {processor.py:836} INFO - DAG(s) dict_keys(['example_branch_operator']) retrieved from /home/mnguyen0226/anaconda3/envs/learning_scraper/lib/python3.11/site-packages/airflow/example_dags/example_branch_operator.py
[2023-08-20T21:12:01.963-0400] {logging_mixin.py:150} INFO - [2023-08-20T21:12:01.963-0400] {dag.py:2742} INFO - Sync 1 DAGs
[2023-08-20T21:12:01.980-0400] {logging_mixin.py:150} INFO - [2023-08-20T21:12:01.980-0400] {dag.py:3504} INFO - Setting next_dagrun for example_branch_operator to 2023-08-20T00:00:00+00:00, run_after=2023-08-21T00:00:00+00:00
[2023-08-20T21:12:02.003-0400] {processor.py:179} INFO - Processing /home/mnguyen0226/anaconda3/envs/learning_scraper/lib/python3.11/site-packages/airflow/example_dags/example_branch_operator.py took 0.066 seconds
[2023-08-20T21:12:58.619-0400] {processor.py:157} INFO - Started process (PID=85725) to work on /home/mnguyen0226/anaconda3/envs/learning_scraper/lib/python3.11/site-packages/airflow/example_dags/example_branch_operator.py
[2023-08-20T21:12:58.628-0400] {processor.py:826} INFO - Processing file /home/mnguyen0226/anaconda3/envs/learning_scraper/lib/python3.11/site-packages/airflow/example_dags/example_branch_operator.py for tasks to queue
[2023-08-20T21:12:58.630-0400] {logging_mixin.py:150} INFO - [2023-08-20T21:12:58.629-0400] {dagbag.py:541} INFO - Filling up the DagBag from /home/mnguyen0226/anaconda3/envs/learning_scraper/lib/python3.11/site-packages/airflow/example_dags/example_branch_operator.py
[2023-08-20T21:12:58.645-0400] {processor.py:836} INFO - DAG(s) dict_keys(['example_branch_operator']) retrieved from /home/mnguyen0226/anaconda3/envs/learning_scraper/lib/python3.11/site-packages/airflow/example_dags/example_branch_operator.py
[2023-08-20T21:12:58.674-0400] {logging_mixin.py:150} INFO - [2023-08-20T21:12:58.673-0400] {dag.py:2742} INFO - Sync 1 DAGs
[2023-08-20T21:12:58.698-0400] {logging_mixin.py:150} INFO - [2023-08-20T21:12:58.697-0400] {dag.py:3504} INFO - Setting next_dagrun for example_branch_operator to 2023-08-20T00:00:00+00:00, run_after=2023-08-21T00:00:00+00:00
[2023-08-20T21:12:58.724-0400] {processor.py:179} INFO - Processing /home/mnguyen0226/anaconda3/envs/learning_scraper/lib/python3.11/site-packages/airflow/example_dags/example_branch_operator.py took 0.109 seconds
[2023-08-20T21:13:56.079-0400] {processor.py:157} INFO - Started process (PID=86004) to work on /home/mnguyen0226/anaconda3/envs/learning_scraper/lib/python3.11/site-packages/airflow/example_dags/example_branch_operator.py
[2023-08-20T21:13:56.080-0400] {processor.py:826} INFO - Processing file /home/mnguyen0226/anaconda3/envs/learning_scraper/lib/python3.11/site-packages/airflow/example_dags/example_branch_operator.py for tasks to queue
[2023-08-20T21:13:56.082-0400] {logging_mixin.py:150} INFO - [2023-08-20T21:13:56.081-0400] {dagbag.py:541} INFO - Filling up the DagBag from /home/mnguyen0226/anaconda3/envs/learning_scraper/lib/python3.11/site-packages/airflow/example_dags/example_branch_operator.py
[2023-08-20T21:13:56.098-0400] {processor.py:836} INFO - DAG(s) dict_keys(['example_branch_operator']) retrieved from /home/mnguyen0226/anaconda3/envs/learning_scraper/lib/python3.11/site-packages/airflow/example_dags/example_branch_operator.py
[2023-08-20T21:13:56.130-0400] {logging_mixin.py:150} INFO - [2023-08-20T21:13:56.129-0400] {dag.py:2742} INFO - Sync 1 DAGs
[2023-08-20T21:13:56.159-0400] {logging_mixin.py:150} INFO - [2023-08-20T21:13:56.159-0400] {dag.py:3504} INFO - Setting next_dagrun for example_branch_operator to 2023-08-20T00:00:00+00:00, run_after=2023-08-21T00:00:00+00:00
[2023-08-20T21:13:56.187-0400] {processor.py:179} INFO - Processing /home/mnguyen0226/anaconda3/envs/learning_scraper/lib/python3.11/site-packages/airflow/example_dags/example_branch_operator.py took 0.114 seconds
[2023-08-20T21:14:54.244-0400] {processor.py:157} INFO - Started process (PID=86300) to work on /home/mnguyen0226/anaconda3/envs/learning_scraper/lib/python3.11/site-packages/airflow/example_dags/example_branch_operator.py
[2023-08-20T21:14:54.253-0400] {processor.py:826} INFO - Processing file /home/mnguyen0226/anaconda3/envs/learning_scraper/lib/python3.11/site-packages/airflow/example_dags/example_branch_operator.py for tasks to queue
[2023-08-20T21:14:54.255-0400] {logging_mixin.py:150} INFO - [2023-08-20T21:14:54.254-0400] {dagbag.py:541} INFO - Filling up the DagBag from /home/mnguyen0226/anaconda3/envs/learning_scraper/lib/python3.11/site-packages/airflow/example_dags/example_branch_operator.py
[2023-08-20T21:14:54.268-0400] {processor.py:836} INFO - DAG(s) dict_keys(['example_branch_operator']) retrieved from /home/mnguyen0226/anaconda3/envs/learning_scraper/lib/python3.11/site-packages/airflow/example_dags/example_branch_operator.py
[2023-08-20T21:14:54.293-0400] {logging_mixin.py:150} INFO - [2023-08-20T21:14:54.292-0400] {dag.py:2742} INFO - Sync 1 DAGs
[2023-08-20T21:14:54.314-0400] {logging_mixin.py:150} INFO - [2023-08-20T21:14:54.313-0400] {dag.py:3504} INFO - Setting next_dagrun for example_branch_operator to 2023-08-20T00:00:00+00:00, run_after=2023-08-21T00:00:00+00:00
[2023-08-20T21:14:54.337-0400] {processor.py:179} INFO - Processing /home/mnguyen0226/anaconda3/envs/learning_scraper/lib/python3.11/site-packages/airflow/example_dags/example_branch_operator.py took 0.098 seconds
[2023-08-20T21:15:45.221-0400] {processor.py:157} INFO - Started process (PID=86429) to work on /home/mnguyen0226/anaconda3/envs/learning_scraper/lib/python3.11/site-packages/airflow/example_dags/example_branch_operator.py
[2023-08-20T21:15:45.222-0400] {processor.py:826} INFO - Processing file /home/mnguyen0226/anaconda3/envs/learning_scraper/lib/python3.11/site-packages/airflow/example_dags/example_branch_operator.py for tasks to queue
[2023-08-20T21:15:45.224-0400] {logging_mixin.py:150} INFO - [2023-08-20T21:15:45.223-0400] {dagbag.py:541} INFO - Filling up the DagBag from /home/mnguyen0226/anaconda3/envs/learning_scraper/lib/python3.11/site-packages/airflow/example_dags/example_branch_operator.py
[2023-08-20T21:15:45.240-0400] {processor.py:836} INFO - DAG(s) dict_keys(['example_branch_operator']) retrieved from /home/mnguyen0226/anaconda3/envs/learning_scraper/lib/python3.11/site-packages/airflow/example_dags/example_branch_operator.py
[2023-08-20T21:15:45.261-0400] {logging_mixin.py:150} INFO - [2023-08-20T21:15:45.261-0400] {dag.py:2742} INFO - Sync 1 DAGs
[2023-08-20T21:15:45.277-0400] {logging_mixin.py:150} INFO - [2023-08-20T21:15:45.277-0400] {dag.py:3504} INFO - Setting next_dagrun for example_branch_operator to 2023-08-20T00:00:00+00:00, run_after=2023-08-21T00:00:00+00:00
[2023-08-20T21:15:45.299-0400] {processor.py:179} INFO - Processing /home/mnguyen0226/anaconda3/envs/learning_scraper/lib/python3.11/site-packages/airflow/example_dags/example_branch_operator.py took 0.083 seconds
[2023-08-20T21:16:38.463-0400] {processor.py:157} INFO - Started process (PID=86736) to work on /home/mnguyen0226/anaconda3/envs/learning_scraper/lib/python3.11/site-packages/airflow/example_dags/example_branch_operator.py
[2023-08-20T21:16:38.473-0400] {processor.py:826} INFO - Processing file /home/mnguyen0226/anaconda3/envs/learning_scraper/lib/python3.11/site-packages/airflow/example_dags/example_branch_operator.py for tasks to queue
[2023-08-20T21:16:38.474-0400] {logging_mixin.py:150} INFO - [2023-08-20T21:16:38.473-0400] {dagbag.py:541} INFO - Filling up the DagBag from /home/mnguyen0226/anaconda3/envs/learning_scraper/lib/python3.11/site-packages/airflow/example_dags/example_branch_operator.py
[2023-08-20T21:16:38.489-0400] {processor.py:836} INFO - DAG(s) dict_keys(['example_branch_operator']) retrieved from /home/mnguyen0226/anaconda3/envs/learning_scraper/lib/python3.11/site-packages/airflow/example_dags/example_branch_operator.py
[2023-08-20T21:16:38.519-0400] {logging_mixin.py:150} INFO - [2023-08-20T21:16:38.519-0400] {dag.py:2742} INFO - Sync 1 DAGs
[2023-08-20T21:16:38.535-0400] {logging_mixin.py:150} INFO - [2023-08-20T21:16:38.535-0400] {dag.py:3504} INFO - Setting next_dagrun for example_branch_operator to 2023-08-20T00:00:00+00:00, run_after=2023-08-21T00:00:00+00:00
[2023-08-20T21:16:38.557-0400] {processor.py:179} INFO - Processing /home/mnguyen0226/anaconda3/envs/learning_scraper/lib/python3.11/site-packages/airflow/example_dags/example_branch_operator.py took 0.098 seconds
[2023-08-20T21:17:33.506-0400] {processor.py:157} INFO - Started process (PID=87053) to work on /home/mnguyen0226/anaconda3/envs/learning_scraper/lib/python3.11/site-packages/airflow/example_dags/example_branch_operator.py
[2023-08-20T21:17:33.508-0400] {processor.py:826} INFO - Processing file /home/mnguyen0226/anaconda3/envs/learning_scraper/lib/python3.11/site-packages/airflow/example_dags/example_branch_operator.py for tasks to queue
[2023-08-20T21:17:33.509-0400] {logging_mixin.py:150} INFO - [2023-08-20T21:17:33.508-0400] {dagbag.py:541} INFO - Filling up the DagBag from /home/mnguyen0226/anaconda3/envs/learning_scraper/lib/python3.11/site-packages/airflow/example_dags/example_branch_operator.py
[2023-08-20T21:17:33.522-0400] {processor.py:836} INFO - DAG(s) dict_keys(['example_branch_operator']) retrieved from /home/mnguyen0226/anaconda3/envs/learning_scraper/lib/python3.11/site-packages/airflow/example_dags/example_branch_operator.py
[2023-08-20T21:17:33.539-0400] {logging_mixin.py:150} INFO - [2023-08-20T21:17:33.539-0400] {dag.py:2742} INFO - Sync 1 DAGs
[2023-08-20T21:17:33.570-0400] {logging_mixin.py:150} INFO - [2023-08-20T21:17:33.570-0400] {dag.py:3504} INFO - Setting next_dagrun for example_branch_operator to 2023-08-20T00:00:00+00:00, run_after=2023-08-21T00:00:00+00:00
[2023-08-20T21:17:33.672-0400] {processor.py:179} INFO - Processing /home/mnguyen0226/anaconda3/envs/learning_scraper/lib/python3.11/site-packages/airflow/example_dags/example_branch_operator.py took 0.171 seconds
[2023-08-20T21:18:28.190-0400] {processor.py:157} INFO - Started process (PID=87356) to work on /home/mnguyen0226/anaconda3/envs/learning_scraper/lib/python3.11/site-packages/airflow/example_dags/example_branch_operator.py
[2023-08-20T21:18:28.191-0400] {processor.py:826} INFO - Processing file /home/mnguyen0226/anaconda3/envs/learning_scraper/lib/python3.11/site-packages/airflow/example_dags/example_branch_operator.py for tasks to queue
[2023-08-20T21:18:28.192-0400] {logging_mixin.py:150} INFO - [2023-08-20T21:18:28.192-0400] {dagbag.py:541} INFO - Filling up the DagBag from /home/mnguyen0226/anaconda3/envs/learning_scraper/lib/python3.11/site-packages/airflow/example_dags/example_branch_operator.py
[2023-08-20T21:18:28.207-0400] {processor.py:836} INFO - DAG(s) dict_keys(['example_branch_operator']) retrieved from /home/mnguyen0226/anaconda3/envs/learning_scraper/lib/python3.11/site-packages/airflow/example_dags/example_branch_operator.py
[2023-08-20T21:18:28.225-0400] {logging_mixin.py:150} INFO - [2023-08-20T21:18:28.225-0400] {dag.py:2742} INFO - Sync 1 DAGs
[2023-08-20T21:18:28.239-0400] {logging_mixin.py:150} INFO - [2023-08-20T21:18:28.239-0400] {dag.py:3504} INFO - Setting next_dagrun for example_branch_operator to 2023-08-20T00:00:00+00:00, run_after=2023-08-21T00:00:00+00:00
[2023-08-20T21:18:28.261-0400] {processor.py:179} INFO - Processing /home/mnguyen0226/anaconda3/envs/learning_scraper/lib/python3.11/site-packages/airflow/example_dags/example_branch_operator.py took 0.075 seconds
[2023-08-20T21:19:24.806-0400] {processor.py:157} INFO - Started process (PID=87724) to work on /home/mnguyen0226/anaconda3/envs/learning_scraper/lib/python3.11/site-packages/airflow/example_dags/example_branch_operator.py
[2023-08-20T21:19:24.815-0400] {processor.py:826} INFO - Processing file /home/mnguyen0226/anaconda3/envs/learning_scraper/lib/python3.11/site-packages/airflow/example_dags/example_branch_operator.py for tasks to queue
[2023-08-20T21:19:24.816-0400] {logging_mixin.py:150} INFO - [2023-08-20T21:19:24.815-0400] {dagbag.py:541} INFO - Filling up the DagBag from /home/mnguyen0226/anaconda3/envs/learning_scraper/lib/python3.11/site-packages/airflow/example_dags/example_branch_operator.py
[2023-08-20T21:19:24.823-0400] {processor.py:836} INFO - DAG(s) dict_keys(['example_branch_operator']) retrieved from /home/mnguyen0226/anaconda3/envs/learning_scraper/lib/python3.11/site-packages/airflow/example_dags/example_branch_operator.py
[2023-08-20T21:19:24.841-0400] {logging_mixin.py:150} INFO - [2023-08-20T21:19:24.841-0400] {dag.py:2742} INFO - Sync 1 DAGs
[2023-08-20T21:19:24.858-0400] {logging_mixin.py:150} INFO - [2023-08-20T21:19:24.858-0400] {dag.py:3504} INFO - Setting next_dagrun for example_branch_operator to 2023-08-20T00:00:00+00:00, run_after=2023-08-21T00:00:00+00:00
[2023-08-20T21:19:24.881-0400] {processor.py:179} INFO - Processing /home/mnguyen0226/anaconda3/envs/learning_scraper/lib/python3.11/site-packages/airflow/example_dags/example_branch_operator.py took 0.078 seconds
[2023-08-20T21:20:16.598-0400] {processor.py:157} INFO - Started process (PID=88109) to work on /home/mnguyen0226/anaconda3/envs/learning_scraper/lib/python3.11/site-packages/airflow/example_dags/example_branch_operator.py
[2023-08-20T21:20:16.599-0400] {processor.py:826} INFO - Processing file /home/mnguyen0226/anaconda3/envs/learning_scraper/lib/python3.11/site-packages/airflow/example_dags/example_branch_operator.py for tasks to queue
[2023-08-20T21:20:16.600-0400] {logging_mixin.py:150} INFO - [2023-08-20T21:20:16.599-0400] {dagbag.py:541} INFO - Filling up the DagBag from /home/mnguyen0226/anaconda3/envs/learning_scraper/lib/python3.11/site-packages/airflow/example_dags/example_branch_operator.py
[2023-08-20T21:20:16.610-0400] {processor.py:836} INFO - DAG(s) dict_keys(['example_branch_operator']) retrieved from /home/mnguyen0226/anaconda3/envs/learning_scraper/lib/python3.11/site-packages/airflow/example_dags/example_branch_operator.py
[2023-08-20T21:20:16.630-0400] {logging_mixin.py:150} INFO - [2023-08-20T21:20:16.630-0400] {dag.py:2742} INFO - Sync 1 DAGs
[2023-08-20T21:20:16.647-0400] {logging_mixin.py:150} INFO - [2023-08-20T21:20:16.646-0400] {dag.py:3504} INFO - Setting next_dagrun for example_branch_operator to 2023-08-20T00:00:00+00:00, run_after=2023-08-21T00:00:00+00:00
[2023-08-20T21:20:16.669-0400] {processor.py:179} INFO - Processing /home/mnguyen0226/anaconda3/envs/learning_scraper/lib/python3.11/site-packages/airflow/example_dags/example_branch_operator.py took 0.074 seconds
[2023-08-20T21:21:08.754-0400] {processor.py:157} INFO - Started process (PID=88309) to work on /home/mnguyen0226/anaconda3/envs/learning_scraper/lib/python3.11/site-packages/airflow/example_dags/example_branch_operator.py
[2023-08-20T21:21:08.756-0400] {processor.py:826} INFO - Processing file /home/mnguyen0226/anaconda3/envs/learning_scraper/lib/python3.11/site-packages/airflow/example_dags/example_branch_operator.py for tasks to queue
[2023-08-20T21:21:08.757-0400] {logging_mixin.py:150} INFO - [2023-08-20T21:21:08.757-0400] {dagbag.py:541} INFO - Filling up the DagBag from /home/mnguyen0226/anaconda3/envs/learning_scraper/lib/python3.11/site-packages/airflow/example_dags/example_branch_operator.py
[2023-08-20T21:21:08.773-0400] {processor.py:836} INFO - DAG(s) dict_keys(['example_branch_operator']) retrieved from /home/mnguyen0226/anaconda3/envs/learning_scraper/lib/python3.11/site-packages/airflow/example_dags/example_branch_operator.py
[2023-08-20T21:21:08.799-0400] {logging_mixin.py:150} INFO - [2023-08-20T21:21:08.799-0400] {dag.py:2742} INFO - Sync 1 DAGs
[2023-08-20T21:21:08.815-0400] {logging_mixin.py:150} INFO - [2023-08-20T21:21:08.815-0400] {dag.py:3504} INFO - Setting next_dagrun for example_branch_operator to 2023-08-20T00:00:00+00:00, run_after=2023-08-21T00:00:00+00:00
[2023-08-20T21:21:08.838-0400] {processor.py:179} INFO - Processing /home/mnguyen0226/anaconda3/envs/learning_scraper/lib/python3.11/site-packages/airflow/example_dags/example_branch_operator.py took 0.088 seconds
