[2023-08-20T21:00:27.996-0400] {processor.py:157} INFO - Started process (PID=80451) to work on /home/mnguyen0226/anaconda3/envs/learning_scraper/lib/python3.11/site-packages/airflow/example_dags/example_bash_operator.py
[2023-08-20T21:00:27.997-0400] {processor.py:826} INFO - Processing file /home/mnguyen0226/anaconda3/envs/learning_scraper/lib/python3.11/site-packages/airflow/example_dags/example_bash_operator.py for tasks to queue
[2023-08-20T21:00:27.998-0400] {logging_mixin.py:150} INFO - [2023-08-20T21:00:27.997-0400] {dagbag.py:541} INFO - Filling up the DagBag from /home/mnguyen0226/anaconda3/envs/learning_scraper/lib/python3.11/site-packages/airflow/example_dags/example_bash_operator.py
[2023-08-20T21:00:28.015-0400] {processor.py:836} INFO - DAG(s) dict_keys(['example_bash_operator']) retrieved from /home/mnguyen0226/anaconda3/envs/learning_scraper/lib/python3.11/site-packages/airflow/example_dags/example_bash_operator.py
[2023-08-20T21:00:28.035-0400] {logging_mixin.py:150} INFO - [2023-08-20T21:00:28.035-0400] {dag.py:2742} INFO - Sync 1 DAGs
[2023-08-20T21:00:28.051-0400] {logging_mixin.py:150} INFO - [2023-08-20T21:00:28.051-0400] {dag.py:3504} INFO - Setting next_dagrun for example_bash_operator to 2023-08-20T00:00:00+00:00, run_after=2023-08-21T00:00:00+00:00
[2023-08-20T21:00:28.083-0400] {processor.py:179} INFO - Processing /home/mnguyen0226/anaconda3/envs/learning_scraper/lib/python3.11/site-packages/airflow/example_dags/example_bash_operator.py took 0.091 seconds
[2023-08-20T21:01:13.560-0400] {processor.py:157} INFO - Started process (PID=80922) to work on /home/mnguyen0226/anaconda3/envs/learning_scraper/lib/python3.11/site-packages/airflow/example_dags/example_bash_operator.py
[2023-08-20T21:01:13.560-0400] {processor.py:826} INFO - Processing file /home/mnguyen0226/anaconda3/envs/learning_scraper/lib/python3.11/site-packages/airflow/example_dags/example_bash_operator.py for tasks to queue
[2023-08-20T21:01:13.561-0400] {logging_mixin.py:150} INFO - [2023-08-20T21:01:13.561-0400] {dagbag.py:541} INFO - Filling up the DagBag from /home/mnguyen0226/anaconda3/envs/learning_scraper/lib/python3.11/site-packages/airflow/example_dags/example_bash_operator.py
[2023-08-20T21:01:13.572-0400] {processor.py:836} INFO - DAG(s) dict_keys(['example_bash_operator']) retrieved from /home/mnguyen0226/anaconda3/envs/learning_scraper/lib/python3.11/site-packages/airflow/example_dags/example_bash_operator.py
[2023-08-20T21:01:13.597-0400] {logging_mixin.py:150} INFO - [2023-08-20T21:01:13.597-0400] {dag.py:2742} INFO - Sync 1 DAGs
[2023-08-20T21:01:13.617-0400] {logging_mixin.py:150} INFO - [2023-08-20T21:01:13.617-0400] {dag.py:3504} INFO - Setting next_dagrun for example_bash_operator to 2023-08-20T00:00:00+00:00, run_after=2023-08-21T00:00:00+00:00
[2023-08-20T21:01:13.639-0400] {processor.py:179} INFO - Processing /home/mnguyen0226/anaconda3/envs/learning_scraper/lib/python3.11/site-packages/airflow/example_dags/example_bash_operator.py took 0.082 seconds
[2023-08-20T21:02:00.599-0400] {processor.py:157} INFO - Started process (PID=81178) to work on /home/mnguyen0226/anaconda3/envs/learning_scraper/lib/python3.11/site-packages/airflow/example_dags/example_bash_operator.py
[2023-08-20T21:02:00.600-0400] {processor.py:826} INFO - Processing file /home/mnguyen0226/anaconda3/envs/learning_scraper/lib/python3.11/site-packages/airflow/example_dags/example_bash_operator.py for tasks to queue
[2023-08-20T21:02:00.601-0400] {logging_mixin.py:150} INFO - [2023-08-20T21:02:00.600-0400] {dagbag.py:541} INFO - Filling up the DagBag from /home/mnguyen0226/anaconda3/envs/learning_scraper/lib/python3.11/site-packages/airflow/example_dags/example_bash_operator.py
[2023-08-20T21:02:00.616-0400] {processor.py:836} INFO - DAG(s) dict_keys(['example_bash_operator']) retrieved from /home/mnguyen0226/anaconda3/envs/learning_scraper/lib/python3.11/site-packages/airflow/example_dags/example_bash_operator.py
[2023-08-20T21:02:00.634-0400] {logging_mixin.py:150} INFO - [2023-08-20T21:02:00.634-0400] {dag.py:2742} INFO - Sync 1 DAGs
[2023-08-20T21:02:00.649-0400] {logging_mixin.py:150} INFO - [2023-08-20T21:02:00.649-0400] {dag.py:3504} INFO - Setting next_dagrun for example_bash_operator to 2023-08-20T00:00:00+00:00, run_after=2023-08-21T00:00:00+00:00
[2023-08-20T21:02:00.670-0400] {processor.py:179} INFO - Processing /home/mnguyen0226/anaconda3/envs/learning_scraper/lib/python3.11/site-packages/airflow/example_dags/example_bash_operator.py took 0.076 seconds
[2023-08-20T21:03:27.211-0400] {processor.py:157} INFO - Started process (PID=81604) to work on /home/mnguyen0226/anaconda3/envs/learning_scraper/lib/python3.11/site-packages/airflow/example_dags/example_bash_operator.py
[2023-08-20T21:03:27.221-0400] {processor.py:826} INFO - Processing file /home/mnguyen0226/anaconda3/envs/learning_scraper/lib/python3.11/site-packages/airflow/example_dags/example_bash_operator.py for tasks to queue
[2023-08-20T21:03:27.222-0400] {logging_mixin.py:150} INFO - [2023-08-20T21:03:27.221-0400] {dagbag.py:541} INFO - Filling up the DagBag from /home/mnguyen0226/anaconda3/envs/learning_scraper/lib/python3.11/site-packages/airflow/example_dags/example_bash_operator.py
[2023-08-20T21:03:27.241-0400] {processor.py:836} INFO - DAG(s) dict_keys(['example_bash_operator']) retrieved from /home/mnguyen0226/anaconda3/envs/learning_scraper/lib/python3.11/site-packages/airflow/example_dags/example_bash_operator.py
[2023-08-20T21:03:27.263-0400] {logging_mixin.py:150} INFO - [2023-08-20T21:03:27.263-0400] {dag.py:2742} INFO - Sync 1 DAGs
[2023-08-20T21:03:27.280-0400] {logging_mixin.py:150} INFO - [2023-08-20T21:03:27.279-0400] {dag.py:3504} INFO - Setting next_dagrun for example_bash_operator to 2023-08-20T00:00:00+00:00, run_after=2023-08-21T00:00:00+00:00
[2023-08-20T21:03:27.306-0400] {processor.py:179} INFO - Processing /home/mnguyen0226/anaconda3/envs/learning_scraper/lib/python3.11/site-packages/airflow/example_dags/example_bash_operator.py took 0.098 seconds
[2023-08-20T21:04:12.714-0400] {processor.py:157} INFO - Started process (PID=82971) to work on /home/mnguyen0226/anaconda3/envs/learning_scraper/lib/python3.11/site-packages/airflow/example_dags/example_bash_operator.py
[2023-08-20T21:04:12.715-0400] {processor.py:826} INFO - Processing file /home/mnguyen0226/anaconda3/envs/learning_scraper/lib/python3.11/site-packages/airflow/example_dags/example_bash_operator.py for tasks to queue
[2023-08-20T21:04:12.716-0400] {logging_mixin.py:150} INFO - [2023-08-20T21:04:12.715-0400] {dagbag.py:541} INFO - Filling up the DagBag from /home/mnguyen0226/anaconda3/envs/learning_scraper/lib/python3.11/site-packages/airflow/example_dags/example_bash_operator.py
[2023-08-20T21:04:12.726-0400] {processor.py:836} INFO - DAG(s) dict_keys(['example_bash_operator']) retrieved from /home/mnguyen0226/anaconda3/envs/learning_scraper/lib/python3.11/site-packages/airflow/example_dags/example_bash_operator.py
[2023-08-20T21:04:12.745-0400] {logging_mixin.py:150} INFO - [2023-08-20T21:04:12.745-0400] {dag.py:2742} INFO - Sync 1 DAGs
[2023-08-20T21:04:12.761-0400] {logging_mixin.py:150} INFO - [2023-08-20T21:04:12.761-0400] {dag.py:3504} INFO - Setting next_dagrun for example_bash_operator to 2023-08-20T00:00:00+00:00, run_after=2023-08-21T00:00:00+00:00
[2023-08-20T21:04:12.787-0400] {processor.py:179} INFO - Processing /home/mnguyen0226/anaconda3/envs/learning_scraper/lib/python3.11/site-packages/airflow/example_dags/example_bash_operator.py took 0.075 seconds
[2023-08-20T21:05:01.256-0400] {processor.py:157} INFO - Started process (PID=83238) to work on /home/mnguyen0226/anaconda3/envs/learning_scraper/lib/python3.11/site-packages/airflow/example_dags/example_bash_operator.py
[2023-08-20T21:05:01.256-0400] {processor.py:826} INFO - Processing file /home/mnguyen0226/anaconda3/envs/learning_scraper/lib/python3.11/site-packages/airflow/example_dags/example_bash_operator.py for tasks to queue
[2023-08-20T21:05:01.257-0400] {logging_mixin.py:150} INFO - [2023-08-20T21:05:01.257-0400] {dagbag.py:541} INFO - Filling up the DagBag from /home/mnguyen0226/anaconda3/envs/learning_scraper/lib/python3.11/site-packages/airflow/example_dags/example_bash_operator.py
[2023-08-20T21:05:01.266-0400] {processor.py:836} INFO - DAG(s) dict_keys(['example_bash_operator']) retrieved from /home/mnguyen0226/anaconda3/envs/learning_scraper/lib/python3.11/site-packages/airflow/example_dags/example_bash_operator.py
[2023-08-20T21:05:01.284-0400] {logging_mixin.py:150} INFO - [2023-08-20T21:05:01.284-0400] {dag.py:2742} INFO - Sync 1 DAGs
[2023-08-20T21:05:01.305-0400] {logging_mixin.py:150} INFO - [2023-08-20T21:05:01.305-0400] {dag.py:3504} INFO - Setting next_dagrun for example_bash_operator to 2023-08-20T00:00:00+00:00, run_after=2023-08-21T00:00:00+00:00
[2023-08-20T21:05:01.334-0400] {processor.py:179} INFO - Processing /home/mnguyen0226/anaconda3/envs/learning_scraper/lib/python3.11/site-packages/airflow/example_dags/example_bash_operator.py took 0.080 seconds
[2023-08-20T21:05:56.660-0400] {processor.py:157} INFO - Started process (PID=83489) to work on /home/mnguyen0226/anaconda3/envs/learning_scraper/lib/python3.11/site-packages/airflow/example_dags/example_bash_operator.py
[2023-08-20T21:05:56.670-0400] {processor.py:826} INFO - Processing file /home/mnguyen0226/anaconda3/envs/learning_scraper/lib/python3.11/site-packages/airflow/example_dags/example_bash_operator.py for tasks to queue
[2023-08-20T21:05:56.671-0400] {logging_mixin.py:150} INFO - [2023-08-20T21:05:56.671-0400] {dagbag.py:541} INFO - Filling up the DagBag from /home/mnguyen0226/anaconda3/envs/learning_scraper/lib/python3.11/site-packages/airflow/example_dags/example_bash_operator.py
[2023-08-20T21:05:56.689-0400] {processor.py:836} INFO - DAG(s) dict_keys(['example_bash_operator']) retrieved from /home/mnguyen0226/anaconda3/envs/learning_scraper/lib/python3.11/site-packages/airflow/example_dags/example_bash_operator.py
[2023-08-20T21:05:56.724-0400] {logging_mixin.py:150} INFO - [2023-08-20T21:05:56.724-0400] {dag.py:2742} INFO - Sync 1 DAGs
[2023-08-20T21:05:56.750-0400] {logging_mixin.py:150} INFO - [2023-08-20T21:05:56.750-0400] {dag.py:3504} INFO - Setting next_dagrun for example_bash_operator to 2023-08-20T00:00:00+00:00, run_after=2023-08-21T00:00:00+00:00
[2023-08-20T21:05:56.774-0400] {processor.py:179} INFO - Processing /home/mnguyen0226/anaconda3/envs/learning_scraper/lib/python3.11/site-packages/airflow/example_dags/example_bash_operator.py took 0.119 seconds
[2023-08-20T21:06:38.645-0400] {processor.py:157} INFO - Started process (PID=83670) to work on /home/mnguyen0226/anaconda3/envs/learning_scraper/lib/python3.11/site-packages/airflow/example_dags/example_bash_operator.py
[2023-08-20T21:06:38.645-0400] {processor.py:826} INFO - Processing file /home/mnguyen0226/anaconda3/envs/learning_scraper/lib/python3.11/site-packages/airflow/example_dags/example_bash_operator.py for tasks to queue
[2023-08-20T21:06:38.646-0400] {logging_mixin.py:150} INFO - [2023-08-20T21:06:38.646-0400] {dagbag.py:541} INFO - Filling up the DagBag from /home/mnguyen0226/anaconda3/envs/learning_scraper/lib/python3.11/site-packages/airflow/example_dags/example_bash_operator.py
[2023-08-20T21:06:38.661-0400] {processor.py:836} INFO - DAG(s) dict_keys(['example_bash_operator']) retrieved from /home/mnguyen0226/anaconda3/envs/learning_scraper/lib/python3.11/site-packages/airflow/example_dags/example_bash_operator.py
[2023-08-20T21:06:38.687-0400] {logging_mixin.py:150} INFO - [2023-08-20T21:06:38.687-0400] {dag.py:2742} INFO - Sync 1 DAGs
[2023-08-20T21:06:38.705-0400] {logging_mixin.py:150} INFO - [2023-08-20T21:06:38.705-0400] {dag.py:3504} INFO - Setting next_dagrun for example_bash_operator to 2023-08-20T00:00:00+00:00, run_after=2023-08-21T00:00:00+00:00
[2023-08-20T21:06:38.847-0400] {processor.py:179} INFO - Processing /home/mnguyen0226/anaconda3/envs/learning_scraper/lib/python3.11/site-packages/airflow/example_dags/example_bash_operator.py took 0.204 seconds
[2023-08-20T21:07:19.880-0400] {processor.py:157} INFO - Started process (PID=83879) to work on /home/mnguyen0226/anaconda3/envs/learning_scraper/lib/python3.11/site-packages/airflow/example_dags/example_bash_operator.py
[2023-08-20T21:07:19.890-0400] {processor.py:826} INFO - Processing file /home/mnguyen0226/anaconda3/envs/learning_scraper/lib/python3.11/site-packages/airflow/example_dags/example_bash_operator.py for tasks to queue
[2023-08-20T21:07:19.892-0400] {logging_mixin.py:150} INFO - [2023-08-20T21:07:19.891-0400] {dagbag.py:541} INFO - Filling up the DagBag from /home/mnguyen0226/anaconda3/envs/learning_scraper/lib/python3.11/site-packages/airflow/example_dags/example_bash_operator.py
[2023-08-20T21:07:19.909-0400] {processor.py:836} INFO - DAG(s) dict_keys(['example_bash_operator']) retrieved from /home/mnguyen0226/anaconda3/envs/learning_scraper/lib/python3.11/site-packages/airflow/example_dags/example_bash_operator.py
[2023-08-20T21:07:20.033-0400] {logging_mixin.py:150} INFO - [2023-08-20T21:07:20.033-0400] {dag.py:2742} INFO - Sync 1 DAGs
[2023-08-20T21:07:20.049-0400] {logging_mixin.py:150} INFO - [2023-08-20T21:07:20.049-0400] {dag.py:3504} INFO - Setting next_dagrun for example_bash_operator to 2023-08-20T00:00:00+00:00, run_after=2023-08-21T00:00:00+00:00
[2023-08-20T21:07:20.080-0400] {processor.py:179} INFO - Processing /home/mnguyen0226/anaconda3/envs/learning_scraper/lib/python3.11/site-packages/airflow/example_dags/example_bash_operator.py took 0.205 seconds
[2023-08-20T21:08:02.855-0400] {processor.py:157} INFO - Started process (PID=84021) to work on /home/mnguyen0226/anaconda3/envs/learning_scraper/lib/python3.11/site-packages/airflow/example_dags/example_bash_operator.py
[2023-08-20T21:08:02.856-0400] {processor.py:826} INFO - Processing file /home/mnguyen0226/anaconda3/envs/learning_scraper/lib/python3.11/site-packages/airflow/example_dags/example_bash_operator.py for tasks to queue
[2023-08-20T21:08:02.858-0400] {logging_mixin.py:150} INFO - [2023-08-20T21:08:02.857-0400] {dagbag.py:541} INFO - Filling up the DagBag from /home/mnguyen0226/anaconda3/envs/learning_scraper/lib/python3.11/site-packages/airflow/example_dags/example_bash_operator.py
[2023-08-20T21:08:02.877-0400] {processor.py:836} INFO - DAG(s) dict_keys(['example_bash_operator']) retrieved from /home/mnguyen0226/anaconda3/envs/learning_scraper/lib/python3.11/site-packages/airflow/example_dags/example_bash_operator.py
[2023-08-20T21:08:02.913-0400] {logging_mixin.py:150} INFO - [2023-08-20T21:08:02.913-0400] {dag.py:2742} INFO - Sync 1 DAGs
[2023-08-20T21:08:02.942-0400] {logging_mixin.py:150} INFO - [2023-08-20T21:08:02.942-0400] {dag.py:3504} INFO - Setting next_dagrun for example_bash_operator to 2023-08-20T00:00:00+00:00, run_after=2023-08-21T00:00:00+00:00
[2023-08-20T21:08:02.972-0400] {processor.py:179} INFO - Processing /home/mnguyen0226/anaconda3/envs/learning_scraper/lib/python3.11/site-packages/airflow/example_dags/example_bash_operator.py took 0.121 seconds
[2023-08-20T21:08:55.501-0400] {processor.py:157} INFO - Started process (PID=84274) to work on /home/mnguyen0226/anaconda3/envs/learning_scraper/lib/python3.11/site-packages/airflow/example_dags/example_bash_operator.py
[2023-08-20T21:08:55.511-0400] {processor.py:826} INFO - Processing file /home/mnguyen0226/anaconda3/envs/learning_scraper/lib/python3.11/site-packages/airflow/example_dags/example_bash_operator.py for tasks to queue
[2023-08-20T21:08:55.512-0400] {logging_mixin.py:150} INFO - [2023-08-20T21:08:55.512-0400] {dagbag.py:541} INFO - Filling up the DagBag from /home/mnguyen0226/anaconda3/envs/learning_scraper/lib/python3.11/site-packages/airflow/example_dags/example_bash_operator.py
[2023-08-20T21:08:55.535-0400] {processor.py:836} INFO - DAG(s) dict_keys(['example_bash_operator']) retrieved from /home/mnguyen0226/anaconda3/envs/learning_scraper/lib/python3.11/site-packages/airflow/example_dags/example_bash_operator.py
[2023-08-20T21:08:55.564-0400] {logging_mixin.py:150} INFO - [2023-08-20T21:08:55.563-0400] {dag.py:2742} INFO - Sync 1 DAGs
[2023-08-20T21:08:55.580-0400] {logging_mixin.py:150} INFO - [2023-08-20T21:08:55.580-0400] {dag.py:3504} INFO - Setting next_dagrun for example_bash_operator to 2023-08-20T00:00:00+00:00, run_after=2023-08-21T00:00:00+00:00
[2023-08-20T21:08:55.602-0400] {processor.py:179} INFO - Processing /home/mnguyen0226/anaconda3/envs/learning_scraper/lib/python3.11/site-packages/airflow/example_dags/example_bash_operator.py took 0.104 seconds
[2023-08-20T21:09:48.798-0400] {processor.py:157} INFO - Started process (PID=84543) to work on /home/mnguyen0226/anaconda3/envs/learning_scraper/lib/python3.11/site-packages/airflow/example_dags/example_bash_operator.py
[2023-08-20T21:09:48.800-0400] {processor.py:826} INFO - Processing file /home/mnguyen0226/anaconda3/envs/learning_scraper/lib/python3.11/site-packages/airflow/example_dags/example_bash_operator.py for tasks to queue
[2023-08-20T21:09:48.801-0400] {logging_mixin.py:150} INFO - [2023-08-20T21:09:48.800-0400] {dagbag.py:541} INFO - Filling up the DagBag from /home/mnguyen0226/anaconda3/envs/learning_scraper/lib/python3.11/site-packages/airflow/example_dags/example_bash_operator.py
[2023-08-20T21:09:48.819-0400] {processor.py:836} INFO - DAG(s) dict_keys(['example_bash_operator']) retrieved from /home/mnguyen0226/anaconda3/envs/learning_scraper/lib/python3.11/site-packages/airflow/example_dags/example_bash_operator.py
[2023-08-20T21:09:48.860-0400] {logging_mixin.py:150} INFO - [2023-08-20T21:09:48.860-0400] {dag.py:2742} INFO - Sync 1 DAGs
[2023-08-20T21:09:48.886-0400] {logging_mixin.py:150} INFO - [2023-08-20T21:09:48.885-0400] {dag.py:3504} INFO - Setting next_dagrun for example_bash_operator to 2023-08-20T00:00:00+00:00, run_after=2023-08-21T00:00:00+00:00
[2023-08-20T21:09:48.920-0400] {processor.py:179} INFO - Processing /home/mnguyen0226/anaconda3/envs/learning_scraper/lib/python3.11/site-packages/airflow/example_dags/example_bash_operator.py took 0.125 seconds
[2023-08-20T21:10:46.571-0400] {processor.py:157} INFO - Started process (PID=84813) to work on /home/mnguyen0226/anaconda3/envs/learning_scraper/lib/python3.11/site-packages/airflow/example_dags/example_bash_operator.py
[2023-08-20T21:10:46.572-0400] {processor.py:826} INFO - Processing file /home/mnguyen0226/anaconda3/envs/learning_scraper/lib/python3.11/site-packages/airflow/example_dags/example_bash_operator.py for tasks to queue
[2023-08-20T21:10:46.573-0400] {logging_mixin.py:150} INFO - [2023-08-20T21:10:46.572-0400] {dagbag.py:541} INFO - Filling up the DagBag from /home/mnguyen0226/anaconda3/envs/learning_scraper/lib/python3.11/site-packages/airflow/example_dags/example_bash_operator.py
[2023-08-20T21:10:46.593-0400] {processor.py:836} INFO - DAG(s) dict_keys(['example_bash_operator']) retrieved from /home/mnguyen0226/anaconda3/envs/learning_scraper/lib/python3.11/site-packages/airflow/example_dags/example_bash_operator.py
[2023-08-20T21:10:46.623-0400] {logging_mixin.py:150} INFO - [2023-08-20T21:10:46.622-0400] {dag.py:2742} INFO - Sync 1 DAGs
[2023-08-20T21:10:46.645-0400] {logging_mixin.py:150} INFO - [2023-08-20T21:10:46.645-0400] {dag.py:3504} INFO - Setting next_dagrun for example_bash_operator to 2023-08-20T00:00:00+00:00, run_after=2023-08-21T00:00:00+00:00
[2023-08-20T21:10:46.669-0400] {processor.py:179} INFO - Processing /home/mnguyen0226/anaconda3/envs/learning_scraper/lib/python3.11/site-packages/airflow/example_dags/example_bash_operator.py took 0.102 seconds
[2023-08-20T21:11:37.907-0400] {processor.py:157} INFO - Started process (PID=85061) to work on /home/mnguyen0226/anaconda3/envs/learning_scraper/lib/python3.11/site-packages/airflow/example_dags/example_bash_operator.py
[2023-08-20T21:11:37.909-0400] {processor.py:826} INFO - Processing file /home/mnguyen0226/anaconda3/envs/learning_scraper/lib/python3.11/site-packages/airflow/example_dags/example_bash_operator.py for tasks to queue
[2023-08-20T21:11:37.910-0400] {logging_mixin.py:150} INFO - [2023-08-20T21:11:37.909-0400] {dagbag.py:541} INFO - Filling up the DagBag from /home/mnguyen0226/anaconda3/envs/learning_scraper/lib/python3.11/site-packages/airflow/example_dags/example_bash_operator.py
[2023-08-20T21:11:37.928-0400] {processor.py:836} INFO - DAG(s) dict_keys(['example_bash_operator']) retrieved from /home/mnguyen0226/anaconda3/envs/learning_scraper/lib/python3.11/site-packages/airflow/example_dags/example_bash_operator.py
[2023-08-20T21:11:37.955-0400] {logging_mixin.py:150} INFO - [2023-08-20T21:11:37.955-0400] {dag.py:2742} INFO - Sync 1 DAGs
[2023-08-20T21:11:37.971-0400] {logging_mixin.py:150} INFO - [2023-08-20T21:11:37.971-0400] {dag.py:3504} INFO - Setting next_dagrun for example_bash_operator to 2023-08-20T00:00:00+00:00, run_after=2023-08-21T00:00:00+00:00
[2023-08-20T21:11:37.993-0400] {processor.py:179} INFO - Processing /home/mnguyen0226/anaconda3/envs/learning_scraper/lib/python3.11/site-packages/airflow/example_dags/example_bash_operator.py took 0.090 seconds
[2023-08-20T21:12:30.929-0400] {processor.py:157} INFO - Started process (PID=85445) to work on /home/mnguyen0226/anaconda3/envs/learning_scraper/lib/python3.11/site-packages/airflow/example_dags/example_bash_operator.py
[2023-08-20T21:12:30.934-0400] {processor.py:826} INFO - Processing file /home/mnguyen0226/anaconda3/envs/learning_scraper/lib/python3.11/site-packages/airflow/example_dags/example_bash_operator.py for tasks to queue
[2023-08-20T21:12:30.935-0400] {logging_mixin.py:150} INFO - [2023-08-20T21:12:30.934-0400] {dagbag.py:541} INFO - Filling up the DagBag from /home/mnguyen0226/anaconda3/envs/learning_scraper/lib/python3.11/site-packages/airflow/example_dags/example_bash_operator.py
[2023-08-20T21:12:30.953-0400] {processor.py:836} INFO - DAG(s) dict_keys(['example_bash_operator']) retrieved from /home/mnguyen0226/anaconda3/envs/learning_scraper/lib/python3.11/site-packages/airflow/example_dags/example_bash_operator.py
[2023-08-20T21:12:30.978-0400] {logging_mixin.py:150} INFO - [2023-08-20T21:12:30.978-0400] {dag.py:2742} INFO - Sync 1 DAGs
[2023-08-20T21:12:31.008-0400] {logging_mixin.py:150} INFO - [2023-08-20T21:12:31.008-0400] {dag.py:3504} INFO - Setting next_dagrun for example_bash_operator to 2023-08-20T00:00:00+00:00, run_after=2023-08-21T00:00:00+00:00
[2023-08-20T21:12:31.078-0400] {processor.py:179} INFO - Processing /home/mnguyen0226/anaconda3/envs/learning_scraper/lib/python3.11/site-packages/airflow/example_dags/example_bash_operator.py took 0.167 seconds
[2023-08-20T21:13:10.014-0400] {processor.py:157} INFO - Started process (PID=85839) to work on /home/mnguyen0226/anaconda3/envs/learning_scraper/lib/python3.11/site-packages/airflow/example_dags/example_bash_operator.py
[2023-08-20T21:13:10.015-0400] {processor.py:826} INFO - Processing file /home/mnguyen0226/anaconda3/envs/learning_scraper/lib/python3.11/site-packages/airflow/example_dags/example_bash_operator.py for tasks to queue
[2023-08-20T21:13:10.016-0400] {logging_mixin.py:150} INFO - [2023-08-20T21:13:10.015-0400] {dagbag.py:541} INFO - Filling up the DagBag from /home/mnguyen0226/anaconda3/envs/learning_scraper/lib/python3.11/site-packages/airflow/example_dags/example_bash_operator.py
[2023-08-20T21:13:10.027-0400] {processor.py:836} INFO - DAG(s) dict_keys(['example_bash_operator']) retrieved from /home/mnguyen0226/anaconda3/envs/learning_scraper/lib/python3.11/site-packages/airflow/example_dags/example_bash_operator.py
[2023-08-20T21:13:10.053-0400] {logging_mixin.py:150} INFO - [2023-08-20T21:13:10.052-0400] {dag.py:2742} INFO - Sync 1 DAGs
[2023-08-20T21:13:10.077-0400] {logging_mixin.py:150} INFO - [2023-08-20T21:13:10.077-0400] {dag.py:3504} INFO - Setting next_dagrun for example_bash_operator to 2023-08-20T00:00:00+00:00, run_after=2023-08-21T00:00:00+00:00
[2023-08-20T21:13:10.131-0400] {processor.py:179} INFO - Processing /home/mnguyen0226/anaconda3/envs/learning_scraper/lib/python3.11/site-packages/airflow/example_dags/example_bash_operator.py took 0.119 seconds
[2023-08-20T21:13:49.445-0400] {processor.py:157} INFO - Started process (PID=85951) to work on /home/mnguyen0226/anaconda3/envs/learning_scraper/lib/python3.11/site-packages/airflow/example_dags/example_bash_operator.py
[2023-08-20T21:13:49.446-0400] {processor.py:826} INFO - Processing file /home/mnguyen0226/anaconda3/envs/learning_scraper/lib/python3.11/site-packages/airflow/example_dags/example_bash_operator.py for tasks to queue
[2023-08-20T21:13:49.447-0400] {logging_mixin.py:150} INFO - [2023-08-20T21:13:49.446-0400] {dagbag.py:541} INFO - Filling up the DagBag from /home/mnguyen0226/anaconda3/envs/learning_scraper/lib/python3.11/site-packages/airflow/example_dags/example_bash_operator.py
[2023-08-20T21:13:49.470-0400] {processor.py:836} INFO - DAG(s) dict_keys(['example_bash_operator']) retrieved from /home/mnguyen0226/anaconda3/envs/learning_scraper/lib/python3.11/site-packages/airflow/example_dags/example_bash_operator.py
[2023-08-20T21:13:49.503-0400] {logging_mixin.py:150} INFO - [2023-08-20T21:13:49.502-0400] {dag.py:2742} INFO - Sync 1 DAGs
[2023-08-20T21:13:49.525-0400] {logging_mixin.py:150} INFO - [2023-08-20T21:13:49.524-0400] {dag.py:3504} INFO - Setting next_dagrun for example_bash_operator to 2023-08-20T00:00:00+00:00, run_after=2023-08-21T00:00:00+00:00
[2023-08-20T21:13:49.557-0400] {processor.py:179} INFO - Processing /home/mnguyen0226/anaconda3/envs/learning_scraper/lib/python3.11/site-packages/airflow/example_dags/example_bash_operator.py took 0.116 seconds
[2023-08-20T21:14:30.169-0400] {processor.py:157} INFO - Started process (PID=86173) to work on /home/mnguyen0226/anaconda3/envs/learning_scraper/lib/python3.11/site-packages/airflow/example_dags/example_bash_operator.py
[2023-08-20T21:14:30.179-0400] {processor.py:826} INFO - Processing file /home/mnguyen0226/anaconda3/envs/learning_scraper/lib/python3.11/site-packages/airflow/example_dags/example_bash_operator.py for tasks to queue
[2023-08-20T21:14:30.181-0400] {logging_mixin.py:150} INFO - [2023-08-20T21:14:30.180-0400] {dagbag.py:541} INFO - Filling up the DagBag from /home/mnguyen0226/anaconda3/envs/learning_scraper/lib/python3.11/site-packages/airflow/example_dags/example_bash_operator.py
[2023-08-20T21:14:30.198-0400] {processor.py:836} INFO - DAG(s) dict_keys(['example_bash_operator']) retrieved from /home/mnguyen0226/anaconda3/envs/learning_scraper/lib/python3.11/site-packages/airflow/example_dags/example_bash_operator.py
[2023-08-20T21:14:30.230-0400] {logging_mixin.py:150} INFO - [2023-08-20T21:14:30.230-0400] {dag.py:2742} INFO - Sync 1 DAGs
[2023-08-20T21:14:30.249-0400] {logging_mixin.py:150} INFO - [2023-08-20T21:14:30.249-0400] {dag.py:3504} INFO - Setting next_dagrun for example_bash_operator to 2023-08-20T00:00:00+00:00, run_after=2023-08-21T00:00:00+00:00
[2023-08-20T21:14:30.280-0400] {processor.py:179} INFO - Processing /home/mnguyen0226/anaconda3/envs/learning_scraper/lib/python3.11/site-packages/airflow/example_dags/example_bash_operator.py took 0.113 seconds
[2023-08-20T21:15:24.802-0400] {processor.py:157} INFO - Started process (PID=86372) to work on /home/mnguyen0226/anaconda3/envs/learning_scraper/lib/python3.11/site-packages/airflow/example_dags/example_bash_operator.py
[2023-08-20T21:15:24.803-0400] {processor.py:826} INFO - Processing file /home/mnguyen0226/anaconda3/envs/learning_scraper/lib/python3.11/site-packages/airflow/example_dags/example_bash_operator.py for tasks to queue
[2023-08-20T21:15:24.804-0400] {logging_mixin.py:150} INFO - [2023-08-20T21:15:24.804-0400] {dagbag.py:541} INFO - Filling up the DagBag from /home/mnguyen0226/anaconda3/envs/learning_scraper/lib/python3.11/site-packages/airflow/example_dags/example_bash_operator.py
[2023-08-20T21:15:24.821-0400] {processor.py:836} INFO - DAG(s) dict_keys(['example_bash_operator']) retrieved from /home/mnguyen0226/anaconda3/envs/learning_scraper/lib/python3.11/site-packages/airflow/example_dags/example_bash_operator.py
[2023-08-20T21:15:24.847-0400] {logging_mixin.py:150} INFO - [2023-08-20T21:15:24.847-0400] {dag.py:2742} INFO - Sync 1 DAGs
[2023-08-20T21:15:24.864-0400] {logging_mixin.py:150} INFO - [2023-08-20T21:15:24.864-0400] {dag.py:3504} INFO - Setting next_dagrun for example_bash_operator to 2023-08-20T00:00:00+00:00, run_after=2023-08-21T00:00:00+00:00
[2023-08-20T21:15:24.886-0400] {processor.py:179} INFO - Processing /home/mnguyen0226/anaconda3/envs/learning_scraper/lib/python3.11/site-packages/airflow/example_dags/example_bash_operator.py took 0.088 seconds
[2023-08-20T21:16:16.071-0400] {processor.py:157} INFO - Started process (PID=86554) to work on /home/mnguyen0226/anaconda3/envs/learning_scraper/lib/python3.11/site-packages/airflow/example_dags/example_bash_operator.py
[2023-08-20T21:16:16.073-0400] {processor.py:826} INFO - Processing file /home/mnguyen0226/anaconda3/envs/learning_scraper/lib/python3.11/site-packages/airflow/example_dags/example_bash_operator.py for tasks to queue
[2023-08-20T21:16:16.074-0400] {logging_mixin.py:150} INFO - [2023-08-20T21:16:16.073-0400] {dagbag.py:541} INFO - Filling up the DagBag from /home/mnguyen0226/anaconda3/envs/learning_scraper/lib/python3.11/site-packages/airflow/example_dags/example_bash_operator.py
[2023-08-20T21:16:16.090-0400] {processor.py:836} INFO - DAG(s) dict_keys(['example_bash_operator']) retrieved from /home/mnguyen0226/anaconda3/envs/learning_scraper/lib/python3.11/site-packages/airflow/example_dags/example_bash_operator.py
[2023-08-20T21:16:16.119-0400] {logging_mixin.py:150} INFO - [2023-08-20T21:16:16.118-0400] {dag.py:2742} INFO - Sync 1 DAGs
[2023-08-20T21:16:16.139-0400] {logging_mixin.py:150} INFO - [2023-08-20T21:16:16.139-0400] {dag.py:3504} INFO - Setting next_dagrun for example_bash_operator to 2023-08-20T00:00:00+00:00, run_after=2023-08-21T00:00:00+00:00
[2023-08-20T21:16:16.161-0400] {processor.py:179} INFO - Processing /home/mnguyen0226/anaconda3/envs/learning_scraper/lib/python3.11/site-packages/airflow/example_dags/example_bash_operator.py took 0.093 seconds
[2023-08-20T21:17:11.862-0400] {processor.py:157} INFO - Started process (PID=86967) to work on /home/mnguyen0226/anaconda3/envs/learning_scraper/lib/python3.11/site-packages/airflow/example_dags/example_bash_operator.py
[2023-08-20T21:17:11.871-0400] {processor.py:826} INFO - Processing file /home/mnguyen0226/anaconda3/envs/learning_scraper/lib/python3.11/site-packages/airflow/example_dags/example_bash_operator.py for tasks to queue
[2023-08-20T21:17:11.872-0400] {logging_mixin.py:150} INFO - [2023-08-20T21:17:11.871-0400] {dagbag.py:541} INFO - Filling up the DagBag from /home/mnguyen0226/anaconda3/envs/learning_scraper/lib/python3.11/site-packages/airflow/example_dags/example_bash_operator.py
[2023-08-20T21:17:11.887-0400] {processor.py:836} INFO - DAG(s) dict_keys(['example_bash_operator']) retrieved from /home/mnguyen0226/anaconda3/envs/learning_scraper/lib/python3.11/site-packages/airflow/example_dags/example_bash_operator.py
[2023-08-20T21:17:11.908-0400] {logging_mixin.py:150} INFO - [2023-08-20T21:17:11.908-0400] {dag.py:2742} INFO - Sync 1 DAGs
[2023-08-20T21:17:11.927-0400] {logging_mixin.py:150} INFO - [2023-08-20T21:17:11.927-0400] {dag.py:3504} INFO - Setting next_dagrun for example_bash_operator to 2023-08-20T00:00:00+00:00, run_after=2023-08-21T00:00:00+00:00
[2023-08-20T21:17:11.951-0400] {processor.py:179} INFO - Processing /home/mnguyen0226/anaconda3/envs/learning_scraper/lib/python3.11/site-packages/airflow/example_dags/example_bash_operator.py took 0.093 seconds
[2023-08-20T21:18:03.999-0400] {processor.py:157} INFO - Started process (PID=87241) to work on /home/mnguyen0226/anaconda3/envs/learning_scraper/lib/python3.11/site-packages/airflow/example_dags/example_bash_operator.py
[2023-08-20T21:18:04.000-0400] {processor.py:826} INFO - Processing file /home/mnguyen0226/anaconda3/envs/learning_scraper/lib/python3.11/site-packages/airflow/example_dags/example_bash_operator.py for tasks to queue
[2023-08-20T21:18:04.002-0400] {logging_mixin.py:150} INFO - [2023-08-20T21:18:04.001-0400] {dagbag.py:541} INFO - Filling up the DagBag from /home/mnguyen0226/anaconda3/envs/learning_scraper/lib/python3.11/site-packages/airflow/example_dags/example_bash_operator.py
[2023-08-20T21:18:04.018-0400] {processor.py:836} INFO - DAG(s) dict_keys(['example_bash_operator']) retrieved from /home/mnguyen0226/anaconda3/envs/learning_scraper/lib/python3.11/site-packages/airflow/example_dags/example_bash_operator.py
[2023-08-20T21:18:04.051-0400] {logging_mixin.py:150} INFO - [2023-08-20T21:18:04.051-0400] {dag.py:2742} INFO - Sync 1 DAGs
[2023-08-20T21:18:04.067-0400] {logging_mixin.py:150} INFO - [2023-08-20T21:18:04.067-0400] {dag.py:3504} INFO - Setting next_dagrun for example_bash_operator to 2023-08-20T00:00:00+00:00, run_after=2023-08-21T00:00:00+00:00
[2023-08-20T21:18:04.088-0400] {processor.py:179} INFO - Processing /home/mnguyen0226/anaconda3/envs/learning_scraper/lib/python3.11/site-packages/airflow/example_dags/example_bash_operator.py took 0.093 seconds
[2023-08-20T21:19:02.218-0400] {processor.py:157} INFO - Started process (PID=87491) to work on /home/mnguyen0226/anaconda3/envs/learning_scraper/lib/python3.11/site-packages/airflow/example_dags/example_bash_operator.py
[2023-08-20T21:19:02.228-0400] {processor.py:826} INFO - Processing file /home/mnguyen0226/anaconda3/envs/learning_scraper/lib/python3.11/site-packages/airflow/example_dags/example_bash_operator.py for tasks to queue
[2023-08-20T21:19:02.229-0400] {logging_mixin.py:150} INFO - [2023-08-20T21:19:02.228-0400] {dagbag.py:541} INFO - Filling up the DagBag from /home/mnguyen0226/anaconda3/envs/learning_scraper/lib/python3.11/site-packages/airflow/example_dags/example_bash_operator.py
[2023-08-20T21:19:02.238-0400] {processor.py:836} INFO - DAG(s) dict_keys(['example_bash_operator']) retrieved from /home/mnguyen0226/anaconda3/envs/learning_scraper/lib/python3.11/site-packages/airflow/example_dags/example_bash_operator.py
[2023-08-20T21:19:02.262-0400] {logging_mixin.py:150} INFO - [2023-08-20T21:19:02.262-0400] {dag.py:2742} INFO - Sync 1 DAGs
[2023-08-20T21:19:02.282-0400] {logging_mixin.py:150} INFO - [2023-08-20T21:19:02.281-0400] {dag.py:3504} INFO - Setting next_dagrun for example_bash_operator to 2023-08-20T00:00:00+00:00, run_after=2023-08-21T00:00:00+00:00
[2023-08-20T21:19:02.307-0400] {processor.py:179} INFO - Processing /home/mnguyen0226/anaconda3/envs/learning_scraper/lib/python3.11/site-packages/airflow/example_dags/example_bash_operator.py took 0.091 seconds
[2023-08-20T21:19:54.045-0400] {processor.py:157} INFO - Started process (PID=87913) to work on /home/mnguyen0226/anaconda3/envs/learning_scraper/lib/python3.11/site-packages/airflow/example_dags/example_bash_operator.py
[2023-08-20T21:19:54.046-0400] {processor.py:826} INFO - Processing file /home/mnguyen0226/anaconda3/envs/learning_scraper/lib/python3.11/site-packages/airflow/example_dags/example_bash_operator.py for tasks to queue
[2023-08-20T21:19:54.048-0400] {logging_mixin.py:150} INFO - [2023-08-20T21:19:54.047-0400] {dagbag.py:541} INFO - Filling up the DagBag from /home/mnguyen0226/anaconda3/envs/learning_scraper/lib/python3.11/site-packages/airflow/example_dags/example_bash_operator.py
[2023-08-20T21:19:54.065-0400] {processor.py:836} INFO - DAG(s) dict_keys(['example_bash_operator']) retrieved from /home/mnguyen0226/anaconda3/envs/learning_scraper/lib/python3.11/site-packages/airflow/example_dags/example_bash_operator.py
[2023-08-20T21:19:54.099-0400] {logging_mixin.py:150} INFO - [2023-08-20T21:19:54.099-0400] {dag.py:2742} INFO - Sync 1 DAGs
[2023-08-20T21:19:54.117-0400] {logging_mixin.py:150} INFO - [2023-08-20T21:19:54.117-0400] {dag.py:3504} INFO - Setting next_dagrun for example_bash_operator to 2023-08-20T00:00:00+00:00, run_after=2023-08-21T00:00:00+00:00
[2023-08-20T21:19:54.139-0400] {processor.py:179} INFO - Processing /home/mnguyen0226/anaconda3/envs/learning_scraper/lib/python3.11/site-packages/airflow/example_dags/example_bash_operator.py took 0.098 seconds
[2023-08-20T21:20:47.359-0400] {processor.py:157} INFO - Started process (PID=88256) to work on /home/mnguyen0226/anaconda3/envs/learning_scraper/lib/python3.11/site-packages/airflow/example_dags/example_bash_operator.py
[2023-08-20T21:20:47.360-0400] {processor.py:826} INFO - Processing file /home/mnguyen0226/anaconda3/envs/learning_scraper/lib/python3.11/site-packages/airflow/example_dags/example_bash_operator.py for tasks to queue
[2023-08-20T21:20:47.362-0400] {logging_mixin.py:150} INFO - [2023-08-20T21:20:47.361-0400] {dagbag.py:541} INFO - Filling up the DagBag from /home/mnguyen0226/anaconda3/envs/learning_scraper/lib/python3.11/site-packages/airflow/example_dags/example_bash_operator.py
[2023-08-20T21:20:47.382-0400] {processor.py:836} INFO - DAG(s) dict_keys(['example_bash_operator']) retrieved from /home/mnguyen0226/anaconda3/envs/learning_scraper/lib/python3.11/site-packages/airflow/example_dags/example_bash_operator.py
[2023-08-20T21:20:47.414-0400] {logging_mixin.py:150} INFO - [2023-08-20T21:20:47.414-0400] {dag.py:2742} INFO - Sync 1 DAGs
[2023-08-20T21:20:47.432-0400] {logging_mixin.py:150} INFO - [2023-08-20T21:20:47.432-0400] {dag.py:3504} INFO - Setting next_dagrun for example_bash_operator to 2023-08-20T00:00:00+00:00, run_after=2023-08-21T00:00:00+00:00
[2023-08-20T21:20:47.454-0400] {processor.py:179} INFO - Processing /home/mnguyen0226/anaconda3/envs/learning_scraper/lib/python3.11/site-packages/airflow/example_dags/example_bash_operator.py took 0.099 seconds
