[2023-08-20T21:00:43.781-0400] {processor.py:157} INFO - Started process (PID=80566) to work on /home/mnguyen0226/anaconda3/envs/learning_scraper/lib/python3.11/site-packages/airflow/example_dags/example_external_task_marker_dag.py
[2023-08-20T21:00:43.781-0400] {processor.py:826} INFO - Processing file /home/mnguyen0226/anaconda3/envs/learning_scraper/lib/python3.11/site-packages/airflow/example_dags/example_external_task_marker_dag.py for tasks to queue
[2023-08-20T21:00:43.782-0400] {logging_mixin.py:150} INFO - [2023-08-20T21:00:43.781-0400] {dagbag.py:541} INFO - Filling up the DagBag from /home/mnguyen0226/anaconda3/envs/learning_scraper/lib/python3.11/site-packages/airflow/example_dags/example_external_task_marker_dag.py
[2023-08-20T21:00:43.788-0400] {processor.py:836} INFO - DAG(s) dict_keys(['example_external_task_marker_parent', 'example_external_task_marker_child']) retrieved from /home/mnguyen0226/anaconda3/envs/learning_scraper/lib/python3.11/site-packages/airflow/example_dags/example_external_task_marker_dag.py
[2023-08-20T21:00:43.806-0400] {logging_mixin.py:150} INFO - [2023-08-20T21:00:43.806-0400] {dag.py:2742} INFO - Sync 2 DAGs
[2023-08-20T21:00:43.824-0400] {logging_mixin.py:150} INFO - [2023-08-20T21:00:43.824-0400] {dag.py:3504} INFO - Setting next_dagrun for example_external_task_marker_child to None, run_after=None
[2023-08-20T21:00:43.827-0400] {logging_mixin.py:150} INFO - [2023-08-20T21:00:43.827-0400] {dag.py:3504} INFO - Setting next_dagrun for example_external_task_marker_parent to None, run_after=None
[2023-08-20T21:00:43.857-0400] {processor.py:179} INFO - Processing /home/mnguyen0226/anaconda3/envs/learning_scraper/lib/python3.11/site-packages/airflow/example_dags/example_external_task_marker_dag.py took 0.079 seconds
[2023-08-20T21:01:30.029-0400] {processor.py:157} INFO - Started process (PID=80953) to work on /home/mnguyen0226/anaconda3/envs/learning_scraper/lib/python3.11/site-packages/airflow/example_dags/example_external_task_marker_dag.py
[2023-08-20T21:01:30.029-0400] {processor.py:826} INFO - Processing file /home/mnguyen0226/anaconda3/envs/learning_scraper/lib/python3.11/site-packages/airflow/example_dags/example_external_task_marker_dag.py for tasks to queue
[2023-08-20T21:01:30.030-0400] {logging_mixin.py:150} INFO - [2023-08-20T21:01:30.030-0400] {dagbag.py:541} INFO - Filling up the DagBag from /home/mnguyen0226/anaconda3/envs/learning_scraper/lib/python3.11/site-packages/airflow/example_dags/example_external_task_marker_dag.py
[2023-08-20T21:01:30.035-0400] {processor.py:836} INFO - DAG(s) dict_keys(['example_external_task_marker_parent', 'example_external_task_marker_child']) retrieved from /home/mnguyen0226/anaconda3/envs/learning_scraper/lib/python3.11/site-packages/airflow/example_dags/example_external_task_marker_dag.py
[2023-08-20T21:01:30.060-0400] {logging_mixin.py:150} INFO - [2023-08-20T21:01:30.059-0400] {dag.py:2742} INFO - Sync 2 DAGs
[2023-08-20T21:01:30.086-0400] {logging_mixin.py:150} INFO - [2023-08-20T21:01:30.085-0400] {dag.py:3504} INFO - Setting next_dagrun for example_external_task_marker_child to None, run_after=None
[2023-08-20T21:01:30.090-0400] {logging_mixin.py:150} INFO - [2023-08-20T21:01:30.089-0400] {dag.py:3504} INFO - Setting next_dagrun for example_external_task_marker_parent to None, run_after=None
[2023-08-20T21:01:30.117-0400] {processor.py:179} INFO - Processing /home/mnguyen0226/anaconda3/envs/learning_scraper/lib/python3.11/site-packages/airflow/example_dags/example_external_task_marker_dag.py took 0.091 seconds
[2023-08-20T21:03:41.742-0400] {processor.py:157} INFO - Started process (PID=82146) to work on /home/mnguyen0226/anaconda3/envs/learning_scraper/lib/python3.11/site-packages/airflow/example_dags/example_external_task_marker_dag.py
[2023-08-20T21:03:41.743-0400] {processor.py:826} INFO - Processing file /home/mnguyen0226/anaconda3/envs/learning_scraper/lib/python3.11/site-packages/airflow/example_dags/example_external_task_marker_dag.py for tasks to queue
[2023-08-20T21:03:41.744-0400] {logging_mixin.py:150} INFO - [2023-08-20T21:03:41.743-0400] {dagbag.py:541} INFO - Filling up the DagBag from /home/mnguyen0226/anaconda3/envs/learning_scraper/lib/python3.11/site-packages/airflow/example_dags/example_external_task_marker_dag.py
[2023-08-20T21:03:41.753-0400] {processor.py:836} INFO - DAG(s) dict_keys(['example_external_task_marker_parent', 'example_external_task_marker_child']) retrieved from /home/mnguyen0226/anaconda3/envs/learning_scraper/lib/python3.11/site-packages/airflow/example_dags/example_external_task_marker_dag.py
[2023-08-20T21:03:41.778-0400] {logging_mixin.py:150} INFO - [2023-08-20T21:03:41.777-0400] {dag.py:2742} INFO - Sync 2 DAGs
[2023-08-20T21:03:41.803-0400] {logging_mixin.py:150} INFO - [2023-08-20T21:03:41.803-0400] {dag.py:3504} INFO - Setting next_dagrun for example_external_task_marker_child to None, run_after=None
[2023-08-20T21:03:41.807-0400] {logging_mixin.py:150} INFO - [2023-08-20T21:03:41.807-0400] {dag.py:3504} INFO - Setting next_dagrun for example_external_task_marker_parent to None, run_after=None
[2023-08-20T21:03:41.839-0400] {processor.py:179} INFO - Processing /home/mnguyen0226/anaconda3/envs/learning_scraper/lib/python3.11/site-packages/airflow/example_dags/example_external_task_marker_dag.py took 0.100 seconds
[2023-08-20T21:04:29.784-0400] {processor.py:157} INFO - Started process (PID=83060) to work on /home/mnguyen0226/anaconda3/envs/learning_scraper/lib/python3.11/site-packages/airflow/example_dags/example_external_task_marker_dag.py
[2023-08-20T21:04:29.785-0400] {processor.py:826} INFO - Processing file /home/mnguyen0226/anaconda3/envs/learning_scraper/lib/python3.11/site-packages/airflow/example_dags/example_external_task_marker_dag.py for tasks to queue
[2023-08-20T21:04:29.786-0400] {logging_mixin.py:150} INFO - [2023-08-20T21:04:29.786-0400] {dagbag.py:541} INFO - Filling up the DagBag from /home/mnguyen0226/anaconda3/envs/learning_scraper/lib/python3.11/site-packages/airflow/example_dags/example_external_task_marker_dag.py
[2023-08-20T21:04:29.796-0400] {processor.py:836} INFO - DAG(s) dict_keys(['example_external_task_marker_parent', 'example_external_task_marker_child']) retrieved from /home/mnguyen0226/anaconda3/envs/learning_scraper/lib/python3.11/site-packages/airflow/example_dags/example_external_task_marker_dag.py
[2023-08-20T21:04:29.821-0400] {logging_mixin.py:150} INFO - [2023-08-20T21:04:29.821-0400] {dag.py:2742} INFO - Sync 2 DAGs
[2023-08-20T21:04:29.837-0400] {logging_mixin.py:150} INFO - [2023-08-20T21:04:29.836-0400] {dag.py:3504} INFO - Setting next_dagrun for example_external_task_marker_child to None, run_after=None
[2023-08-20T21:04:29.839-0400] {logging_mixin.py:150} INFO - [2023-08-20T21:04:29.839-0400] {dag.py:3504} INFO - Setting next_dagrun for example_external_task_marker_parent to None, run_after=None
[2023-08-20T21:04:29.861-0400] {processor.py:179} INFO - Processing /home/mnguyen0226/anaconda3/envs/learning_scraper/lib/python3.11/site-packages/airflow/example_dags/example_external_task_marker_dag.py took 0.082 seconds
[2023-08-20T21:05:20.744-0400] {processor.py:157} INFO - Started process (PID=83323) to work on /home/mnguyen0226/anaconda3/envs/learning_scraper/lib/python3.11/site-packages/airflow/example_dags/example_external_task_marker_dag.py
[2023-08-20T21:05:20.746-0400] {processor.py:826} INFO - Processing file /home/mnguyen0226/anaconda3/envs/learning_scraper/lib/python3.11/site-packages/airflow/example_dags/example_external_task_marker_dag.py for tasks to queue
[2023-08-20T21:05:20.747-0400] {logging_mixin.py:150} INFO - [2023-08-20T21:05:20.746-0400] {dagbag.py:541} INFO - Filling up the DagBag from /home/mnguyen0226/anaconda3/envs/learning_scraper/lib/python3.11/site-packages/airflow/example_dags/example_external_task_marker_dag.py
[2023-08-20T21:05:20.752-0400] {processor.py:836} INFO - DAG(s) dict_keys(['example_external_task_marker_parent', 'example_external_task_marker_child']) retrieved from /home/mnguyen0226/anaconda3/envs/learning_scraper/lib/python3.11/site-packages/airflow/example_dags/example_external_task_marker_dag.py
[2023-08-20T21:05:20.777-0400] {logging_mixin.py:150} INFO - [2023-08-20T21:05:20.777-0400] {dag.py:2742} INFO - Sync 2 DAGs
[2023-08-20T21:05:20.797-0400] {logging_mixin.py:150} INFO - [2023-08-20T21:05:20.797-0400] {dag.py:3504} INFO - Setting next_dagrun for example_external_task_marker_child to None, run_after=None
[2023-08-20T21:05:20.800-0400] {logging_mixin.py:150} INFO - [2023-08-20T21:05:20.800-0400] {dag.py:3504} INFO - Setting next_dagrun for example_external_task_marker_parent to None, run_after=None
[2023-08-20T21:05:20.825-0400] {processor.py:179} INFO - Processing /home/mnguyen0226/anaconda3/envs/learning_scraper/lib/python3.11/site-packages/airflow/example_dags/example_external_task_marker_dag.py took 0.084 seconds
[2023-08-20T21:06:20.369-0400] {processor.py:157} INFO - Started process (PID=83580) to work on /home/mnguyen0226/anaconda3/envs/learning_scraper/lib/python3.11/site-packages/airflow/example_dags/example_external_task_marker_dag.py
[2023-08-20T21:06:20.379-0400] {processor.py:826} INFO - Processing file /home/mnguyen0226/anaconda3/envs/learning_scraper/lib/python3.11/site-packages/airflow/example_dags/example_external_task_marker_dag.py for tasks to queue
[2023-08-20T21:06:20.380-0400] {logging_mixin.py:150} INFO - [2023-08-20T21:06:20.379-0400] {dagbag.py:541} INFO - Filling up the DagBag from /home/mnguyen0226/anaconda3/envs/learning_scraper/lib/python3.11/site-packages/airflow/example_dags/example_external_task_marker_dag.py
[2023-08-20T21:06:20.384-0400] {processor.py:836} INFO - DAG(s) dict_keys(['example_external_task_marker_child', 'example_external_task_marker_parent']) retrieved from /home/mnguyen0226/anaconda3/envs/learning_scraper/lib/python3.11/site-packages/airflow/example_dags/example_external_task_marker_dag.py
[2023-08-20T21:06:20.404-0400] {logging_mixin.py:150} INFO - [2023-08-20T21:06:20.404-0400] {dag.py:2742} INFO - Sync 2 DAGs
[2023-08-20T21:06:20.423-0400] {logging_mixin.py:150} INFO - [2023-08-20T21:06:20.423-0400] {dag.py:3504} INFO - Setting next_dagrun for example_external_task_marker_child to None, run_after=None
[2023-08-20T21:06:20.426-0400] {logging_mixin.py:150} INFO - [2023-08-20T21:06:20.426-0400] {dag.py:3504} INFO - Setting next_dagrun for example_external_task_marker_parent to None, run_after=None
[2023-08-20T21:06:20.449-0400] {processor.py:179} INFO - Processing /home/mnguyen0226/anaconda3/envs/learning_scraper/lib/python3.11/site-packages/airflow/example_dags/example_external_task_marker_dag.py took 0.082 seconds
[2023-08-20T21:07:23.741-0400] {processor.py:157} INFO - Started process (PID=83896) to work on /home/mnguyen0226/anaconda3/envs/learning_scraper/lib/python3.11/site-packages/airflow/example_dags/example_external_task_marker_dag.py
[2023-08-20T21:07:23.751-0400] {processor.py:826} INFO - Processing file /home/mnguyen0226/anaconda3/envs/learning_scraper/lib/python3.11/site-packages/airflow/example_dags/example_external_task_marker_dag.py for tasks to queue
[2023-08-20T21:07:23.752-0400] {logging_mixin.py:150} INFO - [2023-08-20T21:07:23.751-0400] {dagbag.py:541} INFO - Filling up the DagBag from /home/mnguyen0226/anaconda3/envs/learning_scraper/lib/python3.11/site-packages/airflow/example_dags/example_external_task_marker_dag.py
[2023-08-20T21:07:23.762-0400] {processor.py:836} INFO - DAG(s) dict_keys(['example_external_task_marker_parent', 'example_external_task_marker_child']) retrieved from /home/mnguyen0226/anaconda3/envs/learning_scraper/lib/python3.11/site-packages/airflow/example_dags/example_external_task_marker_dag.py
[2023-08-20T21:07:23.885-0400] {logging_mixin.py:150} INFO - [2023-08-20T21:07:23.885-0400] {dag.py:2742} INFO - Sync 2 DAGs
[2023-08-20T21:07:23.898-0400] {logging_mixin.py:150} INFO - [2023-08-20T21:07:23.898-0400] {dag.py:3504} INFO - Setting next_dagrun for example_external_task_marker_child to None, run_after=None
[2023-08-20T21:07:23.900-0400] {logging_mixin.py:150} INFO - [2023-08-20T21:07:23.900-0400] {dag.py:3504} INFO - Setting next_dagrun for example_external_task_marker_parent to None, run_after=None
[2023-08-20T21:07:23.920-0400] {processor.py:179} INFO - Processing /home/mnguyen0226/anaconda3/envs/learning_scraper/lib/python3.11/site-packages/airflow/example_dags/example_external_task_marker_dag.py took 0.183 seconds
[2023-08-20T21:08:21.454-0400] {processor.py:157} INFO - Started process (PID=84137) to work on /home/mnguyen0226/anaconda3/envs/learning_scraper/lib/python3.11/site-packages/airflow/example_dags/example_external_task_marker_dag.py
[2023-08-20T21:08:21.464-0400] {processor.py:826} INFO - Processing file /home/mnguyen0226/anaconda3/envs/learning_scraper/lib/python3.11/site-packages/airflow/example_dags/example_external_task_marker_dag.py for tasks to queue
[2023-08-20T21:08:21.465-0400] {logging_mixin.py:150} INFO - [2023-08-20T21:08:21.464-0400] {dagbag.py:541} INFO - Filling up the DagBag from /home/mnguyen0226/anaconda3/envs/learning_scraper/lib/python3.11/site-packages/airflow/example_dags/example_external_task_marker_dag.py
[2023-08-20T21:08:21.482-0400] {processor.py:836} INFO - DAG(s) dict_keys(['example_external_task_marker_child', 'example_external_task_marker_parent']) retrieved from /home/mnguyen0226/anaconda3/envs/learning_scraper/lib/python3.11/site-packages/airflow/example_dags/example_external_task_marker_dag.py
[2023-08-20T21:08:21.513-0400] {logging_mixin.py:150} INFO - [2023-08-20T21:08:21.512-0400] {dag.py:2742} INFO - Sync 2 DAGs
[2023-08-20T21:08:21.542-0400] {logging_mixin.py:150} INFO - [2023-08-20T21:08:21.542-0400] {dag.py:3504} INFO - Setting next_dagrun for example_external_task_marker_child to None, run_after=None
[2023-08-20T21:08:21.548-0400] {logging_mixin.py:150} INFO - [2023-08-20T21:08:21.548-0400] {dag.py:3504} INFO - Setting next_dagrun for example_external_task_marker_parent to None, run_after=None
[2023-08-20T21:08:21.578-0400] {processor.py:179} INFO - Processing /home/mnguyen0226/anaconda3/envs/learning_scraper/lib/python3.11/site-packages/airflow/example_dags/example_external_task_marker_dag.py took 0.127 seconds
[2023-08-20T21:09:15.937-0400] {processor.py:157} INFO - Started process (PID=84357) to work on /home/mnguyen0226/anaconda3/envs/learning_scraper/lib/python3.11/site-packages/airflow/example_dags/example_external_task_marker_dag.py
[2023-08-20T21:09:15.937-0400] {processor.py:826} INFO - Processing file /home/mnguyen0226/anaconda3/envs/learning_scraper/lib/python3.11/site-packages/airflow/example_dags/example_external_task_marker_dag.py for tasks to queue
[2023-08-20T21:09:15.938-0400] {logging_mixin.py:150} INFO - [2023-08-20T21:09:15.938-0400] {dagbag.py:541} INFO - Filling up the DagBag from /home/mnguyen0226/anaconda3/envs/learning_scraper/lib/python3.11/site-packages/airflow/example_dags/example_external_task_marker_dag.py
[2023-08-20T21:09:15.945-0400] {processor.py:836} INFO - DAG(s) dict_keys(['example_external_task_marker_child', 'example_external_task_marker_parent']) retrieved from /home/mnguyen0226/anaconda3/envs/learning_scraper/lib/python3.11/site-packages/airflow/example_dags/example_external_task_marker_dag.py
[2023-08-20T21:09:15.975-0400] {logging_mixin.py:150} INFO - [2023-08-20T21:09:15.975-0400] {dag.py:2742} INFO - Sync 2 DAGs
[2023-08-20T21:09:15.995-0400] {logging_mixin.py:150} INFO - [2023-08-20T21:09:15.994-0400] {dag.py:3504} INFO - Setting next_dagrun for example_external_task_marker_child to None, run_after=None
[2023-08-20T21:09:15.997-0400] {logging_mixin.py:150} INFO - [2023-08-20T21:09:15.997-0400] {dag.py:3504} INFO - Setting next_dagrun for example_external_task_marker_parent to None, run_after=None
[2023-08-20T21:09:16.022-0400] {processor.py:179} INFO - Processing /home/mnguyen0226/anaconda3/envs/learning_scraper/lib/python3.11/site-packages/airflow/example_dags/example_external_task_marker_dag.py took 0.088 seconds
[2023-08-20T21:10:10.904-0400] {processor.py:157} INFO - Started process (PID=84677) to work on /home/mnguyen0226/anaconda3/envs/learning_scraper/lib/python3.11/site-packages/airflow/example_dags/example_external_task_marker_dag.py
[2023-08-20T21:10:10.905-0400] {processor.py:826} INFO - Processing file /home/mnguyen0226/anaconda3/envs/learning_scraper/lib/python3.11/site-packages/airflow/example_dags/example_external_task_marker_dag.py for tasks to queue
[2023-08-20T21:10:10.906-0400] {logging_mixin.py:150} INFO - [2023-08-20T21:10:10.905-0400] {dagbag.py:541} INFO - Filling up the DagBag from /home/mnguyen0226/anaconda3/envs/learning_scraper/lib/python3.11/site-packages/airflow/example_dags/example_external_task_marker_dag.py
[2023-08-20T21:10:10.912-0400] {processor.py:836} INFO - DAG(s) dict_keys(['example_external_task_marker_parent', 'example_external_task_marker_child']) retrieved from /home/mnguyen0226/anaconda3/envs/learning_scraper/lib/python3.11/site-packages/airflow/example_dags/example_external_task_marker_dag.py
[2023-08-20T21:10:10.931-0400] {logging_mixin.py:150} INFO - [2023-08-20T21:10:10.931-0400] {dag.py:2742} INFO - Sync 2 DAGs
[2023-08-20T21:10:10.947-0400] {logging_mixin.py:150} INFO - [2023-08-20T21:10:10.947-0400] {dag.py:3504} INFO - Setting next_dagrun for example_external_task_marker_child to None, run_after=None
[2023-08-20T21:10:10.951-0400] {logging_mixin.py:150} INFO - [2023-08-20T21:10:10.951-0400] {dag.py:3504} INFO - Setting next_dagrun for example_external_task_marker_parent to None, run_after=None
[2023-08-20T21:10:10.977-0400] {processor.py:179} INFO - Processing /home/mnguyen0226/anaconda3/envs/learning_scraper/lib/python3.11/site-packages/airflow/example_dags/example_external_task_marker_dag.py took 0.075 seconds
[2023-08-20T21:11:09.386-0400] {processor.py:157} INFO - Started process (PID=84911) to work on /home/mnguyen0226/anaconda3/envs/learning_scraper/lib/python3.11/site-packages/airflow/example_dags/example_external_task_marker_dag.py
[2023-08-20T21:11:09.387-0400] {processor.py:826} INFO - Processing file /home/mnguyen0226/anaconda3/envs/learning_scraper/lib/python3.11/site-packages/airflow/example_dags/example_external_task_marker_dag.py for tasks to queue
[2023-08-20T21:11:09.388-0400] {logging_mixin.py:150} INFO - [2023-08-20T21:11:09.387-0400] {dagbag.py:541} INFO - Filling up the DagBag from /home/mnguyen0226/anaconda3/envs/learning_scraper/lib/python3.11/site-packages/airflow/example_dags/example_external_task_marker_dag.py
[2023-08-20T21:11:09.393-0400] {processor.py:836} INFO - DAG(s) dict_keys(['example_external_task_marker_parent', 'example_external_task_marker_child']) retrieved from /home/mnguyen0226/anaconda3/envs/learning_scraper/lib/python3.11/site-packages/airflow/example_dags/example_external_task_marker_dag.py
[2023-08-20T21:11:09.433-0400] {logging_mixin.py:150} INFO - [2023-08-20T21:11:09.433-0400] {dag.py:2742} INFO - Sync 2 DAGs
[2023-08-20T21:11:09.464-0400] {logging_mixin.py:150} INFO - [2023-08-20T21:11:09.463-0400] {dag.py:3504} INFO - Setting next_dagrun for example_external_task_marker_child to None, run_after=None
[2023-08-20T21:11:09.467-0400] {logging_mixin.py:150} INFO - [2023-08-20T21:11:09.467-0400] {dag.py:3504} INFO - Setting next_dagrun for example_external_task_marker_parent to None, run_after=None
[2023-08-20T21:11:09.496-0400] {processor.py:179} INFO - Processing /home/mnguyen0226/anaconda3/envs/learning_scraper/lib/python3.11/site-packages/airflow/example_dags/example_external_task_marker_dag.py took 0.112 seconds
[2023-08-20T21:11:59.542-0400] {processor.py:157} INFO - Started process (PID=85131) to work on /home/mnguyen0226/anaconda3/envs/learning_scraper/lib/python3.11/site-packages/airflow/example_dags/example_external_task_marker_dag.py
[2023-08-20T21:11:59.542-0400] {processor.py:826} INFO - Processing file /home/mnguyen0226/anaconda3/envs/learning_scraper/lib/python3.11/site-packages/airflow/example_dags/example_external_task_marker_dag.py for tasks to queue
[2023-08-20T21:11:59.543-0400] {logging_mixin.py:150} INFO - [2023-08-20T21:11:59.543-0400] {dagbag.py:541} INFO - Filling up the DagBag from /home/mnguyen0226/anaconda3/envs/learning_scraper/lib/python3.11/site-packages/airflow/example_dags/example_external_task_marker_dag.py
[2023-08-20T21:11:59.548-0400] {processor.py:836} INFO - DAG(s) dict_keys(['example_external_task_marker_child', 'example_external_task_marker_parent']) retrieved from /home/mnguyen0226/anaconda3/envs/learning_scraper/lib/python3.11/site-packages/airflow/example_dags/example_external_task_marker_dag.py
[2023-08-20T21:11:59.568-0400] {logging_mixin.py:150} INFO - [2023-08-20T21:11:59.568-0400] {dag.py:2742} INFO - Sync 2 DAGs
[2023-08-20T21:11:59.594-0400] {logging_mixin.py:150} INFO - [2023-08-20T21:11:59.594-0400] {dag.py:3504} INFO - Setting next_dagrun for example_external_task_marker_child to None, run_after=None
[2023-08-20T21:11:59.598-0400] {logging_mixin.py:150} INFO - [2023-08-20T21:11:59.598-0400] {dag.py:3504} INFO - Setting next_dagrun for example_external_task_marker_parent to None, run_after=None
[2023-08-20T21:11:59.623-0400] {processor.py:179} INFO - Processing /home/mnguyen0226/anaconda3/envs/learning_scraper/lib/python3.11/site-packages/airflow/example_dags/example_external_task_marker_dag.py took 0.083 seconds
[2023-08-20T21:12:56.699-0400] {processor.py:157} INFO - Started process (PID=85723) to work on /home/mnguyen0226/anaconda3/envs/learning_scraper/lib/python3.11/site-packages/airflow/example_dags/example_external_task_marker_dag.py
[2023-08-20T21:12:56.709-0400] {processor.py:826} INFO - Processing file /home/mnguyen0226/anaconda3/envs/learning_scraper/lib/python3.11/site-packages/airflow/example_dags/example_external_task_marker_dag.py for tasks to queue
[2023-08-20T21:12:56.710-0400] {logging_mixin.py:150} INFO - [2023-08-20T21:12:56.710-0400] {dagbag.py:541} INFO - Filling up the DagBag from /home/mnguyen0226/anaconda3/envs/learning_scraper/lib/python3.11/site-packages/airflow/example_dags/example_external_task_marker_dag.py
[2023-08-20T21:12:56.719-0400] {processor.py:836} INFO - DAG(s) dict_keys(['example_external_task_marker_parent', 'example_external_task_marker_child']) retrieved from /home/mnguyen0226/anaconda3/envs/learning_scraper/lib/python3.11/site-packages/airflow/example_dags/example_external_task_marker_dag.py
[2023-08-20T21:12:56.751-0400] {logging_mixin.py:150} INFO - [2023-08-20T21:12:56.751-0400] {dag.py:2742} INFO - Sync 2 DAGs
[2023-08-20T21:12:56.777-0400] {logging_mixin.py:150} INFO - [2023-08-20T21:12:56.777-0400] {dag.py:3504} INFO - Setting next_dagrun for example_external_task_marker_child to None, run_after=None
[2023-08-20T21:12:56.782-0400] {logging_mixin.py:150} INFO - [2023-08-20T21:12:56.782-0400] {dag.py:3504} INFO - Setting next_dagrun for example_external_task_marker_parent to None, run_after=None
[2023-08-20T21:12:56.804-0400] {processor.py:179} INFO - Processing /home/mnguyen0226/anaconda3/envs/learning_scraper/lib/python3.11/site-packages/airflow/example_dags/example_external_task_marker_dag.py took 0.109 seconds
[2023-08-20T21:13:53.798-0400] {processor.py:157} INFO - Started process (PID=85980) to work on /home/mnguyen0226/anaconda3/envs/learning_scraper/lib/python3.11/site-packages/airflow/example_dags/example_external_task_marker_dag.py
[2023-08-20T21:13:53.799-0400] {processor.py:826} INFO - Processing file /home/mnguyen0226/anaconda3/envs/learning_scraper/lib/python3.11/site-packages/airflow/example_dags/example_external_task_marker_dag.py for tasks to queue
[2023-08-20T21:13:53.800-0400] {logging_mixin.py:150} INFO - [2023-08-20T21:13:53.799-0400] {dagbag.py:541} INFO - Filling up the DagBag from /home/mnguyen0226/anaconda3/envs/learning_scraper/lib/python3.11/site-packages/airflow/example_dags/example_external_task_marker_dag.py
[2023-08-20T21:13:53.806-0400] {processor.py:836} INFO - DAG(s) dict_keys(['example_external_task_marker_child', 'example_external_task_marker_parent']) retrieved from /home/mnguyen0226/anaconda3/envs/learning_scraper/lib/python3.11/site-packages/airflow/example_dags/example_external_task_marker_dag.py
[2023-08-20T21:13:53.825-0400] {logging_mixin.py:150} INFO - [2023-08-20T21:13:53.824-0400] {dag.py:2742} INFO - Sync 2 DAGs
[2023-08-20T21:13:53.842-0400] {logging_mixin.py:150} INFO - [2023-08-20T21:13:53.842-0400] {dag.py:3504} INFO - Setting next_dagrun for example_external_task_marker_child to None, run_after=None
[2023-08-20T21:13:53.845-0400] {logging_mixin.py:150} INFO - [2023-08-20T21:13:53.845-0400] {dag.py:3504} INFO - Setting next_dagrun for example_external_task_marker_parent to None, run_after=None
[2023-08-20T21:13:53.875-0400] {processor.py:179} INFO - Processing /home/mnguyen0226/anaconda3/envs/learning_scraper/lib/python3.11/site-packages/airflow/example_dags/example_external_task_marker_dag.py took 0.080 seconds
[2023-08-20T21:14:51.854-0400] {processor.py:157} INFO - Started process (PID=86298) to work on /home/mnguyen0226/anaconda3/envs/learning_scraper/lib/python3.11/site-packages/airflow/example_dags/example_external_task_marker_dag.py
[2023-08-20T21:14:51.855-0400] {processor.py:826} INFO - Processing file /home/mnguyen0226/anaconda3/envs/learning_scraper/lib/python3.11/site-packages/airflow/example_dags/example_external_task_marker_dag.py for tasks to queue
[2023-08-20T21:14:51.856-0400] {logging_mixin.py:150} INFO - [2023-08-20T21:14:51.856-0400] {dagbag.py:541} INFO - Filling up the DagBag from /home/mnguyen0226/anaconda3/envs/learning_scraper/lib/python3.11/site-packages/airflow/example_dags/example_external_task_marker_dag.py
[2023-08-20T21:14:51.864-0400] {processor.py:836} INFO - DAG(s) dict_keys(['example_external_task_marker_parent', 'example_external_task_marker_child']) retrieved from /home/mnguyen0226/anaconda3/envs/learning_scraper/lib/python3.11/site-packages/airflow/example_dags/example_external_task_marker_dag.py
[2023-08-20T21:14:51.889-0400] {logging_mixin.py:150} INFO - [2023-08-20T21:14:51.889-0400] {dag.py:2742} INFO - Sync 2 DAGs
[2023-08-20T21:14:51.907-0400] {logging_mixin.py:150} INFO - [2023-08-20T21:14:51.907-0400] {dag.py:3504} INFO - Setting next_dagrun for example_external_task_marker_child to None, run_after=None
[2023-08-20T21:14:51.909-0400] {logging_mixin.py:150} INFO - [2023-08-20T21:14:51.909-0400] {dag.py:3504} INFO - Setting next_dagrun for example_external_task_marker_parent to None, run_after=None
[2023-08-20T21:14:51.929-0400] {processor.py:179} INFO - Processing /home/mnguyen0226/anaconda3/envs/learning_scraper/lib/python3.11/site-packages/airflow/example_dags/example_external_task_marker_dag.py took 0.079 seconds
[2023-08-20T21:15:42.837-0400] {processor.py:157} INFO - Started process (PID=86418) to work on /home/mnguyen0226/anaconda3/envs/learning_scraper/lib/python3.11/site-packages/airflow/example_dags/example_external_task_marker_dag.py
[2023-08-20T21:15:42.838-0400] {processor.py:826} INFO - Processing file /home/mnguyen0226/anaconda3/envs/learning_scraper/lib/python3.11/site-packages/airflow/example_dags/example_external_task_marker_dag.py for tasks to queue
[2023-08-20T21:15:42.840-0400] {logging_mixin.py:150} INFO - [2023-08-20T21:15:42.839-0400] {dagbag.py:541} INFO - Filling up the DagBag from /home/mnguyen0226/anaconda3/envs/learning_scraper/lib/python3.11/site-packages/airflow/example_dags/example_external_task_marker_dag.py
[2023-08-20T21:15:42.851-0400] {processor.py:836} INFO - DAG(s) dict_keys(['example_external_task_marker_parent', 'example_external_task_marker_child']) retrieved from /home/mnguyen0226/anaconda3/envs/learning_scraper/lib/python3.11/site-packages/airflow/example_dags/example_external_task_marker_dag.py
[2023-08-20T21:15:42.880-0400] {logging_mixin.py:150} INFO - [2023-08-20T21:15:42.880-0400] {dag.py:2742} INFO - Sync 2 DAGs
[2023-08-20T21:15:42.897-0400] {logging_mixin.py:150} INFO - [2023-08-20T21:15:42.897-0400] {dag.py:3504} INFO - Setting next_dagrun for example_external_task_marker_child to None, run_after=None
[2023-08-20T21:15:42.899-0400] {logging_mixin.py:150} INFO - [2023-08-20T21:15:42.899-0400] {dag.py:3504} INFO - Setting next_dagrun for example_external_task_marker_parent to None, run_after=None
[2023-08-20T21:15:42.922-0400] {processor.py:179} INFO - Processing /home/mnguyen0226/anaconda3/envs/learning_scraper/lib/python3.11/site-packages/airflow/example_dags/example_external_task_marker_dag.py took 0.089 seconds
[2023-08-20T21:16:36.842-0400] {processor.py:157} INFO - Started process (PID=86712) to work on /home/mnguyen0226/anaconda3/envs/learning_scraper/lib/python3.11/site-packages/airflow/example_dags/example_external_task_marker_dag.py
[2023-08-20T21:16:36.843-0400] {processor.py:826} INFO - Processing file /home/mnguyen0226/anaconda3/envs/learning_scraper/lib/python3.11/site-packages/airflow/example_dags/example_external_task_marker_dag.py for tasks to queue
[2023-08-20T21:16:36.845-0400] {logging_mixin.py:150} INFO - [2023-08-20T21:16:36.844-0400] {dagbag.py:541} INFO - Filling up the DagBag from /home/mnguyen0226/anaconda3/envs/learning_scraper/lib/python3.11/site-packages/airflow/example_dags/example_external_task_marker_dag.py
[2023-08-20T21:16:36.855-0400] {processor.py:836} INFO - DAG(s) dict_keys(['example_external_task_marker_child', 'example_external_task_marker_parent']) retrieved from /home/mnguyen0226/anaconda3/envs/learning_scraper/lib/python3.11/site-packages/airflow/example_dags/example_external_task_marker_dag.py
[2023-08-20T21:16:36.885-0400] {logging_mixin.py:150} INFO - [2023-08-20T21:16:36.885-0400] {dag.py:2742} INFO - Sync 2 DAGs
[2023-08-20T21:16:36.901-0400] {logging_mixin.py:150} INFO - [2023-08-20T21:16:36.900-0400] {dag.py:3504} INFO - Setting next_dagrun for example_external_task_marker_child to None, run_after=None
[2023-08-20T21:16:36.903-0400] {logging_mixin.py:150} INFO - [2023-08-20T21:16:36.903-0400] {dag.py:3504} INFO - Setting next_dagrun for example_external_task_marker_parent to None, run_after=None
[2023-08-20T21:16:36.925-0400] {processor.py:179} INFO - Processing /home/mnguyen0226/anaconda3/envs/learning_scraper/lib/python3.11/site-packages/airflow/example_dags/example_external_task_marker_dag.py took 0.087 seconds
[2023-08-20T21:17:31.383-0400] {processor.py:157} INFO - Started process (PID=87050) to work on /home/mnguyen0226/anaconda3/envs/learning_scraper/lib/python3.11/site-packages/airflow/example_dags/example_external_task_marker_dag.py
[2023-08-20T21:17:31.384-0400] {processor.py:826} INFO - Processing file /home/mnguyen0226/anaconda3/envs/learning_scraper/lib/python3.11/site-packages/airflow/example_dags/example_external_task_marker_dag.py for tasks to queue
[2023-08-20T21:17:31.384-0400] {logging_mixin.py:150} INFO - [2023-08-20T21:17:31.384-0400] {dagbag.py:541} INFO - Filling up the DagBag from /home/mnguyen0226/anaconda3/envs/learning_scraper/lib/python3.11/site-packages/airflow/example_dags/example_external_task_marker_dag.py
[2023-08-20T21:17:31.390-0400] {processor.py:836} INFO - DAG(s) dict_keys(['example_external_task_marker_parent', 'example_external_task_marker_child']) retrieved from /home/mnguyen0226/anaconda3/envs/learning_scraper/lib/python3.11/site-packages/airflow/example_dags/example_external_task_marker_dag.py
[2023-08-20T21:17:31.408-0400] {logging_mixin.py:150} INFO - [2023-08-20T21:17:31.407-0400] {dag.py:2742} INFO - Sync 2 DAGs
[2023-08-20T21:17:31.434-0400] {logging_mixin.py:150} INFO - [2023-08-20T21:17:31.434-0400] {dag.py:3504} INFO - Setting next_dagrun for example_external_task_marker_child to None, run_after=None
[2023-08-20T21:17:31.439-0400] {logging_mixin.py:150} INFO - [2023-08-20T21:17:31.439-0400] {dag.py:3504} INFO - Setting next_dagrun for example_external_task_marker_parent to None, run_after=None
[2023-08-20T21:17:31.467-0400] {processor.py:179} INFO - Processing /home/mnguyen0226/anaconda3/envs/learning_scraper/lib/python3.11/site-packages/airflow/example_dags/example_external_task_marker_dag.py took 0.086 seconds
[2023-08-20T21:18:25.817-0400] {processor.py:157} INFO - Started process (PID=87353) to work on /home/mnguyen0226/anaconda3/envs/learning_scraper/lib/python3.11/site-packages/airflow/example_dags/example_external_task_marker_dag.py
[2023-08-20T21:18:25.818-0400] {processor.py:826} INFO - Processing file /home/mnguyen0226/anaconda3/envs/learning_scraper/lib/python3.11/site-packages/airflow/example_dags/example_external_task_marker_dag.py for tasks to queue
[2023-08-20T21:18:25.819-0400] {logging_mixin.py:150} INFO - [2023-08-20T21:18:25.818-0400] {dagbag.py:541} INFO - Filling up the DagBag from /home/mnguyen0226/anaconda3/envs/learning_scraper/lib/python3.11/site-packages/airflow/example_dags/example_external_task_marker_dag.py
[2023-08-20T21:18:25.828-0400] {processor.py:836} INFO - DAG(s) dict_keys(['example_external_task_marker_parent', 'example_external_task_marker_child']) retrieved from /home/mnguyen0226/anaconda3/envs/learning_scraper/lib/python3.11/site-packages/airflow/example_dags/example_external_task_marker_dag.py
[2023-08-20T21:18:25.859-0400] {logging_mixin.py:150} INFO - [2023-08-20T21:18:25.859-0400] {dag.py:2742} INFO - Sync 2 DAGs
[2023-08-20T21:18:25.891-0400] {logging_mixin.py:150} INFO - [2023-08-20T21:18:25.891-0400] {dag.py:3504} INFO - Setting next_dagrun for example_external_task_marker_child to None, run_after=None
[2023-08-20T21:18:25.896-0400] {logging_mixin.py:150} INFO - [2023-08-20T21:18:25.896-0400] {dag.py:3504} INFO - Setting next_dagrun for example_external_task_marker_parent to None, run_after=None
[2023-08-20T21:18:25.926-0400] {processor.py:179} INFO - Processing /home/mnguyen0226/anaconda3/envs/learning_scraper/lib/python3.11/site-packages/airflow/example_dags/example_external_task_marker_dag.py took 0.114 seconds
[2023-08-20T21:19:22.685-0400] {processor.py:157} INFO - Started process (PID=87710) to work on /home/mnguyen0226/anaconda3/envs/learning_scraper/lib/python3.11/site-packages/airflow/example_dags/example_external_task_marker_dag.py
[2023-08-20T21:19:22.686-0400] {processor.py:826} INFO - Processing file /home/mnguyen0226/anaconda3/envs/learning_scraper/lib/python3.11/site-packages/airflow/example_dags/example_external_task_marker_dag.py for tasks to queue
[2023-08-20T21:19:22.686-0400] {logging_mixin.py:150} INFO - [2023-08-20T21:19:22.686-0400] {dagbag.py:541} INFO - Filling up the DagBag from /home/mnguyen0226/anaconda3/envs/learning_scraper/lib/python3.11/site-packages/airflow/example_dags/example_external_task_marker_dag.py
[2023-08-20T21:19:22.693-0400] {processor.py:836} INFO - DAG(s) dict_keys(['example_external_task_marker_child', 'example_external_task_marker_parent']) retrieved from /home/mnguyen0226/anaconda3/envs/learning_scraper/lib/python3.11/site-packages/airflow/example_dags/example_external_task_marker_dag.py
[2023-08-20T21:19:22.710-0400] {logging_mixin.py:150} INFO - [2023-08-20T21:19:22.710-0400] {dag.py:2742} INFO - Sync 2 DAGs
[2023-08-20T21:19:22.726-0400] {logging_mixin.py:150} INFO - [2023-08-20T21:19:22.726-0400] {dag.py:3504} INFO - Setting next_dagrun for example_external_task_marker_child to None, run_after=None
[2023-08-20T21:19:22.730-0400] {logging_mixin.py:150} INFO - [2023-08-20T21:19:22.729-0400] {dag.py:3504} INFO - Setting next_dagrun for example_external_task_marker_parent to None, run_after=None
[2023-08-20T21:19:22.764-0400] {processor.py:179} INFO - Processing /home/mnguyen0226/anaconda3/envs/learning_scraper/lib/python3.11/site-packages/airflow/example_dags/example_external_task_marker_dag.py took 0.081 seconds
[2023-08-20T21:20:14.864-0400] {processor.py:157} INFO - Started process (PID=88092) to work on /home/mnguyen0226/anaconda3/envs/learning_scraper/lib/python3.11/site-packages/airflow/example_dags/example_external_task_marker_dag.py
[2023-08-20T21:20:14.865-0400] {processor.py:826} INFO - Processing file /home/mnguyen0226/anaconda3/envs/learning_scraper/lib/python3.11/site-packages/airflow/example_dags/example_external_task_marker_dag.py for tasks to queue
[2023-08-20T21:20:14.867-0400] {logging_mixin.py:150} INFO - [2023-08-20T21:20:14.866-0400] {dagbag.py:541} INFO - Filling up the DagBag from /home/mnguyen0226/anaconda3/envs/learning_scraper/lib/python3.11/site-packages/airflow/example_dags/example_external_task_marker_dag.py
[2023-08-20T21:20:14.880-0400] {processor.py:836} INFO - DAG(s) dict_keys(['example_external_task_marker_child', 'example_external_task_marker_parent']) retrieved from /home/mnguyen0226/anaconda3/envs/learning_scraper/lib/python3.11/site-packages/airflow/example_dags/example_external_task_marker_dag.py
[2023-08-20T21:20:14.915-0400] {logging_mixin.py:150} INFO - [2023-08-20T21:20:14.915-0400] {dag.py:2742} INFO - Sync 2 DAGs
[2023-08-20T21:20:14.946-0400] {logging_mixin.py:150} INFO - [2023-08-20T21:20:14.946-0400] {dag.py:3504} INFO - Setting next_dagrun for example_external_task_marker_child to None, run_after=None
[2023-08-20T21:20:14.951-0400] {logging_mixin.py:150} INFO - [2023-08-20T21:20:14.951-0400] {dag.py:3504} INFO - Setting next_dagrun for example_external_task_marker_parent to None, run_after=None
[2023-08-20T21:20:14.977-0400] {processor.py:179} INFO - Processing /home/mnguyen0226/anaconda3/envs/learning_scraper/lib/python3.11/site-packages/airflow/example_dags/example_external_task_marker_dag.py took 0.119 seconds
[2023-08-20T21:21:07.201-0400] {processor.py:157} INFO - Started process (PID=88307) to work on /home/mnguyen0226/anaconda3/envs/learning_scraper/lib/python3.11/site-packages/airflow/example_dags/example_external_task_marker_dag.py
[2023-08-20T21:21:07.202-0400] {processor.py:826} INFO - Processing file /home/mnguyen0226/anaconda3/envs/learning_scraper/lib/python3.11/site-packages/airflow/example_dags/example_external_task_marker_dag.py for tasks to queue
[2023-08-20T21:21:07.202-0400] {logging_mixin.py:150} INFO - [2023-08-20T21:21:07.202-0400] {dagbag.py:541} INFO - Filling up the DagBag from /home/mnguyen0226/anaconda3/envs/learning_scraper/lib/python3.11/site-packages/airflow/example_dags/example_external_task_marker_dag.py
[2023-08-20T21:21:07.208-0400] {processor.py:836} INFO - DAG(s) dict_keys(['example_external_task_marker_child', 'example_external_task_marker_parent']) retrieved from /home/mnguyen0226/anaconda3/envs/learning_scraper/lib/python3.11/site-packages/airflow/example_dags/example_external_task_marker_dag.py
[2023-08-20T21:21:07.223-0400] {logging_mixin.py:150} INFO - [2023-08-20T21:21:07.223-0400] {dag.py:2742} INFO - Sync 2 DAGs
[2023-08-20T21:21:07.237-0400] {logging_mixin.py:150} INFO - [2023-08-20T21:21:07.237-0400] {dag.py:3504} INFO - Setting next_dagrun for example_external_task_marker_child to None, run_after=None
[2023-08-20T21:21:07.240-0400] {logging_mixin.py:150} INFO - [2023-08-20T21:21:07.240-0400] {dag.py:3504} INFO - Setting next_dagrun for example_external_task_marker_parent to None, run_after=None
[2023-08-20T21:21:07.270-0400] {processor.py:179} INFO - Processing /home/mnguyen0226/anaconda3/envs/learning_scraper/lib/python3.11/site-packages/airflow/example_dags/example_external_task_marker_dag.py took 0.071 seconds
