[2023-08-20T21:00:54.575-0400] {processor.py:157} INFO - Started process (PID=80797) to work on /home/mnguyen0226/anaconda3/envs/learning_scraper/lib/python3.11/site-packages/airflow/example_dags/example_sensors.py
[2023-08-20T21:00:54.576-0400] {processor.py:826} INFO - Processing file /home/mnguyen0226/anaconda3/envs/learning_scraper/lib/python3.11/site-packages/airflow/example_dags/example_sensors.py for tasks to queue
[2023-08-20T21:00:54.578-0400] {logging_mixin.py:150} INFO - [2023-08-20T21:00:54.577-0400] {dagbag.py:541} INFO - Filling up the DagBag from /home/mnguyen0226/anaconda3/envs/learning_scraper/lib/python3.11/site-packages/airflow/example_dags/example_sensors.py
[2023-08-20T21:00:54.588-0400] {processor.py:836} INFO - DAG(s) dict_keys(['example_sensors']) retrieved from /home/mnguyen0226/anaconda3/envs/learning_scraper/lib/python3.11/site-packages/airflow/example_dags/example_sensors.py
[2023-08-20T21:00:54.605-0400] {logging_mixin.py:150} INFO - [2023-08-20T21:00:54.605-0400] {dag.py:2742} INFO - Sync 1 DAGs
[2023-08-20T21:00:54.624-0400] {logging_mixin.py:150} INFO - [2023-08-20T21:00:54.624-0400] {dag.py:3504} INFO - Setting next_dagrun for example_sensors to None, run_after=None
[2023-08-20T21:00:54.651-0400] {processor.py:179} INFO - Processing /home/mnguyen0226/anaconda3/envs/learning_scraper/lib/python3.11/site-packages/airflow/example_dags/example_sensors.py took 0.079 seconds
[2023-08-20T21:01:46.160-0400] {processor.py:157} INFO - Started process (PID=81036) to work on /home/mnguyen0226/anaconda3/envs/learning_scraper/lib/python3.11/site-packages/airflow/example_dags/example_sensors.py
[2023-08-20T21:01:46.162-0400] {processor.py:826} INFO - Processing file /home/mnguyen0226/anaconda3/envs/learning_scraper/lib/python3.11/site-packages/airflow/example_dags/example_sensors.py for tasks to queue
[2023-08-20T21:01:46.163-0400] {logging_mixin.py:150} INFO - [2023-08-20T21:01:46.162-0400] {dagbag.py:541} INFO - Filling up the DagBag from /home/mnguyen0226/anaconda3/envs/learning_scraper/lib/python3.11/site-packages/airflow/example_dags/example_sensors.py
[2023-08-20T21:01:46.177-0400] {processor.py:836} INFO - DAG(s) dict_keys(['example_sensors']) retrieved from /home/mnguyen0226/anaconda3/envs/learning_scraper/lib/python3.11/site-packages/airflow/example_dags/example_sensors.py
[2023-08-20T21:01:46.208-0400] {logging_mixin.py:150} INFO - [2023-08-20T21:01:46.208-0400] {dag.py:2742} INFO - Sync 1 DAGs
[2023-08-20T21:01:46.240-0400] {logging_mixin.py:150} INFO - [2023-08-20T21:01:46.239-0400] {dag.py:3504} INFO - Setting next_dagrun for example_sensors to None, run_after=None
[2023-08-20T21:01:46.279-0400] {processor.py:179} INFO - Processing /home/mnguyen0226/anaconda3/envs/learning_scraper/lib/python3.11/site-packages/airflow/example_dags/example_sensors.py took 0.121 seconds
[2023-08-20T21:03:52.622-0400] {processor.py:157} INFO - Started process (PID=82586) to work on /home/mnguyen0226/anaconda3/envs/learning_scraper/lib/python3.11/site-packages/airflow/example_dags/example_sensors.py
[2023-08-20T21:03:52.631-0400] {processor.py:826} INFO - Processing file /home/mnguyen0226/anaconda3/envs/learning_scraper/lib/python3.11/site-packages/airflow/example_dags/example_sensors.py for tasks to queue
[2023-08-20T21:03:52.632-0400] {logging_mixin.py:150} INFO - [2023-08-20T21:03:52.632-0400] {dagbag.py:541} INFO - Filling up the DagBag from /home/mnguyen0226/anaconda3/envs/learning_scraper/lib/python3.11/site-packages/airflow/example_dags/example_sensors.py
[2023-08-20T21:03:52.652-0400] {processor.py:836} INFO - DAG(s) dict_keys(['example_sensors']) retrieved from /home/mnguyen0226/anaconda3/envs/learning_scraper/lib/python3.11/site-packages/airflow/example_dags/example_sensors.py
[2023-08-20T21:03:52.674-0400] {logging_mixin.py:150} INFO - [2023-08-20T21:03:52.674-0400] {dag.py:2742} INFO - Sync 1 DAGs
[2023-08-20T21:03:52.700-0400] {logging_mixin.py:150} INFO - [2023-08-20T21:03:52.700-0400] {dag.py:3504} INFO - Setting next_dagrun for example_sensors to None, run_after=None
[2023-08-20T21:03:52.742-0400] {processor.py:179} INFO - Processing /home/mnguyen0226/anaconda3/envs/learning_scraper/lib/python3.11/site-packages/airflow/example_dags/example_sensors.py took 0.122 seconds
[2023-08-20T21:04:43.923-0400] {processor.py:157} INFO - Started process (PID=83114) to work on /home/mnguyen0226/anaconda3/envs/learning_scraper/lib/python3.11/site-packages/airflow/example_dags/example_sensors.py
[2023-08-20T21:04:43.923-0400] {processor.py:826} INFO - Processing file /home/mnguyen0226/anaconda3/envs/learning_scraper/lib/python3.11/site-packages/airflow/example_dags/example_sensors.py for tasks to queue
[2023-08-20T21:04:43.924-0400] {logging_mixin.py:150} INFO - [2023-08-20T21:04:43.924-0400] {dagbag.py:541} INFO - Filling up the DagBag from /home/mnguyen0226/anaconda3/envs/learning_scraper/lib/python3.11/site-packages/airflow/example_dags/example_sensors.py
[2023-08-20T21:04:43.932-0400] {processor.py:836} INFO - DAG(s) dict_keys(['example_sensors']) retrieved from /home/mnguyen0226/anaconda3/envs/learning_scraper/lib/python3.11/site-packages/airflow/example_dags/example_sensors.py
[2023-08-20T21:04:43.959-0400] {logging_mixin.py:150} INFO - [2023-08-20T21:04:43.959-0400] {dag.py:2742} INFO - Sync 1 DAGs
[2023-08-20T21:04:43.980-0400] {logging_mixin.py:150} INFO - [2023-08-20T21:04:43.980-0400] {dag.py:3504} INFO - Setting next_dagrun for example_sensors to None, run_after=None
[2023-08-20T21:04:44.004-0400] {processor.py:179} INFO - Processing /home/mnguyen0226/anaconda3/envs/learning_scraper/lib/python3.11/site-packages/airflow/example_dags/example_sensors.py took 0.084 seconds
[2023-08-20T21:05:41.264-0400] {processor.py:157} INFO - Started process (PID=83417) to work on /home/mnguyen0226/anaconda3/envs/learning_scraper/lib/python3.11/site-packages/airflow/example_dags/example_sensors.py
[2023-08-20T21:05:41.274-0400] {processor.py:826} INFO - Processing file /home/mnguyen0226/anaconda3/envs/learning_scraper/lib/python3.11/site-packages/airflow/example_dags/example_sensors.py for tasks to queue
[2023-08-20T21:05:41.276-0400] {logging_mixin.py:150} INFO - [2023-08-20T21:05:41.275-0400] {dagbag.py:541} INFO - Filling up the DagBag from /home/mnguyen0226/anaconda3/envs/learning_scraper/lib/python3.11/site-packages/airflow/example_dags/example_sensors.py
[2023-08-20T21:05:41.295-0400] {processor.py:836} INFO - DAG(s) dict_keys(['example_sensors']) retrieved from /home/mnguyen0226/anaconda3/envs/learning_scraper/lib/python3.11/site-packages/airflow/example_dags/example_sensors.py
[2023-08-20T21:05:41.317-0400] {logging_mixin.py:150} INFO - [2023-08-20T21:05:41.316-0400] {dag.py:2742} INFO - Sync 1 DAGs
[2023-08-20T21:05:41.331-0400] {logging_mixin.py:150} INFO - [2023-08-20T21:05:41.331-0400] {dag.py:3504} INFO - Setting next_dagrun for example_sensors to None, run_after=None
[2023-08-20T21:05:41.355-0400] {processor.py:179} INFO - Processing /home/mnguyen0226/anaconda3/envs/learning_scraper/lib/python3.11/site-packages/airflow/example_dags/example_sensors.py took 0.096 seconds
[2023-08-20T21:06:44.005-0400] {processor.py:157} INFO - Started process (PID=83699) to work on /home/mnguyen0226/anaconda3/envs/learning_scraper/lib/python3.11/site-packages/airflow/example_dags/example_sensors.py
[2023-08-20T21:06:44.015-0400] {processor.py:826} INFO - Processing file /home/mnguyen0226/anaconda3/envs/learning_scraper/lib/python3.11/site-packages/airflow/example_dags/example_sensors.py for tasks to queue
[2023-08-20T21:06:44.017-0400] {logging_mixin.py:150} INFO - [2023-08-20T21:06:44.016-0400] {dagbag.py:541} INFO - Filling up the DagBag from /home/mnguyen0226/anaconda3/envs/learning_scraper/lib/python3.11/site-packages/airflow/example_dags/example_sensors.py
[2023-08-20T21:06:44.034-0400] {processor.py:836} INFO - DAG(s) dict_keys(['example_sensors']) retrieved from /home/mnguyen0226/anaconda3/envs/learning_scraper/lib/python3.11/site-packages/airflow/example_dags/example_sensors.py
[2023-08-20T21:06:44.071-0400] {logging_mixin.py:150} INFO - [2023-08-20T21:06:44.071-0400] {dag.py:2742} INFO - Sync 1 DAGs
[2023-08-20T21:06:44.215-0400] {logging_mixin.py:150} INFO - [2023-08-20T21:06:44.215-0400] {dag.py:3504} INFO - Setting next_dagrun for example_sensors to None, run_after=None
[2023-08-20T21:06:44.248-0400] {processor.py:179} INFO - Processing /home/mnguyen0226/anaconda3/envs/learning_scraper/lib/python3.11/site-packages/airflow/example_dags/example_sensors.py took 0.248 seconds
[2023-08-20T21:07:48.827-0400] {processor.py:157} INFO - Started process (PID=83965) to work on /home/mnguyen0226/anaconda3/envs/learning_scraper/lib/python3.11/site-packages/airflow/example_dags/example_sensors.py
[2023-08-20T21:07:48.831-0400] {processor.py:826} INFO - Processing file /home/mnguyen0226/anaconda3/envs/learning_scraper/lib/python3.11/site-packages/airflow/example_dags/example_sensors.py for tasks to queue
[2023-08-20T21:07:48.833-0400] {logging_mixin.py:150} INFO - [2023-08-20T21:07:48.832-0400] {dagbag.py:541} INFO - Filling up the DagBag from /home/mnguyen0226/anaconda3/envs/learning_scraper/lib/python3.11/site-packages/airflow/example_dags/example_sensors.py
[2023-08-20T21:07:48.843-0400] {processor.py:836} INFO - DAG(s) dict_keys(['example_sensors']) retrieved from /home/mnguyen0226/anaconda3/envs/learning_scraper/lib/python3.11/site-packages/airflow/example_dags/example_sensors.py
[2023-08-20T21:07:48.860-0400] {logging_mixin.py:150} INFO - [2023-08-20T21:07:48.860-0400] {dag.py:2742} INFO - Sync 1 DAGs
[2023-08-20T21:07:48.875-0400] {logging_mixin.py:150} INFO - [2023-08-20T21:07:48.875-0400] {dag.py:3504} INFO - Setting next_dagrun for example_sensors to None, run_after=None
[2023-08-20T21:07:48.898-0400] {processor.py:179} INFO - Processing /home/mnguyen0226/anaconda3/envs/learning_scraper/lib/python3.11/site-packages/airflow/example_dags/example_sensors.py took 0.075 seconds
[2023-08-20T21:08:43.145-0400] {processor.py:157} INFO - Started process (PID=84205) to work on /home/mnguyen0226/anaconda3/envs/learning_scraper/lib/python3.11/site-packages/airflow/example_dags/example_sensors.py
[2023-08-20T21:08:43.146-0400] {processor.py:826} INFO - Processing file /home/mnguyen0226/anaconda3/envs/learning_scraper/lib/python3.11/site-packages/airflow/example_dags/example_sensors.py for tasks to queue
[2023-08-20T21:08:43.148-0400] {logging_mixin.py:150} INFO - [2023-08-20T21:08:43.147-0400] {dagbag.py:541} INFO - Filling up the DagBag from /home/mnguyen0226/anaconda3/envs/learning_scraper/lib/python3.11/site-packages/airflow/example_dags/example_sensors.py
[2023-08-20T21:08:43.161-0400] {processor.py:836} INFO - DAG(s) dict_keys(['example_sensors']) retrieved from /home/mnguyen0226/anaconda3/envs/learning_scraper/lib/python3.11/site-packages/airflow/example_dags/example_sensors.py
[2023-08-20T21:08:43.195-0400] {logging_mixin.py:150} INFO - [2023-08-20T21:08:43.195-0400] {dag.py:2742} INFO - Sync 1 DAGs
[2023-08-20T21:08:43.220-0400] {logging_mixin.py:150} INFO - [2023-08-20T21:08:43.220-0400] {dag.py:3504} INFO - Setting next_dagrun for example_sensors to None, run_after=None
[2023-08-20T21:08:43.253-0400] {processor.py:179} INFO - Processing /home/mnguyen0226/anaconda3/envs/learning_scraper/lib/python3.11/site-packages/airflow/example_dags/example_sensors.py took 0.113 seconds
[2023-08-20T21:09:36.348-0400] {processor.py:157} INFO - Started process (PID=84506) to work on /home/mnguyen0226/anaconda3/envs/learning_scraper/lib/python3.11/site-packages/airflow/example_dags/example_sensors.py
[2023-08-20T21:09:36.348-0400] {processor.py:826} INFO - Processing file /home/mnguyen0226/anaconda3/envs/learning_scraper/lib/python3.11/site-packages/airflow/example_dags/example_sensors.py for tasks to queue
[2023-08-20T21:09:36.349-0400] {logging_mixin.py:150} INFO - [2023-08-20T21:09:36.349-0400] {dagbag.py:541} INFO - Filling up the DagBag from /home/mnguyen0226/anaconda3/envs/learning_scraper/lib/python3.11/site-packages/airflow/example_dags/example_sensors.py
[2023-08-20T21:09:36.361-0400] {processor.py:836} INFO - DAG(s) dict_keys(['example_sensors']) retrieved from /home/mnguyen0226/anaconda3/envs/learning_scraper/lib/python3.11/site-packages/airflow/example_dags/example_sensors.py
[2023-08-20T21:09:36.386-0400] {logging_mixin.py:150} INFO - [2023-08-20T21:09:36.386-0400] {dag.py:2742} INFO - Sync 1 DAGs
[2023-08-20T21:09:36.409-0400] {logging_mixin.py:150} INFO - [2023-08-20T21:09:36.409-0400] {dag.py:3504} INFO - Setting next_dagrun for example_sensors to None, run_after=None
[2023-08-20T21:09:36.442-0400] {processor.py:179} INFO - Processing /home/mnguyen0226/anaconda3/envs/learning_scraper/lib/python3.11/site-packages/airflow/example_dags/example_sensors.py took 0.098 seconds
[2023-08-20T21:10:35.577-0400] {processor.py:157} INFO - Started process (PID=84745) to work on /home/mnguyen0226/anaconda3/envs/learning_scraper/lib/python3.11/site-packages/airflow/example_dags/example_sensors.py
[2023-08-20T21:10:35.586-0400] {processor.py:826} INFO - Processing file /home/mnguyen0226/anaconda3/envs/learning_scraper/lib/python3.11/site-packages/airflow/example_dags/example_sensors.py for tasks to queue
[2023-08-20T21:10:35.588-0400] {logging_mixin.py:150} INFO - [2023-08-20T21:10:35.587-0400] {dagbag.py:541} INFO - Filling up the DagBag from /home/mnguyen0226/anaconda3/envs/learning_scraper/lib/python3.11/site-packages/airflow/example_dags/example_sensors.py
[2023-08-20T21:10:35.604-0400] {processor.py:836} INFO - DAG(s) dict_keys(['example_sensors']) retrieved from /home/mnguyen0226/anaconda3/envs/learning_scraper/lib/python3.11/site-packages/airflow/example_dags/example_sensors.py
[2023-08-20T21:10:35.632-0400] {logging_mixin.py:150} INFO - [2023-08-20T21:10:35.632-0400] {dag.py:2742} INFO - Sync 1 DAGs
[2023-08-20T21:10:35.653-0400] {logging_mixin.py:150} INFO - [2023-08-20T21:10:35.653-0400] {dag.py:3504} INFO - Setting next_dagrun for example_sensors to None, run_after=None
[2023-08-20T21:10:35.682-0400] {processor.py:179} INFO - Processing /home/mnguyen0226/anaconda3/envs/learning_scraper/lib/python3.11/site-packages/airflow/example_dags/example_sensors.py took 0.110 seconds
[2023-08-20T21:11:29.135-0400] {processor.py:157} INFO - Started process (PID=85034) to work on /home/mnguyen0226/anaconda3/envs/learning_scraper/lib/python3.11/site-packages/airflow/example_dags/example_sensors.py
[2023-08-20T21:11:29.135-0400] {processor.py:826} INFO - Processing file /home/mnguyen0226/anaconda3/envs/learning_scraper/lib/python3.11/site-packages/airflow/example_dags/example_sensors.py for tasks to queue
[2023-08-20T21:11:29.136-0400] {logging_mixin.py:150} INFO - [2023-08-20T21:11:29.136-0400] {dagbag.py:541} INFO - Filling up the DagBag from /home/mnguyen0226/anaconda3/envs/learning_scraper/lib/python3.11/site-packages/airflow/example_dags/example_sensors.py
[2023-08-20T21:11:29.143-0400] {processor.py:836} INFO - DAG(s) dict_keys(['example_sensors']) retrieved from /home/mnguyen0226/anaconda3/envs/learning_scraper/lib/python3.11/site-packages/airflow/example_dags/example_sensors.py
[2023-08-20T21:11:29.164-0400] {logging_mixin.py:150} INFO - [2023-08-20T21:11:29.164-0400] {dag.py:2742} INFO - Sync 1 DAGs
[2023-08-20T21:11:29.182-0400] {logging_mixin.py:150} INFO - [2023-08-20T21:11:29.181-0400] {dag.py:3504} INFO - Setting next_dagrun for example_sensors to None, run_after=None
[2023-08-20T21:11:29.206-0400] {processor.py:179} INFO - Processing /home/mnguyen0226/anaconda3/envs/learning_scraper/lib/python3.11/site-packages/airflow/example_dags/example_sensors.py took 0.074 seconds
[2023-08-20T21:12:21.794-0400] {processor.py:157} INFO - Started process (PID=85188) to work on /home/mnguyen0226/anaconda3/envs/learning_scraper/lib/python3.11/site-packages/airflow/example_dags/example_sensors.py
[2023-08-20T21:12:21.794-0400] {processor.py:826} INFO - Processing file /home/mnguyen0226/anaconda3/envs/learning_scraper/lib/python3.11/site-packages/airflow/example_dags/example_sensors.py for tasks to queue
[2023-08-20T21:12:21.795-0400] {logging_mixin.py:150} INFO - [2023-08-20T21:12:21.795-0400] {dagbag.py:541} INFO - Filling up the DagBag from /home/mnguyen0226/anaconda3/envs/learning_scraper/lib/python3.11/site-packages/airflow/example_dags/example_sensors.py
[2023-08-20T21:12:21.804-0400] {processor.py:836} INFO - DAG(s) dict_keys(['example_sensors']) retrieved from /home/mnguyen0226/anaconda3/envs/learning_scraper/lib/python3.11/site-packages/airflow/example_dags/example_sensors.py
[2023-08-20T21:12:21.819-0400] {logging_mixin.py:150} INFO - [2023-08-20T21:12:21.819-0400] {dag.py:2742} INFO - Sync 1 DAGs
[2023-08-20T21:12:21.835-0400] {logging_mixin.py:150} INFO - [2023-08-20T21:12:21.834-0400] {dag.py:3504} INFO - Setting next_dagrun for example_sensors to None, run_after=None
[2023-08-20T21:12:21.860-0400] {processor.py:179} INFO - Processing /home/mnguyen0226/anaconda3/envs/learning_scraper/lib/python3.11/site-packages/airflow/example_dags/example_sensors.py took 0.069 seconds
[2023-08-20T21:13:18.961-0400] {processor.py:157} INFO - Started process (PID=85872) to work on /home/mnguyen0226/anaconda3/envs/learning_scraper/lib/python3.11/site-packages/airflow/example_dags/example_sensors.py
[2023-08-20T21:13:18.970-0400] {processor.py:826} INFO - Processing file /home/mnguyen0226/anaconda3/envs/learning_scraper/lib/python3.11/site-packages/airflow/example_dags/example_sensors.py for tasks to queue
[2023-08-20T21:13:18.971-0400] {logging_mixin.py:150} INFO - [2023-08-20T21:13:18.971-0400] {dagbag.py:541} INFO - Filling up the DagBag from /home/mnguyen0226/anaconda3/envs/learning_scraper/lib/python3.11/site-packages/airflow/example_dags/example_sensors.py
[2023-08-20T21:13:18.982-0400] {processor.py:836} INFO - DAG(s) dict_keys(['example_sensors']) retrieved from /home/mnguyen0226/anaconda3/envs/learning_scraper/lib/python3.11/site-packages/airflow/example_dags/example_sensors.py
[2023-08-20T21:13:18.999-0400] {logging_mixin.py:150} INFO - [2023-08-20T21:13:18.999-0400] {dag.py:2742} INFO - Sync 1 DAGs
[2023-08-20T21:13:19.013-0400] {logging_mixin.py:150} INFO - [2023-08-20T21:13:19.013-0400] {dag.py:3504} INFO - Setting next_dagrun for example_sensors to None, run_after=None
[2023-08-20T21:13:19.035-0400] {processor.py:179} INFO - Processing /home/mnguyen0226/anaconda3/envs/learning_scraper/lib/python3.11/site-packages/airflow/example_dags/example_sensors.py took 0.078 seconds
[2023-08-20T21:14:17.205-0400] {processor.py:157} INFO - Started process (PID=86123) to work on /home/mnguyen0226/anaconda3/envs/learning_scraper/lib/python3.11/site-packages/airflow/example_dags/example_sensors.py
[2023-08-20T21:14:17.205-0400] {processor.py:826} INFO - Processing file /home/mnguyen0226/anaconda3/envs/learning_scraper/lib/python3.11/site-packages/airflow/example_dags/example_sensors.py for tasks to queue
[2023-08-20T21:14:17.206-0400] {logging_mixin.py:150} INFO - [2023-08-20T21:14:17.206-0400] {dagbag.py:541} INFO - Filling up the DagBag from /home/mnguyen0226/anaconda3/envs/learning_scraper/lib/python3.11/site-packages/airflow/example_dags/example_sensors.py
[2023-08-20T21:14:17.215-0400] {processor.py:836} INFO - DAG(s) dict_keys(['example_sensors']) retrieved from /home/mnguyen0226/anaconda3/envs/learning_scraper/lib/python3.11/site-packages/airflow/example_dags/example_sensors.py
[2023-08-20T21:14:17.240-0400] {logging_mixin.py:150} INFO - [2023-08-20T21:14:17.240-0400] {dag.py:2742} INFO - Sync 1 DAGs
[2023-08-20T21:14:17.260-0400] {logging_mixin.py:150} INFO - [2023-08-20T21:14:17.260-0400] {dag.py:3504} INFO - Setting next_dagrun for example_sensors to None, run_after=None
[2023-08-20T21:14:17.285-0400] {processor.py:179} INFO - Processing /home/mnguyen0226/anaconda3/envs/learning_scraper/lib/python3.11/site-packages/airflow/example_dags/example_sensors.py took 0.082 seconds
[2023-08-20T21:15:13.403-0400] {processor.py:157} INFO - Started process (PID=86360) to work on /home/mnguyen0226/anaconda3/envs/learning_scraper/lib/python3.11/site-packages/airflow/example_dags/example_sensors.py
[2023-08-20T21:15:13.404-0400] {processor.py:826} INFO - Processing file /home/mnguyen0226/anaconda3/envs/learning_scraper/lib/python3.11/site-packages/airflow/example_dags/example_sensors.py for tasks to queue
[2023-08-20T21:15:13.405-0400] {logging_mixin.py:150} INFO - [2023-08-20T21:15:13.405-0400] {dagbag.py:541} INFO - Filling up the DagBag from /home/mnguyen0226/anaconda3/envs/learning_scraper/lib/python3.11/site-packages/airflow/example_dags/example_sensors.py
[2023-08-20T21:15:13.416-0400] {processor.py:836} INFO - DAG(s) dict_keys(['example_sensors']) retrieved from /home/mnguyen0226/anaconda3/envs/learning_scraper/lib/python3.11/site-packages/airflow/example_dags/example_sensors.py
[2023-08-20T21:15:13.439-0400] {logging_mixin.py:150} INFO - [2023-08-20T21:15:13.439-0400] {dag.py:2742} INFO - Sync 1 DAGs
[2023-08-20T21:15:13.462-0400] {logging_mixin.py:150} INFO - [2023-08-20T21:15:13.462-0400] {dag.py:3504} INFO - Setting next_dagrun for example_sensors to None, run_after=None
[2023-08-20T21:15:13.504-0400] {processor.py:179} INFO - Processing /home/mnguyen0226/anaconda3/envs/learning_scraper/lib/python3.11/site-packages/airflow/example_dags/example_sensors.py took 0.103 seconds
[2023-08-20T21:16:03.604-0400] {processor.py:157} INFO - Started process (PID=86495) to work on /home/mnguyen0226/anaconda3/envs/learning_scraper/lib/python3.11/site-packages/airflow/example_dags/example_sensors.py
[2023-08-20T21:16:03.606-0400] {processor.py:826} INFO - Processing file /home/mnguyen0226/anaconda3/envs/learning_scraper/lib/python3.11/site-packages/airflow/example_dags/example_sensors.py for tasks to queue
[2023-08-20T21:16:03.607-0400] {logging_mixin.py:150} INFO - [2023-08-20T21:16:03.607-0400] {dagbag.py:541} INFO - Filling up the DagBag from /home/mnguyen0226/anaconda3/envs/learning_scraper/lib/python3.11/site-packages/airflow/example_dags/example_sensors.py
[2023-08-20T21:16:03.628-0400] {processor.py:836} INFO - DAG(s) dict_keys(['example_sensors']) retrieved from /home/mnguyen0226/anaconda3/envs/learning_scraper/lib/python3.11/site-packages/airflow/example_dags/example_sensors.py
[2023-08-20T21:16:03.662-0400] {logging_mixin.py:150} INFO - [2023-08-20T21:16:03.662-0400] {dag.py:2742} INFO - Sync 1 DAGs
[2023-08-20T21:16:03.677-0400] {logging_mixin.py:150} INFO - [2023-08-20T21:16:03.677-0400] {dag.py:3504} INFO - Setting next_dagrun for example_sensors to None, run_after=None
[2023-08-20T21:16:03.702-0400] {processor.py:179} INFO - Processing /home/mnguyen0226/anaconda3/envs/learning_scraper/lib/python3.11/site-packages/airflow/example_dags/example_sensors.py took 0.103 seconds
[2023-08-20T21:16:59.232-0400] {processor.py:157} INFO - Started process (PID=86922) to work on /home/mnguyen0226/anaconda3/envs/learning_scraper/lib/python3.11/site-packages/airflow/example_dags/example_sensors.py
[2023-08-20T21:16:59.242-0400] {processor.py:826} INFO - Processing file /home/mnguyen0226/anaconda3/envs/learning_scraper/lib/python3.11/site-packages/airflow/example_dags/example_sensors.py for tasks to queue
[2023-08-20T21:16:59.244-0400] {logging_mixin.py:150} INFO - [2023-08-20T21:16:59.243-0400] {dagbag.py:541} INFO - Filling up the DagBag from /home/mnguyen0226/anaconda3/envs/learning_scraper/lib/python3.11/site-packages/airflow/example_dags/example_sensors.py
[2023-08-20T21:16:59.259-0400] {processor.py:836} INFO - DAG(s) dict_keys(['example_sensors']) retrieved from /home/mnguyen0226/anaconda3/envs/learning_scraper/lib/python3.11/site-packages/airflow/example_dags/example_sensors.py
[2023-08-20T21:16:59.291-0400] {logging_mixin.py:150} INFO - [2023-08-20T21:16:59.291-0400] {dag.py:2742} INFO - Sync 1 DAGs
[2023-08-20T21:16:59.315-0400] {logging_mixin.py:150} INFO - [2023-08-20T21:16:59.314-0400] {dag.py:3504} INFO - Setting next_dagrun for example_sensors to None, run_after=None
[2023-08-20T21:16:59.340-0400] {processor.py:179} INFO - Processing /home/mnguyen0226/anaconda3/envs/learning_scraper/lib/python3.11/site-packages/airflow/example_dags/example_sensors.py took 0.112 seconds
[2023-08-20T21:17:53.295-0400] {processor.py:157} INFO - Started process (PID=87206) to work on /home/mnguyen0226/anaconda3/envs/learning_scraper/lib/python3.11/site-packages/airflow/example_dags/example_sensors.py
[2023-08-20T21:17:53.296-0400] {processor.py:826} INFO - Processing file /home/mnguyen0226/anaconda3/envs/learning_scraper/lib/python3.11/site-packages/airflow/example_dags/example_sensors.py for tasks to queue
[2023-08-20T21:17:53.297-0400] {logging_mixin.py:150} INFO - [2023-08-20T21:17:53.296-0400] {dagbag.py:541} INFO - Filling up the DagBag from /home/mnguyen0226/anaconda3/envs/learning_scraper/lib/python3.11/site-packages/airflow/example_dags/example_sensors.py
[2023-08-20T21:17:53.311-0400] {processor.py:836} INFO - DAG(s) dict_keys(['example_sensors']) retrieved from /home/mnguyen0226/anaconda3/envs/learning_scraper/lib/python3.11/site-packages/airflow/example_dags/example_sensors.py
[2023-08-20T21:17:53.333-0400] {logging_mixin.py:150} INFO - [2023-08-20T21:17:53.333-0400] {dag.py:2742} INFO - Sync 1 DAGs
[2023-08-20T21:17:53.347-0400] {logging_mixin.py:150} INFO - [2023-08-20T21:17:53.347-0400] {dag.py:3504} INFO - Setting next_dagrun for example_sensors to None, run_after=None
[2023-08-20T21:17:53.369-0400] {processor.py:179} INFO - Processing /home/mnguyen0226/anaconda3/envs/learning_scraper/lib/python3.11/site-packages/airflow/example_dags/example_sensors.py took 0.079 seconds
[2023-08-20T21:18:48.649-0400] {processor.py:157} INFO - Started process (PID=87411) to work on /home/mnguyen0226/anaconda3/envs/learning_scraper/lib/python3.11/site-packages/airflow/example_dags/example_sensors.py
[2023-08-20T21:18:48.658-0400] {processor.py:826} INFO - Processing file /home/mnguyen0226/anaconda3/envs/learning_scraper/lib/python3.11/site-packages/airflow/example_dags/example_sensors.py for tasks to queue
[2023-08-20T21:18:48.660-0400] {logging_mixin.py:150} INFO - [2023-08-20T21:18:48.659-0400] {dagbag.py:541} INFO - Filling up the DagBag from /home/mnguyen0226/anaconda3/envs/learning_scraper/lib/python3.11/site-packages/airflow/example_dags/example_sensors.py
[2023-08-20T21:18:48.671-0400] {processor.py:836} INFO - DAG(s) dict_keys(['example_sensors']) retrieved from /home/mnguyen0226/anaconda3/envs/learning_scraper/lib/python3.11/site-packages/airflow/example_dags/example_sensors.py
[2023-08-20T21:18:48.699-0400] {logging_mixin.py:150} INFO - [2023-08-20T21:18:48.699-0400] {dag.py:2742} INFO - Sync 1 DAGs
[2023-08-20T21:18:48.717-0400] {logging_mixin.py:150} INFO - [2023-08-20T21:18:48.717-0400] {dag.py:3504} INFO - Setting next_dagrun for example_sensors to None, run_after=None
[2023-08-20T21:18:48.739-0400] {processor.py:179} INFO - Processing /home/mnguyen0226/anaconda3/envs/learning_scraper/lib/python3.11/site-packages/airflow/example_dags/example_sensors.py took 0.094 seconds
[2023-08-20T21:19:43.731-0400] {processor.py:157} INFO - Started process (PID=87874) to work on /home/mnguyen0226/anaconda3/envs/learning_scraper/lib/python3.11/site-packages/airflow/example_dags/example_sensors.py
[2023-08-20T21:19:43.740-0400] {processor.py:826} INFO - Processing file /home/mnguyen0226/anaconda3/envs/learning_scraper/lib/python3.11/site-packages/airflow/example_dags/example_sensors.py for tasks to queue
[2023-08-20T21:19:43.741-0400] {logging_mixin.py:150} INFO - [2023-08-20T21:19:43.741-0400] {dagbag.py:541} INFO - Filling up the DagBag from /home/mnguyen0226/anaconda3/envs/learning_scraper/lib/python3.11/site-packages/airflow/example_dags/example_sensors.py
[2023-08-20T21:19:43.757-0400] {processor.py:836} INFO - DAG(s) dict_keys(['example_sensors']) retrieved from /home/mnguyen0226/anaconda3/envs/learning_scraper/lib/python3.11/site-packages/airflow/example_dags/example_sensors.py
[2023-08-20T21:19:43.781-0400] {logging_mixin.py:150} INFO - [2023-08-20T21:19:43.780-0400] {dag.py:2742} INFO - Sync 1 DAGs
[2023-08-20T21:19:43.800-0400] {logging_mixin.py:150} INFO - [2023-08-20T21:19:43.799-0400] {dag.py:3504} INFO - Setting next_dagrun for example_sensors to None, run_after=None
[2023-08-20T21:19:43.822-0400] {processor.py:179} INFO - Processing /home/mnguyen0226/anaconda3/envs/learning_scraper/lib/python3.11/site-packages/airflow/example_dags/example_sensors.py took 0.114 seconds
[2023-08-20T21:20:36.221-0400] {processor.py:157} INFO - Started process (PID=88222) to work on /home/mnguyen0226/anaconda3/envs/learning_scraper/lib/python3.11/site-packages/airflow/example_dags/example_sensors.py
[2023-08-20T21:20:36.222-0400] {processor.py:826} INFO - Processing file /home/mnguyen0226/anaconda3/envs/learning_scraper/lib/python3.11/site-packages/airflow/example_dags/example_sensors.py for tasks to queue
[2023-08-20T21:20:36.223-0400] {logging_mixin.py:150} INFO - [2023-08-20T21:20:36.222-0400] {dagbag.py:541} INFO - Filling up the DagBag from /home/mnguyen0226/anaconda3/envs/learning_scraper/lib/python3.11/site-packages/airflow/example_dags/example_sensors.py
[2023-08-20T21:20:36.234-0400] {processor.py:836} INFO - DAG(s) dict_keys(['example_sensors']) retrieved from /home/mnguyen0226/anaconda3/envs/learning_scraper/lib/python3.11/site-packages/airflow/example_dags/example_sensors.py
[2023-08-20T21:20:36.255-0400] {logging_mixin.py:150} INFO - [2023-08-20T21:20:36.255-0400] {dag.py:2742} INFO - Sync 1 DAGs
[2023-08-20T21:20:36.271-0400] {logging_mixin.py:150} INFO - [2023-08-20T21:20:36.270-0400] {dag.py:3504} INFO - Setting next_dagrun for example_sensors to None, run_after=None
[2023-08-20T21:20:36.295-0400] {processor.py:179} INFO - Processing /home/mnguyen0226/anaconda3/envs/learning_scraper/lib/python3.11/site-packages/airflow/example_dags/example_sensors.py took 0.076 seconds
[2023-08-20T21:21:29.159-0400] {processor.py:157} INFO - Started process (PID=88438) to work on /home/mnguyen0226/anaconda3/envs/learning_scraper/lib/python3.11/site-packages/airflow/example_dags/example_sensors.py
[2023-08-20T21:21:29.160-0400] {processor.py:826} INFO - Processing file /home/mnguyen0226/anaconda3/envs/learning_scraper/lib/python3.11/site-packages/airflow/example_dags/example_sensors.py for tasks to queue
[2023-08-20T21:21:29.162-0400] {logging_mixin.py:150} INFO - [2023-08-20T21:21:29.161-0400] {dagbag.py:541} INFO - Filling up the DagBag from /home/mnguyen0226/anaconda3/envs/learning_scraper/lib/python3.11/site-packages/airflow/example_dags/example_sensors.py
[2023-08-20T21:21:29.178-0400] {processor.py:836} INFO - DAG(s) dict_keys(['example_sensors']) retrieved from /home/mnguyen0226/anaconda3/envs/learning_scraper/lib/python3.11/site-packages/airflow/example_dags/example_sensors.py
[2023-08-20T21:21:29.208-0400] {logging_mixin.py:150} INFO - [2023-08-20T21:21:29.207-0400] {dag.py:2742} INFO - Sync 1 DAGs
[2023-08-20T21:21:29.232-0400] {logging_mixin.py:150} INFO - [2023-08-20T21:21:29.232-0400] {dag.py:3504} INFO - Setting next_dagrun for example_sensors to None, run_after=None
[2023-08-20T21:21:29.261-0400] {processor.py:179} INFO - Processing /home/mnguyen0226/anaconda3/envs/learning_scraper/lib/python3.11/site-packages/airflow/example_dags/example_sensors.py took 0.106 seconds
