[2023-08-20T21:00:14.044-0400] {processor.py:157} INFO - Started process (PID=80334) to work on /home/mnguyen0226/anaconda3/envs/learning_scraper/lib/python3.11/site-packages/airflow/example_dags/example_xcom.py
[2023-08-20T21:00:14.045-0400] {processor.py:826} INFO - Processing file /home/mnguyen0226/anaconda3/envs/learning_scraper/lib/python3.11/site-packages/airflow/example_dags/example_xcom.py for tasks to queue
[2023-08-20T21:00:14.047-0400] {logging_mixin.py:150} INFO - [2023-08-20T21:00:14.046-0400] {dagbag.py:541} INFO - Filling up the DagBag from /home/mnguyen0226/anaconda3/envs/learning_scraper/lib/python3.11/site-packages/airflow/example_dags/example_xcom.py
[2023-08-20T21:00:14.064-0400] {processor.py:836} INFO - DAG(s) dict_keys(['example_xcom']) retrieved from /home/mnguyen0226/anaconda3/envs/learning_scraper/lib/python3.11/site-packages/airflow/example_dags/example_xcom.py
[2023-08-20T21:00:14.096-0400] {logging_mixin.py:150} INFO - [2023-08-20T21:00:14.096-0400] {dag.py:2742} INFO - Sync 1 DAGs
[2023-08-20T21:00:14.113-0400] {logging_mixin.py:150} INFO - [2023-08-20T21:00:14.113-0400] {dag.py:3504} INFO - Setting next_dagrun for example_xcom to 2021-01-01T00:00:00+00:00, run_after=2021-01-01T00:00:00+00:00
[2023-08-20T21:00:14.140-0400] {processor.py:179} INFO - Processing /home/mnguyen0226/anaconda3/envs/learning_scraper/lib/python3.11/site-packages/airflow/example_dags/example_xcom.py took 0.102 seconds
[2023-08-20T21:01:03.559-0400] {processor.py:157} INFO - Started process (PID=80859) to work on /home/mnguyen0226/anaconda3/envs/learning_scraper/lib/python3.11/site-packages/airflow/example_dags/example_xcom.py
[2023-08-20T21:01:03.560-0400] {processor.py:826} INFO - Processing file /home/mnguyen0226/anaconda3/envs/learning_scraper/lib/python3.11/site-packages/airflow/example_dags/example_xcom.py for tasks to queue
[2023-08-20T21:01:03.561-0400] {logging_mixin.py:150} INFO - [2023-08-20T21:01:03.560-0400] {dagbag.py:541} INFO - Filling up the DagBag from /home/mnguyen0226/anaconda3/envs/learning_scraper/lib/python3.11/site-packages/airflow/example_dags/example_xcom.py
[2023-08-20T21:01:03.571-0400] {processor.py:836} INFO - DAG(s) dict_keys(['example_xcom']) retrieved from /home/mnguyen0226/anaconda3/envs/learning_scraper/lib/python3.11/site-packages/airflow/example_dags/example_xcom.py
[2023-08-20T21:01:03.589-0400] {logging_mixin.py:150} INFO - [2023-08-20T21:01:03.588-0400] {dag.py:2742} INFO - Sync 1 DAGs
[2023-08-20T21:01:03.604-0400] {logging_mixin.py:150} INFO - [2023-08-20T21:01:03.604-0400] {dag.py:3504} INFO - Setting next_dagrun for example_xcom to 2021-01-01T00:00:00+00:00, run_after=2021-01-01T00:00:00+00:00
[2023-08-20T21:01:03.634-0400] {processor.py:179} INFO - Processing /home/mnguyen0226/anaconda3/envs/learning_scraper/lib/python3.11/site-packages/airflow/example_dags/example_xcom.py took 0.079 seconds
[2023-08-20T21:01:49.310-0400] {processor.py:157} INFO - Started process (PID=81057) to work on /home/mnguyen0226/anaconda3/envs/learning_scraper/lib/python3.11/site-packages/airflow/example_dags/example_xcom.py
[2023-08-20T21:01:49.311-0400] {processor.py:826} INFO - Processing file /home/mnguyen0226/anaconda3/envs/learning_scraper/lib/python3.11/site-packages/airflow/example_dags/example_xcom.py for tasks to queue
[2023-08-20T21:01:49.312-0400] {logging_mixin.py:150} INFO - [2023-08-20T21:01:49.312-0400] {dagbag.py:541} INFO - Filling up the DagBag from /home/mnguyen0226/anaconda3/envs/learning_scraper/lib/python3.11/site-packages/airflow/example_dags/example_xcom.py
[2023-08-20T21:01:49.321-0400] {processor.py:836} INFO - DAG(s) dict_keys(['example_xcom']) retrieved from /home/mnguyen0226/anaconda3/envs/learning_scraper/lib/python3.11/site-packages/airflow/example_dags/example_xcom.py
[2023-08-20T21:01:49.336-0400] {logging_mixin.py:150} INFO - [2023-08-20T21:01:49.335-0400] {dag.py:2742} INFO - Sync 1 DAGs
[2023-08-20T21:01:49.350-0400] {logging_mixin.py:150} INFO - [2023-08-20T21:01:49.349-0400] {dag.py:3504} INFO - Setting next_dagrun for example_xcom to 2021-01-01T00:00:00+00:00, run_after=2021-01-01T00:00:00+00:00
[2023-08-20T21:01:49.371-0400] {processor.py:179} INFO - Processing /home/mnguyen0226/anaconda3/envs/learning_scraper/lib/python3.11/site-packages/airflow/example_dags/example_xcom.py took 0.064 seconds
[2023-08-20T21:03:13.547-0400] {processor.py:157} INFO - Started process (PID=81459) to work on /home/mnguyen0226/anaconda3/envs/learning_scraper/lib/python3.11/site-packages/airflow/example_dags/example_xcom.py
[2023-08-20T21:03:13.557-0400] {processor.py:826} INFO - Processing file /home/mnguyen0226/anaconda3/envs/learning_scraper/lib/python3.11/site-packages/airflow/example_dags/example_xcom.py for tasks to queue
[2023-08-20T21:03:13.558-0400] {logging_mixin.py:150} INFO - [2023-08-20T21:03:13.557-0400] {dagbag.py:541} INFO - Filling up the DagBag from /home/mnguyen0226/anaconda3/envs/learning_scraper/lib/python3.11/site-packages/airflow/example_dags/example_xcom.py
[2023-08-20T21:03:13.570-0400] {processor.py:836} INFO - DAG(s) dict_keys(['example_xcom']) retrieved from /home/mnguyen0226/anaconda3/envs/learning_scraper/lib/python3.11/site-packages/airflow/example_dags/example_xcom.py
[2023-08-20T21:03:13.608-0400] {logging_mixin.py:150} INFO - [2023-08-20T21:03:13.608-0400] {dag.py:2742} INFO - Sync 1 DAGs
[2023-08-20T21:03:13.625-0400] {logging_mixin.py:150} INFO - [2023-08-20T21:03:13.625-0400] {dag.py:3504} INFO - Setting next_dagrun for example_xcom to 2021-01-01T00:00:00+00:00, run_after=2021-01-01T00:00:00+00:00
[2023-08-20T21:03:13.648-0400] {processor.py:179} INFO - Processing /home/mnguyen0226/anaconda3/envs/learning_scraper/lib/python3.11/site-packages/airflow/example_dags/example_xcom.py took 0.105 seconds
[2023-08-20T21:04:01.469-0400] {processor.py:157} INFO - Started process (PID=82835) to work on /home/mnguyen0226/anaconda3/envs/learning_scraper/lib/python3.11/site-packages/airflow/example_dags/example_xcom.py
[2023-08-20T21:04:01.469-0400] {processor.py:826} INFO - Processing file /home/mnguyen0226/anaconda3/envs/learning_scraper/lib/python3.11/site-packages/airflow/example_dags/example_xcom.py for tasks to queue
[2023-08-20T21:04:01.470-0400] {logging_mixin.py:150} INFO - [2023-08-20T21:04:01.470-0400] {dagbag.py:541} INFO - Filling up the DagBag from /home/mnguyen0226/anaconda3/envs/learning_scraper/lib/python3.11/site-packages/airflow/example_dags/example_xcom.py
[2023-08-20T21:04:01.476-0400] {processor.py:836} INFO - DAG(s) dict_keys(['example_xcom']) retrieved from /home/mnguyen0226/anaconda3/envs/learning_scraper/lib/python3.11/site-packages/airflow/example_dags/example_xcom.py
[2023-08-20T21:04:01.490-0400] {logging_mixin.py:150} INFO - [2023-08-20T21:04:01.490-0400] {dag.py:2742} INFO - Sync 1 DAGs
[2023-08-20T21:04:01.505-0400] {logging_mixin.py:150} INFO - [2023-08-20T21:04:01.505-0400] {dag.py:3504} INFO - Setting next_dagrun for example_xcom to 2021-01-01T00:00:00+00:00, run_after=2021-01-01T00:00:00+00:00
[2023-08-20T21:04:01.528-0400] {processor.py:179} INFO - Processing /home/mnguyen0226/anaconda3/envs/learning_scraper/lib/python3.11/site-packages/airflow/example_dags/example_xcom.py took 0.061 seconds
[2023-08-20T21:04:48.932-0400] {processor.py:157} INFO - Started process (PID=83129) to work on /home/mnguyen0226/anaconda3/envs/learning_scraper/lib/python3.11/site-packages/airflow/example_dags/example_xcom.py
[2023-08-20T21:04:48.934-0400] {processor.py:826} INFO - Processing file /home/mnguyen0226/anaconda3/envs/learning_scraper/lib/python3.11/site-packages/airflow/example_dags/example_xcom.py for tasks to queue
[2023-08-20T21:04:48.936-0400] {logging_mixin.py:150} INFO - [2023-08-20T21:04:48.935-0400] {dagbag.py:541} INFO - Filling up the DagBag from /home/mnguyen0226/anaconda3/envs/learning_scraper/lib/python3.11/site-packages/airflow/example_dags/example_xcom.py
[2023-08-20T21:04:48.951-0400] {processor.py:836} INFO - DAG(s) dict_keys(['example_xcom']) retrieved from /home/mnguyen0226/anaconda3/envs/learning_scraper/lib/python3.11/site-packages/airflow/example_dags/example_xcom.py
[2023-08-20T21:04:48.979-0400] {logging_mixin.py:150} INFO - [2023-08-20T21:04:48.979-0400] {dag.py:2742} INFO - Sync 1 DAGs
[2023-08-20T21:04:49.003-0400] {logging_mixin.py:150} INFO - [2023-08-20T21:04:49.003-0400] {dag.py:3504} INFO - Setting next_dagrun for example_xcom to 2021-01-01T00:00:00+00:00, run_after=2021-01-01T00:00:00+00:00
[2023-08-20T21:04:49.026-0400] {processor.py:179} INFO - Processing /home/mnguyen0226/anaconda3/envs/learning_scraper/lib/python3.11/site-packages/airflow/example_dags/example_xcom.py took 0.098 seconds
[2023-08-20T21:05:26.431-0400] {processor.py:157} INFO - Started process (PID=83365) to work on /home/mnguyen0226/anaconda3/envs/learning_scraper/lib/python3.11/site-packages/airflow/example_dags/example_xcom.py
[2023-08-20T21:05:26.441-0400] {processor.py:826} INFO - Processing file /home/mnguyen0226/anaconda3/envs/learning_scraper/lib/python3.11/site-packages/airflow/example_dags/example_xcom.py for tasks to queue
[2023-08-20T21:05:26.443-0400] {logging_mixin.py:150} INFO - [2023-08-20T21:05:26.442-0400] {dagbag.py:541} INFO - Filling up the DagBag from /home/mnguyen0226/anaconda3/envs/learning_scraper/lib/python3.11/site-packages/airflow/example_dags/example_xcom.py
[2023-08-20T21:05:26.455-0400] {processor.py:836} INFO - DAG(s) dict_keys(['example_xcom']) retrieved from /home/mnguyen0226/anaconda3/envs/learning_scraper/lib/python3.11/site-packages/airflow/example_dags/example_xcom.py
[2023-08-20T21:05:26.477-0400] {logging_mixin.py:150} INFO - [2023-08-20T21:05:26.477-0400] {dag.py:2742} INFO - Sync 1 DAGs
[2023-08-20T21:05:26.498-0400] {logging_mixin.py:150} INFO - [2023-08-20T21:05:26.498-0400] {dag.py:3504} INFO - Setting next_dagrun for example_xcom to 2021-01-01T00:00:00+00:00, run_after=2021-01-01T00:00:00+00:00
[2023-08-20T21:05:26.532-0400] {processor.py:179} INFO - Processing /home/mnguyen0226/anaconda3/envs/learning_scraper/lib/python3.11/site-packages/airflow/example_dags/example_xcom.py took 0.106 seconds
[2023-08-20T21:06:07.540-0400] {processor.py:157} INFO - Started process (PID=83544) to work on /home/mnguyen0226/anaconda3/envs/learning_scraper/lib/python3.11/site-packages/airflow/example_dags/example_xcom.py
[2023-08-20T21:06:07.541-0400] {processor.py:826} INFO - Processing file /home/mnguyen0226/anaconda3/envs/learning_scraper/lib/python3.11/site-packages/airflow/example_dags/example_xcom.py for tasks to queue
[2023-08-20T21:06:07.541-0400] {logging_mixin.py:150} INFO - [2023-08-20T21:06:07.541-0400] {dagbag.py:541} INFO - Filling up the DagBag from /home/mnguyen0226/anaconda3/envs/learning_scraper/lib/python3.11/site-packages/airflow/example_dags/example_xcom.py
[2023-08-20T21:06:07.552-0400] {processor.py:836} INFO - DAG(s) dict_keys(['example_xcom']) retrieved from /home/mnguyen0226/anaconda3/envs/learning_scraper/lib/python3.11/site-packages/airflow/example_dags/example_xcom.py
[2023-08-20T21:06:07.575-0400] {logging_mixin.py:150} INFO - [2023-08-20T21:06:07.575-0400] {dag.py:2742} INFO - Sync 1 DAGs
[2023-08-20T21:06:07.594-0400] {logging_mixin.py:150} INFO - [2023-08-20T21:06:07.594-0400] {dag.py:3504} INFO - Setting next_dagrun for example_xcom to 2021-01-01T00:00:00+00:00, run_after=2021-01-01T00:00:00+00:00
[2023-08-20T21:06:07.621-0400] {processor.py:179} INFO - Processing /home/mnguyen0226/anaconda3/envs/learning_scraper/lib/python3.11/site-packages/airflow/example_dags/example_xcom.py took 0.083 seconds
[2023-08-20T21:06:49.472-0400] {processor.py:157} INFO - Started process (PID=83736) to work on /home/mnguyen0226/anaconda3/envs/learning_scraper/lib/python3.11/site-packages/airflow/example_dags/example_xcom.py
[2023-08-20T21:06:49.476-0400] {processor.py:826} INFO - Processing file /home/mnguyen0226/anaconda3/envs/learning_scraper/lib/python3.11/site-packages/airflow/example_dags/example_xcom.py for tasks to queue
[2023-08-20T21:06:49.477-0400] {logging_mixin.py:150} INFO - [2023-08-20T21:06:49.477-0400] {dagbag.py:541} INFO - Filling up the DagBag from /home/mnguyen0226/anaconda3/envs/learning_scraper/lib/python3.11/site-packages/airflow/example_dags/example_xcom.py
[2023-08-20T21:06:49.487-0400] {processor.py:836} INFO - DAG(s) dict_keys(['example_xcom']) retrieved from /home/mnguyen0226/anaconda3/envs/learning_scraper/lib/python3.11/site-packages/airflow/example_dags/example_xcom.py
[2023-08-20T21:06:49.506-0400] {logging_mixin.py:150} INFO - [2023-08-20T21:06:49.506-0400] {dag.py:2742} INFO - Sync 1 DAGs
[2023-08-20T21:06:49.642-0400] {logging_mixin.py:150} INFO - [2023-08-20T21:06:49.642-0400] {dag.py:3504} INFO - Setting next_dagrun for example_xcom to 2021-01-01T00:00:00+00:00, run_after=2021-01-01T00:00:00+00:00
[2023-08-20T21:06:49.685-0400] {processor.py:179} INFO - Processing /home/mnguyen0226/anaconda3/envs/learning_scraper/lib/python3.11/site-packages/airflow/example_dags/example_xcom.py took 0.216 seconds
[2023-08-20T21:07:32.736-0400] {processor.py:157} INFO - Started process (PID=83912) to work on /home/mnguyen0226/anaconda3/envs/learning_scraper/lib/python3.11/site-packages/airflow/example_dags/example_xcom.py
[2023-08-20T21:07:32.746-0400] {processor.py:826} INFO - Processing file /home/mnguyen0226/anaconda3/envs/learning_scraper/lib/python3.11/site-packages/airflow/example_dags/example_xcom.py for tasks to queue
[2023-08-20T21:07:32.748-0400] {logging_mixin.py:150} INFO - [2023-08-20T21:07:32.747-0400] {dagbag.py:541} INFO - Filling up the DagBag from /home/mnguyen0226/anaconda3/envs/learning_scraper/lib/python3.11/site-packages/airflow/example_dags/example_xcom.py
[2023-08-20T21:07:32.762-0400] {processor.py:836} INFO - DAG(s) dict_keys(['example_xcom']) retrieved from /home/mnguyen0226/anaconda3/envs/learning_scraper/lib/python3.11/site-packages/airflow/example_dags/example_xcom.py
[2023-08-20T21:07:32.875-0400] {logging_mixin.py:150} INFO - [2023-08-20T21:07:32.875-0400] {dag.py:2742} INFO - Sync 1 DAGs
[2023-08-20T21:07:32.892-0400] {logging_mixin.py:150} INFO - [2023-08-20T21:07:32.891-0400] {dag.py:3504} INFO - Setting next_dagrun for example_xcom to 2021-01-01T00:00:00+00:00, run_after=2021-01-01T00:00:00+00:00
[2023-08-20T21:07:32.913-0400] {processor.py:179} INFO - Processing /home/mnguyen0226/anaconda3/envs/learning_scraper/lib/python3.11/site-packages/airflow/example_dags/example_xcom.py took 0.182 seconds
[2023-08-20T21:08:12.779-0400] {processor.py:157} INFO - Started process (PID=84082) to work on /home/mnguyen0226/anaconda3/envs/learning_scraper/lib/python3.11/site-packages/airflow/example_dags/example_xcom.py
[2023-08-20T21:08:12.780-0400] {processor.py:826} INFO - Processing file /home/mnguyen0226/anaconda3/envs/learning_scraper/lib/python3.11/site-packages/airflow/example_dags/example_xcom.py for tasks to queue
[2023-08-20T21:08:12.781-0400] {logging_mixin.py:150} INFO - [2023-08-20T21:08:12.781-0400] {dagbag.py:541} INFO - Filling up the DagBag from /home/mnguyen0226/anaconda3/envs/learning_scraper/lib/python3.11/site-packages/airflow/example_dags/example_xcom.py
[2023-08-20T21:08:12.796-0400] {processor.py:836} INFO - DAG(s) dict_keys(['example_xcom']) retrieved from /home/mnguyen0226/anaconda3/envs/learning_scraper/lib/python3.11/site-packages/airflow/example_dags/example_xcom.py
[2023-08-20T21:08:12.815-0400] {logging_mixin.py:150} INFO - [2023-08-20T21:08:12.815-0400] {dag.py:2742} INFO - Sync 1 DAGs
[2023-08-20T21:08:12.829-0400] {logging_mixin.py:150} INFO - [2023-08-20T21:08:12.829-0400] {dag.py:3504} INFO - Setting next_dagrun for example_xcom to 2021-01-01T00:00:00+00:00, run_after=2021-01-01T00:00:00+00:00
[2023-08-20T21:08:12.852-0400] {processor.py:179} INFO - Processing /home/mnguyen0226/anaconda3/envs/learning_scraper/lib/python3.11/site-packages/airflow/example_dags/example_xcom.py took 0.078 seconds
[2023-08-20T21:08:47.527-0400] {processor.py:157} INFO - Started process (PID=84215) to work on /home/mnguyen0226/anaconda3/envs/learning_scraper/lib/python3.11/site-packages/airflow/example_dags/example_xcom.py
[2023-08-20T21:08:47.536-0400] {processor.py:826} INFO - Processing file /home/mnguyen0226/anaconda3/envs/learning_scraper/lib/python3.11/site-packages/airflow/example_dags/example_xcom.py for tasks to queue
[2023-08-20T21:08:47.537-0400] {logging_mixin.py:150} INFO - [2023-08-20T21:08:47.537-0400] {dagbag.py:541} INFO - Filling up the DagBag from /home/mnguyen0226/anaconda3/envs/learning_scraper/lib/python3.11/site-packages/airflow/example_dags/example_xcom.py
[2023-08-20T21:08:47.549-0400] {processor.py:836} INFO - DAG(s) dict_keys(['example_xcom']) retrieved from /home/mnguyen0226/anaconda3/envs/learning_scraper/lib/python3.11/site-packages/airflow/example_dags/example_xcom.py
[2023-08-20T21:08:47.565-0400] {logging_mixin.py:150} INFO - [2023-08-20T21:08:47.565-0400] {dag.py:2742} INFO - Sync 1 DAGs
[2023-08-20T21:08:47.580-0400] {logging_mixin.py:150} INFO - [2023-08-20T21:08:47.580-0400] {dag.py:3504} INFO - Setting next_dagrun for example_xcom to 2021-01-01T00:00:00+00:00, run_after=2021-01-01T00:00:00+00:00
[2023-08-20T21:08:47.601-0400] {processor.py:179} INFO - Processing /home/mnguyen0226/anaconda3/envs/learning_scraper/lib/python3.11/site-packages/airflow/example_dags/example_xcom.py took 0.077 seconds
[2023-08-20T21:09:23.770-0400] {processor.py:157} INFO - Started process (PID=84372) to work on /home/mnguyen0226/anaconda3/envs/learning_scraper/lib/python3.11/site-packages/airflow/example_dags/example_xcom.py
[2023-08-20T21:09:23.771-0400] {processor.py:826} INFO - Processing file /home/mnguyen0226/anaconda3/envs/learning_scraper/lib/python3.11/site-packages/airflow/example_dags/example_xcom.py for tasks to queue
[2023-08-20T21:09:23.772-0400] {logging_mixin.py:150} INFO - [2023-08-20T21:09:23.772-0400] {dagbag.py:541} INFO - Filling up the DagBag from /home/mnguyen0226/anaconda3/envs/learning_scraper/lib/python3.11/site-packages/airflow/example_dags/example_xcom.py
[2023-08-20T21:09:23.786-0400] {processor.py:836} INFO - DAG(s) dict_keys(['example_xcom']) retrieved from /home/mnguyen0226/anaconda3/envs/learning_scraper/lib/python3.11/site-packages/airflow/example_dags/example_xcom.py
[2023-08-20T21:09:23.813-0400] {logging_mixin.py:150} INFO - [2023-08-20T21:09:23.812-0400] {dag.py:2742} INFO - Sync 1 DAGs
[2023-08-20T21:09:23.837-0400] {logging_mixin.py:150} INFO - [2023-08-20T21:09:23.837-0400] {dag.py:3504} INFO - Setting next_dagrun for example_xcom to 2021-01-01T00:00:00+00:00, run_after=2021-01-01T00:00:00+00:00
[2023-08-20T21:09:23.887-0400] {processor.py:179} INFO - Processing /home/mnguyen0226/anaconda3/envs/learning_scraper/lib/python3.11/site-packages/airflow/example_dags/example_xcom.py took 0.121 seconds
[2023-08-20T21:10:00.313-0400] {processor.py:157} INFO - Started process (PID=84605) to work on /home/mnguyen0226/anaconda3/envs/learning_scraper/lib/python3.11/site-packages/airflow/example_dags/example_xcom.py
[2023-08-20T21:10:00.314-0400] {processor.py:826} INFO - Processing file /home/mnguyen0226/anaconda3/envs/learning_scraper/lib/python3.11/site-packages/airflow/example_dags/example_xcom.py for tasks to queue
[2023-08-20T21:10:00.316-0400] {logging_mixin.py:150} INFO - [2023-08-20T21:10:00.315-0400] {dagbag.py:541} INFO - Filling up the DagBag from /home/mnguyen0226/anaconda3/envs/learning_scraper/lib/python3.11/site-packages/airflow/example_dags/example_xcom.py
[2023-08-20T21:10:00.329-0400] {processor.py:836} INFO - DAG(s) dict_keys(['example_xcom']) retrieved from /home/mnguyen0226/anaconda3/envs/learning_scraper/lib/python3.11/site-packages/airflow/example_dags/example_xcom.py
[2023-08-20T21:10:00.360-0400] {logging_mixin.py:150} INFO - [2023-08-20T21:10:00.359-0400] {dag.py:2742} INFO - Sync 1 DAGs
[2023-08-20T21:10:00.392-0400] {logging_mixin.py:150} INFO - [2023-08-20T21:10:00.392-0400] {dag.py:3504} INFO - Setting next_dagrun for example_xcom to 2021-01-01T00:00:00+00:00, run_after=2021-01-01T00:00:00+00:00
[2023-08-20T21:10:00.420-0400] {processor.py:179} INFO - Processing /home/mnguyen0226/anaconda3/envs/learning_scraper/lib/python3.11/site-packages/airflow/example_dags/example_xcom.py took 0.114 seconds
[2023-08-20T21:10:39.957-0400] {processor.py:157} INFO - Started process (PID=84764) to work on /home/mnguyen0226/anaconda3/envs/learning_scraper/lib/python3.11/site-packages/airflow/example_dags/example_xcom.py
[2023-08-20T21:10:39.958-0400] {processor.py:826} INFO - Processing file /home/mnguyen0226/anaconda3/envs/learning_scraper/lib/python3.11/site-packages/airflow/example_dags/example_xcom.py for tasks to queue
[2023-08-20T21:10:39.960-0400] {logging_mixin.py:150} INFO - [2023-08-20T21:10:39.959-0400] {dagbag.py:541} INFO - Filling up the DagBag from /home/mnguyen0226/anaconda3/envs/learning_scraper/lib/python3.11/site-packages/airflow/example_dags/example_xcom.py
[2023-08-20T21:10:39.973-0400] {processor.py:836} INFO - DAG(s) dict_keys(['example_xcom']) retrieved from /home/mnguyen0226/anaconda3/envs/learning_scraper/lib/python3.11/site-packages/airflow/example_dags/example_xcom.py
[2023-08-20T21:10:40.000-0400] {logging_mixin.py:150} INFO - [2023-08-20T21:10:39.999-0400] {dag.py:2742} INFO - Sync 1 DAGs
[2023-08-20T21:10:40.029-0400] {logging_mixin.py:150} INFO - [2023-08-20T21:10:40.029-0400] {dag.py:3504} INFO - Setting next_dagrun for example_xcom to 2021-01-01T00:00:00+00:00, run_after=2021-01-01T00:00:00+00:00
[2023-08-20T21:10:40.063-0400] {processor.py:179} INFO - Processing /home/mnguyen0226/anaconda3/envs/learning_scraper/lib/python3.11/site-packages/airflow/example_dags/example_xcom.py took 0.111 seconds
[2023-08-20T21:11:17.152-0400] {processor.py:157} INFO - Started process (PID=84947) to work on /home/mnguyen0226/anaconda3/envs/learning_scraper/lib/python3.11/site-packages/airflow/example_dags/example_xcom.py
[2023-08-20T21:11:17.153-0400] {processor.py:826} INFO - Processing file /home/mnguyen0226/anaconda3/envs/learning_scraper/lib/python3.11/site-packages/airflow/example_dags/example_xcom.py for tasks to queue
[2023-08-20T21:11:17.153-0400] {logging_mixin.py:150} INFO - [2023-08-20T21:11:17.153-0400] {dagbag.py:541} INFO - Filling up the DagBag from /home/mnguyen0226/anaconda3/envs/learning_scraper/lib/python3.11/site-packages/airflow/example_dags/example_xcom.py
[2023-08-20T21:11:17.159-0400] {processor.py:836} INFO - DAG(s) dict_keys(['example_xcom']) retrieved from /home/mnguyen0226/anaconda3/envs/learning_scraper/lib/python3.11/site-packages/airflow/example_dags/example_xcom.py
[2023-08-20T21:11:17.173-0400] {logging_mixin.py:150} INFO - [2023-08-20T21:11:17.173-0400] {dag.py:2742} INFO - Sync 1 DAGs
[2023-08-20T21:11:17.190-0400] {logging_mixin.py:150} INFO - [2023-08-20T21:11:17.190-0400] {dag.py:3504} INFO - Setting next_dagrun for example_xcom to 2021-01-01T00:00:00+00:00, run_after=2021-01-01T00:00:00+00:00
[2023-08-20T21:11:17.213-0400] {processor.py:179} INFO - Processing /home/mnguyen0226/anaconda3/envs/learning_scraper/lib/python3.11/site-packages/airflow/example_dags/example_xcom.py took 0.063 seconds
[2023-08-20T21:11:50.789-0400] {processor.py:157} INFO - Started process (PID=85111) to work on /home/mnguyen0226/anaconda3/envs/learning_scraper/lib/python3.11/site-packages/airflow/example_dags/example_xcom.py
[2023-08-20T21:11:50.795-0400] {processor.py:826} INFO - Processing file /home/mnguyen0226/anaconda3/envs/learning_scraper/lib/python3.11/site-packages/airflow/example_dags/example_xcom.py for tasks to queue
[2023-08-20T21:11:50.796-0400] {logging_mixin.py:150} INFO - [2023-08-20T21:11:50.795-0400] {dagbag.py:541} INFO - Filling up the DagBag from /home/mnguyen0226/anaconda3/envs/learning_scraper/lib/python3.11/site-packages/airflow/example_dags/example_xcom.py
[2023-08-20T21:11:50.813-0400] {processor.py:836} INFO - DAG(s) dict_keys(['example_xcom']) retrieved from /home/mnguyen0226/anaconda3/envs/learning_scraper/lib/python3.11/site-packages/airflow/example_dags/example_xcom.py
[2023-08-20T21:11:50.829-0400] {logging_mixin.py:150} INFO - [2023-08-20T21:11:50.829-0400] {dag.py:2742} INFO - Sync 1 DAGs
[2023-08-20T21:11:50.849-0400] {logging_mixin.py:150} INFO - [2023-08-20T21:11:50.849-0400] {dag.py:3504} INFO - Setting next_dagrun for example_xcom to 2021-01-01T00:00:00+00:00, run_after=2021-01-01T00:00:00+00:00
[2023-08-20T21:11:50.877-0400] {processor.py:179} INFO - Processing /home/mnguyen0226/anaconda3/envs/learning_scraper/lib/python3.11/site-packages/airflow/example_dags/example_xcom.py took 0.094 seconds
[2023-08-20T21:12:25.730-0400] {processor.py:157} INFO - Started process (PID=85215) to work on /home/mnguyen0226/anaconda3/envs/learning_scraper/lib/python3.11/site-packages/airflow/example_dags/example_xcom.py
[2023-08-20T21:12:25.740-0400] {processor.py:826} INFO - Processing file /home/mnguyen0226/anaconda3/envs/learning_scraper/lib/python3.11/site-packages/airflow/example_dags/example_xcom.py for tasks to queue
[2023-08-20T21:12:25.741-0400] {logging_mixin.py:150} INFO - [2023-08-20T21:12:25.741-0400] {dagbag.py:541} INFO - Filling up the DagBag from /home/mnguyen0226/anaconda3/envs/learning_scraper/lib/python3.11/site-packages/airflow/example_dags/example_xcom.py
[2023-08-20T21:12:25.754-0400] {processor.py:836} INFO - DAG(s) dict_keys(['example_xcom']) retrieved from /home/mnguyen0226/anaconda3/envs/learning_scraper/lib/python3.11/site-packages/airflow/example_dags/example_xcom.py
[2023-08-20T21:12:25.783-0400] {logging_mixin.py:150} INFO - [2023-08-20T21:12:25.783-0400] {dag.py:2742} INFO - Sync 1 DAGs
[2023-08-20T21:12:25.812-0400] {logging_mixin.py:150} INFO - [2023-08-20T21:12:25.812-0400] {dag.py:3504} INFO - Setting next_dagrun for example_xcom to 2021-01-01T00:00:00+00:00, run_after=2021-01-01T00:00:00+00:00
[2023-08-20T21:12:25.840-0400] {processor.py:179} INFO - Processing /home/mnguyen0226/anaconda3/envs/learning_scraper/lib/python3.11/site-packages/airflow/example_dags/example_xcom.py took 0.114 seconds
[2023-08-20T21:13:04.274-0400] {processor.py:157} INFO - Started process (PID=85737) to work on /home/mnguyen0226/anaconda3/envs/learning_scraper/lib/python3.11/site-packages/airflow/example_dags/example_xcom.py
[2023-08-20T21:13:04.275-0400] {processor.py:826} INFO - Processing file /home/mnguyen0226/anaconda3/envs/learning_scraper/lib/python3.11/site-packages/airflow/example_dags/example_xcom.py for tasks to queue
[2023-08-20T21:13:04.277-0400] {logging_mixin.py:150} INFO - [2023-08-20T21:13:04.276-0400] {dagbag.py:541} INFO - Filling up the DagBag from /home/mnguyen0226/anaconda3/envs/learning_scraper/lib/python3.11/site-packages/airflow/example_dags/example_xcom.py
[2023-08-20T21:13:04.289-0400] {processor.py:836} INFO - DAG(s) dict_keys(['example_xcom']) retrieved from /home/mnguyen0226/anaconda3/envs/learning_scraper/lib/python3.11/site-packages/airflow/example_dags/example_xcom.py
[2023-08-20T21:13:04.316-0400] {logging_mixin.py:150} INFO - [2023-08-20T21:13:04.316-0400] {dag.py:2742} INFO - Sync 1 DAGs
[2023-08-20T21:13:04.335-0400] {logging_mixin.py:150} INFO - [2023-08-20T21:13:04.335-0400] {dag.py:3504} INFO - Setting next_dagrun for example_xcom to 2021-01-01T00:00:00+00:00, run_after=2021-01-01T00:00:00+00:00
[2023-08-20T21:13:04.363-0400] {processor.py:179} INFO - Processing /home/mnguyen0226/anaconda3/envs/learning_scraper/lib/python3.11/site-packages/airflow/example_dags/example_xcom.py took 0.093 seconds
[2023-08-20T21:13:41.543-0400] {processor.py:157} INFO - Started process (PID=85919) to work on /home/mnguyen0226/anaconda3/envs/learning_scraper/lib/python3.11/site-packages/airflow/example_dags/example_xcom.py
[2023-08-20T21:13:41.544-0400] {processor.py:826} INFO - Processing file /home/mnguyen0226/anaconda3/envs/learning_scraper/lib/python3.11/site-packages/airflow/example_dags/example_xcom.py for tasks to queue
[2023-08-20T21:13:41.545-0400] {logging_mixin.py:150} INFO - [2023-08-20T21:13:41.544-0400] {dagbag.py:541} INFO - Filling up the DagBag from /home/mnguyen0226/anaconda3/envs/learning_scraper/lib/python3.11/site-packages/airflow/example_dags/example_xcom.py
[2023-08-20T21:13:41.552-0400] {processor.py:836} INFO - DAG(s) dict_keys(['example_xcom']) retrieved from /home/mnguyen0226/anaconda3/envs/learning_scraper/lib/python3.11/site-packages/airflow/example_dags/example_xcom.py
[2023-08-20T21:13:41.569-0400] {logging_mixin.py:150} INFO - [2023-08-20T21:13:41.568-0400] {dag.py:2742} INFO - Sync 1 DAGs
[2023-08-20T21:13:41.584-0400] {logging_mixin.py:150} INFO - [2023-08-20T21:13:41.583-0400] {dag.py:3504} INFO - Setting next_dagrun for example_xcom to 2021-01-01T00:00:00+00:00, run_after=2021-01-01T00:00:00+00:00
[2023-08-20T21:13:41.612-0400] {processor.py:179} INFO - Processing /home/mnguyen0226/anaconda3/envs/learning_scraper/lib/python3.11/site-packages/airflow/example_dags/example_xcom.py took 0.071 seconds
[2023-08-20T21:14:21.217-0400] {processor.py:157} INFO - Started process (PID=86136) to work on /home/mnguyen0226/anaconda3/envs/learning_scraper/lib/python3.11/site-packages/airflow/example_dags/example_xcom.py
[2023-08-20T21:14:21.218-0400] {processor.py:826} INFO - Processing file /home/mnguyen0226/anaconda3/envs/learning_scraper/lib/python3.11/site-packages/airflow/example_dags/example_xcom.py for tasks to queue
[2023-08-20T21:14:21.219-0400] {logging_mixin.py:150} INFO - [2023-08-20T21:14:21.218-0400] {dagbag.py:541} INFO - Filling up the DagBag from /home/mnguyen0226/anaconda3/envs/learning_scraper/lib/python3.11/site-packages/airflow/example_dags/example_xcom.py
[2023-08-20T21:14:21.231-0400] {processor.py:836} INFO - DAG(s) dict_keys(['example_xcom']) retrieved from /home/mnguyen0226/anaconda3/envs/learning_scraper/lib/python3.11/site-packages/airflow/example_dags/example_xcom.py
[2023-08-20T21:14:21.261-0400] {logging_mixin.py:150} INFO - [2023-08-20T21:14:21.261-0400] {dag.py:2742} INFO - Sync 1 DAGs
[2023-08-20T21:14:21.288-0400] {logging_mixin.py:150} INFO - [2023-08-20T21:14:21.288-0400] {dag.py:3504} INFO - Setting next_dagrun for example_xcom to 2021-01-01T00:00:00+00:00, run_after=2021-01-01T00:00:00+00:00
[2023-08-20T21:14:21.319-0400] {processor.py:179} INFO - Processing /home/mnguyen0226/anaconda3/envs/learning_scraper/lib/python3.11/site-packages/airflow/example_dags/example_xcom.py took 0.106 seconds
[2023-08-20T21:15:00.208-0400] {processor.py:157} INFO - Started process (PID=86312) to work on /home/mnguyen0226/anaconda3/envs/learning_scraper/lib/python3.11/site-packages/airflow/example_dags/example_xcom.py
[2023-08-20T21:15:00.218-0400] {processor.py:826} INFO - Processing file /home/mnguyen0226/anaconda3/envs/learning_scraper/lib/python3.11/site-packages/airflow/example_dags/example_xcom.py for tasks to queue
[2023-08-20T21:15:00.219-0400] {logging_mixin.py:150} INFO - [2023-08-20T21:15:00.218-0400] {dagbag.py:541} INFO - Filling up the DagBag from /home/mnguyen0226/anaconda3/envs/learning_scraper/lib/python3.11/site-packages/airflow/example_dags/example_xcom.py
[2023-08-20T21:15:00.231-0400] {processor.py:836} INFO - DAG(s) dict_keys(['example_xcom']) retrieved from /home/mnguyen0226/anaconda3/envs/learning_scraper/lib/python3.11/site-packages/airflow/example_dags/example_xcom.py
[2023-08-20T21:15:00.258-0400] {logging_mixin.py:150} INFO - [2023-08-20T21:15:00.258-0400] {dag.py:2742} INFO - Sync 1 DAGs
[2023-08-20T21:15:00.276-0400] {logging_mixin.py:150} INFO - [2023-08-20T21:15:00.276-0400] {dag.py:3504} INFO - Setting next_dagrun for example_xcom to 2021-01-01T00:00:00+00:00, run_after=2021-01-01T00:00:00+00:00
[2023-08-20T21:15:00.297-0400] {processor.py:179} INFO - Processing /home/mnguyen0226/anaconda3/envs/learning_scraper/lib/python3.11/site-packages/airflow/example_dags/example_xcom.py took 0.094 seconds
[2023-08-20T21:15:34.322-0400] {processor.py:157} INFO - Started process (PID=86393) to work on /home/mnguyen0226/anaconda3/envs/learning_scraper/lib/python3.11/site-packages/airflow/example_dags/example_xcom.py
[2023-08-20T21:15:34.322-0400] {processor.py:826} INFO - Processing file /home/mnguyen0226/anaconda3/envs/learning_scraper/lib/python3.11/site-packages/airflow/example_dags/example_xcom.py for tasks to queue
[2023-08-20T21:15:34.324-0400] {logging_mixin.py:150} INFO - [2023-08-20T21:15:34.323-0400] {dagbag.py:541} INFO - Filling up the DagBag from /home/mnguyen0226/anaconda3/envs/learning_scraper/lib/python3.11/site-packages/airflow/example_dags/example_xcom.py
[2023-08-20T21:15:34.333-0400] {processor.py:836} INFO - DAG(s) dict_keys(['example_xcom']) retrieved from /home/mnguyen0226/anaconda3/envs/learning_scraper/lib/python3.11/site-packages/airflow/example_dags/example_xcom.py
[2023-08-20T21:15:34.360-0400] {logging_mixin.py:150} INFO - [2023-08-20T21:15:34.360-0400] {dag.py:2742} INFO - Sync 1 DAGs
[2023-08-20T21:15:34.380-0400] {logging_mixin.py:150} INFO - [2023-08-20T21:15:34.380-0400] {dag.py:3504} INFO - Setting next_dagrun for example_xcom to 2021-01-01T00:00:00+00:00, run_after=2021-01-01T00:00:00+00:00
[2023-08-20T21:15:34.405-0400] {processor.py:179} INFO - Processing /home/mnguyen0226/anaconda3/envs/learning_scraper/lib/python3.11/site-packages/airflow/example_dags/example_xcom.py took 0.087 seconds
[2023-08-20T21:16:09.091-0400] {processor.py:157} INFO - Started process (PID=86510) to work on /home/mnguyen0226/anaconda3/envs/learning_scraper/lib/python3.11/site-packages/airflow/example_dags/example_xcom.py
[2023-08-20T21:16:09.092-0400] {processor.py:826} INFO - Processing file /home/mnguyen0226/anaconda3/envs/learning_scraper/lib/python3.11/site-packages/airflow/example_dags/example_xcom.py for tasks to queue
[2023-08-20T21:16:09.094-0400] {logging_mixin.py:150} INFO - [2023-08-20T21:16:09.093-0400] {dagbag.py:541} INFO - Filling up the DagBag from /home/mnguyen0226/anaconda3/envs/learning_scraper/lib/python3.11/site-packages/airflow/example_dags/example_xcom.py
[2023-08-20T21:16:09.108-0400] {processor.py:836} INFO - DAG(s) dict_keys(['example_xcom']) retrieved from /home/mnguyen0226/anaconda3/envs/learning_scraper/lib/python3.11/site-packages/airflow/example_dags/example_xcom.py
[2023-08-20T21:16:09.136-0400] {logging_mixin.py:150} INFO - [2023-08-20T21:16:09.135-0400] {dag.py:2742} INFO - Sync 1 DAGs
[2023-08-20T21:16:09.170-0400] {logging_mixin.py:150} INFO - [2023-08-20T21:16:09.170-0400] {dag.py:3504} INFO - Setting next_dagrun for example_xcom to 2021-01-01T00:00:00+00:00, run_after=2021-01-01T00:00:00+00:00
[2023-08-20T21:16:09.199-0400] {processor.py:179} INFO - Processing /home/mnguyen0226/anaconda3/envs/learning_scraper/lib/python3.11/site-packages/airflow/example_dags/example_xcom.py took 0.111 seconds
[2023-08-20T21:16:46.186-0400] {processor.py:157} INFO - Started process (PID=86815) to work on /home/mnguyen0226/anaconda3/envs/learning_scraper/lib/python3.11/site-packages/airflow/example_dags/example_xcom.py
[2023-08-20T21:16:46.197-0400] {processor.py:826} INFO - Processing file /home/mnguyen0226/anaconda3/envs/learning_scraper/lib/python3.11/site-packages/airflow/example_dags/example_xcom.py for tasks to queue
[2023-08-20T21:16:46.198-0400] {logging_mixin.py:150} INFO - [2023-08-20T21:16:46.197-0400] {dagbag.py:541} INFO - Filling up the DagBag from /home/mnguyen0226/anaconda3/envs/learning_scraper/lib/python3.11/site-packages/airflow/example_dags/example_xcom.py
[2023-08-20T21:16:46.219-0400] {processor.py:836} INFO - DAG(s) dict_keys(['example_xcom']) retrieved from /home/mnguyen0226/anaconda3/envs/learning_scraper/lib/python3.11/site-packages/airflow/example_dags/example_xcom.py
[2023-08-20T21:16:46.264-0400] {logging_mixin.py:150} INFO - [2023-08-20T21:16:46.263-0400] {dag.py:2742} INFO - Sync 1 DAGs
[2023-08-20T21:16:46.450-0400] {logging_mixin.py:150} INFO - [2023-08-20T21:16:46.450-0400] {dag.py:3504} INFO - Setting next_dagrun for example_xcom to 2021-01-01T00:00:00+00:00, run_after=2021-01-01T00:00:00+00:00
[2023-08-20T21:16:46.589-0400] {processor.py:179} INFO - Processing /home/mnguyen0226/anaconda3/envs/learning_scraper/lib/python3.11/site-packages/airflow/example_dags/example_xcom.py took 0.411 seconds
[2023-08-20T21:17:23.320-0400] {processor.py:157} INFO - Started process (PID=87018) to work on /home/mnguyen0226/anaconda3/envs/learning_scraper/lib/python3.11/site-packages/airflow/example_dags/example_xcom.py
[2023-08-20T21:17:23.321-0400] {processor.py:826} INFO - Processing file /home/mnguyen0226/anaconda3/envs/learning_scraper/lib/python3.11/site-packages/airflow/example_dags/example_xcom.py for tasks to queue
[2023-08-20T21:17:23.322-0400] {logging_mixin.py:150} INFO - [2023-08-20T21:17:23.322-0400] {dagbag.py:541} INFO - Filling up the DagBag from /home/mnguyen0226/anaconda3/envs/learning_scraper/lib/python3.11/site-packages/airflow/example_dags/example_xcom.py
[2023-08-20T21:17:23.334-0400] {processor.py:836} INFO - DAG(s) dict_keys(['example_xcom']) retrieved from /home/mnguyen0226/anaconda3/envs/learning_scraper/lib/python3.11/site-packages/airflow/example_dags/example_xcom.py
[2023-08-20T21:17:23.361-0400] {logging_mixin.py:150} INFO - [2023-08-20T21:17:23.360-0400] {dag.py:2742} INFO - Sync 1 DAGs
[2023-08-20T21:17:23.400-0400] {logging_mixin.py:150} INFO - [2023-08-20T21:17:23.399-0400] {dag.py:3504} INFO - Setting next_dagrun for example_xcom to 2021-01-01T00:00:00+00:00, run_after=2021-01-01T00:00:00+00:00
[2023-08-20T21:17:23.441-0400] {processor.py:179} INFO - Processing /home/mnguyen0226/anaconda3/envs/learning_scraper/lib/python3.11/site-packages/airflow/example_dags/example_xcom.py took 0.125 seconds
[2023-08-20T21:17:58.561-0400] {processor.py:157} INFO - Started process (PID=87234) to work on /home/mnguyen0226/anaconda3/envs/learning_scraper/lib/python3.11/site-packages/airflow/example_dags/example_xcom.py
[2023-08-20T21:17:58.562-0400] {processor.py:826} INFO - Processing file /home/mnguyen0226/anaconda3/envs/learning_scraper/lib/python3.11/site-packages/airflow/example_dags/example_xcom.py for tasks to queue
[2023-08-20T21:17:58.563-0400] {logging_mixin.py:150} INFO - [2023-08-20T21:17:58.563-0400] {dagbag.py:541} INFO - Filling up the DagBag from /home/mnguyen0226/anaconda3/envs/learning_scraper/lib/python3.11/site-packages/airflow/example_dags/example_xcom.py
[2023-08-20T21:17:58.578-0400] {processor.py:836} INFO - DAG(s) dict_keys(['example_xcom']) retrieved from /home/mnguyen0226/anaconda3/envs/learning_scraper/lib/python3.11/site-packages/airflow/example_dags/example_xcom.py
[2023-08-20T21:17:58.605-0400] {logging_mixin.py:150} INFO - [2023-08-20T21:17:58.605-0400] {dag.py:2742} INFO - Sync 1 DAGs
[2023-08-20T21:17:58.626-0400] {logging_mixin.py:150} INFO - [2023-08-20T21:17:58.626-0400] {dag.py:3504} INFO - Setting next_dagrun for example_xcom to 2021-01-01T00:00:00+00:00, run_after=2021-01-01T00:00:00+00:00
[2023-08-20T21:17:58.649-0400] {processor.py:179} INFO - Processing /home/mnguyen0226/anaconda3/envs/learning_scraper/lib/python3.11/site-packages/airflow/example_dags/example_xcom.py took 0.093 seconds
[2023-08-20T21:18:34.817-0400] {processor.py:157} INFO - Started process (PID=87384) to work on /home/mnguyen0226/anaconda3/envs/learning_scraper/lib/python3.11/site-packages/airflow/example_dags/example_xcom.py
[2023-08-20T21:18:34.827-0400] {processor.py:826} INFO - Processing file /home/mnguyen0226/anaconda3/envs/learning_scraper/lib/python3.11/site-packages/airflow/example_dags/example_xcom.py for tasks to queue
[2023-08-20T21:18:34.828-0400] {logging_mixin.py:150} INFO - [2023-08-20T21:18:34.828-0400] {dagbag.py:541} INFO - Filling up the DagBag from /home/mnguyen0226/anaconda3/envs/learning_scraper/lib/python3.11/site-packages/airflow/example_dags/example_xcom.py
[2023-08-20T21:18:34.840-0400] {processor.py:836} INFO - DAG(s) dict_keys(['example_xcom']) retrieved from /home/mnguyen0226/anaconda3/envs/learning_scraper/lib/python3.11/site-packages/airflow/example_dags/example_xcom.py
[2023-08-20T21:18:34.864-0400] {logging_mixin.py:150} INFO - [2023-08-20T21:18:34.863-0400] {dag.py:2742} INFO - Sync 1 DAGs
[2023-08-20T21:18:34.880-0400] {logging_mixin.py:150} INFO - [2023-08-20T21:18:34.880-0400] {dag.py:3504} INFO - Setting next_dagrun for example_xcom to 2021-01-01T00:00:00+00:00, run_after=2021-01-01T00:00:00+00:00
[2023-08-20T21:18:34.906-0400] {processor.py:179} INFO - Processing /home/mnguyen0226/anaconda3/envs/learning_scraper/lib/python3.11/site-packages/airflow/example_dags/example_xcom.py took 0.092 seconds
[2023-08-20T21:19:13.226-0400] {processor.py:157} INFO - Started process (PID=87612) to work on /home/mnguyen0226/anaconda3/envs/learning_scraper/lib/python3.11/site-packages/airflow/example_dags/example_xcom.py
[2023-08-20T21:19:13.236-0400] {processor.py:826} INFO - Processing file /home/mnguyen0226/anaconda3/envs/learning_scraper/lib/python3.11/site-packages/airflow/example_dags/example_xcom.py for tasks to queue
[2023-08-20T21:19:13.237-0400] {logging_mixin.py:150} INFO - [2023-08-20T21:19:13.236-0400] {dagbag.py:541} INFO - Filling up the DagBag from /home/mnguyen0226/anaconda3/envs/learning_scraper/lib/python3.11/site-packages/airflow/example_dags/example_xcom.py
[2023-08-20T21:19:13.249-0400] {processor.py:836} INFO - DAG(s) dict_keys(['example_xcom']) retrieved from /home/mnguyen0226/anaconda3/envs/learning_scraper/lib/python3.11/site-packages/airflow/example_dags/example_xcom.py
[2023-08-20T21:19:13.276-0400] {logging_mixin.py:150} INFO - [2023-08-20T21:19:13.276-0400] {dag.py:2742} INFO - Sync 1 DAGs
[2023-08-20T21:19:13.309-0400] {logging_mixin.py:150} INFO - [2023-08-20T21:19:13.308-0400] {dag.py:3504} INFO - Setting next_dagrun for example_xcom to 2021-01-01T00:00:00+00:00, run_after=2021-01-01T00:00:00+00:00
[2023-08-20T21:19:13.341-0400] {processor.py:179} INFO - Processing /home/mnguyen0226/anaconda3/envs/learning_scraper/lib/python3.11/site-packages/airflow/example_dags/example_xcom.py took 0.119 seconds
[2023-08-20T21:19:48.430-0400] {processor.py:157} INFO - Started process (PID=87908) to work on /home/mnguyen0226/anaconda3/envs/learning_scraper/lib/python3.11/site-packages/airflow/example_dags/example_xcom.py
[2023-08-20T21:19:48.431-0400] {processor.py:826} INFO - Processing file /home/mnguyen0226/anaconda3/envs/learning_scraper/lib/python3.11/site-packages/airflow/example_dags/example_xcom.py for tasks to queue
[2023-08-20T21:19:48.432-0400] {logging_mixin.py:150} INFO - [2023-08-20T21:19:48.432-0400] {dagbag.py:541} INFO - Filling up the DagBag from /home/mnguyen0226/anaconda3/envs/learning_scraper/lib/python3.11/site-packages/airflow/example_dags/example_xcom.py
[2023-08-20T21:19:48.443-0400] {processor.py:836} INFO - DAG(s) dict_keys(['example_xcom']) retrieved from /home/mnguyen0226/anaconda3/envs/learning_scraper/lib/python3.11/site-packages/airflow/example_dags/example_xcom.py
[2023-08-20T21:19:48.466-0400] {logging_mixin.py:150} INFO - [2023-08-20T21:19:48.466-0400] {dag.py:2742} INFO - Sync 1 DAGs
[2023-08-20T21:19:48.487-0400] {logging_mixin.py:150} INFO - [2023-08-20T21:19:48.487-0400] {dag.py:3504} INFO - Setting next_dagrun for example_xcom to 2021-01-01T00:00:00+00:00, run_after=2021-01-01T00:00:00+00:00
[2023-08-20T21:19:48.512-0400] {processor.py:179} INFO - Processing /home/mnguyen0226/anaconda3/envs/learning_scraper/lib/python3.11/site-packages/airflow/example_dags/example_xcom.py took 0.086 seconds
[2023-08-20T21:20:23.424-0400] {processor.py:157} INFO - Started process (PID=88148) to work on /home/mnguyen0226/anaconda3/envs/learning_scraper/lib/python3.11/site-packages/airflow/example_dags/example_xcom.py
[2023-08-20T21:20:23.425-0400] {processor.py:826} INFO - Processing file /home/mnguyen0226/anaconda3/envs/learning_scraper/lib/python3.11/site-packages/airflow/example_dags/example_xcom.py for tasks to queue
[2023-08-20T21:20:23.426-0400] {logging_mixin.py:150} INFO - [2023-08-20T21:20:23.425-0400] {dagbag.py:541} INFO - Filling up the DagBag from /home/mnguyen0226/anaconda3/envs/learning_scraper/lib/python3.11/site-packages/airflow/example_dags/example_xcom.py
[2023-08-20T21:20:23.436-0400] {processor.py:836} INFO - DAG(s) dict_keys(['example_xcom']) retrieved from /home/mnguyen0226/anaconda3/envs/learning_scraper/lib/python3.11/site-packages/airflow/example_dags/example_xcom.py
[2023-08-20T21:20:23.454-0400] {logging_mixin.py:150} INFO - [2023-08-20T21:20:23.453-0400] {dag.py:2742} INFO - Sync 1 DAGs
[2023-08-20T21:20:23.472-0400] {logging_mixin.py:150} INFO - [2023-08-20T21:20:23.472-0400] {dag.py:3504} INFO - Setting next_dagrun for example_xcom to 2021-01-01T00:00:00+00:00, run_after=2021-01-01T00:00:00+00:00
[2023-08-20T21:20:23.504-0400] {processor.py:179} INFO - Processing /home/mnguyen0226/anaconda3/envs/learning_scraper/lib/python3.11/site-packages/airflow/example_dags/example_xcom.py took 0.084 seconds
[2023-08-20T21:20:58.752-0400] {processor.py:157} INFO - Started process (PID=88277) to work on /home/mnguyen0226/anaconda3/envs/learning_scraper/lib/python3.11/site-packages/airflow/example_dags/example_xcom.py
[2023-08-20T21:20:58.753-0400] {processor.py:826} INFO - Processing file /home/mnguyen0226/anaconda3/envs/learning_scraper/lib/python3.11/site-packages/airflow/example_dags/example_xcom.py for tasks to queue
[2023-08-20T21:20:58.754-0400] {logging_mixin.py:150} INFO - [2023-08-20T21:20:58.753-0400] {dagbag.py:541} INFO - Filling up the DagBag from /home/mnguyen0226/anaconda3/envs/learning_scraper/lib/python3.11/site-packages/airflow/example_dags/example_xcom.py
[2023-08-20T21:20:58.766-0400] {processor.py:836} INFO - DAG(s) dict_keys(['example_xcom']) retrieved from /home/mnguyen0226/anaconda3/envs/learning_scraper/lib/python3.11/site-packages/airflow/example_dags/example_xcom.py
[2023-08-20T21:20:58.785-0400] {logging_mixin.py:150} INFO - [2023-08-20T21:20:58.785-0400] {dag.py:2742} INFO - Sync 1 DAGs
[2023-08-20T21:20:58.801-0400] {logging_mixin.py:150} INFO - [2023-08-20T21:20:58.800-0400] {dag.py:3504} INFO - Setting next_dagrun for example_xcom to 2021-01-01T00:00:00+00:00, run_after=2021-01-01T00:00:00+00:00
[2023-08-20T21:20:58.821-0400] {processor.py:179} INFO - Processing /home/mnguyen0226/anaconda3/envs/learning_scraper/lib/python3.11/site-packages/airflow/example_dags/example_xcom.py took 0.074 seconds
