[2023-08-20T20:59:29.910-0400] {processor.py:157} INFO - Started process (PID=80080) to work on /home/mnguyen0226/anaconda3/envs/learning_scraper/lib/python3.11/site-packages/airflow/example_dags/example_nested_branch_dag.py
[2023-08-20T20:59:29.912-0400] {processor.py:826} INFO - Processing file /home/mnguyen0226/anaconda3/envs/learning_scraper/lib/python3.11/site-packages/airflow/example_dags/example_nested_branch_dag.py for tasks to queue
[2023-08-20T20:59:29.913-0400] {logging_mixin.py:150} INFO - [2023-08-20T20:59:29.913-0400] {dagbag.py:541} INFO - Filling up the DagBag from /home/mnguyen0226/anaconda3/envs/learning_scraper/lib/python3.11/site-packages/airflow/example_dags/example_nested_branch_dag.py
[2023-08-20T20:59:29.929-0400] {processor.py:836} INFO - DAG(s) dict_keys(['example_nested_branch_dag']) retrieved from /home/mnguyen0226/anaconda3/envs/learning_scraper/lib/python3.11/site-packages/airflow/example_dags/example_nested_branch_dag.py
[2023-08-20T20:59:29.945-0400] {logging_mixin.py:150} INFO - [2023-08-20T20:59:29.945-0400] {dag.py:2742} INFO - Sync 1 DAGs
[2023-08-20T20:59:29.962-0400] {logging_mixin.py:150} INFO - [2023-08-20T20:59:29.962-0400] {dag.py:3504} INFO - Setting next_dagrun for example_nested_branch_dag to 2023-08-20T00:00:00+00:00, run_after=2023-08-21T00:00:00+00:00
[2023-08-20T20:59:29.997-0400] {processor.py:179} INFO - Processing /home/mnguyen0226/anaconda3/envs/learning_scraper/lib/python3.11/site-packages/airflow/example_dags/example_nested_branch_dag.py took 0.092 seconds
[2023-08-20T21:00:26.751-0400] {processor.py:157} INFO - Started process (PID=80449) to work on /home/mnguyen0226/anaconda3/envs/learning_scraper/lib/python3.11/site-packages/airflow/example_dags/example_nested_branch_dag.py
[2023-08-20T21:00:26.752-0400] {processor.py:826} INFO - Processing file /home/mnguyen0226/anaconda3/envs/learning_scraper/lib/python3.11/site-packages/airflow/example_dags/example_nested_branch_dag.py for tasks to queue
[2023-08-20T21:00:26.753-0400] {logging_mixin.py:150} INFO - [2023-08-20T21:00:26.753-0400] {dagbag.py:541} INFO - Filling up the DagBag from /home/mnguyen0226/anaconda3/envs/learning_scraper/lib/python3.11/site-packages/airflow/example_dags/example_nested_branch_dag.py
[2023-08-20T21:00:26.772-0400] {processor.py:836} INFO - DAG(s) dict_keys(['example_nested_branch_dag']) retrieved from /home/mnguyen0226/anaconda3/envs/learning_scraper/lib/python3.11/site-packages/airflow/example_dags/example_nested_branch_dag.py
[2023-08-20T21:00:26.806-0400] {logging_mixin.py:150} INFO - [2023-08-20T21:00:26.806-0400] {dag.py:2742} INFO - Sync 1 DAGs
[2023-08-20T21:00:26.825-0400] {logging_mixin.py:150} INFO - [2023-08-20T21:00:26.824-0400] {dag.py:3504} INFO - Setting next_dagrun for example_nested_branch_dag to 2023-08-20T00:00:00+00:00, run_after=2023-08-21T00:00:00+00:00
[2023-08-20T21:00:26.851-0400] {processor.py:179} INFO - Processing /home/mnguyen0226/anaconda3/envs/learning_scraper/lib/python3.11/site-packages/airflow/example_dags/example_nested_branch_dag.py took 0.106 seconds
[2023-08-20T21:01:12.420-0400] {processor.py:157} INFO - Started process (PID=80911) to work on /home/mnguyen0226/anaconda3/envs/learning_scraper/lib/python3.11/site-packages/airflow/example_dags/example_nested_branch_dag.py
[2023-08-20T21:01:12.421-0400] {processor.py:826} INFO - Processing file /home/mnguyen0226/anaconda3/envs/learning_scraper/lib/python3.11/site-packages/airflow/example_dags/example_nested_branch_dag.py for tasks to queue
[2023-08-20T21:01:12.421-0400] {logging_mixin.py:150} INFO - [2023-08-20T21:01:12.421-0400] {dagbag.py:541} INFO - Filling up the DagBag from /home/mnguyen0226/anaconda3/envs/learning_scraper/lib/python3.11/site-packages/airflow/example_dags/example_nested_branch_dag.py
[2023-08-20T21:01:12.431-0400] {processor.py:836} INFO - DAG(s) dict_keys(['example_nested_branch_dag']) retrieved from /home/mnguyen0226/anaconda3/envs/learning_scraper/lib/python3.11/site-packages/airflow/example_dags/example_nested_branch_dag.py
[2023-08-20T21:01:12.456-0400] {logging_mixin.py:150} INFO - [2023-08-20T21:01:12.456-0400] {dag.py:2742} INFO - Sync 1 DAGs
[2023-08-20T21:01:12.477-0400] {logging_mixin.py:150} INFO - [2023-08-20T21:01:12.477-0400] {dag.py:3504} INFO - Setting next_dagrun for example_nested_branch_dag to 2023-08-20T00:00:00+00:00, run_after=2023-08-21T00:00:00+00:00
[2023-08-20T21:01:12.506-0400] {processor.py:179} INFO - Processing /home/mnguyen0226/anaconda3/envs/learning_scraper/lib/python3.11/site-packages/airflow/example_dags/example_nested_branch_dag.py took 0.089 seconds
[2023-08-20T21:01:59.456-0400] {processor.py:157} INFO - Started process (PID=81174) to work on /home/mnguyen0226/anaconda3/envs/learning_scraper/lib/python3.11/site-packages/airflow/example_dags/example_nested_branch_dag.py
[2023-08-20T21:01:59.457-0400] {processor.py:826} INFO - Processing file /home/mnguyen0226/anaconda3/envs/learning_scraper/lib/python3.11/site-packages/airflow/example_dags/example_nested_branch_dag.py for tasks to queue
[2023-08-20T21:01:59.459-0400] {logging_mixin.py:150} INFO - [2023-08-20T21:01:59.458-0400] {dagbag.py:541} INFO - Filling up the DagBag from /home/mnguyen0226/anaconda3/envs/learning_scraper/lib/python3.11/site-packages/airflow/example_dags/example_nested_branch_dag.py
[2023-08-20T21:01:59.475-0400] {processor.py:836} INFO - DAG(s) dict_keys(['example_nested_branch_dag']) retrieved from /home/mnguyen0226/anaconda3/envs/learning_scraper/lib/python3.11/site-packages/airflow/example_dags/example_nested_branch_dag.py
[2023-08-20T21:01:59.500-0400] {logging_mixin.py:150} INFO - [2023-08-20T21:01:59.500-0400] {dag.py:2742} INFO - Sync 1 DAGs
[2023-08-20T21:01:59.517-0400] {logging_mixin.py:150} INFO - [2023-08-20T21:01:59.517-0400] {dag.py:3504} INFO - Setting next_dagrun for example_nested_branch_dag to 2023-08-20T00:00:00+00:00, run_after=2023-08-21T00:00:00+00:00
[2023-08-20T21:01:59.538-0400] {processor.py:179} INFO - Processing /home/mnguyen0226/anaconda3/envs/learning_scraper/lib/python3.11/site-packages/airflow/example_dags/example_nested_branch_dag.py took 0.085 seconds
[2023-08-20T21:03:25.976-0400] {processor.py:157} INFO - Started process (PID=81564) to work on /home/mnguyen0226/anaconda3/envs/learning_scraper/lib/python3.11/site-packages/airflow/example_dags/example_nested_branch_dag.py
[2023-08-20T21:03:25.985-0400] {processor.py:826} INFO - Processing file /home/mnguyen0226/anaconda3/envs/learning_scraper/lib/python3.11/site-packages/airflow/example_dags/example_nested_branch_dag.py for tasks to queue
[2023-08-20T21:03:25.986-0400] {logging_mixin.py:150} INFO - [2023-08-20T21:03:25.986-0400] {dagbag.py:541} INFO - Filling up the DagBag from /home/mnguyen0226/anaconda3/envs/learning_scraper/lib/python3.11/site-packages/airflow/example_dags/example_nested_branch_dag.py
[2023-08-20T21:03:26.000-0400] {processor.py:836} INFO - DAG(s) dict_keys(['example_nested_branch_dag']) retrieved from /home/mnguyen0226/anaconda3/envs/learning_scraper/lib/python3.11/site-packages/airflow/example_dags/example_nested_branch_dag.py
[2023-08-20T21:03:26.023-0400] {logging_mixin.py:150} INFO - [2023-08-20T21:03:26.022-0400] {dag.py:2742} INFO - Sync 1 DAGs
[2023-08-20T21:03:26.046-0400] {logging_mixin.py:150} INFO - [2023-08-20T21:03:26.046-0400] {dag.py:3504} INFO - Setting next_dagrun for example_nested_branch_dag to 2023-08-20T00:00:00+00:00, run_after=2023-08-21T00:00:00+00:00
[2023-08-20T21:03:26.080-0400] {processor.py:179} INFO - Processing /home/mnguyen0226/anaconda3/envs/learning_scraper/lib/python3.11/site-packages/airflow/example_dags/example_nested_branch_dag.py took 0.107 seconds
[2023-08-20T21:04:11.572-0400] {processor.py:157} INFO - Started process (PID=82968) to work on /home/mnguyen0226/anaconda3/envs/learning_scraper/lib/python3.11/site-packages/airflow/example_dags/example_nested_branch_dag.py
[2023-08-20T21:04:11.573-0400] {processor.py:826} INFO - Processing file /home/mnguyen0226/anaconda3/envs/learning_scraper/lib/python3.11/site-packages/airflow/example_dags/example_nested_branch_dag.py for tasks to queue
[2023-08-20T21:04:11.574-0400] {logging_mixin.py:150} INFO - [2023-08-20T21:04:11.574-0400] {dagbag.py:541} INFO - Filling up the DagBag from /home/mnguyen0226/anaconda3/envs/learning_scraper/lib/python3.11/site-packages/airflow/example_dags/example_nested_branch_dag.py
[2023-08-20T21:04:11.590-0400] {processor.py:836} INFO - DAG(s) dict_keys(['example_nested_branch_dag']) retrieved from /home/mnguyen0226/anaconda3/envs/learning_scraper/lib/python3.11/site-packages/airflow/example_dags/example_nested_branch_dag.py
[2023-08-20T21:04:11.616-0400] {logging_mixin.py:150} INFO - [2023-08-20T21:04:11.616-0400] {dag.py:2742} INFO - Sync 1 DAGs
[2023-08-20T21:04:11.633-0400] {logging_mixin.py:150} INFO - [2023-08-20T21:04:11.633-0400] {dag.py:3504} INFO - Setting next_dagrun for example_nested_branch_dag to 2023-08-20T00:00:00+00:00, run_after=2023-08-21T00:00:00+00:00
[2023-08-20T21:04:11.654-0400] {processor.py:179} INFO - Processing /home/mnguyen0226/anaconda3/envs/learning_scraper/lib/python3.11/site-packages/airflow/example_dags/example_nested_branch_dag.py took 0.088 seconds
[2023-08-20T21:05:00.352-0400] {processor.py:157} INFO - Started process (PID=83237) to work on /home/mnguyen0226/anaconda3/envs/learning_scraper/lib/python3.11/site-packages/airflow/example_dags/example_nested_branch_dag.py
[2023-08-20T21:05:00.354-0400] {processor.py:826} INFO - Processing file /home/mnguyen0226/anaconda3/envs/learning_scraper/lib/python3.11/site-packages/airflow/example_dags/example_nested_branch_dag.py for tasks to queue
[2023-08-20T21:05:00.355-0400] {logging_mixin.py:150} INFO - [2023-08-20T21:05:00.354-0400] {dagbag.py:541} INFO - Filling up the DagBag from /home/mnguyen0226/anaconda3/envs/learning_scraper/lib/python3.11/site-packages/airflow/example_dags/example_nested_branch_dag.py
[2023-08-20T21:05:00.370-0400] {processor.py:836} INFO - DAG(s) dict_keys(['example_nested_branch_dag']) retrieved from /home/mnguyen0226/anaconda3/envs/learning_scraper/lib/python3.11/site-packages/airflow/example_dags/example_nested_branch_dag.py
[2023-08-20T21:05:00.389-0400] {logging_mixin.py:150} INFO - [2023-08-20T21:05:00.388-0400] {dag.py:2742} INFO - Sync 1 DAGs
[2023-08-20T21:05:00.412-0400] {logging_mixin.py:150} INFO - [2023-08-20T21:05:00.411-0400] {dag.py:3504} INFO - Setting next_dagrun for example_nested_branch_dag to 2023-08-20T00:00:00+00:00, run_after=2023-08-21T00:00:00+00:00
[2023-08-20T21:05:00.445-0400] {processor.py:179} INFO - Processing /home/mnguyen0226/anaconda3/envs/learning_scraper/lib/python3.11/site-packages/airflow/example_dags/example_nested_branch_dag.py took 0.097 seconds
[2023-08-20T21:05:55.413-0400] {processor.py:157} INFO - Started process (PID=83487) to work on /home/mnguyen0226/anaconda3/envs/learning_scraper/lib/python3.11/site-packages/airflow/example_dags/example_nested_branch_dag.py
[2023-08-20T21:05:55.415-0400] {processor.py:826} INFO - Processing file /home/mnguyen0226/anaconda3/envs/learning_scraper/lib/python3.11/site-packages/airflow/example_dags/example_nested_branch_dag.py for tasks to queue
[2023-08-20T21:05:55.416-0400] {logging_mixin.py:150} INFO - [2023-08-20T21:05:55.415-0400] {dagbag.py:541} INFO - Filling up the DagBag from /home/mnguyen0226/anaconda3/envs/learning_scraper/lib/python3.11/site-packages/airflow/example_dags/example_nested_branch_dag.py
[2023-08-20T21:05:55.429-0400] {processor.py:836} INFO - DAG(s) dict_keys(['example_nested_branch_dag']) retrieved from /home/mnguyen0226/anaconda3/envs/learning_scraper/lib/python3.11/site-packages/airflow/example_dags/example_nested_branch_dag.py
[2023-08-20T21:05:55.446-0400] {logging_mixin.py:150} INFO - [2023-08-20T21:05:55.446-0400] {dag.py:2742} INFO - Sync 1 DAGs
[2023-08-20T21:05:55.473-0400] {logging_mixin.py:150} INFO - [2023-08-20T21:05:55.473-0400] {dag.py:3504} INFO - Setting next_dagrun for example_nested_branch_dag to 2023-08-20T00:00:00+00:00, run_after=2023-08-21T00:00:00+00:00
[2023-08-20T21:05:55.509-0400] {processor.py:179} INFO - Processing /home/mnguyen0226/anaconda3/envs/learning_scraper/lib/python3.11/site-packages/airflow/example_dags/example_nested_branch_dag.py took 0.099 seconds
[2023-08-20T21:06:37.401-0400] {processor.py:157} INFO - Started process (PID=83623) to work on /home/mnguyen0226/anaconda3/envs/learning_scraper/lib/python3.11/site-packages/airflow/example_dags/example_nested_branch_dag.py
[2023-08-20T21:06:37.402-0400] {processor.py:826} INFO - Processing file /home/mnguyen0226/anaconda3/envs/learning_scraper/lib/python3.11/site-packages/airflow/example_dags/example_nested_branch_dag.py for tasks to queue
[2023-08-20T21:06:37.403-0400] {logging_mixin.py:150} INFO - [2023-08-20T21:06:37.403-0400] {dagbag.py:541} INFO - Filling up the DagBag from /home/mnguyen0226/anaconda3/envs/learning_scraper/lib/python3.11/site-packages/airflow/example_dags/example_nested_branch_dag.py
[2023-08-20T21:06:37.421-0400] {processor.py:836} INFO - DAG(s) dict_keys(['example_nested_branch_dag']) retrieved from /home/mnguyen0226/anaconda3/envs/learning_scraper/lib/python3.11/site-packages/airflow/example_dags/example_nested_branch_dag.py
[2023-08-20T21:06:37.452-0400] {logging_mixin.py:150} INFO - [2023-08-20T21:06:37.451-0400] {dag.py:2742} INFO - Sync 1 DAGs
[2023-08-20T21:06:37.490-0400] {logging_mixin.py:150} INFO - [2023-08-20T21:06:37.489-0400] {dag.py:3504} INFO - Setting next_dagrun for example_nested_branch_dag to 2023-08-20T00:00:00+00:00, run_after=2023-08-21T00:00:00+00:00
[2023-08-20T21:06:37.526-0400] {processor.py:179} INFO - Processing /home/mnguyen0226/anaconda3/envs/learning_scraper/lib/python3.11/site-packages/airflow/example_dags/example_nested_branch_dag.py took 0.132 seconds
[2023-08-20T21:07:18.514-0400] {processor.py:157} INFO - Started process (PID=83875) to work on /home/mnguyen0226/anaconda3/envs/learning_scraper/lib/python3.11/site-packages/airflow/example_dags/example_nested_branch_dag.py
[2023-08-20T21:07:18.523-0400] {processor.py:826} INFO - Processing file /home/mnguyen0226/anaconda3/envs/learning_scraper/lib/python3.11/site-packages/airflow/example_dags/example_nested_branch_dag.py for tasks to queue
[2023-08-20T21:07:18.525-0400] {logging_mixin.py:150} INFO - [2023-08-20T21:07:18.524-0400] {dagbag.py:541} INFO - Filling up the DagBag from /home/mnguyen0226/anaconda3/envs/learning_scraper/lib/python3.11/site-packages/airflow/example_dags/example_nested_branch_dag.py
[2023-08-20T21:07:18.541-0400] {processor.py:836} INFO - DAG(s) dict_keys(['example_nested_branch_dag']) retrieved from /home/mnguyen0226/anaconda3/envs/learning_scraper/lib/python3.11/site-packages/airflow/example_dags/example_nested_branch_dag.py
[2023-08-20T21:07:18.694-0400] {logging_mixin.py:150} INFO - [2023-08-20T21:07:18.694-0400] {dag.py:2742} INFO - Sync 1 DAGs
[2023-08-20T21:07:18.708-0400] {logging_mixin.py:150} INFO - [2023-08-20T21:07:18.708-0400] {dag.py:3504} INFO - Setting next_dagrun for example_nested_branch_dag to 2023-08-20T00:00:00+00:00, run_after=2023-08-21T00:00:00+00:00
[2023-08-20T21:07:18.744-0400] {processor.py:179} INFO - Processing /home/mnguyen0226/anaconda3/envs/learning_scraper/lib/python3.11/site-packages/airflow/example_dags/example_nested_branch_dag.py took 0.237 seconds
[2023-08-20T21:08:01.593-0400] {processor.py:157} INFO - Started process (PID=84020) to work on /home/mnguyen0226/anaconda3/envs/learning_scraper/lib/python3.11/site-packages/airflow/example_dags/example_nested_branch_dag.py
[2023-08-20T21:08:01.595-0400] {processor.py:826} INFO - Processing file /home/mnguyen0226/anaconda3/envs/learning_scraper/lib/python3.11/site-packages/airflow/example_dags/example_nested_branch_dag.py for tasks to queue
[2023-08-20T21:08:01.597-0400] {logging_mixin.py:150} INFO - [2023-08-20T21:08:01.596-0400] {dagbag.py:541} INFO - Filling up the DagBag from /home/mnguyen0226/anaconda3/envs/learning_scraper/lib/python3.11/site-packages/airflow/example_dags/example_nested_branch_dag.py
[2023-08-20T21:08:01.617-0400] {processor.py:836} INFO - DAG(s) dict_keys(['example_nested_branch_dag']) retrieved from /home/mnguyen0226/anaconda3/envs/learning_scraper/lib/python3.11/site-packages/airflow/example_dags/example_nested_branch_dag.py
[2023-08-20T21:08:01.645-0400] {logging_mixin.py:150} INFO - [2023-08-20T21:08:01.645-0400] {dag.py:2742} INFO - Sync 1 DAGs
[2023-08-20T21:08:01.666-0400] {logging_mixin.py:150} INFO - [2023-08-20T21:08:01.666-0400] {dag.py:3504} INFO - Setting next_dagrun for example_nested_branch_dag to 2023-08-20T00:00:00+00:00, run_after=2023-08-21T00:00:00+00:00
[2023-08-20T21:08:01.699-0400] {processor.py:179} INFO - Processing /home/mnguyen0226/anaconda3/envs/learning_scraper/lib/python3.11/site-packages/airflow/example_dags/example_nested_branch_dag.py took 0.110 seconds
[2023-08-20T21:08:54.352-0400] {processor.py:157} INFO - Started process (PID=84260) to work on /home/mnguyen0226/anaconda3/envs/learning_scraper/lib/python3.11/site-packages/airflow/example_dags/example_nested_branch_dag.py
[2023-08-20T21:08:54.361-0400] {processor.py:826} INFO - Processing file /home/mnguyen0226/anaconda3/envs/learning_scraper/lib/python3.11/site-packages/airflow/example_dags/example_nested_branch_dag.py for tasks to queue
[2023-08-20T21:08:54.362-0400] {logging_mixin.py:150} INFO - [2023-08-20T21:08:54.362-0400] {dagbag.py:541} INFO - Filling up the DagBag from /home/mnguyen0226/anaconda3/envs/learning_scraper/lib/python3.11/site-packages/airflow/example_dags/example_nested_branch_dag.py
[2023-08-20T21:08:54.371-0400] {processor.py:836} INFO - DAG(s) dict_keys(['example_nested_branch_dag']) retrieved from /home/mnguyen0226/anaconda3/envs/learning_scraper/lib/python3.11/site-packages/airflow/example_dags/example_nested_branch_dag.py
[2023-08-20T21:08:54.389-0400] {logging_mixin.py:150} INFO - [2023-08-20T21:08:54.389-0400] {dag.py:2742} INFO - Sync 1 DAGs
[2023-08-20T21:08:54.408-0400] {logging_mixin.py:150} INFO - [2023-08-20T21:08:54.408-0400] {dag.py:3504} INFO - Setting next_dagrun for example_nested_branch_dag to 2023-08-20T00:00:00+00:00, run_after=2023-08-21T00:00:00+00:00
[2023-08-20T21:08:54.436-0400] {processor.py:179} INFO - Processing /home/mnguyen0226/anaconda3/envs/learning_scraper/lib/python3.11/site-packages/airflow/example_dags/example_nested_branch_dag.py took 0.087 seconds
[2023-08-20T21:09:47.654-0400] {processor.py:157} INFO - Started process (PID=84542) to work on /home/mnguyen0226/anaconda3/envs/learning_scraper/lib/python3.11/site-packages/airflow/example_dags/example_nested_branch_dag.py
[2023-08-20T21:09:47.655-0400] {processor.py:826} INFO - Processing file /home/mnguyen0226/anaconda3/envs/learning_scraper/lib/python3.11/site-packages/airflow/example_dags/example_nested_branch_dag.py for tasks to queue
[2023-08-20T21:09:47.655-0400] {logging_mixin.py:150} INFO - [2023-08-20T21:09:47.655-0400] {dagbag.py:541} INFO - Filling up the DagBag from /home/mnguyen0226/anaconda3/envs/learning_scraper/lib/python3.11/site-packages/airflow/example_dags/example_nested_branch_dag.py
[2023-08-20T21:09:47.665-0400] {processor.py:836} INFO - DAG(s) dict_keys(['example_nested_branch_dag']) retrieved from /home/mnguyen0226/anaconda3/envs/learning_scraper/lib/python3.11/site-packages/airflow/example_dags/example_nested_branch_dag.py
[2023-08-20T21:09:47.680-0400] {logging_mixin.py:150} INFO - [2023-08-20T21:09:47.679-0400] {dag.py:2742} INFO - Sync 1 DAGs
[2023-08-20T21:09:47.697-0400] {logging_mixin.py:150} INFO - [2023-08-20T21:09:47.697-0400] {dag.py:3504} INFO - Setting next_dagrun for example_nested_branch_dag to 2023-08-20T00:00:00+00:00, run_after=2023-08-21T00:00:00+00:00
[2023-08-20T21:09:47.722-0400] {processor.py:179} INFO - Processing /home/mnguyen0226/anaconda3/envs/learning_scraper/lib/python3.11/site-packages/airflow/example_dags/example_nested_branch_dag.py took 0.070 seconds
[2023-08-20T21:10:26.060-0400] {processor.py:157} INFO - Started process (PID=84724) to work on /home/mnguyen0226/anaconda3/envs/learning_scraper/lib/python3.11/site-packages/airflow/example_dags/example_nested_branch_dag.py
[2023-08-20T21:10:26.070-0400] {processor.py:826} INFO - Processing file /home/mnguyen0226/anaconda3/envs/learning_scraper/lib/python3.11/site-packages/airflow/example_dags/example_nested_branch_dag.py for tasks to queue
[2023-08-20T21:10:26.072-0400] {logging_mixin.py:150} INFO - [2023-08-20T21:10:26.071-0400] {dagbag.py:541} INFO - Filling up the DagBag from /home/mnguyen0226/anaconda3/envs/learning_scraper/lib/python3.11/site-packages/airflow/example_dags/example_nested_branch_dag.py
[2023-08-20T21:10:26.088-0400] {processor.py:836} INFO - DAG(s) dict_keys(['example_nested_branch_dag']) retrieved from /home/mnguyen0226/anaconda3/envs/learning_scraper/lib/python3.11/site-packages/airflow/example_dags/example_nested_branch_dag.py
[2023-08-20T21:10:26.126-0400] {logging_mixin.py:150} INFO - [2023-08-20T21:10:26.126-0400] {dag.py:2742} INFO - Sync 1 DAGs
[2023-08-20T21:10:26.159-0400] {logging_mixin.py:150} INFO - [2023-08-20T21:10:26.158-0400] {dag.py:3504} INFO - Setting next_dagrun for example_nested_branch_dag to 2023-08-20T00:00:00+00:00, run_after=2023-08-21T00:00:00+00:00
[2023-08-20T21:10:26.192-0400] {processor.py:179} INFO - Processing /home/mnguyen0226/anaconda3/envs/learning_scraper/lib/python3.11/site-packages/airflow/example_dags/example_nested_branch_dag.py took 0.138 seconds
[2023-08-20T21:11:06.441-0400] {processor.py:157} INFO - Started process (PID=84901) to work on /home/mnguyen0226/anaconda3/envs/learning_scraper/lib/python3.11/site-packages/airflow/example_dags/example_nested_branch_dag.py
[2023-08-20T21:11:06.442-0400] {processor.py:826} INFO - Processing file /home/mnguyen0226/anaconda3/envs/learning_scraper/lib/python3.11/site-packages/airflow/example_dags/example_nested_branch_dag.py for tasks to queue
[2023-08-20T21:11:06.443-0400] {logging_mixin.py:150} INFO - [2023-08-20T21:11:06.442-0400] {dagbag.py:541} INFO - Filling up the DagBag from /home/mnguyen0226/anaconda3/envs/learning_scraper/lib/python3.11/site-packages/airflow/example_dags/example_nested_branch_dag.py
[2023-08-20T21:11:06.458-0400] {processor.py:836} INFO - DAG(s) dict_keys(['example_nested_branch_dag']) retrieved from /home/mnguyen0226/anaconda3/envs/learning_scraper/lib/python3.11/site-packages/airflow/example_dags/example_nested_branch_dag.py
[2023-08-20T21:11:06.483-0400] {logging_mixin.py:150} INFO - [2023-08-20T21:11:06.482-0400] {dag.py:2742} INFO - Sync 1 DAGs
[2023-08-20T21:11:06.508-0400] {logging_mixin.py:150} INFO - [2023-08-20T21:11:06.508-0400] {dag.py:3504} INFO - Setting next_dagrun for example_nested_branch_dag to 2023-08-20T00:00:00+00:00, run_after=2023-08-21T00:00:00+00:00
[2023-08-20T21:11:06.530-0400] {processor.py:179} INFO - Processing /home/mnguyen0226/anaconda3/envs/learning_scraper/lib/python3.11/site-packages/airflow/example_dags/example_nested_branch_dag.py took 0.093 seconds
[2023-08-20T21:11:55.805-0400] {processor.py:157} INFO - Started process (PID=85127) to work on /home/mnguyen0226/anaconda3/envs/learning_scraper/lib/python3.11/site-packages/airflow/example_dags/example_nested_branch_dag.py
[2023-08-20T21:11:55.806-0400] {processor.py:826} INFO - Processing file /home/mnguyen0226/anaconda3/envs/learning_scraper/lib/python3.11/site-packages/airflow/example_dags/example_nested_branch_dag.py for tasks to queue
[2023-08-20T21:11:55.807-0400] {logging_mixin.py:150} INFO - [2023-08-20T21:11:55.806-0400] {dagbag.py:541} INFO - Filling up the DagBag from /home/mnguyen0226/anaconda3/envs/learning_scraper/lib/python3.11/site-packages/airflow/example_dags/example_nested_branch_dag.py
[2023-08-20T21:11:55.822-0400] {processor.py:836} INFO - DAG(s) dict_keys(['example_nested_branch_dag']) retrieved from /home/mnguyen0226/anaconda3/envs/learning_scraper/lib/python3.11/site-packages/airflow/example_dags/example_nested_branch_dag.py
[2023-08-20T21:11:55.845-0400] {logging_mixin.py:150} INFO - [2023-08-20T21:11:55.844-0400] {dag.py:2742} INFO - Sync 1 DAGs
[2023-08-20T21:11:55.869-0400] {logging_mixin.py:150} INFO - [2023-08-20T21:11:55.869-0400] {dag.py:3504} INFO - Setting next_dagrun for example_nested_branch_dag to 2023-08-20T00:00:00+00:00, run_after=2023-08-21T00:00:00+00:00
[2023-08-20T21:11:55.895-0400] {processor.py:179} INFO - Processing /home/mnguyen0226/anaconda3/envs/learning_scraper/lib/python3.11/site-packages/airflow/example_dags/example_nested_branch_dag.py took 0.095 seconds
[2023-08-20T21:12:52.683-0400] {processor.py:157} INFO - Started process (PID=85718) to work on /home/mnguyen0226/anaconda3/envs/learning_scraper/lib/python3.11/site-packages/airflow/example_dags/example_nested_branch_dag.py
[2023-08-20T21:12:52.684-0400] {processor.py:826} INFO - Processing file /home/mnguyen0226/anaconda3/envs/learning_scraper/lib/python3.11/site-packages/airflow/example_dags/example_nested_branch_dag.py for tasks to queue
[2023-08-20T21:12:52.685-0400] {logging_mixin.py:150} INFO - [2023-08-20T21:12:52.685-0400] {dagbag.py:541} INFO - Filling up the DagBag from /home/mnguyen0226/anaconda3/envs/learning_scraper/lib/python3.11/site-packages/airflow/example_dags/example_nested_branch_dag.py
[2023-08-20T21:12:52.699-0400] {processor.py:836} INFO - DAG(s) dict_keys(['example_nested_branch_dag']) retrieved from /home/mnguyen0226/anaconda3/envs/learning_scraper/lib/python3.11/site-packages/airflow/example_dags/example_nested_branch_dag.py
[2023-08-20T21:12:52.720-0400] {logging_mixin.py:150} INFO - [2023-08-20T21:12:52.720-0400] {dag.py:2742} INFO - Sync 1 DAGs
[2023-08-20T21:12:52.736-0400] {logging_mixin.py:150} INFO - [2023-08-20T21:12:52.736-0400] {dag.py:3504} INFO - Setting next_dagrun for example_nested_branch_dag to 2023-08-20T00:00:00+00:00, run_after=2023-08-21T00:00:00+00:00
[2023-08-20T21:12:52.769-0400] {processor.py:179} INFO - Processing /home/mnguyen0226/anaconda3/envs/learning_scraper/lib/python3.11/site-packages/airflow/example_dags/example_nested_branch_dag.py took 0.089 seconds
[2023-08-20T21:13:48.658-0400] {processor.py:157} INFO - Started process (PID=85945) to work on /home/mnguyen0226/anaconda3/envs/learning_scraper/lib/python3.11/site-packages/airflow/example_dags/example_nested_branch_dag.py
[2023-08-20T21:13:48.659-0400] {processor.py:826} INFO - Processing file /home/mnguyen0226/anaconda3/envs/learning_scraper/lib/python3.11/site-packages/airflow/example_dags/example_nested_branch_dag.py for tasks to queue
[2023-08-20T21:13:48.661-0400] {logging_mixin.py:150} INFO - [2023-08-20T21:13:48.660-0400] {dagbag.py:541} INFO - Filling up the DagBag from /home/mnguyen0226/anaconda3/envs/learning_scraper/lib/python3.11/site-packages/airflow/example_dags/example_nested_branch_dag.py
[2023-08-20T21:13:48.676-0400] {processor.py:836} INFO - DAG(s) dict_keys(['example_nested_branch_dag']) retrieved from /home/mnguyen0226/anaconda3/envs/learning_scraper/lib/python3.11/site-packages/airflow/example_dags/example_nested_branch_dag.py
[2023-08-20T21:13:48.698-0400] {logging_mixin.py:150} INFO - [2023-08-20T21:13:48.698-0400] {dag.py:2742} INFO - Sync 1 DAGs
[2023-08-20T21:13:48.731-0400] {logging_mixin.py:150} INFO - [2023-08-20T21:13:48.731-0400] {dag.py:3504} INFO - Setting next_dagrun for example_nested_branch_dag to 2023-08-20T00:00:00+00:00, run_after=2023-08-21T00:00:00+00:00
[2023-08-20T21:13:48.776-0400] {processor.py:179} INFO - Processing /home/mnguyen0226/anaconda3/envs/learning_scraper/lib/python3.11/site-packages/airflow/example_dags/example_nested_branch_dag.py took 0.124 seconds
[2023-08-20T21:14:28.999-0400] {processor.py:157} INFO - Started process (PID=86172) to work on /home/mnguyen0226/anaconda3/envs/learning_scraper/lib/python3.11/site-packages/airflow/example_dags/example_nested_branch_dag.py
[2023-08-20T21:14:29.000-0400] {processor.py:826} INFO - Processing file /home/mnguyen0226/anaconda3/envs/learning_scraper/lib/python3.11/site-packages/airflow/example_dags/example_nested_branch_dag.py for tasks to queue
[2023-08-20T21:14:29.001-0400] {logging_mixin.py:150} INFO - [2023-08-20T21:14:29.001-0400] {dagbag.py:541} INFO - Filling up the DagBag from /home/mnguyen0226/anaconda3/envs/learning_scraper/lib/python3.11/site-packages/airflow/example_dags/example_nested_branch_dag.py
[2023-08-20T21:14:29.012-0400] {processor.py:836} INFO - DAG(s) dict_keys(['example_nested_branch_dag']) retrieved from /home/mnguyen0226/anaconda3/envs/learning_scraper/lib/python3.11/site-packages/airflow/example_dags/example_nested_branch_dag.py
[2023-08-20T21:14:29.035-0400] {logging_mixin.py:150} INFO - [2023-08-20T21:14:29.034-0400] {dag.py:2742} INFO - Sync 1 DAGs
[2023-08-20T21:14:29.061-0400] {logging_mixin.py:150} INFO - [2023-08-20T21:14:29.061-0400] {dag.py:3504} INFO - Setting next_dagrun for example_nested_branch_dag to 2023-08-20T00:00:00+00:00, run_after=2023-08-21T00:00:00+00:00
[2023-08-20T21:14:29.093-0400] {processor.py:179} INFO - Processing /home/mnguyen0226/anaconda3/envs/learning_scraper/lib/python3.11/site-packages/airflow/example_dags/example_nested_branch_dag.py took 0.097 seconds
[2023-08-20T21:15:06.521-0400] {processor.py:157} INFO - Started process (PID=86329) to work on /home/mnguyen0226/anaconda3/envs/learning_scraper/lib/python3.11/site-packages/airflow/example_dags/example_nested_branch_dag.py
[2023-08-20T21:15:06.522-0400] {processor.py:826} INFO - Processing file /home/mnguyen0226/anaconda3/envs/learning_scraper/lib/python3.11/site-packages/airflow/example_dags/example_nested_branch_dag.py for tasks to queue
[2023-08-20T21:15:06.523-0400] {logging_mixin.py:150} INFO - [2023-08-20T21:15:06.522-0400] {dagbag.py:541} INFO - Filling up the DagBag from /home/mnguyen0226/anaconda3/envs/learning_scraper/lib/python3.11/site-packages/airflow/example_dags/example_nested_branch_dag.py
[2023-08-20T21:15:06.530-0400] {processor.py:836} INFO - DAG(s) dict_keys(['example_nested_branch_dag']) retrieved from /home/mnguyen0226/anaconda3/envs/learning_scraper/lib/python3.11/site-packages/airflow/example_dags/example_nested_branch_dag.py
[2023-08-20T21:15:06.545-0400] {logging_mixin.py:150} INFO - [2023-08-20T21:15:06.545-0400] {dag.py:2742} INFO - Sync 1 DAGs
[2023-08-20T21:15:06.563-0400] {logging_mixin.py:150} INFO - [2023-08-20T21:15:06.563-0400] {dag.py:3504} INFO - Setting next_dagrun for example_nested_branch_dag to 2023-08-20T00:00:00+00:00, run_after=2023-08-21T00:00:00+00:00
[2023-08-20T21:15:06.586-0400] {processor.py:179} INFO - Processing /home/mnguyen0226/anaconda3/envs/learning_scraper/lib/python3.11/site-packages/airflow/example_dags/example_nested_branch_dag.py took 0.068 seconds
[2023-08-20T21:15:55.577-0400] {processor.py:157} INFO - Started process (PID=86466) to work on /home/mnguyen0226/anaconda3/envs/learning_scraper/lib/python3.11/site-packages/airflow/example_dags/example_nested_branch_dag.py
[2023-08-20T21:15:55.577-0400] {processor.py:826} INFO - Processing file /home/mnguyen0226/anaconda3/envs/learning_scraper/lib/python3.11/site-packages/airflow/example_dags/example_nested_branch_dag.py for tasks to queue
[2023-08-20T21:15:55.578-0400] {logging_mixin.py:150} INFO - [2023-08-20T21:15:55.578-0400] {dagbag.py:541} INFO - Filling up the DagBag from /home/mnguyen0226/anaconda3/envs/learning_scraper/lib/python3.11/site-packages/airflow/example_dags/example_nested_branch_dag.py
[2023-08-20T21:15:55.589-0400] {processor.py:836} INFO - DAG(s) dict_keys(['example_nested_branch_dag']) retrieved from /home/mnguyen0226/anaconda3/envs/learning_scraper/lib/python3.11/site-packages/airflow/example_dags/example_nested_branch_dag.py
[2023-08-20T21:15:55.603-0400] {logging_mixin.py:150} INFO - [2023-08-20T21:15:55.603-0400] {dag.py:2742} INFO - Sync 1 DAGs
[2023-08-20T21:15:55.620-0400] {logging_mixin.py:150} INFO - [2023-08-20T21:15:55.620-0400] {dag.py:3504} INFO - Setting next_dagrun for example_nested_branch_dag to 2023-08-20T00:00:00+00:00, run_after=2023-08-21T00:00:00+00:00
[2023-08-20T21:15:55.645-0400] {processor.py:179} INFO - Processing /home/mnguyen0226/anaconda3/envs/learning_scraper/lib/python3.11/site-packages/airflow/example_dags/example_nested_branch_dag.py took 0.072 seconds
[2023-08-20T21:16:51.207-0400] {processor.py:157} INFO - Started process (PID=86871) to work on /home/mnguyen0226/anaconda3/envs/learning_scraper/lib/python3.11/site-packages/airflow/example_dags/example_nested_branch_dag.py
[2023-08-20T21:16:51.217-0400] {processor.py:826} INFO - Processing file /home/mnguyen0226/anaconda3/envs/learning_scraper/lib/python3.11/site-packages/airflow/example_dags/example_nested_branch_dag.py for tasks to queue
[2023-08-20T21:16:51.219-0400] {logging_mixin.py:150} INFO - [2023-08-20T21:16:51.218-0400] {dagbag.py:541} INFO - Filling up the DagBag from /home/mnguyen0226/anaconda3/envs/learning_scraper/lib/python3.11/site-packages/airflow/example_dags/example_nested_branch_dag.py
[2023-08-20T21:16:51.235-0400] {processor.py:836} INFO - DAG(s) dict_keys(['example_nested_branch_dag']) retrieved from /home/mnguyen0226/anaconda3/envs/learning_scraper/lib/python3.11/site-packages/airflow/example_dags/example_nested_branch_dag.py
[2023-08-20T21:16:51.259-0400] {logging_mixin.py:150} INFO - [2023-08-20T21:16:51.259-0400] {dag.py:2742} INFO - Sync 1 DAGs
[2023-08-20T21:16:51.278-0400] {logging_mixin.py:150} INFO - [2023-08-20T21:16:51.278-0400] {dag.py:3504} INFO - Setting next_dagrun for example_nested_branch_dag to 2023-08-20T00:00:00+00:00, run_after=2023-08-21T00:00:00+00:00
[2023-08-20T21:16:51.301-0400] {processor.py:179} INFO - Processing /home/mnguyen0226/anaconda3/envs/learning_scraper/lib/python3.11/site-packages/airflow/example_dags/example_nested_branch_dag.py took 0.096 seconds
[2023-08-20T21:17:44.901-0400] {processor.py:157} INFO - Started process (PID=87124) to work on /home/mnguyen0226/anaconda3/envs/learning_scraper/lib/python3.11/site-packages/airflow/example_dags/example_nested_branch_dag.py
[2023-08-20T21:17:44.902-0400] {processor.py:826} INFO - Processing file /home/mnguyen0226/anaconda3/envs/learning_scraper/lib/python3.11/site-packages/airflow/example_dags/example_nested_branch_dag.py for tasks to queue
[2023-08-20T21:17:44.904-0400] {logging_mixin.py:150} INFO - [2023-08-20T21:17:44.903-0400] {dagbag.py:541} INFO - Filling up the DagBag from /home/mnguyen0226/anaconda3/envs/learning_scraper/lib/python3.11/site-packages/airflow/example_dags/example_nested_branch_dag.py
[2023-08-20T21:17:44.921-0400] {processor.py:836} INFO - DAG(s) dict_keys(['example_nested_branch_dag']) retrieved from /home/mnguyen0226/anaconda3/envs/learning_scraper/lib/python3.11/site-packages/airflow/example_dags/example_nested_branch_dag.py
[2023-08-20T21:17:44.954-0400] {logging_mixin.py:150} INFO - [2023-08-20T21:17:44.953-0400] {dag.py:2742} INFO - Sync 1 DAGs
[2023-08-20T21:17:44.990-0400] {logging_mixin.py:150} INFO - [2023-08-20T21:17:44.990-0400] {dag.py:3504} INFO - Setting next_dagrun for example_nested_branch_dag to 2023-08-20T00:00:00+00:00, run_after=2023-08-21T00:00:00+00:00
[2023-08-20T21:17:45.015-0400] {processor.py:179} INFO - Processing /home/mnguyen0226/anaconda3/envs/learning_scraper/lib/python3.11/site-packages/airflow/example_dags/example_nested_branch_dag.py took 0.119 seconds
[2023-08-20T21:18:40.662-0400] {processor.py:157} INFO - Started process (PID=87389) to work on /home/mnguyen0226/anaconda3/envs/learning_scraper/lib/python3.11/site-packages/airflow/example_dags/example_nested_branch_dag.py
[2023-08-20T21:18:40.671-0400] {processor.py:826} INFO - Processing file /home/mnguyen0226/anaconda3/envs/learning_scraper/lib/python3.11/site-packages/airflow/example_dags/example_nested_branch_dag.py for tasks to queue
[2023-08-20T21:18:40.672-0400] {logging_mixin.py:150} INFO - [2023-08-20T21:18:40.672-0400] {dagbag.py:541} INFO - Filling up the DagBag from /home/mnguyen0226/anaconda3/envs/learning_scraper/lib/python3.11/site-packages/airflow/example_dags/example_nested_branch_dag.py
[2023-08-20T21:18:40.686-0400] {processor.py:836} INFO - DAG(s) dict_keys(['example_nested_branch_dag']) retrieved from /home/mnguyen0226/anaconda3/envs/learning_scraper/lib/python3.11/site-packages/airflow/example_dags/example_nested_branch_dag.py
[2023-08-20T21:18:40.713-0400] {logging_mixin.py:150} INFO - [2023-08-20T21:18:40.713-0400] {dag.py:2742} INFO - Sync 1 DAGs
[2023-08-20T21:18:40.731-0400] {logging_mixin.py:150} INFO - [2023-08-20T21:18:40.731-0400] {dag.py:3504} INFO - Setting next_dagrun for example_nested_branch_dag to 2023-08-20T00:00:00+00:00, run_after=2023-08-21T00:00:00+00:00
[2023-08-20T21:18:40.755-0400] {processor.py:179} INFO - Processing /home/mnguyen0226/anaconda3/envs/learning_scraper/lib/python3.11/site-packages/airflow/example_dags/example_nested_branch_dag.py took 0.096 seconds
[2023-08-20T21:19:18.491-0400] {processor.py:157} INFO - Started process (PID=87626) to work on /home/mnguyen0226/anaconda3/envs/learning_scraper/lib/python3.11/site-packages/airflow/example_dags/example_nested_branch_dag.py
[2023-08-20T21:19:18.492-0400] {processor.py:826} INFO - Processing file /home/mnguyen0226/anaconda3/envs/learning_scraper/lib/python3.11/site-packages/airflow/example_dags/example_nested_branch_dag.py for tasks to queue
[2023-08-20T21:19:18.492-0400] {logging_mixin.py:150} INFO - [2023-08-20T21:19:18.492-0400] {dagbag.py:541} INFO - Filling up the DagBag from /home/mnguyen0226/anaconda3/envs/learning_scraper/lib/python3.11/site-packages/airflow/example_dags/example_nested_branch_dag.py
[2023-08-20T21:19:18.499-0400] {processor.py:836} INFO - DAG(s) dict_keys(['example_nested_branch_dag']) retrieved from /home/mnguyen0226/anaconda3/envs/learning_scraper/lib/python3.11/site-packages/airflow/example_dags/example_nested_branch_dag.py
[2023-08-20T21:19:18.512-0400] {logging_mixin.py:150} INFO - [2023-08-20T21:19:18.512-0400] {dag.py:2742} INFO - Sync 1 DAGs
[2023-08-20T21:19:18.531-0400] {logging_mixin.py:150} INFO - [2023-08-20T21:19:18.531-0400] {dag.py:3504} INFO - Setting next_dagrun for example_nested_branch_dag to 2023-08-20T00:00:00+00:00, run_after=2023-08-21T00:00:00+00:00
[2023-08-20T21:19:18.573-0400] {processor.py:179} INFO - Processing /home/mnguyen0226/anaconda3/envs/learning_scraper/lib/python3.11/site-packages/airflow/example_dags/example_nested_branch_dag.py took 0.084 seconds
[2023-08-20T21:20:10.162-0400] {processor.py:157} INFO - Started process (PID=88066) to work on /home/mnguyen0226/anaconda3/envs/learning_scraper/lib/python3.11/site-packages/airflow/example_dags/example_nested_branch_dag.py
[2023-08-20T21:20:10.163-0400] {processor.py:826} INFO - Processing file /home/mnguyen0226/anaconda3/envs/learning_scraper/lib/python3.11/site-packages/airflow/example_dags/example_nested_branch_dag.py for tasks to queue
[2023-08-20T21:20:10.164-0400] {logging_mixin.py:150} INFO - [2023-08-20T21:20:10.163-0400] {dagbag.py:541} INFO - Filling up the DagBag from /home/mnguyen0226/anaconda3/envs/learning_scraper/lib/python3.11/site-packages/airflow/example_dags/example_nested_branch_dag.py
[2023-08-20T21:20:10.172-0400] {processor.py:836} INFO - DAG(s) dict_keys(['example_nested_branch_dag']) retrieved from /home/mnguyen0226/anaconda3/envs/learning_scraper/lib/python3.11/site-packages/airflow/example_dags/example_nested_branch_dag.py
[2023-08-20T21:20:10.191-0400] {logging_mixin.py:150} INFO - [2023-08-20T21:20:10.191-0400] {dag.py:2742} INFO - Sync 1 DAGs
[2023-08-20T21:20:10.209-0400] {logging_mixin.py:150} INFO - [2023-08-20T21:20:10.209-0400] {dag.py:3504} INFO - Setting next_dagrun for example_nested_branch_dag to 2023-08-20T00:00:00+00:00, run_after=2023-08-21T00:00:00+00:00
[2023-08-20T21:20:10.234-0400] {processor.py:179} INFO - Processing /home/mnguyen0226/anaconda3/envs/learning_scraper/lib/python3.11/site-packages/airflow/example_dags/example_nested_branch_dag.py took 0.074 seconds
[2023-08-20T21:21:03.213-0400] {processor.py:157} INFO - Started process (PID=88302) to work on /home/mnguyen0226/anaconda3/envs/learning_scraper/lib/python3.11/site-packages/airflow/example_dags/example_nested_branch_dag.py
[2023-08-20T21:21:03.214-0400] {processor.py:826} INFO - Processing file /home/mnguyen0226/anaconda3/envs/learning_scraper/lib/python3.11/site-packages/airflow/example_dags/example_nested_branch_dag.py for tasks to queue
[2023-08-20T21:21:03.216-0400] {logging_mixin.py:150} INFO - [2023-08-20T21:21:03.215-0400] {dagbag.py:541} INFO - Filling up the DagBag from /home/mnguyen0226/anaconda3/envs/learning_scraper/lib/python3.11/site-packages/airflow/example_dags/example_nested_branch_dag.py
[2023-08-20T21:21:03.234-0400] {processor.py:836} INFO - DAG(s) dict_keys(['example_nested_branch_dag']) retrieved from /home/mnguyen0226/anaconda3/envs/learning_scraper/lib/python3.11/site-packages/airflow/example_dags/example_nested_branch_dag.py
[2023-08-20T21:21:03.258-0400] {logging_mixin.py:150} INFO - [2023-08-20T21:21:03.257-0400] {dag.py:2742} INFO - Sync 1 DAGs
[2023-08-20T21:21:03.274-0400] {logging_mixin.py:150} INFO - [2023-08-20T21:21:03.274-0400] {dag.py:3504} INFO - Setting next_dagrun for example_nested_branch_dag to 2023-08-20T00:00:00+00:00, run_after=2023-08-21T00:00:00+00:00
[2023-08-20T21:21:03.302-0400] {processor.py:179} INFO - Processing /home/mnguyen0226/anaconda3/envs/learning_scraper/lib/python3.11/site-packages/airflow/example_dags/example_nested_branch_dag.py took 0.094 seconds
