[2023-08-20T21:00:41.386-0400] {processor.py:157} INFO - Started process (PID=80543) to work on /home/mnguyen0226/anaconda3/envs/learning_scraper/lib/python3.11/site-packages/airflow/example_dags/example_setup_teardown_taskflow.py
[2023-08-20T21:00:41.387-0400] {processor.py:826} INFO - Processing file /home/mnguyen0226/anaconda3/envs/learning_scraper/lib/python3.11/site-packages/airflow/example_dags/example_setup_teardown_taskflow.py for tasks to queue
[2023-08-20T21:00:41.387-0400] {logging_mixin.py:150} INFO - [2023-08-20T21:00:41.387-0400] {dagbag.py:541} INFO - Filling up the DagBag from /home/mnguyen0226/anaconda3/envs/learning_scraper/lib/python3.11/site-packages/airflow/example_dags/example_setup_teardown_taskflow.py
[2023-08-20T21:00:41.389-0400] {processor.py:838} WARNING - No viable dags retrieved from /home/mnguyen0226/anaconda3/envs/learning_scraper/lib/python3.11/site-packages/airflow/example_dags/example_setup_teardown_taskflow.py
[2023-08-20T21:00:41.398-0400] {processor.py:179} INFO - Processing /home/mnguyen0226/anaconda3/envs/learning_scraper/lib/python3.11/site-packages/airflow/example_dags/example_setup_teardown_taskflow.py took 0.014 seconds
[2023-08-20T21:01:28.030-0400] {processor.py:157} INFO - Started process (PID=80950) to work on /home/mnguyen0226/anaconda3/envs/learning_scraper/lib/python3.11/site-packages/airflow/example_dags/example_setup_teardown_taskflow.py
[2023-08-20T21:01:28.031-0400] {processor.py:826} INFO - Processing file /home/mnguyen0226/anaconda3/envs/learning_scraper/lib/python3.11/site-packages/airflow/example_dags/example_setup_teardown_taskflow.py for tasks to queue
[2023-08-20T21:01:28.032-0400] {logging_mixin.py:150} INFO - [2023-08-20T21:01:28.031-0400] {dagbag.py:541} INFO - Filling up the DagBag from /home/mnguyen0226/anaconda3/envs/learning_scraper/lib/python3.11/site-packages/airflow/example_dags/example_setup_teardown_taskflow.py
[2023-08-20T21:01:28.036-0400] {processor.py:838} WARNING - No viable dags retrieved from /home/mnguyen0226/anaconda3/envs/learning_scraper/lib/python3.11/site-packages/airflow/example_dags/example_setup_teardown_taskflow.py
[2023-08-20T21:01:28.055-0400] {processor.py:179} INFO - Processing /home/mnguyen0226/anaconda3/envs/learning_scraper/lib/python3.11/site-packages/airflow/example_dags/example_setup_teardown_taskflow.py took 0.030 seconds
[2023-08-20T21:03:39.298-0400] {processor.py:157} INFO - Started process (PID=82048) to work on /home/mnguyen0226/anaconda3/envs/learning_scraper/lib/python3.11/site-packages/airflow/example_dags/example_setup_teardown_taskflow.py
[2023-08-20T21:03:39.307-0400] {processor.py:826} INFO - Processing file /home/mnguyen0226/anaconda3/envs/learning_scraper/lib/python3.11/site-packages/airflow/example_dags/example_setup_teardown_taskflow.py for tasks to queue
[2023-08-20T21:03:39.308-0400] {logging_mixin.py:150} INFO - [2023-08-20T21:03:39.307-0400] {dagbag.py:541} INFO - Filling up the DagBag from /home/mnguyen0226/anaconda3/envs/learning_scraper/lib/python3.11/site-packages/airflow/example_dags/example_setup_teardown_taskflow.py
[2023-08-20T21:03:39.310-0400] {processor.py:838} WARNING - No viable dags retrieved from /home/mnguyen0226/anaconda3/envs/learning_scraper/lib/python3.11/site-packages/airflow/example_dags/example_setup_teardown_taskflow.py
[2023-08-20T21:03:39.321-0400] {processor.py:179} INFO - Processing /home/mnguyen0226/anaconda3/envs/learning_scraper/lib/python3.11/site-packages/airflow/example_dags/example_setup_teardown_taskflow.py took 0.025 seconds
[2023-08-20T21:04:27.344-0400] {processor.py:157} INFO - Started process (PID=83047) to work on /home/mnguyen0226/anaconda3/envs/learning_scraper/lib/python3.11/site-packages/airflow/example_dags/example_setup_teardown_taskflow.py
[2023-08-20T21:04:27.346-0400] {processor.py:826} INFO - Processing file /home/mnguyen0226/anaconda3/envs/learning_scraper/lib/python3.11/site-packages/airflow/example_dags/example_setup_teardown_taskflow.py for tasks to queue
[2023-08-20T21:04:27.347-0400] {logging_mixin.py:150} INFO - [2023-08-20T21:04:27.346-0400] {dagbag.py:541} INFO - Filling up the DagBag from /home/mnguyen0226/anaconda3/envs/learning_scraper/lib/python3.11/site-packages/airflow/example_dags/example_setup_teardown_taskflow.py
[2023-08-20T21:04:27.352-0400] {processor.py:838} WARNING - No viable dags retrieved from /home/mnguyen0226/anaconda3/envs/learning_scraper/lib/python3.11/site-packages/airflow/example_dags/example_setup_teardown_taskflow.py
[2023-08-20T21:04:27.372-0400] {processor.py:179} INFO - Processing /home/mnguyen0226/anaconda3/envs/learning_scraper/lib/python3.11/site-packages/airflow/example_dags/example_setup_teardown_taskflow.py took 0.034 seconds
[2023-08-20T21:05:19.240-0400] {processor.py:157} INFO - Started process (PID=83319) to work on /home/mnguyen0226/anaconda3/envs/learning_scraper/lib/python3.11/site-packages/airflow/example_dags/example_setup_teardown_taskflow.py
[2023-08-20T21:05:19.250-0400] {processor.py:826} INFO - Processing file /home/mnguyen0226/anaconda3/envs/learning_scraper/lib/python3.11/site-packages/airflow/example_dags/example_setup_teardown_taskflow.py for tasks to queue
[2023-08-20T21:05:19.251-0400] {logging_mixin.py:150} INFO - [2023-08-20T21:05:19.251-0400] {dagbag.py:541} INFO - Filling up the DagBag from /home/mnguyen0226/anaconda3/envs/learning_scraper/lib/python3.11/site-packages/airflow/example_dags/example_setup_teardown_taskflow.py
[2023-08-20T21:05:19.256-0400] {processor.py:838} WARNING - No viable dags retrieved from /home/mnguyen0226/anaconda3/envs/learning_scraper/lib/python3.11/site-packages/airflow/example_dags/example_setup_teardown_taskflow.py
[2023-08-20T21:05:19.276-0400] {processor.py:179} INFO - Processing /home/mnguyen0226/anaconda3/envs/learning_scraper/lib/python3.11/site-packages/airflow/example_dags/example_setup_teardown_taskflow.py took 0.040 seconds
[2023-08-20T21:06:18.631-0400] {processor.py:157} INFO - Started process (PID=83578) to work on /home/mnguyen0226/anaconda3/envs/learning_scraper/lib/python3.11/site-packages/airflow/example_dags/example_setup_teardown_taskflow.py
[2023-08-20T21:06:18.640-0400] {processor.py:826} INFO - Processing file /home/mnguyen0226/anaconda3/envs/learning_scraper/lib/python3.11/site-packages/airflow/example_dags/example_setup_teardown_taskflow.py for tasks to queue
[2023-08-20T21:06:18.641-0400] {logging_mixin.py:150} INFO - [2023-08-20T21:06:18.641-0400] {dagbag.py:541} INFO - Filling up the DagBag from /home/mnguyen0226/anaconda3/envs/learning_scraper/lib/python3.11/site-packages/airflow/example_dags/example_setup_teardown_taskflow.py
[2023-08-20T21:06:18.643-0400] {processor.py:838} WARNING - No viable dags retrieved from /home/mnguyen0226/anaconda3/envs/learning_scraper/lib/python3.11/site-packages/airflow/example_dags/example_setup_teardown_taskflow.py
[2023-08-20T21:06:18.651-0400] {processor.py:179} INFO - Processing /home/mnguyen0226/anaconda3/envs/learning_scraper/lib/python3.11/site-packages/airflow/example_dags/example_setup_teardown_taskflow.py took 0.023 seconds
[2023-08-20T21:07:21.236-0400] {processor.py:157} INFO - Started process (PID=83884) to work on /home/mnguyen0226/anaconda3/envs/learning_scraper/lib/python3.11/site-packages/airflow/example_dags/example_setup_teardown_taskflow.py
[2023-08-20T21:07:21.245-0400] {processor.py:826} INFO - Processing file /home/mnguyen0226/anaconda3/envs/learning_scraper/lib/python3.11/site-packages/airflow/example_dags/example_setup_teardown_taskflow.py for tasks to queue
[2023-08-20T21:07:21.247-0400] {logging_mixin.py:150} INFO - [2023-08-20T21:07:21.246-0400] {dagbag.py:541} INFO - Filling up the DagBag from /home/mnguyen0226/anaconda3/envs/learning_scraper/lib/python3.11/site-packages/airflow/example_dags/example_setup_teardown_taskflow.py
[2023-08-20T21:07:21.251-0400] {processor.py:838} WARNING - No viable dags retrieved from /home/mnguyen0226/anaconda3/envs/learning_scraper/lib/python3.11/site-packages/airflow/example_dags/example_setup_teardown_taskflow.py
[2023-08-20T21:07:21.269-0400] {processor.py:179} INFO - Processing /home/mnguyen0226/anaconda3/envs/learning_scraper/lib/python3.11/site-packages/airflow/example_dags/example_setup_teardown_taskflow.py took 0.038 seconds
[2023-08-20T21:08:10.995-0400] {processor.py:157} INFO - Started process (PID=84079) to work on /home/mnguyen0226/anaconda3/envs/learning_scraper/lib/python3.11/site-packages/airflow/example_dags/example_setup_teardown_taskflow.py
[2023-08-20T21:08:10.996-0400] {processor.py:826} INFO - Processing file /home/mnguyen0226/anaconda3/envs/learning_scraper/lib/python3.11/site-packages/airflow/example_dags/example_setup_teardown_taskflow.py for tasks to queue
[2023-08-20T21:08:10.998-0400] {logging_mixin.py:150} INFO - [2023-08-20T21:08:10.997-0400] {dagbag.py:541} INFO - Filling up the DagBag from /home/mnguyen0226/anaconda3/envs/learning_scraper/lib/python3.11/site-packages/airflow/example_dags/example_setup_teardown_taskflow.py
[2023-08-20T21:08:11.002-0400] {processor.py:838} WARNING - No viable dags retrieved from /home/mnguyen0226/anaconda3/envs/learning_scraper/lib/python3.11/site-packages/airflow/example_dags/example_setup_teardown_taskflow.py
[2023-08-20T21:08:11.015-0400] {processor.py:179} INFO - Processing /home/mnguyen0226/anaconda3/envs/learning_scraper/lib/python3.11/site-packages/airflow/example_dags/example_setup_teardown_taskflow.py took 0.025 seconds
[2023-08-20T21:09:04.510-0400] {processor.py:157} INFO - Started process (PID=84311) to work on /home/mnguyen0226/anaconda3/envs/learning_scraper/lib/python3.11/site-packages/airflow/example_dags/example_setup_teardown_taskflow.py
[2023-08-20T21:09:04.523-0400] {processor.py:826} INFO - Processing file /home/mnguyen0226/anaconda3/envs/learning_scraper/lib/python3.11/site-packages/airflow/example_dags/example_setup_teardown_taskflow.py for tasks to queue
[2023-08-20T21:09:04.524-0400] {logging_mixin.py:150} INFO - [2023-08-20T21:09:04.524-0400] {dagbag.py:541} INFO - Filling up the DagBag from /home/mnguyen0226/anaconda3/envs/learning_scraper/lib/python3.11/site-packages/airflow/example_dags/example_setup_teardown_taskflow.py
[2023-08-20T21:09:04.526-0400] {processor.py:838} WARNING - No viable dags retrieved from /home/mnguyen0226/anaconda3/envs/learning_scraper/lib/python3.11/site-packages/airflow/example_dags/example_setup_teardown_taskflow.py
[2023-08-20T21:09:04.551-0400] {processor.py:179} INFO - Processing /home/mnguyen0226/anaconda3/envs/learning_scraper/lib/python3.11/site-packages/airflow/example_dags/example_setup_teardown_taskflow.py took 0.043 seconds
[2023-08-20T21:09:57.881-0400] {processor.py:157} INFO - Started process (PID=84596) to work on /home/mnguyen0226/anaconda3/envs/learning_scraper/lib/python3.11/site-packages/airflow/example_dags/example_setup_teardown_taskflow.py
[2023-08-20T21:09:57.887-0400] {processor.py:826} INFO - Processing file /home/mnguyen0226/anaconda3/envs/learning_scraper/lib/python3.11/site-packages/airflow/example_dags/example_setup_teardown_taskflow.py for tasks to queue
[2023-08-20T21:09:57.888-0400] {logging_mixin.py:150} INFO - [2023-08-20T21:09:57.888-0400] {dagbag.py:541} INFO - Filling up the DagBag from /home/mnguyen0226/anaconda3/envs/learning_scraper/lib/python3.11/site-packages/airflow/example_dags/example_setup_teardown_taskflow.py
[2023-08-20T21:09:57.890-0400] {processor.py:838} WARNING - No viable dags retrieved from /home/mnguyen0226/anaconda3/envs/learning_scraper/lib/python3.11/site-packages/airflow/example_dags/example_setup_teardown_taskflow.py
[2023-08-20T21:09:57.900-0400] {processor.py:179} INFO - Processing /home/mnguyen0226/anaconda3/envs/learning_scraper/lib/python3.11/site-packages/airflow/example_dags/example_setup_teardown_taskflow.py took 0.021 seconds
[2023-08-20T21:10:56.823-0400] {processor.py:157} INFO - Started process (PID=84882) to work on /home/mnguyen0226/anaconda3/envs/learning_scraper/lib/python3.11/site-packages/airflow/example_dags/example_setup_teardown_taskflow.py
[2023-08-20T21:10:56.823-0400] {processor.py:826} INFO - Processing file /home/mnguyen0226/anaconda3/envs/learning_scraper/lib/python3.11/site-packages/airflow/example_dags/example_setup_teardown_taskflow.py for tasks to queue
[2023-08-20T21:10:56.824-0400] {logging_mixin.py:150} INFO - [2023-08-20T21:10:56.824-0400] {dagbag.py:541} INFO - Filling up the DagBag from /home/mnguyen0226/anaconda3/envs/learning_scraper/lib/python3.11/site-packages/airflow/example_dags/example_setup_teardown_taskflow.py
[2023-08-20T21:10:56.826-0400] {processor.py:838} WARNING - No viable dags retrieved from /home/mnguyen0226/anaconda3/envs/learning_scraper/lib/python3.11/site-packages/airflow/example_dags/example_setup_teardown_taskflow.py
[2023-08-20T21:10:56.835-0400] {processor.py:179} INFO - Processing /home/mnguyen0226/anaconda3/envs/learning_scraper/lib/python3.11/site-packages/airflow/example_dags/example_setup_teardown_taskflow.py took 0.014 seconds
[2023-08-20T21:11:48.317-0400] {processor.py:157} INFO - Started process (PID=85097) to work on /home/mnguyen0226/anaconda3/envs/learning_scraper/lib/python3.11/site-packages/airflow/example_dags/example_setup_teardown_taskflow.py
[2023-08-20T21:11:48.318-0400] {processor.py:826} INFO - Processing file /home/mnguyen0226/anaconda3/envs/learning_scraper/lib/python3.11/site-packages/airflow/example_dags/example_setup_teardown_taskflow.py for tasks to queue
[2023-08-20T21:11:48.319-0400] {logging_mixin.py:150} INFO - [2023-08-20T21:11:48.318-0400] {dagbag.py:541} INFO - Filling up the DagBag from /home/mnguyen0226/anaconda3/envs/learning_scraper/lib/python3.11/site-packages/airflow/example_dags/example_setup_teardown_taskflow.py
[2023-08-20T21:11:48.322-0400] {processor.py:838} WARNING - No viable dags retrieved from /home/mnguyen0226/anaconda3/envs/learning_scraper/lib/python3.11/site-packages/airflow/example_dags/example_setup_teardown_taskflow.py
[2023-08-20T21:11:48.330-0400] {processor.py:179} INFO - Processing /home/mnguyen0226/anaconda3/envs/learning_scraper/lib/python3.11/site-packages/airflow/example_dags/example_setup_teardown_taskflow.py took 0.017 seconds
[2023-08-20T21:12:42.472-0400] {processor.py:157} INFO - Started process (PID=85629) to work on /home/mnguyen0226/anaconda3/envs/learning_scraper/lib/python3.11/site-packages/airflow/example_dags/example_setup_teardown_taskflow.py
[2023-08-20T21:12:42.481-0400] {processor.py:826} INFO - Processing file /home/mnguyen0226/anaconda3/envs/learning_scraper/lib/python3.11/site-packages/airflow/example_dags/example_setup_teardown_taskflow.py for tasks to queue
[2023-08-20T21:12:42.482-0400] {logging_mixin.py:150} INFO - [2023-08-20T21:12:42.482-0400] {dagbag.py:541} INFO - Filling up the DagBag from /home/mnguyen0226/anaconda3/envs/learning_scraper/lib/python3.11/site-packages/airflow/example_dags/example_setup_teardown_taskflow.py
[2023-08-20T21:12:42.490-0400] {processor.py:838} WARNING - No viable dags retrieved from /home/mnguyen0226/anaconda3/envs/learning_scraper/lib/python3.11/site-packages/airflow/example_dags/example_setup_teardown_taskflow.py
[2023-08-20T21:12:42.503-0400] {processor.py:179} INFO - Processing /home/mnguyen0226/anaconda3/envs/learning_scraper/lib/python3.11/site-packages/airflow/example_dags/example_setup_teardown_taskflow.py took 0.035 seconds
[2023-08-20T21:13:39.249-0400] {processor.py:157} INFO - Started process (PID=85903) to work on /home/mnguyen0226/anaconda3/envs/learning_scraper/lib/python3.11/site-packages/airflow/example_dags/example_setup_teardown_taskflow.py
[2023-08-20T21:13:39.250-0400] {processor.py:826} INFO - Processing file /home/mnguyen0226/anaconda3/envs/learning_scraper/lib/python3.11/site-packages/airflow/example_dags/example_setup_teardown_taskflow.py for tasks to queue
[2023-08-20T21:13:39.251-0400] {logging_mixin.py:150} INFO - [2023-08-20T21:13:39.250-0400] {dagbag.py:541} INFO - Filling up the DagBag from /home/mnguyen0226/anaconda3/envs/learning_scraper/lib/python3.11/site-packages/airflow/example_dags/example_setup_teardown_taskflow.py
[2023-08-20T21:13:39.253-0400] {processor.py:838} WARNING - No viable dags retrieved from /home/mnguyen0226/anaconda3/envs/learning_scraper/lib/python3.11/site-packages/airflow/example_dags/example_setup_teardown_taskflow.py
[2023-08-20T21:13:39.264-0400] {processor.py:179} INFO - Processing /home/mnguyen0226/anaconda3/envs/learning_scraper/lib/python3.11/site-packages/airflow/example_dags/example_setup_teardown_taskflow.py took 0.017 seconds
[2023-08-20T21:14:38.979-0400] {processor.py:157} INFO - Started process (PID=86225) to work on /home/mnguyen0226/anaconda3/envs/learning_scraper/lib/python3.11/site-packages/airflow/example_dags/example_setup_teardown_taskflow.py
[2023-08-20T21:14:38.988-0400] {processor.py:826} INFO - Processing file /home/mnguyen0226/anaconda3/envs/learning_scraper/lib/python3.11/site-packages/airflow/example_dags/example_setup_teardown_taskflow.py for tasks to queue
[2023-08-20T21:14:38.989-0400] {logging_mixin.py:150} INFO - [2023-08-20T21:14:38.989-0400] {dagbag.py:541} INFO - Filling up the DagBag from /home/mnguyen0226/anaconda3/envs/learning_scraper/lib/python3.11/site-packages/airflow/example_dags/example_setup_teardown_taskflow.py
[2023-08-20T21:14:38.991-0400] {processor.py:838} WARNING - No viable dags retrieved from /home/mnguyen0226/anaconda3/envs/learning_scraper/lib/python3.11/site-packages/airflow/example_dags/example_setup_teardown_taskflow.py
[2023-08-20T21:14:39.003-0400] {processor.py:179} INFO - Processing /home/mnguyen0226/anaconda3/envs/learning_scraper/lib/python3.11/site-packages/airflow/example_dags/example_setup_teardown_taskflow.py took 0.026 seconds
[2023-08-20T21:15:32.012-0400] {processor.py:157} INFO - Started process (PID=86381) to work on /home/mnguyen0226/anaconda3/envs/learning_scraper/lib/python3.11/site-packages/airflow/example_dags/example_setup_teardown_taskflow.py
[2023-08-20T21:15:32.013-0400] {processor.py:826} INFO - Processing file /home/mnguyen0226/anaconda3/envs/learning_scraper/lib/python3.11/site-packages/airflow/example_dags/example_setup_teardown_taskflow.py for tasks to queue
[2023-08-20T21:15:32.015-0400] {logging_mixin.py:150} INFO - [2023-08-20T21:15:32.014-0400] {dagbag.py:541} INFO - Filling up the DagBag from /home/mnguyen0226/anaconda3/envs/learning_scraper/lib/python3.11/site-packages/airflow/example_dags/example_setup_teardown_taskflow.py
[2023-08-20T21:15:32.018-0400] {processor.py:838} WARNING - No viable dags retrieved from /home/mnguyen0226/anaconda3/envs/learning_scraper/lib/python3.11/site-packages/airflow/example_dags/example_setup_teardown_taskflow.py
[2023-08-20T21:15:32.034-0400] {processor.py:179} INFO - Processing /home/mnguyen0226/anaconda3/envs/learning_scraper/lib/python3.11/site-packages/airflow/example_dags/example_setup_teardown_taskflow.py took 0.026 seconds
[2023-08-20T21:16:24.149-0400] {processor.py:157} INFO - Started process (PID=86576) to work on /home/mnguyen0226/anaconda3/envs/learning_scraper/lib/python3.11/site-packages/airflow/example_dags/example_setup_teardown_taskflow.py
[2023-08-20T21:16:24.150-0400] {processor.py:826} INFO - Processing file /home/mnguyen0226/anaconda3/envs/learning_scraper/lib/python3.11/site-packages/airflow/example_dags/example_setup_teardown_taskflow.py for tasks to queue
[2023-08-20T21:16:24.152-0400] {logging_mixin.py:150} INFO - [2023-08-20T21:16:24.151-0400] {dagbag.py:541} INFO - Filling up the DagBag from /home/mnguyen0226/anaconda3/envs/learning_scraper/lib/python3.11/site-packages/airflow/example_dags/example_setup_teardown_taskflow.py
[2023-08-20T21:16:24.156-0400] {processor.py:838} WARNING - No viable dags retrieved from /home/mnguyen0226/anaconda3/envs/learning_scraper/lib/python3.11/site-packages/airflow/example_dags/example_setup_teardown_taskflow.py
[2023-08-20T21:16:24.172-0400] {processor.py:179} INFO - Processing /home/mnguyen0226/anaconda3/envs/learning_scraper/lib/python3.11/site-packages/airflow/example_dags/example_setup_teardown_taskflow.py took 0.029 seconds
[2023-08-20T21:17:19.769-0400] {processor.py:157} INFO - Started process (PID=87013) to work on /home/mnguyen0226/anaconda3/envs/learning_scraper/lib/python3.11/site-packages/airflow/example_dags/example_setup_teardown_taskflow.py
[2023-08-20T21:17:19.778-0400] {processor.py:826} INFO - Processing file /home/mnguyen0226/anaconda3/envs/learning_scraper/lib/python3.11/site-packages/airflow/example_dags/example_setup_teardown_taskflow.py for tasks to queue
[2023-08-20T21:17:19.779-0400] {logging_mixin.py:150} INFO - [2023-08-20T21:17:19.779-0400] {dagbag.py:541} INFO - Filling up the DagBag from /home/mnguyen0226/anaconda3/envs/learning_scraper/lib/python3.11/site-packages/airflow/example_dags/example_setup_teardown_taskflow.py
[2023-08-20T21:17:19.782-0400] {processor.py:838} WARNING - No viable dags retrieved from /home/mnguyen0226/anaconda3/envs/learning_scraper/lib/python3.11/site-packages/airflow/example_dags/example_setup_teardown_taskflow.py
[2023-08-20T21:17:19.791-0400] {processor.py:179} INFO - Processing /home/mnguyen0226/anaconda3/envs/learning_scraper/lib/python3.11/site-packages/airflow/example_dags/example_setup_teardown_taskflow.py took 0.024 seconds
[2023-08-20T21:18:12.769-0400] {processor.py:157} INFO - Started process (PID=87285) to work on /home/mnguyen0226/anaconda3/envs/learning_scraper/lib/python3.11/site-packages/airflow/example_dags/example_setup_teardown_taskflow.py
[2023-08-20T21:18:12.770-0400] {processor.py:826} INFO - Processing file /home/mnguyen0226/anaconda3/envs/learning_scraper/lib/python3.11/site-packages/airflow/example_dags/example_setup_teardown_taskflow.py for tasks to queue
[2023-08-20T21:18:12.772-0400] {logging_mixin.py:150} INFO - [2023-08-20T21:18:12.771-0400] {dagbag.py:541} INFO - Filling up the DagBag from /home/mnguyen0226/anaconda3/envs/learning_scraper/lib/python3.11/site-packages/airflow/example_dags/example_setup_teardown_taskflow.py
[2023-08-20T21:18:12.774-0400] {processor.py:838} WARNING - No viable dags retrieved from /home/mnguyen0226/anaconda3/envs/learning_scraper/lib/python3.11/site-packages/airflow/example_dags/example_setup_teardown_taskflow.py
[2023-08-20T21:18:12.789-0400] {processor.py:179} INFO - Processing /home/mnguyen0226/anaconda3/envs/learning_scraper/lib/python3.11/site-packages/airflow/example_dags/example_setup_teardown_taskflow.py took 0.023 seconds
[2023-08-20T21:19:09.670-0400] {processor.py:157} INFO - Started process (PID=87587) to work on /home/mnguyen0226/anaconda3/envs/learning_scraper/lib/python3.11/site-packages/airflow/example_dags/example_setup_teardown_taskflow.py
[2023-08-20T21:19:09.679-0400] {processor.py:826} INFO - Processing file /home/mnguyen0226/anaconda3/envs/learning_scraper/lib/python3.11/site-packages/airflow/example_dags/example_setup_teardown_taskflow.py for tasks to queue
[2023-08-20T21:19:09.680-0400] {logging_mixin.py:150} INFO - [2023-08-20T21:19:09.680-0400] {dagbag.py:541} INFO - Filling up the DagBag from /home/mnguyen0226/anaconda3/envs/learning_scraper/lib/python3.11/site-packages/airflow/example_dags/example_setup_teardown_taskflow.py
[2023-08-20T21:19:09.681-0400] {processor.py:838} WARNING - No viable dags retrieved from /home/mnguyen0226/anaconda3/envs/learning_scraper/lib/python3.11/site-packages/airflow/example_dags/example_setup_teardown_taskflow.py
[2023-08-20T21:19:09.693-0400] {processor.py:179} INFO - Processing /home/mnguyen0226/anaconda3/envs/learning_scraper/lib/python3.11/site-packages/airflow/example_dags/example_setup_teardown_taskflow.py took 0.026 seconds
[2023-08-20T21:20:03.182-0400] {processor.py:157} INFO - Started process (PID=88010) to work on /home/mnguyen0226/anaconda3/envs/learning_scraper/lib/python3.11/site-packages/airflow/example_dags/example_setup_teardown_taskflow.py
[2023-08-20T21:20:03.183-0400] {processor.py:826} INFO - Processing file /home/mnguyen0226/anaconda3/envs/learning_scraper/lib/python3.11/site-packages/airflow/example_dags/example_setup_teardown_taskflow.py for tasks to queue
[2023-08-20T21:20:03.184-0400] {logging_mixin.py:150} INFO - [2023-08-20T21:20:03.184-0400] {dagbag.py:541} INFO - Filling up the DagBag from /home/mnguyen0226/anaconda3/envs/learning_scraper/lib/python3.11/site-packages/airflow/example_dags/example_setup_teardown_taskflow.py
[2023-08-20T21:20:03.186-0400] {processor.py:838} WARNING - No viable dags retrieved from /home/mnguyen0226/anaconda3/envs/learning_scraper/lib/python3.11/site-packages/airflow/example_dags/example_setup_teardown_taskflow.py
[2023-08-20T21:20:03.198-0400] {processor.py:179} INFO - Processing /home/mnguyen0226/anaconda3/envs/learning_scraper/lib/python3.11/site-packages/airflow/example_dags/example_setup_teardown_taskflow.py took 0.021 seconds
[2023-08-20T21:20:56.418-0400] {processor.py:157} INFO - Started process (PID=88266) to work on /home/mnguyen0226/anaconda3/envs/learning_scraper/lib/python3.11/site-packages/airflow/example_dags/example_setup_teardown_taskflow.py
[2023-08-20T21:20:56.419-0400] {processor.py:826} INFO - Processing file /home/mnguyen0226/anaconda3/envs/learning_scraper/lib/python3.11/site-packages/airflow/example_dags/example_setup_teardown_taskflow.py for tasks to queue
[2023-08-20T21:20:56.420-0400] {logging_mixin.py:150} INFO - [2023-08-20T21:20:56.419-0400] {dagbag.py:541} INFO - Filling up the DagBag from /home/mnguyen0226/anaconda3/envs/learning_scraper/lib/python3.11/site-packages/airflow/example_dags/example_setup_teardown_taskflow.py
[2023-08-20T21:20:56.422-0400] {processor.py:838} WARNING - No viable dags retrieved from /home/mnguyen0226/anaconda3/envs/learning_scraper/lib/python3.11/site-packages/airflow/example_dags/example_setup_teardown_taskflow.py
[2023-08-20T21:20:56.437-0400] {processor.py:179} INFO - Processing /home/mnguyen0226/anaconda3/envs/learning_scraper/lib/python3.11/site-packages/airflow/example_dags/example_setup_teardown_taskflow.py took 0.022 seconds
