[2023-08-20T21:00:44.145-0400] {processor.py:157} INFO - Started process (PID=80567) to work on /home/mnguyen0226/anaconda3/envs/learning_scraper/lib/python3.11/site-packages/airflow/example_dags/example_subdag_operator.py
[2023-08-20T21:00:44.146-0400] {processor.py:826} INFO - Processing file /home/mnguyen0226/anaconda3/envs/learning_scraper/lib/python3.11/site-packages/airflow/example_dags/example_subdag_operator.py for tasks to queue
[2023-08-20T21:00:44.147-0400] {logging_mixin.py:150} INFO - [2023-08-20T21:00:44.146-0400] {dagbag.py:541} INFO - Filling up the DagBag from /home/mnguyen0226/anaconda3/envs/learning_scraper/lib/python3.11/site-packages/airflow/example_dags/example_subdag_operator.py
[2023-08-20T21:00:44.170-0400] {processor.py:836} INFO - DAG(s) dict_keys(['example_subdag_operator.section-1', 'example_subdag_operator.section-2', 'example_subdag_operator']) retrieved from /home/mnguyen0226/anaconda3/envs/learning_scraper/lib/python3.11/site-packages/airflow/example_dags/example_subdag_operator.py
[2023-08-20T21:00:44.186-0400] {logging_mixin.py:150} INFO - [2023-08-20T21:00:44.186-0400] {dag.py:2742} INFO - Sync 3 DAGs
[2023-08-20T21:00:44.204-0400] {logging_mixin.py:150} INFO - [2023-08-20T21:00:44.204-0400] {dag.py:3504} INFO - Setting next_dagrun for example_subdag_operator to 2022-01-01T00:00:00+00:00, run_after=2022-01-01T00:00:00+00:00
[2023-08-20T21:00:44.208-0400] {logging_mixin.py:150} INFO - [2023-08-20T21:00:44.207-0400] {dag.py:3504} INFO - Setting next_dagrun for example_subdag_operator.section-1 to None, run_after=None
[2023-08-20T21:00:44.209-0400] {logging_mixin.py:150} INFO - [2023-08-20T21:00:44.209-0400] {dag.py:3504} INFO - Setting next_dagrun for example_subdag_operator.section-2 to None, run_after=None
[2023-08-20T21:00:44.215-0400] {logging_mixin.py:150} INFO - [2023-08-20T21:00:44.215-0400] {dag.py:2742} INFO - Sync 2 DAGs
[2023-08-20T21:00:44.219-0400] {logging_mixin.py:150} INFO - [2023-08-20T21:00:44.219-0400] {dag.py:3504} INFO - Setting next_dagrun for example_subdag_operator.section-1 to None, run_after=None
[2023-08-20T21:00:44.220-0400] {logging_mixin.py:150} INFO - [2023-08-20T21:00:44.220-0400] {dag.py:3504} INFO - Setting next_dagrun for example_subdag_operator.section-2 to None, run_after=None
[2023-08-20T21:00:44.259-0400] {processor.py:179} INFO - Processing /home/mnguyen0226/anaconda3/envs/learning_scraper/lib/python3.11/site-packages/airflow/example_dags/example_subdag_operator.py took 0.117 seconds
[2023-08-20T21:01:30.774-0400] {processor.py:157} INFO - Started process (PID=80954) to work on /home/mnguyen0226/anaconda3/envs/learning_scraper/lib/python3.11/site-packages/airflow/example_dags/example_subdag_operator.py
[2023-08-20T21:01:30.775-0400] {processor.py:826} INFO - Processing file /home/mnguyen0226/anaconda3/envs/learning_scraper/lib/python3.11/site-packages/airflow/example_dags/example_subdag_operator.py for tasks to queue
[2023-08-20T21:01:30.776-0400] {logging_mixin.py:150} INFO - [2023-08-20T21:01:30.775-0400] {dagbag.py:541} INFO - Filling up the DagBag from /home/mnguyen0226/anaconda3/envs/learning_scraper/lib/python3.11/site-packages/airflow/example_dags/example_subdag_operator.py
[2023-08-20T21:01:30.804-0400] {processor.py:836} INFO - DAG(s) dict_keys(['example_subdag_operator.section-1', 'example_subdag_operator.section-2', 'example_subdag_operator']) retrieved from /home/mnguyen0226/anaconda3/envs/learning_scraper/lib/python3.11/site-packages/airflow/example_dags/example_subdag_operator.py
[2023-08-20T21:01:30.826-0400] {logging_mixin.py:150} INFO - [2023-08-20T21:01:30.826-0400] {dag.py:2742} INFO - Sync 3 DAGs
[2023-08-20T21:01:30.853-0400] {logging_mixin.py:150} INFO - [2023-08-20T21:01:30.853-0400] {dag.py:3504} INFO - Setting next_dagrun for example_subdag_operator to 2022-01-01T00:00:00+00:00, run_after=2022-01-01T00:00:00+00:00
[2023-08-20T21:01:30.859-0400] {logging_mixin.py:150} INFO - [2023-08-20T21:01:30.858-0400] {dag.py:3504} INFO - Setting next_dagrun for example_subdag_operator.section-1 to None, run_after=None
[2023-08-20T21:01:30.860-0400] {logging_mixin.py:150} INFO - [2023-08-20T21:01:30.860-0400] {dag.py:3504} INFO - Setting next_dagrun for example_subdag_operator.section-2 to None, run_after=None
[2023-08-20T21:01:30.868-0400] {logging_mixin.py:150} INFO - [2023-08-20T21:01:30.868-0400] {dag.py:2742} INFO - Sync 2 DAGs
[2023-08-20T21:01:30.874-0400] {logging_mixin.py:150} INFO - [2023-08-20T21:01:30.874-0400] {dag.py:3504} INFO - Setting next_dagrun for example_subdag_operator.section-1 to None, run_after=None
[2023-08-20T21:01:30.875-0400] {logging_mixin.py:150} INFO - [2023-08-20T21:01:30.875-0400] {dag.py:3504} INFO - Setting next_dagrun for example_subdag_operator.section-2 to None, run_after=None
[2023-08-20T21:01:30.900-0400] {processor.py:179} INFO - Processing /home/mnguyen0226/anaconda3/envs/learning_scraper/lib/python3.11/site-packages/airflow/example_dags/example_subdag_operator.py took 0.129 seconds
[2023-08-20T21:03:42.990-0400] {processor.py:157} INFO - Started process (PID=82184) to work on /home/mnguyen0226/anaconda3/envs/learning_scraper/lib/python3.11/site-packages/airflow/example_dags/example_subdag_operator.py
[2023-08-20T21:03:43.000-0400] {processor.py:826} INFO - Processing file /home/mnguyen0226/anaconda3/envs/learning_scraper/lib/python3.11/site-packages/airflow/example_dags/example_subdag_operator.py for tasks to queue
[2023-08-20T21:03:43.001-0400] {logging_mixin.py:150} INFO - [2023-08-20T21:03:43.000-0400] {dagbag.py:541} INFO - Filling up the DagBag from /home/mnguyen0226/anaconda3/envs/learning_scraper/lib/python3.11/site-packages/airflow/example_dags/example_subdag_operator.py
[2023-08-20T21:03:43.029-0400] {processor.py:836} INFO - DAG(s) dict_keys(['example_subdag_operator.section-1', 'example_subdag_operator.section-2', 'example_subdag_operator']) retrieved from /home/mnguyen0226/anaconda3/envs/learning_scraper/lib/python3.11/site-packages/airflow/example_dags/example_subdag_operator.py
[2023-08-20T21:03:43.047-0400] {logging_mixin.py:150} INFO - [2023-08-20T21:03:43.047-0400] {dag.py:2742} INFO - Sync 3 DAGs
[2023-08-20T21:03:43.070-0400] {logging_mixin.py:150} INFO - [2023-08-20T21:03:43.070-0400] {dag.py:3504} INFO - Setting next_dagrun for example_subdag_operator to 2022-01-01T00:00:00+00:00, run_after=2022-01-01T00:00:00+00:00
[2023-08-20T21:03:43.073-0400] {logging_mixin.py:150} INFO - [2023-08-20T21:03:43.073-0400] {dag.py:3504} INFO - Setting next_dagrun for example_subdag_operator.section-1 to None, run_after=None
[2023-08-20T21:03:43.074-0400] {logging_mixin.py:150} INFO - [2023-08-20T21:03:43.074-0400] {dag.py:3504} INFO - Setting next_dagrun for example_subdag_operator.section-2 to None, run_after=None
[2023-08-20T21:03:43.082-0400] {logging_mixin.py:150} INFO - [2023-08-20T21:03:43.082-0400] {dag.py:2742} INFO - Sync 2 DAGs
[2023-08-20T21:03:43.088-0400] {logging_mixin.py:150} INFO - [2023-08-20T21:03:43.087-0400] {dag.py:3504} INFO - Setting next_dagrun for example_subdag_operator.section-1 to None, run_after=None
[2023-08-20T21:03:43.088-0400] {logging_mixin.py:150} INFO - [2023-08-20T21:03:43.088-0400] {dag.py:3504} INFO - Setting next_dagrun for example_subdag_operator.section-2 to None, run_after=None
[2023-08-20T21:03:43.116-0400] {processor.py:179} INFO - Processing /home/mnguyen0226/anaconda3/envs/learning_scraper/lib/python3.11/site-packages/airflow/example_dags/example_subdag_operator.py took 0.129 seconds
[2023-08-20T21:04:34.795-0400] {processor.py:157} INFO - Started process (PID=83070) to work on /home/mnguyen0226/anaconda3/envs/learning_scraper/lib/python3.11/site-packages/airflow/example_dags/example_subdag_operator.py
[2023-08-20T21:04:34.796-0400] {processor.py:826} INFO - Processing file /home/mnguyen0226/anaconda3/envs/learning_scraper/lib/python3.11/site-packages/airflow/example_dags/example_subdag_operator.py for tasks to queue
[2023-08-20T21:04:34.797-0400] {logging_mixin.py:150} INFO - [2023-08-20T21:04:34.797-0400] {dagbag.py:541} INFO - Filling up the DagBag from /home/mnguyen0226/anaconda3/envs/learning_scraper/lib/python3.11/site-packages/airflow/example_dags/example_subdag_operator.py
[2023-08-20T21:04:34.834-0400] {processor.py:836} INFO - DAG(s) dict_keys(['example_subdag_operator.section-1', 'example_subdag_operator.section-2', 'example_subdag_operator']) retrieved from /home/mnguyen0226/anaconda3/envs/learning_scraper/lib/python3.11/site-packages/airflow/example_dags/example_subdag_operator.py
[2023-08-20T21:04:34.856-0400] {logging_mixin.py:150} INFO - [2023-08-20T21:04:34.856-0400] {dag.py:2742} INFO - Sync 3 DAGs
[2023-08-20T21:04:34.879-0400] {logging_mixin.py:150} INFO - [2023-08-20T21:04:34.878-0400] {dag.py:3504} INFO - Setting next_dagrun for example_subdag_operator to 2022-01-01T00:00:00+00:00, run_after=2022-01-01T00:00:00+00:00
[2023-08-20T21:04:34.882-0400] {logging_mixin.py:150} INFO - [2023-08-20T21:04:34.882-0400] {dag.py:3504} INFO - Setting next_dagrun for example_subdag_operator.section-1 to None, run_after=None
[2023-08-20T21:04:34.884-0400] {logging_mixin.py:150} INFO - [2023-08-20T21:04:34.883-0400] {dag.py:3504} INFO - Setting next_dagrun for example_subdag_operator.section-2 to None, run_after=None
[2023-08-20T21:04:34.894-0400] {logging_mixin.py:150} INFO - [2023-08-20T21:04:34.894-0400] {dag.py:2742} INFO - Sync 2 DAGs
[2023-08-20T21:04:34.899-0400] {logging_mixin.py:150} INFO - [2023-08-20T21:04:34.899-0400] {dag.py:3504} INFO - Setting next_dagrun for example_subdag_operator.section-1 to None, run_after=None
[2023-08-20T21:04:34.900-0400] {logging_mixin.py:150} INFO - [2023-08-20T21:04:34.900-0400] {dag.py:3504} INFO - Setting next_dagrun for example_subdag_operator.section-2 to None, run_after=None
[2023-08-20T21:04:34.950-0400] {processor.py:179} INFO - Processing /home/mnguyen0226/anaconda3/envs/learning_scraper/lib/python3.11/site-packages/airflow/example_dags/example_subdag_operator.py took 0.157 seconds
[2023-08-20T21:05:21.893-0400] {processor.py:157} INFO - Started process (PID=83338) to work on /home/mnguyen0226/anaconda3/envs/learning_scraper/lib/python3.11/site-packages/airflow/example_dags/example_subdag_operator.py
[2023-08-20T21:05:21.902-0400] {processor.py:826} INFO - Processing file /home/mnguyen0226/anaconda3/envs/learning_scraper/lib/python3.11/site-packages/airflow/example_dags/example_subdag_operator.py for tasks to queue
[2023-08-20T21:05:21.903-0400] {logging_mixin.py:150} INFO - [2023-08-20T21:05:21.902-0400] {dagbag.py:541} INFO - Filling up the DagBag from /home/mnguyen0226/anaconda3/envs/learning_scraper/lib/python3.11/site-packages/airflow/example_dags/example_subdag_operator.py
[2023-08-20T21:05:21.935-0400] {processor.py:836} INFO - DAG(s) dict_keys(['example_subdag_operator.section-1', 'example_subdag_operator.section-2', 'example_subdag_operator']) retrieved from /home/mnguyen0226/anaconda3/envs/learning_scraper/lib/python3.11/site-packages/airflow/example_dags/example_subdag_operator.py
[2023-08-20T21:05:21.962-0400] {logging_mixin.py:150} INFO - [2023-08-20T21:05:21.961-0400] {dag.py:2742} INFO - Sync 3 DAGs
[2023-08-20T21:05:21.982-0400] {logging_mixin.py:150} INFO - [2023-08-20T21:05:21.981-0400] {dag.py:3504} INFO - Setting next_dagrun for example_subdag_operator to 2022-01-01T00:00:00+00:00, run_after=2022-01-01T00:00:00+00:00
[2023-08-20T21:05:21.985-0400] {logging_mixin.py:150} INFO - [2023-08-20T21:05:21.985-0400] {dag.py:3504} INFO - Setting next_dagrun for example_subdag_operator.section-1 to None, run_after=None
[2023-08-20T21:05:21.987-0400] {logging_mixin.py:150} INFO - [2023-08-20T21:05:21.986-0400] {dag.py:3504} INFO - Setting next_dagrun for example_subdag_operator.section-2 to None, run_after=None
[2023-08-20T21:05:21.993-0400] {logging_mixin.py:150} INFO - [2023-08-20T21:05:21.993-0400] {dag.py:2742} INFO - Sync 2 DAGs
[2023-08-20T21:05:21.999-0400] {logging_mixin.py:150} INFO - [2023-08-20T21:05:21.998-0400] {dag.py:3504} INFO - Setting next_dagrun for example_subdag_operator.section-1 to None, run_after=None
[2023-08-20T21:05:21.999-0400] {logging_mixin.py:150} INFO - [2023-08-20T21:05:21.999-0400] {dag.py:3504} INFO - Setting next_dagrun for example_subdag_operator.section-2 to None, run_after=None
[2023-08-20T21:05:22.027-0400] {processor.py:179} INFO - Processing /home/mnguyen0226/anaconda3/envs/learning_scraper/lib/python3.11/site-packages/airflow/example_dags/example_subdag_operator.py took 0.137 seconds
[2023-08-20T21:06:20.867-0400] {processor.py:157} INFO - Started process (PID=83581) to work on /home/mnguyen0226/anaconda3/envs/learning_scraper/lib/python3.11/site-packages/airflow/example_dags/example_subdag_operator.py
[2023-08-20T21:06:20.876-0400] {processor.py:826} INFO - Processing file /home/mnguyen0226/anaconda3/envs/learning_scraper/lib/python3.11/site-packages/airflow/example_dags/example_subdag_operator.py for tasks to queue
[2023-08-20T21:06:20.877-0400] {logging_mixin.py:150} INFO - [2023-08-20T21:06:20.876-0400] {dagbag.py:541} INFO - Filling up the DagBag from /home/mnguyen0226/anaconda3/envs/learning_scraper/lib/python3.11/site-packages/airflow/example_dags/example_subdag_operator.py
[2023-08-20T21:06:20.894-0400] {processor.py:836} INFO - DAG(s) dict_keys(['example_subdag_operator.section-1', 'example_subdag_operator.section-2', 'example_subdag_operator']) retrieved from /home/mnguyen0226/anaconda3/envs/learning_scraper/lib/python3.11/site-packages/airflow/example_dags/example_subdag_operator.py
[2023-08-20T21:06:20.906-0400] {logging_mixin.py:150} INFO - [2023-08-20T21:06:20.906-0400] {dag.py:2742} INFO - Sync 3 DAGs
[2023-08-20T21:06:20.922-0400] {logging_mixin.py:150} INFO - [2023-08-20T21:06:20.922-0400] {dag.py:3504} INFO - Setting next_dagrun for example_subdag_operator to 2022-01-01T00:00:00+00:00, run_after=2022-01-01T00:00:00+00:00
[2023-08-20T21:06:20.924-0400] {logging_mixin.py:150} INFO - [2023-08-20T21:06:20.924-0400] {dag.py:3504} INFO - Setting next_dagrun for example_subdag_operator.section-1 to None, run_after=None
[2023-08-20T21:06:20.925-0400] {logging_mixin.py:150} INFO - [2023-08-20T21:06:20.925-0400] {dag.py:3504} INFO - Setting next_dagrun for example_subdag_operator.section-2 to None, run_after=None
[2023-08-20T21:06:20.930-0400] {logging_mixin.py:150} INFO - [2023-08-20T21:06:20.930-0400] {dag.py:2742} INFO - Sync 2 DAGs
[2023-08-20T21:06:20.935-0400] {logging_mixin.py:150} INFO - [2023-08-20T21:06:20.935-0400] {dag.py:3504} INFO - Setting next_dagrun for example_subdag_operator.section-1 to None, run_after=None
[2023-08-20T21:06:20.935-0400] {logging_mixin.py:150} INFO - [2023-08-20T21:06:20.935-0400] {dag.py:3504} INFO - Setting next_dagrun for example_subdag_operator.section-2 to None, run_after=None
[2023-08-20T21:06:20.959-0400] {processor.py:179} INFO - Processing /home/mnguyen0226/anaconda3/envs/learning_scraper/lib/python3.11/site-packages/airflow/example_dags/example_subdag_operator.py took 0.094 seconds
[2023-08-20T21:07:24.981-0400] {processor.py:157} INFO - Started process (PID=83898) to work on /home/mnguyen0226/anaconda3/envs/learning_scraper/lib/python3.11/site-packages/airflow/example_dags/example_subdag_operator.py
[2023-08-20T21:07:24.990-0400] {processor.py:826} INFO - Processing file /home/mnguyen0226/anaconda3/envs/learning_scraper/lib/python3.11/site-packages/airflow/example_dags/example_subdag_operator.py for tasks to queue
[2023-08-20T21:07:24.992-0400] {logging_mixin.py:150} INFO - [2023-08-20T21:07:24.991-0400] {dagbag.py:541} INFO - Filling up the DagBag from /home/mnguyen0226/anaconda3/envs/learning_scraper/lib/python3.11/site-packages/airflow/example_dags/example_subdag_operator.py
[2023-08-20T21:07:25.026-0400] {processor.py:836} INFO - DAG(s) dict_keys(['example_subdag_operator.section-1', 'example_subdag_operator.section-2', 'example_subdag_operator']) retrieved from /home/mnguyen0226/anaconda3/envs/learning_scraper/lib/python3.11/site-packages/airflow/example_dags/example_subdag_operator.py
[2023-08-20T21:07:25.140-0400] {logging_mixin.py:150} INFO - [2023-08-20T21:07:25.140-0400] {dag.py:2742} INFO - Sync 3 DAGs
[2023-08-20T21:07:25.155-0400] {logging_mixin.py:150} INFO - [2023-08-20T21:07:25.155-0400] {dag.py:3504} INFO - Setting next_dagrun for example_subdag_operator to 2022-01-01T00:00:00+00:00, run_after=2022-01-01T00:00:00+00:00
[2023-08-20T21:07:25.157-0400] {logging_mixin.py:150} INFO - [2023-08-20T21:07:25.157-0400] {dag.py:3504} INFO - Setting next_dagrun for example_subdag_operator.section-1 to None, run_after=None
[2023-08-20T21:07:25.158-0400] {logging_mixin.py:150} INFO - [2023-08-20T21:07:25.158-0400] {dag.py:3504} INFO - Setting next_dagrun for example_subdag_operator.section-2 to None, run_after=None
[2023-08-20T21:07:25.163-0400] {logging_mixin.py:150} INFO - [2023-08-20T21:07:25.162-0400] {dag.py:2742} INFO - Sync 2 DAGs
[2023-08-20T21:07:25.166-0400] {logging_mixin.py:150} INFO - [2023-08-20T21:07:25.166-0400] {dag.py:3504} INFO - Setting next_dagrun for example_subdag_operator.section-1 to None, run_after=None
[2023-08-20T21:07:25.166-0400] {logging_mixin.py:150} INFO - [2023-08-20T21:07:25.166-0400] {dag.py:3504} INFO - Setting next_dagrun for example_subdag_operator.section-2 to None, run_after=None
[2023-08-20T21:07:25.182-0400] {processor.py:179} INFO - Processing /home/mnguyen0226/anaconda3/envs/learning_scraper/lib/python3.11/site-packages/airflow/example_dags/example_subdag_operator.py took 0.206 seconds
[2023-08-20T21:08:22.698-0400] {processor.py:157} INFO - Started process (PID=84138) to work on /home/mnguyen0226/anaconda3/envs/learning_scraper/lib/python3.11/site-packages/airflow/example_dags/example_subdag_operator.py
[2023-08-20T21:08:22.707-0400] {processor.py:826} INFO - Processing file /home/mnguyen0226/anaconda3/envs/learning_scraper/lib/python3.11/site-packages/airflow/example_dags/example_subdag_operator.py for tasks to queue
[2023-08-20T21:08:22.708-0400] {logging_mixin.py:150} INFO - [2023-08-20T21:08:22.707-0400] {dagbag.py:541} INFO - Filling up the DagBag from /home/mnguyen0226/anaconda3/envs/learning_scraper/lib/python3.11/site-packages/airflow/example_dags/example_subdag_operator.py
[2023-08-20T21:08:22.729-0400] {processor.py:836} INFO - DAG(s) dict_keys(['example_subdag_operator.section-1', 'example_subdag_operator.section-2', 'example_subdag_operator']) retrieved from /home/mnguyen0226/anaconda3/envs/learning_scraper/lib/python3.11/site-packages/airflow/example_dags/example_subdag_operator.py
[2023-08-20T21:08:22.743-0400] {logging_mixin.py:150} INFO - [2023-08-20T21:08:22.743-0400] {dag.py:2742} INFO - Sync 3 DAGs
[2023-08-20T21:08:22.762-0400] {logging_mixin.py:150} INFO - [2023-08-20T21:08:22.762-0400] {dag.py:3504} INFO - Setting next_dagrun for example_subdag_operator to 2022-01-01T00:00:00+00:00, run_after=2022-01-01T00:00:00+00:00
[2023-08-20T21:08:22.767-0400] {logging_mixin.py:150} INFO - [2023-08-20T21:08:22.766-0400] {dag.py:3504} INFO - Setting next_dagrun for example_subdag_operator.section-1 to None, run_after=None
[2023-08-20T21:08:22.768-0400] {logging_mixin.py:150} INFO - [2023-08-20T21:08:22.768-0400] {dag.py:3504} INFO - Setting next_dagrun for example_subdag_operator.section-2 to None, run_after=None
[2023-08-20T21:08:22.775-0400] {logging_mixin.py:150} INFO - [2023-08-20T21:08:22.775-0400] {dag.py:2742} INFO - Sync 2 DAGs
[2023-08-20T21:08:22.781-0400] {logging_mixin.py:150} INFO - [2023-08-20T21:08:22.780-0400] {dag.py:3504} INFO - Setting next_dagrun for example_subdag_operator.section-1 to None, run_after=None
[2023-08-20T21:08:22.781-0400] {logging_mixin.py:150} INFO - [2023-08-20T21:08:22.781-0400] {dag.py:3504} INFO - Setting next_dagrun for example_subdag_operator.section-2 to None, run_after=None
[2023-08-20T21:08:22.806-0400] {processor.py:179} INFO - Processing /home/mnguyen0226/anaconda3/envs/learning_scraper/lib/python3.11/site-packages/airflow/example_dags/example_subdag_operator.py took 0.111 seconds
[2023-08-20T21:09:17.078-0400] {processor.py:157} INFO - Started process (PID=84358) to work on /home/mnguyen0226/anaconda3/envs/learning_scraper/lib/python3.11/site-packages/airflow/example_dags/example_subdag_operator.py
[2023-08-20T21:09:17.079-0400] {processor.py:826} INFO - Processing file /home/mnguyen0226/anaconda3/envs/learning_scraper/lib/python3.11/site-packages/airflow/example_dags/example_subdag_operator.py for tasks to queue
[2023-08-20T21:09:17.081-0400] {logging_mixin.py:150} INFO - [2023-08-20T21:09:17.080-0400] {dagbag.py:541} INFO - Filling up the DagBag from /home/mnguyen0226/anaconda3/envs/learning_scraper/lib/python3.11/site-packages/airflow/example_dags/example_subdag_operator.py
[2023-08-20T21:09:17.113-0400] {processor.py:836} INFO - DAG(s) dict_keys(['example_subdag_operator.section-1', 'example_subdag_operator.section-2', 'example_subdag_operator']) retrieved from /home/mnguyen0226/anaconda3/envs/learning_scraper/lib/python3.11/site-packages/airflow/example_dags/example_subdag_operator.py
[2023-08-20T21:09:17.134-0400] {logging_mixin.py:150} INFO - [2023-08-20T21:09:17.134-0400] {dag.py:2742} INFO - Sync 3 DAGs
[2023-08-20T21:09:17.151-0400] {logging_mixin.py:150} INFO - [2023-08-20T21:09:17.151-0400] {dag.py:3504} INFO - Setting next_dagrun for example_subdag_operator to 2022-01-01T00:00:00+00:00, run_after=2022-01-01T00:00:00+00:00
[2023-08-20T21:09:17.153-0400] {logging_mixin.py:150} INFO - [2023-08-20T21:09:17.153-0400] {dag.py:3504} INFO - Setting next_dagrun for example_subdag_operator.section-1 to None, run_after=None
[2023-08-20T21:09:17.154-0400] {logging_mixin.py:150} INFO - [2023-08-20T21:09:17.154-0400] {dag.py:3504} INFO - Setting next_dagrun for example_subdag_operator.section-2 to None, run_after=None
[2023-08-20T21:09:17.159-0400] {logging_mixin.py:150} INFO - [2023-08-20T21:09:17.159-0400] {dag.py:2742} INFO - Sync 2 DAGs
[2023-08-20T21:09:17.162-0400] {logging_mixin.py:150} INFO - [2023-08-20T21:09:17.162-0400] {dag.py:3504} INFO - Setting next_dagrun for example_subdag_operator.section-1 to None, run_after=None
[2023-08-20T21:09:17.162-0400] {logging_mixin.py:150} INFO - [2023-08-20T21:09:17.162-0400] {dag.py:3504} INFO - Setting next_dagrun for example_subdag_operator.section-2 to None, run_after=None
[2023-08-20T21:09:17.179-0400] {processor.py:179} INFO - Processing /home/mnguyen0226/anaconda3/envs/learning_scraper/lib/python3.11/site-packages/airflow/example_dags/example_subdag_operator.py took 0.105 seconds
[2023-08-20T21:10:12.042-0400] {processor.py:157} INFO - Started process (PID=84679) to work on /home/mnguyen0226/anaconda3/envs/learning_scraper/lib/python3.11/site-packages/airflow/example_dags/example_subdag_operator.py
[2023-08-20T21:10:12.042-0400] {processor.py:826} INFO - Processing file /home/mnguyen0226/anaconda3/envs/learning_scraper/lib/python3.11/site-packages/airflow/example_dags/example_subdag_operator.py for tasks to queue
[2023-08-20T21:10:12.043-0400] {logging_mixin.py:150} INFO - [2023-08-20T21:10:12.042-0400] {dagbag.py:541} INFO - Filling up the DagBag from /home/mnguyen0226/anaconda3/envs/learning_scraper/lib/python3.11/site-packages/airflow/example_dags/example_subdag_operator.py
[2023-08-20T21:10:12.064-0400] {processor.py:836} INFO - DAG(s) dict_keys(['example_subdag_operator.section-1', 'example_subdag_operator.section-2', 'example_subdag_operator']) retrieved from /home/mnguyen0226/anaconda3/envs/learning_scraper/lib/python3.11/site-packages/airflow/example_dags/example_subdag_operator.py
[2023-08-20T21:10:12.081-0400] {logging_mixin.py:150} INFO - [2023-08-20T21:10:12.080-0400] {dag.py:2742} INFO - Sync 3 DAGs
[2023-08-20T21:10:12.098-0400] {logging_mixin.py:150} INFO - [2023-08-20T21:10:12.097-0400] {dag.py:3504} INFO - Setting next_dagrun for example_subdag_operator to 2022-01-01T00:00:00+00:00, run_after=2022-01-01T00:00:00+00:00
[2023-08-20T21:10:12.100-0400] {logging_mixin.py:150} INFO - [2023-08-20T21:10:12.100-0400] {dag.py:3504} INFO - Setting next_dagrun for example_subdag_operator.section-1 to None, run_after=None
[2023-08-20T21:10:12.101-0400] {logging_mixin.py:150} INFO - [2023-08-20T21:10:12.101-0400] {dag.py:3504} INFO - Setting next_dagrun for example_subdag_operator.section-2 to None, run_after=None
[2023-08-20T21:10:12.105-0400] {logging_mixin.py:150} INFO - [2023-08-20T21:10:12.105-0400] {dag.py:2742} INFO - Sync 2 DAGs
[2023-08-20T21:10:12.109-0400] {logging_mixin.py:150} INFO - [2023-08-20T21:10:12.109-0400] {dag.py:3504} INFO - Setting next_dagrun for example_subdag_operator.section-1 to None, run_after=None
[2023-08-20T21:10:12.109-0400] {logging_mixin.py:150} INFO - [2023-08-20T21:10:12.109-0400] {dag.py:3504} INFO - Setting next_dagrun for example_subdag_operator.section-2 to None, run_after=None
[2023-08-20T21:10:12.145-0400] {processor.py:179} INFO - Processing /home/mnguyen0226/anaconda3/envs/learning_scraper/lib/python3.11/site-packages/airflow/example_dags/example_subdag_operator.py took 0.105 seconds
[2023-08-20T21:11:10.639-0400] {processor.py:157} INFO - Started process (PID=84912) to work on /home/mnguyen0226/anaconda3/envs/learning_scraper/lib/python3.11/site-packages/airflow/example_dags/example_subdag_operator.py
[2023-08-20T21:11:10.649-0400] {processor.py:826} INFO - Processing file /home/mnguyen0226/anaconda3/envs/learning_scraper/lib/python3.11/site-packages/airflow/example_dags/example_subdag_operator.py for tasks to queue
[2023-08-20T21:11:10.650-0400] {logging_mixin.py:150} INFO - [2023-08-20T21:11:10.649-0400] {dagbag.py:541} INFO - Filling up the DagBag from /home/mnguyen0226/anaconda3/envs/learning_scraper/lib/python3.11/site-packages/airflow/example_dags/example_subdag_operator.py
[2023-08-20T21:11:10.673-0400] {processor.py:836} INFO - DAG(s) dict_keys(['example_subdag_operator.section-1', 'example_subdag_operator.section-2', 'example_subdag_operator']) retrieved from /home/mnguyen0226/anaconda3/envs/learning_scraper/lib/python3.11/site-packages/airflow/example_dags/example_subdag_operator.py
[2023-08-20T21:11:10.697-0400] {logging_mixin.py:150} INFO - [2023-08-20T21:11:10.696-0400] {dag.py:2742} INFO - Sync 3 DAGs
[2023-08-20T21:11:10.715-0400] {logging_mixin.py:150} INFO - [2023-08-20T21:11:10.714-0400] {dag.py:3504} INFO - Setting next_dagrun for example_subdag_operator to 2022-01-01T00:00:00+00:00, run_after=2022-01-01T00:00:00+00:00
[2023-08-20T21:11:10.718-0400] {logging_mixin.py:150} INFO - [2023-08-20T21:11:10.718-0400] {dag.py:3504} INFO - Setting next_dagrun for example_subdag_operator.section-1 to None, run_after=None
[2023-08-20T21:11:10.719-0400] {logging_mixin.py:150} INFO - [2023-08-20T21:11:10.719-0400] {dag.py:3504} INFO - Setting next_dagrun for example_subdag_operator.section-2 to None, run_after=None
[2023-08-20T21:11:10.724-0400] {logging_mixin.py:150} INFO - [2023-08-20T21:11:10.724-0400] {dag.py:2742} INFO - Sync 2 DAGs
[2023-08-20T21:11:10.728-0400] {logging_mixin.py:150} INFO - [2023-08-20T21:11:10.728-0400] {dag.py:3504} INFO - Setting next_dagrun for example_subdag_operator.section-1 to None, run_after=None
[2023-08-20T21:11:10.729-0400] {logging_mixin.py:150} INFO - [2023-08-20T21:11:10.729-0400] {dag.py:3504} INFO - Setting next_dagrun for example_subdag_operator.section-2 to None, run_after=None
[2023-08-20T21:11:10.757-0400] {processor.py:179} INFO - Processing /home/mnguyen0226/anaconda3/envs/learning_scraper/lib/python3.11/site-packages/airflow/example_dags/example_subdag_operator.py took 0.120 seconds
[2023-08-20T21:12:00.699-0400] {processor.py:157} INFO - Started process (PID=85132) to work on /home/mnguyen0226/anaconda3/envs/learning_scraper/lib/python3.11/site-packages/airflow/example_dags/example_subdag_operator.py
[2023-08-20T21:12:00.700-0400] {processor.py:826} INFO - Processing file /home/mnguyen0226/anaconda3/envs/learning_scraper/lib/python3.11/site-packages/airflow/example_dags/example_subdag_operator.py for tasks to queue
[2023-08-20T21:12:00.701-0400] {logging_mixin.py:150} INFO - [2023-08-20T21:12:00.701-0400] {dagbag.py:541} INFO - Filling up the DagBag from /home/mnguyen0226/anaconda3/envs/learning_scraper/lib/python3.11/site-packages/airflow/example_dags/example_subdag_operator.py
[2023-08-20T21:12:00.734-0400] {processor.py:836} INFO - DAG(s) dict_keys(['example_subdag_operator.section-1', 'example_subdag_operator.section-2', 'example_subdag_operator']) retrieved from /home/mnguyen0226/anaconda3/envs/learning_scraper/lib/python3.11/site-packages/airflow/example_dags/example_subdag_operator.py
[2023-08-20T21:12:00.756-0400] {logging_mixin.py:150} INFO - [2023-08-20T21:12:00.756-0400] {dag.py:2742} INFO - Sync 3 DAGs
[2023-08-20T21:12:00.771-0400] {logging_mixin.py:150} INFO - [2023-08-20T21:12:00.770-0400] {dag.py:3504} INFO - Setting next_dagrun for example_subdag_operator to 2022-01-01T00:00:00+00:00, run_after=2022-01-01T00:00:00+00:00
[2023-08-20T21:12:00.773-0400] {logging_mixin.py:150} INFO - [2023-08-20T21:12:00.773-0400] {dag.py:3504} INFO - Setting next_dagrun for example_subdag_operator.section-1 to None, run_after=None
[2023-08-20T21:12:00.774-0400] {logging_mixin.py:150} INFO - [2023-08-20T21:12:00.774-0400] {dag.py:3504} INFO - Setting next_dagrun for example_subdag_operator.section-2 to None, run_after=None
[2023-08-20T21:12:00.779-0400] {logging_mixin.py:150} INFO - [2023-08-20T21:12:00.779-0400] {dag.py:2742} INFO - Sync 2 DAGs
[2023-08-20T21:12:00.782-0400] {logging_mixin.py:150} INFO - [2023-08-20T21:12:00.782-0400] {dag.py:3504} INFO - Setting next_dagrun for example_subdag_operator.section-1 to None, run_after=None
[2023-08-20T21:12:00.783-0400] {logging_mixin.py:150} INFO - [2023-08-20T21:12:00.783-0400] {dag.py:3504} INFO - Setting next_dagrun for example_subdag_operator.section-2 to None, run_after=None
[2023-08-20T21:12:00.806-0400] {processor.py:179} INFO - Processing /home/mnguyen0226/anaconda3/envs/learning_scraper/lib/python3.11/site-packages/airflow/example_dags/example_subdag_operator.py took 0.112 seconds
[2023-08-20T21:12:57.945-0400] {processor.py:157} INFO - Started process (PID=85724) to work on /home/mnguyen0226/anaconda3/envs/learning_scraper/lib/python3.11/site-packages/airflow/example_dags/example_subdag_operator.py
[2023-08-20T21:12:57.954-0400] {processor.py:826} INFO - Processing file /home/mnguyen0226/anaconda3/envs/learning_scraper/lib/python3.11/site-packages/airflow/example_dags/example_subdag_operator.py for tasks to queue
[2023-08-20T21:12:57.955-0400] {logging_mixin.py:150} INFO - [2023-08-20T21:12:57.955-0400] {dagbag.py:541} INFO - Filling up the DagBag from /home/mnguyen0226/anaconda3/envs/learning_scraper/lib/python3.11/site-packages/airflow/example_dags/example_subdag_operator.py
[2023-08-20T21:12:57.975-0400] {processor.py:836} INFO - DAG(s) dict_keys(['example_subdag_operator.section-1', 'example_subdag_operator.section-2', 'example_subdag_operator']) retrieved from /home/mnguyen0226/anaconda3/envs/learning_scraper/lib/python3.11/site-packages/airflow/example_dags/example_subdag_operator.py
[2023-08-20T21:12:57.989-0400] {logging_mixin.py:150} INFO - [2023-08-20T21:12:57.989-0400] {dag.py:2742} INFO - Sync 3 DAGs
[2023-08-20T21:12:58.004-0400] {logging_mixin.py:150} INFO - [2023-08-20T21:12:58.004-0400] {dag.py:3504} INFO - Setting next_dagrun for example_subdag_operator to 2022-01-01T00:00:00+00:00, run_after=2022-01-01T00:00:00+00:00
[2023-08-20T21:12:58.007-0400] {logging_mixin.py:150} INFO - [2023-08-20T21:12:58.007-0400] {dag.py:3504} INFO - Setting next_dagrun for example_subdag_operator.section-1 to None, run_after=None
[2023-08-20T21:12:58.008-0400] {logging_mixin.py:150} INFO - [2023-08-20T21:12:58.008-0400] {dag.py:3504} INFO - Setting next_dagrun for example_subdag_operator.section-2 to None, run_after=None
[2023-08-20T21:12:58.014-0400] {logging_mixin.py:150} INFO - [2023-08-20T21:12:58.014-0400] {dag.py:2742} INFO - Sync 2 DAGs
[2023-08-20T21:12:58.018-0400] {logging_mixin.py:150} INFO - [2023-08-20T21:12:58.018-0400] {dag.py:3504} INFO - Setting next_dagrun for example_subdag_operator.section-1 to None, run_after=None
[2023-08-20T21:12:58.018-0400] {logging_mixin.py:150} INFO - [2023-08-20T21:12:58.018-0400] {dag.py:3504} INFO - Setting next_dagrun for example_subdag_operator.section-2 to None, run_after=None
[2023-08-20T21:12:58.049-0400] {processor.py:179} INFO - Processing /home/mnguyen0226/anaconda3/envs/learning_scraper/lib/python3.11/site-packages/airflow/example_dags/example_subdag_operator.py took 0.106 seconds
[2023-08-20T21:13:54.931-0400] {processor.py:157} INFO - Started process (PID=85993) to work on /home/mnguyen0226/anaconda3/envs/learning_scraper/lib/python3.11/site-packages/airflow/example_dags/example_subdag_operator.py
[2023-08-20T21:13:54.932-0400] {processor.py:826} INFO - Processing file /home/mnguyen0226/anaconda3/envs/learning_scraper/lib/python3.11/site-packages/airflow/example_dags/example_subdag_operator.py for tasks to queue
[2023-08-20T21:13:54.933-0400] {logging_mixin.py:150} INFO - [2023-08-20T21:13:54.932-0400] {dagbag.py:541} INFO - Filling up the DagBag from /home/mnguyen0226/anaconda3/envs/learning_scraper/lib/python3.11/site-packages/airflow/example_dags/example_subdag_operator.py
[2023-08-20T21:13:54.951-0400] {processor.py:836} INFO - DAG(s) dict_keys(['example_subdag_operator.section-1', 'example_subdag_operator.section-2', 'example_subdag_operator']) retrieved from /home/mnguyen0226/anaconda3/envs/learning_scraper/lib/python3.11/site-packages/airflow/example_dags/example_subdag_operator.py
[2023-08-20T21:13:54.964-0400] {logging_mixin.py:150} INFO - [2023-08-20T21:13:54.964-0400] {dag.py:2742} INFO - Sync 3 DAGs
[2023-08-20T21:13:54.980-0400] {logging_mixin.py:150} INFO - [2023-08-20T21:13:54.980-0400] {dag.py:3504} INFO - Setting next_dagrun for example_subdag_operator to 2022-01-01T00:00:00+00:00, run_after=2022-01-01T00:00:00+00:00
[2023-08-20T21:13:54.983-0400] {logging_mixin.py:150} INFO - [2023-08-20T21:13:54.983-0400] {dag.py:3504} INFO - Setting next_dagrun for example_subdag_operator.section-1 to None, run_after=None
[2023-08-20T21:13:54.984-0400] {logging_mixin.py:150} INFO - [2023-08-20T21:13:54.984-0400] {dag.py:3504} INFO - Setting next_dagrun for example_subdag_operator.section-2 to None, run_after=None
[2023-08-20T21:13:54.993-0400] {logging_mixin.py:150} INFO - [2023-08-20T21:13:54.992-0400] {dag.py:2742} INFO - Sync 2 DAGs
[2023-08-20T21:13:54.997-0400] {logging_mixin.py:150} INFO - [2023-08-20T21:13:54.997-0400] {dag.py:3504} INFO - Setting next_dagrun for example_subdag_operator.section-1 to None, run_after=None
[2023-08-20T21:13:54.998-0400] {logging_mixin.py:150} INFO - [2023-08-20T21:13:54.997-0400] {dag.py:3504} INFO - Setting next_dagrun for example_subdag_operator.section-2 to None, run_after=None
[2023-08-20T21:13:55.021-0400] {processor.py:179} INFO - Processing /home/mnguyen0226/anaconda3/envs/learning_scraper/lib/python3.11/site-packages/airflow/example_dags/example_subdag_operator.py took 0.093 seconds
[2023-08-20T21:14:52.992-0400] {processor.py:157} INFO - Started process (PID=86299) to work on /home/mnguyen0226/anaconda3/envs/learning_scraper/lib/python3.11/site-packages/airflow/example_dags/example_subdag_operator.py
[2023-08-20T21:14:52.993-0400] {processor.py:826} INFO - Processing file /home/mnguyen0226/anaconda3/envs/learning_scraper/lib/python3.11/site-packages/airflow/example_dags/example_subdag_operator.py for tasks to queue
[2023-08-20T21:14:52.995-0400] {logging_mixin.py:150} INFO - [2023-08-20T21:14:52.994-0400] {dagbag.py:541} INFO - Filling up the DagBag from /home/mnguyen0226/anaconda3/envs/learning_scraper/lib/python3.11/site-packages/airflow/example_dags/example_subdag_operator.py
[2023-08-20T21:14:53.025-0400] {processor.py:836} INFO - DAG(s) dict_keys(['example_subdag_operator.section-1', 'example_subdag_operator.section-2', 'example_subdag_operator']) retrieved from /home/mnguyen0226/anaconda3/envs/learning_scraper/lib/python3.11/site-packages/airflow/example_dags/example_subdag_operator.py
[2023-08-20T21:14:53.041-0400] {logging_mixin.py:150} INFO - [2023-08-20T21:14:53.041-0400] {dag.py:2742} INFO - Sync 3 DAGs
[2023-08-20T21:14:53.056-0400] {logging_mixin.py:150} INFO - [2023-08-20T21:14:53.056-0400] {dag.py:3504} INFO - Setting next_dagrun for example_subdag_operator to 2022-01-01T00:00:00+00:00, run_after=2022-01-01T00:00:00+00:00
[2023-08-20T21:14:53.059-0400] {logging_mixin.py:150} INFO - [2023-08-20T21:14:53.059-0400] {dag.py:3504} INFO - Setting next_dagrun for example_subdag_operator.section-1 to None, run_after=None
[2023-08-20T21:14:53.060-0400] {logging_mixin.py:150} INFO - [2023-08-20T21:14:53.060-0400] {dag.py:3504} INFO - Setting next_dagrun for example_subdag_operator.section-2 to None, run_after=None
[2023-08-20T21:14:53.065-0400] {logging_mixin.py:150} INFO - [2023-08-20T21:14:53.065-0400] {dag.py:2742} INFO - Sync 2 DAGs
[2023-08-20T21:14:53.068-0400] {logging_mixin.py:150} INFO - [2023-08-20T21:14:53.068-0400] {dag.py:3504} INFO - Setting next_dagrun for example_subdag_operator.section-1 to None, run_after=None
[2023-08-20T21:14:53.068-0400] {logging_mixin.py:150} INFO - [2023-08-20T21:14:53.068-0400] {dag.py:3504} INFO - Setting next_dagrun for example_subdag_operator.section-2 to None, run_after=None
[2023-08-20T21:14:53.091-0400] {processor.py:179} INFO - Processing /home/mnguyen0226/anaconda3/envs/learning_scraper/lib/python3.11/site-packages/airflow/example_dags/example_subdag_operator.py took 0.104 seconds
[2023-08-20T21:15:43.977-0400] {processor.py:157} INFO - Started process (PID=86428) to work on /home/mnguyen0226/anaconda3/envs/learning_scraper/lib/python3.11/site-packages/airflow/example_dags/example_subdag_operator.py
[2023-08-20T21:15:43.978-0400] {processor.py:826} INFO - Processing file /home/mnguyen0226/anaconda3/envs/learning_scraper/lib/python3.11/site-packages/airflow/example_dags/example_subdag_operator.py for tasks to queue
[2023-08-20T21:15:43.979-0400] {logging_mixin.py:150} INFO - [2023-08-20T21:15:43.978-0400] {dagbag.py:541} INFO - Filling up the DagBag from /home/mnguyen0226/anaconda3/envs/learning_scraper/lib/python3.11/site-packages/airflow/example_dags/example_subdag_operator.py
[2023-08-20T21:15:44.010-0400] {processor.py:836} INFO - DAG(s) dict_keys(['example_subdag_operator.section-1', 'example_subdag_operator.section-2', 'example_subdag_operator']) retrieved from /home/mnguyen0226/anaconda3/envs/learning_scraper/lib/python3.11/site-packages/airflow/example_dags/example_subdag_operator.py
[2023-08-20T21:15:44.024-0400] {logging_mixin.py:150} INFO - [2023-08-20T21:15:44.024-0400] {dag.py:2742} INFO - Sync 3 DAGs
[2023-08-20T21:15:44.037-0400] {logging_mixin.py:150} INFO - [2023-08-20T21:15:44.037-0400] {dag.py:3504} INFO - Setting next_dagrun for example_subdag_operator to 2022-01-01T00:00:00+00:00, run_after=2022-01-01T00:00:00+00:00
[2023-08-20T21:15:44.039-0400] {logging_mixin.py:150} INFO - [2023-08-20T21:15:44.039-0400] {dag.py:3504} INFO - Setting next_dagrun for example_subdag_operator.section-1 to None, run_after=None
[2023-08-20T21:15:44.041-0400] {logging_mixin.py:150} INFO - [2023-08-20T21:15:44.040-0400] {dag.py:3504} INFO - Setting next_dagrun for example_subdag_operator.section-2 to None, run_after=None
[2023-08-20T21:15:44.046-0400] {logging_mixin.py:150} INFO - [2023-08-20T21:15:44.045-0400] {dag.py:2742} INFO - Sync 2 DAGs
[2023-08-20T21:15:44.050-0400] {logging_mixin.py:150} INFO - [2023-08-20T21:15:44.050-0400] {dag.py:3504} INFO - Setting next_dagrun for example_subdag_operator.section-1 to None, run_after=None
[2023-08-20T21:15:44.050-0400] {logging_mixin.py:150} INFO - [2023-08-20T21:15:44.050-0400] {dag.py:3504} INFO - Setting next_dagrun for example_subdag_operator.section-2 to None, run_after=None
[2023-08-20T21:15:44.073-0400] {processor.py:179} INFO - Processing /home/mnguyen0226/anaconda3/envs/learning_scraper/lib/python3.11/site-packages/airflow/example_dags/example_subdag_operator.py took 0.100 seconds
[2023-08-20T21:16:37.982-0400] {processor.py:157} INFO - Started process (PID=86735) to work on /home/mnguyen0226/anaconda3/envs/learning_scraper/lib/python3.11/site-packages/airflow/example_dags/example_subdag_operator.py
[2023-08-20T21:16:37.991-0400] {processor.py:826} INFO - Processing file /home/mnguyen0226/anaconda3/envs/learning_scraper/lib/python3.11/site-packages/airflow/example_dags/example_subdag_operator.py for tasks to queue
[2023-08-20T21:16:37.993-0400] {logging_mixin.py:150} INFO - [2023-08-20T21:16:37.992-0400] {dagbag.py:541} INFO - Filling up the DagBag from /home/mnguyen0226/anaconda3/envs/learning_scraper/lib/python3.11/site-packages/airflow/example_dags/example_subdag_operator.py
[2023-08-20T21:16:38.027-0400] {processor.py:836} INFO - DAG(s) dict_keys(['example_subdag_operator.section-1', 'example_subdag_operator.section-2', 'example_subdag_operator']) retrieved from /home/mnguyen0226/anaconda3/envs/learning_scraper/lib/python3.11/site-packages/airflow/example_dags/example_subdag_operator.py
[2023-08-20T21:16:38.044-0400] {logging_mixin.py:150} INFO - [2023-08-20T21:16:38.044-0400] {dag.py:2742} INFO - Sync 3 DAGs
[2023-08-20T21:16:38.060-0400] {logging_mixin.py:150} INFO - [2023-08-20T21:16:38.060-0400] {dag.py:3504} INFO - Setting next_dagrun for example_subdag_operator to 2022-01-01T00:00:00+00:00, run_after=2022-01-01T00:00:00+00:00
[2023-08-20T21:16:38.062-0400] {logging_mixin.py:150} INFO - [2023-08-20T21:16:38.062-0400] {dag.py:3504} INFO - Setting next_dagrun for example_subdag_operator.section-1 to None, run_after=None
[2023-08-20T21:16:38.063-0400] {logging_mixin.py:150} INFO - [2023-08-20T21:16:38.063-0400] {dag.py:3504} INFO - Setting next_dagrun for example_subdag_operator.section-2 to None, run_after=None
[2023-08-20T21:16:38.068-0400] {logging_mixin.py:150} INFO - [2023-08-20T21:16:38.068-0400] {dag.py:2742} INFO - Sync 2 DAGs
[2023-08-20T21:16:38.072-0400] {logging_mixin.py:150} INFO - [2023-08-20T21:16:38.072-0400] {dag.py:3504} INFO - Setting next_dagrun for example_subdag_operator.section-1 to None, run_after=None
[2023-08-20T21:16:38.072-0400] {logging_mixin.py:150} INFO - [2023-08-20T21:16:38.072-0400] {dag.py:3504} INFO - Setting next_dagrun for example_subdag_operator.section-2 to None, run_after=None
[2023-08-20T21:16:38.097-0400] {processor.py:179} INFO - Processing /home/mnguyen0226/anaconda3/envs/learning_scraper/lib/python3.11/site-packages/airflow/example_dags/example_subdag_operator.py took 0.120 seconds
[2023-08-20T21:17:32.536-0400] {processor.py:157} INFO - Started process (PID=87051) to work on /home/mnguyen0226/anaconda3/envs/learning_scraper/lib/python3.11/site-packages/airflow/example_dags/example_subdag_operator.py
[2023-08-20T21:17:32.538-0400] {processor.py:826} INFO - Processing file /home/mnguyen0226/anaconda3/envs/learning_scraper/lib/python3.11/site-packages/airflow/example_dags/example_subdag_operator.py for tasks to queue
[2023-08-20T21:17:32.539-0400] {logging_mixin.py:150} INFO - [2023-08-20T21:17:32.538-0400] {dagbag.py:541} INFO - Filling up the DagBag from /home/mnguyen0226/anaconda3/envs/learning_scraper/lib/python3.11/site-packages/airflow/example_dags/example_subdag_operator.py
[2023-08-20T21:17:32.572-0400] {processor.py:836} INFO - DAG(s) dict_keys(['example_subdag_operator.section-1', 'example_subdag_operator.section-2', 'example_subdag_operator']) retrieved from /home/mnguyen0226/anaconda3/envs/learning_scraper/lib/python3.11/site-packages/airflow/example_dags/example_subdag_operator.py
[2023-08-20T21:17:32.597-0400] {logging_mixin.py:150} INFO - [2023-08-20T21:17:32.597-0400] {dag.py:2742} INFO - Sync 3 DAGs
[2023-08-20T21:17:32.621-0400] {logging_mixin.py:150} INFO - [2023-08-20T21:17:32.621-0400] {dag.py:3504} INFO - Setting next_dagrun for example_subdag_operator to 2022-01-01T00:00:00+00:00, run_after=2022-01-01T00:00:00+00:00
[2023-08-20T21:17:32.624-0400] {logging_mixin.py:150} INFO - [2023-08-20T21:17:32.624-0400] {dag.py:3504} INFO - Setting next_dagrun for example_subdag_operator.section-1 to None, run_after=None
[2023-08-20T21:17:32.625-0400] {logging_mixin.py:150} INFO - [2023-08-20T21:17:32.625-0400] {dag.py:3504} INFO - Setting next_dagrun for example_subdag_operator.section-2 to None, run_after=None
[2023-08-20T21:17:32.630-0400] {logging_mixin.py:150} INFO - [2023-08-20T21:17:32.630-0400] {dag.py:2742} INFO - Sync 2 DAGs
[2023-08-20T21:17:32.634-0400] {logging_mixin.py:150} INFO - [2023-08-20T21:17:32.634-0400] {dag.py:3504} INFO - Setting next_dagrun for example_subdag_operator.section-1 to None, run_after=None
[2023-08-20T21:17:32.634-0400] {logging_mixin.py:150} INFO - [2023-08-20T21:17:32.634-0400] {dag.py:3504} INFO - Setting next_dagrun for example_subdag_operator.section-2 to None, run_after=None
[2023-08-20T21:17:32.657-0400] {processor.py:179} INFO - Processing /home/mnguyen0226/anaconda3/envs/learning_scraper/lib/python3.11/site-packages/airflow/example_dags/example_subdag_operator.py took 0.125 seconds
[2023-08-20T21:18:27.024-0400] {processor.py:157} INFO - Started process (PID=87355) to work on /home/mnguyen0226/anaconda3/envs/learning_scraper/lib/python3.11/site-packages/airflow/example_dags/example_subdag_operator.py
[2023-08-20T21:18:27.025-0400] {processor.py:826} INFO - Processing file /home/mnguyen0226/anaconda3/envs/learning_scraper/lib/python3.11/site-packages/airflow/example_dags/example_subdag_operator.py for tasks to queue
[2023-08-20T21:18:27.027-0400] {logging_mixin.py:150} INFO - [2023-08-20T21:18:27.026-0400] {dagbag.py:541} INFO - Filling up the DagBag from /home/mnguyen0226/anaconda3/envs/learning_scraper/lib/python3.11/site-packages/airflow/example_dags/example_subdag_operator.py
[2023-08-20T21:18:27.051-0400] {processor.py:836} INFO - DAG(s) dict_keys(['example_subdag_operator.section-1', 'example_subdag_operator.section-2', 'example_subdag_operator']) retrieved from /home/mnguyen0226/anaconda3/envs/learning_scraper/lib/python3.11/site-packages/airflow/example_dags/example_subdag_operator.py
[2023-08-20T21:18:27.063-0400] {logging_mixin.py:150} INFO - [2023-08-20T21:18:27.063-0400] {dag.py:2742} INFO - Sync 3 DAGs
[2023-08-20T21:18:27.076-0400] {logging_mixin.py:150} INFO - [2023-08-20T21:18:27.076-0400] {dag.py:3504} INFO - Setting next_dagrun for example_subdag_operator to 2022-01-01T00:00:00+00:00, run_after=2022-01-01T00:00:00+00:00
[2023-08-20T21:18:27.078-0400] {logging_mixin.py:150} INFO - [2023-08-20T21:18:27.078-0400] {dag.py:3504} INFO - Setting next_dagrun for example_subdag_operator.section-1 to None, run_after=None
[2023-08-20T21:18:27.079-0400] {logging_mixin.py:150} INFO - [2023-08-20T21:18:27.079-0400] {dag.py:3504} INFO - Setting next_dagrun for example_subdag_operator.section-2 to None, run_after=None
[2023-08-20T21:18:27.083-0400] {logging_mixin.py:150} INFO - [2023-08-20T21:18:27.083-0400] {dag.py:2742} INFO - Sync 2 DAGs
[2023-08-20T21:18:27.086-0400] {logging_mixin.py:150} INFO - [2023-08-20T21:18:27.086-0400] {dag.py:3504} INFO - Setting next_dagrun for example_subdag_operator.section-1 to None, run_after=None
[2023-08-20T21:18:27.086-0400] {logging_mixin.py:150} INFO - [2023-08-20T21:18:27.086-0400] {dag.py:3504} INFO - Setting next_dagrun for example_subdag_operator.section-2 to None, run_after=None
[2023-08-20T21:18:27.103-0400] {processor.py:179} INFO - Processing /home/mnguyen0226/anaconda3/envs/learning_scraper/lib/python3.11/site-packages/airflow/example_dags/example_subdag_operator.py took 0.082 seconds
[2023-08-20T21:19:23.641-0400] {processor.py:157} INFO - Started process (PID=87712) to work on /home/mnguyen0226/anaconda3/envs/learning_scraper/lib/python3.11/site-packages/airflow/example_dags/example_subdag_operator.py
[2023-08-20T21:19:23.642-0400] {processor.py:826} INFO - Processing file /home/mnguyen0226/anaconda3/envs/learning_scraper/lib/python3.11/site-packages/airflow/example_dags/example_subdag_operator.py for tasks to queue
[2023-08-20T21:19:23.642-0400] {logging_mixin.py:150} INFO - [2023-08-20T21:19:23.642-0400] {dagbag.py:541} INFO - Filling up the DagBag from /home/mnguyen0226/anaconda3/envs/learning_scraper/lib/python3.11/site-packages/airflow/example_dags/example_subdag_operator.py
[2023-08-20T21:19:23.659-0400] {processor.py:836} INFO - DAG(s) dict_keys(['example_subdag_operator.section-1', 'example_subdag_operator.section-2', 'example_subdag_operator']) retrieved from /home/mnguyen0226/anaconda3/envs/learning_scraper/lib/python3.11/site-packages/airflow/example_dags/example_subdag_operator.py
[2023-08-20T21:19:23.671-0400] {logging_mixin.py:150} INFO - [2023-08-20T21:19:23.671-0400] {dag.py:2742} INFO - Sync 3 DAGs
[2023-08-20T21:19:23.686-0400] {logging_mixin.py:150} INFO - [2023-08-20T21:19:23.685-0400] {dag.py:3504} INFO - Setting next_dagrun for example_subdag_operator to 2022-01-01T00:00:00+00:00, run_after=2022-01-01T00:00:00+00:00
[2023-08-20T21:19:23.688-0400] {logging_mixin.py:150} INFO - [2023-08-20T21:19:23.688-0400] {dag.py:3504} INFO - Setting next_dagrun for example_subdag_operator.section-1 to None, run_after=None
[2023-08-20T21:19:23.689-0400] {logging_mixin.py:150} INFO - [2023-08-20T21:19:23.689-0400] {dag.py:3504} INFO - Setting next_dagrun for example_subdag_operator.section-2 to None, run_after=None
[2023-08-20T21:19:23.694-0400] {logging_mixin.py:150} INFO - [2023-08-20T21:19:23.694-0400] {dag.py:2742} INFO - Sync 2 DAGs
[2023-08-20T21:19:23.698-0400] {logging_mixin.py:150} INFO - [2023-08-20T21:19:23.697-0400] {dag.py:3504} INFO - Setting next_dagrun for example_subdag_operator.section-1 to None, run_after=None
[2023-08-20T21:19:23.698-0400] {logging_mixin.py:150} INFO - [2023-08-20T21:19:23.698-0400] {dag.py:3504} INFO - Setting next_dagrun for example_subdag_operator.section-2 to None, run_after=None
[2023-08-20T21:19:23.725-0400] {processor.py:179} INFO - Processing /home/mnguyen0226/anaconda3/envs/learning_scraper/lib/python3.11/site-packages/airflow/example_dags/example_subdag_operator.py took 0.086 seconds
[2023-08-20T21:20:15.324-0400] {processor.py:157} INFO - Started process (PID=88093) to work on /home/mnguyen0226/anaconda3/envs/learning_scraper/lib/python3.11/site-packages/airflow/example_dags/example_subdag_operator.py
[2023-08-20T21:20:15.325-0400] {processor.py:826} INFO - Processing file /home/mnguyen0226/anaconda3/envs/learning_scraper/lib/python3.11/site-packages/airflow/example_dags/example_subdag_operator.py for tasks to queue
[2023-08-20T21:20:15.326-0400] {logging_mixin.py:150} INFO - [2023-08-20T21:20:15.326-0400] {dagbag.py:541} INFO - Filling up the DagBag from /home/mnguyen0226/anaconda3/envs/learning_scraper/lib/python3.11/site-packages/airflow/example_dags/example_subdag_operator.py
[2023-08-20T21:20:15.356-0400] {processor.py:836} INFO - DAG(s) dict_keys(['example_subdag_operator.section-1', 'example_subdag_operator.section-2', 'example_subdag_operator']) retrieved from /home/mnguyen0226/anaconda3/envs/learning_scraper/lib/python3.11/site-packages/airflow/example_dags/example_subdag_operator.py
[2023-08-20T21:20:15.370-0400] {logging_mixin.py:150} INFO - [2023-08-20T21:20:15.370-0400] {dag.py:2742} INFO - Sync 3 DAGs
[2023-08-20T21:20:15.391-0400] {logging_mixin.py:150} INFO - [2023-08-20T21:20:15.391-0400] {dag.py:3504} INFO - Setting next_dagrun for example_subdag_operator to 2022-01-01T00:00:00+00:00, run_after=2022-01-01T00:00:00+00:00
[2023-08-20T21:20:15.393-0400] {logging_mixin.py:150} INFO - [2023-08-20T21:20:15.393-0400] {dag.py:3504} INFO - Setting next_dagrun for example_subdag_operator.section-1 to None, run_after=None
[2023-08-20T21:20:15.394-0400] {logging_mixin.py:150} INFO - [2023-08-20T21:20:15.394-0400] {dag.py:3504} INFO - Setting next_dagrun for example_subdag_operator.section-2 to None, run_after=None
[2023-08-20T21:20:15.400-0400] {logging_mixin.py:150} INFO - [2023-08-20T21:20:15.399-0400] {dag.py:2742} INFO - Sync 2 DAGs
[2023-08-20T21:20:15.405-0400] {logging_mixin.py:150} INFO - [2023-08-20T21:20:15.405-0400] {dag.py:3504} INFO - Setting next_dagrun for example_subdag_operator.section-1 to None, run_after=None
[2023-08-20T21:20:15.405-0400] {logging_mixin.py:150} INFO - [2023-08-20T21:20:15.405-0400] {dag.py:3504} INFO - Setting next_dagrun for example_subdag_operator.section-2 to None, run_after=None
[2023-08-20T21:20:15.433-0400] {processor.py:179} INFO - Processing /home/mnguyen0226/anaconda3/envs/learning_scraper/lib/python3.11/site-packages/airflow/example_dags/example_subdag_operator.py took 0.115 seconds
[2023-08-20T21:21:07.757-0400] {processor.py:157} INFO - Started process (PID=88308) to work on /home/mnguyen0226/anaconda3/envs/learning_scraper/lib/python3.11/site-packages/airflow/example_dags/example_subdag_operator.py
[2023-08-20T21:21:07.758-0400] {processor.py:826} INFO - Processing file /home/mnguyen0226/anaconda3/envs/learning_scraper/lib/python3.11/site-packages/airflow/example_dags/example_subdag_operator.py for tasks to queue
[2023-08-20T21:21:07.760-0400] {logging_mixin.py:150} INFO - [2023-08-20T21:21:07.759-0400] {dagbag.py:541} INFO - Filling up the DagBag from /home/mnguyen0226/anaconda3/envs/learning_scraper/lib/python3.11/site-packages/airflow/example_dags/example_subdag_operator.py
[2023-08-20T21:21:07.792-0400] {processor.py:836} INFO - DAG(s) dict_keys(['example_subdag_operator.section-1', 'example_subdag_operator.section-2', 'example_subdag_operator']) retrieved from /home/mnguyen0226/anaconda3/envs/learning_scraper/lib/python3.11/site-packages/airflow/example_dags/example_subdag_operator.py
[2023-08-20T21:21:07.810-0400] {logging_mixin.py:150} INFO - [2023-08-20T21:21:07.810-0400] {dag.py:2742} INFO - Sync 3 DAGs
[2023-08-20T21:21:07.824-0400] {logging_mixin.py:150} INFO - [2023-08-20T21:21:07.824-0400] {dag.py:3504} INFO - Setting next_dagrun for example_subdag_operator to 2022-01-01T00:00:00+00:00, run_after=2022-01-01T00:00:00+00:00
[2023-08-20T21:21:07.827-0400] {logging_mixin.py:150} INFO - [2023-08-20T21:21:07.827-0400] {dag.py:3504} INFO - Setting next_dagrun for example_subdag_operator.section-1 to None, run_after=None
[2023-08-20T21:21:07.827-0400] {logging_mixin.py:150} INFO - [2023-08-20T21:21:07.827-0400] {dag.py:3504} INFO - Setting next_dagrun for example_subdag_operator.section-2 to None, run_after=None
[2023-08-20T21:21:07.832-0400] {logging_mixin.py:150} INFO - [2023-08-20T21:21:07.832-0400] {dag.py:2742} INFO - Sync 2 DAGs
[2023-08-20T21:21:07.835-0400] {logging_mixin.py:150} INFO - [2023-08-20T21:21:07.835-0400] {dag.py:3504} INFO - Setting next_dagrun for example_subdag_operator.section-1 to None, run_after=None
[2023-08-20T21:21:07.836-0400] {logging_mixin.py:150} INFO - [2023-08-20T21:21:07.836-0400] {dag.py:3504} INFO - Setting next_dagrun for example_subdag_operator.section-2 to None, run_after=None
[2023-08-20T21:21:07.860-0400] {processor.py:179} INFO - Processing /home/mnguyen0226/anaconda3/envs/learning_scraper/lib/python3.11/site-packages/airflow/example_dags/example_subdag_operator.py took 0.108 seconds
