[2023-08-20T21:00:15.297-0400] {processor.py:157} INFO - Started process (PID=80342) to work on /home/mnguyen0226/anaconda3/envs/learning_scraper/lib/python3.11/site-packages/airflow/example_dags/example_xcomargs.py
[2023-08-20T21:00:15.298-0400] {processor.py:826} INFO - Processing file /home/mnguyen0226/anaconda3/envs/learning_scraper/lib/python3.11/site-packages/airflow/example_dags/example_xcomargs.py for tasks to queue
[2023-08-20T21:00:15.300-0400] {logging_mixin.py:150} INFO - [2023-08-20T21:00:15.299-0400] {dagbag.py:541} INFO - Filling up the DagBag from /home/mnguyen0226/anaconda3/envs/learning_scraper/lib/python3.11/site-packages/airflow/example_dags/example_xcomargs.py
[2023-08-20T21:00:15.320-0400] {processor.py:836} INFO - DAG(s) dict_keys(['example_xcom_args_with_operators', 'example_xcom_args']) retrieved from /home/mnguyen0226/anaconda3/envs/learning_scraper/lib/python3.11/site-packages/airflow/example_dags/example_xcomargs.py
[2023-08-20T21:00:15.362-0400] {logging_mixin.py:150} INFO - [2023-08-20T21:00:15.361-0400] {dag.py:2742} INFO - Sync 2 DAGs
[2023-08-20T21:00:15.391-0400] {logging_mixin.py:150} INFO - [2023-08-20T21:00:15.391-0400] {dag.py:3504} INFO - Setting next_dagrun for example_xcom_args to None, run_after=None
[2023-08-20T21:00:15.395-0400] {logging_mixin.py:150} INFO - [2023-08-20T21:00:15.395-0400] {dag.py:3504} INFO - Setting next_dagrun for example_xcom_args_with_operators to None, run_after=None
[2023-08-20T21:00:15.437-0400] {processor.py:179} INFO - Processing /home/mnguyen0226/anaconda3/envs/learning_scraper/lib/python3.11/site-packages/airflow/example_dags/example_xcomargs.py took 0.144 seconds
[2023-08-20T21:01:04.705-0400] {processor.py:157} INFO - Started process (PID=80860) to work on /home/mnguyen0226/anaconda3/envs/learning_scraper/lib/python3.11/site-packages/airflow/example_dags/example_xcomargs.py
[2023-08-20T21:01:04.706-0400] {processor.py:826} INFO - Processing file /home/mnguyen0226/anaconda3/envs/learning_scraper/lib/python3.11/site-packages/airflow/example_dags/example_xcomargs.py for tasks to queue
[2023-08-20T21:01:04.707-0400] {logging_mixin.py:150} INFO - [2023-08-20T21:01:04.706-0400] {dagbag.py:541} INFO - Filling up the DagBag from /home/mnguyen0226/anaconda3/envs/learning_scraper/lib/python3.11/site-packages/airflow/example_dags/example_xcomargs.py
[2023-08-20T21:01:04.715-0400] {processor.py:836} INFO - DAG(s) dict_keys(['example_xcom_args', 'example_xcom_args_with_operators']) retrieved from /home/mnguyen0226/anaconda3/envs/learning_scraper/lib/python3.11/site-packages/airflow/example_dags/example_xcomargs.py
[2023-08-20T21:01:04.730-0400] {logging_mixin.py:150} INFO - [2023-08-20T21:01:04.730-0400] {dag.py:2742} INFO - Sync 2 DAGs
[2023-08-20T21:01:04.753-0400] {logging_mixin.py:150} INFO - [2023-08-20T21:01:04.753-0400] {dag.py:3504} INFO - Setting next_dagrun for example_xcom_args to None, run_after=None
[2023-08-20T21:01:04.757-0400] {logging_mixin.py:150} INFO - [2023-08-20T21:01:04.757-0400] {dag.py:3504} INFO - Setting next_dagrun for example_xcom_args_with_operators to None, run_after=None
[2023-08-20T21:01:04.803-0400] {processor.py:179} INFO - Processing /home/mnguyen0226/anaconda3/envs/learning_scraper/lib/python3.11/site-packages/airflow/example_dags/example_xcomargs.py took 0.099 seconds
[2023-08-20T21:01:50.461-0400] {processor.py:157} INFO - Started process (PID=81067) to work on /home/mnguyen0226/anaconda3/envs/learning_scraper/lib/python3.11/site-packages/airflow/example_dags/example_xcomargs.py
[2023-08-20T21:01:50.463-0400] {processor.py:826} INFO - Processing file /home/mnguyen0226/anaconda3/envs/learning_scraper/lib/python3.11/site-packages/airflow/example_dags/example_xcomargs.py for tasks to queue
[2023-08-20T21:01:50.464-0400] {logging_mixin.py:150} INFO - [2023-08-20T21:01:50.463-0400] {dagbag.py:541} INFO - Filling up the DagBag from /home/mnguyen0226/anaconda3/envs/learning_scraper/lib/python3.11/site-packages/airflow/example_dags/example_xcomargs.py
[2023-08-20T21:01:50.477-0400] {processor.py:836} INFO - DAG(s) dict_keys(['example_xcom_args_with_operators', 'example_xcom_args']) retrieved from /home/mnguyen0226/anaconda3/envs/learning_scraper/lib/python3.11/site-packages/airflow/example_dags/example_xcomargs.py
[2023-08-20T21:01:50.507-0400] {logging_mixin.py:150} INFO - [2023-08-20T21:01:50.507-0400] {dag.py:2742} INFO - Sync 2 DAGs
[2023-08-20T21:01:50.524-0400] {logging_mixin.py:150} INFO - [2023-08-20T21:01:50.524-0400] {dag.py:3504} INFO - Setting next_dagrun for example_xcom_args to None, run_after=None
[2023-08-20T21:01:50.526-0400] {logging_mixin.py:150} INFO - [2023-08-20T21:01:50.526-0400] {dag.py:3504} INFO - Setting next_dagrun for example_xcom_args_with_operators to None, run_after=None
[2023-08-20T21:01:50.550-0400] {processor.py:179} INFO - Processing /home/mnguyen0226/anaconda3/envs/learning_scraper/lib/python3.11/site-packages/airflow/example_dags/example_xcomargs.py took 0.093 seconds
[2023-08-20T21:03:14.785-0400] {processor.py:157} INFO - Started process (PID=81460) to work on /home/mnguyen0226/anaconda3/envs/learning_scraper/lib/python3.11/site-packages/airflow/example_dags/example_xcomargs.py
[2023-08-20T21:03:14.794-0400] {processor.py:826} INFO - Processing file /home/mnguyen0226/anaconda3/envs/learning_scraper/lib/python3.11/site-packages/airflow/example_dags/example_xcomargs.py for tasks to queue
[2023-08-20T21:03:14.795-0400] {logging_mixin.py:150} INFO - [2023-08-20T21:03:14.795-0400] {dagbag.py:541} INFO - Filling up the DagBag from /home/mnguyen0226/anaconda3/envs/learning_scraper/lib/python3.11/site-packages/airflow/example_dags/example_xcomargs.py
[2023-08-20T21:03:14.811-0400] {processor.py:836} INFO - DAG(s) dict_keys(['example_xcom_args', 'example_xcom_args_with_operators']) retrieved from /home/mnguyen0226/anaconda3/envs/learning_scraper/lib/python3.11/site-packages/airflow/example_dags/example_xcomargs.py
[2023-08-20T21:03:14.847-0400] {logging_mixin.py:150} INFO - [2023-08-20T21:03:14.846-0400] {dag.py:2742} INFO - Sync 2 DAGs
[2023-08-20T21:03:14.862-0400] {logging_mixin.py:150} INFO - [2023-08-20T21:03:14.862-0400] {dag.py:3504} INFO - Setting next_dagrun for example_xcom_args to None, run_after=None
[2023-08-20T21:03:14.864-0400] {logging_mixin.py:150} INFO - [2023-08-20T21:03:14.864-0400] {dag.py:3504} INFO - Setting next_dagrun for example_xcom_args_with_operators to None, run_after=None
[2023-08-20T21:03:14.891-0400] {processor.py:179} INFO - Processing /home/mnguyen0226/anaconda3/envs/learning_scraper/lib/python3.11/site-packages/airflow/example_dags/example_xcomargs.py took 0.110 seconds
[2023-08-20T21:04:02.612-0400] {processor.py:157} INFO - Started process (PID=82845) to work on /home/mnguyen0226/anaconda3/envs/learning_scraper/lib/python3.11/site-packages/airflow/example_dags/example_xcomargs.py
[2023-08-20T21:04:02.613-0400] {processor.py:826} INFO - Processing file /home/mnguyen0226/anaconda3/envs/learning_scraper/lib/python3.11/site-packages/airflow/example_dags/example_xcomargs.py for tasks to queue
[2023-08-20T21:04:02.613-0400] {logging_mixin.py:150} INFO - [2023-08-20T21:04:02.613-0400] {dagbag.py:541} INFO - Filling up the DagBag from /home/mnguyen0226/anaconda3/envs/learning_scraper/lib/python3.11/site-packages/airflow/example_dags/example_xcomargs.py
[2023-08-20T21:04:02.622-0400] {processor.py:836} INFO - DAG(s) dict_keys(['example_xcom_args', 'example_xcom_args_with_operators']) retrieved from /home/mnguyen0226/anaconda3/envs/learning_scraper/lib/python3.11/site-packages/airflow/example_dags/example_xcomargs.py
[2023-08-20T21:04:02.650-0400] {logging_mixin.py:150} INFO - [2023-08-20T21:04:02.650-0400] {dag.py:2742} INFO - Sync 2 DAGs
[2023-08-20T21:04:02.674-0400] {logging_mixin.py:150} INFO - [2023-08-20T21:04:02.674-0400] {dag.py:3504} INFO - Setting next_dagrun for example_xcom_args to None, run_after=None
[2023-08-20T21:04:02.678-0400] {logging_mixin.py:150} INFO - [2023-08-20T21:04:02.677-0400] {dag.py:3504} INFO - Setting next_dagrun for example_xcom_args_with_operators to None, run_after=None
[2023-08-20T21:04:02.717-0400] {processor.py:179} INFO - Processing /home/mnguyen0226/anaconda3/envs/learning_scraper/lib/python3.11/site-packages/airflow/example_dags/example_xcomargs.py took 0.108 seconds
[2023-08-20T21:04:50.189-0400] {processor.py:157} INFO - Started process (PID=83157) to work on /home/mnguyen0226/anaconda3/envs/learning_scraper/lib/python3.11/site-packages/airflow/example_dags/example_xcomargs.py
[2023-08-20T21:04:50.190-0400] {processor.py:826} INFO - Processing file /home/mnguyen0226/anaconda3/envs/learning_scraper/lib/python3.11/site-packages/airflow/example_dags/example_xcomargs.py for tasks to queue
[2023-08-20T21:04:50.191-0400] {logging_mixin.py:150} INFO - [2023-08-20T21:04:50.191-0400] {dagbag.py:541} INFO - Filling up the DagBag from /home/mnguyen0226/anaconda3/envs/learning_scraper/lib/python3.11/site-packages/airflow/example_dags/example_xcomargs.py
[2023-08-20T21:04:50.200-0400] {processor.py:836} INFO - DAG(s) dict_keys(['example_xcom_args_with_operators', 'example_xcom_args']) retrieved from /home/mnguyen0226/anaconda3/envs/learning_scraper/lib/python3.11/site-packages/airflow/example_dags/example_xcomargs.py
[2023-08-20T21:04:50.221-0400] {logging_mixin.py:150} INFO - [2023-08-20T21:04:50.221-0400] {dag.py:2742} INFO - Sync 2 DAGs
[2023-08-20T21:04:50.245-0400] {logging_mixin.py:150} INFO - [2023-08-20T21:04:50.245-0400] {dag.py:3504} INFO - Setting next_dagrun for example_xcom_args to None, run_after=None
[2023-08-20T21:04:50.249-0400] {logging_mixin.py:150} INFO - [2023-08-20T21:04:50.249-0400] {dag.py:3504} INFO - Setting next_dagrun for example_xcom_args_with_operators to None, run_after=None
[2023-08-20T21:04:50.281-0400] {processor.py:179} INFO - Processing /home/mnguyen0226/anaconda3/envs/learning_scraper/lib/python3.11/site-packages/airflow/example_dags/example_xcomargs.py took 0.096 seconds
[2023-08-20T21:05:27.163-0400] {processor.py:157} INFO - Started process (PID=83375) to work on /home/mnguyen0226/anaconda3/envs/learning_scraper/lib/python3.11/site-packages/airflow/example_dags/example_xcomargs.py
[2023-08-20T21:05:27.172-0400] {processor.py:826} INFO - Processing file /home/mnguyen0226/anaconda3/envs/learning_scraper/lib/python3.11/site-packages/airflow/example_dags/example_xcomargs.py for tasks to queue
[2023-08-20T21:05:27.173-0400] {logging_mixin.py:150} INFO - [2023-08-20T21:05:27.173-0400] {dagbag.py:541} INFO - Filling up the DagBag from /home/mnguyen0226/anaconda3/envs/learning_scraper/lib/python3.11/site-packages/airflow/example_dags/example_xcomargs.py
[2023-08-20T21:05:27.188-0400] {processor.py:836} INFO - DAG(s) dict_keys(['example_xcom_args_with_operators', 'example_xcom_args']) retrieved from /home/mnguyen0226/anaconda3/envs/learning_scraper/lib/python3.11/site-packages/airflow/example_dags/example_xcomargs.py
[2023-08-20T21:05:27.209-0400] {logging_mixin.py:150} INFO - [2023-08-20T21:05:27.209-0400] {dag.py:2742} INFO - Sync 2 DAGs
[2023-08-20T21:05:27.225-0400] {logging_mixin.py:150} INFO - [2023-08-20T21:05:27.225-0400] {dag.py:3504} INFO - Setting next_dagrun for example_xcom_args to None, run_after=None
[2023-08-20T21:05:27.228-0400] {logging_mixin.py:150} INFO - [2023-08-20T21:05:27.228-0400] {dag.py:3504} INFO - Setting next_dagrun for example_xcom_args_with_operators to None, run_after=None
[2023-08-20T21:05:27.249-0400] {processor.py:179} INFO - Processing /home/mnguyen0226/anaconda3/envs/learning_scraper/lib/python3.11/site-packages/airflow/example_dags/example_xcomargs.py took 0.091 seconds
[2023-08-20T21:06:08.679-0400] {processor.py:157} INFO - Started process (PID=83546) to work on /home/mnguyen0226/anaconda3/envs/learning_scraper/lib/python3.11/site-packages/airflow/example_dags/example_xcomargs.py
[2023-08-20T21:06:08.681-0400] {processor.py:826} INFO - Processing file /home/mnguyen0226/anaconda3/envs/learning_scraper/lib/python3.11/site-packages/airflow/example_dags/example_xcomargs.py for tasks to queue
[2023-08-20T21:06:08.682-0400] {logging_mixin.py:150} INFO - [2023-08-20T21:06:08.682-0400] {dagbag.py:541} INFO - Filling up the DagBag from /home/mnguyen0226/anaconda3/envs/learning_scraper/lib/python3.11/site-packages/airflow/example_dags/example_xcomargs.py
[2023-08-20T21:06:08.696-0400] {processor.py:836} INFO - DAG(s) dict_keys(['example_xcom_args_with_operators', 'example_xcom_args']) retrieved from /home/mnguyen0226/anaconda3/envs/learning_scraper/lib/python3.11/site-packages/airflow/example_dags/example_xcomargs.py
[2023-08-20T21:06:08.724-0400] {logging_mixin.py:150} INFO - [2023-08-20T21:06:08.724-0400] {dag.py:2742} INFO - Sync 2 DAGs
[2023-08-20T21:06:08.742-0400] {logging_mixin.py:150} INFO - [2023-08-20T21:06:08.742-0400] {dag.py:3504} INFO - Setting next_dagrun for example_xcom_args to None, run_after=None
[2023-08-20T21:06:08.744-0400] {logging_mixin.py:150} INFO - [2023-08-20T21:06:08.744-0400] {dag.py:3504} INFO - Setting next_dagrun for example_xcom_args_with_operators to None, run_after=None
[2023-08-20T21:06:08.765-0400] {processor.py:179} INFO - Processing /home/mnguyen0226/anaconda3/envs/learning_scraper/lib/python3.11/site-packages/airflow/example_dags/example_xcomargs.py took 0.092 seconds
[2023-08-20T21:06:50.720-0400] {processor.py:157} INFO - Started process (PID=83754) to work on /home/mnguyen0226/anaconda3/envs/learning_scraper/lib/python3.11/site-packages/airflow/example_dags/example_xcomargs.py
[2023-08-20T21:06:50.721-0400] {processor.py:826} INFO - Processing file /home/mnguyen0226/anaconda3/envs/learning_scraper/lib/python3.11/site-packages/airflow/example_dags/example_xcomargs.py for tasks to queue
[2023-08-20T21:06:50.721-0400] {logging_mixin.py:150} INFO - [2023-08-20T21:06:50.721-0400] {dagbag.py:541} INFO - Filling up the DagBag from /home/mnguyen0226/anaconda3/envs/learning_scraper/lib/python3.11/site-packages/airflow/example_dags/example_xcomargs.py
[2023-08-20T21:06:50.731-0400] {processor.py:836} INFO - DAG(s) dict_keys(['example_xcom_args', 'example_xcom_args_with_operators']) retrieved from /home/mnguyen0226/anaconda3/envs/learning_scraper/lib/python3.11/site-packages/airflow/example_dags/example_xcomargs.py
[2023-08-20T21:06:50.757-0400] {logging_mixin.py:150} INFO - [2023-08-20T21:06:50.757-0400] {dag.py:2742} INFO - Sync 2 DAGs
[2023-08-20T21:06:50.935-0400] {logging_mixin.py:150} INFO - [2023-08-20T21:06:50.935-0400] {dag.py:3504} INFO - Setting next_dagrun for example_xcom_args to None, run_after=None
[2023-08-20T21:06:50.938-0400] {logging_mixin.py:150} INFO - [2023-08-20T21:06:50.938-0400] {dag.py:3504} INFO - Setting next_dagrun for example_xcom_args_with_operators to None, run_after=None
[2023-08-20T21:06:50.964-0400] {processor.py:179} INFO - Processing /home/mnguyen0226/anaconda3/envs/learning_scraper/lib/python3.11/site-packages/airflow/example_dags/example_xcomargs.py took 0.247 seconds
[2023-08-20T21:07:33.113-0400] {processor.py:157} INFO - Started process (PID=83913) to work on /home/mnguyen0226/anaconda3/envs/learning_scraper/lib/python3.11/site-packages/airflow/example_dags/example_xcomargs.py
[2023-08-20T21:07:33.115-0400] {processor.py:826} INFO - Processing file /home/mnguyen0226/anaconda3/envs/learning_scraper/lib/python3.11/site-packages/airflow/example_dags/example_xcomargs.py for tasks to queue
[2023-08-20T21:07:33.117-0400] {logging_mixin.py:150} INFO - [2023-08-20T21:07:33.116-0400] {dagbag.py:541} INFO - Filling up the DagBag from /home/mnguyen0226/anaconda3/envs/learning_scraper/lib/python3.11/site-packages/airflow/example_dags/example_xcomargs.py
[2023-08-20T21:07:33.130-0400] {processor.py:836} INFO - DAG(s) dict_keys(['example_xcom_args', 'example_xcom_args_with_operators']) retrieved from /home/mnguyen0226/anaconda3/envs/learning_scraper/lib/python3.11/site-packages/airflow/example_dags/example_xcomargs.py
[2023-08-20T21:07:33.235-0400] {logging_mixin.py:150} INFO - [2023-08-20T21:07:33.235-0400] {dag.py:2742} INFO - Sync 2 DAGs
[2023-08-20T21:07:33.249-0400] {logging_mixin.py:150} INFO - [2023-08-20T21:07:33.248-0400] {dag.py:3504} INFO - Setting next_dagrun for example_xcom_args to None, run_after=None
[2023-08-20T21:07:33.251-0400] {logging_mixin.py:150} INFO - [2023-08-20T21:07:33.251-0400] {dag.py:3504} INFO - Setting next_dagrun for example_xcom_args_with_operators to None, run_after=None
[2023-08-20T21:07:33.271-0400] {processor.py:179} INFO - Processing /home/mnguyen0226/anaconda3/envs/learning_scraper/lib/python3.11/site-packages/airflow/example_dags/example_xcomargs.py took 0.164 seconds
[2023-08-20T21:08:13.526-0400] {processor.py:157} INFO - Started process (PID=84083) to work on /home/mnguyen0226/anaconda3/envs/learning_scraper/lib/python3.11/site-packages/airflow/example_dags/example_xcomargs.py
[2023-08-20T21:08:13.527-0400] {processor.py:826} INFO - Processing file /home/mnguyen0226/anaconda3/envs/learning_scraper/lib/python3.11/site-packages/airflow/example_dags/example_xcomargs.py for tasks to queue
[2023-08-20T21:08:13.527-0400] {logging_mixin.py:150} INFO - [2023-08-20T21:08:13.527-0400] {dagbag.py:541} INFO - Filling up the DagBag from /home/mnguyen0226/anaconda3/envs/learning_scraper/lib/python3.11/site-packages/airflow/example_dags/example_xcomargs.py
[2023-08-20T21:08:13.535-0400] {processor.py:836} INFO - DAG(s) dict_keys(['example_xcom_args_with_operators', 'example_xcom_args']) retrieved from /home/mnguyen0226/anaconda3/envs/learning_scraper/lib/python3.11/site-packages/airflow/example_dags/example_xcomargs.py
[2023-08-20T21:08:13.557-0400] {logging_mixin.py:150} INFO - [2023-08-20T21:08:13.557-0400] {dag.py:2742} INFO - Sync 2 DAGs
[2023-08-20T21:08:13.581-0400] {logging_mixin.py:150} INFO - [2023-08-20T21:08:13.581-0400] {dag.py:3504} INFO - Setting next_dagrun for example_xcom_args to None, run_after=None
[2023-08-20T21:08:13.584-0400] {logging_mixin.py:150} INFO - [2023-08-20T21:08:13.584-0400] {dag.py:3504} INFO - Setting next_dagrun for example_xcom_args_with_operators to None, run_after=None
[2023-08-20T21:08:13.605-0400] {processor.py:179} INFO - Processing /home/mnguyen0226/anaconda3/envs/learning_scraper/lib/python3.11/site-packages/airflow/example_dags/example_xcomargs.py took 0.082 seconds
[2023-08-20T21:08:48.667-0400] {processor.py:157} INFO - Started process (PID=84223) to work on /home/mnguyen0226/anaconda3/envs/learning_scraper/lib/python3.11/site-packages/airflow/example_dags/example_xcomargs.py
[2023-08-20T21:08:48.676-0400] {processor.py:826} INFO - Processing file /home/mnguyen0226/anaconda3/envs/learning_scraper/lib/python3.11/site-packages/airflow/example_dags/example_xcomargs.py for tasks to queue
[2023-08-20T21:08:48.678-0400] {logging_mixin.py:150} INFO - [2023-08-20T21:08:48.677-0400] {dagbag.py:541} INFO - Filling up the DagBag from /home/mnguyen0226/anaconda3/envs/learning_scraper/lib/python3.11/site-packages/airflow/example_dags/example_xcomargs.py
[2023-08-20T21:08:48.687-0400] {processor.py:836} INFO - DAG(s) dict_keys(['example_xcom_args_with_operators', 'example_xcom_args']) retrieved from /home/mnguyen0226/anaconda3/envs/learning_scraper/lib/python3.11/site-packages/airflow/example_dags/example_xcomargs.py
[2023-08-20T21:08:48.706-0400] {logging_mixin.py:150} INFO - [2023-08-20T21:08:48.706-0400] {dag.py:2742} INFO - Sync 2 DAGs
[2023-08-20T21:08:48.730-0400] {logging_mixin.py:150} INFO - [2023-08-20T21:08:48.730-0400] {dag.py:3504} INFO - Setting next_dagrun for example_xcom_args to None, run_after=None
[2023-08-20T21:08:48.735-0400] {logging_mixin.py:150} INFO - [2023-08-20T21:08:48.735-0400] {dag.py:3504} INFO - Setting next_dagrun for example_xcom_args_with_operators to None, run_after=None
[2023-08-20T21:08:48.766-0400] {processor.py:179} INFO - Processing /home/mnguyen0226/anaconda3/envs/learning_scraper/lib/python3.11/site-packages/airflow/example_dags/example_xcomargs.py took 0.104 seconds
[2023-08-20T21:09:24.939-0400] {processor.py:157} INFO - Started process (PID=84482) to work on /home/mnguyen0226/anaconda3/envs/learning_scraper/lib/python3.11/site-packages/airflow/example_dags/example_xcomargs.py
[2023-08-20T21:09:24.940-0400] {processor.py:826} INFO - Processing file /home/mnguyen0226/anaconda3/envs/learning_scraper/lib/python3.11/site-packages/airflow/example_dags/example_xcomargs.py for tasks to queue
[2023-08-20T21:09:24.941-0400] {logging_mixin.py:150} INFO - [2023-08-20T21:09:24.941-0400] {dagbag.py:541} INFO - Filling up the DagBag from /home/mnguyen0226/anaconda3/envs/learning_scraper/lib/python3.11/site-packages/airflow/example_dags/example_xcomargs.py
[2023-08-20T21:09:24.956-0400] {processor.py:836} INFO - DAG(s) dict_keys(['example_xcom_args', 'example_xcom_args_with_operators']) retrieved from /home/mnguyen0226/anaconda3/envs/learning_scraper/lib/python3.11/site-packages/airflow/example_dags/example_xcomargs.py
[2023-08-20T21:09:24.982-0400] {logging_mixin.py:150} INFO - [2023-08-20T21:09:24.982-0400] {dag.py:2742} INFO - Sync 2 DAGs
[2023-08-20T21:09:25.004-0400] {logging_mixin.py:150} INFO - [2023-08-20T21:09:25.004-0400] {dag.py:3504} INFO - Setting next_dagrun for example_xcom_args to None, run_after=None
[2023-08-20T21:09:25.007-0400] {logging_mixin.py:150} INFO - [2023-08-20T21:09:25.007-0400] {dag.py:3504} INFO - Setting next_dagrun for example_xcom_args_with_operators to None, run_after=None
[2023-08-20T21:09:25.040-0400] {processor.py:179} INFO - Processing /home/mnguyen0226/anaconda3/envs/learning_scraper/lib/python3.11/site-packages/airflow/example_dags/example_xcomargs.py took 0.104 seconds
[2023-08-20T21:10:01.562-0400] {processor.py:157} INFO - Started process (PID=84615) to work on /home/mnguyen0226/anaconda3/envs/learning_scraper/lib/python3.11/site-packages/airflow/example_dags/example_xcomargs.py
[2023-08-20T21:10:01.563-0400] {processor.py:826} INFO - Processing file /home/mnguyen0226/anaconda3/envs/learning_scraper/lib/python3.11/site-packages/airflow/example_dags/example_xcomargs.py for tasks to queue
[2023-08-20T21:10:01.564-0400] {logging_mixin.py:150} INFO - [2023-08-20T21:10:01.563-0400] {dagbag.py:541} INFO - Filling up the DagBag from /home/mnguyen0226/anaconda3/envs/learning_scraper/lib/python3.11/site-packages/airflow/example_dags/example_xcomargs.py
[2023-08-20T21:10:01.575-0400] {processor.py:836} INFO - DAG(s) dict_keys(['example_xcom_args', 'example_xcom_args_with_operators']) retrieved from /home/mnguyen0226/anaconda3/envs/learning_scraper/lib/python3.11/site-packages/airflow/example_dags/example_xcomargs.py
[2023-08-20T21:10:01.600-0400] {logging_mixin.py:150} INFO - [2023-08-20T21:10:01.600-0400] {dag.py:2742} INFO - Sync 2 DAGs
[2023-08-20T21:10:01.631-0400] {logging_mixin.py:150} INFO - [2023-08-20T21:10:01.631-0400] {dag.py:3504} INFO - Setting next_dagrun for example_xcom_args to None, run_after=None
[2023-08-20T21:10:01.635-0400] {logging_mixin.py:150} INFO - [2023-08-20T21:10:01.635-0400] {dag.py:3504} INFO - Setting next_dagrun for example_xcom_args_with_operators to None, run_after=None
[2023-08-20T21:10:01.663-0400] {processor.py:179} INFO - Processing /home/mnguyen0226/anaconda3/envs/learning_scraper/lib/python3.11/site-packages/airflow/example_dags/example_xcomargs.py took 0.103 seconds
[2023-08-20T21:10:40.857-0400] {processor.py:157} INFO - Started process (PID=84777) to work on /home/mnguyen0226/anaconda3/envs/learning_scraper/lib/python3.11/site-packages/airflow/example_dags/example_xcomargs.py
[2023-08-20T21:10:40.867-0400] {processor.py:826} INFO - Processing file /home/mnguyen0226/anaconda3/envs/learning_scraper/lib/python3.11/site-packages/airflow/example_dags/example_xcomargs.py for tasks to queue
[2023-08-20T21:10:40.868-0400] {logging_mixin.py:150} INFO - [2023-08-20T21:10:40.867-0400] {dagbag.py:541} INFO - Filling up the DagBag from /home/mnguyen0226/anaconda3/envs/learning_scraper/lib/python3.11/site-packages/airflow/example_dags/example_xcomargs.py
[2023-08-20T21:10:40.878-0400] {processor.py:836} INFO - DAG(s) dict_keys(['example_xcom_args_with_operators', 'example_xcom_args']) retrieved from /home/mnguyen0226/anaconda3/envs/learning_scraper/lib/python3.11/site-packages/airflow/example_dags/example_xcomargs.py
[2023-08-20T21:10:40.893-0400] {logging_mixin.py:150} INFO - [2023-08-20T21:10:40.893-0400] {dag.py:2742} INFO - Sync 2 DAGs
[2023-08-20T21:10:40.907-0400] {logging_mixin.py:150} INFO - [2023-08-20T21:10:40.907-0400] {dag.py:3504} INFO - Setting next_dagrun for example_xcom_args to None, run_after=None
[2023-08-20T21:10:40.910-0400] {logging_mixin.py:150} INFO - [2023-08-20T21:10:40.910-0400] {dag.py:3504} INFO - Setting next_dagrun for example_xcom_args_with_operators to None, run_after=None
[2023-08-20T21:10:40.934-0400] {processor.py:179} INFO - Processing /home/mnguyen0226/anaconda3/envs/learning_scraper/lib/python3.11/site-packages/airflow/example_dags/example_xcomargs.py took 0.081 seconds
[2023-08-20T21:11:18.316-0400] {processor.py:157} INFO - Started process (PID=84966) to work on /home/mnguyen0226/anaconda3/envs/learning_scraper/lib/python3.11/site-packages/airflow/example_dags/example_xcomargs.py
[2023-08-20T21:11:18.318-0400] {processor.py:826} INFO - Processing file /home/mnguyen0226/anaconda3/envs/learning_scraper/lib/python3.11/site-packages/airflow/example_dags/example_xcomargs.py for tasks to queue
[2023-08-20T21:11:18.319-0400] {logging_mixin.py:150} INFO - [2023-08-20T21:11:18.318-0400] {dagbag.py:541} INFO - Filling up the DagBag from /home/mnguyen0226/anaconda3/envs/learning_scraper/lib/python3.11/site-packages/airflow/example_dags/example_xcomargs.py
[2023-08-20T21:11:18.333-0400] {processor.py:836} INFO - DAG(s) dict_keys(['example_xcom_args_with_operators', 'example_xcom_args']) retrieved from /home/mnguyen0226/anaconda3/envs/learning_scraper/lib/python3.11/site-packages/airflow/example_dags/example_xcomargs.py
[2023-08-20T21:11:18.360-0400] {logging_mixin.py:150} INFO - [2023-08-20T21:11:18.360-0400] {dag.py:2742} INFO - Sync 2 DAGs
[2023-08-20T21:11:18.387-0400] {logging_mixin.py:150} INFO - [2023-08-20T21:11:18.387-0400] {dag.py:3504} INFO - Setting next_dagrun for example_xcom_args to None, run_after=None
[2023-08-20T21:11:18.394-0400] {logging_mixin.py:150} INFO - [2023-08-20T21:11:18.394-0400] {dag.py:3504} INFO - Setting next_dagrun for example_xcom_args_with_operators to None, run_after=None
[2023-08-20T21:11:18.422-0400] {processor.py:179} INFO - Processing /home/mnguyen0226/anaconda3/envs/learning_scraper/lib/python3.11/site-packages/airflow/example_dags/example_xcomargs.py took 0.112 seconds
[2023-08-20T21:11:52.035-0400] {processor.py:157} INFO - Started process (PID=85121) to work on /home/mnguyen0226/anaconda3/envs/learning_scraper/lib/python3.11/site-packages/airflow/example_dags/example_xcomargs.py
[2023-08-20T21:11:52.037-0400] {processor.py:826} INFO - Processing file /home/mnguyen0226/anaconda3/envs/learning_scraper/lib/python3.11/site-packages/airflow/example_dags/example_xcomargs.py for tasks to queue
[2023-08-20T21:11:52.039-0400] {logging_mixin.py:150} INFO - [2023-08-20T21:11:52.038-0400] {dagbag.py:541} INFO - Filling up the DagBag from /home/mnguyen0226/anaconda3/envs/learning_scraper/lib/python3.11/site-packages/airflow/example_dags/example_xcomargs.py
[2023-08-20T21:11:52.052-0400] {processor.py:836} INFO - DAG(s) dict_keys(['example_xcom_args', 'example_xcom_args_with_operators']) retrieved from /home/mnguyen0226/anaconda3/envs/learning_scraper/lib/python3.11/site-packages/airflow/example_dags/example_xcomargs.py
[2023-08-20T21:11:52.076-0400] {logging_mixin.py:150} INFO - [2023-08-20T21:11:52.076-0400] {dag.py:2742} INFO - Sync 2 DAGs
[2023-08-20T21:11:52.091-0400] {logging_mixin.py:150} INFO - [2023-08-20T21:11:52.091-0400] {dag.py:3504} INFO - Setting next_dagrun for example_xcom_args to None, run_after=None
[2023-08-20T21:11:52.093-0400] {logging_mixin.py:150} INFO - [2023-08-20T21:11:52.093-0400] {dag.py:3504} INFO - Setting next_dagrun for example_xcom_args_with_operators to None, run_after=None
[2023-08-20T21:11:52.114-0400] {processor.py:179} INFO - Processing /home/mnguyen0226/anaconda3/envs/learning_scraper/lib/python3.11/site-packages/airflow/example_dags/example_xcomargs.py took 0.084 seconds
[2023-08-20T21:12:26.989-0400] {processor.py:157} INFO - Started process (PID=85216) to work on /home/mnguyen0226/anaconda3/envs/learning_scraper/lib/python3.11/site-packages/airflow/example_dags/example_xcomargs.py
[2023-08-20T21:12:26.998-0400] {processor.py:826} INFO - Processing file /home/mnguyen0226/anaconda3/envs/learning_scraper/lib/python3.11/site-packages/airflow/example_dags/example_xcomargs.py for tasks to queue
[2023-08-20T21:12:27.000-0400] {logging_mixin.py:150} INFO - [2023-08-20T21:12:26.999-0400] {dagbag.py:541} INFO - Filling up the DagBag from /home/mnguyen0226/anaconda3/envs/learning_scraper/lib/python3.11/site-packages/airflow/example_dags/example_xcomargs.py
[2023-08-20T21:12:27.015-0400] {processor.py:836} INFO - DAG(s) dict_keys(['example_xcom_args_with_operators', 'example_xcom_args']) retrieved from /home/mnguyen0226/anaconda3/envs/learning_scraper/lib/python3.11/site-packages/airflow/example_dags/example_xcomargs.py
[2023-08-20T21:12:27.041-0400] {logging_mixin.py:150} INFO - [2023-08-20T21:12:27.041-0400] {dag.py:2742} INFO - Sync 2 DAGs
[2023-08-20T21:12:27.057-0400] {logging_mixin.py:150} INFO - [2023-08-20T21:12:27.057-0400] {dag.py:3504} INFO - Setting next_dagrun for example_xcom_args to None, run_after=None
[2023-08-20T21:12:27.059-0400] {logging_mixin.py:150} INFO - [2023-08-20T21:12:27.059-0400] {dag.py:3504} INFO - Setting next_dagrun for example_xcom_args_with_operators to None, run_after=None
[2023-08-20T21:12:27.080-0400] {processor.py:179} INFO - Processing /home/mnguyen0226/anaconda3/envs/learning_scraper/lib/python3.11/site-packages/airflow/example_dags/example_xcomargs.py took 0.095 seconds
[2023-08-20T21:13:05.435-0400] {processor.py:157} INFO - Started process (PID=85738) to work on /home/mnguyen0226/anaconda3/envs/learning_scraper/lib/python3.11/site-packages/airflow/example_dags/example_xcomargs.py
[2023-08-20T21:13:05.436-0400] {processor.py:826} INFO - Processing file /home/mnguyen0226/anaconda3/envs/learning_scraper/lib/python3.11/site-packages/airflow/example_dags/example_xcomargs.py for tasks to queue
[2023-08-20T21:13:05.438-0400] {logging_mixin.py:150} INFO - [2023-08-20T21:13:05.437-0400] {dagbag.py:541} INFO - Filling up the DagBag from /home/mnguyen0226/anaconda3/envs/learning_scraper/lib/python3.11/site-packages/airflow/example_dags/example_xcomargs.py
[2023-08-20T21:13:05.455-0400] {processor.py:836} INFO - DAG(s) dict_keys(['example_xcom_args', 'example_xcom_args_with_operators']) retrieved from /home/mnguyen0226/anaconda3/envs/learning_scraper/lib/python3.11/site-packages/airflow/example_dags/example_xcomargs.py
[2023-08-20T21:13:05.478-0400] {logging_mixin.py:150} INFO - [2023-08-20T21:13:05.477-0400] {dag.py:2742} INFO - Sync 2 DAGs
[2023-08-20T21:13:05.494-0400] {logging_mixin.py:150} INFO - [2023-08-20T21:13:05.494-0400] {dag.py:3504} INFO - Setting next_dagrun for example_xcom_args to None, run_after=None
[2023-08-20T21:13:05.497-0400] {logging_mixin.py:150} INFO - [2023-08-20T21:13:05.496-0400] {dag.py:3504} INFO - Setting next_dagrun for example_xcom_args_with_operators to None, run_after=None
[2023-08-20T21:13:05.518-0400] {processor.py:179} INFO - Processing /home/mnguyen0226/anaconda3/envs/learning_scraper/lib/python3.11/site-packages/airflow/example_dags/example_xcomargs.py took 0.089 seconds
[2023-08-20T21:13:42.179-0400] {processor.py:157} INFO - Started process (PID=85921) to work on /home/mnguyen0226/anaconda3/envs/learning_scraper/lib/python3.11/site-packages/airflow/example_dags/example_xcomargs.py
[2023-08-20T21:13:42.180-0400] {processor.py:826} INFO - Processing file /home/mnguyen0226/anaconda3/envs/learning_scraper/lib/python3.11/site-packages/airflow/example_dags/example_xcomargs.py for tasks to queue
[2023-08-20T21:13:42.184-0400] {logging_mixin.py:150} INFO - [2023-08-20T21:13:42.181-0400] {dagbag.py:541} INFO - Filling up the DagBag from /home/mnguyen0226/anaconda3/envs/learning_scraper/lib/python3.11/site-packages/airflow/example_dags/example_xcomargs.py
[2023-08-20T21:13:42.201-0400] {processor.py:836} INFO - DAG(s) dict_keys(['example_xcom_args', 'example_xcom_args_with_operators']) retrieved from /home/mnguyen0226/anaconda3/envs/learning_scraper/lib/python3.11/site-packages/airflow/example_dags/example_xcomargs.py
[2023-08-20T21:13:42.238-0400] {logging_mixin.py:150} INFO - [2023-08-20T21:13:42.238-0400] {dag.py:2742} INFO - Sync 2 DAGs
[2023-08-20T21:13:42.262-0400] {logging_mixin.py:150} INFO - [2023-08-20T21:13:42.262-0400] {dag.py:3504} INFO - Setting next_dagrun for example_xcom_args to None, run_after=None
[2023-08-20T21:13:42.266-0400] {logging_mixin.py:150} INFO - [2023-08-20T21:13:42.266-0400] {dag.py:3504} INFO - Setting next_dagrun for example_xcom_args_with_operators to None, run_after=None
[2023-08-20T21:13:42.304-0400] {processor.py:179} INFO - Processing /home/mnguyen0226/anaconda3/envs/learning_scraper/lib/python3.11/site-packages/airflow/example_dags/example_xcomargs.py took 0.131 seconds
[2023-08-20T21:14:22.472-0400] {processor.py:157} INFO - Started process (PID=86137) to work on /home/mnguyen0226/anaconda3/envs/learning_scraper/lib/python3.11/site-packages/airflow/example_dags/example_xcomargs.py
[2023-08-20T21:14:22.474-0400] {processor.py:826} INFO - Processing file /home/mnguyen0226/anaconda3/envs/learning_scraper/lib/python3.11/site-packages/airflow/example_dags/example_xcomargs.py for tasks to queue
[2023-08-20T21:14:22.475-0400] {logging_mixin.py:150} INFO - [2023-08-20T21:14:22.474-0400] {dagbag.py:541} INFO - Filling up the DagBag from /home/mnguyen0226/anaconda3/envs/learning_scraper/lib/python3.11/site-packages/airflow/example_dags/example_xcomargs.py
[2023-08-20T21:14:22.489-0400] {processor.py:836} INFO - DAG(s) dict_keys(['example_xcom_args_with_operators', 'example_xcom_args']) retrieved from /home/mnguyen0226/anaconda3/envs/learning_scraper/lib/python3.11/site-packages/airflow/example_dags/example_xcomargs.py
[2023-08-20T21:14:22.516-0400] {logging_mixin.py:150} INFO - [2023-08-20T21:14:22.516-0400] {dag.py:2742} INFO - Sync 2 DAGs
[2023-08-20T21:14:22.536-0400] {logging_mixin.py:150} INFO - [2023-08-20T21:14:22.536-0400] {dag.py:3504} INFO - Setting next_dagrun for example_xcom_args to None, run_after=None
[2023-08-20T21:14:22.541-0400] {logging_mixin.py:150} INFO - [2023-08-20T21:14:22.541-0400] {dag.py:3504} INFO - Setting next_dagrun for example_xcom_args_with_operators to None, run_after=None
[2023-08-20T21:14:22.566-0400] {processor.py:179} INFO - Processing /home/mnguyen0226/anaconda3/envs/learning_scraper/lib/python3.11/site-packages/airflow/example_dags/example_xcomargs.py took 0.099 seconds
[2023-08-20T21:15:00.853-0400] {processor.py:157} INFO - Started process (PID=86313) to work on /home/mnguyen0226/anaconda3/envs/learning_scraper/lib/python3.11/site-packages/airflow/example_dags/example_xcomargs.py
[2023-08-20T21:15:00.863-0400] {processor.py:826} INFO - Processing file /home/mnguyen0226/anaconda3/envs/learning_scraper/lib/python3.11/site-packages/airflow/example_dags/example_xcomargs.py for tasks to queue
[2023-08-20T21:15:00.865-0400] {logging_mixin.py:150} INFO - [2023-08-20T21:15:00.864-0400] {dagbag.py:541} INFO - Filling up the DagBag from /home/mnguyen0226/anaconda3/envs/learning_scraper/lib/python3.11/site-packages/airflow/example_dags/example_xcomargs.py
[2023-08-20T21:15:00.879-0400] {processor.py:836} INFO - DAG(s) dict_keys(['example_xcom_args', 'example_xcom_args_with_operators']) retrieved from /home/mnguyen0226/anaconda3/envs/learning_scraper/lib/python3.11/site-packages/airflow/example_dags/example_xcomargs.py
[2023-08-20T21:15:00.903-0400] {logging_mixin.py:150} INFO - [2023-08-20T21:15:00.903-0400] {dag.py:2742} INFO - Sync 2 DAGs
[2023-08-20T21:15:00.920-0400] {logging_mixin.py:150} INFO - [2023-08-20T21:15:00.920-0400] {dag.py:3504} INFO - Setting next_dagrun for example_xcom_args to None, run_after=None
[2023-08-20T21:15:00.922-0400] {logging_mixin.py:150} INFO - [2023-08-20T21:15:00.922-0400] {dag.py:3504} INFO - Setting next_dagrun for example_xcom_args_with_operators to None, run_after=None
[2023-08-20T21:15:00.943-0400] {processor.py:179} INFO - Processing /home/mnguyen0226/anaconda3/envs/learning_scraper/lib/python3.11/site-packages/airflow/example_dags/example_xcomargs.py took 0.094 seconds
[2023-08-20T21:15:35.463-0400] {processor.py:157} INFO - Started process (PID=86398) to work on /home/mnguyen0226/anaconda3/envs/learning_scraper/lib/python3.11/site-packages/airflow/example_dags/example_xcomargs.py
[2023-08-20T21:15:35.464-0400] {processor.py:826} INFO - Processing file /home/mnguyen0226/anaconda3/envs/learning_scraper/lib/python3.11/site-packages/airflow/example_dags/example_xcomargs.py for tasks to queue
[2023-08-20T21:15:35.466-0400] {logging_mixin.py:150} INFO - [2023-08-20T21:15:35.465-0400] {dagbag.py:541} INFO - Filling up the DagBag from /home/mnguyen0226/anaconda3/envs/learning_scraper/lib/python3.11/site-packages/airflow/example_dags/example_xcomargs.py
[2023-08-20T21:15:35.480-0400] {processor.py:836} INFO - DAG(s) dict_keys(['example_xcom_args', 'example_xcom_args_with_operators']) retrieved from /home/mnguyen0226/anaconda3/envs/learning_scraper/lib/python3.11/site-packages/airflow/example_dags/example_xcomargs.py
[2023-08-20T21:15:35.510-0400] {logging_mixin.py:150} INFO - [2023-08-20T21:15:35.510-0400] {dag.py:2742} INFO - Sync 2 DAGs
[2023-08-20T21:15:35.534-0400] {logging_mixin.py:150} INFO - [2023-08-20T21:15:35.534-0400] {dag.py:3504} INFO - Setting next_dagrun for example_xcom_args to None, run_after=None
[2023-08-20T21:15:35.538-0400] {logging_mixin.py:150} INFO - [2023-08-20T21:15:35.538-0400] {dag.py:3504} INFO - Setting next_dagrun for example_xcom_args_with_operators to None, run_after=None
[2023-08-20T21:15:35.574-0400] {processor.py:179} INFO - Processing /home/mnguyen0226/anaconda3/envs/learning_scraper/lib/python3.11/site-packages/airflow/example_dags/example_xcomargs.py took 0.114 seconds
[2023-08-20T21:16:10.355-0400] {processor.py:157} INFO - Started process (PID=86511) to work on /home/mnguyen0226/anaconda3/envs/learning_scraper/lib/python3.11/site-packages/airflow/example_dags/example_xcomargs.py
[2023-08-20T21:16:10.356-0400] {processor.py:826} INFO - Processing file /home/mnguyen0226/anaconda3/envs/learning_scraper/lib/python3.11/site-packages/airflow/example_dags/example_xcomargs.py for tasks to queue
[2023-08-20T21:16:10.356-0400] {logging_mixin.py:150} INFO - [2023-08-20T21:16:10.356-0400] {dagbag.py:541} INFO - Filling up the DagBag from /home/mnguyen0226/anaconda3/envs/learning_scraper/lib/python3.11/site-packages/airflow/example_dags/example_xcomargs.py
[2023-08-20T21:16:10.366-0400] {processor.py:836} INFO - DAG(s) dict_keys(['example_xcom_args_with_operators', 'example_xcom_args']) retrieved from /home/mnguyen0226/anaconda3/envs/learning_scraper/lib/python3.11/site-packages/airflow/example_dags/example_xcomargs.py
[2023-08-20T21:16:10.389-0400] {logging_mixin.py:150} INFO - [2023-08-20T21:16:10.389-0400] {dag.py:2742} INFO - Sync 2 DAGs
[2023-08-20T21:16:10.410-0400] {logging_mixin.py:150} INFO - [2023-08-20T21:16:10.410-0400] {dag.py:3504} INFO - Setting next_dagrun for example_xcom_args to None, run_after=None
[2023-08-20T21:16:10.413-0400] {logging_mixin.py:150} INFO - [2023-08-20T21:16:10.413-0400] {dag.py:3504} INFO - Setting next_dagrun for example_xcom_args_with_operators to None, run_after=None
[2023-08-20T21:16:10.440-0400] {processor.py:179} INFO - Processing /home/mnguyen0226/anaconda3/envs/learning_scraper/lib/python3.11/site-packages/airflow/example_dags/example_xcomargs.py took 0.087 seconds
[2023-08-20T21:16:47.684-0400] {processor.py:157} INFO - Started process (PID=86837) to work on /home/mnguyen0226/anaconda3/envs/learning_scraper/lib/python3.11/site-packages/airflow/example_dags/example_xcomargs.py
[2023-08-20T21:16:47.684-0400] {processor.py:826} INFO - Processing file /home/mnguyen0226/anaconda3/envs/learning_scraper/lib/python3.11/site-packages/airflow/example_dags/example_xcomargs.py for tasks to queue
[2023-08-20T21:16:47.685-0400] {logging_mixin.py:150} INFO - [2023-08-20T21:16:47.685-0400] {dagbag.py:541} INFO - Filling up the DagBag from /home/mnguyen0226/anaconda3/envs/learning_scraper/lib/python3.11/site-packages/airflow/example_dags/example_xcomargs.py
[2023-08-20T21:16:47.692-0400] {processor.py:836} INFO - DAG(s) dict_keys(['example_xcom_args_with_operators', 'example_xcom_args']) retrieved from /home/mnguyen0226/anaconda3/envs/learning_scraper/lib/python3.11/site-packages/airflow/example_dags/example_xcomargs.py
[2023-08-20T21:16:47.721-0400] {logging_mixin.py:150} INFO - [2023-08-20T21:16:47.720-0400] {dag.py:2742} INFO - Sync 2 DAGs
[2023-08-20T21:16:47.746-0400] {logging_mixin.py:150} INFO - [2023-08-20T21:16:47.745-0400] {dag.py:3504} INFO - Setting next_dagrun for example_xcom_args to None, run_after=None
[2023-08-20T21:16:47.749-0400] {logging_mixin.py:150} INFO - [2023-08-20T21:16:47.749-0400] {dag.py:3504} INFO - Setting next_dagrun for example_xcom_args_with_operators to None, run_after=None
[2023-08-20T21:16:47.779-0400] {processor.py:179} INFO - Processing /home/mnguyen0226/anaconda3/envs/learning_scraper/lib/python3.11/site-packages/airflow/example_dags/example_xcomargs.py took 0.097 seconds
[2023-08-20T21:17:24.582-0400] {processor.py:157} INFO - Started process (PID=87022) to work on /home/mnguyen0226/anaconda3/envs/learning_scraper/lib/python3.11/site-packages/airflow/example_dags/example_xcomargs.py
[2023-08-20T21:17:24.583-0400] {processor.py:826} INFO - Processing file /home/mnguyen0226/anaconda3/envs/learning_scraper/lib/python3.11/site-packages/airflow/example_dags/example_xcomargs.py for tasks to queue
[2023-08-20T21:17:24.585-0400] {logging_mixin.py:150} INFO - [2023-08-20T21:17:24.584-0400] {dagbag.py:541} INFO - Filling up the DagBag from /home/mnguyen0226/anaconda3/envs/learning_scraper/lib/python3.11/site-packages/airflow/example_dags/example_xcomargs.py
[2023-08-20T21:17:24.594-0400] {processor.py:836} INFO - DAG(s) dict_keys(['example_xcom_args', 'example_xcom_args_with_operators']) retrieved from /home/mnguyen0226/anaconda3/envs/learning_scraper/lib/python3.11/site-packages/airflow/example_dags/example_xcomargs.py
[2023-08-20T21:17:24.619-0400] {logging_mixin.py:150} INFO - [2023-08-20T21:17:24.619-0400] {dag.py:2742} INFO - Sync 2 DAGs
[2023-08-20T21:17:24.642-0400] {logging_mixin.py:150} INFO - [2023-08-20T21:17:24.642-0400] {dag.py:3504} INFO - Setting next_dagrun for example_xcom_args to None, run_after=None
[2023-08-20T21:17:24.646-0400] {logging_mixin.py:150} INFO - [2023-08-20T21:17:24.646-0400] {dag.py:3504} INFO - Setting next_dagrun for example_xcom_args_with_operators to None, run_after=None
[2023-08-20T21:17:24.678-0400] {processor.py:179} INFO - Processing /home/mnguyen0226/anaconda3/envs/learning_scraper/lib/python3.11/site-packages/airflow/example_dags/example_xcomargs.py took 0.099 seconds
[2023-08-20T21:17:59.701-0400] {processor.py:157} INFO - Started process (PID=87235) to work on /home/mnguyen0226/anaconda3/envs/learning_scraper/lib/python3.11/site-packages/airflow/example_dags/example_xcomargs.py
[2023-08-20T21:17:59.702-0400] {processor.py:826} INFO - Processing file /home/mnguyen0226/anaconda3/envs/learning_scraper/lib/python3.11/site-packages/airflow/example_dags/example_xcomargs.py for tasks to queue
[2023-08-20T21:17:59.703-0400] {logging_mixin.py:150} INFO - [2023-08-20T21:17:59.703-0400] {dagbag.py:541} INFO - Filling up the DagBag from /home/mnguyen0226/anaconda3/envs/learning_scraper/lib/python3.11/site-packages/airflow/example_dags/example_xcomargs.py
[2023-08-20T21:17:59.716-0400] {processor.py:836} INFO - DAG(s) dict_keys(['example_xcom_args_with_operators', 'example_xcom_args']) retrieved from /home/mnguyen0226/anaconda3/envs/learning_scraper/lib/python3.11/site-packages/airflow/example_dags/example_xcomargs.py
[2023-08-20T21:17:59.743-0400] {logging_mixin.py:150} INFO - [2023-08-20T21:17:59.743-0400] {dag.py:2742} INFO - Sync 2 DAGs
[2023-08-20T21:17:59.764-0400] {logging_mixin.py:150} INFO - [2023-08-20T21:17:59.764-0400] {dag.py:3504} INFO - Setting next_dagrun for example_xcom_args to None, run_after=None
[2023-08-20T21:17:59.767-0400] {logging_mixin.py:150} INFO - [2023-08-20T21:17:59.766-0400] {dag.py:3504} INFO - Setting next_dagrun for example_xcom_args_with_operators to None, run_after=None
[2023-08-20T21:17:59.788-0400] {processor.py:179} INFO - Processing /home/mnguyen0226/anaconda3/envs/learning_scraper/lib/python3.11/site-packages/airflow/example_dags/example_xcomargs.py took 0.091 seconds
[2023-08-20T21:18:35.966-0400] {processor.py:157} INFO - Started process (PID=87385) to work on /home/mnguyen0226/anaconda3/envs/learning_scraper/lib/python3.11/site-packages/airflow/example_dags/example_xcomargs.py
[2023-08-20T21:18:35.976-0400] {processor.py:826} INFO - Processing file /home/mnguyen0226/anaconda3/envs/learning_scraper/lib/python3.11/site-packages/airflow/example_dags/example_xcomargs.py for tasks to queue
[2023-08-20T21:18:35.978-0400] {logging_mixin.py:150} INFO - [2023-08-20T21:18:35.977-0400] {dagbag.py:541} INFO - Filling up the DagBag from /home/mnguyen0226/anaconda3/envs/learning_scraper/lib/python3.11/site-packages/airflow/example_dags/example_xcomargs.py
[2023-08-20T21:18:35.992-0400] {processor.py:836} INFO - DAG(s) dict_keys(['example_xcom_args_with_operators', 'example_xcom_args']) retrieved from /home/mnguyen0226/anaconda3/envs/learning_scraper/lib/python3.11/site-packages/airflow/example_dags/example_xcomargs.py
[2023-08-20T21:18:36.023-0400] {logging_mixin.py:150} INFO - [2023-08-20T21:18:36.023-0400] {dag.py:2742} INFO - Sync 2 DAGs
[2023-08-20T21:18:36.046-0400] {logging_mixin.py:150} INFO - [2023-08-20T21:18:36.046-0400] {dag.py:3504} INFO - Setting next_dagrun for example_xcom_args to None, run_after=None
[2023-08-20T21:18:36.048-0400] {logging_mixin.py:150} INFO - [2023-08-20T21:18:36.048-0400] {dag.py:3504} INFO - Setting next_dagrun for example_xcom_args_with_operators to None, run_after=None
[2023-08-20T21:18:36.069-0400] {processor.py:179} INFO - Processing /home/mnguyen0226/anaconda3/envs/learning_scraper/lib/python3.11/site-packages/airflow/example_dags/example_xcomargs.py took 0.107 seconds
[2023-08-20T21:19:14.515-0400] {processor.py:157} INFO - Started process (PID=87613) to work on /home/mnguyen0226/anaconda3/envs/learning_scraper/lib/python3.11/site-packages/airflow/example_dags/example_xcomargs.py
[2023-08-20T21:19:14.524-0400] {processor.py:826} INFO - Processing file /home/mnguyen0226/anaconda3/envs/learning_scraper/lib/python3.11/site-packages/airflow/example_dags/example_xcomargs.py for tasks to queue
[2023-08-20T21:19:14.526-0400] {logging_mixin.py:150} INFO - [2023-08-20T21:19:14.525-0400] {dagbag.py:541} INFO - Filling up the DagBag from /home/mnguyen0226/anaconda3/envs/learning_scraper/lib/python3.11/site-packages/airflow/example_dags/example_xcomargs.py
[2023-08-20T21:19:14.539-0400] {processor.py:836} INFO - DAG(s) dict_keys(['example_xcom_args', 'example_xcom_args_with_operators']) retrieved from /home/mnguyen0226/anaconda3/envs/learning_scraper/lib/python3.11/site-packages/airflow/example_dags/example_xcomargs.py
[2023-08-20T21:19:14.573-0400] {logging_mixin.py:150} INFO - [2023-08-20T21:19:14.573-0400] {dag.py:2742} INFO - Sync 2 DAGs
[2023-08-20T21:19:14.600-0400] {logging_mixin.py:150} INFO - [2023-08-20T21:19:14.600-0400] {dag.py:3504} INFO - Setting next_dagrun for example_xcom_args to None, run_after=None
[2023-08-20T21:19:14.603-0400] {logging_mixin.py:150} INFO - [2023-08-20T21:19:14.603-0400] {dag.py:3504} INFO - Setting next_dagrun for example_xcom_args_with_operators to None, run_after=None
[2023-08-20T21:19:14.629-0400] {processor.py:179} INFO - Processing /home/mnguyen0226/anaconda3/envs/learning_scraper/lib/python3.11/site-packages/airflow/example_dags/example_xcomargs.py took 0.118 seconds
[2023-08-20T21:19:49.423-0400] {processor.py:157} INFO - Started process (PID=87909) to work on /home/mnguyen0226/anaconda3/envs/learning_scraper/lib/python3.11/site-packages/airflow/example_dags/example_xcomargs.py
[2023-08-20T21:19:49.424-0400] {processor.py:826} INFO - Processing file /home/mnguyen0226/anaconda3/envs/learning_scraper/lib/python3.11/site-packages/airflow/example_dags/example_xcomargs.py for tasks to queue
[2023-08-20T21:19:49.425-0400] {logging_mixin.py:150} INFO - [2023-08-20T21:19:49.424-0400] {dagbag.py:541} INFO - Filling up the DagBag from /home/mnguyen0226/anaconda3/envs/learning_scraper/lib/python3.11/site-packages/airflow/example_dags/example_xcomargs.py
[2023-08-20T21:19:49.432-0400] {processor.py:836} INFO - DAG(s) dict_keys(['example_xcom_args_with_operators', 'example_xcom_args']) retrieved from /home/mnguyen0226/anaconda3/envs/learning_scraper/lib/python3.11/site-packages/airflow/example_dags/example_xcomargs.py
[2023-08-20T21:19:49.449-0400] {logging_mixin.py:150} INFO - [2023-08-20T21:19:49.448-0400] {dag.py:2742} INFO - Sync 2 DAGs
[2023-08-20T21:19:49.467-0400] {logging_mixin.py:150} INFO - [2023-08-20T21:19:49.467-0400] {dag.py:3504} INFO - Setting next_dagrun for example_xcom_args to None, run_after=None
[2023-08-20T21:19:49.470-0400] {logging_mixin.py:150} INFO - [2023-08-20T21:19:49.470-0400] {dag.py:3504} INFO - Setting next_dagrun for example_xcom_args_with_operators to None, run_after=None
[2023-08-20T21:19:49.493-0400] {processor.py:179} INFO - Processing /home/mnguyen0226/anaconda3/envs/learning_scraper/lib/python3.11/site-packages/airflow/example_dags/example_xcomargs.py took 0.071 seconds
[2023-08-20T21:20:24.594-0400] {processor.py:157} INFO - Started process (PID=88150) to work on /home/mnguyen0226/anaconda3/envs/learning_scraper/lib/python3.11/site-packages/airflow/example_dags/example_xcomargs.py
[2023-08-20T21:20:24.596-0400] {processor.py:826} INFO - Processing file /home/mnguyen0226/anaconda3/envs/learning_scraper/lib/python3.11/site-packages/airflow/example_dags/example_xcomargs.py for tasks to queue
[2023-08-20T21:20:24.596-0400] {logging_mixin.py:150} INFO - [2023-08-20T21:20:24.596-0400] {dagbag.py:541} INFO - Filling up the DagBag from /home/mnguyen0226/anaconda3/envs/learning_scraper/lib/python3.11/site-packages/airflow/example_dags/example_xcomargs.py
[2023-08-20T21:20:24.604-0400] {processor.py:836} INFO - DAG(s) dict_keys(['example_xcom_args', 'example_xcom_args_with_operators']) retrieved from /home/mnguyen0226/anaconda3/envs/learning_scraper/lib/python3.11/site-packages/airflow/example_dags/example_xcomargs.py
[2023-08-20T21:20:24.622-0400] {logging_mixin.py:150} INFO - [2023-08-20T21:20:24.622-0400] {dag.py:2742} INFO - Sync 2 DAGs
[2023-08-20T21:20:24.643-0400] {logging_mixin.py:150} INFO - [2023-08-20T21:20:24.643-0400] {dag.py:3504} INFO - Setting next_dagrun for example_xcom_args to None, run_after=None
[2023-08-20T21:20:24.648-0400] {logging_mixin.py:150} INFO - [2023-08-20T21:20:24.646-0400] {dag.py:3504} INFO - Setting next_dagrun for example_xcom_args_with_operators to None, run_after=None
[2023-08-20T21:20:24.677-0400] {processor.py:179} INFO - Processing /home/mnguyen0226/anaconda3/envs/learning_scraper/lib/python3.11/site-packages/airflow/example_dags/example_xcomargs.py took 0.085 seconds
[2023-08-20T21:20:59.893-0400] {processor.py:157} INFO - Started process (PID=88278) to work on /home/mnguyen0226/anaconda3/envs/learning_scraper/lib/python3.11/site-packages/airflow/example_dags/example_xcomargs.py
[2023-08-20T21:20:59.894-0400] {processor.py:826} INFO - Processing file /home/mnguyen0226/anaconda3/envs/learning_scraper/lib/python3.11/site-packages/airflow/example_dags/example_xcomargs.py for tasks to queue
[2023-08-20T21:20:59.896-0400] {logging_mixin.py:150} INFO - [2023-08-20T21:20:59.895-0400] {dagbag.py:541} INFO - Filling up the DagBag from /home/mnguyen0226/anaconda3/envs/learning_scraper/lib/python3.11/site-packages/airflow/example_dags/example_xcomargs.py
[2023-08-20T21:20:59.909-0400] {processor.py:836} INFO - DAG(s) dict_keys(['example_xcom_args_with_operators', 'example_xcom_args']) retrieved from /home/mnguyen0226/anaconda3/envs/learning_scraper/lib/python3.11/site-packages/airflow/example_dags/example_xcomargs.py
[2023-08-20T21:20:59.939-0400] {logging_mixin.py:150} INFO - [2023-08-20T21:20:59.939-0400] {dag.py:2742} INFO - Sync 2 DAGs
[2023-08-20T21:20:59.967-0400] {logging_mixin.py:150} INFO - [2023-08-20T21:20:59.967-0400] {dag.py:3504} INFO - Setting next_dagrun for example_xcom_args to None, run_after=None
[2023-08-20T21:20:59.972-0400] {logging_mixin.py:150} INFO - [2023-08-20T21:20:59.972-0400] {dag.py:3504} INFO - Setting next_dagrun for example_xcom_args_with_operators to None, run_after=None
[2023-08-20T21:20:59.998-0400] {processor.py:179} INFO - Processing /home/mnguyen0226/anaconda3/envs/learning_scraper/lib/python3.11/site-packages/airflow/example_dags/example_xcomargs.py took 0.109 seconds
