[2023-08-20T21:00:52.850-0400] {processor.py:157} INFO - Started process (PID=80790) to work on /home/mnguyen0226/anaconda3/envs/learning_scraper/lib/python3.11/site-packages/airflow/example_dags/example_python_operator.py
[2023-08-20T21:00:52.850-0400] {processor.py:826} INFO - Processing file /home/mnguyen0226/anaconda3/envs/learning_scraper/lib/python3.11/site-packages/airflow/example_dags/example_python_operator.py for tasks to queue
[2023-08-20T21:00:52.851-0400] {logging_mixin.py:150} INFO - [2023-08-20T21:00:52.851-0400] {dagbag.py:541} INFO - Filling up the DagBag from /home/mnguyen0226/anaconda3/envs/learning_scraper/lib/python3.11/site-packages/airflow/example_dags/example_python_operator.py
[2023-08-20T21:00:52.859-0400] {processor.py:836} INFO - DAG(s) dict_keys(['example_python_operator']) retrieved from /home/mnguyen0226/anaconda3/envs/learning_scraper/lib/python3.11/site-packages/airflow/example_dags/example_python_operator.py
[2023-08-20T21:00:52.972-0400] {logging_mixin.py:150} INFO - [2023-08-20T21:00:52.972-0400] {dag.py:2742} INFO - Sync 1 DAGs
[2023-08-20T21:00:52.986-0400] {logging_mixin.py:150} INFO - [2023-08-20T21:00:52.985-0400] {dag.py:3504} INFO - Setting next_dagrun for example_python_operator to None, run_after=None
[2023-08-20T21:00:53.010-0400] {processor.py:179} INFO - Processing /home/mnguyen0226/anaconda3/envs/learning_scraper/lib/python3.11/site-packages/airflow/example_dags/example_python_operator.py took 0.163 seconds
[2023-08-20T21:01:43.783-0400] {processor.py:157} INFO - Started process (PID=81022) to work on /home/mnguyen0226/anaconda3/envs/learning_scraper/lib/python3.11/site-packages/airflow/example_dags/example_python_operator.py
[2023-08-20T21:01:43.784-0400] {processor.py:826} INFO - Processing file /home/mnguyen0226/anaconda3/envs/learning_scraper/lib/python3.11/site-packages/airflow/example_dags/example_python_operator.py for tasks to queue
[2023-08-20T21:01:43.785-0400] {logging_mixin.py:150} INFO - [2023-08-20T21:01:43.784-0400] {dagbag.py:541} INFO - Filling up the DagBag from /home/mnguyen0226/anaconda3/envs/learning_scraper/lib/python3.11/site-packages/airflow/example_dags/example_python_operator.py
[2023-08-20T21:01:43.797-0400] {processor.py:836} INFO - DAG(s) dict_keys(['example_python_operator']) retrieved from /home/mnguyen0226/anaconda3/envs/learning_scraper/lib/python3.11/site-packages/airflow/example_dags/example_python_operator.py
[2023-08-20T21:01:43.821-0400] {logging_mixin.py:150} INFO - [2023-08-20T21:01:43.821-0400] {dag.py:2742} INFO - Sync 1 DAGs
[2023-08-20T21:01:43.854-0400] {logging_mixin.py:150} INFO - [2023-08-20T21:01:43.854-0400] {dag.py:3504} INFO - Setting next_dagrun for example_python_operator to None, run_after=None
[2023-08-20T21:01:43.894-0400] {processor.py:179} INFO - Processing /home/mnguyen0226/anaconda3/envs/learning_scraper/lib/python3.11/site-packages/airflow/example_dags/example_python_operator.py took 0.114 seconds
[2023-08-20T21:03:51.018-0400] {processor.py:157} INFO - Started process (PID=82519) to work on /home/mnguyen0226/anaconda3/envs/learning_scraper/lib/python3.11/site-packages/airflow/example_dags/example_python_operator.py
[2023-08-20T21:03:51.027-0400] {processor.py:826} INFO - Processing file /home/mnguyen0226/anaconda3/envs/learning_scraper/lib/python3.11/site-packages/airflow/example_dags/example_python_operator.py for tasks to queue
[2023-08-20T21:03:51.028-0400] {logging_mixin.py:150} INFO - [2023-08-20T21:03:51.027-0400] {dagbag.py:541} INFO - Filling up the DagBag from /home/mnguyen0226/anaconda3/envs/learning_scraper/lib/python3.11/site-packages/airflow/example_dags/example_python_operator.py
[2023-08-20T21:03:51.037-0400] {processor.py:836} INFO - DAG(s) dict_keys(['example_python_operator']) retrieved from /home/mnguyen0226/anaconda3/envs/learning_scraper/lib/python3.11/site-packages/airflow/example_dags/example_python_operator.py
[2023-08-20T21:03:51.134-0400] {logging_mixin.py:150} INFO - [2023-08-20T21:03:51.134-0400] {dag.py:2742} INFO - Sync 1 DAGs
[2023-08-20T21:03:51.153-0400] {logging_mixin.py:150} INFO - [2023-08-20T21:03:51.153-0400] {dag.py:3504} INFO - Setting next_dagrun for example_python_operator to None, run_after=None
[2023-08-20T21:03:51.186-0400] {processor.py:179} INFO - Processing /home/mnguyen0226/anaconda3/envs/learning_scraper/lib/python3.11/site-packages/airflow/example_dags/example_python_operator.py took 0.171 seconds
[2023-08-20T21:04:41.633-0400] {processor.py:157} INFO - Started process (PID=83111) to work on /home/mnguyen0226/anaconda3/envs/learning_scraper/lib/python3.11/site-packages/airflow/example_dags/example_python_operator.py
[2023-08-20T21:04:41.634-0400] {processor.py:826} INFO - Processing file /home/mnguyen0226/anaconda3/envs/learning_scraper/lib/python3.11/site-packages/airflow/example_dags/example_python_operator.py for tasks to queue
[2023-08-20T21:04:41.635-0400] {logging_mixin.py:150} INFO - [2023-08-20T21:04:41.635-0400] {dagbag.py:541} INFO - Filling up the DagBag from /home/mnguyen0226/anaconda3/envs/learning_scraper/lib/python3.11/site-packages/airflow/example_dags/example_python_operator.py
[2023-08-20T21:04:41.643-0400] {processor.py:836} INFO - DAG(s) dict_keys(['example_python_operator']) retrieved from /home/mnguyen0226/anaconda3/envs/learning_scraper/lib/python3.11/site-packages/airflow/example_dags/example_python_operator.py
[2023-08-20T21:04:41.662-0400] {logging_mixin.py:150} INFO - [2023-08-20T21:04:41.662-0400] {dag.py:2742} INFO - Sync 1 DAGs
[2023-08-20T21:04:41.682-0400] {logging_mixin.py:150} INFO - [2023-08-20T21:04:41.682-0400] {dag.py:3504} INFO - Setting next_dagrun for example_python_operator to None, run_after=None
[2023-08-20T21:04:41.712-0400] {processor.py:179} INFO - Processing /home/mnguyen0226/anaconda3/envs/learning_scraper/lib/python3.11/site-packages/airflow/example_dags/example_python_operator.py took 0.082 seconds
[2023-08-20T21:05:39.162-0400] {processor.py:157} INFO - Started process (PID=83397) to work on /home/mnguyen0226/anaconda3/envs/learning_scraper/lib/python3.11/site-packages/airflow/example_dags/example_python_operator.py
[2023-08-20T21:05:39.171-0400] {processor.py:826} INFO - Processing file /home/mnguyen0226/anaconda3/envs/learning_scraper/lib/python3.11/site-packages/airflow/example_dags/example_python_operator.py for tasks to queue
[2023-08-20T21:05:39.172-0400] {logging_mixin.py:150} INFO - [2023-08-20T21:05:39.171-0400] {dagbag.py:541} INFO - Filling up the DagBag from /home/mnguyen0226/anaconda3/envs/learning_scraper/lib/python3.11/site-packages/airflow/example_dags/example_python_operator.py
[2023-08-20T21:05:39.182-0400] {processor.py:836} INFO - DAG(s) dict_keys(['example_python_operator']) retrieved from /home/mnguyen0226/anaconda3/envs/learning_scraper/lib/python3.11/site-packages/airflow/example_dags/example_python_operator.py
[2023-08-20T21:05:39.199-0400] {logging_mixin.py:150} INFO - [2023-08-20T21:05:39.199-0400] {dag.py:2742} INFO - Sync 1 DAGs
[2023-08-20T21:05:39.215-0400] {logging_mixin.py:150} INFO - [2023-08-20T21:05:39.214-0400] {dag.py:3504} INFO - Setting next_dagrun for example_python_operator to None, run_after=None
[2023-08-20T21:05:39.238-0400] {processor.py:179} INFO - Processing /home/mnguyen0226/anaconda3/envs/learning_scraper/lib/python3.11/site-packages/airflow/example_dags/example_python_operator.py took 0.078 seconds
[2023-08-20T21:06:41.267-0400] {processor.py:157} INFO - Started process (PID=83694) to work on /home/mnguyen0226/anaconda3/envs/learning_scraper/lib/python3.11/site-packages/airflow/example_dags/example_python_operator.py
[2023-08-20T21:06:41.268-0400] {processor.py:826} INFO - Processing file /home/mnguyen0226/anaconda3/envs/learning_scraper/lib/python3.11/site-packages/airflow/example_dags/example_python_operator.py for tasks to queue
[2023-08-20T21:06:41.268-0400] {logging_mixin.py:150} INFO - [2023-08-20T21:06:41.268-0400] {dagbag.py:541} INFO - Filling up the DagBag from /home/mnguyen0226/anaconda3/envs/learning_scraper/lib/python3.11/site-packages/airflow/example_dags/example_python_operator.py
[2023-08-20T21:06:41.280-0400] {processor.py:836} INFO - DAG(s) dict_keys(['example_python_operator']) retrieved from /home/mnguyen0226/anaconda3/envs/learning_scraper/lib/python3.11/site-packages/airflow/example_dags/example_python_operator.py
[2023-08-20T21:06:41.301-0400] {logging_mixin.py:150} INFO - [2023-08-20T21:06:41.300-0400] {dag.py:2742} INFO - Sync 1 DAGs
[2023-08-20T21:06:41.438-0400] {logging_mixin.py:150} INFO - [2023-08-20T21:06:41.438-0400] {dag.py:3504} INFO - Setting next_dagrun for example_python_operator to None, run_after=None
[2023-08-20T21:06:41.468-0400] {processor.py:179} INFO - Processing /home/mnguyen0226/anaconda3/envs/learning_scraper/lib/python3.11/site-packages/airflow/example_dags/example_python_operator.py took 0.203 seconds
[2023-08-20T21:07:47.311-0400] {processor.py:157} INFO - Started process (PID=83963) to work on /home/mnguyen0226/anaconda3/envs/learning_scraper/lib/python3.11/site-packages/airflow/example_dags/example_python_operator.py
[2023-08-20T21:07:47.320-0400] {processor.py:826} INFO - Processing file /home/mnguyen0226/anaconda3/envs/learning_scraper/lib/python3.11/site-packages/airflow/example_dags/example_python_operator.py for tasks to queue
[2023-08-20T21:07:47.322-0400] {logging_mixin.py:150} INFO - [2023-08-20T21:07:47.321-0400] {dagbag.py:541} INFO - Filling up the DagBag from /home/mnguyen0226/anaconda3/envs/learning_scraper/lib/python3.11/site-packages/airflow/example_dags/example_python_operator.py
[2023-08-20T21:07:47.333-0400] {processor.py:836} INFO - DAG(s) dict_keys(['example_python_operator']) retrieved from /home/mnguyen0226/anaconda3/envs/learning_scraper/lib/python3.11/site-packages/airflow/example_dags/example_python_operator.py
[2023-08-20T21:07:47.353-0400] {logging_mixin.py:150} INFO - [2023-08-20T21:07:47.353-0400] {dag.py:2742} INFO - Sync 1 DAGs
[2023-08-20T21:07:47.369-0400] {logging_mixin.py:150} INFO - [2023-08-20T21:07:47.369-0400] {dag.py:3504} INFO - Setting next_dagrun for example_python_operator to None, run_after=None
[2023-08-20T21:07:47.398-0400] {processor.py:179} INFO - Processing /home/mnguyen0226/anaconda3/envs/learning_scraper/lib/python3.11/site-packages/airflow/example_dags/example_python_operator.py took 0.090 seconds
[2023-08-20T21:08:41.048-0400] {processor.py:157} INFO - Started process (PID=84189) to work on /home/mnguyen0226/anaconda3/envs/learning_scraper/lib/python3.11/site-packages/airflow/example_dags/example_python_operator.py
[2023-08-20T21:08:41.057-0400] {processor.py:826} INFO - Processing file /home/mnguyen0226/anaconda3/envs/learning_scraper/lib/python3.11/site-packages/airflow/example_dags/example_python_operator.py for tasks to queue
[2023-08-20T21:08:41.058-0400] {logging_mixin.py:150} INFO - [2023-08-20T21:08:41.058-0400] {dagbag.py:541} INFO - Filling up the DagBag from /home/mnguyen0226/anaconda3/envs/learning_scraper/lib/python3.11/site-packages/airflow/example_dags/example_python_operator.py
[2023-08-20T21:08:41.074-0400] {processor.py:836} INFO - DAG(s) dict_keys(['example_python_operator']) retrieved from /home/mnguyen0226/anaconda3/envs/learning_scraper/lib/python3.11/site-packages/airflow/example_dags/example_python_operator.py
[2023-08-20T21:08:41.098-0400] {logging_mixin.py:150} INFO - [2023-08-20T21:08:41.097-0400] {dag.py:2742} INFO - Sync 1 DAGs
[2023-08-20T21:08:41.116-0400] {logging_mixin.py:150} INFO - [2023-08-20T21:08:41.115-0400] {dag.py:3504} INFO - Setting next_dagrun for example_python_operator to None, run_after=None
[2023-08-20T21:08:41.145-0400] {processor.py:179} INFO - Processing /home/mnguyen0226/anaconda3/envs/learning_scraper/lib/python3.11/site-packages/airflow/example_dags/example_python_operator.py took 0.101 seconds
[2023-08-20T21:09:34.297-0400] {processor.py:157} INFO - Started process (PID=84503) to work on /home/mnguyen0226/anaconda3/envs/learning_scraper/lib/python3.11/site-packages/airflow/example_dags/example_python_operator.py
[2023-08-20T21:09:34.298-0400] {processor.py:826} INFO - Processing file /home/mnguyen0226/anaconda3/envs/learning_scraper/lib/python3.11/site-packages/airflow/example_dags/example_python_operator.py for tasks to queue
[2023-08-20T21:09:34.298-0400] {logging_mixin.py:150} INFO - [2023-08-20T21:09:34.298-0400] {dagbag.py:541} INFO - Filling up the DagBag from /home/mnguyen0226/anaconda3/envs/learning_scraper/lib/python3.11/site-packages/airflow/example_dags/example_python_operator.py
[2023-08-20T21:09:34.308-0400] {processor.py:836} INFO - DAG(s) dict_keys(['example_python_operator']) retrieved from /home/mnguyen0226/anaconda3/envs/learning_scraper/lib/python3.11/site-packages/airflow/example_dags/example_python_operator.py
[2023-08-20T21:09:34.324-0400] {logging_mixin.py:150} INFO - [2023-08-20T21:09:34.324-0400] {dag.py:2742} INFO - Sync 1 DAGs
[2023-08-20T21:09:34.342-0400] {logging_mixin.py:150} INFO - [2023-08-20T21:09:34.342-0400] {dag.py:3504} INFO - Setting next_dagrun for example_python_operator to None, run_after=None
[2023-08-20T21:09:34.370-0400] {processor.py:179} INFO - Processing /home/mnguyen0226/anaconda3/envs/learning_scraper/lib/python3.11/site-packages/airflow/example_dags/example_python_operator.py took 0.075 seconds
[2023-08-20T21:10:33.069-0400] {processor.py:157} INFO - Started process (PID=84743) to work on /home/mnguyen0226/anaconda3/envs/learning_scraper/lib/python3.11/site-packages/airflow/example_dags/example_python_operator.py
[2023-08-20T21:10:33.079-0400] {processor.py:826} INFO - Processing file /home/mnguyen0226/anaconda3/envs/learning_scraper/lib/python3.11/site-packages/airflow/example_dags/example_python_operator.py for tasks to queue
[2023-08-20T21:10:33.081-0400] {logging_mixin.py:150} INFO - [2023-08-20T21:10:33.080-0400] {dagbag.py:541} INFO - Filling up the DagBag from /home/mnguyen0226/anaconda3/envs/learning_scraper/lib/python3.11/site-packages/airflow/example_dags/example_python_operator.py
[2023-08-20T21:10:33.091-0400] {processor.py:836} INFO - DAG(s) dict_keys(['example_python_operator']) retrieved from /home/mnguyen0226/anaconda3/envs/learning_scraper/lib/python3.11/site-packages/airflow/example_dags/example_python_operator.py
[2023-08-20T21:10:33.114-0400] {logging_mixin.py:150} INFO - [2023-08-20T21:10:33.114-0400] {dag.py:2742} INFO - Sync 1 DAGs
[2023-08-20T21:10:33.139-0400] {logging_mixin.py:150} INFO - [2023-08-20T21:10:33.139-0400] {dag.py:3504} INFO - Setting next_dagrun for example_python_operator to None, run_after=None
[2023-08-20T21:10:33.168-0400] {processor.py:179} INFO - Processing /home/mnguyen0226/anaconda3/envs/learning_scraper/lib/python3.11/site-packages/airflow/example_dags/example_python_operator.py took 0.102 seconds
[2023-08-20T21:11:27.479-0400] {processor.py:157} INFO - Started process (PID=85032) to work on /home/mnguyen0226/anaconda3/envs/learning_scraper/lib/python3.11/site-packages/airflow/example_dags/example_python_operator.py
[2023-08-20T21:11:27.479-0400] {processor.py:826} INFO - Processing file /home/mnguyen0226/anaconda3/envs/learning_scraper/lib/python3.11/site-packages/airflow/example_dags/example_python_operator.py for tasks to queue
[2023-08-20T21:11:27.480-0400] {logging_mixin.py:150} INFO - [2023-08-20T21:11:27.480-0400] {dagbag.py:541} INFO - Filling up the DagBag from /home/mnguyen0226/anaconda3/envs/learning_scraper/lib/python3.11/site-packages/airflow/example_dags/example_python_operator.py
[2023-08-20T21:11:27.491-0400] {processor.py:836} INFO - DAG(s) dict_keys(['example_python_operator']) retrieved from /home/mnguyen0226/anaconda3/envs/learning_scraper/lib/python3.11/site-packages/airflow/example_dags/example_python_operator.py
[2023-08-20T21:11:27.515-0400] {logging_mixin.py:150} INFO - [2023-08-20T21:11:27.515-0400] {dag.py:2742} INFO - Sync 1 DAGs
[2023-08-20T21:11:27.537-0400] {logging_mixin.py:150} INFO - [2023-08-20T21:11:27.537-0400] {dag.py:3504} INFO - Setting next_dagrun for example_python_operator to None, run_after=None
[2023-08-20T21:11:27.564-0400] {processor.py:179} INFO - Processing /home/mnguyen0226/anaconda3/envs/learning_scraper/lib/python3.11/site-packages/airflow/example_dags/example_python_operator.py took 0.087 seconds
[2023-08-20T21:12:19.287-0400] {processor.py:157} INFO - Started process (PID=85183) to work on /home/mnguyen0226/anaconda3/envs/learning_scraper/lib/python3.11/site-packages/airflow/example_dags/example_python_operator.py
[2023-08-20T21:12:19.288-0400] {processor.py:826} INFO - Processing file /home/mnguyen0226/anaconda3/envs/learning_scraper/lib/python3.11/site-packages/airflow/example_dags/example_python_operator.py for tasks to queue
[2023-08-20T21:12:19.289-0400] {logging_mixin.py:150} INFO - [2023-08-20T21:12:19.289-0400] {dagbag.py:541} INFO - Filling up the DagBag from /home/mnguyen0226/anaconda3/envs/learning_scraper/lib/python3.11/site-packages/airflow/example_dags/example_python_operator.py
[2023-08-20T21:12:19.306-0400] {processor.py:836} INFO - DAG(s) dict_keys(['example_python_operator']) retrieved from /home/mnguyen0226/anaconda3/envs/learning_scraper/lib/python3.11/site-packages/airflow/example_dags/example_python_operator.py
[2023-08-20T21:12:19.335-0400] {logging_mixin.py:150} INFO - [2023-08-20T21:12:19.334-0400] {dag.py:2742} INFO - Sync 1 DAGs
[2023-08-20T21:12:19.356-0400] {logging_mixin.py:150} INFO - [2023-08-20T21:12:19.356-0400] {dag.py:3504} INFO - Setting next_dagrun for example_python_operator to None, run_after=None
[2023-08-20T21:12:19.389-0400] {processor.py:179} INFO - Processing /home/mnguyen0226/anaconda3/envs/learning_scraper/lib/python3.11/site-packages/airflow/example_dags/example_python_operator.py took 0.107 seconds
[2023-08-20T21:13:16.550-0400] {processor.py:157} INFO - Started process (PID=85870) to work on /home/mnguyen0226/anaconda3/envs/learning_scraper/lib/python3.11/site-packages/airflow/example_dags/example_python_operator.py
[2023-08-20T21:13:16.560-0400] {processor.py:826} INFO - Processing file /home/mnguyen0226/anaconda3/envs/learning_scraper/lib/python3.11/site-packages/airflow/example_dags/example_python_operator.py for tasks to queue
[2023-08-20T21:13:16.561-0400] {logging_mixin.py:150} INFO - [2023-08-20T21:13:16.561-0400] {dagbag.py:541} INFO - Filling up the DagBag from /home/mnguyen0226/anaconda3/envs/learning_scraper/lib/python3.11/site-packages/airflow/example_dags/example_python_operator.py
[2023-08-20T21:13:16.578-0400] {processor.py:836} INFO - DAG(s) dict_keys(['example_python_operator']) retrieved from /home/mnguyen0226/anaconda3/envs/learning_scraper/lib/python3.11/site-packages/airflow/example_dags/example_python_operator.py
[2023-08-20T21:13:16.605-0400] {logging_mixin.py:150} INFO - [2023-08-20T21:13:16.605-0400] {dag.py:2742} INFO - Sync 1 DAGs
[2023-08-20T21:13:16.624-0400] {logging_mixin.py:150} INFO - [2023-08-20T21:13:16.624-0400] {dag.py:3504} INFO - Setting next_dagrun for example_python_operator to None, run_after=None
[2023-08-20T21:13:16.646-0400] {processor.py:179} INFO - Processing /home/mnguyen0226/anaconda3/envs/learning_scraper/lib/python3.11/site-packages/airflow/example_dags/example_python_operator.py took 0.100 seconds
[2023-08-20T21:14:15.831-0400] {processor.py:157} INFO - Started process (PID=86109) to work on /home/mnguyen0226/anaconda3/envs/learning_scraper/lib/python3.11/site-packages/airflow/example_dags/example_python_operator.py
[2023-08-20T21:14:15.832-0400] {processor.py:826} INFO - Processing file /home/mnguyen0226/anaconda3/envs/learning_scraper/lib/python3.11/site-packages/airflow/example_dags/example_python_operator.py for tasks to queue
[2023-08-20T21:14:15.834-0400] {logging_mixin.py:150} INFO - [2023-08-20T21:14:15.833-0400] {dagbag.py:541} INFO - Filling up the DagBag from /home/mnguyen0226/anaconda3/envs/learning_scraper/lib/python3.11/site-packages/airflow/example_dags/example_python_operator.py
[2023-08-20T21:14:15.847-0400] {processor.py:836} INFO - DAG(s) dict_keys(['example_python_operator']) retrieved from /home/mnguyen0226/anaconda3/envs/learning_scraper/lib/python3.11/site-packages/airflow/example_dags/example_python_operator.py
[2023-08-20T21:14:15.868-0400] {logging_mixin.py:150} INFO - [2023-08-20T21:14:15.868-0400] {dag.py:2742} INFO - Sync 1 DAGs
[2023-08-20T21:14:15.886-0400] {logging_mixin.py:150} INFO - [2023-08-20T21:14:15.886-0400] {dag.py:3504} INFO - Setting next_dagrun for example_python_operator to None, run_after=None
[2023-08-20T21:14:15.911-0400] {processor.py:179} INFO - Processing /home/mnguyen0226/anaconda3/envs/learning_scraper/lib/python3.11/site-packages/airflow/example_dags/example_python_operator.py took 0.083 seconds
[2023-08-20T21:15:11.002-0400] {processor.py:157} INFO - Started process (PID=86335) to work on /home/mnguyen0226/anaconda3/envs/learning_scraper/lib/python3.11/site-packages/airflow/example_dags/example_python_operator.py
[2023-08-20T21:15:11.012-0400] {processor.py:826} INFO - Processing file /home/mnguyen0226/anaconda3/envs/learning_scraper/lib/python3.11/site-packages/airflow/example_dags/example_python_operator.py for tasks to queue
[2023-08-20T21:15:11.013-0400] {logging_mixin.py:150} INFO - [2023-08-20T21:15:11.013-0400] {dagbag.py:541} INFO - Filling up the DagBag from /home/mnguyen0226/anaconda3/envs/learning_scraper/lib/python3.11/site-packages/airflow/example_dags/example_python_operator.py
[2023-08-20T21:15:11.029-0400] {processor.py:836} INFO - DAG(s) dict_keys(['example_python_operator']) retrieved from /home/mnguyen0226/anaconda3/envs/learning_scraper/lib/python3.11/site-packages/airflow/example_dags/example_python_operator.py
[2023-08-20T21:15:11.059-0400] {logging_mixin.py:150} INFO - [2023-08-20T21:15:11.058-0400] {dag.py:2742} INFO - Sync 1 DAGs
[2023-08-20T21:15:11.081-0400] {logging_mixin.py:150} INFO - [2023-08-20T21:15:11.081-0400] {dag.py:3504} INFO - Setting next_dagrun for example_python_operator to None, run_after=None
[2023-08-20T21:15:11.105-0400] {processor.py:179} INFO - Processing /home/mnguyen0226/anaconda3/envs/learning_scraper/lib/python3.11/site-packages/airflow/example_dags/example_python_operator.py took 0.107 seconds
[2023-08-20T21:16:01.988-0400] {processor.py:157} INFO - Started process (PID=86493) to work on /home/mnguyen0226/anaconda3/envs/learning_scraper/lib/python3.11/site-packages/airflow/example_dags/example_python_operator.py
[2023-08-20T21:16:01.990-0400] {processor.py:826} INFO - Processing file /home/mnguyen0226/anaconda3/envs/learning_scraper/lib/python3.11/site-packages/airflow/example_dags/example_python_operator.py for tasks to queue
[2023-08-20T21:16:01.991-0400] {logging_mixin.py:150} INFO - [2023-08-20T21:16:01.990-0400] {dagbag.py:541} INFO - Filling up the DagBag from /home/mnguyen0226/anaconda3/envs/learning_scraper/lib/python3.11/site-packages/airflow/example_dags/example_python_operator.py
[2023-08-20T21:16:02.012-0400] {processor.py:836} INFO - DAG(s) dict_keys(['example_python_operator']) retrieved from /home/mnguyen0226/anaconda3/envs/learning_scraper/lib/python3.11/site-packages/airflow/example_dags/example_python_operator.py
[2023-08-20T21:16:02.040-0400] {logging_mixin.py:150} INFO - [2023-08-20T21:16:02.040-0400] {dag.py:2742} INFO - Sync 1 DAGs
[2023-08-20T21:16:02.058-0400] {logging_mixin.py:150} INFO - [2023-08-20T21:16:02.057-0400] {dag.py:3504} INFO - Setting next_dagrun for example_python_operator to None, run_after=None
[2023-08-20T21:16:02.086-0400] {processor.py:179} INFO - Processing /home/mnguyen0226/anaconda3/envs/learning_scraper/lib/python3.11/site-packages/airflow/example_dags/example_python_operator.py took 0.105 seconds
[2023-08-20T21:16:57.628-0400] {processor.py:157} INFO - Started process (PID=86900) to work on /home/mnguyen0226/anaconda3/envs/learning_scraper/lib/python3.11/site-packages/airflow/example_dags/example_python_operator.py
[2023-08-20T21:16:57.629-0400] {processor.py:826} INFO - Processing file /home/mnguyen0226/anaconda3/envs/learning_scraper/lib/python3.11/site-packages/airflow/example_dags/example_python_operator.py for tasks to queue
[2023-08-20T21:16:57.630-0400] {logging_mixin.py:150} INFO - [2023-08-20T21:16:57.630-0400] {dagbag.py:541} INFO - Filling up the DagBag from /home/mnguyen0226/anaconda3/envs/learning_scraper/lib/python3.11/site-packages/airflow/example_dags/example_python_operator.py
[2023-08-20T21:16:57.645-0400] {processor.py:836} INFO - DAG(s) dict_keys(['example_python_operator']) retrieved from /home/mnguyen0226/anaconda3/envs/learning_scraper/lib/python3.11/site-packages/airflow/example_dags/example_python_operator.py
[2023-08-20T21:16:57.668-0400] {logging_mixin.py:150} INFO - [2023-08-20T21:16:57.668-0400] {dag.py:2742} INFO - Sync 1 DAGs
[2023-08-20T21:16:57.685-0400] {logging_mixin.py:150} INFO - [2023-08-20T21:16:57.685-0400] {dag.py:3504} INFO - Setting next_dagrun for example_python_operator to None, run_after=None
[2023-08-20T21:16:57.714-0400] {processor.py:179} INFO - Processing /home/mnguyen0226/anaconda3/envs/learning_scraper/lib/python3.11/site-packages/airflow/example_dags/example_python_operator.py took 0.091 seconds
[2023-08-20T21:17:50.989-0400] {processor.py:157} INFO - Started process (PID=87190) to work on /home/mnguyen0226/anaconda3/envs/learning_scraper/lib/python3.11/site-packages/airflow/example_dags/example_python_operator.py
[2023-08-20T21:17:50.990-0400] {processor.py:826} INFO - Processing file /home/mnguyen0226/anaconda3/envs/learning_scraper/lib/python3.11/site-packages/airflow/example_dags/example_python_operator.py for tasks to queue
[2023-08-20T21:17:50.992-0400] {logging_mixin.py:150} INFO - [2023-08-20T21:17:50.991-0400] {dagbag.py:541} INFO - Filling up the DagBag from /home/mnguyen0226/anaconda3/envs/learning_scraper/lib/python3.11/site-packages/airflow/example_dags/example_python_operator.py
[2023-08-20T21:17:51.002-0400] {processor.py:836} INFO - DAG(s) dict_keys(['example_python_operator']) retrieved from /home/mnguyen0226/anaconda3/envs/learning_scraper/lib/python3.11/site-packages/airflow/example_dags/example_python_operator.py
[2023-08-20T21:17:51.023-0400] {logging_mixin.py:150} INFO - [2023-08-20T21:17:51.023-0400] {dag.py:2742} INFO - Sync 1 DAGs
[2023-08-20T21:17:51.042-0400] {logging_mixin.py:150} INFO - [2023-08-20T21:17:51.042-0400] {dag.py:3504} INFO - Setting next_dagrun for example_python_operator to None, run_after=None
[2023-08-20T21:17:51.072-0400] {processor.py:179} INFO - Processing /home/mnguyen0226/anaconda3/envs/learning_scraper/lib/python3.11/site-packages/airflow/example_dags/example_python_operator.py took 0.086 seconds
[2023-08-20T21:18:46.107-0400] {processor.py:157} INFO - Started process (PID=87408) to work on /home/mnguyen0226/anaconda3/envs/learning_scraper/lib/python3.11/site-packages/airflow/example_dags/example_python_operator.py
[2023-08-20T21:18:46.117-0400] {processor.py:826} INFO - Processing file /home/mnguyen0226/anaconda3/envs/learning_scraper/lib/python3.11/site-packages/airflow/example_dags/example_python_operator.py for tasks to queue
[2023-08-20T21:18:46.118-0400] {logging_mixin.py:150} INFO - [2023-08-20T21:18:46.117-0400] {dagbag.py:541} INFO - Filling up the DagBag from /home/mnguyen0226/anaconda3/envs/learning_scraper/lib/python3.11/site-packages/airflow/example_dags/example_python_operator.py
[2023-08-20T21:18:46.133-0400] {processor.py:836} INFO - DAG(s) dict_keys(['example_python_operator']) retrieved from /home/mnguyen0226/anaconda3/envs/learning_scraper/lib/python3.11/site-packages/airflow/example_dags/example_python_operator.py
[2023-08-20T21:18:46.160-0400] {logging_mixin.py:150} INFO - [2023-08-20T21:18:46.159-0400] {dag.py:2742} INFO - Sync 1 DAGs
[2023-08-20T21:18:46.177-0400] {logging_mixin.py:150} INFO - [2023-08-20T21:18:46.176-0400] {dag.py:3504} INFO - Setting next_dagrun for example_python_operator to None, run_after=None
[2023-08-20T21:18:46.200-0400] {processor.py:179} INFO - Processing /home/mnguyen0226/anaconda3/envs/learning_scraper/lib/python3.11/site-packages/airflow/example_dags/example_python_operator.py took 0.098 seconds
[2023-08-20T21:19:41.411-0400] {processor.py:157} INFO - Started process (PID=87862) to work on /home/mnguyen0226/anaconda3/envs/learning_scraper/lib/python3.11/site-packages/airflow/example_dags/example_python_operator.py
[2023-08-20T21:19:41.421-0400] {processor.py:826} INFO - Processing file /home/mnguyen0226/anaconda3/envs/learning_scraper/lib/python3.11/site-packages/airflow/example_dags/example_python_operator.py for tasks to queue
[2023-08-20T21:19:41.422-0400] {logging_mixin.py:150} INFO - [2023-08-20T21:19:41.422-0400] {dagbag.py:541} INFO - Filling up the DagBag from /home/mnguyen0226/anaconda3/envs/learning_scraper/lib/python3.11/site-packages/airflow/example_dags/example_python_operator.py
[2023-08-20T21:19:41.437-0400] {processor.py:836} INFO - DAG(s) dict_keys(['example_python_operator']) retrieved from /home/mnguyen0226/anaconda3/envs/learning_scraper/lib/python3.11/site-packages/airflow/example_dags/example_python_operator.py
[2023-08-20T21:19:41.464-0400] {logging_mixin.py:150} INFO - [2023-08-20T21:19:41.464-0400] {dag.py:2742} INFO - Sync 1 DAGs
[2023-08-20T21:19:41.481-0400] {logging_mixin.py:150} INFO - [2023-08-20T21:19:41.480-0400] {dag.py:3504} INFO - Setting next_dagrun for example_python_operator to None, run_after=None
[2023-08-20T21:19:41.502-0400] {processor.py:179} INFO - Processing /home/mnguyen0226/anaconda3/envs/learning_scraper/lib/python3.11/site-packages/airflow/example_dags/example_python_operator.py took 0.095 seconds
[2023-08-20T21:20:34.483-0400] {processor.py:157} INFO - Started process (PID=88220) to work on /home/mnguyen0226/anaconda3/envs/learning_scraper/lib/python3.11/site-packages/airflow/example_dags/example_python_operator.py
[2023-08-20T21:20:34.483-0400] {processor.py:826} INFO - Processing file /home/mnguyen0226/anaconda3/envs/learning_scraper/lib/python3.11/site-packages/airflow/example_dags/example_python_operator.py for tasks to queue
[2023-08-20T21:20:34.484-0400] {logging_mixin.py:150} INFO - [2023-08-20T21:20:34.484-0400] {dagbag.py:541} INFO - Filling up the DagBag from /home/mnguyen0226/anaconda3/envs/learning_scraper/lib/python3.11/site-packages/airflow/example_dags/example_python_operator.py
[2023-08-20T21:20:34.492-0400] {processor.py:836} INFO - DAG(s) dict_keys(['example_python_operator']) retrieved from /home/mnguyen0226/anaconda3/envs/learning_scraper/lib/python3.11/site-packages/airflow/example_dags/example_python_operator.py
[2023-08-20T21:20:34.508-0400] {logging_mixin.py:150} INFO - [2023-08-20T21:20:34.508-0400] {dag.py:2742} INFO - Sync 1 DAGs
[2023-08-20T21:20:34.523-0400] {logging_mixin.py:150} INFO - [2023-08-20T21:20:34.522-0400] {dag.py:3504} INFO - Setting next_dagrun for example_python_operator to None, run_after=None
[2023-08-20T21:20:34.548-0400] {processor.py:179} INFO - Processing /home/mnguyen0226/anaconda3/envs/learning_scraper/lib/python3.11/site-packages/airflow/example_dags/example_python_operator.py took 0.067 seconds
[2023-08-20T21:21:27.385-0400] {processor.py:157} INFO - Started process (PID=88423) to work on /home/mnguyen0226/anaconda3/envs/learning_scraper/lib/python3.11/site-packages/airflow/example_dags/example_python_operator.py
[2023-08-20T21:21:27.394-0400] {processor.py:826} INFO - Processing file /home/mnguyen0226/anaconda3/envs/learning_scraper/lib/python3.11/site-packages/airflow/example_dags/example_python_operator.py for tasks to queue
[2023-08-20T21:21:27.395-0400] {logging_mixin.py:150} INFO - [2023-08-20T21:21:27.394-0400] {dagbag.py:541} INFO - Filling up the DagBag from /home/mnguyen0226/anaconda3/envs/learning_scraper/lib/python3.11/site-packages/airflow/example_dags/example_python_operator.py
[2023-08-20T21:21:27.405-0400] {processor.py:836} INFO - DAG(s) dict_keys(['example_python_operator']) retrieved from /home/mnguyen0226/anaconda3/envs/learning_scraper/lib/python3.11/site-packages/airflow/example_dags/example_python_operator.py
[2023-08-20T21:21:27.423-0400] {logging_mixin.py:150} INFO - [2023-08-20T21:21:27.423-0400] {dag.py:2742} INFO - Sync 1 DAGs
[2023-08-20T21:21:27.437-0400] {logging_mixin.py:150} INFO - [2023-08-20T21:21:27.437-0400] {dag.py:3504} INFO - Setting next_dagrun for example_python_operator to None, run_after=None
[2023-08-20T21:21:27.459-0400] {processor.py:179} INFO - Processing /home/mnguyen0226/anaconda3/envs/learning_scraper/lib/python3.11/site-packages/airflow/example_dags/example_python_operator.py took 0.077 seconds
