[2023-08-20T21:00:42.525-0400] {processor.py:157} INFO - Started process (PID=80565) to work on /home/mnguyen0226/anaconda3/envs/learning_scraper/lib/python3.11/site-packages/airflow/example_dags/example_latest_only.py
[2023-08-20T21:00:42.526-0400] {processor.py:826} INFO - Processing file /home/mnguyen0226/anaconda3/envs/learning_scraper/lib/python3.11/site-packages/airflow/example_dags/example_latest_only.py for tasks to queue
[2023-08-20T21:00:42.530-0400] {logging_mixin.py:150} INFO - [2023-08-20T21:00:42.526-0400] {dagbag.py:541} INFO - Filling up the DagBag from /home/mnguyen0226/anaconda3/envs/learning_scraper/lib/python3.11/site-packages/airflow/example_dags/example_latest_only.py
[2023-08-20T21:00:42.539-0400] {processor.py:836} INFO - DAG(s) dict_keys(['latest_only']) retrieved from /home/mnguyen0226/anaconda3/envs/learning_scraper/lib/python3.11/site-packages/airflow/example_dags/example_latest_only.py
[2023-08-20T21:00:42.561-0400] {logging_mixin.py:150} INFO - [2023-08-20T21:00:42.560-0400] {dag.py:2742} INFO - Sync 1 DAGs
[2023-08-20T21:00:42.588-0400] {logging_mixin.py:150} INFO - [2023-08-20T21:00:42.588-0400] {dag.py:3504} INFO - Setting next_dagrun for latest_only to 2023-08-20T21:00:42.587649+00:00, run_after=2023-08-21T01:00:42.587649+00:00
[2023-08-20T21:00:42.635-0400] {processor.py:179} INFO - Processing /home/mnguyen0226/anaconda3/envs/learning_scraper/lib/python3.11/site-packages/airflow/example_dags/example_latest_only.py took 0.113 seconds
[2023-08-20T21:01:28.876-0400] {processor.py:157} INFO - Started process (PID=80951) to work on /home/mnguyen0226/anaconda3/envs/learning_scraper/lib/python3.11/site-packages/airflow/example_dags/example_latest_only.py
[2023-08-20T21:01:28.877-0400] {processor.py:826} INFO - Processing file /home/mnguyen0226/anaconda3/envs/learning_scraper/lib/python3.11/site-packages/airflow/example_dags/example_latest_only.py for tasks to queue
[2023-08-20T21:01:28.877-0400] {logging_mixin.py:150} INFO - [2023-08-20T21:01:28.877-0400] {dagbag.py:541} INFO - Filling up the DagBag from /home/mnguyen0226/anaconda3/envs/learning_scraper/lib/python3.11/site-packages/airflow/example_dags/example_latest_only.py
[2023-08-20T21:01:28.882-0400] {processor.py:836} INFO - DAG(s) dict_keys(['latest_only']) retrieved from /home/mnguyen0226/anaconda3/envs/learning_scraper/lib/python3.11/site-packages/airflow/example_dags/example_latest_only.py
[2023-08-20T21:01:28.894-0400] {logging_mixin.py:150} INFO - [2023-08-20T21:01:28.894-0400] {dag.py:2742} INFO - Sync 1 DAGs
[2023-08-20T21:01:28.913-0400] {logging_mixin.py:150} INFO - [2023-08-20T21:01:28.913-0400] {dag.py:3504} INFO - Setting next_dagrun for latest_only to 2023-08-20T21:01:28.913531+00:00, run_after=2023-08-21T01:01:28.913531+00:00
[2023-08-20T21:01:28.939-0400] {processor.py:179} INFO - Processing /home/mnguyen0226/anaconda3/envs/learning_scraper/lib/python3.11/site-packages/airflow/example_dags/example_latest_only.py took 0.065 seconds
[2023-08-20T21:03:40.481-0400] {processor.py:157} INFO - Started process (PID=82086) to work on /home/mnguyen0226/anaconda3/envs/learning_scraper/lib/python3.11/site-packages/airflow/example_dags/example_latest_only.py
[2023-08-20T21:03:40.490-0400] {processor.py:826} INFO - Processing file /home/mnguyen0226/anaconda3/envs/learning_scraper/lib/python3.11/site-packages/airflow/example_dags/example_latest_only.py for tasks to queue
[2023-08-20T21:03:40.492-0400] {logging_mixin.py:150} INFO - [2023-08-20T21:03:40.491-0400] {dagbag.py:541} INFO - Filling up the DagBag from /home/mnguyen0226/anaconda3/envs/learning_scraper/lib/python3.11/site-packages/airflow/example_dags/example_latest_only.py
[2023-08-20T21:03:40.517-0400] {processor.py:836} INFO - DAG(s) dict_keys(['latest_only']) retrieved from /home/mnguyen0226/anaconda3/envs/learning_scraper/lib/python3.11/site-packages/airflow/example_dags/example_latest_only.py
[2023-08-20T21:03:40.544-0400] {logging_mixin.py:150} INFO - [2023-08-20T21:03:40.544-0400] {dag.py:2742} INFO - Sync 1 DAGs
[2023-08-20T21:03:40.570-0400] {logging_mixin.py:150} INFO - [2023-08-20T21:03:40.570-0400] {dag.py:3504} INFO - Setting next_dagrun for latest_only to 2023-08-20T21:03:40.569794+00:00, run_after=2023-08-21T01:03:40.569794+00:00
[2023-08-20T21:03:40.607-0400] {processor.py:179} INFO - Processing /home/mnguyen0226/anaconda3/envs/learning_scraper/lib/python3.11/site-packages/airflow/example_dags/example_latest_only.py took 0.131 seconds
[2023-08-20T21:04:28.518-0400] {processor.py:157} INFO - Started process (PID=83059) to work on /home/mnguyen0226/anaconda3/envs/learning_scraper/lib/python3.11/site-packages/airflow/example_dags/example_latest_only.py
[2023-08-20T21:04:28.519-0400] {processor.py:826} INFO - Processing file /home/mnguyen0226/anaconda3/envs/learning_scraper/lib/python3.11/site-packages/airflow/example_dags/example_latest_only.py for tasks to queue
[2023-08-20T21:04:28.521-0400] {logging_mixin.py:150} INFO - [2023-08-20T21:04:28.520-0400] {dagbag.py:541} INFO - Filling up the DagBag from /home/mnguyen0226/anaconda3/envs/learning_scraper/lib/python3.11/site-packages/airflow/example_dags/example_latest_only.py
[2023-08-20T21:04:28.533-0400] {processor.py:836} INFO - DAG(s) dict_keys(['latest_only']) retrieved from /home/mnguyen0226/anaconda3/envs/learning_scraper/lib/python3.11/site-packages/airflow/example_dags/example_latest_only.py
[2023-08-20T21:04:28.560-0400] {logging_mixin.py:150} INFO - [2023-08-20T21:04:28.560-0400] {dag.py:2742} INFO - Sync 1 DAGs
[2023-08-20T21:04:28.580-0400] {logging_mixin.py:150} INFO - [2023-08-20T21:04:28.580-0400] {dag.py:3504} INFO - Setting next_dagrun for latest_only to 2023-08-20T21:04:28.580077+00:00, run_after=2023-08-21T01:04:28.580077+00:00
[2023-08-20T21:04:28.620-0400] {processor.py:179} INFO - Processing /home/mnguyen0226/anaconda3/envs/learning_scraper/lib/python3.11/site-packages/airflow/example_dags/example_latest_only.py took 0.106 seconds
[2023-08-20T21:05:19.488-0400] {processor.py:157} INFO - Started process (PID=83320) to work on /home/mnguyen0226/anaconda3/envs/learning_scraper/lib/python3.11/site-packages/airflow/example_dags/example_latest_only.py
[2023-08-20T21:05:19.490-0400] {processor.py:826} INFO - Processing file /home/mnguyen0226/anaconda3/envs/learning_scraper/lib/python3.11/site-packages/airflow/example_dags/example_latest_only.py for tasks to queue
[2023-08-20T21:05:19.491-0400] {logging_mixin.py:150} INFO - [2023-08-20T21:05:19.490-0400] {dagbag.py:541} INFO - Filling up the DagBag from /home/mnguyen0226/anaconda3/envs/learning_scraper/lib/python3.11/site-packages/airflow/example_dags/example_latest_only.py
[2023-08-20T21:05:19.502-0400] {processor.py:836} INFO - DAG(s) dict_keys(['latest_only']) retrieved from /home/mnguyen0226/anaconda3/envs/learning_scraper/lib/python3.11/site-packages/airflow/example_dags/example_latest_only.py
[2023-08-20T21:05:19.529-0400] {logging_mixin.py:150} INFO - [2023-08-20T21:05:19.528-0400] {dag.py:2742} INFO - Sync 1 DAGs
[2023-08-20T21:05:19.562-0400] {logging_mixin.py:150} INFO - [2023-08-20T21:05:19.562-0400] {dag.py:3504} INFO - Setting next_dagrun for latest_only to 2023-08-20T21:05:19.562258+00:00, run_after=2023-08-21T01:05:19.562258+00:00
[2023-08-20T21:05:19.596-0400] {processor.py:179} INFO - Processing /home/mnguyen0226/anaconda3/envs/learning_scraper/lib/python3.11/site-packages/airflow/example_dags/example_latest_only.py took 0.112 seconds
[2023-08-20T21:06:19.111-0400] {processor.py:157} INFO - Started process (PID=83579) to work on /home/mnguyen0226/anaconda3/envs/learning_scraper/lib/python3.11/site-packages/airflow/example_dags/example_latest_only.py
[2023-08-20T21:06:19.121-0400] {processor.py:826} INFO - Processing file /home/mnguyen0226/anaconda3/envs/learning_scraper/lib/python3.11/site-packages/airflow/example_dags/example_latest_only.py for tasks to queue
[2023-08-20T21:06:19.122-0400] {logging_mixin.py:150} INFO - [2023-08-20T21:06:19.121-0400] {dagbag.py:541} INFO - Filling up the DagBag from /home/mnguyen0226/anaconda3/envs/learning_scraper/lib/python3.11/site-packages/airflow/example_dags/example_latest_only.py
[2023-08-20T21:06:19.131-0400] {processor.py:836} INFO - DAG(s) dict_keys(['latest_only']) retrieved from /home/mnguyen0226/anaconda3/envs/learning_scraper/lib/python3.11/site-packages/airflow/example_dags/example_latest_only.py
[2023-08-20T21:06:19.155-0400] {logging_mixin.py:150} INFO - [2023-08-20T21:06:19.155-0400] {dag.py:2742} INFO - Sync 1 DAGs
[2023-08-20T21:06:19.185-0400] {logging_mixin.py:150} INFO - [2023-08-20T21:06:19.185-0400] {dag.py:3504} INFO - Setting next_dagrun for latest_only to 2023-08-20T21:06:19.184926+00:00, run_after=2023-08-21T01:06:19.184926+00:00
[2023-08-20T21:06:19.210-0400] {processor.py:179} INFO - Processing /home/mnguyen0226/anaconda3/envs/learning_scraper/lib/python3.11/site-packages/airflow/example_dags/example_latest_only.py took 0.103 seconds
[2023-08-20T21:07:22.360-0400] {processor.py:157} INFO - Started process (PID=83889) to work on /home/mnguyen0226/anaconda3/envs/learning_scraper/lib/python3.11/site-packages/airflow/example_dags/example_latest_only.py
[2023-08-20T21:07:22.370-0400] {processor.py:826} INFO - Processing file /home/mnguyen0226/anaconda3/envs/learning_scraper/lib/python3.11/site-packages/airflow/example_dags/example_latest_only.py for tasks to queue
[2023-08-20T21:07:22.373-0400] {logging_mixin.py:150} INFO - [2023-08-20T21:07:22.372-0400] {dagbag.py:541} INFO - Filling up the DagBag from /home/mnguyen0226/anaconda3/envs/learning_scraper/lib/python3.11/site-packages/airflow/example_dags/example_latest_only.py
[2023-08-20T21:07:22.385-0400] {processor.py:836} INFO - DAG(s) dict_keys(['latest_only']) retrieved from /home/mnguyen0226/anaconda3/envs/learning_scraper/lib/python3.11/site-packages/airflow/example_dags/example_latest_only.py
[2023-08-20T21:07:22.530-0400] {logging_mixin.py:150} INFO - [2023-08-20T21:07:22.530-0400] {dag.py:2742} INFO - Sync 1 DAGs
[2023-08-20T21:07:22.546-0400] {logging_mixin.py:150} INFO - [2023-08-20T21:07:22.545-0400] {dag.py:3504} INFO - Setting next_dagrun for latest_only to 2023-08-20T21:07:22.545786+00:00, run_after=2023-08-21T01:07:22.545786+00:00
[2023-08-20T21:07:22.577-0400] {processor.py:179} INFO - Processing /home/mnguyen0226/anaconda3/envs/learning_scraper/lib/python3.11/site-packages/airflow/example_dags/example_latest_only.py took 0.222 seconds
[2023-08-20T21:08:20.182-0400] {processor.py:157} INFO - Started process (PID=84107) to work on /home/mnguyen0226/anaconda3/envs/learning_scraper/lib/python3.11/site-packages/airflow/example_dags/example_latest_only.py
[2023-08-20T21:08:20.192-0400] {processor.py:826} INFO - Processing file /home/mnguyen0226/anaconda3/envs/learning_scraper/lib/python3.11/site-packages/airflow/example_dags/example_latest_only.py for tasks to queue
[2023-08-20T21:08:20.193-0400] {logging_mixin.py:150} INFO - [2023-08-20T21:08:20.193-0400] {dagbag.py:541} INFO - Filling up the DagBag from /home/mnguyen0226/anaconda3/envs/learning_scraper/lib/python3.11/site-packages/airflow/example_dags/example_latest_only.py
[2023-08-20T21:08:20.204-0400] {processor.py:836} INFO - DAG(s) dict_keys(['latest_only']) retrieved from /home/mnguyen0226/anaconda3/envs/learning_scraper/lib/python3.11/site-packages/airflow/example_dags/example_latest_only.py
[2023-08-20T21:08:20.228-0400] {logging_mixin.py:150} INFO - [2023-08-20T21:08:20.227-0400] {dag.py:2742} INFO - Sync 1 DAGs
[2023-08-20T21:08:20.254-0400] {logging_mixin.py:150} INFO - [2023-08-20T21:08:20.252-0400] {dag.py:3504} INFO - Setting next_dagrun for latest_only to 2023-08-20T21:08:20.252226+00:00, run_after=2023-08-21T01:08:20.252226+00:00
[2023-08-20T21:08:20.284-0400] {processor.py:179} INFO - Processing /home/mnguyen0226/anaconda3/envs/learning_scraper/lib/python3.11/site-packages/airflow/example_dags/example_latest_only.py took 0.110 seconds
[2023-08-20T21:09:14.684-0400] {processor.py:157} INFO - Started process (PID=84356) to work on /home/mnguyen0226/anaconda3/envs/learning_scraper/lib/python3.11/site-packages/airflow/example_dags/example_latest_only.py
[2023-08-20T21:09:14.685-0400] {processor.py:826} INFO - Processing file /home/mnguyen0226/anaconda3/envs/learning_scraper/lib/python3.11/site-packages/airflow/example_dags/example_latest_only.py for tasks to queue
[2023-08-20T21:09:14.686-0400] {logging_mixin.py:150} INFO - [2023-08-20T21:09:14.686-0400] {dagbag.py:541} INFO - Filling up the DagBag from /home/mnguyen0226/anaconda3/envs/learning_scraper/lib/python3.11/site-packages/airflow/example_dags/example_latest_only.py
[2023-08-20T21:09:14.695-0400] {processor.py:836} INFO - DAG(s) dict_keys(['latest_only']) retrieved from /home/mnguyen0226/anaconda3/envs/learning_scraper/lib/python3.11/site-packages/airflow/example_dags/example_latest_only.py
[2023-08-20T21:09:14.721-0400] {logging_mixin.py:150} INFO - [2023-08-20T21:09:14.721-0400] {dag.py:2742} INFO - Sync 1 DAGs
[2023-08-20T21:09:14.749-0400] {logging_mixin.py:150} INFO - [2023-08-20T21:09:14.749-0400] {dag.py:3504} INFO - Setting next_dagrun for latest_only to 2023-08-20T21:09:14.749169+00:00, run_after=2023-08-21T01:09:14.749169+00:00
[2023-08-20T21:09:14.781-0400] {processor.py:179} INFO - Processing /home/mnguyen0226/anaconda3/envs/learning_scraper/lib/python3.11/site-packages/airflow/example_dags/example_latest_only.py took 0.101 seconds
[2023-08-20T21:10:09.644-0400] {processor.py:157} INFO - Started process (PID=84676) to work on /home/mnguyen0226/anaconda3/envs/learning_scraper/lib/python3.11/site-packages/airflow/example_dags/example_latest_only.py
[2023-08-20T21:10:09.644-0400] {processor.py:826} INFO - Processing file /home/mnguyen0226/anaconda3/envs/learning_scraper/lib/python3.11/site-packages/airflow/example_dags/example_latest_only.py for tasks to queue
[2023-08-20T21:10:09.645-0400] {logging_mixin.py:150} INFO - [2023-08-20T21:10:09.645-0400] {dagbag.py:541} INFO - Filling up the DagBag from /home/mnguyen0226/anaconda3/envs/learning_scraper/lib/python3.11/site-packages/airflow/example_dags/example_latest_only.py
[2023-08-20T21:10:09.654-0400] {processor.py:836} INFO - DAG(s) dict_keys(['latest_only']) retrieved from /home/mnguyen0226/anaconda3/envs/learning_scraper/lib/python3.11/site-packages/airflow/example_dags/example_latest_only.py
[2023-08-20T21:10:09.677-0400] {logging_mixin.py:150} INFO - [2023-08-20T21:10:09.677-0400] {dag.py:2742} INFO - Sync 1 DAGs
[2023-08-20T21:10:09.705-0400] {logging_mixin.py:150} INFO - [2023-08-20T21:10:09.704-0400] {dag.py:3504} INFO - Setting next_dagrun for latest_only to 2023-08-20T21:10:09.704475+00:00, run_after=2023-08-21T01:10:09.704475+00:00
[2023-08-20T21:10:09.744-0400] {processor.py:179} INFO - Processing /home/mnguyen0226/anaconda3/envs/learning_scraper/lib/python3.11/site-packages/airflow/example_dags/example_latest_only.py took 0.102 seconds
[2023-08-20T21:11:08.215-0400] {processor.py:157} INFO - Started process (PID=84910) to work on /home/mnguyen0226/anaconda3/envs/learning_scraper/lib/python3.11/site-packages/airflow/example_dags/example_latest_only.py
[2023-08-20T21:11:08.224-0400] {processor.py:826} INFO - Processing file /home/mnguyen0226/anaconda3/envs/learning_scraper/lib/python3.11/site-packages/airflow/example_dags/example_latest_only.py for tasks to queue
[2023-08-20T21:11:08.225-0400] {logging_mixin.py:150} INFO - [2023-08-20T21:11:08.225-0400] {dagbag.py:541} INFO - Filling up the DagBag from /home/mnguyen0226/anaconda3/envs/learning_scraper/lib/python3.11/site-packages/airflow/example_dags/example_latest_only.py
[2023-08-20T21:11:08.231-0400] {processor.py:836} INFO - DAG(s) dict_keys(['latest_only']) retrieved from /home/mnguyen0226/anaconda3/envs/learning_scraper/lib/python3.11/site-packages/airflow/example_dags/example_latest_only.py
[2023-08-20T21:11:08.249-0400] {logging_mixin.py:150} INFO - [2023-08-20T21:11:08.249-0400] {dag.py:2742} INFO - Sync 1 DAGs
[2023-08-20T21:11:08.276-0400] {logging_mixin.py:150} INFO - [2023-08-20T21:11:08.276-0400] {dag.py:3504} INFO - Setting next_dagrun for latest_only to 2023-08-20T21:11:08.276270+00:00, run_after=2023-08-21T01:11:08.276270+00:00
[2023-08-20T21:11:08.310-0400] {processor.py:179} INFO - Processing /home/mnguyen0226/anaconda3/envs/learning_scraper/lib/python3.11/site-packages/airflow/example_dags/example_latest_only.py took 0.096 seconds
[2023-08-20T21:11:58.649-0400] {processor.py:157} INFO - Started process (PID=85130) to work on /home/mnguyen0226/anaconda3/envs/learning_scraper/lib/python3.11/site-packages/airflow/example_dags/example_latest_only.py
[2023-08-20T21:11:58.651-0400] {processor.py:826} INFO - Processing file /home/mnguyen0226/anaconda3/envs/learning_scraper/lib/python3.11/site-packages/airflow/example_dags/example_latest_only.py for tasks to queue
[2023-08-20T21:11:58.653-0400] {logging_mixin.py:150} INFO - [2023-08-20T21:11:58.652-0400] {dagbag.py:541} INFO - Filling up the DagBag from /home/mnguyen0226/anaconda3/envs/learning_scraper/lib/python3.11/site-packages/airflow/example_dags/example_latest_only.py
[2023-08-20T21:11:58.662-0400] {processor.py:836} INFO - DAG(s) dict_keys(['latest_only']) retrieved from /home/mnguyen0226/anaconda3/envs/learning_scraper/lib/python3.11/site-packages/airflow/example_dags/example_latest_only.py
[2023-08-20T21:11:58.679-0400] {logging_mixin.py:150} INFO - [2023-08-20T21:11:58.679-0400] {dag.py:2742} INFO - Sync 1 DAGs
[2023-08-20T21:11:58.694-0400] {logging_mixin.py:150} INFO - [2023-08-20T21:11:58.694-0400] {dag.py:3504} INFO - Setting next_dagrun for latest_only to 2023-08-20T21:11:58.694598+00:00, run_after=2023-08-21T01:11:58.694598+00:00
[2023-08-20T21:11:58.720-0400] {processor.py:179} INFO - Processing /home/mnguyen0226/anaconda3/envs/learning_scraper/lib/python3.11/site-packages/airflow/example_dags/example_latest_only.py took 0.076 seconds
[2023-08-20T21:12:55.539-0400] {processor.py:157} INFO - Started process (PID=85721) to work on /home/mnguyen0226/anaconda3/envs/learning_scraper/lib/python3.11/site-packages/airflow/example_dags/example_latest_only.py
[2023-08-20T21:12:55.548-0400] {processor.py:826} INFO - Processing file /home/mnguyen0226/anaconda3/envs/learning_scraper/lib/python3.11/site-packages/airflow/example_dags/example_latest_only.py for tasks to queue
[2023-08-20T21:12:55.549-0400] {logging_mixin.py:150} INFO - [2023-08-20T21:12:55.549-0400] {dagbag.py:541} INFO - Filling up the DagBag from /home/mnguyen0226/anaconda3/envs/learning_scraper/lib/python3.11/site-packages/airflow/example_dags/example_latest_only.py
[2023-08-20T21:12:55.555-0400] {processor.py:836} INFO - DAG(s) dict_keys(['latest_only']) retrieved from /home/mnguyen0226/anaconda3/envs/learning_scraper/lib/python3.11/site-packages/airflow/example_dags/example_latest_only.py
[2023-08-20T21:12:55.568-0400] {logging_mixin.py:150} INFO - [2023-08-20T21:12:55.568-0400] {dag.py:2742} INFO - Sync 1 DAGs
[2023-08-20T21:12:55.585-0400] {logging_mixin.py:150} INFO - [2023-08-20T21:12:55.585-0400] {dag.py:3504} INFO - Setting next_dagrun for latest_only to 2023-08-20T21:12:55.585118+00:00, run_after=2023-08-21T01:12:55.585118+00:00
[2023-08-20T21:12:55.620-0400] {processor.py:179} INFO - Processing /home/mnguyen0226/anaconda3/envs/learning_scraper/lib/python3.11/site-packages/airflow/example_dags/example_latest_only.py took 0.085 seconds
[2023-08-20T21:13:52.637-0400] {processor.py:157} INFO - Started process (PID=85978) to work on /home/mnguyen0226/anaconda3/envs/learning_scraper/lib/python3.11/site-packages/airflow/example_dags/example_latest_only.py
[2023-08-20T21:13:52.638-0400] {processor.py:826} INFO - Processing file /home/mnguyen0226/anaconda3/envs/learning_scraper/lib/python3.11/site-packages/airflow/example_dags/example_latest_only.py for tasks to queue
[2023-08-20T21:13:52.639-0400] {logging_mixin.py:150} INFO - [2023-08-20T21:13:52.638-0400] {dagbag.py:541} INFO - Filling up the DagBag from /home/mnguyen0226/anaconda3/envs/learning_scraper/lib/python3.11/site-packages/airflow/example_dags/example_latest_only.py
[2023-08-20T21:13:52.651-0400] {processor.py:836} INFO - DAG(s) dict_keys(['latest_only']) retrieved from /home/mnguyen0226/anaconda3/envs/learning_scraper/lib/python3.11/site-packages/airflow/example_dags/example_latest_only.py
[2023-08-20T21:13:52.678-0400] {logging_mixin.py:150} INFO - [2023-08-20T21:13:52.678-0400] {dag.py:2742} INFO - Sync 1 DAGs
[2023-08-20T21:13:52.699-0400] {logging_mixin.py:150} INFO - [2023-08-20T21:13:52.699-0400] {dag.py:3504} INFO - Setting next_dagrun for latest_only to 2023-08-20T21:13:52.699424+00:00, run_after=2023-08-21T01:13:52.699424+00:00
[2023-08-20T21:13:52.722-0400] {processor.py:179} INFO - Processing /home/mnguyen0226/anaconda3/envs/learning_scraper/lib/python3.11/site-packages/airflow/example_dags/example_latest_only.py took 0.091 seconds
[2023-08-20T21:14:50.587-0400] {processor.py:157} INFO - Started process (PID=86288) to work on /home/mnguyen0226/anaconda3/envs/learning_scraper/lib/python3.11/site-packages/airflow/example_dags/example_latest_only.py
[2023-08-20T21:14:50.597-0400] {processor.py:826} INFO - Processing file /home/mnguyen0226/anaconda3/envs/learning_scraper/lib/python3.11/site-packages/airflow/example_dags/example_latest_only.py for tasks to queue
[2023-08-20T21:14:50.598-0400] {logging_mixin.py:150} INFO - [2023-08-20T21:14:50.598-0400] {dagbag.py:541} INFO - Filling up the DagBag from /home/mnguyen0226/anaconda3/envs/learning_scraper/lib/python3.11/site-packages/airflow/example_dags/example_latest_only.py
[2023-08-20T21:14:50.607-0400] {processor.py:836} INFO - DAG(s) dict_keys(['latest_only']) retrieved from /home/mnguyen0226/anaconda3/envs/learning_scraper/lib/python3.11/site-packages/airflow/example_dags/example_latest_only.py
[2023-08-20T21:14:50.634-0400] {logging_mixin.py:150} INFO - [2023-08-20T21:14:50.633-0400] {dag.py:2742} INFO - Sync 1 DAGs
[2023-08-20T21:14:50.657-0400] {logging_mixin.py:150} INFO - [2023-08-20T21:14:50.657-0400] {dag.py:3504} INFO - Setting next_dagrun for latest_only to 2023-08-20T21:14:50.656995+00:00, run_after=2023-08-21T01:14:50.656995+00:00
[2023-08-20T21:14:50.682-0400] {processor.py:179} INFO - Processing /home/mnguyen0226/anaconda3/envs/learning_scraper/lib/python3.11/site-packages/airflow/example_dags/example_latest_only.py took 0.099 seconds
[2023-08-20T21:15:41.673-0400] {processor.py:157} INFO - Started process (PID=86404) to work on /home/mnguyen0226/anaconda3/envs/learning_scraper/lib/python3.11/site-packages/airflow/example_dags/example_latest_only.py
[2023-08-20T21:15:41.674-0400] {processor.py:826} INFO - Processing file /home/mnguyen0226/anaconda3/envs/learning_scraper/lib/python3.11/site-packages/airflow/example_dags/example_latest_only.py for tasks to queue
[2023-08-20T21:15:41.676-0400] {logging_mixin.py:150} INFO - [2023-08-20T21:15:41.675-0400] {dagbag.py:541} INFO - Filling up the DagBag from /home/mnguyen0226/anaconda3/envs/learning_scraper/lib/python3.11/site-packages/airflow/example_dags/example_latest_only.py
[2023-08-20T21:15:41.686-0400] {processor.py:836} INFO - DAG(s) dict_keys(['latest_only']) retrieved from /home/mnguyen0226/anaconda3/envs/learning_scraper/lib/python3.11/site-packages/airflow/example_dags/example_latest_only.py
[2023-08-20T21:15:41.710-0400] {logging_mixin.py:150} INFO - [2023-08-20T21:15:41.709-0400] {dag.py:2742} INFO - Sync 1 DAGs
[2023-08-20T21:15:41.737-0400] {logging_mixin.py:150} INFO - [2023-08-20T21:15:41.737-0400] {dag.py:3504} INFO - Setting next_dagrun for latest_only to 2023-08-20T21:15:41.736906+00:00, run_after=2023-08-21T01:15:41.736906+00:00
[2023-08-20T21:15:41.762-0400] {processor.py:179} INFO - Processing /home/mnguyen0226/anaconda3/envs/learning_scraper/lib/python3.11/site-packages/airflow/example_dags/example_latest_only.py took 0.093 seconds
[2023-08-20T21:16:35.703-0400] {processor.py:157} INFO - Started process (PID=86669) to work on /home/mnguyen0226/anaconda3/envs/learning_scraper/lib/python3.11/site-packages/airflow/example_dags/example_latest_only.py
[2023-08-20T21:16:35.713-0400] {processor.py:826} INFO - Processing file /home/mnguyen0226/anaconda3/envs/learning_scraper/lib/python3.11/site-packages/airflow/example_dags/example_latest_only.py for tasks to queue
[2023-08-20T21:16:35.714-0400] {logging_mixin.py:150} INFO - [2023-08-20T21:16:35.713-0400] {dagbag.py:541} INFO - Filling up the DagBag from /home/mnguyen0226/anaconda3/envs/learning_scraper/lib/python3.11/site-packages/airflow/example_dags/example_latest_only.py
[2023-08-20T21:16:35.724-0400] {processor.py:836} INFO - DAG(s) dict_keys(['latest_only']) retrieved from /home/mnguyen0226/anaconda3/envs/learning_scraper/lib/python3.11/site-packages/airflow/example_dags/example_latest_only.py
[2023-08-20T21:16:35.745-0400] {logging_mixin.py:150} INFO - [2023-08-20T21:16:35.745-0400] {dag.py:2742} INFO - Sync 1 DAGs
[2023-08-20T21:16:35.761-0400] {logging_mixin.py:150} INFO - [2023-08-20T21:16:35.761-0400] {dag.py:3504} INFO - Setting next_dagrun for latest_only to 2023-08-20T21:16:35.761358+00:00, run_after=2023-08-21T01:16:35.761358+00:00
[2023-08-20T21:16:35.786-0400] {processor.py:179} INFO - Processing /home/mnguyen0226/anaconda3/envs/learning_scraper/lib/python3.11/site-packages/airflow/example_dags/example_latest_only.py took 0.088 seconds
[2023-08-20T21:17:30.108-0400] {processor.py:157} INFO - Started process (PID=87044) to work on /home/mnguyen0226/anaconda3/envs/learning_scraper/lib/python3.11/site-packages/airflow/example_dags/example_latest_only.py
[2023-08-20T21:17:30.109-0400] {processor.py:826} INFO - Processing file /home/mnguyen0226/anaconda3/envs/learning_scraper/lib/python3.11/site-packages/airflow/example_dags/example_latest_only.py for tasks to queue
[2023-08-20T21:17:30.110-0400] {logging_mixin.py:150} INFO - [2023-08-20T21:17:30.110-0400] {dagbag.py:541} INFO - Filling up the DagBag from /home/mnguyen0226/anaconda3/envs/learning_scraper/lib/python3.11/site-packages/airflow/example_dags/example_latest_only.py
[2023-08-20T21:17:30.122-0400] {processor.py:836} INFO - DAG(s) dict_keys(['latest_only']) retrieved from /home/mnguyen0226/anaconda3/envs/learning_scraper/lib/python3.11/site-packages/airflow/example_dags/example_latest_only.py
[2023-08-20T21:17:30.146-0400] {logging_mixin.py:150} INFO - [2023-08-20T21:17:30.146-0400] {dag.py:2742} INFO - Sync 1 DAGs
[2023-08-20T21:17:30.176-0400] {logging_mixin.py:150} INFO - [2023-08-20T21:17:30.176-0400] {dag.py:3504} INFO - Setting next_dagrun for latest_only to 2023-08-20T21:17:30.175710+00:00, run_after=2023-08-21T01:17:30.175710+00:00
[2023-08-20T21:17:30.204-0400] {processor.py:179} INFO - Processing /home/mnguyen0226/anaconda3/envs/learning_scraper/lib/python3.11/site-packages/airflow/example_dags/example_latest_only.py took 0.101 seconds
[2023-08-20T21:18:24.661-0400] {processor.py:157} INFO - Started process (PID=87341) to work on /home/mnguyen0226/anaconda3/envs/learning_scraper/lib/python3.11/site-packages/airflow/example_dags/example_latest_only.py
[2023-08-20T21:18:24.662-0400] {processor.py:826} INFO - Processing file /home/mnguyen0226/anaconda3/envs/learning_scraper/lib/python3.11/site-packages/airflow/example_dags/example_latest_only.py for tasks to queue
[2023-08-20T21:18:24.663-0400] {logging_mixin.py:150} INFO - [2023-08-20T21:18:24.662-0400] {dagbag.py:541} INFO - Filling up the DagBag from /home/mnguyen0226/anaconda3/envs/learning_scraper/lib/python3.11/site-packages/airflow/example_dags/example_latest_only.py
[2023-08-20T21:18:24.668-0400] {processor.py:836} INFO - DAG(s) dict_keys(['latest_only']) retrieved from /home/mnguyen0226/anaconda3/envs/learning_scraper/lib/python3.11/site-packages/airflow/example_dags/example_latest_only.py
[2023-08-20T21:18:24.685-0400] {logging_mixin.py:150} INFO - [2023-08-20T21:18:24.685-0400] {dag.py:2742} INFO - Sync 1 DAGs
[2023-08-20T21:18:24.705-0400] {logging_mixin.py:150} INFO - [2023-08-20T21:18:24.705-0400] {dag.py:3504} INFO - Setting next_dagrun for latest_only to 2023-08-20T21:18:24.705111+00:00, run_after=2023-08-21T01:18:24.705111+00:00
[2023-08-20T21:18:24.743-0400] {processor.py:179} INFO - Processing /home/mnguyen0226/anaconda3/envs/learning_scraper/lib/python3.11/site-packages/airflow/example_dags/example_latest_only.py took 0.084 seconds
[2023-08-20T21:19:21.443-0400] {processor.py:157} INFO - Started process (PID=87662) to work on /home/mnguyen0226/anaconda3/envs/learning_scraper/lib/python3.11/site-packages/airflow/example_dags/example_latest_only.py
[2023-08-20T21:19:21.452-0400] {processor.py:826} INFO - Processing file /home/mnguyen0226/anaconda3/envs/learning_scraper/lib/python3.11/site-packages/airflow/example_dags/example_latest_only.py for tasks to queue
[2023-08-20T21:19:21.454-0400] {logging_mixin.py:150} INFO - [2023-08-20T21:19:21.453-0400] {dagbag.py:541} INFO - Filling up the DagBag from /home/mnguyen0226/anaconda3/envs/learning_scraper/lib/python3.11/site-packages/airflow/example_dags/example_latest_only.py
[2023-08-20T21:19:21.459-0400] {processor.py:836} INFO - DAG(s) dict_keys(['latest_only']) retrieved from /home/mnguyen0226/anaconda3/envs/learning_scraper/lib/python3.11/site-packages/airflow/example_dags/example_latest_only.py
[2023-08-20T21:19:21.478-0400] {logging_mixin.py:150} INFO - [2023-08-20T21:19:21.478-0400] {dag.py:2742} INFO - Sync 1 DAGs
[2023-08-20T21:19:21.504-0400] {logging_mixin.py:150} INFO - [2023-08-20T21:19:21.504-0400] {dag.py:3504} INFO - Setting next_dagrun for latest_only to 2023-08-20T21:19:21.503728+00:00, run_after=2023-08-21T01:19:21.503728+00:00
[2023-08-20T21:19:21.551-0400] {processor.py:179} INFO - Processing /home/mnguyen0226/anaconda3/envs/learning_scraper/lib/python3.11/site-packages/airflow/example_dags/example_latest_only.py took 0.110 seconds
[2023-08-20T21:20:13.603-0400] {processor.py:157} INFO - Started process (PID=88091) to work on /home/mnguyen0226/anaconda3/envs/learning_scraper/lib/python3.11/site-packages/airflow/example_dags/example_latest_only.py
[2023-08-20T21:20:13.604-0400] {processor.py:826} INFO - Processing file /home/mnguyen0226/anaconda3/envs/learning_scraper/lib/python3.11/site-packages/airflow/example_dags/example_latest_only.py for tasks to queue
[2023-08-20T21:20:13.606-0400] {logging_mixin.py:150} INFO - [2023-08-20T21:20:13.605-0400] {dagbag.py:541} INFO - Filling up the DagBag from /home/mnguyen0226/anaconda3/envs/learning_scraper/lib/python3.11/site-packages/airflow/example_dags/example_latest_only.py
[2023-08-20T21:20:13.615-0400] {processor.py:836} INFO - DAG(s) dict_keys(['latest_only']) retrieved from /home/mnguyen0226/anaconda3/envs/learning_scraper/lib/python3.11/site-packages/airflow/example_dags/example_latest_only.py
[2023-08-20T21:20:13.641-0400] {logging_mixin.py:150} INFO - [2023-08-20T21:20:13.640-0400] {dag.py:2742} INFO - Sync 1 DAGs
[2023-08-20T21:20:13.671-0400] {logging_mixin.py:150} INFO - [2023-08-20T21:20:13.671-0400] {dag.py:3504} INFO - Setting next_dagrun for latest_only to 2023-08-20T21:20:13.671245+00:00, run_after=2023-08-21T01:20:13.671245+00:00
[2023-08-20T21:20:13.701-0400] {processor.py:179} INFO - Processing /home/mnguyen0226/anaconda3/envs/learning_scraper/lib/python3.11/site-packages/airflow/example_dags/example_latest_only.py took 0.102 seconds
[2023-08-20T21:21:06.544-0400] {processor.py:157} INFO - Started process (PID=88306) to work on /home/mnguyen0226/anaconda3/envs/learning_scraper/lib/python3.11/site-packages/airflow/example_dags/example_latest_only.py
[2023-08-20T21:21:06.544-0400] {processor.py:826} INFO - Processing file /home/mnguyen0226/anaconda3/envs/learning_scraper/lib/python3.11/site-packages/airflow/example_dags/example_latest_only.py for tasks to queue
[2023-08-20T21:21:06.545-0400] {logging_mixin.py:150} INFO - [2023-08-20T21:21:06.545-0400] {dagbag.py:541} INFO - Filling up the DagBag from /home/mnguyen0226/anaconda3/envs/learning_scraper/lib/python3.11/site-packages/airflow/example_dags/example_latest_only.py
[2023-08-20T21:21:06.550-0400] {processor.py:836} INFO - DAG(s) dict_keys(['latest_only']) retrieved from /home/mnguyen0226/anaconda3/envs/learning_scraper/lib/python3.11/site-packages/airflow/example_dags/example_latest_only.py
[2023-08-20T21:21:06.563-0400] {logging_mixin.py:150} INFO - [2023-08-20T21:21:06.562-0400] {dag.py:2742} INFO - Sync 1 DAGs
[2023-08-20T21:21:06.579-0400] {logging_mixin.py:150} INFO - [2023-08-20T21:21:06.579-0400] {dag.py:3504} INFO - Setting next_dagrun for latest_only to 2023-08-20T21:21:06.579308+00:00, run_after=2023-08-21T01:21:06.579308+00:00
[2023-08-20T21:21:06.602-0400] {processor.py:179} INFO - Processing /home/mnguyen0226/anaconda3/envs/learning_scraper/lib/python3.11/site-packages/airflow/example_dags/example_latest_only.py took 0.061 seconds
