[2023-08-20T21:00:12.862-0400] {processor.py:157} INFO - Started process (PID=80333) to work on /home/mnguyen0226/anaconda3/envs/learning_scraper/lib/python3.11/site-packages/airflow/example_dags/tutorial_taskflow_api.py
[2023-08-20T21:00:12.863-0400] {processor.py:826} INFO - Processing file /home/mnguyen0226/anaconda3/envs/learning_scraper/lib/python3.11/site-packages/airflow/example_dags/tutorial_taskflow_api.py for tasks to queue
[2023-08-20T21:00:12.864-0400] {logging_mixin.py:150} INFO - [2023-08-20T21:00:12.863-0400] {dagbag.py:541} INFO - Filling up the DagBag from /home/mnguyen0226/anaconda3/envs/learning_scraper/lib/python3.11/site-packages/airflow/example_dags/tutorial_taskflow_api.py
[2023-08-20T21:00:12.870-0400] {processor.py:836} INFO - DAG(s) dict_keys(['tutorial_taskflow_api']) retrieved from /home/mnguyen0226/anaconda3/envs/learning_scraper/lib/python3.11/site-packages/airflow/example_dags/tutorial_taskflow_api.py
[2023-08-20T21:00:12.891-0400] {logging_mixin.py:150} INFO - [2023-08-20T21:00:12.890-0400] {dag.py:2742} INFO - Sync 1 DAGs
[2023-08-20T21:00:12.908-0400] {logging_mixin.py:150} INFO - [2023-08-20T21:00:12.908-0400] {dag.py:3504} INFO - Setting next_dagrun for tutorial_taskflow_api to None, run_after=None
[2023-08-20T21:00:12.933-0400] {processor.py:179} INFO - Processing /home/mnguyen0226/anaconda3/envs/learning_scraper/lib/python3.11/site-packages/airflow/example_dags/tutorial_taskflow_api.py took 0.073 seconds
[2023-08-20T21:01:02.314-0400] {processor.py:157} INFO - Started process (PID=80846) to work on /home/mnguyen0226/anaconda3/envs/learning_scraper/lib/python3.11/site-packages/airflow/example_dags/tutorial_taskflow_api.py
[2023-08-20T21:01:02.315-0400] {processor.py:826} INFO - Processing file /home/mnguyen0226/anaconda3/envs/learning_scraper/lib/python3.11/site-packages/airflow/example_dags/tutorial_taskflow_api.py for tasks to queue
[2023-08-20T21:01:02.316-0400] {logging_mixin.py:150} INFO - [2023-08-20T21:01:02.315-0400] {dagbag.py:541} INFO - Filling up the DagBag from /home/mnguyen0226/anaconda3/envs/learning_scraper/lib/python3.11/site-packages/airflow/example_dags/tutorial_taskflow_api.py
[2023-08-20T21:01:02.324-0400] {processor.py:836} INFO - DAG(s) dict_keys(['tutorial_taskflow_api']) retrieved from /home/mnguyen0226/anaconda3/envs/learning_scraper/lib/python3.11/site-packages/airflow/example_dags/tutorial_taskflow_api.py
[2023-08-20T21:01:02.344-0400] {logging_mixin.py:150} INFO - [2023-08-20T21:01:02.343-0400] {dag.py:2742} INFO - Sync 1 DAGs
[2023-08-20T21:01:02.366-0400] {logging_mixin.py:150} INFO - [2023-08-20T21:01:02.366-0400] {dag.py:3504} INFO - Setting next_dagrun for tutorial_taskflow_api to None, run_after=None
[2023-08-20T21:01:02.412-0400] {processor.py:179} INFO - Processing /home/mnguyen0226/anaconda3/envs/learning_scraper/lib/python3.11/site-packages/airflow/example_dags/tutorial_taskflow_api.py took 0.114 seconds
[2023-08-20T21:01:49.113-0400] {processor.py:157} INFO - Started process (PID=81056) to work on /home/mnguyen0226/anaconda3/envs/learning_scraper/lib/python3.11/site-packages/airflow/example_dags/tutorial_taskflow_api.py
[2023-08-20T21:01:49.113-0400] {processor.py:826} INFO - Processing file /home/mnguyen0226/anaconda3/envs/learning_scraper/lib/python3.11/site-packages/airflow/example_dags/tutorial_taskflow_api.py for tasks to queue
[2023-08-20T21:01:49.114-0400] {logging_mixin.py:150} INFO - [2023-08-20T21:01:49.114-0400] {dagbag.py:541} INFO - Filling up the DagBag from /home/mnguyen0226/anaconda3/envs/learning_scraper/lib/python3.11/site-packages/airflow/example_dags/tutorial_taskflow_api.py
[2023-08-20T21:01:49.120-0400] {processor.py:836} INFO - DAG(s) dict_keys(['tutorial_taskflow_api']) retrieved from /home/mnguyen0226/anaconda3/envs/learning_scraper/lib/python3.11/site-packages/airflow/example_dags/tutorial_taskflow_api.py
[2023-08-20T21:01:49.133-0400] {logging_mixin.py:150} INFO - [2023-08-20T21:01:49.133-0400] {dag.py:2742} INFO - Sync 1 DAGs
[2023-08-20T21:01:49.153-0400] {logging_mixin.py:150} INFO - [2023-08-20T21:01:49.153-0400] {dag.py:3504} INFO - Setting next_dagrun for tutorial_taskflow_api to None, run_after=None
[2023-08-20T21:01:49.177-0400] {processor.py:179} INFO - Processing /home/mnguyen0226/anaconda3/envs/learning_scraper/lib/python3.11/site-packages/airflow/example_dags/tutorial_taskflow_api.py took 0.067 seconds
[2023-08-20T21:03:12.281-0400] {processor.py:157} INFO - Started process (PID=81458) to work on /home/mnguyen0226/anaconda3/envs/learning_scraper/lib/python3.11/site-packages/airflow/example_dags/tutorial_taskflow_api.py
[2023-08-20T21:03:12.291-0400] {processor.py:826} INFO - Processing file /home/mnguyen0226/anaconda3/envs/learning_scraper/lib/python3.11/site-packages/airflow/example_dags/tutorial_taskflow_api.py for tasks to queue
[2023-08-20T21:03:12.292-0400] {logging_mixin.py:150} INFO - [2023-08-20T21:03:12.292-0400] {dagbag.py:541} INFO - Filling up the DagBag from /home/mnguyen0226/anaconda3/envs/learning_scraper/lib/python3.11/site-packages/airflow/example_dags/tutorial_taskflow_api.py
[2023-08-20T21:03:12.306-0400] {processor.py:836} INFO - DAG(s) dict_keys(['tutorial_taskflow_api']) retrieved from /home/mnguyen0226/anaconda3/envs/learning_scraper/lib/python3.11/site-packages/airflow/example_dags/tutorial_taskflow_api.py
[2023-08-20T21:03:12.337-0400] {logging_mixin.py:150} INFO - [2023-08-20T21:03:12.337-0400] {dag.py:2742} INFO - Sync 1 DAGs
[2023-08-20T21:03:12.352-0400] {logging_mixin.py:150} INFO - [2023-08-20T21:03:12.352-0400] {dag.py:3504} INFO - Setting next_dagrun for tutorial_taskflow_api to None, run_after=None
[2023-08-20T21:03:12.377-0400] {processor.py:179} INFO - Processing /home/mnguyen0226/anaconda3/envs/learning_scraper/lib/python3.11/site-packages/airflow/example_dags/tutorial_taskflow_api.py took 0.100 seconds
[2023-08-20T21:04:00.155-0400] {processor.py:157} INFO - Started process (PID=82805) to work on /home/mnguyen0226/anaconda3/envs/learning_scraper/lib/python3.11/site-packages/airflow/example_dags/tutorial_taskflow_api.py
[2023-08-20T21:04:00.158-0400] {processor.py:826} INFO - Processing file /home/mnguyen0226/anaconda3/envs/learning_scraper/lib/python3.11/site-packages/airflow/example_dags/tutorial_taskflow_api.py for tasks to queue
[2023-08-20T21:04:00.161-0400] {logging_mixin.py:150} INFO - [2023-08-20T21:04:00.160-0400] {dagbag.py:541} INFO - Filling up the DagBag from /home/mnguyen0226/anaconda3/envs/learning_scraper/lib/python3.11/site-packages/airflow/example_dags/tutorial_taskflow_api.py
[2023-08-20T21:04:00.182-0400] {processor.py:836} INFO - DAG(s) dict_keys(['tutorial_taskflow_api']) retrieved from /home/mnguyen0226/anaconda3/envs/learning_scraper/lib/python3.11/site-packages/airflow/example_dags/tutorial_taskflow_api.py
[2023-08-20T21:04:00.201-0400] {logging_mixin.py:150} INFO - [2023-08-20T21:04:00.200-0400] {dag.py:2742} INFO - Sync 1 DAGs
[2023-08-20T21:04:00.232-0400] {logging_mixin.py:150} INFO - [2023-08-20T21:04:00.232-0400] {dag.py:3504} INFO - Setting next_dagrun for tutorial_taskflow_api to None, run_after=None
[2023-08-20T21:04:00.289-0400] {processor.py:179} INFO - Processing /home/mnguyen0226/anaconda3/envs/learning_scraper/lib/python3.11/site-packages/airflow/example_dags/tutorial_taskflow_api.py took 0.137 seconds
[2023-08-20T21:04:48.149-0400] {processor.py:157} INFO - Started process (PID=83127) to work on /home/mnguyen0226/anaconda3/envs/learning_scraper/lib/python3.11/site-packages/airflow/example_dags/tutorial_taskflow_api.py
[2023-08-20T21:04:48.150-0400] {processor.py:826} INFO - Processing file /home/mnguyen0226/anaconda3/envs/learning_scraper/lib/python3.11/site-packages/airflow/example_dags/tutorial_taskflow_api.py for tasks to queue
[2023-08-20T21:04:48.151-0400] {logging_mixin.py:150} INFO - [2023-08-20T21:04:48.150-0400] {dagbag.py:541} INFO - Filling up the DagBag from /home/mnguyen0226/anaconda3/envs/learning_scraper/lib/python3.11/site-packages/airflow/example_dags/tutorial_taskflow_api.py
[2023-08-20T21:04:48.156-0400] {processor.py:836} INFO - DAG(s) dict_keys(['tutorial_taskflow_api']) retrieved from /home/mnguyen0226/anaconda3/envs/learning_scraper/lib/python3.11/site-packages/airflow/example_dags/tutorial_taskflow_api.py
[2023-08-20T21:04:48.171-0400] {logging_mixin.py:150} INFO - [2023-08-20T21:04:48.171-0400] {dag.py:2742} INFO - Sync 1 DAGs
[2023-08-20T21:04:48.196-0400] {logging_mixin.py:150} INFO - [2023-08-20T21:04:48.196-0400] {dag.py:3504} INFO - Setting next_dagrun for tutorial_taskflow_api to None, run_after=None
[2023-08-20T21:04:48.224-0400] {processor.py:179} INFO - Processing /home/mnguyen0226/anaconda3/envs/learning_scraper/lib/python3.11/site-packages/airflow/example_dags/tutorial_taskflow_api.py took 0.077 seconds
[2023-08-20T21:05:25.162-0400] {processor.py:157} INFO - Started process (PID=83351) to work on /home/mnguyen0226/anaconda3/envs/learning_scraper/lib/python3.11/site-packages/airflow/example_dags/tutorial_taskflow_api.py
[2023-08-20T21:05:25.163-0400] {processor.py:826} INFO - Processing file /home/mnguyen0226/anaconda3/envs/learning_scraper/lib/python3.11/site-packages/airflow/example_dags/tutorial_taskflow_api.py for tasks to queue
[2023-08-20T21:05:25.164-0400] {logging_mixin.py:150} INFO - [2023-08-20T21:05:25.163-0400] {dagbag.py:541} INFO - Filling up the DagBag from /home/mnguyen0226/anaconda3/envs/learning_scraper/lib/python3.11/site-packages/airflow/example_dags/tutorial_taskflow_api.py
[2023-08-20T21:05:25.171-0400] {processor.py:836} INFO - DAG(s) dict_keys(['tutorial_taskflow_api']) retrieved from /home/mnguyen0226/anaconda3/envs/learning_scraper/lib/python3.11/site-packages/airflow/example_dags/tutorial_taskflow_api.py
[2023-08-20T21:05:25.201-0400] {logging_mixin.py:150} INFO - [2023-08-20T21:05:25.201-0400] {dag.py:2742} INFO - Sync 1 DAGs
[2023-08-20T21:05:25.238-0400] {logging_mixin.py:150} INFO - [2023-08-20T21:05:25.238-0400] {dag.py:3504} INFO - Setting next_dagrun for tutorial_taskflow_api to None, run_after=None
[2023-08-20T21:05:25.279-0400] {processor.py:179} INFO - Processing /home/mnguyen0226/anaconda3/envs/learning_scraper/lib/python3.11/site-packages/airflow/example_dags/tutorial_taskflow_api.py took 0.121 seconds
[2023-08-20T21:06:07.071-0400] {processor.py:157} INFO - Started process (PID=83542) to work on /home/mnguyen0226/anaconda3/envs/learning_scraper/lib/python3.11/site-packages/airflow/example_dags/tutorial_taskflow_api.py
[2023-08-20T21:06:07.072-0400] {processor.py:826} INFO - Processing file /home/mnguyen0226/anaconda3/envs/learning_scraper/lib/python3.11/site-packages/airflow/example_dags/tutorial_taskflow_api.py for tasks to queue
[2023-08-20T21:06:07.073-0400] {logging_mixin.py:150} INFO - [2023-08-20T21:06:07.073-0400] {dagbag.py:541} INFO - Filling up the DagBag from /home/mnguyen0226/anaconda3/envs/learning_scraper/lib/python3.11/site-packages/airflow/example_dags/tutorial_taskflow_api.py
[2023-08-20T21:06:07.083-0400] {processor.py:836} INFO - DAG(s) dict_keys(['tutorial_taskflow_api']) retrieved from /home/mnguyen0226/anaconda3/envs/learning_scraper/lib/python3.11/site-packages/airflow/example_dags/tutorial_taskflow_api.py
[2023-08-20T21:06:07.110-0400] {logging_mixin.py:150} INFO - [2023-08-20T21:06:07.109-0400] {dag.py:2742} INFO - Sync 1 DAGs
[2023-08-20T21:06:07.138-0400] {logging_mixin.py:150} INFO - [2023-08-20T21:06:07.138-0400] {dag.py:3504} INFO - Setting next_dagrun for tutorial_taskflow_api to None, run_after=None
[2023-08-20T21:06:07.172-0400] {processor.py:179} INFO - Processing /home/mnguyen0226/anaconda3/envs/learning_scraper/lib/python3.11/site-packages/airflow/example_dags/tutorial_taskflow_api.py took 0.105 seconds
[2023-08-20T21:06:48.084-0400] {processor.py:157} INFO - Started process (PID=83726) to work on /home/mnguyen0226/anaconda3/envs/learning_scraper/lib/python3.11/site-packages/airflow/example_dags/tutorial_taskflow_api.py
[2023-08-20T21:06:48.085-0400] {processor.py:826} INFO - Processing file /home/mnguyen0226/anaconda3/envs/learning_scraper/lib/python3.11/site-packages/airflow/example_dags/tutorial_taskflow_api.py for tasks to queue
[2023-08-20T21:06:48.087-0400] {logging_mixin.py:150} INFO - [2023-08-20T21:06:48.086-0400] {dagbag.py:541} INFO - Filling up the DagBag from /home/mnguyen0226/anaconda3/envs/learning_scraper/lib/python3.11/site-packages/airflow/example_dags/tutorial_taskflow_api.py
[2023-08-20T21:06:48.097-0400] {processor.py:836} INFO - DAG(s) dict_keys(['tutorial_taskflow_api']) retrieved from /home/mnguyen0226/anaconda3/envs/learning_scraper/lib/python3.11/site-packages/airflow/example_dags/tutorial_taskflow_api.py
[2023-08-20T21:06:48.124-0400] {logging_mixin.py:150} INFO - [2023-08-20T21:06:48.124-0400] {dag.py:2742} INFO - Sync 1 DAGs
[2023-08-20T21:06:48.154-0400] {logging_mixin.py:150} INFO - [2023-08-20T21:06:48.154-0400] {dag.py:3504} INFO - Setting next_dagrun for tutorial_taskflow_api to None, run_after=None
[2023-08-20T21:06:48.278-0400] {processor.py:179} INFO - Processing /home/mnguyen0226/anaconda3/envs/learning_scraper/lib/python3.11/site-packages/airflow/example_dags/tutorial_taskflow_api.py took 0.200 seconds
[2023-08-20T21:07:31.507-0400] {processor.py:157} INFO - Started process (PID=83911) to work on /home/mnguyen0226/anaconda3/envs/learning_scraper/lib/python3.11/site-packages/airflow/example_dags/tutorial_taskflow_api.py
[2023-08-20T21:07:31.514-0400] {processor.py:826} INFO - Processing file /home/mnguyen0226/anaconda3/envs/learning_scraper/lib/python3.11/site-packages/airflow/example_dags/tutorial_taskflow_api.py for tasks to queue
[2023-08-20T21:07:31.516-0400] {logging_mixin.py:150} INFO - [2023-08-20T21:07:31.515-0400] {dagbag.py:541} INFO - Filling up the DagBag from /home/mnguyen0226/anaconda3/envs/learning_scraper/lib/python3.11/site-packages/airflow/example_dags/tutorial_taskflow_api.py
[2023-08-20T21:07:31.527-0400] {processor.py:836} INFO - DAG(s) dict_keys(['tutorial_taskflow_api']) retrieved from /home/mnguyen0226/anaconda3/envs/learning_scraper/lib/python3.11/site-packages/airflow/example_dags/tutorial_taskflow_api.py
[2023-08-20T21:07:31.653-0400] {logging_mixin.py:150} INFO - [2023-08-20T21:07:31.652-0400] {dag.py:2742} INFO - Sync 1 DAGs
[2023-08-20T21:07:31.665-0400] {logging_mixin.py:150} INFO - [2023-08-20T21:07:31.665-0400] {dag.py:3504} INFO - Setting next_dagrun for tutorial_taskflow_api to None, run_after=None
[2023-08-20T21:07:31.694-0400] {processor.py:179} INFO - Processing /home/mnguyen0226/anaconda3/envs/learning_scraper/lib/python3.11/site-packages/airflow/example_dags/tutorial_taskflow_api.py took 0.192 seconds
[2023-08-20T21:08:11.624-0400] {processor.py:157} INFO - Started process (PID=84081) to work on /home/mnguyen0226/anaconda3/envs/learning_scraper/lib/python3.11/site-packages/airflow/example_dags/tutorial_taskflow_api.py
[2023-08-20T21:08:11.625-0400] {processor.py:826} INFO - Processing file /home/mnguyen0226/anaconda3/envs/learning_scraper/lib/python3.11/site-packages/airflow/example_dags/tutorial_taskflow_api.py for tasks to queue
[2023-08-20T21:08:11.625-0400] {logging_mixin.py:150} INFO - [2023-08-20T21:08:11.625-0400] {dagbag.py:541} INFO - Filling up the DagBag from /home/mnguyen0226/anaconda3/envs/learning_scraper/lib/python3.11/site-packages/airflow/example_dags/tutorial_taskflow_api.py
[2023-08-20T21:08:11.631-0400] {processor.py:836} INFO - DAG(s) dict_keys(['tutorial_taskflow_api']) retrieved from /home/mnguyen0226/anaconda3/envs/learning_scraper/lib/python3.11/site-packages/airflow/example_dags/tutorial_taskflow_api.py
[2023-08-20T21:08:11.650-0400] {logging_mixin.py:150} INFO - [2023-08-20T21:08:11.650-0400] {dag.py:2742} INFO - Sync 1 DAGs
[2023-08-20T21:08:11.676-0400] {logging_mixin.py:150} INFO - [2023-08-20T21:08:11.675-0400] {dag.py:3504} INFO - Setting next_dagrun for tutorial_taskflow_api to None, run_after=None
[2023-08-20T21:08:11.699-0400] {processor.py:179} INFO - Processing /home/mnguyen0226/anaconda3/envs/learning_scraper/lib/python3.11/site-packages/airflow/example_dags/tutorial_taskflow_api.py took 0.077 seconds
[2023-08-20T21:08:46.313-0400] {processor.py:157} INFO - Started process (PID=84210) to work on /home/mnguyen0226/anaconda3/envs/learning_scraper/lib/python3.11/site-packages/airflow/example_dags/tutorial_taskflow_api.py
[2023-08-20T21:08:46.314-0400] {processor.py:826} INFO - Processing file /home/mnguyen0226/anaconda3/envs/learning_scraper/lib/python3.11/site-packages/airflow/example_dags/tutorial_taskflow_api.py for tasks to queue
[2023-08-20T21:08:46.315-0400] {logging_mixin.py:150} INFO - [2023-08-20T21:08:46.314-0400] {dagbag.py:541} INFO - Filling up the DagBag from /home/mnguyen0226/anaconda3/envs/learning_scraper/lib/python3.11/site-packages/airflow/example_dags/tutorial_taskflow_api.py
[2023-08-20T21:08:46.320-0400] {processor.py:836} INFO - DAG(s) dict_keys(['tutorial_taskflow_api']) retrieved from /home/mnguyen0226/anaconda3/envs/learning_scraper/lib/python3.11/site-packages/airflow/example_dags/tutorial_taskflow_api.py
[2023-08-20T21:08:46.338-0400] {logging_mixin.py:150} INFO - [2023-08-20T21:08:46.338-0400] {dag.py:2742} INFO - Sync 1 DAGs
[2023-08-20T21:08:46.357-0400] {logging_mixin.py:150} INFO - [2023-08-20T21:08:46.357-0400] {dag.py:3504} INFO - Setting next_dagrun for tutorial_taskflow_api to None, run_after=None
[2023-08-20T21:08:46.391-0400] {processor.py:179} INFO - Processing /home/mnguyen0226/anaconda3/envs/learning_scraper/lib/python3.11/site-packages/airflow/example_dags/tutorial_taskflow_api.py took 0.082 seconds
[2023-08-20T21:09:22.606-0400] {processor.py:157} INFO - Started process (PID=84371) to work on /home/mnguyen0226/anaconda3/envs/learning_scraper/lib/python3.11/site-packages/airflow/example_dags/tutorial_taskflow_api.py
[2023-08-20T21:09:22.607-0400] {processor.py:826} INFO - Processing file /home/mnguyen0226/anaconda3/envs/learning_scraper/lib/python3.11/site-packages/airflow/example_dags/tutorial_taskflow_api.py for tasks to queue
[2023-08-20T21:09:22.608-0400] {logging_mixin.py:150} INFO - [2023-08-20T21:09:22.607-0400] {dagbag.py:541} INFO - Filling up the DagBag from /home/mnguyen0226/anaconda3/envs/learning_scraper/lib/python3.11/site-packages/airflow/example_dags/tutorial_taskflow_api.py
[2023-08-20T21:09:22.618-0400] {processor.py:836} INFO - DAG(s) dict_keys(['tutorial_taskflow_api']) retrieved from /home/mnguyen0226/anaconda3/envs/learning_scraper/lib/python3.11/site-packages/airflow/example_dags/tutorial_taskflow_api.py
[2023-08-20T21:09:22.639-0400] {logging_mixin.py:150} INFO - [2023-08-20T21:09:22.639-0400] {dag.py:2742} INFO - Sync 1 DAGs
[2023-08-20T21:09:22.661-0400] {logging_mixin.py:150} INFO - [2023-08-20T21:09:22.661-0400] {dag.py:3504} INFO - Setting next_dagrun for tutorial_taskflow_api to None, run_after=None
[2023-08-20T21:09:22.684-0400] {processor.py:179} INFO - Processing /home/mnguyen0226/anaconda3/envs/learning_scraper/lib/python3.11/site-packages/airflow/example_dags/tutorial_taskflow_api.py took 0.083 seconds
[2023-08-20T21:09:59.020-0400] {processor.py:157} INFO - Started process (PID=84597) to work on /home/mnguyen0226/anaconda3/envs/learning_scraper/lib/python3.11/site-packages/airflow/example_dags/tutorial_taskflow_api.py
[2023-08-20T21:09:59.021-0400] {processor.py:826} INFO - Processing file /home/mnguyen0226/anaconda3/envs/learning_scraper/lib/python3.11/site-packages/airflow/example_dags/tutorial_taskflow_api.py for tasks to queue
[2023-08-20T21:09:59.022-0400] {logging_mixin.py:150} INFO - [2023-08-20T21:09:59.021-0400] {dagbag.py:541} INFO - Filling up the DagBag from /home/mnguyen0226/anaconda3/envs/learning_scraper/lib/python3.11/site-packages/airflow/example_dags/tutorial_taskflow_api.py
[2023-08-20T21:09:59.033-0400] {processor.py:836} INFO - DAG(s) dict_keys(['tutorial_taskflow_api']) retrieved from /home/mnguyen0226/anaconda3/envs/learning_scraper/lib/python3.11/site-packages/airflow/example_dags/tutorial_taskflow_api.py
[2023-08-20T21:09:59.059-0400] {logging_mixin.py:150} INFO - [2023-08-20T21:09:59.059-0400] {dag.py:2742} INFO - Sync 1 DAGs
[2023-08-20T21:09:59.093-0400] {logging_mixin.py:150} INFO - [2023-08-20T21:09:59.092-0400] {dag.py:3504} INFO - Setting next_dagrun for tutorial_taskflow_api to None, run_after=None
[2023-08-20T21:09:59.129-0400] {processor.py:179} INFO - Processing /home/mnguyen0226/anaconda3/envs/learning_scraper/lib/python3.11/site-packages/airflow/example_dags/tutorial_taskflow_api.py took 0.114 seconds
[2023-08-20T21:10:38.817-0400] {processor.py:157} INFO - Started process (PID=84751) to work on /home/mnguyen0226/anaconda3/envs/learning_scraper/lib/python3.11/site-packages/airflow/example_dags/tutorial_taskflow_api.py
[2023-08-20T21:10:38.819-0400] {processor.py:826} INFO - Processing file /home/mnguyen0226/anaconda3/envs/learning_scraper/lib/python3.11/site-packages/airflow/example_dags/tutorial_taskflow_api.py for tasks to queue
[2023-08-20T21:10:38.821-0400] {logging_mixin.py:150} INFO - [2023-08-20T21:10:38.820-0400] {dagbag.py:541} INFO - Filling up the DagBag from /home/mnguyen0226/anaconda3/envs/learning_scraper/lib/python3.11/site-packages/airflow/example_dags/tutorial_taskflow_api.py
[2023-08-20T21:10:38.831-0400] {processor.py:836} INFO - DAG(s) dict_keys(['tutorial_taskflow_api']) retrieved from /home/mnguyen0226/anaconda3/envs/learning_scraper/lib/python3.11/site-packages/airflow/example_dags/tutorial_taskflow_api.py
[2023-08-20T21:10:38.848-0400] {logging_mixin.py:150} INFO - [2023-08-20T21:10:38.848-0400] {dag.py:2742} INFO - Sync 1 DAGs
[2023-08-20T21:10:38.864-0400] {logging_mixin.py:150} INFO - [2023-08-20T21:10:38.864-0400] {dag.py:3504} INFO - Setting next_dagrun for tutorial_taskflow_api to None, run_after=None
[2023-08-20T21:10:38.889-0400] {processor.py:179} INFO - Processing /home/mnguyen0226/anaconda3/envs/learning_scraper/lib/python3.11/site-packages/airflow/example_dags/tutorial_taskflow_api.py took 0.076 seconds
[2023-08-20T21:11:16.272-0400] {processor.py:157} INFO - Started process (PID=84946) to work on /home/mnguyen0226/anaconda3/envs/learning_scraper/lib/python3.11/site-packages/airflow/example_dags/tutorial_taskflow_api.py
[2023-08-20T21:11:16.272-0400] {processor.py:826} INFO - Processing file /home/mnguyen0226/anaconda3/envs/learning_scraper/lib/python3.11/site-packages/airflow/example_dags/tutorial_taskflow_api.py for tasks to queue
[2023-08-20T21:11:16.273-0400] {logging_mixin.py:150} INFO - [2023-08-20T21:11:16.273-0400] {dagbag.py:541} INFO - Filling up the DagBag from /home/mnguyen0226/anaconda3/envs/learning_scraper/lib/python3.11/site-packages/airflow/example_dags/tutorial_taskflow_api.py
[2023-08-20T21:11:16.279-0400] {processor.py:836} INFO - DAG(s) dict_keys(['tutorial_taskflow_api']) retrieved from /home/mnguyen0226/anaconda3/envs/learning_scraper/lib/python3.11/site-packages/airflow/example_dags/tutorial_taskflow_api.py
[2023-08-20T21:11:16.295-0400] {logging_mixin.py:150} INFO - [2023-08-20T21:11:16.295-0400] {dag.py:2742} INFO - Sync 1 DAGs
[2023-08-20T21:11:16.312-0400] {logging_mixin.py:150} INFO - [2023-08-20T21:11:16.312-0400] {dag.py:3504} INFO - Setting next_dagrun for tutorial_taskflow_api to None, run_after=None
[2023-08-20T21:11:16.345-0400] {processor.py:179} INFO - Processing /home/mnguyen0226/anaconda3/envs/learning_scraper/lib/python3.11/site-packages/airflow/example_dags/tutorial_taskflow_api.py took 0.075 seconds
[2023-08-20T21:11:49.526-0400] {processor.py:157} INFO - Started process (PID=85098) to work on /home/mnguyen0226/anaconda3/envs/learning_scraper/lib/python3.11/site-packages/airflow/example_dags/tutorial_taskflow_api.py
[2023-08-20T21:11:49.527-0400] {processor.py:826} INFO - Processing file /home/mnguyen0226/anaconda3/envs/learning_scraper/lib/python3.11/site-packages/airflow/example_dags/tutorial_taskflow_api.py for tasks to queue
[2023-08-20T21:11:49.528-0400] {logging_mixin.py:150} INFO - [2023-08-20T21:11:49.527-0400] {dagbag.py:541} INFO - Filling up the DagBag from /home/mnguyen0226/anaconda3/envs/learning_scraper/lib/python3.11/site-packages/airflow/example_dags/tutorial_taskflow_api.py
[2023-08-20T21:11:49.534-0400] {processor.py:836} INFO - DAG(s) dict_keys(['tutorial_taskflow_api']) retrieved from /home/mnguyen0226/anaconda3/envs/learning_scraper/lib/python3.11/site-packages/airflow/example_dags/tutorial_taskflow_api.py
[2023-08-20T21:11:49.552-0400] {logging_mixin.py:150} INFO - [2023-08-20T21:11:49.551-0400] {dag.py:2742} INFO - Sync 1 DAGs
[2023-08-20T21:11:49.573-0400] {logging_mixin.py:150} INFO - [2023-08-20T21:11:49.573-0400] {dag.py:3504} INFO - Setting next_dagrun for tutorial_taskflow_api to None, run_after=None
[2023-08-20T21:11:49.611-0400] {processor.py:179} INFO - Processing /home/mnguyen0226/anaconda3/envs/learning_scraper/lib/python3.11/site-packages/airflow/example_dags/tutorial_taskflow_api.py took 0.088 seconds
[2023-08-20T21:12:24.558-0400] {processor.py:157} INFO - Started process (PID=85212) to work on /home/mnguyen0226/anaconda3/envs/learning_scraper/lib/python3.11/site-packages/airflow/example_dags/tutorial_taskflow_api.py
[2023-08-20T21:12:24.558-0400] {processor.py:826} INFO - Processing file /home/mnguyen0226/anaconda3/envs/learning_scraper/lib/python3.11/site-packages/airflow/example_dags/tutorial_taskflow_api.py for tasks to queue
[2023-08-20T21:12:24.559-0400] {logging_mixin.py:150} INFO - [2023-08-20T21:12:24.559-0400] {dagbag.py:541} INFO - Filling up the DagBag from /home/mnguyen0226/anaconda3/envs/learning_scraper/lib/python3.11/site-packages/airflow/example_dags/tutorial_taskflow_api.py
[2023-08-20T21:12:24.563-0400] {processor.py:836} INFO - DAG(s) dict_keys(['tutorial_taskflow_api']) retrieved from /home/mnguyen0226/anaconda3/envs/learning_scraper/lib/python3.11/site-packages/airflow/example_dags/tutorial_taskflow_api.py
[2023-08-20T21:12:24.576-0400] {logging_mixin.py:150} INFO - [2023-08-20T21:12:24.576-0400] {dag.py:2742} INFO - Sync 1 DAGs
[2023-08-20T21:12:24.590-0400] {logging_mixin.py:150} INFO - [2023-08-20T21:12:24.590-0400] {dag.py:3504} INFO - Setting next_dagrun for tutorial_taskflow_api to None, run_after=None
[2023-08-20T21:12:24.614-0400] {processor.py:179} INFO - Processing /home/mnguyen0226/anaconda3/envs/learning_scraper/lib/python3.11/site-packages/airflow/example_dags/tutorial_taskflow_api.py took 0.059 seconds
[2023-08-20T21:13:03.129-0400] {processor.py:157} INFO - Started process (PID=85734) to work on /home/mnguyen0226/anaconda3/envs/learning_scraper/lib/python3.11/site-packages/airflow/example_dags/tutorial_taskflow_api.py
[2023-08-20T21:13:03.130-0400] {processor.py:826} INFO - Processing file /home/mnguyen0226/anaconda3/envs/learning_scraper/lib/python3.11/site-packages/airflow/example_dags/tutorial_taskflow_api.py for tasks to queue
[2023-08-20T21:13:03.131-0400] {logging_mixin.py:150} INFO - [2023-08-20T21:13:03.130-0400] {dagbag.py:541} INFO - Filling up the DagBag from /home/mnguyen0226/anaconda3/envs/learning_scraper/lib/python3.11/site-packages/airflow/example_dags/tutorial_taskflow_api.py
[2023-08-20T21:13:03.139-0400] {processor.py:836} INFO - DAG(s) dict_keys(['tutorial_taskflow_api']) retrieved from /home/mnguyen0226/anaconda3/envs/learning_scraper/lib/python3.11/site-packages/airflow/example_dags/tutorial_taskflow_api.py
[2023-08-20T21:13:03.166-0400] {logging_mixin.py:150} INFO - [2023-08-20T21:13:03.166-0400] {dag.py:2742} INFO - Sync 1 DAGs
[2023-08-20T21:13:03.187-0400] {logging_mixin.py:150} INFO - [2023-08-20T21:13:03.187-0400] {dag.py:3504} INFO - Setting next_dagrun for tutorial_taskflow_api to None, run_after=None
[2023-08-20T21:13:03.210-0400] {processor.py:179} INFO - Processing /home/mnguyen0226/anaconda3/envs/learning_scraper/lib/python3.11/site-packages/airflow/example_dags/tutorial_taskflow_api.py took 0.085 seconds
[2023-08-20T21:13:40.398-0400] {processor.py:157} INFO - Started process (PID=85905) to work on /home/mnguyen0226/anaconda3/envs/learning_scraper/lib/python3.11/site-packages/airflow/example_dags/tutorial_taskflow_api.py
[2023-08-20T21:13:40.399-0400] {processor.py:826} INFO - Processing file /home/mnguyen0226/anaconda3/envs/learning_scraper/lib/python3.11/site-packages/airflow/example_dags/tutorial_taskflow_api.py for tasks to queue
[2023-08-20T21:13:40.399-0400] {logging_mixin.py:150} INFO - [2023-08-20T21:13:40.399-0400] {dagbag.py:541} INFO - Filling up the DagBag from /home/mnguyen0226/anaconda3/envs/learning_scraper/lib/python3.11/site-packages/airflow/example_dags/tutorial_taskflow_api.py
[2023-08-20T21:13:40.407-0400] {processor.py:836} INFO - DAG(s) dict_keys(['tutorial_taskflow_api']) retrieved from /home/mnguyen0226/anaconda3/envs/learning_scraper/lib/python3.11/site-packages/airflow/example_dags/tutorial_taskflow_api.py
[2023-08-20T21:13:40.421-0400] {logging_mixin.py:150} INFO - [2023-08-20T21:13:40.421-0400] {dag.py:2742} INFO - Sync 1 DAGs
[2023-08-20T21:13:40.445-0400] {logging_mixin.py:150} INFO - [2023-08-20T21:13:40.445-0400] {dag.py:3504} INFO - Setting next_dagrun for tutorial_taskflow_api to None, run_after=None
[2023-08-20T21:13:40.479-0400] {processor.py:179} INFO - Processing /home/mnguyen0226/anaconda3/envs/learning_scraper/lib/python3.11/site-packages/airflow/example_dags/tutorial_taskflow_api.py took 0.084 seconds
[2023-08-20T21:14:19.946-0400] {processor.py:157} INFO - Started process (PID=86135) to work on /home/mnguyen0226/anaconda3/envs/learning_scraper/lib/python3.11/site-packages/airflow/example_dags/tutorial_taskflow_api.py
[2023-08-20T21:14:19.947-0400] {processor.py:826} INFO - Processing file /home/mnguyen0226/anaconda3/envs/learning_scraper/lib/python3.11/site-packages/airflow/example_dags/tutorial_taskflow_api.py for tasks to queue
[2023-08-20T21:14:19.949-0400] {logging_mixin.py:150} INFO - [2023-08-20T21:14:19.948-0400] {dagbag.py:541} INFO - Filling up the DagBag from /home/mnguyen0226/anaconda3/envs/learning_scraper/lib/python3.11/site-packages/airflow/example_dags/tutorial_taskflow_api.py
[2023-08-20T21:14:19.959-0400] {processor.py:836} INFO - DAG(s) dict_keys(['tutorial_taskflow_api']) retrieved from /home/mnguyen0226/anaconda3/envs/learning_scraper/lib/python3.11/site-packages/airflow/example_dags/tutorial_taskflow_api.py
[2023-08-20T21:14:19.986-0400] {logging_mixin.py:150} INFO - [2023-08-20T21:14:19.986-0400] {dag.py:2742} INFO - Sync 1 DAGs
[2023-08-20T21:14:20.017-0400] {logging_mixin.py:150} INFO - [2023-08-20T21:14:20.017-0400] {dag.py:3504} INFO - Setting next_dagrun for tutorial_taskflow_api to None, run_after=None
[2023-08-20T21:14:20.047-0400] {processor.py:179} INFO - Processing /home/mnguyen0226/anaconda3/envs/learning_scraper/lib/python3.11/site-packages/airflow/example_dags/tutorial_taskflow_api.py took 0.105 seconds
[2023-08-20T21:14:59.742-0400] {processor.py:157} INFO - Started process (PID=86311) to work on /home/mnguyen0226/anaconda3/envs/learning_scraper/lib/python3.11/site-packages/airflow/example_dags/tutorial_taskflow_api.py
[2023-08-20T21:14:59.751-0400] {processor.py:826} INFO - Processing file /home/mnguyen0226/anaconda3/envs/learning_scraper/lib/python3.11/site-packages/airflow/example_dags/tutorial_taskflow_api.py for tasks to queue
[2023-08-20T21:14:59.752-0400] {logging_mixin.py:150} INFO - [2023-08-20T21:14:59.751-0400] {dagbag.py:541} INFO - Filling up the DagBag from /home/mnguyen0226/anaconda3/envs/learning_scraper/lib/python3.11/site-packages/airflow/example_dags/tutorial_taskflow_api.py
[2023-08-20T21:14:59.758-0400] {processor.py:836} INFO - DAG(s) dict_keys(['tutorial_taskflow_api']) retrieved from /home/mnguyen0226/anaconda3/envs/learning_scraper/lib/python3.11/site-packages/airflow/example_dags/tutorial_taskflow_api.py
[2023-08-20T21:14:59.771-0400] {logging_mixin.py:150} INFO - [2023-08-20T21:14:59.771-0400] {dag.py:2742} INFO - Sync 1 DAGs
[2023-08-20T21:14:59.791-0400] {logging_mixin.py:150} INFO - [2023-08-20T21:14:59.791-0400] {dag.py:3504} INFO - Setting next_dagrun for tutorial_taskflow_api to None, run_after=None
[2023-08-20T21:14:59.816-0400] {processor.py:179} INFO - Processing /home/mnguyen0226/anaconda3/envs/learning_scraper/lib/python3.11/site-packages/airflow/example_dags/tutorial_taskflow_api.py took 0.077 seconds
[2023-08-20T21:15:33.166-0400] {processor.py:157} INFO - Started process (PID=86382) to work on /home/mnguyen0226/anaconda3/envs/learning_scraper/lib/python3.11/site-packages/airflow/example_dags/tutorial_taskflow_api.py
[2023-08-20T21:15:33.167-0400] {processor.py:826} INFO - Processing file /home/mnguyen0226/anaconda3/envs/learning_scraper/lib/python3.11/site-packages/airflow/example_dags/tutorial_taskflow_api.py for tasks to queue
[2023-08-20T21:15:33.168-0400] {logging_mixin.py:150} INFO - [2023-08-20T21:15:33.168-0400] {dagbag.py:541} INFO - Filling up the DagBag from /home/mnguyen0226/anaconda3/envs/learning_scraper/lib/python3.11/site-packages/airflow/example_dags/tutorial_taskflow_api.py
[2023-08-20T21:15:33.173-0400] {processor.py:836} INFO - DAG(s) dict_keys(['tutorial_taskflow_api']) retrieved from /home/mnguyen0226/anaconda3/envs/learning_scraper/lib/python3.11/site-packages/airflow/example_dags/tutorial_taskflow_api.py
[2023-08-20T21:15:33.186-0400] {logging_mixin.py:150} INFO - [2023-08-20T21:15:33.186-0400] {dag.py:2742} INFO - Sync 1 DAGs
[2023-08-20T21:15:33.200-0400] {logging_mixin.py:150} INFO - [2023-08-20T21:15:33.200-0400] {dag.py:3504} INFO - Setting next_dagrun for tutorial_taskflow_api to None, run_after=None
[2023-08-20T21:15:33.222-0400] {processor.py:179} INFO - Processing /home/mnguyen0226/anaconda3/envs/learning_scraper/lib/python3.11/site-packages/airflow/example_dags/tutorial_taskflow_api.py took 0.059 seconds
[2023-08-20T21:16:08.618-0400] {processor.py:157} INFO - Started process (PID=86509) to work on /home/mnguyen0226/anaconda3/envs/learning_scraper/lib/python3.11/site-packages/airflow/example_dags/tutorial_taskflow_api.py
[2023-08-20T21:16:08.619-0400] {processor.py:826} INFO - Processing file /home/mnguyen0226/anaconda3/envs/learning_scraper/lib/python3.11/site-packages/airflow/example_dags/tutorial_taskflow_api.py for tasks to queue
[2023-08-20T21:16:08.621-0400] {logging_mixin.py:150} INFO - [2023-08-20T21:16:08.620-0400] {dagbag.py:541} INFO - Filling up the DagBag from /home/mnguyen0226/anaconda3/envs/learning_scraper/lib/python3.11/site-packages/airflow/example_dags/tutorial_taskflow_api.py
[2023-08-20T21:16:08.631-0400] {processor.py:836} INFO - DAG(s) dict_keys(['tutorial_taskflow_api']) retrieved from /home/mnguyen0226/anaconda3/envs/learning_scraper/lib/python3.11/site-packages/airflow/example_dags/tutorial_taskflow_api.py
[2023-08-20T21:16:08.657-0400] {logging_mixin.py:150} INFO - [2023-08-20T21:16:08.656-0400] {dag.py:2742} INFO - Sync 1 DAGs
[2023-08-20T21:16:08.674-0400] {logging_mixin.py:150} INFO - [2023-08-20T21:16:08.674-0400] {dag.py:3504} INFO - Setting next_dagrun for tutorial_taskflow_api to None, run_after=None
[2023-08-20T21:16:08.697-0400] {processor.py:179} INFO - Processing /home/mnguyen0226/anaconda3/envs/learning_scraper/lib/python3.11/site-packages/airflow/example_dags/tutorial_taskflow_api.py took 0.083 seconds
[2023-08-20T21:16:44.910-0400] {processor.py:157} INFO - Started process (PID=86813) to work on /home/mnguyen0226/anaconda3/envs/learning_scraper/lib/python3.11/site-packages/airflow/example_dags/tutorial_taskflow_api.py
[2023-08-20T21:16:44.912-0400] {processor.py:826} INFO - Processing file /home/mnguyen0226/anaconda3/envs/learning_scraper/lib/python3.11/site-packages/airflow/example_dags/tutorial_taskflow_api.py for tasks to queue
[2023-08-20T21:16:44.913-0400] {logging_mixin.py:150} INFO - [2023-08-20T21:16:44.912-0400] {dagbag.py:541} INFO - Filling up the DagBag from /home/mnguyen0226/anaconda3/envs/learning_scraper/lib/python3.11/site-packages/airflow/example_dags/tutorial_taskflow_api.py
[2023-08-20T21:16:44.921-0400] {processor.py:836} INFO - DAG(s) dict_keys(['tutorial_taskflow_api']) retrieved from /home/mnguyen0226/anaconda3/envs/learning_scraper/lib/python3.11/site-packages/airflow/example_dags/tutorial_taskflow_api.py
[2023-08-20T21:16:44.940-0400] {logging_mixin.py:150} INFO - [2023-08-20T21:16:44.940-0400] {dag.py:2742} INFO - Sync 1 DAGs
[2023-08-20T21:16:44.994-0400] {logging_mixin.py:150} INFO - [2023-08-20T21:16:44.993-0400] {dag.py:3504} INFO - Setting next_dagrun for tutorial_taskflow_api to None, run_after=None
[2023-08-20T21:16:45.029-0400] {processor.py:179} INFO - Processing /home/mnguyen0226/anaconda3/envs/learning_scraper/lib/python3.11/site-packages/airflow/example_dags/tutorial_taskflow_api.py took 0.123 seconds
[2023-08-20T21:17:22.082-0400] {processor.py:157} INFO - Started process (PID=87017) to work on /home/mnguyen0226/anaconda3/envs/learning_scraper/lib/python3.11/site-packages/airflow/example_dags/tutorial_taskflow_api.py
[2023-08-20T21:17:22.084-0400] {processor.py:826} INFO - Processing file /home/mnguyen0226/anaconda3/envs/learning_scraper/lib/python3.11/site-packages/airflow/example_dags/tutorial_taskflow_api.py for tasks to queue
[2023-08-20T21:17:22.085-0400] {logging_mixin.py:150} INFO - [2023-08-20T21:17:22.084-0400] {dagbag.py:541} INFO - Filling up the DagBag from /home/mnguyen0226/anaconda3/envs/learning_scraper/lib/python3.11/site-packages/airflow/example_dags/tutorial_taskflow_api.py
[2023-08-20T21:17:22.094-0400] {processor.py:836} INFO - DAG(s) dict_keys(['tutorial_taskflow_api']) retrieved from /home/mnguyen0226/anaconda3/envs/learning_scraper/lib/python3.11/site-packages/airflow/example_dags/tutorial_taskflow_api.py
[2023-08-20T21:17:22.119-0400] {logging_mixin.py:150} INFO - [2023-08-20T21:17:22.119-0400] {dag.py:2742} INFO - Sync 1 DAGs
[2023-08-20T21:17:22.149-0400] {logging_mixin.py:150} INFO - [2023-08-20T21:17:22.149-0400] {dag.py:3504} INFO - Setting next_dagrun for tutorial_taskflow_api to None, run_after=None
[2023-08-20T21:17:22.180-0400] {processor.py:179} INFO - Processing /home/mnguyen0226/anaconda3/envs/learning_scraper/lib/python3.11/site-packages/airflow/example_dags/tutorial_taskflow_api.py took 0.101 seconds
[2023-08-20T21:17:57.304-0400] {processor.py:157} INFO - Started process (PID=87220) to work on /home/mnguyen0226/anaconda3/envs/learning_scraper/lib/python3.11/site-packages/airflow/example_dags/tutorial_taskflow_api.py
[2023-08-20T21:17:57.305-0400] {processor.py:826} INFO - Processing file /home/mnguyen0226/anaconda3/envs/learning_scraper/lib/python3.11/site-packages/airflow/example_dags/tutorial_taskflow_api.py for tasks to queue
[2023-08-20T21:17:57.306-0400] {logging_mixin.py:150} INFO - [2023-08-20T21:17:57.306-0400] {dagbag.py:541} INFO - Filling up the DagBag from /home/mnguyen0226/anaconda3/envs/learning_scraper/lib/python3.11/site-packages/airflow/example_dags/tutorial_taskflow_api.py
[2023-08-20T21:17:57.315-0400] {processor.py:836} INFO - DAG(s) dict_keys(['tutorial_taskflow_api']) retrieved from /home/mnguyen0226/anaconda3/envs/learning_scraper/lib/python3.11/site-packages/airflow/example_dags/tutorial_taskflow_api.py
[2023-08-20T21:17:57.341-0400] {logging_mixin.py:150} INFO - [2023-08-20T21:17:57.340-0400] {dag.py:2742} INFO - Sync 1 DAGs
[2023-08-20T21:17:57.371-0400] {logging_mixin.py:150} INFO - [2023-08-20T21:17:57.370-0400] {dag.py:3504} INFO - Setting next_dagrun for tutorial_taskflow_api to None, run_after=None
[2023-08-20T21:17:57.405-0400] {processor.py:179} INFO - Processing /home/mnguyen0226/anaconda3/envs/learning_scraper/lib/python3.11/site-packages/airflow/example_dags/tutorial_taskflow_api.py took 0.104 seconds
[2023-08-20T21:18:34.622-0400] {processor.py:157} INFO - Started process (PID=87383) to work on /home/mnguyen0226/anaconda3/envs/learning_scraper/lib/python3.11/site-packages/airflow/example_dags/tutorial_taskflow_api.py
[2023-08-20T21:18:34.631-0400] {processor.py:826} INFO - Processing file /home/mnguyen0226/anaconda3/envs/learning_scraper/lib/python3.11/site-packages/airflow/example_dags/tutorial_taskflow_api.py for tasks to queue
[2023-08-20T21:18:34.632-0400] {logging_mixin.py:150} INFO - [2023-08-20T21:18:34.632-0400] {dagbag.py:541} INFO - Filling up the DagBag from /home/mnguyen0226/anaconda3/envs/learning_scraper/lib/python3.11/site-packages/airflow/example_dags/tutorial_taskflow_api.py
[2023-08-20T21:18:34.642-0400] {processor.py:836} INFO - DAG(s) dict_keys(['tutorial_taskflow_api']) retrieved from /home/mnguyen0226/anaconda3/envs/learning_scraper/lib/python3.11/site-packages/airflow/example_dags/tutorial_taskflow_api.py
[2023-08-20T21:18:34.667-0400] {logging_mixin.py:150} INFO - [2023-08-20T21:18:34.667-0400] {dag.py:2742} INFO - Sync 1 DAGs
[2023-08-20T21:18:34.690-0400] {logging_mixin.py:150} INFO - [2023-08-20T21:18:34.690-0400] {dag.py:3504} INFO - Setting next_dagrun for tutorial_taskflow_api to None, run_after=None
[2023-08-20T21:18:34.712-0400] {processor.py:179} INFO - Processing /home/mnguyen0226/anaconda3/envs/learning_scraper/lib/python3.11/site-packages/airflow/example_dags/tutorial_taskflow_api.py took 0.094 seconds
[2023-08-20T21:19:12.205-0400] {processor.py:157} INFO - Started process (PID=87611) to work on /home/mnguyen0226/anaconda3/envs/learning_scraper/lib/python3.11/site-packages/airflow/example_dags/tutorial_taskflow_api.py
[2023-08-20T21:19:12.215-0400] {processor.py:826} INFO - Processing file /home/mnguyen0226/anaconda3/envs/learning_scraper/lib/python3.11/site-packages/airflow/example_dags/tutorial_taskflow_api.py for tasks to queue
[2023-08-20T21:19:12.216-0400] {logging_mixin.py:150} INFO - [2023-08-20T21:19:12.215-0400] {dagbag.py:541} INFO - Filling up the DagBag from /home/mnguyen0226/anaconda3/envs/learning_scraper/lib/python3.11/site-packages/airflow/example_dags/tutorial_taskflow_api.py
[2023-08-20T21:19:12.225-0400] {processor.py:836} INFO - DAG(s) dict_keys(['tutorial_taskflow_api']) retrieved from /home/mnguyen0226/anaconda3/envs/learning_scraper/lib/python3.11/site-packages/airflow/example_dags/tutorial_taskflow_api.py
[2023-08-20T21:19:12.249-0400] {logging_mixin.py:150} INFO - [2023-08-20T21:19:12.249-0400] {dag.py:2742} INFO - Sync 1 DAGs
[2023-08-20T21:19:12.272-0400] {logging_mixin.py:150} INFO - [2023-08-20T21:19:12.272-0400] {dag.py:3504} INFO - Setting next_dagrun for tutorial_taskflow_api to None, run_after=None
[2023-08-20T21:19:12.294-0400] {processor.py:179} INFO - Processing /home/mnguyen0226/anaconda3/envs/learning_scraper/lib/python3.11/site-packages/airflow/example_dags/tutorial_taskflow_api.py took 0.094 seconds
[2023-08-20T21:19:47.295-0400] {processor.py:157} INFO - Started process (PID=87907) to work on /home/mnguyen0226/anaconda3/envs/learning_scraper/lib/python3.11/site-packages/airflow/example_dags/tutorial_taskflow_api.py
[2023-08-20T21:19:47.296-0400] {processor.py:826} INFO - Processing file /home/mnguyen0226/anaconda3/envs/learning_scraper/lib/python3.11/site-packages/airflow/example_dags/tutorial_taskflow_api.py for tasks to queue
[2023-08-20T21:19:47.298-0400] {logging_mixin.py:150} INFO - [2023-08-20T21:19:47.297-0400] {dagbag.py:541} INFO - Filling up the DagBag from /home/mnguyen0226/anaconda3/envs/learning_scraper/lib/python3.11/site-packages/airflow/example_dags/tutorial_taskflow_api.py
[2023-08-20T21:19:47.308-0400] {processor.py:836} INFO - DAG(s) dict_keys(['tutorial_taskflow_api']) retrieved from /home/mnguyen0226/anaconda3/envs/learning_scraper/lib/python3.11/site-packages/airflow/example_dags/tutorial_taskflow_api.py
[2023-08-20T21:19:47.333-0400] {logging_mixin.py:150} INFO - [2023-08-20T21:19:47.333-0400] {dag.py:2742} INFO - Sync 1 DAGs
[2023-08-20T21:19:47.353-0400] {logging_mixin.py:150} INFO - [2023-08-20T21:19:47.353-0400] {dag.py:3504} INFO - Setting next_dagrun for tutorial_taskflow_api to None, run_after=None
[2023-08-20T21:19:47.380-0400] {processor.py:179} INFO - Processing /home/mnguyen0226/anaconda3/envs/learning_scraper/lib/python3.11/site-packages/airflow/example_dags/tutorial_taskflow_api.py took 0.089 seconds
[2023-08-20T21:20:22.273-0400] {processor.py:157} INFO - Started process (PID=88138) to work on /home/mnguyen0226/anaconda3/envs/learning_scraper/lib/python3.11/site-packages/airflow/example_dags/tutorial_taskflow_api.py
[2023-08-20T21:20:22.274-0400] {processor.py:826} INFO - Processing file /home/mnguyen0226/anaconda3/envs/learning_scraper/lib/python3.11/site-packages/airflow/example_dags/tutorial_taskflow_api.py for tasks to queue
[2023-08-20T21:20:22.274-0400] {logging_mixin.py:150} INFO - [2023-08-20T21:20:22.274-0400] {dagbag.py:541} INFO - Filling up the DagBag from /home/mnguyen0226/anaconda3/envs/learning_scraper/lib/python3.11/site-packages/airflow/example_dags/tutorial_taskflow_api.py
[2023-08-20T21:20:22.281-0400] {processor.py:836} INFO - DAG(s) dict_keys(['tutorial_taskflow_api']) retrieved from /home/mnguyen0226/anaconda3/envs/learning_scraper/lib/python3.11/site-packages/airflow/example_dags/tutorial_taskflow_api.py
[2023-08-20T21:20:22.298-0400] {logging_mixin.py:150} INFO - [2023-08-20T21:20:22.298-0400] {dag.py:2742} INFO - Sync 1 DAGs
[2023-08-20T21:20:22.316-0400] {logging_mixin.py:150} INFO - [2023-08-20T21:20:22.316-0400] {dag.py:3504} INFO - Setting next_dagrun for tutorial_taskflow_api to None, run_after=None
[2023-08-20T21:20:22.341-0400] {processor.py:179} INFO - Processing /home/mnguyen0226/anaconda3/envs/learning_scraper/lib/python3.11/site-packages/airflow/example_dags/tutorial_taskflow_api.py took 0.071 seconds
[2023-08-20T21:20:57.598-0400] {processor.py:157} INFO - Started process (PID=88268) to work on /home/mnguyen0226/anaconda3/envs/learning_scraper/lib/python3.11/site-packages/airflow/example_dags/tutorial_taskflow_api.py
[2023-08-20T21:20:57.599-0400] {processor.py:826} INFO - Processing file /home/mnguyen0226/anaconda3/envs/learning_scraper/lib/python3.11/site-packages/airflow/example_dags/tutorial_taskflow_api.py for tasks to queue
[2023-08-20T21:20:57.600-0400] {logging_mixin.py:150} INFO - [2023-08-20T21:20:57.599-0400] {dagbag.py:541} INFO - Filling up the DagBag from /home/mnguyen0226/anaconda3/envs/learning_scraper/lib/python3.11/site-packages/airflow/example_dags/tutorial_taskflow_api.py
[2023-08-20T21:20:57.606-0400] {processor.py:836} INFO - DAG(s) dict_keys(['tutorial_taskflow_api']) retrieved from /home/mnguyen0226/anaconda3/envs/learning_scraper/lib/python3.11/site-packages/airflow/example_dags/tutorial_taskflow_api.py
[2023-08-20T21:20:57.619-0400] {logging_mixin.py:150} INFO - [2023-08-20T21:20:57.619-0400] {dag.py:2742} INFO - Sync 1 DAGs
[2023-08-20T21:20:57.633-0400] {logging_mixin.py:150} INFO - [2023-08-20T21:20:57.633-0400] {dag.py:3504} INFO - Setting next_dagrun for tutorial_taskflow_api to None, run_after=None
[2023-08-20T21:20:57.663-0400] {processor.py:179} INFO - Processing /home/mnguyen0226/anaconda3/envs/learning_scraper/lib/python3.11/site-packages/airflow/example_dags/tutorial_taskflow_api.py took 0.068 seconds
