[2023-08-20T21:00:09.188-0400] {processor.py:157} INFO - Started process (PID=80299) to work on /home/mnguyen0226/anaconda3/envs/learning_scraper/lib/python3.11/site-packages/airflow/example_dags/tutorial_dag.py
[2023-08-20T21:00:09.189-0400] {processor.py:826} INFO - Processing file /home/mnguyen0226/anaconda3/envs/learning_scraper/lib/python3.11/site-packages/airflow/example_dags/tutorial_dag.py for tasks to queue
[2023-08-20T21:00:09.190-0400] {logging_mixin.py:150} INFO - [2023-08-20T21:00:09.189-0400] {dagbag.py:541} INFO - Filling up the DagBag from /home/mnguyen0226/anaconda3/envs/learning_scraper/lib/python3.11/site-packages/airflow/example_dags/tutorial_dag.py
[2023-08-20T21:00:09.203-0400] {processor.py:836} INFO - DAG(s) dict_keys(['tutorial_dag']) retrieved from /home/mnguyen0226/anaconda3/envs/learning_scraper/lib/python3.11/site-packages/airflow/example_dags/tutorial_dag.py
[2023-08-20T21:00:09.221-0400] {logging_mixin.py:150} INFO - [2023-08-20T21:00:09.220-0400] {dag.py:2742} INFO - Sync 1 DAGs
[2023-08-20T21:00:09.234-0400] {logging_mixin.py:150} INFO - [2023-08-20T21:00:09.234-0400] {dag.py:3504} INFO - Setting next_dagrun for tutorial_dag to None, run_after=None
[2023-08-20T21:00:09.268-0400] {processor.py:179} INFO - Processing /home/mnguyen0226/anaconda3/envs/learning_scraper/lib/python3.11/site-packages/airflow/example_dags/tutorial_dag.py took 0.084 seconds
[2023-08-20T21:00:58.449-0400] {processor.py:157} INFO - Started process (PID=80830) to work on /home/mnguyen0226/anaconda3/envs/learning_scraper/lib/python3.11/site-packages/airflow/example_dags/tutorial_dag.py
[2023-08-20T21:00:58.450-0400] {processor.py:826} INFO - Processing file /home/mnguyen0226/anaconda3/envs/learning_scraper/lib/python3.11/site-packages/airflow/example_dags/tutorial_dag.py for tasks to queue
[2023-08-20T21:00:58.451-0400] {logging_mixin.py:150} INFO - [2023-08-20T21:00:58.450-0400] {dagbag.py:541} INFO - Filling up the DagBag from /home/mnguyen0226/anaconda3/envs/learning_scraper/lib/python3.11/site-packages/airflow/example_dags/tutorial_dag.py
[2023-08-20T21:00:58.456-0400] {processor.py:836} INFO - DAG(s) dict_keys(['tutorial_dag']) retrieved from /home/mnguyen0226/anaconda3/envs/learning_scraper/lib/python3.11/site-packages/airflow/example_dags/tutorial_dag.py
[2023-08-20T21:00:58.484-0400] {logging_mixin.py:150} INFO - [2023-08-20T21:00:58.483-0400] {dag.py:2742} INFO - Sync 1 DAGs
[2023-08-20T21:00:58.507-0400] {logging_mixin.py:150} INFO - [2023-08-20T21:00:58.507-0400] {dag.py:3504} INFO - Setting next_dagrun for tutorial_dag to None, run_after=None
[2023-08-20T21:00:58.543-0400] {processor.py:179} INFO - Processing /home/mnguyen0226/anaconda3/envs/learning_scraper/lib/python3.11/site-packages/airflow/example_dags/tutorial_dag.py took 0.096 seconds
[2023-08-20T21:01:33.192-0400] {processor.py:157} INFO - Started process (PID=80956) to work on /home/mnguyen0226/anaconda3/envs/learning_scraper/lib/python3.11/site-packages/airflow/example_dags/tutorial_dag.py
[2023-08-20T21:01:33.194-0400] {processor.py:826} INFO - Processing file /home/mnguyen0226/anaconda3/envs/learning_scraper/lib/python3.11/site-packages/airflow/example_dags/tutorial_dag.py for tasks to queue
[2023-08-20T21:01:33.195-0400] {logging_mixin.py:150} INFO - [2023-08-20T21:01:33.194-0400] {dagbag.py:541} INFO - Filling up the DagBag from /home/mnguyen0226/anaconda3/envs/learning_scraper/lib/python3.11/site-packages/airflow/example_dags/tutorial_dag.py
[2023-08-20T21:01:33.203-0400] {processor.py:836} INFO - DAG(s) dict_keys(['tutorial_dag']) retrieved from /home/mnguyen0226/anaconda3/envs/learning_scraper/lib/python3.11/site-packages/airflow/example_dags/tutorial_dag.py
[2023-08-20T21:01:33.234-0400] {logging_mixin.py:150} INFO - [2023-08-20T21:01:33.233-0400] {dag.py:2742} INFO - Sync 1 DAGs
[2023-08-20T21:01:33.265-0400] {logging_mixin.py:150} INFO - [2023-08-20T21:01:33.264-0400] {dag.py:3504} INFO - Setting next_dagrun for tutorial_dag to None, run_after=None
[2023-08-20T21:01:33.292-0400] {processor.py:179} INFO - Processing /home/mnguyen0226/anaconda3/envs/learning_scraper/lib/python3.11/site-packages/airflow/example_dags/tutorial_dag.py took 0.103 seconds
[2023-08-20T21:02:07.248-0400] {processor.py:157} INFO - Started process (PID=81198) to work on /home/mnguyen0226/anaconda3/envs/learning_scraper/lib/python3.11/site-packages/airflow/example_dags/tutorial_dag.py
[2023-08-20T21:02:07.249-0400] {processor.py:826} INFO - Processing file /home/mnguyen0226/anaconda3/envs/learning_scraper/lib/python3.11/site-packages/airflow/example_dags/tutorial_dag.py for tasks to queue
[2023-08-20T21:02:07.250-0400] {logging_mixin.py:150} INFO - [2023-08-20T21:02:07.249-0400] {dagbag.py:541} INFO - Filling up the DagBag from /home/mnguyen0226/anaconda3/envs/learning_scraper/lib/python3.11/site-packages/airflow/example_dags/tutorial_dag.py
[2023-08-20T21:02:07.256-0400] {processor.py:836} INFO - DAG(s) dict_keys(['tutorial_dag']) retrieved from /home/mnguyen0226/anaconda3/envs/learning_scraper/lib/python3.11/site-packages/airflow/example_dags/tutorial_dag.py
[2023-08-20T21:02:07.281-0400] {logging_mixin.py:150} INFO - [2023-08-20T21:02:07.281-0400] {dag.py:2742} INFO - Sync 1 DAGs
[2023-08-20T21:02:07.307-0400] {logging_mixin.py:150} INFO - [2023-08-20T21:02:07.307-0400] {dag.py:3504} INFO - Setting next_dagrun for tutorial_dag to None, run_after=None
[2023-08-20T21:02:07.335-0400] {processor.py:179} INFO - Processing /home/mnguyen0226/anaconda3/envs/learning_scraper/lib/python3.11/site-packages/airflow/example_dags/tutorial_dag.py took 0.090 seconds
[2023-08-20T21:03:08.523-0400] {processor.py:157} INFO - Started process (PID=81337) to work on /home/mnguyen0226/anaconda3/envs/learning_scraper/lib/python3.11/site-packages/airflow/example_dags/tutorial_dag.py
[2023-08-20T21:03:08.533-0400] {processor.py:826} INFO - Processing file /home/mnguyen0226/anaconda3/envs/learning_scraper/lib/python3.11/site-packages/airflow/example_dags/tutorial_dag.py for tasks to queue
[2023-08-20T21:03:08.534-0400] {logging_mixin.py:150} INFO - [2023-08-20T21:03:08.533-0400] {dagbag.py:541} INFO - Filling up the DagBag from /home/mnguyen0226/anaconda3/envs/learning_scraper/lib/python3.11/site-packages/airflow/example_dags/tutorial_dag.py
[2023-08-20T21:03:08.550-0400] {processor.py:836} INFO - DAG(s) dict_keys(['tutorial_dag']) retrieved from /home/mnguyen0226/anaconda3/envs/learning_scraper/lib/python3.11/site-packages/airflow/example_dags/tutorial_dag.py
[2023-08-20T21:03:08.576-0400] {logging_mixin.py:150} INFO - [2023-08-20T21:03:08.576-0400] {dag.py:2742} INFO - Sync 1 DAGs
[2023-08-20T21:03:08.593-0400] {logging_mixin.py:150} INFO - [2023-08-20T21:03:08.593-0400] {dag.py:3504} INFO - Setting next_dagrun for tutorial_dag to None, run_after=None
[2023-08-20T21:03:08.617-0400] {processor.py:179} INFO - Processing /home/mnguyen0226/anaconda3/envs/learning_scraper/lib/python3.11/site-packages/airflow/example_dags/tutorial_dag.py took 0.097 seconds
[2023-08-20T21:03:57.403-0400] {processor.py:157} INFO - Started process (PID=82787) to work on /home/mnguyen0226/anaconda3/envs/learning_scraper/lib/python3.11/site-packages/airflow/example_dags/tutorial_dag.py
[2023-08-20T21:03:57.404-0400] {processor.py:826} INFO - Processing file /home/mnguyen0226/anaconda3/envs/learning_scraper/lib/python3.11/site-packages/airflow/example_dags/tutorial_dag.py for tasks to queue
[2023-08-20T21:03:57.405-0400] {logging_mixin.py:150} INFO - [2023-08-20T21:03:57.405-0400] {dagbag.py:541} INFO - Filling up the DagBag from /home/mnguyen0226/anaconda3/envs/learning_scraper/lib/python3.11/site-packages/airflow/example_dags/tutorial_dag.py
[2023-08-20T21:03:57.412-0400] {processor.py:836} INFO - DAG(s) dict_keys(['tutorial_dag']) retrieved from /home/mnguyen0226/anaconda3/envs/learning_scraper/lib/python3.11/site-packages/airflow/example_dags/tutorial_dag.py
[2023-08-20T21:03:57.432-0400] {logging_mixin.py:150} INFO - [2023-08-20T21:03:57.432-0400] {dag.py:2742} INFO - Sync 1 DAGs
[2023-08-20T21:03:57.449-0400] {logging_mixin.py:150} INFO - [2023-08-20T21:03:57.449-0400] {dag.py:3504} INFO - Setting next_dagrun for tutorial_dag to None, run_after=None
[2023-08-20T21:03:57.476-0400] {processor.py:179} INFO - Processing /home/mnguyen0226/anaconda3/envs/learning_scraper/lib/python3.11/site-packages/airflow/example_dags/tutorial_dag.py took 0.078 seconds
[2023-08-20T21:04:31.237-0400] {processor.py:157} INFO - Started process (PID=83062) to work on /home/mnguyen0226/anaconda3/envs/learning_scraper/lib/python3.11/site-packages/airflow/example_dags/tutorial_dag.py
[2023-08-20T21:04:31.238-0400] {processor.py:826} INFO - Processing file /home/mnguyen0226/anaconda3/envs/learning_scraper/lib/python3.11/site-packages/airflow/example_dags/tutorial_dag.py for tasks to queue
[2023-08-20T21:04:31.240-0400] {logging_mixin.py:150} INFO - [2023-08-20T21:04:31.239-0400] {dagbag.py:541} INFO - Filling up the DagBag from /home/mnguyen0226/anaconda3/envs/learning_scraper/lib/python3.11/site-packages/airflow/example_dags/tutorial_dag.py
[2023-08-20T21:04:31.249-0400] {processor.py:836} INFO - DAG(s) dict_keys(['tutorial_dag']) retrieved from /home/mnguyen0226/anaconda3/envs/learning_scraper/lib/python3.11/site-packages/airflow/example_dags/tutorial_dag.py
[2023-08-20T21:04:31.275-0400] {logging_mixin.py:150} INFO - [2023-08-20T21:04:31.275-0400] {dag.py:2742} INFO - Sync 1 DAGs
[2023-08-20T21:04:31.295-0400] {logging_mixin.py:150} INFO - [2023-08-20T21:04:31.295-0400] {dag.py:3504} INFO - Setting next_dagrun for tutorial_dag to None, run_after=None
[2023-08-20T21:04:31.319-0400] {processor.py:179} INFO - Processing /home/mnguyen0226/anaconda3/envs/learning_scraper/lib/python3.11/site-packages/airflow/example_dags/tutorial_dag.py took 0.086 seconds
[2023-08-20T21:05:07.301-0400] {processor.py:157} INFO - Started process (PID=83257) to work on /home/mnguyen0226/anaconda3/envs/learning_scraper/lib/python3.11/site-packages/airflow/example_dags/tutorial_dag.py
[2023-08-20T21:05:07.302-0400] {processor.py:826} INFO - Processing file /home/mnguyen0226/anaconda3/envs/learning_scraper/lib/python3.11/site-packages/airflow/example_dags/tutorial_dag.py for tasks to queue
[2023-08-20T21:05:07.304-0400] {logging_mixin.py:150} INFO - [2023-08-20T21:05:07.303-0400] {dagbag.py:541} INFO - Filling up the DagBag from /home/mnguyen0226/anaconda3/envs/learning_scraper/lib/python3.11/site-packages/airflow/example_dags/tutorial_dag.py
[2023-08-20T21:05:07.313-0400] {processor.py:836} INFO - DAG(s) dict_keys(['tutorial_dag']) retrieved from /home/mnguyen0226/anaconda3/envs/learning_scraper/lib/python3.11/site-packages/airflow/example_dags/tutorial_dag.py
[2023-08-20T21:05:07.339-0400] {logging_mixin.py:150} INFO - [2023-08-20T21:05:07.338-0400] {dag.py:2742} INFO - Sync 1 DAGs
[2023-08-20T21:05:07.359-0400] {logging_mixin.py:150} INFO - [2023-08-20T21:05:07.359-0400] {dag.py:3504} INFO - Setting next_dagrun for tutorial_dag to None, run_after=None
[2023-08-20T21:05:07.407-0400] {processor.py:179} INFO - Processing /home/mnguyen0226/anaconda3/envs/learning_scraper/lib/python3.11/site-packages/airflow/example_dags/tutorial_dag.py took 0.112 seconds
[2023-08-20T21:05:46.680-0400] {processor.py:157} INFO - Started process (PID=83425) to work on /home/mnguyen0226/anaconda3/envs/learning_scraper/lib/python3.11/site-packages/airflow/example_dags/tutorial_dag.py
[2023-08-20T21:05:46.681-0400] {processor.py:826} INFO - Processing file /home/mnguyen0226/anaconda3/envs/learning_scraper/lib/python3.11/site-packages/airflow/example_dags/tutorial_dag.py for tasks to queue
[2023-08-20T21:05:46.682-0400] {logging_mixin.py:150} INFO - [2023-08-20T21:05:46.682-0400] {dagbag.py:541} INFO - Filling up the DagBag from /home/mnguyen0226/anaconda3/envs/learning_scraper/lib/python3.11/site-packages/airflow/example_dags/tutorial_dag.py
[2023-08-20T21:05:46.690-0400] {processor.py:836} INFO - DAG(s) dict_keys(['tutorial_dag']) retrieved from /home/mnguyen0226/anaconda3/envs/learning_scraper/lib/python3.11/site-packages/airflow/example_dags/tutorial_dag.py
[2023-08-20T21:05:46.710-0400] {logging_mixin.py:150} INFO - [2023-08-20T21:05:46.710-0400] {dag.py:2742} INFO - Sync 1 DAGs
[2023-08-20T21:05:46.730-0400] {logging_mixin.py:150} INFO - [2023-08-20T21:05:46.730-0400] {dag.py:3504} INFO - Setting next_dagrun for tutorial_dag to None, run_after=None
[2023-08-20T21:05:46.756-0400] {processor.py:179} INFO - Processing /home/mnguyen0226/anaconda3/envs/learning_scraper/lib/python3.11/site-packages/airflow/example_dags/tutorial_dag.py took 0.079 seconds
[2023-08-20T21:06:29.304-0400] {processor.py:157} INFO - Started process (PID=83615) to work on /home/mnguyen0226/anaconda3/envs/learning_scraper/lib/python3.11/site-packages/airflow/example_dags/tutorial_dag.py
[2023-08-20T21:06:29.314-0400] {processor.py:826} INFO - Processing file /home/mnguyen0226/anaconda3/envs/learning_scraper/lib/python3.11/site-packages/airflow/example_dags/tutorial_dag.py for tasks to queue
[2023-08-20T21:06:29.315-0400] {logging_mixin.py:150} INFO - [2023-08-20T21:06:29.315-0400] {dagbag.py:541} INFO - Filling up the DagBag from /home/mnguyen0226/anaconda3/envs/learning_scraper/lib/python3.11/site-packages/airflow/example_dags/tutorial_dag.py
[2023-08-20T21:06:29.325-0400] {processor.py:836} INFO - DAG(s) dict_keys(['tutorial_dag']) retrieved from /home/mnguyen0226/anaconda3/envs/learning_scraper/lib/python3.11/site-packages/airflow/example_dags/tutorial_dag.py
[2023-08-20T21:06:29.346-0400] {logging_mixin.py:150} INFO - [2023-08-20T21:06:29.346-0400] {dag.py:2742} INFO - Sync 1 DAGs
[2023-08-20T21:06:29.362-0400] {logging_mixin.py:150} INFO - [2023-08-20T21:06:29.362-0400] {dag.py:3504} INFO - Setting next_dagrun for tutorial_dag to None, run_after=None
[2023-08-20T21:06:29.386-0400] {processor.py:179} INFO - Processing /home/mnguyen0226/anaconda3/envs/learning_scraper/lib/python3.11/site-packages/airflow/example_dags/tutorial_dag.py took 0.086 seconds
[2023-08-20T21:07:10.520-0400] {processor.py:157} INFO - Started process (PID=83842) to work on /home/mnguyen0226/anaconda3/envs/learning_scraper/lib/python3.11/site-packages/airflow/example_dags/tutorial_dag.py
[2023-08-20T21:07:10.521-0400] {processor.py:826} INFO - Processing file /home/mnguyen0226/anaconda3/envs/learning_scraper/lib/python3.11/site-packages/airflow/example_dags/tutorial_dag.py for tasks to queue
[2023-08-20T21:07:10.522-0400] {logging_mixin.py:150} INFO - [2023-08-20T21:07:10.522-0400] {dagbag.py:541} INFO - Filling up the DagBag from /home/mnguyen0226/anaconda3/envs/learning_scraper/lib/python3.11/site-packages/airflow/example_dags/tutorial_dag.py
[2023-08-20T21:07:10.528-0400] {processor.py:836} INFO - DAG(s) dict_keys(['tutorial_dag']) retrieved from /home/mnguyen0226/anaconda3/envs/learning_scraper/lib/python3.11/site-packages/airflow/example_dags/tutorial_dag.py
[2023-08-20T21:07:10.543-0400] {logging_mixin.py:150} INFO - [2023-08-20T21:07:10.543-0400] {dag.py:2742} INFO - Sync 1 DAGs
[2023-08-20T21:07:10.644-0400] {logging_mixin.py:150} INFO - [2023-08-20T21:07:10.644-0400] {dag.py:3504} INFO - Setting next_dagrun for tutorial_dag to None, run_after=None
[2023-08-20T21:07:10.673-0400] {processor.py:179} INFO - Processing /home/mnguyen0226/anaconda3/envs/learning_scraper/lib/python3.11/site-packages/airflow/example_dags/tutorial_dag.py took 0.156 seconds
[2023-08-20T21:07:53.109-0400] {processor.py:157} INFO - Started process (PID=84000) to work on /home/mnguyen0226/anaconda3/envs/learning_scraper/lib/python3.11/site-packages/airflow/example_dags/tutorial_dag.py
[2023-08-20T21:07:53.119-0400] {processor.py:826} INFO - Processing file /home/mnguyen0226/anaconda3/envs/learning_scraper/lib/python3.11/site-packages/airflow/example_dags/tutorial_dag.py for tasks to queue
[2023-08-20T21:07:53.120-0400] {logging_mixin.py:150} INFO - [2023-08-20T21:07:53.119-0400] {dagbag.py:541} INFO - Filling up the DagBag from /home/mnguyen0226/anaconda3/envs/learning_scraper/lib/python3.11/site-packages/airflow/example_dags/tutorial_dag.py
[2023-08-20T21:07:53.124-0400] {processor.py:836} INFO - DAG(s) dict_keys(['tutorial_dag']) retrieved from /home/mnguyen0226/anaconda3/envs/learning_scraper/lib/python3.11/site-packages/airflow/example_dags/tutorial_dag.py
[2023-08-20T21:07:53.141-0400] {logging_mixin.py:150} INFO - [2023-08-20T21:07:53.141-0400] {dag.py:2742} INFO - Sync 1 DAGs
[2023-08-20T21:07:53.161-0400] {logging_mixin.py:150} INFO - [2023-08-20T21:07:53.161-0400] {dag.py:3504} INFO - Setting next_dagrun for tutorial_dag to None, run_after=None
[2023-08-20T21:07:53.199-0400] {processor.py:179} INFO - Processing /home/mnguyen0226/anaconda3/envs/learning_scraper/lib/python3.11/site-packages/airflow/example_dags/tutorial_dag.py took 0.091 seconds
[2023-08-20T21:08:30.278-0400] {processor.py:157} INFO - Started process (PID=84160) to work on /home/mnguyen0226/anaconda3/envs/learning_scraper/lib/python3.11/site-packages/airflow/example_dags/tutorial_dag.py
[2023-08-20T21:08:30.280-0400] {processor.py:826} INFO - Processing file /home/mnguyen0226/anaconda3/envs/learning_scraper/lib/python3.11/site-packages/airflow/example_dags/tutorial_dag.py for tasks to queue
[2023-08-20T21:08:30.282-0400] {logging_mixin.py:150} INFO - [2023-08-20T21:08:30.281-0400] {dagbag.py:541} INFO - Filling up the DagBag from /home/mnguyen0226/anaconda3/envs/learning_scraper/lib/python3.11/site-packages/airflow/example_dags/tutorial_dag.py
[2023-08-20T21:08:30.291-0400] {processor.py:836} INFO - DAG(s) dict_keys(['tutorial_dag']) retrieved from /home/mnguyen0226/anaconda3/envs/learning_scraper/lib/python3.11/site-packages/airflow/example_dags/tutorial_dag.py
[2023-08-20T21:08:30.315-0400] {logging_mixin.py:150} INFO - [2023-08-20T21:08:30.314-0400] {dag.py:2742} INFO - Sync 1 DAGs
[2023-08-20T21:08:30.343-0400] {logging_mixin.py:150} INFO - [2023-08-20T21:08:30.343-0400] {dag.py:3504} INFO - Setting next_dagrun for tutorial_dag to None, run_after=None
[2023-08-20T21:08:30.395-0400] {processor.py:179} INFO - Processing /home/mnguyen0226/anaconda3/envs/learning_scraper/lib/python3.11/site-packages/airflow/example_dags/tutorial_dag.py took 0.121 seconds
[2023-08-20T21:09:06.831-0400] {processor.py:157} INFO - Started process (PID=84319) to work on /home/mnguyen0226/anaconda3/envs/learning_scraper/lib/python3.11/site-packages/airflow/example_dags/tutorial_dag.py
[2023-08-20T21:09:06.832-0400] {processor.py:826} INFO - Processing file /home/mnguyen0226/anaconda3/envs/learning_scraper/lib/python3.11/site-packages/airflow/example_dags/tutorial_dag.py for tasks to queue
[2023-08-20T21:09:06.833-0400] {logging_mixin.py:150} INFO - [2023-08-20T21:09:06.833-0400] {dagbag.py:541} INFO - Filling up the DagBag from /home/mnguyen0226/anaconda3/envs/learning_scraper/lib/python3.11/site-packages/airflow/example_dags/tutorial_dag.py
[2023-08-20T21:09:06.842-0400] {processor.py:836} INFO - DAG(s) dict_keys(['tutorial_dag']) retrieved from /home/mnguyen0226/anaconda3/envs/learning_scraper/lib/python3.11/site-packages/airflow/example_dags/tutorial_dag.py
[2023-08-20T21:09:06.862-0400] {logging_mixin.py:150} INFO - [2023-08-20T21:09:06.862-0400] {dag.py:2742} INFO - Sync 1 DAGs
[2023-08-20T21:09:06.878-0400] {logging_mixin.py:150} INFO - [2023-08-20T21:09:06.878-0400] {dag.py:3504} INFO - Setting next_dagrun for tutorial_dag to None, run_after=None
[2023-08-20T21:09:06.903-0400] {processor.py:179} INFO - Processing /home/mnguyen0226/anaconda3/envs/learning_scraper/lib/python3.11/site-packages/airflow/example_dags/tutorial_dag.py took 0.076 seconds
[2023-08-20T21:09:40.811-0400] {processor.py:157} INFO - Started process (PID=84523) to work on /home/mnguyen0226/anaconda3/envs/learning_scraper/lib/python3.11/site-packages/airflow/example_dags/tutorial_dag.py
[2023-08-20T21:09:40.812-0400] {processor.py:826} INFO - Processing file /home/mnguyen0226/anaconda3/envs/learning_scraper/lib/python3.11/site-packages/airflow/example_dags/tutorial_dag.py for tasks to queue
[2023-08-20T21:09:40.813-0400] {logging_mixin.py:150} INFO - [2023-08-20T21:09:40.812-0400] {dagbag.py:541} INFO - Filling up the DagBag from /home/mnguyen0226/anaconda3/envs/learning_scraper/lib/python3.11/site-packages/airflow/example_dags/tutorial_dag.py
[2023-08-20T21:09:40.818-0400] {processor.py:836} INFO - DAG(s) dict_keys(['tutorial_dag']) retrieved from /home/mnguyen0226/anaconda3/envs/learning_scraper/lib/python3.11/site-packages/airflow/example_dags/tutorial_dag.py
[2023-08-20T21:09:40.835-0400] {logging_mixin.py:150} INFO - [2023-08-20T21:09:40.835-0400] {dag.py:2742} INFO - Sync 1 DAGs
[2023-08-20T21:09:40.860-0400] {logging_mixin.py:150} INFO - [2023-08-20T21:09:40.860-0400] {dag.py:3504} INFO - Setting next_dagrun for tutorial_dag to None, run_after=None
[2023-08-20T21:09:40.890-0400] {processor.py:179} INFO - Processing /home/mnguyen0226/anaconda3/envs/learning_scraper/lib/python3.11/site-packages/airflow/example_dags/tutorial_dag.py took 0.081 seconds
[2023-08-20T21:10:19.446-0400] {processor.py:157} INFO - Started process (PID=84712) to work on /home/mnguyen0226/anaconda3/envs/learning_scraper/lib/python3.11/site-packages/airflow/example_dags/tutorial_dag.py
[2023-08-20T21:10:19.446-0400] {processor.py:826} INFO - Processing file /home/mnguyen0226/anaconda3/envs/learning_scraper/lib/python3.11/site-packages/airflow/example_dags/tutorial_dag.py for tasks to queue
[2023-08-20T21:10:19.447-0400] {logging_mixin.py:150} INFO - [2023-08-20T21:10:19.447-0400] {dagbag.py:541} INFO - Filling up the DagBag from /home/mnguyen0226/anaconda3/envs/learning_scraper/lib/python3.11/site-packages/airflow/example_dags/tutorial_dag.py
[2023-08-20T21:10:19.452-0400] {processor.py:836} INFO - DAG(s) dict_keys(['tutorial_dag']) retrieved from /home/mnguyen0226/anaconda3/envs/learning_scraper/lib/python3.11/site-packages/airflow/example_dags/tutorial_dag.py
[2023-08-20T21:10:19.466-0400] {logging_mixin.py:150} INFO - [2023-08-20T21:10:19.466-0400] {dag.py:2742} INFO - Sync 1 DAGs
[2023-08-20T21:10:19.486-0400] {logging_mixin.py:150} INFO - [2023-08-20T21:10:19.485-0400] {dag.py:3504} INFO - Setting next_dagrun for tutorial_dag to None, run_after=None
[2023-08-20T21:10:19.519-0400] {processor.py:179} INFO - Processing /home/mnguyen0226/anaconda3/envs/learning_scraper/lib/python3.11/site-packages/airflow/example_dags/tutorial_dag.py took 0.075 seconds
[2023-08-20T21:10:58.620-0400] {processor.py:157} INFO - Started process (PID=84884) to work on /home/mnguyen0226/anaconda3/envs/learning_scraper/lib/python3.11/site-packages/airflow/example_dags/tutorial_dag.py
[2023-08-20T21:10:58.630-0400] {processor.py:826} INFO - Processing file /home/mnguyen0226/anaconda3/envs/learning_scraper/lib/python3.11/site-packages/airflow/example_dags/tutorial_dag.py for tasks to queue
[2023-08-20T21:10:58.631-0400] {logging_mixin.py:150} INFO - [2023-08-20T21:10:58.631-0400] {dagbag.py:541} INFO - Filling up the DagBag from /home/mnguyen0226/anaconda3/envs/learning_scraper/lib/python3.11/site-packages/airflow/example_dags/tutorial_dag.py
[2023-08-20T21:10:58.640-0400] {processor.py:836} INFO - DAG(s) dict_keys(['tutorial_dag']) retrieved from /home/mnguyen0226/anaconda3/envs/learning_scraper/lib/python3.11/site-packages/airflow/example_dags/tutorial_dag.py
[2023-08-20T21:10:58.665-0400] {logging_mixin.py:150} INFO - [2023-08-20T21:10:58.665-0400] {dag.py:2742} INFO - Sync 1 DAGs
[2023-08-20T21:10:58.694-0400] {logging_mixin.py:150} INFO - [2023-08-20T21:10:58.694-0400] {dag.py:3504} INFO - Setting next_dagrun for tutorial_dag to None, run_after=None
[2023-08-20T21:10:58.721-0400] {processor.py:179} INFO - Processing /home/mnguyen0226/anaconda3/envs/learning_scraper/lib/python3.11/site-packages/airflow/example_dags/tutorial_dag.py took 0.106 seconds
[2023-08-20T21:11:33.906-0400] {processor.py:157} INFO - Started process (PID=85040) to work on /home/mnguyen0226/anaconda3/envs/learning_scraper/lib/python3.11/site-packages/airflow/example_dags/tutorial_dag.py
[2023-08-20T21:11:33.907-0400] {processor.py:826} INFO - Processing file /home/mnguyen0226/anaconda3/envs/learning_scraper/lib/python3.11/site-packages/airflow/example_dags/tutorial_dag.py for tasks to queue
[2023-08-20T21:11:33.908-0400] {logging_mixin.py:150} INFO - [2023-08-20T21:11:33.908-0400] {dagbag.py:541} INFO - Filling up the DagBag from /home/mnguyen0226/anaconda3/envs/learning_scraper/lib/python3.11/site-packages/airflow/example_dags/tutorial_dag.py
[2023-08-20T21:11:33.916-0400] {processor.py:836} INFO - DAG(s) dict_keys(['tutorial_dag']) retrieved from /home/mnguyen0226/anaconda3/envs/learning_scraper/lib/python3.11/site-packages/airflow/example_dags/tutorial_dag.py
[2023-08-20T21:11:33.941-0400] {logging_mixin.py:150} INFO - [2023-08-20T21:11:33.941-0400] {dag.py:2742} INFO - Sync 1 DAGs
[2023-08-20T21:11:33.964-0400] {logging_mixin.py:150} INFO - [2023-08-20T21:11:33.964-0400] {dag.py:3504} INFO - Setting next_dagrun for tutorial_dag to None, run_after=None
[2023-08-20T21:11:33.989-0400] {processor.py:179} INFO - Processing /home/mnguyen0226/anaconda3/envs/learning_scraper/lib/python3.11/site-packages/airflow/example_dags/tutorial_dag.py took 0.087 seconds
[2023-08-20T21:12:08.006-0400] {processor.py:157} INFO - Started process (PID=85140) to work on /home/mnguyen0226/anaconda3/envs/learning_scraper/lib/python3.11/site-packages/airflow/example_dags/tutorial_dag.py
[2023-08-20T21:12:08.007-0400] {processor.py:826} INFO - Processing file /home/mnguyen0226/anaconda3/envs/learning_scraper/lib/python3.11/site-packages/airflow/example_dags/tutorial_dag.py for tasks to queue
[2023-08-20T21:12:08.008-0400] {logging_mixin.py:150} INFO - [2023-08-20T21:12:08.007-0400] {dagbag.py:541} INFO - Filling up the DagBag from /home/mnguyen0226/anaconda3/envs/learning_scraper/lib/python3.11/site-packages/airflow/example_dags/tutorial_dag.py
[2023-08-20T21:12:08.017-0400] {processor.py:836} INFO - DAG(s) dict_keys(['tutorial_dag']) retrieved from /home/mnguyen0226/anaconda3/envs/learning_scraper/lib/python3.11/site-packages/airflow/example_dags/tutorial_dag.py
[2023-08-20T21:12:08.040-0400] {logging_mixin.py:150} INFO - [2023-08-20T21:12:08.040-0400] {dag.py:2742} INFO - Sync 1 DAGs
[2023-08-20T21:12:08.057-0400] {logging_mixin.py:150} INFO - [2023-08-20T21:12:08.057-0400] {dag.py:3504} INFO - Setting next_dagrun for tutorial_dag to None, run_after=None
[2023-08-20T21:12:08.079-0400] {processor.py:179} INFO - Processing /home/mnguyen0226/anaconda3/envs/learning_scraper/lib/python3.11/site-packages/airflow/example_dags/tutorial_dag.py took 0.077 seconds
[2023-08-20T21:12:44.940-0400] {processor.py:157} INFO - Started process (PID=85662) to work on /home/mnguyen0226/anaconda3/envs/learning_scraper/lib/python3.11/site-packages/airflow/example_dags/tutorial_dag.py
[2023-08-20T21:12:44.943-0400] {processor.py:826} INFO - Processing file /home/mnguyen0226/anaconda3/envs/learning_scraper/lib/python3.11/site-packages/airflow/example_dags/tutorial_dag.py for tasks to queue
[2023-08-20T21:12:44.944-0400] {logging_mixin.py:150} INFO - [2023-08-20T21:12:44.943-0400] {dagbag.py:541} INFO - Filling up the DagBag from /home/mnguyen0226/anaconda3/envs/learning_scraper/lib/python3.11/site-packages/airflow/example_dags/tutorial_dag.py
[2023-08-20T21:12:44.951-0400] {processor.py:836} INFO - DAG(s) dict_keys(['tutorial_dag']) retrieved from /home/mnguyen0226/anaconda3/envs/learning_scraper/lib/python3.11/site-packages/airflow/example_dags/tutorial_dag.py
[2023-08-20T21:12:44.972-0400] {logging_mixin.py:150} INFO - [2023-08-20T21:12:44.972-0400] {dag.py:2742} INFO - Sync 1 DAGs
[2023-08-20T21:12:44.997-0400] {logging_mixin.py:150} INFO - [2023-08-20T21:12:44.997-0400] {dag.py:3504} INFO - Setting next_dagrun for tutorial_dag to None, run_after=None
[2023-08-20T21:12:45.072-0400] {processor.py:179} INFO - Processing /home/mnguyen0226/anaconda3/envs/learning_scraper/lib/python3.11/site-packages/airflow/example_dags/tutorial_dag.py took 0.135 seconds
[2023-08-20T21:13:22.984-0400] {processor.py:157} INFO - Started process (PID=85876) to work on /home/mnguyen0226/anaconda3/envs/learning_scraper/lib/python3.11/site-packages/airflow/example_dags/tutorial_dag.py
[2023-08-20T21:13:22.985-0400] {processor.py:826} INFO - Processing file /home/mnguyen0226/anaconda3/envs/learning_scraper/lib/python3.11/site-packages/airflow/example_dags/tutorial_dag.py for tasks to queue
[2023-08-20T21:13:22.987-0400] {logging_mixin.py:150} INFO - [2023-08-20T21:13:22.986-0400] {dagbag.py:541} INFO - Filling up the DagBag from /home/mnguyen0226/anaconda3/envs/learning_scraper/lib/python3.11/site-packages/airflow/example_dags/tutorial_dag.py
[2023-08-20T21:13:22.995-0400] {processor.py:836} INFO - DAG(s) dict_keys(['tutorial_dag']) retrieved from /home/mnguyen0226/anaconda3/envs/learning_scraper/lib/python3.11/site-packages/airflow/example_dags/tutorial_dag.py
[2023-08-20T21:13:23.019-0400] {logging_mixin.py:150} INFO - [2023-08-20T21:13:23.019-0400] {dag.py:2742} INFO - Sync 1 DAGs
[2023-08-20T21:13:23.038-0400] {logging_mixin.py:150} INFO - [2023-08-20T21:13:23.037-0400] {dag.py:3504} INFO - Setting next_dagrun for tutorial_dag to None, run_after=None
[2023-08-20T21:13:23.061-0400] {processor.py:179} INFO - Processing /home/mnguyen0226/anaconda3/envs/learning_scraper/lib/python3.11/site-packages/airflow/example_dags/tutorial_dag.py took 0.083 seconds
[2023-08-20T21:14:02.060-0400] {processor.py:157} INFO - Started process (PID=86049) to work on /home/mnguyen0226/anaconda3/envs/learning_scraper/lib/python3.11/site-packages/airflow/example_dags/tutorial_dag.py
[2023-08-20T21:14:02.061-0400] {processor.py:826} INFO - Processing file /home/mnguyen0226/anaconda3/envs/learning_scraper/lib/python3.11/site-packages/airflow/example_dags/tutorial_dag.py for tasks to queue
[2023-08-20T21:14:02.062-0400] {logging_mixin.py:150} INFO - [2023-08-20T21:14:02.061-0400] {dagbag.py:541} INFO - Filling up the DagBag from /home/mnguyen0226/anaconda3/envs/learning_scraper/lib/python3.11/site-packages/airflow/example_dags/tutorial_dag.py
[2023-08-20T21:14:02.070-0400] {processor.py:836} INFO - DAG(s) dict_keys(['tutorial_dag']) retrieved from /home/mnguyen0226/anaconda3/envs/learning_scraper/lib/python3.11/site-packages/airflow/example_dags/tutorial_dag.py
[2023-08-20T21:14:02.094-0400] {logging_mixin.py:150} INFO - [2023-08-20T21:14:02.094-0400] {dag.py:2742} INFO - Sync 1 DAGs
[2023-08-20T21:14:02.115-0400] {logging_mixin.py:150} INFO - [2023-08-20T21:14:02.114-0400] {dag.py:3504} INFO - Setting next_dagrun for tutorial_dag to None, run_after=None
[2023-08-20T21:14:02.152-0400] {processor.py:179} INFO - Processing /home/mnguyen0226/anaconda3/envs/learning_scraper/lib/python3.11/site-packages/airflow/example_dags/tutorial_dag.py took 0.097 seconds
[2023-08-20T21:14:40.428-0400] {processor.py:157} INFO - Started process (PID=86242) to work on /home/mnguyen0226/anaconda3/envs/learning_scraper/lib/python3.11/site-packages/airflow/example_dags/tutorial_dag.py
[2023-08-20T21:14:40.437-0400] {processor.py:826} INFO - Processing file /home/mnguyen0226/anaconda3/envs/learning_scraper/lib/python3.11/site-packages/airflow/example_dags/tutorial_dag.py for tasks to queue
[2023-08-20T21:14:40.438-0400] {logging_mixin.py:150} INFO - [2023-08-20T21:14:40.438-0400] {dagbag.py:541} INFO - Filling up the DagBag from /home/mnguyen0226/anaconda3/envs/learning_scraper/lib/python3.11/site-packages/airflow/example_dags/tutorial_dag.py
[2023-08-20T21:14:40.443-0400] {processor.py:836} INFO - DAG(s) dict_keys(['tutorial_dag']) retrieved from /home/mnguyen0226/anaconda3/envs/learning_scraper/lib/python3.11/site-packages/airflow/example_dags/tutorial_dag.py
[2023-08-20T21:14:40.457-0400] {logging_mixin.py:150} INFO - [2023-08-20T21:14:40.457-0400] {dag.py:2742} INFO - Sync 1 DAGs
[2023-08-20T21:14:40.475-0400] {logging_mixin.py:150} INFO - [2023-08-20T21:14:40.475-0400] {dag.py:3504} INFO - Setting next_dagrun for tutorial_dag to None, run_after=None
[2023-08-20T21:14:40.520-0400] {processor.py:179} INFO - Processing /home/mnguyen0226/anaconda3/envs/learning_scraper/lib/python3.11/site-packages/airflow/example_dags/tutorial_dag.py took 0.095 seconds
[2023-08-20T21:15:18.000-0400] {processor.py:157} INFO - Started process (PID=86364) to work on /home/mnguyen0226/anaconda3/envs/learning_scraper/lib/python3.11/site-packages/airflow/example_dags/tutorial_dag.py
[2023-08-20T21:15:18.000-0400] {processor.py:826} INFO - Processing file /home/mnguyen0226/anaconda3/envs/learning_scraper/lib/python3.11/site-packages/airflow/example_dags/tutorial_dag.py for tasks to queue
[2023-08-20T21:15:18.001-0400] {logging_mixin.py:150} INFO - [2023-08-20T21:15:18.001-0400] {dagbag.py:541} INFO - Filling up the DagBag from /home/mnguyen0226/anaconda3/envs/learning_scraper/lib/python3.11/site-packages/airflow/example_dags/tutorial_dag.py
[2023-08-20T21:15:18.006-0400] {processor.py:836} INFO - DAG(s) dict_keys(['tutorial_dag']) retrieved from /home/mnguyen0226/anaconda3/envs/learning_scraper/lib/python3.11/site-packages/airflow/example_dags/tutorial_dag.py
[2023-08-20T21:15:18.021-0400] {logging_mixin.py:150} INFO - [2023-08-20T21:15:18.021-0400] {dag.py:2742} INFO - Sync 1 DAGs
[2023-08-20T21:15:18.044-0400] {logging_mixin.py:150} INFO - [2023-08-20T21:15:18.044-0400] {dag.py:3504} INFO - Setting next_dagrun for tutorial_dag to None, run_after=None
[2023-08-20T21:15:18.071-0400] {processor.py:179} INFO - Processing /home/mnguyen0226/anaconda3/envs/learning_scraper/lib/python3.11/site-packages/airflow/example_dags/tutorial_dag.py took 0.073 seconds
[2023-08-20T21:15:50.753-0400] {processor.py:157} INFO - Started process (PID=86447) to work on /home/mnguyen0226/anaconda3/envs/learning_scraper/lib/python3.11/site-packages/airflow/example_dags/tutorial_dag.py
[2023-08-20T21:15:50.754-0400] {processor.py:826} INFO - Processing file /home/mnguyen0226/anaconda3/envs/learning_scraper/lib/python3.11/site-packages/airflow/example_dags/tutorial_dag.py for tasks to queue
[2023-08-20T21:15:50.755-0400] {logging_mixin.py:150} INFO - [2023-08-20T21:15:50.755-0400] {dagbag.py:541} INFO - Filling up the DagBag from /home/mnguyen0226/anaconda3/envs/learning_scraper/lib/python3.11/site-packages/airflow/example_dags/tutorial_dag.py
[2023-08-20T21:15:50.765-0400] {processor.py:836} INFO - DAG(s) dict_keys(['tutorial_dag']) retrieved from /home/mnguyen0226/anaconda3/envs/learning_scraper/lib/python3.11/site-packages/airflow/example_dags/tutorial_dag.py
[2023-08-20T21:15:50.786-0400] {logging_mixin.py:150} INFO - [2023-08-20T21:15:50.786-0400] {dag.py:2742} INFO - Sync 1 DAGs
[2023-08-20T21:15:50.805-0400] {logging_mixin.py:150} INFO - [2023-08-20T21:15:50.804-0400] {dag.py:3504} INFO - Setting next_dagrun for tutorial_dag to None, run_after=None
[2023-08-20T21:15:50.837-0400] {processor.py:179} INFO - Processing /home/mnguyen0226/anaconda3/envs/learning_scraper/lib/python3.11/site-packages/airflow/example_dags/tutorial_dag.py took 0.089 seconds
[2023-08-20T21:16:26.549-0400] {processor.py:157} INFO - Started process (PID=86581) to work on /home/mnguyen0226/anaconda3/envs/learning_scraper/lib/python3.11/site-packages/airflow/example_dags/tutorial_dag.py
[2023-08-20T21:16:26.550-0400] {processor.py:826} INFO - Processing file /home/mnguyen0226/anaconda3/envs/learning_scraper/lib/python3.11/site-packages/airflow/example_dags/tutorial_dag.py for tasks to queue
[2023-08-20T21:16:26.552-0400] {logging_mixin.py:150} INFO - [2023-08-20T21:16:26.551-0400] {dagbag.py:541} INFO - Filling up the DagBag from /home/mnguyen0226/anaconda3/envs/learning_scraper/lib/python3.11/site-packages/airflow/example_dags/tutorial_dag.py
[2023-08-20T21:16:26.560-0400] {processor.py:836} INFO - DAG(s) dict_keys(['tutorial_dag']) retrieved from /home/mnguyen0226/anaconda3/envs/learning_scraper/lib/python3.11/site-packages/airflow/example_dags/tutorial_dag.py
[2023-08-20T21:16:26.589-0400] {logging_mixin.py:150} INFO - [2023-08-20T21:16:26.588-0400] {dag.py:2742} INFO - Sync 1 DAGs
[2023-08-20T21:16:26.622-0400] {logging_mixin.py:150} INFO - [2023-08-20T21:16:26.622-0400] {dag.py:3504} INFO - Setting next_dagrun for tutorial_dag to None, run_after=None
[2023-08-20T21:16:26.662-0400] {processor.py:179} INFO - Processing /home/mnguyen0226/anaconda3/envs/learning_scraper/lib/python3.11/site-packages/airflow/example_dags/tutorial_dag.py took 0.117 seconds
[2023-08-20T21:17:04.375-0400] {processor.py:157} INFO - Started process (PID=86950) to work on /home/mnguyen0226/anaconda3/envs/learning_scraper/lib/python3.11/site-packages/airflow/example_dags/tutorial_dag.py
[2023-08-20T21:17:04.377-0400] {processor.py:826} INFO - Processing file /home/mnguyen0226/anaconda3/envs/learning_scraper/lib/python3.11/site-packages/airflow/example_dags/tutorial_dag.py for tasks to queue
[2023-08-20T21:17:04.378-0400] {logging_mixin.py:150} INFO - [2023-08-20T21:17:04.378-0400] {dagbag.py:541} INFO - Filling up the DagBag from /home/mnguyen0226/anaconda3/envs/learning_scraper/lib/python3.11/site-packages/airflow/example_dags/tutorial_dag.py
[2023-08-20T21:17:04.389-0400] {processor.py:836} INFO - DAG(s) dict_keys(['tutorial_dag']) retrieved from /home/mnguyen0226/anaconda3/envs/learning_scraper/lib/python3.11/site-packages/airflow/example_dags/tutorial_dag.py
[2023-08-20T21:17:04.412-0400] {logging_mixin.py:150} INFO - [2023-08-20T21:17:04.412-0400] {dag.py:2742} INFO - Sync 1 DAGs
[2023-08-20T21:17:04.429-0400] {logging_mixin.py:150} INFO - [2023-08-20T21:17:04.429-0400] {dag.py:3504} INFO - Setting next_dagrun for tutorial_dag to None, run_after=None
[2023-08-20T21:17:04.450-0400] {processor.py:179} INFO - Processing /home/mnguyen0226/anaconda3/envs/learning_scraper/lib/python3.11/site-packages/airflow/example_dags/tutorial_dag.py took 0.081 seconds
[2023-08-20T21:17:40.141-0400] {processor.py:157} INFO - Started process (PID=87067) to work on /home/mnguyen0226/anaconda3/envs/learning_scraper/lib/python3.11/site-packages/airflow/example_dags/tutorial_dag.py
[2023-08-20T21:17:40.142-0400] {processor.py:826} INFO - Processing file /home/mnguyen0226/anaconda3/envs/learning_scraper/lib/python3.11/site-packages/airflow/example_dags/tutorial_dag.py for tasks to queue
[2023-08-20T21:17:40.144-0400] {logging_mixin.py:150} INFO - [2023-08-20T21:17:40.143-0400] {dagbag.py:541} INFO - Filling up the DagBag from /home/mnguyen0226/anaconda3/envs/learning_scraper/lib/python3.11/site-packages/airflow/example_dags/tutorial_dag.py
[2023-08-20T21:17:40.152-0400] {processor.py:836} INFO - DAG(s) dict_keys(['tutorial_dag']) retrieved from /home/mnguyen0226/anaconda3/envs/learning_scraper/lib/python3.11/site-packages/airflow/example_dags/tutorial_dag.py
[2023-08-20T21:17:40.172-0400] {logging_mixin.py:150} INFO - [2023-08-20T21:17:40.172-0400] {dag.py:2742} INFO - Sync 1 DAGs
[2023-08-20T21:17:40.188-0400] {logging_mixin.py:150} INFO - [2023-08-20T21:17:40.188-0400] {dag.py:3504} INFO - Setting next_dagrun for tutorial_dag to None, run_after=None
[2023-08-20T21:17:40.213-0400] {processor.py:179} INFO - Processing /home/mnguyen0226/anaconda3/envs/learning_scraper/lib/python3.11/site-packages/airflow/example_dags/tutorial_dag.py took 0.077 seconds
[2023-08-20T21:18:14.408-0400] {processor.py:157} INFO - Started process (PID=87287) to work on /home/mnguyen0226/anaconda3/envs/learning_scraper/lib/python3.11/site-packages/airflow/example_dags/tutorial_dag.py
[2023-08-20T21:18:14.409-0400] {processor.py:826} INFO - Processing file /home/mnguyen0226/anaconda3/envs/learning_scraper/lib/python3.11/site-packages/airflow/example_dags/tutorial_dag.py for tasks to queue
[2023-08-20T21:18:14.410-0400] {logging_mixin.py:150} INFO - [2023-08-20T21:18:14.409-0400] {dagbag.py:541} INFO - Filling up the DagBag from /home/mnguyen0226/anaconda3/envs/learning_scraper/lib/python3.11/site-packages/airflow/example_dags/tutorial_dag.py
[2023-08-20T21:18:14.419-0400] {processor.py:836} INFO - DAG(s) dict_keys(['tutorial_dag']) retrieved from /home/mnguyen0226/anaconda3/envs/learning_scraper/lib/python3.11/site-packages/airflow/example_dags/tutorial_dag.py
[2023-08-20T21:18:14.445-0400] {logging_mixin.py:150} INFO - [2023-08-20T21:18:14.445-0400] {dag.py:2742} INFO - Sync 1 DAGs
[2023-08-20T21:18:14.477-0400] {logging_mixin.py:150} INFO - [2023-08-20T21:18:14.477-0400] {dag.py:3504} INFO - Setting next_dagrun for tutorial_dag to None, run_after=None
[2023-08-20T21:18:14.505-0400] {processor.py:179} INFO - Processing /home/mnguyen0226/anaconda3/envs/learning_scraper/lib/python3.11/site-packages/airflow/example_dags/tutorial_dag.py took 0.101 seconds
[2023-08-20T21:18:53.665-0400] {processor.py:157} INFO - Started process (PID=87422) to work on /home/mnguyen0226/anaconda3/envs/learning_scraper/lib/python3.11/site-packages/airflow/example_dags/tutorial_dag.py
[2023-08-20T21:18:53.674-0400] {processor.py:826} INFO - Processing file /home/mnguyen0226/anaconda3/envs/learning_scraper/lib/python3.11/site-packages/airflow/example_dags/tutorial_dag.py for tasks to queue
[2023-08-20T21:18:53.676-0400] {logging_mixin.py:150} INFO - [2023-08-20T21:18:53.675-0400] {dagbag.py:541} INFO - Filling up the DagBag from /home/mnguyen0226/anaconda3/envs/learning_scraper/lib/python3.11/site-packages/airflow/example_dags/tutorial_dag.py
[2023-08-20T21:18:53.684-0400] {processor.py:836} INFO - DAG(s) dict_keys(['tutorial_dag']) retrieved from /home/mnguyen0226/anaconda3/envs/learning_scraper/lib/python3.11/site-packages/airflow/example_dags/tutorial_dag.py
[2023-08-20T21:18:53.709-0400] {logging_mixin.py:150} INFO - [2023-08-20T21:18:53.709-0400] {dag.py:2742} INFO - Sync 1 DAGs
[2023-08-20T21:18:53.723-0400] {logging_mixin.py:150} INFO - [2023-08-20T21:18:53.723-0400] {dag.py:3504} INFO - Setting next_dagrun for tutorial_dag to None, run_after=None
[2023-08-20T21:18:53.747-0400] {processor.py:179} INFO - Processing /home/mnguyen0226/anaconda3/envs/learning_scraper/lib/python3.11/site-packages/airflow/example_dags/tutorial_dag.py took 0.087 seconds
[2023-08-20T21:19:31.119-0400] {processor.py:157} INFO - Started process (PID=87805) to work on /home/mnguyen0226/anaconda3/envs/learning_scraper/lib/python3.11/site-packages/airflow/example_dags/tutorial_dag.py
[2023-08-20T21:19:31.128-0400] {processor.py:826} INFO - Processing file /home/mnguyen0226/anaconda3/envs/learning_scraper/lib/python3.11/site-packages/airflow/example_dags/tutorial_dag.py for tasks to queue
[2023-08-20T21:19:31.129-0400] {logging_mixin.py:150} INFO - [2023-08-20T21:19:31.128-0400] {dagbag.py:541} INFO - Filling up the DagBag from /home/mnguyen0226/anaconda3/envs/learning_scraper/lib/python3.11/site-packages/airflow/example_dags/tutorial_dag.py
[2023-08-20T21:19:31.133-0400] {processor.py:836} INFO - DAG(s) dict_keys(['tutorial_dag']) retrieved from /home/mnguyen0226/anaconda3/envs/learning_scraper/lib/python3.11/site-packages/airflow/example_dags/tutorial_dag.py
[2023-08-20T21:19:31.148-0400] {logging_mixin.py:150} INFO - [2023-08-20T21:19:31.147-0400] {dag.py:2742} INFO - Sync 1 DAGs
[2023-08-20T21:19:31.167-0400] {logging_mixin.py:150} INFO - [2023-08-20T21:19:31.167-0400] {dag.py:3504} INFO - Setting next_dagrun for tutorial_dag to None, run_after=None
[2023-08-20T21:19:31.199-0400] {processor.py:179} INFO - Processing /home/mnguyen0226/anaconda3/envs/learning_scraper/lib/python3.11/site-packages/airflow/example_dags/tutorial_dag.py took 0.083 seconds
[2023-08-20T21:20:04.897-0400] {processor.py:157} INFO - Started process (PID=88015) to work on /home/mnguyen0226/anaconda3/envs/learning_scraper/lib/python3.11/site-packages/airflow/example_dags/tutorial_dag.py
[2023-08-20T21:20:04.898-0400] {processor.py:826} INFO - Processing file /home/mnguyen0226/anaconda3/envs/learning_scraper/lib/python3.11/site-packages/airflow/example_dags/tutorial_dag.py for tasks to queue
[2023-08-20T21:20:04.900-0400] {logging_mixin.py:150} INFO - [2023-08-20T21:20:04.899-0400] {dagbag.py:541} INFO - Filling up the DagBag from /home/mnguyen0226/anaconda3/envs/learning_scraper/lib/python3.11/site-packages/airflow/example_dags/tutorial_dag.py
[2023-08-20T21:20:04.909-0400] {processor.py:836} INFO - DAG(s) dict_keys(['tutorial_dag']) retrieved from /home/mnguyen0226/anaconda3/envs/learning_scraper/lib/python3.11/site-packages/airflow/example_dags/tutorial_dag.py
[2023-08-20T21:20:04.936-0400] {logging_mixin.py:150} INFO - [2023-08-20T21:20:04.936-0400] {dag.py:2742} INFO - Sync 1 DAGs
[2023-08-20T21:20:04.968-0400] {logging_mixin.py:150} INFO - [2023-08-20T21:20:04.968-0400] {dag.py:3504} INFO - Setting next_dagrun for tutorial_dag to None, run_after=None
[2023-08-20T21:20:04.998-0400] {processor.py:179} INFO - Processing /home/mnguyen0226/anaconda3/envs/learning_scraper/lib/python3.11/site-packages/airflow/example_dags/tutorial_dag.py took 0.105 seconds
[2023-08-20T21:20:40.857-0400] {processor.py:157} INFO - Started process (PID=88248) to work on /home/mnguyen0226/anaconda3/envs/learning_scraper/lib/python3.11/site-packages/airflow/example_dags/tutorial_dag.py
[2023-08-20T21:20:40.858-0400] {processor.py:826} INFO - Processing file /home/mnguyen0226/anaconda3/envs/learning_scraper/lib/python3.11/site-packages/airflow/example_dags/tutorial_dag.py for tasks to queue
[2023-08-20T21:20:40.859-0400] {logging_mixin.py:150} INFO - [2023-08-20T21:20:40.859-0400] {dagbag.py:541} INFO - Filling up the DagBag from /home/mnguyen0226/anaconda3/envs/learning_scraper/lib/python3.11/site-packages/airflow/example_dags/tutorial_dag.py
[2023-08-20T21:20:40.865-0400] {processor.py:836} INFO - DAG(s) dict_keys(['tutorial_dag']) retrieved from /home/mnguyen0226/anaconda3/envs/learning_scraper/lib/python3.11/site-packages/airflow/example_dags/tutorial_dag.py
[2023-08-20T21:20:40.889-0400] {logging_mixin.py:150} INFO - [2023-08-20T21:20:40.889-0400] {dag.py:2742} INFO - Sync 1 DAGs
[2023-08-20T21:20:40.906-0400] {logging_mixin.py:150} INFO - [2023-08-20T21:20:40.906-0400] {dag.py:3504} INFO - Setting next_dagrun for tutorial_dag to None, run_after=None
[2023-08-20T21:20:40.930-0400] {processor.py:179} INFO - Processing /home/mnguyen0226/anaconda3/envs/learning_scraper/lib/python3.11/site-packages/airflow/example_dags/tutorial_dag.py took 0.076 seconds
[2023-08-20T21:21:15.991-0400] {processor.py:157} INFO - Started process (PID=88317) to work on /home/mnguyen0226/anaconda3/envs/learning_scraper/lib/python3.11/site-packages/airflow/example_dags/tutorial_dag.py
[2023-08-20T21:21:16.000-0400] {processor.py:826} INFO - Processing file /home/mnguyen0226/anaconda3/envs/learning_scraper/lib/python3.11/site-packages/airflow/example_dags/tutorial_dag.py for tasks to queue
[2023-08-20T21:21:16.002-0400] {logging_mixin.py:150} INFO - [2023-08-20T21:21:16.001-0400] {dagbag.py:541} INFO - Filling up the DagBag from /home/mnguyen0226/anaconda3/envs/learning_scraper/lib/python3.11/site-packages/airflow/example_dags/tutorial_dag.py
[2023-08-20T21:21:16.011-0400] {processor.py:836} INFO - DAG(s) dict_keys(['tutorial_dag']) retrieved from /home/mnguyen0226/anaconda3/envs/learning_scraper/lib/python3.11/site-packages/airflow/example_dags/tutorial_dag.py
[2023-08-20T21:21:16.037-0400] {logging_mixin.py:150} INFO - [2023-08-20T21:21:16.037-0400] {dag.py:2742} INFO - Sync 1 DAGs
[2023-08-20T21:21:16.058-0400] {logging_mixin.py:150} INFO - [2023-08-20T21:21:16.058-0400] {dag.py:3504} INFO - Setting next_dagrun for tutorial_dag to None, run_after=None
[2023-08-20T21:21:16.081-0400] {processor.py:179} INFO - Processing /home/mnguyen0226/anaconda3/envs/learning_scraper/lib/python3.11/site-packages/airflow/example_dags/tutorial_dag.py took 0.095 seconds
