[2023-08-20T21:00:10.359-0400] {processor.py:157} INFO - Started process (PID=80300) to work on /home/mnguyen0226/anaconda3/envs/learning_scraper/lib/python3.11/site-packages/airflow/example_dags/tutorial_taskflow_api_virtualenv.py
[2023-08-20T21:00:10.361-0400] {processor.py:826} INFO - Processing file /home/mnguyen0226/anaconda3/envs/learning_scraper/lib/python3.11/site-packages/airflow/example_dags/tutorial_taskflow_api_virtualenv.py for tasks to queue
[2023-08-20T21:00:10.362-0400] {logging_mixin.py:150} INFO - [2023-08-20T21:00:10.362-0400] {dagbag.py:541} INFO - Filling up the DagBag from /home/mnguyen0226/anaconda3/envs/learning_scraper/lib/python3.11/site-packages/airflow/example_dags/tutorial_taskflow_api_virtualenv.py
[2023-08-20T21:00:10.375-0400] {processor.py:836} INFO - DAG(s) dict_keys(['tutorial_taskflow_api_virtualenv']) retrieved from /home/mnguyen0226/anaconda3/envs/learning_scraper/lib/python3.11/site-packages/airflow/example_dags/tutorial_taskflow_api_virtualenv.py
[2023-08-20T21:00:10.406-0400] {logging_mixin.py:150} INFO - [2023-08-20T21:00:10.405-0400] {dag.py:2742} INFO - Sync 1 DAGs
[2023-08-20T21:00:10.425-0400] {logging_mixin.py:150} INFO - [2023-08-20T21:00:10.424-0400] {dag.py:3504} INFO - Setting next_dagrun for tutorial_taskflow_api_virtualenv to None, run_after=None
[2023-08-20T21:00:10.465-0400] {processor.py:179} INFO - Processing /home/mnguyen0226/anaconda3/envs/learning_scraper/lib/python3.11/site-packages/airflow/example_dags/tutorial_taskflow_api_virtualenv.py took 0.110 seconds
[2023-08-20T21:00:59.702-0400] {processor.py:157} INFO - Started process (PID=80831) to work on /home/mnguyen0226/anaconda3/envs/learning_scraper/lib/python3.11/site-packages/airflow/example_dags/tutorial_taskflow_api_virtualenv.py
[2023-08-20T21:00:59.704-0400] {processor.py:826} INFO - Processing file /home/mnguyen0226/anaconda3/envs/learning_scraper/lib/python3.11/site-packages/airflow/example_dags/tutorial_taskflow_api_virtualenv.py for tasks to queue
[2023-08-20T21:00:59.705-0400] {logging_mixin.py:150} INFO - [2023-08-20T21:00:59.704-0400] {dagbag.py:541} INFO - Filling up the DagBag from /home/mnguyen0226/anaconda3/envs/learning_scraper/lib/python3.11/site-packages/airflow/example_dags/tutorial_taskflow_api_virtualenv.py
[2023-08-20T21:00:59.721-0400] {processor.py:836} INFO - DAG(s) dict_keys(['tutorial_taskflow_api_virtualenv']) retrieved from /home/mnguyen0226/anaconda3/envs/learning_scraper/lib/python3.11/site-packages/airflow/example_dags/tutorial_taskflow_api_virtualenv.py
[2023-08-20T21:00:59.749-0400] {logging_mixin.py:150} INFO - [2023-08-20T21:00:59.748-0400] {dag.py:2742} INFO - Sync 1 DAGs
[2023-08-20T21:00:59.772-0400] {logging_mixin.py:150} INFO - [2023-08-20T21:00:59.772-0400] {dag.py:3504} INFO - Setting next_dagrun for tutorial_taskflow_api_virtualenv to None, run_after=None
[2023-08-20T21:00:59.803-0400] {processor.py:179} INFO - Processing /home/mnguyen0226/anaconda3/envs/learning_scraper/lib/python3.11/site-packages/airflow/example_dags/tutorial_taskflow_api_virtualenv.py took 0.104 seconds
[2023-08-20T21:01:34.446-0400] {processor.py:157} INFO - Started process (PID=80957) to work on /home/mnguyen0226/anaconda3/envs/learning_scraper/lib/python3.11/site-packages/airflow/example_dags/tutorial_taskflow_api_virtualenv.py
[2023-08-20T21:01:34.447-0400] {processor.py:826} INFO - Processing file /home/mnguyen0226/anaconda3/envs/learning_scraper/lib/python3.11/site-packages/airflow/example_dags/tutorial_taskflow_api_virtualenv.py for tasks to queue
[2023-08-20T21:01:34.448-0400] {logging_mixin.py:150} INFO - [2023-08-20T21:01:34.448-0400] {dagbag.py:541} INFO - Filling up the DagBag from /home/mnguyen0226/anaconda3/envs/learning_scraper/lib/python3.11/site-packages/airflow/example_dags/tutorial_taskflow_api_virtualenv.py
[2023-08-20T21:01:34.459-0400] {processor.py:836} INFO - DAG(s) dict_keys(['tutorial_taskflow_api_virtualenv']) retrieved from /home/mnguyen0226/anaconda3/envs/learning_scraper/lib/python3.11/site-packages/airflow/example_dags/tutorial_taskflow_api_virtualenv.py
[2023-08-20T21:01:34.478-0400] {logging_mixin.py:150} INFO - [2023-08-20T21:01:34.478-0400] {dag.py:2742} INFO - Sync 1 DAGs
[2023-08-20T21:01:34.500-0400] {logging_mixin.py:150} INFO - [2023-08-20T21:01:34.499-0400] {dag.py:3504} INFO - Setting next_dagrun for tutorial_taskflow_api_virtualenv to None, run_after=None
[2023-08-20T21:01:34.535-0400] {processor.py:179} INFO - Processing /home/mnguyen0226/anaconda3/envs/learning_scraper/lib/python3.11/site-packages/airflow/example_dags/tutorial_taskflow_api_virtualenv.py took 0.093 seconds
[2023-08-20T21:02:07.939-0400] {processor.py:157} INFO - Started process (PID=81199) to work on /home/mnguyen0226/anaconda3/envs/learning_scraper/lib/python3.11/site-packages/airflow/example_dags/tutorial_taskflow_api_virtualenv.py
[2023-08-20T21:02:07.940-0400] {processor.py:826} INFO - Processing file /home/mnguyen0226/anaconda3/envs/learning_scraper/lib/python3.11/site-packages/airflow/example_dags/tutorial_taskflow_api_virtualenv.py for tasks to queue
[2023-08-20T21:02:07.941-0400] {logging_mixin.py:150} INFO - [2023-08-20T21:02:07.941-0400] {dagbag.py:541} INFO - Filling up the DagBag from /home/mnguyen0226/anaconda3/envs/learning_scraper/lib/python3.11/site-packages/airflow/example_dags/tutorial_taskflow_api_virtualenv.py
[2023-08-20T21:02:07.954-0400] {processor.py:836} INFO - DAG(s) dict_keys(['tutorial_taskflow_api_virtualenv']) retrieved from /home/mnguyen0226/anaconda3/envs/learning_scraper/lib/python3.11/site-packages/airflow/example_dags/tutorial_taskflow_api_virtualenv.py
[2023-08-20T21:02:07.985-0400] {logging_mixin.py:150} INFO - [2023-08-20T21:02:07.985-0400] {dag.py:2742} INFO - Sync 1 DAGs
[2023-08-20T21:02:08.021-0400] {logging_mixin.py:150} INFO - [2023-08-20T21:02:08.021-0400] {dag.py:3504} INFO - Setting next_dagrun for tutorial_taskflow_api_virtualenv to None, run_after=None
[2023-08-20T21:02:08.056-0400] {processor.py:179} INFO - Processing /home/mnguyen0226/anaconda3/envs/learning_scraper/lib/python3.11/site-packages/airflow/example_dags/tutorial_taskflow_api_virtualenv.py took 0.122 seconds
[2023-08-20T21:03:09.789-0400] {processor.py:157} INFO - Started process (PID=81354) to work on /home/mnguyen0226/anaconda3/envs/learning_scraper/lib/python3.11/site-packages/airflow/example_dags/tutorial_taskflow_api_virtualenv.py
[2023-08-20T21:03:09.798-0400] {processor.py:826} INFO - Processing file /home/mnguyen0226/anaconda3/envs/learning_scraper/lib/python3.11/site-packages/airflow/example_dags/tutorial_taskflow_api_virtualenv.py for tasks to queue
[2023-08-20T21:03:09.799-0400] {logging_mixin.py:150} INFO - [2023-08-20T21:03:09.799-0400] {dagbag.py:541} INFO - Filling up the DagBag from /home/mnguyen0226/anaconda3/envs/learning_scraper/lib/python3.11/site-packages/airflow/example_dags/tutorial_taskflow_api_virtualenv.py
[2023-08-20T21:03:09.806-0400] {processor.py:836} INFO - DAG(s) dict_keys(['tutorial_taskflow_api_virtualenv']) retrieved from /home/mnguyen0226/anaconda3/envs/learning_scraper/lib/python3.11/site-packages/airflow/example_dags/tutorial_taskflow_api_virtualenv.py
[2023-08-20T21:03:09.829-0400] {logging_mixin.py:150} INFO - [2023-08-20T21:03:09.829-0400] {dag.py:2742} INFO - Sync 1 DAGs
[2023-08-20T21:03:09.858-0400] {logging_mixin.py:150} INFO - [2023-08-20T21:03:09.857-0400] {dag.py:3504} INFO - Setting next_dagrun for tutorial_taskflow_api_virtualenv to None, run_after=None
[2023-08-20T21:03:09.897-0400] {processor.py:179} INFO - Processing /home/mnguyen0226/anaconda3/envs/learning_scraper/lib/python3.11/site-packages/airflow/example_dags/tutorial_taskflow_api_virtualenv.py took 0.111 seconds
[2023-08-20T21:03:58.105-0400] {processor.py:157} INFO - Started process (PID=82790) to work on /home/mnguyen0226/anaconda3/envs/learning_scraper/lib/python3.11/site-packages/airflow/example_dags/tutorial_taskflow_api_virtualenv.py
[2023-08-20T21:03:58.114-0400] {processor.py:826} INFO - Processing file /home/mnguyen0226/anaconda3/envs/learning_scraper/lib/python3.11/site-packages/airflow/example_dags/tutorial_taskflow_api_virtualenv.py for tasks to queue
[2023-08-20T21:03:58.115-0400] {logging_mixin.py:150} INFO - [2023-08-20T21:03:58.115-0400] {dagbag.py:541} INFO - Filling up the DagBag from /home/mnguyen0226/anaconda3/envs/learning_scraper/lib/python3.11/site-packages/airflow/example_dags/tutorial_taskflow_api_virtualenv.py
[2023-08-20T21:03:58.123-0400] {processor.py:836} INFO - DAG(s) dict_keys(['tutorial_taskflow_api_virtualenv']) retrieved from /home/mnguyen0226/anaconda3/envs/learning_scraper/lib/python3.11/site-packages/airflow/example_dags/tutorial_taskflow_api_virtualenv.py
[2023-08-20T21:03:58.138-0400] {logging_mixin.py:150} INFO - [2023-08-20T21:03:58.138-0400] {dag.py:2742} INFO - Sync 1 DAGs
[2023-08-20T21:03:58.155-0400] {logging_mixin.py:150} INFO - [2023-08-20T21:03:58.155-0400] {dag.py:3504} INFO - Setting next_dagrun for tutorial_taskflow_api_virtualenv to None, run_after=None
[2023-08-20T21:03:58.183-0400] {processor.py:179} INFO - Processing /home/mnguyen0226/anaconda3/envs/learning_scraper/lib/python3.11/site-packages/airflow/example_dags/tutorial_taskflow_api_virtualenv.py took 0.080 seconds
[2023-08-20T21:04:32.377-0400] {processor.py:157} INFO - Started process (PID=83067) to work on /home/mnguyen0226/anaconda3/envs/learning_scraper/lib/python3.11/site-packages/airflow/example_dags/tutorial_taskflow_api_virtualenv.py
[2023-08-20T21:04:32.378-0400] {processor.py:826} INFO - Processing file /home/mnguyen0226/anaconda3/envs/learning_scraper/lib/python3.11/site-packages/airflow/example_dags/tutorial_taskflow_api_virtualenv.py for tasks to queue
[2023-08-20T21:04:32.379-0400] {logging_mixin.py:150} INFO - [2023-08-20T21:04:32.379-0400] {dagbag.py:541} INFO - Filling up the DagBag from /home/mnguyen0226/anaconda3/envs/learning_scraper/lib/python3.11/site-packages/airflow/example_dags/tutorial_taskflow_api_virtualenv.py
[2023-08-20T21:04:32.388-0400] {processor.py:836} INFO - DAG(s) dict_keys(['tutorial_taskflow_api_virtualenv']) retrieved from /home/mnguyen0226/anaconda3/envs/learning_scraper/lib/python3.11/site-packages/airflow/example_dags/tutorial_taskflow_api_virtualenv.py
[2023-08-20T21:04:32.408-0400] {logging_mixin.py:150} INFO - [2023-08-20T21:04:32.407-0400] {dag.py:2742} INFO - Sync 1 DAGs
[2023-08-20T21:04:32.428-0400] {logging_mixin.py:150} INFO - [2023-08-20T21:04:32.428-0400] {dag.py:3504} INFO - Setting next_dagrun for tutorial_taskflow_api_virtualenv to None, run_after=None
[2023-08-20T21:04:32.451-0400] {processor.py:179} INFO - Processing /home/mnguyen0226/anaconda3/envs/learning_scraper/lib/python3.11/site-packages/airflow/example_dags/tutorial_taskflow_api_virtualenv.py took 0.083 seconds
[2023-08-20T21:05:08.554-0400] {processor.py:157} INFO - Started process (PID=83268) to work on /home/mnguyen0226/anaconda3/envs/learning_scraper/lib/python3.11/site-packages/airflow/example_dags/tutorial_taskflow_api_virtualenv.py
[2023-08-20T21:05:08.555-0400] {processor.py:826} INFO - Processing file /home/mnguyen0226/anaconda3/envs/learning_scraper/lib/python3.11/site-packages/airflow/example_dags/tutorial_taskflow_api_virtualenv.py for tasks to queue
[2023-08-20T21:05:08.556-0400] {logging_mixin.py:150} INFO - [2023-08-20T21:05:08.556-0400] {dagbag.py:541} INFO - Filling up the DagBag from /home/mnguyen0226/anaconda3/envs/learning_scraper/lib/python3.11/site-packages/airflow/example_dags/tutorial_taskflow_api_virtualenv.py
[2023-08-20T21:05:08.567-0400] {processor.py:836} INFO - DAG(s) dict_keys(['tutorial_taskflow_api_virtualenv']) retrieved from /home/mnguyen0226/anaconda3/envs/learning_scraper/lib/python3.11/site-packages/airflow/example_dags/tutorial_taskflow_api_virtualenv.py
[2023-08-20T21:05:08.594-0400] {logging_mixin.py:150} INFO - [2023-08-20T21:05:08.594-0400] {dag.py:2742} INFO - Sync 1 DAGs
[2023-08-20T21:05:08.622-0400] {logging_mixin.py:150} INFO - [2023-08-20T21:05:08.622-0400] {dag.py:3504} INFO - Setting next_dagrun for tutorial_taskflow_api_virtualenv to None, run_after=None
[2023-08-20T21:05:08.650-0400] {processor.py:179} INFO - Processing /home/mnguyen0226/anaconda3/envs/learning_scraper/lib/python3.11/site-packages/airflow/example_dags/tutorial_taskflow_api_virtualenv.py took 0.101 seconds
[2023-08-20T21:05:47.777-0400] {processor.py:157} INFO - Started process (PID=83426) to work on /home/mnguyen0226/anaconda3/envs/learning_scraper/lib/python3.11/site-packages/airflow/example_dags/tutorial_taskflow_api_virtualenv.py
[2023-08-20T21:05:47.778-0400] {processor.py:826} INFO - Processing file /home/mnguyen0226/anaconda3/envs/learning_scraper/lib/python3.11/site-packages/airflow/example_dags/tutorial_taskflow_api_virtualenv.py for tasks to queue
[2023-08-20T21:05:47.781-0400] {logging_mixin.py:150} INFO - [2023-08-20T21:05:47.780-0400] {dagbag.py:541} INFO - Filling up the DagBag from /home/mnguyen0226/anaconda3/envs/learning_scraper/lib/python3.11/site-packages/airflow/example_dags/tutorial_taskflow_api_virtualenv.py
[2023-08-20T21:05:47.793-0400] {processor.py:836} INFO - DAG(s) dict_keys(['tutorial_taskflow_api_virtualenv']) retrieved from /home/mnguyen0226/anaconda3/envs/learning_scraper/lib/python3.11/site-packages/airflow/example_dags/tutorial_taskflow_api_virtualenv.py
[2023-08-20T21:05:47.818-0400] {logging_mixin.py:150} INFO - [2023-08-20T21:05:47.818-0400] {dag.py:2742} INFO - Sync 1 DAGs
[2023-08-20T21:05:47.848-0400] {logging_mixin.py:150} INFO - [2023-08-20T21:05:47.847-0400] {dag.py:3504} INFO - Setting next_dagrun for tutorial_taskflow_api_virtualenv to None, run_after=None
[2023-08-20T21:05:47.881-0400] {processor.py:179} INFO - Processing /home/mnguyen0226/anaconda3/envs/learning_scraper/lib/python3.11/site-packages/airflow/example_dags/tutorial_taskflow_api_virtualenv.py took 0.114 seconds
[2023-08-20T21:06:29.768-0400] {processor.py:157} INFO - Started process (PID=83616) to work on /home/mnguyen0226/anaconda3/envs/learning_scraper/lib/python3.11/site-packages/airflow/example_dags/tutorial_taskflow_api_virtualenv.py
[2023-08-20T21:06:29.778-0400] {processor.py:826} INFO - Processing file /home/mnguyen0226/anaconda3/envs/learning_scraper/lib/python3.11/site-packages/airflow/example_dags/tutorial_taskflow_api_virtualenv.py for tasks to queue
[2023-08-20T21:06:29.780-0400] {logging_mixin.py:150} INFO - [2023-08-20T21:06:29.779-0400] {dagbag.py:541} INFO - Filling up the DagBag from /home/mnguyen0226/anaconda3/envs/learning_scraper/lib/python3.11/site-packages/airflow/example_dags/tutorial_taskflow_api_virtualenv.py
[2023-08-20T21:06:29.790-0400] {processor.py:836} INFO - DAG(s) dict_keys(['tutorial_taskflow_api_virtualenv']) retrieved from /home/mnguyen0226/anaconda3/envs/learning_scraper/lib/python3.11/site-packages/airflow/example_dags/tutorial_taskflow_api_virtualenv.py
[2023-08-20T21:06:29.815-0400] {logging_mixin.py:150} INFO - [2023-08-20T21:06:29.814-0400] {dag.py:2742} INFO - Sync 1 DAGs
[2023-08-20T21:06:29.840-0400] {logging_mixin.py:150} INFO - [2023-08-20T21:06:29.840-0400] {dag.py:3504} INFO - Setting next_dagrun for tutorial_taskflow_api_virtualenv to None, run_after=None
[2023-08-20T21:06:29.867-0400] {processor.py:179} INFO - Processing /home/mnguyen0226/anaconda3/envs/learning_scraper/lib/python3.11/site-packages/airflow/example_dags/tutorial_taskflow_api_virtualenv.py took 0.103 seconds
[2023-08-20T21:07:11.779-0400] {processor.py:157} INFO - Started process (PID=83853) to work on /home/mnguyen0226/anaconda3/envs/learning_scraper/lib/python3.11/site-packages/airflow/example_dags/tutorial_taskflow_api_virtualenv.py
[2023-08-20T21:07:11.780-0400] {processor.py:826} INFO - Processing file /home/mnguyen0226/anaconda3/envs/learning_scraper/lib/python3.11/site-packages/airflow/example_dags/tutorial_taskflow_api_virtualenv.py for tasks to queue
[2023-08-20T21:07:11.781-0400] {logging_mixin.py:150} INFO - [2023-08-20T21:07:11.781-0400] {dagbag.py:541} INFO - Filling up the DagBag from /home/mnguyen0226/anaconda3/envs/learning_scraper/lib/python3.11/site-packages/airflow/example_dags/tutorial_taskflow_api_virtualenv.py
[2023-08-20T21:07:11.790-0400] {processor.py:836} INFO - DAG(s) dict_keys(['tutorial_taskflow_api_virtualenv']) retrieved from /home/mnguyen0226/anaconda3/envs/learning_scraper/lib/python3.11/site-packages/airflow/example_dags/tutorial_taskflow_api_virtualenv.py
[2023-08-20T21:07:11.813-0400] {logging_mixin.py:150} INFO - [2023-08-20T21:07:11.812-0400] {dag.py:2742} INFO - Sync 1 DAGs
[2023-08-20T21:07:11.920-0400] {logging_mixin.py:150} INFO - [2023-08-20T21:07:11.920-0400] {dag.py:3504} INFO - Setting next_dagrun for tutorial_taskflow_api_virtualenv to None, run_after=None
[2023-08-20T21:07:11.941-0400] {processor.py:179} INFO - Processing /home/mnguyen0226/anaconda3/envs/learning_scraper/lib/python3.11/site-packages/airflow/example_dags/tutorial_taskflow_api_virtualenv.py took 0.166 seconds
[2023-08-20T21:07:53.993-0400] {processor.py:157} INFO - Started process (PID=84004) to work on /home/mnguyen0226/anaconda3/envs/learning_scraper/lib/python3.11/site-packages/airflow/example_dags/tutorial_taskflow_api_virtualenv.py
[2023-08-20T21:07:54.003-0400] {processor.py:826} INFO - Processing file /home/mnguyen0226/anaconda3/envs/learning_scraper/lib/python3.11/site-packages/airflow/example_dags/tutorial_taskflow_api_virtualenv.py for tasks to queue
[2023-08-20T21:07:54.004-0400] {logging_mixin.py:150} INFO - [2023-08-20T21:07:54.004-0400] {dagbag.py:541} INFO - Filling up the DagBag from /home/mnguyen0226/anaconda3/envs/learning_scraper/lib/python3.11/site-packages/airflow/example_dags/tutorial_taskflow_api_virtualenv.py
[2023-08-20T21:07:54.018-0400] {processor.py:836} INFO - DAG(s) dict_keys(['tutorial_taskflow_api_virtualenv']) retrieved from /home/mnguyen0226/anaconda3/envs/learning_scraper/lib/python3.11/site-packages/airflow/example_dags/tutorial_taskflow_api_virtualenv.py
[2023-08-20T21:07:54.046-0400] {logging_mixin.py:150} INFO - [2023-08-20T21:07:54.045-0400] {dag.py:2742} INFO - Sync 1 DAGs
[2023-08-20T21:07:54.079-0400] {logging_mixin.py:150} INFO - [2023-08-20T21:07:54.079-0400] {dag.py:3504} INFO - Setting next_dagrun for tutorial_taskflow_api_virtualenv to None, run_after=None
[2023-08-20T21:07:54.109-0400] {processor.py:179} INFO - Processing /home/mnguyen0226/anaconda3/envs/learning_scraper/lib/python3.11/site-packages/airflow/example_dags/tutorial_taskflow_api_virtualenv.py took 0.120 seconds
[2023-08-20T21:08:30.724-0400] {processor.py:157} INFO - Started process (PID=84161) to work on /home/mnguyen0226/anaconda3/envs/learning_scraper/lib/python3.11/site-packages/airflow/example_dags/tutorial_taskflow_api_virtualenv.py
[2023-08-20T21:08:30.733-0400] {processor.py:826} INFO - Processing file /home/mnguyen0226/anaconda3/envs/learning_scraper/lib/python3.11/site-packages/airflow/example_dags/tutorial_taskflow_api_virtualenv.py for tasks to queue
[2023-08-20T21:08:30.734-0400] {logging_mixin.py:150} INFO - [2023-08-20T21:08:30.734-0400] {dagbag.py:541} INFO - Filling up the DagBag from /home/mnguyen0226/anaconda3/envs/learning_scraper/lib/python3.11/site-packages/airflow/example_dags/tutorial_taskflow_api_virtualenv.py
[2023-08-20T21:08:30.741-0400] {processor.py:836} INFO - DAG(s) dict_keys(['tutorial_taskflow_api_virtualenv']) retrieved from /home/mnguyen0226/anaconda3/envs/learning_scraper/lib/python3.11/site-packages/airflow/example_dags/tutorial_taskflow_api_virtualenv.py
[2023-08-20T21:08:30.754-0400] {logging_mixin.py:150} INFO - [2023-08-20T21:08:30.754-0400] {dag.py:2742} INFO - Sync 1 DAGs
[2023-08-20T21:08:30.771-0400] {logging_mixin.py:150} INFO - [2023-08-20T21:08:30.771-0400] {dag.py:3504} INFO - Setting next_dagrun for tutorial_taskflow_api_virtualenv to None, run_after=None
[2023-08-20T21:08:30.797-0400] {processor.py:179} INFO - Processing /home/mnguyen0226/anaconda3/envs/learning_scraper/lib/python3.11/site-packages/airflow/example_dags/tutorial_taskflow_api_virtualenv.py took 0.075 seconds
[2023-08-20T21:09:06.995-0400] {processor.py:157} INFO - Started process (PID=84320) to work on /home/mnguyen0226/anaconda3/envs/learning_scraper/lib/python3.11/site-packages/airflow/example_dags/tutorial_taskflow_api_virtualenv.py
[2023-08-20T21:09:06.996-0400] {processor.py:826} INFO - Processing file /home/mnguyen0226/anaconda3/envs/learning_scraper/lib/python3.11/site-packages/airflow/example_dags/tutorial_taskflow_api_virtualenv.py for tasks to queue
[2023-08-20T21:09:06.998-0400] {logging_mixin.py:150} INFO - [2023-08-20T21:09:06.997-0400] {dagbag.py:541} INFO - Filling up the DagBag from /home/mnguyen0226/anaconda3/envs/learning_scraper/lib/python3.11/site-packages/airflow/example_dags/tutorial_taskflow_api_virtualenv.py
[2023-08-20T21:09:07.008-0400] {processor.py:836} INFO - DAG(s) dict_keys(['tutorial_taskflow_api_virtualenv']) retrieved from /home/mnguyen0226/anaconda3/envs/learning_scraper/lib/python3.11/site-packages/airflow/example_dags/tutorial_taskflow_api_virtualenv.py
[2023-08-20T21:09:07.027-0400] {logging_mixin.py:150} INFO - [2023-08-20T21:09:07.027-0400] {dag.py:2742} INFO - Sync 1 DAGs
[2023-08-20T21:09:07.043-0400] {logging_mixin.py:150} INFO - [2023-08-20T21:09:07.042-0400] {dag.py:3504} INFO - Setting next_dagrun for tutorial_taskflow_api_virtualenv to None, run_after=None
[2023-08-20T21:09:07.065-0400] {processor.py:179} INFO - Processing /home/mnguyen0226/anaconda3/envs/learning_scraper/lib/python3.11/site-packages/airflow/example_dags/tutorial_taskflow_api_virtualenv.py took 0.074 seconds
[2023-08-20T21:09:41.965-0400] {processor.py:157} INFO - Started process (PID=84535) to work on /home/mnguyen0226/anaconda3/envs/learning_scraper/lib/python3.11/site-packages/airflow/example_dags/tutorial_taskflow_api_virtualenv.py
[2023-08-20T21:09:41.966-0400] {processor.py:826} INFO - Processing file /home/mnguyen0226/anaconda3/envs/learning_scraper/lib/python3.11/site-packages/airflow/example_dags/tutorial_taskflow_api_virtualenv.py for tasks to queue
[2023-08-20T21:09:41.968-0400] {logging_mixin.py:150} INFO - [2023-08-20T21:09:41.967-0400] {dagbag.py:541} INFO - Filling up the DagBag from /home/mnguyen0226/anaconda3/envs/learning_scraper/lib/python3.11/site-packages/airflow/example_dags/tutorial_taskflow_api_virtualenv.py
[2023-08-20T21:09:41.980-0400] {processor.py:836} INFO - DAG(s) dict_keys(['tutorial_taskflow_api_virtualenv']) retrieved from /home/mnguyen0226/anaconda3/envs/learning_scraper/lib/python3.11/site-packages/airflow/example_dags/tutorial_taskflow_api_virtualenv.py
[2023-08-20T21:09:42.018-0400] {logging_mixin.py:150} INFO - [2023-08-20T21:09:42.017-0400] {dag.py:2742} INFO - Sync 1 DAGs
[2023-08-20T21:09:42.049-0400] {logging_mixin.py:150} INFO - [2023-08-20T21:09:42.049-0400] {dag.py:3504} INFO - Setting next_dagrun for tutorial_taskflow_api_virtualenv to None, run_after=None
[2023-08-20T21:09:42.103-0400] {processor.py:179} INFO - Processing /home/mnguyen0226/anaconda3/envs/learning_scraper/lib/python3.11/site-packages/airflow/example_dags/tutorial_taskflow_api_virtualenv.py took 0.144 seconds
[2023-08-20T21:10:20.084-0400] {processor.py:157} INFO - Started process (PID=84713) to work on /home/mnguyen0226/anaconda3/envs/learning_scraper/lib/python3.11/site-packages/airflow/example_dags/tutorial_taskflow_api_virtualenv.py
[2023-08-20T21:10:20.085-0400] {processor.py:826} INFO - Processing file /home/mnguyen0226/anaconda3/envs/learning_scraper/lib/python3.11/site-packages/airflow/example_dags/tutorial_taskflow_api_virtualenv.py for tasks to queue
[2023-08-20T21:10:20.086-0400] {logging_mixin.py:150} INFO - [2023-08-20T21:10:20.086-0400] {dagbag.py:541} INFO - Filling up the DagBag from /home/mnguyen0226/anaconda3/envs/learning_scraper/lib/python3.11/site-packages/airflow/example_dags/tutorial_taskflow_api_virtualenv.py
[2023-08-20T21:10:20.099-0400] {processor.py:836} INFO - DAG(s) dict_keys(['tutorial_taskflow_api_virtualenv']) retrieved from /home/mnguyen0226/anaconda3/envs/learning_scraper/lib/python3.11/site-packages/airflow/example_dags/tutorial_taskflow_api_virtualenv.py
[2023-08-20T21:10:20.122-0400] {logging_mixin.py:150} INFO - [2023-08-20T21:10:20.121-0400] {dag.py:2742} INFO - Sync 1 DAGs
[2023-08-20T21:10:20.159-0400] {logging_mixin.py:150} INFO - [2023-08-20T21:10:20.158-0400] {dag.py:3504} INFO - Setting next_dagrun for tutorial_taskflow_api_virtualenv to None, run_after=None
[2023-08-20T21:10:20.195-0400] {processor.py:179} INFO - Processing /home/mnguyen0226/anaconda3/envs/learning_scraper/lib/python3.11/site-packages/airflow/example_dags/tutorial_taskflow_api_virtualenv.py took 0.116 seconds
[2023-08-20T21:10:59.881-0400] {processor.py:157} INFO - Started process (PID=84885) to work on /home/mnguyen0226/anaconda3/envs/learning_scraper/lib/python3.11/site-packages/airflow/example_dags/tutorial_taskflow_api_virtualenv.py
[2023-08-20T21:10:59.891-0400] {processor.py:826} INFO - Processing file /home/mnguyen0226/anaconda3/envs/learning_scraper/lib/python3.11/site-packages/airflow/example_dags/tutorial_taskflow_api_virtualenv.py for tasks to queue
[2023-08-20T21:10:59.893-0400] {logging_mixin.py:150} INFO - [2023-08-20T21:10:59.892-0400] {dagbag.py:541} INFO - Filling up the DagBag from /home/mnguyen0226/anaconda3/envs/learning_scraper/lib/python3.11/site-packages/airflow/example_dags/tutorial_taskflow_api_virtualenv.py
[2023-08-20T21:10:59.904-0400] {processor.py:836} INFO - DAG(s) dict_keys(['tutorial_taskflow_api_virtualenv']) retrieved from /home/mnguyen0226/anaconda3/envs/learning_scraper/lib/python3.11/site-packages/airflow/example_dags/tutorial_taskflow_api_virtualenv.py
[2023-08-20T21:10:59.931-0400] {logging_mixin.py:150} INFO - [2023-08-20T21:10:59.931-0400] {dag.py:2742} INFO - Sync 1 DAGs
[2023-08-20T21:10:59.948-0400] {logging_mixin.py:150} INFO - [2023-08-20T21:10:59.948-0400] {dag.py:3504} INFO - Setting next_dagrun for tutorial_taskflow_api_virtualenv to None, run_after=None
[2023-08-20T21:10:59.970-0400] {processor.py:179} INFO - Processing /home/mnguyen0226/anaconda3/envs/learning_scraper/lib/python3.11/site-packages/airflow/example_dags/tutorial_taskflow_api_virtualenv.py took 0.093 seconds
[2023-08-20T21:11:35.055-0400] {processor.py:157} INFO - Started process (PID=85041) to work on /home/mnguyen0226/anaconda3/envs/learning_scraper/lib/python3.11/site-packages/airflow/example_dags/tutorial_taskflow_api_virtualenv.py
[2023-08-20T21:11:35.056-0400] {processor.py:826} INFO - Processing file /home/mnguyen0226/anaconda3/envs/learning_scraper/lib/python3.11/site-packages/airflow/example_dags/tutorial_taskflow_api_virtualenv.py for tasks to queue
[2023-08-20T21:11:35.058-0400] {logging_mixin.py:150} INFO - [2023-08-20T21:11:35.057-0400] {dagbag.py:541} INFO - Filling up the DagBag from /home/mnguyen0226/anaconda3/envs/learning_scraper/lib/python3.11/site-packages/airflow/example_dags/tutorial_taskflow_api_virtualenv.py
[2023-08-20T21:11:35.069-0400] {processor.py:836} INFO - DAG(s) dict_keys(['tutorial_taskflow_api_virtualenv']) retrieved from /home/mnguyen0226/anaconda3/envs/learning_scraper/lib/python3.11/site-packages/airflow/example_dags/tutorial_taskflow_api_virtualenv.py
[2023-08-20T21:11:35.094-0400] {logging_mixin.py:150} INFO - [2023-08-20T21:11:35.093-0400] {dag.py:2742} INFO - Sync 1 DAGs
[2023-08-20T21:11:35.113-0400] {logging_mixin.py:150} INFO - [2023-08-20T21:11:35.113-0400] {dag.py:3504} INFO - Setting next_dagrun for tutorial_taskflow_api_virtualenv to None, run_after=None
[2023-08-20T21:11:35.135-0400] {processor.py:179} INFO - Processing /home/mnguyen0226/anaconda3/envs/learning_scraper/lib/python3.11/site-packages/airflow/example_dags/tutorial_taskflow_api_virtualenv.py took 0.083 seconds
[2023-08-20T21:12:08.382-0400] {processor.py:157} INFO - Started process (PID=85141) to work on /home/mnguyen0226/anaconda3/envs/learning_scraper/lib/python3.11/site-packages/airflow/example_dags/tutorial_taskflow_api_virtualenv.py
[2023-08-20T21:12:08.383-0400] {processor.py:826} INFO - Processing file /home/mnguyen0226/anaconda3/envs/learning_scraper/lib/python3.11/site-packages/airflow/example_dags/tutorial_taskflow_api_virtualenv.py for tasks to queue
[2023-08-20T21:12:08.385-0400] {logging_mixin.py:150} INFO - [2023-08-20T21:12:08.384-0400] {dagbag.py:541} INFO - Filling up the DagBag from /home/mnguyen0226/anaconda3/envs/learning_scraper/lib/python3.11/site-packages/airflow/example_dags/tutorial_taskflow_api_virtualenv.py
[2023-08-20T21:12:08.396-0400] {processor.py:836} INFO - DAG(s) dict_keys(['tutorial_taskflow_api_virtualenv']) retrieved from /home/mnguyen0226/anaconda3/envs/learning_scraper/lib/python3.11/site-packages/airflow/example_dags/tutorial_taskflow_api_virtualenv.py
[2023-08-20T21:12:08.424-0400] {logging_mixin.py:150} INFO - [2023-08-20T21:12:08.424-0400] {dag.py:2742} INFO - Sync 1 DAGs
[2023-08-20T21:12:08.442-0400] {logging_mixin.py:150} INFO - [2023-08-20T21:12:08.442-0400] {dag.py:3504} INFO - Setting next_dagrun for tutorial_taskflow_api_virtualenv to None, run_after=None
[2023-08-20T21:12:08.465-0400] {processor.py:179} INFO - Processing /home/mnguyen0226/anaconda3/envs/learning_scraper/lib/python3.11/site-packages/airflow/example_dags/tutorial_taskflow_api_virtualenv.py took 0.089 seconds
[2023-08-20T21:12:46.239-0400] {processor.py:157} INFO - Started process (PID=85671) to work on /home/mnguyen0226/anaconda3/envs/learning_scraper/lib/python3.11/site-packages/airflow/example_dags/tutorial_taskflow_api_virtualenv.py
[2023-08-20T21:12:46.240-0400] {processor.py:826} INFO - Processing file /home/mnguyen0226/anaconda3/envs/learning_scraper/lib/python3.11/site-packages/airflow/example_dags/tutorial_taskflow_api_virtualenv.py for tasks to queue
[2023-08-20T21:12:46.241-0400] {logging_mixin.py:150} INFO - [2023-08-20T21:12:46.241-0400] {dagbag.py:541} INFO - Filling up the DagBag from /home/mnguyen0226/anaconda3/envs/learning_scraper/lib/python3.11/site-packages/airflow/example_dags/tutorial_taskflow_api_virtualenv.py
[2023-08-20T21:12:46.251-0400] {processor.py:836} INFO - DAG(s) dict_keys(['tutorial_taskflow_api_virtualenv']) retrieved from /home/mnguyen0226/anaconda3/envs/learning_scraper/lib/python3.11/site-packages/airflow/example_dags/tutorial_taskflow_api_virtualenv.py
[2023-08-20T21:12:46.268-0400] {logging_mixin.py:150} INFO - [2023-08-20T21:12:46.268-0400] {dag.py:2742} INFO - Sync 1 DAGs
[2023-08-20T21:12:46.286-0400] {logging_mixin.py:150} INFO - [2023-08-20T21:12:46.285-0400] {dag.py:3504} INFO - Setting next_dagrun for tutorial_taskflow_api_virtualenv to None, run_after=None
[2023-08-20T21:12:46.318-0400] {processor.py:179} INFO - Processing /home/mnguyen0226/anaconda3/envs/learning_scraper/lib/python3.11/site-packages/airflow/example_dags/tutorial_taskflow_api_virtualenv.py took 0.084 seconds
[2023-08-20T21:13:24.123-0400] {processor.py:157} INFO - Started process (PID=85877) to work on /home/mnguyen0226/anaconda3/envs/learning_scraper/lib/python3.11/site-packages/airflow/example_dags/tutorial_taskflow_api_virtualenv.py
[2023-08-20T21:13:24.123-0400] {processor.py:826} INFO - Processing file /home/mnguyen0226/anaconda3/envs/learning_scraper/lib/python3.11/site-packages/airflow/example_dags/tutorial_taskflow_api_virtualenv.py for tasks to queue
[2023-08-20T21:13:24.124-0400] {logging_mixin.py:150} INFO - [2023-08-20T21:13:24.124-0400] {dagbag.py:541} INFO - Filling up the DagBag from /home/mnguyen0226/anaconda3/envs/learning_scraper/lib/python3.11/site-packages/airflow/example_dags/tutorial_taskflow_api_virtualenv.py
[2023-08-20T21:13:24.131-0400] {processor.py:836} INFO - DAG(s) dict_keys(['tutorial_taskflow_api_virtualenv']) retrieved from /home/mnguyen0226/anaconda3/envs/learning_scraper/lib/python3.11/site-packages/airflow/example_dags/tutorial_taskflow_api_virtualenv.py
[2023-08-20T21:13:24.149-0400] {logging_mixin.py:150} INFO - [2023-08-20T21:13:24.149-0400] {dag.py:2742} INFO - Sync 1 DAGs
[2023-08-20T21:13:24.170-0400] {logging_mixin.py:150} INFO - [2023-08-20T21:13:24.170-0400] {dag.py:3504} INFO - Setting next_dagrun for tutorial_taskflow_api_virtualenv to None, run_after=None
[2023-08-20T21:13:24.195-0400] {processor.py:179} INFO - Processing /home/mnguyen0226/anaconda3/envs/learning_scraper/lib/python3.11/site-packages/airflow/example_dags/tutorial_taskflow_api_virtualenv.py took 0.075 seconds
[2023-08-20T21:14:03.076-0400] {processor.py:157} INFO - Started process (PID=86051) to work on /home/mnguyen0226/anaconda3/envs/learning_scraper/lib/python3.11/site-packages/airflow/example_dags/tutorial_taskflow_api_virtualenv.py
[2023-08-20T21:14:03.077-0400] {processor.py:826} INFO - Processing file /home/mnguyen0226/anaconda3/envs/learning_scraper/lib/python3.11/site-packages/airflow/example_dags/tutorial_taskflow_api_virtualenv.py for tasks to queue
[2023-08-20T21:14:03.078-0400] {logging_mixin.py:150} INFO - [2023-08-20T21:14:03.078-0400] {dagbag.py:541} INFO - Filling up the DagBag from /home/mnguyen0226/anaconda3/envs/learning_scraper/lib/python3.11/site-packages/airflow/example_dags/tutorial_taskflow_api_virtualenv.py
[2023-08-20T21:14:03.090-0400] {processor.py:836} INFO - DAG(s) dict_keys(['tutorial_taskflow_api_virtualenv']) retrieved from /home/mnguyen0226/anaconda3/envs/learning_scraper/lib/python3.11/site-packages/airflow/example_dags/tutorial_taskflow_api_virtualenv.py
[2023-08-20T21:14:03.118-0400] {logging_mixin.py:150} INFO - [2023-08-20T21:14:03.117-0400] {dag.py:2742} INFO - Sync 1 DAGs
[2023-08-20T21:14:03.156-0400] {logging_mixin.py:150} INFO - [2023-08-20T21:14:03.156-0400] {dag.py:3504} INFO - Setting next_dagrun for tutorial_taskflow_api_virtualenv to None, run_after=None
[2023-08-20T21:14:03.196-0400] {processor.py:179} INFO - Processing /home/mnguyen0226/anaconda3/envs/learning_scraper/lib/python3.11/site-packages/airflow/example_dags/tutorial_taskflow_api_virtualenv.py took 0.125 seconds
[2023-08-20T21:14:41.591-0400] {processor.py:157} INFO - Started process (PID=86243) to work on /home/mnguyen0226/anaconda3/envs/learning_scraper/lib/python3.11/site-packages/airflow/example_dags/tutorial_taskflow_api_virtualenv.py
[2023-08-20T21:14:41.592-0400] {processor.py:826} INFO - Processing file /home/mnguyen0226/anaconda3/envs/learning_scraper/lib/python3.11/site-packages/airflow/example_dags/tutorial_taskflow_api_virtualenv.py for tasks to queue
[2023-08-20T21:14:41.594-0400] {logging_mixin.py:150} INFO - [2023-08-20T21:14:41.593-0400] {dagbag.py:541} INFO - Filling up the DagBag from /home/mnguyen0226/anaconda3/envs/learning_scraper/lib/python3.11/site-packages/airflow/example_dags/tutorial_taskflow_api_virtualenv.py
[2023-08-20T21:14:41.608-0400] {processor.py:836} INFO - DAG(s) dict_keys(['tutorial_taskflow_api_virtualenv']) retrieved from /home/mnguyen0226/anaconda3/envs/learning_scraper/lib/python3.11/site-packages/airflow/example_dags/tutorial_taskflow_api_virtualenv.py
[2023-08-20T21:14:41.638-0400] {logging_mixin.py:150} INFO - [2023-08-20T21:14:41.637-0400] {dag.py:2742} INFO - Sync 1 DAGs
[2023-08-20T21:14:41.665-0400] {logging_mixin.py:150} INFO - [2023-08-20T21:14:41.665-0400] {dag.py:3504} INFO - Setting next_dagrun for tutorial_taskflow_api_virtualenv to None, run_after=None
[2023-08-20T21:14:41.691-0400] {processor.py:179} INFO - Processing /home/mnguyen0226/anaconda3/envs/learning_scraper/lib/python3.11/site-packages/airflow/example_dags/tutorial_taskflow_api_virtualenv.py took 0.105 seconds
[2023-08-20T21:15:19.145-0400] {processor.py:157} INFO - Started process (PID=86365) to work on /home/mnguyen0226/anaconda3/envs/learning_scraper/lib/python3.11/site-packages/airflow/example_dags/tutorial_taskflow_api_virtualenv.py
[2023-08-20T21:15:19.146-0400] {processor.py:826} INFO - Processing file /home/mnguyen0226/anaconda3/envs/learning_scraper/lib/python3.11/site-packages/airflow/example_dags/tutorial_taskflow_api_virtualenv.py for tasks to queue
[2023-08-20T21:15:19.147-0400] {logging_mixin.py:150} INFO - [2023-08-20T21:15:19.147-0400] {dagbag.py:541} INFO - Filling up the DagBag from /home/mnguyen0226/anaconda3/envs/learning_scraper/lib/python3.11/site-packages/airflow/example_dags/tutorial_taskflow_api_virtualenv.py
[2023-08-20T21:15:19.159-0400] {processor.py:836} INFO - DAG(s) dict_keys(['tutorial_taskflow_api_virtualenv']) retrieved from /home/mnguyen0226/anaconda3/envs/learning_scraper/lib/python3.11/site-packages/airflow/example_dags/tutorial_taskflow_api_virtualenv.py
[2023-08-20T21:15:19.176-0400] {logging_mixin.py:150} INFO - [2023-08-20T21:15:19.176-0400] {dag.py:2742} INFO - Sync 1 DAGs
[2023-08-20T21:15:19.191-0400] {logging_mixin.py:150} INFO - [2023-08-20T21:15:19.191-0400] {dag.py:3504} INFO - Setting next_dagrun for tutorial_taskflow_api_virtualenv to None, run_after=None
[2023-08-20T21:15:19.213-0400] {processor.py:179} INFO - Processing /home/mnguyen0226/anaconda3/envs/learning_scraper/lib/python3.11/site-packages/airflow/example_dags/tutorial_taskflow_api_virtualenv.py took 0.073 seconds
[2023-08-20T21:15:51.839-0400] {processor.py:157} INFO - Started process (PID=86457) to work on /home/mnguyen0226/anaconda3/envs/learning_scraper/lib/python3.11/site-packages/airflow/example_dags/tutorial_taskflow_api_virtualenv.py
[2023-08-20T21:15:51.840-0400] {processor.py:826} INFO - Processing file /home/mnguyen0226/anaconda3/envs/learning_scraper/lib/python3.11/site-packages/airflow/example_dags/tutorial_taskflow_api_virtualenv.py for tasks to queue
[2023-08-20T21:15:51.841-0400] {logging_mixin.py:150} INFO - [2023-08-20T21:15:51.840-0400] {dagbag.py:541} INFO - Filling up the DagBag from /home/mnguyen0226/anaconda3/envs/learning_scraper/lib/python3.11/site-packages/airflow/example_dags/tutorial_taskflow_api_virtualenv.py
[2023-08-20T21:15:51.852-0400] {processor.py:836} INFO - DAG(s) dict_keys(['tutorial_taskflow_api_virtualenv']) retrieved from /home/mnguyen0226/anaconda3/envs/learning_scraper/lib/python3.11/site-packages/airflow/example_dags/tutorial_taskflow_api_virtualenv.py
[2023-08-20T21:15:51.874-0400] {logging_mixin.py:150} INFO - [2023-08-20T21:15:51.874-0400] {dag.py:2742} INFO - Sync 1 DAGs
[2023-08-20T21:15:51.891-0400] {logging_mixin.py:150} INFO - [2023-08-20T21:15:51.891-0400] {dag.py:3504} INFO - Setting next_dagrun for tutorial_taskflow_api_virtualenv to None, run_after=None
[2023-08-20T21:15:51.919-0400] {processor.py:179} INFO - Processing /home/mnguyen0226/anaconda3/envs/learning_scraper/lib/python3.11/site-packages/airflow/example_dags/tutorial_taskflow_api_virtualenv.py took 0.084 seconds
[2023-08-20T21:16:27.802-0400] {processor.py:157} INFO - Started process (PID=86589) to work on /home/mnguyen0226/anaconda3/envs/learning_scraper/lib/python3.11/site-packages/airflow/example_dags/tutorial_taskflow_api_virtualenv.py
[2023-08-20T21:16:27.803-0400] {processor.py:826} INFO - Processing file /home/mnguyen0226/anaconda3/envs/learning_scraper/lib/python3.11/site-packages/airflow/example_dags/tutorial_taskflow_api_virtualenv.py for tasks to queue
[2023-08-20T21:16:27.804-0400] {logging_mixin.py:150} INFO - [2023-08-20T21:16:27.804-0400] {dagbag.py:541} INFO - Filling up the DagBag from /home/mnguyen0226/anaconda3/envs/learning_scraper/lib/python3.11/site-packages/airflow/example_dags/tutorial_taskflow_api_virtualenv.py
[2023-08-20T21:16:27.812-0400] {processor.py:836} INFO - DAG(s) dict_keys(['tutorial_taskflow_api_virtualenv']) retrieved from /home/mnguyen0226/anaconda3/envs/learning_scraper/lib/python3.11/site-packages/airflow/example_dags/tutorial_taskflow_api_virtualenv.py
[2023-08-20T21:16:27.836-0400] {logging_mixin.py:150} INFO - [2023-08-20T21:16:27.835-0400] {dag.py:2742} INFO - Sync 1 DAGs
[2023-08-20T21:16:27.853-0400] {logging_mixin.py:150} INFO - [2023-08-20T21:16:27.853-0400] {dag.py:3504} INFO - Setting next_dagrun for tutorial_taskflow_api_virtualenv to None, run_after=None
[2023-08-20T21:16:27.875-0400] {processor.py:179} INFO - Processing /home/mnguyen0226/anaconda3/envs/learning_scraper/lib/python3.11/site-packages/airflow/example_dags/tutorial_taskflow_api_virtualenv.py took 0.077 seconds
[2023-08-20T21:17:05.534-0400] {processor.py:157} INFO - Started process (PID=86951) to work on /home/mnguyen0226/anaconda3/envs/learning_scraper/lib/python3.11/site-packages/airflow/example_dags/tutorial_taskflow_api_virtualenv.py
[2023-08-20T21:17:05.543-0400] {processor.py:826} INFO - Processing file /home/mnguyen0226/anaconda3/envs/learning_scraper/lib/python3.11/site-packages/airflow/example_dags/tutorial_taskflow_api_virtualenv.py for tasks to queue
[2023-08-20T21:17:05.545-0400] {logging_mixin.py:150} INFO - [2023-08-20T21:17:05.544-0400] {dagbag.py:541} INFO - Filling up the DagBag from /home/mnguyen0226/anaconda3/envs/learning_scraper/lib/python3.11/site-packages/airflow/example_dags/tutorial_taskflow_api_virtualenv.py
[2023-08-20T21:17:05.557-0400] {processor.py:836} INFO - DAG(s) dict_keys(['tutorial_taskflow_api_virtualenv']) retrieved from /home/mnguyen0226/anaconda3/envs/learning_scraper/lib/python3.11/site-packages/airflow/example_dags/tutorial_taskflow_api_virtualenv.py
[2023-08-20T21:17:05.583-0400] {logging_mixin.py:150} INFO - [2023-08-20T21:17:05.582-0400] {dag.py:2742} INFO - Sync 1 DAGs
[2023-08-20T21:17:05.614-0400] {logging_mixin.py:150} INFO - [2023-08-20T21:17:05.614-0400] {dag.py:3504} INFO - Setting next_dagrun for tutorial_taskflow_api_virtualenv to None, run_after=None
[2023-08-20T21:17:05.643-0400] {processor.py:179} INFO - Processing /home/mnguyen0226/anaconda3/envs/learning_scraper/lib/python3.11/site-packages/airflow/example_dags/tutorial_taskflow_api_virtualenv.py took 0.113 seconds
[2023-08-20T21:17:40.553-0400] {processor.py:157} INFO - Started process (PID=87068) to work on /home/mnguyen0226/anaconda3/envs/learning_scraper/lib/python3.11/site-packages/airflow/example_dags/tutorial_taskflow_api_virtualenv.py
[2023-08-20T21:17:40.553-0400] {processor.py:826} INFO - Processing file /home/mnguyen0226/anaconda3/envs/learning_scraper/lib/python3.11/site-packages/airflow/example_dags/tutorial_taskflow_api_virtualenv.py for tasks to queue
[2023-08-20T21:17:40.555-0400] {logging_mixin.py:150} INFO - [2023-08-20T21:17:40.554-0400] {dagbag.py:541} INFO - Filling up the DagBag from /home/mnguyen0226/anaconda3/envs/learning_scraper/lib/python3.11/site-packages/airflow/example_dags/tutorial_taskflow_api_virtualenv.py
[2023-08-20T21:17:40.566-0400] {processor.py:836} INFO - DAG(s) dict_keys(['tutorial_taskflow_api_virtualenv']) retrieved from /home/mnguyen0226/anaconda3/envs/learning_scraper/lib/python3.11/site-packages/airflow/example_dags/tutorial_taskflow_api_virtualenv.py
[2023-08-20T21:17:40.595-0400] {logging_mixin.py:150} INFO - [2023-08-20T21:17:40.594-0400] {dag.py:2742} INFO - Sync 1 DAGs
[2023-08-20T21:17:40.633-0400] {logging_mixin.py:150} INFO - [2023-08-20T21:17:40.632-0400] {dag.py:3504} INFO - Setting next_dagrun for tutorial_taskflow_api_virtualenv to None, run_after=None
[2023-08-20T21:17:40.663-0400] {processor.py:179} INFO - Processing /home/mnguyen0226/anaconda3/envs/learning_scraper/lib/python3.11/site-packages/airflow/example_dags/tutorial_taskflow_api_virtualenv.py took 0.115 seconds
[2023-08-20T21:18:15.670-0400] {processor.py:157} INFO - Started process (PID=87288) to work on /home/mnguyen0226/anaconda3/envs/learning_scraper/lib/python3.11/site-packages/airflow/example_dags/tutorial_taskflow_api_virtualenv.py
[2023-08-20T21:18:15.672-0400] {processor.py:826} INFO - Processing file /home/mnguyen0226/anaconda3/envs/learning_scraper/lib/python3.11/site-packages/airflow/example_dags/tutorial_taskflow_api_virtualenv.py for tasks to queue
[2023-08-20T21:18:15.673-0400] {logging_mixin.py:150} INFO - [2023-08-20T21:18:15.673-0400] {dagbag.py:541} INFO - Filling up the DagBag from /home/mnguyen0226/anaconda3/envs/learning_scraper/lib/python3.11/site-packages/airflow/example_dags/tutorial_taskflow_api_virtualenv.py
[2023-08-20T21:18:15.683-0400] {processor.py:836} INFO - DAG(s) dict_keys(['tutorial_taskflow_api_virtualenv']) retrieved from /home/mnguyen0226/anaconda3/envs/learning_scraper/lib/python3.11/site-packages/airflow/example_dags/tutorial_taskflow_api_virtualenv.py
[2023-08-20T21:18:15.705-0400] {logging_mixin.py:150} INFO - [2023-08-20T21:18:15.704-0400] {dag.py:2742} INFO - Sync 1 DAGs
[2023-08-20T21:18:15.719-0400] {logging_mixin.py:150} INFO - [2023-08-20T21:18:15.719-0400] {dag.py:3504} INFO - Setting next_dagrun for tutorial_taskflow_api_virtualenv to None, run_after=None
[2023-08-20T21:18:15.740-0400] {processor.py:179} INFO - Processing /home/mnguyen0226/anaconda3/envs/learning_scraper/lib/python3.11/site-packages/airflow/example_dags/tutorial_taskflow_api_virtualenv.py took 0.075 seconds
[2023-08-20T21:18:54.798-0400] {processor.py:157} INFO - Started process (PID=87464) to work on /home/mnguyen0226/anaconda3/envs/learning_scraper/lib/python3.11/site-packages/airflow/example_dags/tutorial_taskflow_api_virtualenv.py
[2023-08-20T21:18:54.807-0400] {processor.py:826} INFO - Processing file /home/mnguyen0226/anaconda3/envs/learning_scraper/lib/python3.11/site-packages/airflow/example_dags/tutorial_taskflow_api_virtualenv.py for tasks to queue
[2023-08-20T21:18:54.808-0400] {logging_mixin.py:150} INFO - [2023-08-20T21:18:54.807-0400] {dagbag.py:541} INFO - Filling up the DagBag from /home/mnguyen0226/anaconda3/envs/learning_scraper/lib/python3.11/site-packages/airflow/example_dags/tutorial_taskflow_api_virtualenv.py
[2023-08-20T21:18:54.815-0400] {processor.py:836} INFO - DAG(s) dict_keys(['tutorial_taskflow_api_virtualenv']) retrieved from /home/mnguyen0226/anaconda3/envs/learning_scraper/lib/python3.11/site-packages/airflow/example_dags/tutorial_taskflow_api_virtualenv.py
[2023-08-20T21:18:54.840-0400] {logging_mixin.py:150} INFO - [2023-08-20T21:18:54.839-0400] {dag.py:2742} INFO - Sync 1 DAGs
[2023-08-20T21:18:54.868-0400] {logging_mixin.py:150} INFO - [2023-08-20T21:18:54.868-0400] {dag.py:3504} INFO - Setting next_dagrun for tutorial_taskflow_api_virtualenv to None, run_after=None
[2023-08-20T21:18:54.902-0400] {processor.py:179} INFO - Processing /home/mnguyen0226/anaconda3/envs/learning_scraper/lib/python3.11/site-packages/airflow/example_dags/tutorial_taskflow_api_virtualenv.py took 0.107 seconds
[2023-08-20T21:19:32.257-0400] {processor.py:157} INFO - Started process (PID=87815) to work on /home/mnguyen0226/anaconda3/envs/learning_scraper/lib/python3.11/site-packages/airflow/example_dags/tutorial_taskflow_api_virtualenv.py
[2023-08-20T21:19:32.258-0400] {processor.py:826} INFO - Processing file /home/mnguyen0226/anaconda3/envs/learning_scraper/lib/python3.11/site-packages/airflow/example_dags/tutorial_taskflow_api_virtualenv.py for tasks to queue
[2023-08-20T21:19:32.259-0400] {logging_mixin.py:150} INFO - [2023-08-20T21:19:32.258-0400] {dagbag.py:541} INFO - Filling up the DagBag from /home/mnguyen0226/anaconda3/envs/learning_scraper/lib/python3.11/site-packages/airflow/example_dags/tutorial_taskflow_api_virtualenv.py
[2023-08-20T21:19:32.264-0400] {processor.py:836} INFO - DAG(s) dict_keys(['tutorial_taskflow_api_virtualenv']) retrieved from /home/mnguyen0226/anaconda3/envs/learning_scraper/lib/python3.11/site-packages/airflow/example_dags/tutorial_taskflow_api_virtualenv.py
[2023-08-20T21:19:32.278-0400] {logging_mixin.py:150} INFO - [2023-08-20T21:19:32.278-0400] {dag.py:2742} INFO - Sync 1 DAGs
[2023-08-20T21:19:32.294-0400] {logging_mixin.py:150} INFO - [2023-08-20T21:19:32.294-0400] {dag.py:3504} INFO - Setting next_dagrun for tutorial_taskflow_api_virtualenv to None, run_after=None
[2023-08-20T21:19:32.319-0400] {processor.py:179} INFO - Processing /home/mnguyen0226/anaconda3/envs/learning_scraper/lib/python3.11/site-packages/airflow/example_dags/tutorial_taskflow_api_virtualenv.py took 0.064 seconds
[2023-08-20T21:20:05.735-0400] {processor.py:157} INFO - Started process (PID=88016) to work on /home/mnguyen0226/anaconda3/envs/learning_scraper/lib/python3.11/site-packages/airflow/example_dags/tutorial_taskflow_api_virtualenv.py
[2023-08-20T21:20:05.736-0400] {processor.py:826} INFO - Processing file /home/mnguyen0226/anaconda3/envs/learning_scraper/lib/python3.11/site-packages/airflow/example_dags/tutorial_taskflow_api_virtualenv.py for tasks to queue
[2023-08-20T21:20:05.737-0400] {logging_mixin.py:150} INFO - [2023-08-20T21:20:05.737-0400] {dagbag.py:541} INFO - Filling up the DagBag from /home/mnguyen0226/anaconda3/envs/learning_scraper/lib/python3.11/site-packages/airflow/example_dags/tutorial_taskflow_api_virtualenv.py
[2023-08-20T21:20:05.747-0400] {processor.py:836} INFO - DAG(s) dict_keys(['tutorial_taskflow_api_virtualenv']) retrieved from /home/mnguyen0226/anaconda3/envs/learning_scraper/lib/python3.11/site-packages/airflow/example_dags/tutorial_taskflow_api_virtualenv.py
[2023-08-20T21:20:05.774-0400] {logging_mixin.py:150} INFO - [2023-08-20T21:20:05.773-0400] {dag.py:2742} INFO - Sync 1 DAGs
[2023-08-20T21:20:05.804-0400] {logging_mixin.py:150} INFO - [2023-08-20T21:20:05.804-0400] {dag.py:3504} INFO - Setting next_dagrun for tutorial_taskflow_api_virtualenv to None, run_after=None
[2023-08-20T21:20:05.828-0400] {processor.py:179} INFO - Processing /home/mnguyen0226/anaconda3/envs/learning_scraper/lib/python3.11/site-packages/airflow/example_dags/tutorial_taskflow_api_virtualenv.py took 0.097 seconds
[2023-08-20T21:20:41.394-0400] {processor.py:157} INFO - Started process (PID=88249) to work on /home/mnguyen0226/anaconda3/envs/learning_scraper/lib/python3.11/site-packages/airflow/example_dags/tutorial_taskflow_api_virtualenv.py
[2023-08-20T21:20:41.395-0400] {processor.py:826} INFO - Processing file /home/mnguyen0226/anaconda3/envs/learning_scraper/lib/python3.11/site-packages/airflow/example_dags/tutorial_taskflow_api_virtualenv.py for tasks to queue
[2023-08-20T21:20:41.397-0400] {logging_mixin.py:150} INFO - [2023-08-20T21:20:41.396-0400] {dagbag.py:541} INFO - Filling up the DagBag from /home/mnguyen0226/anaconda3/envs/learning_scraper/lib/python3.11/site-packages/airflow/example_dags/tutorial_taskflow_api_virtualenv.py
[2023-08-20T21:20:41.407-0400] {processor.py:836} INFO - DAG(s) dict_keys(['tutorial_taskflow_api_virtualenv']) retrieved from /home/mnguyen0226/anaconda3/envs/learning_scraper/lib/python3.11/site-packages/airflow/example_dags/tutorial_taskflow_api_virtualenv.py
[2023-08-20T21:20:41.429-0400] {logging_mixin.py:150} INFO - [2023-08-20T21:20:41.428-0400] {dag.py:2742} INFO - Sync 1 DAGs
[2023-08-20T21:20:41.445-0400] {logging_mixin.py:150} INFO - [2023-08-20T21:20:41.445-0400] {dag.py:3504} INFO - Setting next_dagrun for tutorial_taskflow_api_virtualenv to None, run_after=None
[2023-08-20T21:20:41.467-0400] {processor.py:179} INFO - Processing /home/mnguyen0226/anaconda3/envs/learning_scraper/lib/python3.11/site-packages/airflow/example_dags/tutorial_taskflow_api_virtualenv.py took 0.079 seconds
[2023-08-20T21:21:17.122-0400] {processor.py:157} INFO - Started process (PID=88318) to work on /home/mnguyen0226/anaconda3/envs/learning_scraper/lib/python3.11/site-packages/airflow/example_dags/tutorial_taskflow_api_virtualenv.py
[2023-08-20T21:21:17.131-0400] {processor.py:826} INFO - Processing file /home/mnguyen0226/anaconda3/envs/learning_scraper/lib/python3.11/site-packages/airflow/example_dags/tutorial_taskflow_api_virtualenv.py for tasks to queue
[2023-08-20T21:21:17.132-0400] {logging_mixin.py:150} INFO - [2023-08-20T21:21:17.132-0400] {dagbag.py:541} INFO - Filling up the DagBag from /home/mnguyen0226/anaconda3/envs/learning_scraper/lib/python3.11/site-packages/airflow/example_dags/tutorial_taskflow_api_virtualenv.py
[2023-08-20T21:21:17.138-0400] {processor.py:836} INFO - DAG(s) dict_keys(['tutorial_taskflow_api_virtualenv']) retrieved from /home/mnguyen0226/anaconda3/envs/learning_scraper/lib/python3.11/site-packages/airflow/example_dags/tutorial_taskflow_api_virtualenv.py
[2023-08-20T21:21:17.150-0400] {logging_mixin.py:150} INFO - [2023-08-20T21:21:17.150-0400] {dag.py:2742} INFO - Sync 1 DAGs
[2023-08-20T21:21:17.165-0400] {logging_mixin.py:150} INFO - [2023-08-20T21:21:17.165-0400] {dag.py:3504} INFO - Setting next_dagrun for tutorial_taskflow_api_virtualenv to None, run_after=None
[2023-08-20T21:21:17.186-0400] {processor.py:179} INFO - Processing /home/mnguyen0226/anaconda3/envs/learning_scraper/lib/python3.11/site-packages/airflow/example_dags/tutorial_taskflow_api_virtualenv.py took 0.066 seconds
