[2023-08-20T21:00:19.134-0400] {processor.py:157} INFO - Started process (PID=80406) to work on /home/mnguyen0226/anaconda3/envs/learning_scraper/lib/python3.11/site-packages/airflow/example_dags/tutorial.py
[2023-08-20T21:00:19.135-0400] {processor.py:826} INFO - Processing file /home/mnguyen0226/anaconda3/envs/learning_scraper/lib/python3.11/site-packages/airflow/example_dags/tutorial.py for tasks to queue
[2023-08-20T21:00:19.136-0400] {logging_mixin.py:150} INFO - [2023-08-20T21:00:19.136-0400] {dagbag.py:541} INFO - Filling up the DagBag from /home/mnguyen0226/anaconda3/envs/learning_scraper/lib/python3.11/site-packages/airflow/example_dags/tutorial.py
[2023-08-20T21:00:19.150-0400] {processor.py:836} INFO - DAG(s) dict_keys(['tutorial']) retrieved from /home/mnguyen0226/anaconda3/envs/learning_scraper/lib/python3.11/site-packages/airflow/example_dags/tutorial.py
[2023-08-20T21:00:19.178-0400] {logging_mixin.py:150} INFO - [2023-08-20T21:00:19.178-0400] {dag.py:2742} INFO - Sync 1 DAGs
[2023-08-20T21:00:19.200-0400] {logging_mixin.py:150} INFO - [2023-08-20T21:00:19.200-0400] {dag.py:3504} INFO - Setting next_dagrun for tutorial to 2023-08-20T01:00:19.199926+00:00, run_after=2023-08-21T01:00:19.199926+00:00
[2023-08-20T21:00:19.235-0400] {processor.py:179} INFO - Processing /home/mnguyen0226/anaconda3/envs/learning_scraper/lib/python3.11/site-packages/airflow/example_dags/tutorial.py took 0.105 seconds
[2023-08-20T21:01:07.286-0400] {processor.py:157} INFO - Started process (PID=80881) to work on /home/mnguyen0226/anaconda3/envs/learning_scraper/lib/python3.11/site-packages/airflow/example_dags/tutorial.py
[2023-08-20T21:01:07.287-0400] {processor.py:826} INFO - Processing file /home/mnguyen0226/anaconda3/envs/learning_scraper/lib/python3.11/site-packages/airflow/example_dags/tutorial.py for tasks to queue
[2023-08-20T21:01:07.288-0400] {logging_mixin.py:150} INFO - [2023-08-20T21:01:07.287-0400] {dagbag.py:541} INFO - Filling up the DagBag from /home/mnguyen0226/anaconda3/envs/learning_scraper/lib/python3.11/site-packages/airflow/example_dags/tutorial.py
[2023-08-20T21:01:07.299-0400] {processor.py:836} INFO - DAG(s) dict_keys(['tutorial']) retrieved from /home/mnguyen0226/anaconda3/envs/learning_scraper/lib/python3.11/site-packages/airflow/example_dags/tutorial.py
[2023-08-20T21:01:07.321-0400] {logging_mixin.py:150} INFO - [2023-08-20T21:01:07.321-0400] {dag.py:2742} INFO - Sync 1 DAGs
[2023-08-20T21:01:07.346-0400] {logging_mixin.py:150} INFO - [2023-08-20T21:01:07.345-0400] {dag.py:3504} INFO - Setting next_dagrun for tutorial to 2023-08-20T01:01:07.345693+00:00, run_after=2023-08-21T01:01:07.345693+00:00
[2023-08-20T21:01:07.388-0400] {processor.py:179} INFO - Processing /home/mnguyen0226/anaconda3/envs/learning_scraper/lib/python3.11/site-packages/airflow/example_dags/tutorial.py took 0.106 seconds
[2023-08-20T21:01:52.925-0400] {processor.py:157} INFO - Started process (PID=81129) to work on /home/mnguyen0226/anaconda3/envs/learning_scraper/lib/python3.11/site-packages/airflow/example_dags/tutorial.py
[2023-08-20T21:01:52.926-0400] {processor.py:826} INFO - Processing file /home/mnguyen0226/anaconda3/envs/learning_scraper/lib/python3.11/site-packages/airflow/example_dags/tutorial.py for tasks to queue
[2023-08-20T21:01:52.927-0400] {logging_mixin.py:150} INFO - [2023-08-20T21:01:52.927-0400] {dagbag.py:541} INFO - Filling up the DagBag from /home/mnguyen0226/anaconda3/envs/learning_scraper/lib/python3.11/site-packages/airflow/example_dags/tutorial.py
[2023-08-20T21:01:52.936-0400] {processor.py:836} INFO - DAG(s) dict_keys(['tutorial']) retrieved from /home/mnguyen0226/anaconda3/envs/learning_scraper/lib/python3.11/site-packages/airflow/example_dags/tutorial.py
[2023-08-20T21:01:52.959-0400] {logging_mixin.py:150} INFO - [2023-08-20T21:01:52.959-0400] {dag.py:2742} INFO - Sync 1 DAGs
[2023-08-20T21:01:52.985-0400] {logging_mixin.py:150} INFO - [2023-08-20T21:01:52.985-0400] {dag.py:3504} INFO - Setting next_dagrun for tutorial to 2023-08-20T01:01:52.984985+00:00, run_after=2023-08-21T01:01:52.984985+00:00
[2023-08-20T21:01:53.007-0400] {processor.py:179} INFO - Processing /home/mnguyen0226/anaconda3/envs/learning_scraper/lib/python3.11/site-packages/airflow/example_dags/tutorial.py took 0.086 seconds
[2023-08-20T21:03:18.552-0400] {processor.py:157} INFO - Started process (PID=81484) to work on /home/mnguyen0226/anaconda3/envs/learning_scraper/lib/python3.11/site-packages/airflow/example_dags/tutorial.py
[2023-08-20T21:03:18.562-0400] {processor.py:826} INFO - Processing file /home/mnguyen0226/anaconda3/envs/learning_scraper/lib/python3.11/site-packages/airflow/example_dags/tutorial.py for tasks to queue
[2023-08-20T21:03:18.563-0400] {logging_mixin.py:150} INFO - [2023-08-20T21:03:18.562-0400] {dagbag.py:541} INFO - Filling up the DagBag from /home/mnguyen0226/anaconda3/envs/learning_scraper/lib/python3.11/site-packages/airflow/example_dags/tutorial.py
[2023-08-20T21:03:18.579-0400] {processor.py:836} INFO - DAG(s) dict_keys(['tutorial']) retrieved from /home/mnguyen0226/anaconda3/envs/learning_scraper/lib/python3.11/site-packages/airflow/example_dags/tutorial.py
[2023-08-20T21:03:18.612-0400] {logging_mixin.py:150} INFO - [2023-08-20T21:03:18.611-0400] {dag.py:2742} INFO - Sync 1 DAGs
[2023-08-20T21:03:18.648-0400] {logging_mixin.py:150} INFO - [2023-08-20T21:03:18.647-0400] {dag.py:3504} INFO - Setting next_dagrun for tutorial to 2023-08-20T01:03:18.647397+00:00, run_after=2023-08-21T01:03:18.647397+00:00
[2023-08-20T21:03:18.680-0400] {processor.py:179} INFO - Processing /home/mnguyen0226/anaconda3/envs/learning_scraper/lib/python3.11/site-packages/airflow/example_dags/tutorial.py took 0.134 seconds
[2023-08-20T21:04:05.283-0400] {processor.py:157} INFO - Started process (PID=82924) to work on /home/mnguyen0226/anaconda3/envs/learning_scraper/lib/python3.11/site-packages/airflow/example_dags/tutorial.py
[2023-08-20T21:04:05.283-0400] {processor.py:826} INFO - Processing file /home/mnguyen0226/anaconda3/envs/learning_scraper/lib/python3.11/site-packages/airflow/example_dags/tutorial.py for tasks to queue
[2023-08-20T21:04:05.284-0400] {logging_mixin.py:150} INFO - [2023-08-20T21:04:05.284-0400] {dagbag.py:541} INFO - Filling up the DagBag from /home/mnguyen0226/anaconda3/envs/learning_scraper/lib/python3.11/site-packages/airflow/example_dags/tutorial.py
[2023-08-20T21:04:05.290-0400] {processor.py:836} INFO - DAG(s) dict_keys(['tutorial']) retrieved from /home/mnguyen0226/anaconda3/envs/learning_scraper/lib/python3.11/site-packages/airflow/example_dags/tutorial.py
[2023-08-20T21:04:05.301-0400] {logging_mixin.py:150} INFO - [2023-08-20T21:04:05.301-0400] {dag.py:2742} INFO - Sync 1 DAGs
[2023-08-20T21:04:05.316-0400] {logging_mixin.py:150} INFO - [2023-08-20T21:04:05.316-0400] {dag.py:3504} INFO - Setting next_dagrun for tutorial to 2023-08-20T01:04:05.316109+00:00, run_after=2023-08-21T01:04:05.316109+00:00
[2023-08-20T21:04:05.338-0400] {processor.py:179} INFO - Processing /home/mnguyen0226/anaconda3/envs/learning_scraper/lib/python3.11/site-packages/airflow/example_dags/tutorial.py took 0.058 seconds
[2023-08-20T21:04:53.292-0400] {processor.py:157} INFO - Started process (PID=83207) to work on /home/mnguyen0226/anaconda3/envs/learning_scraper/lib/python3.11/site-packages/airflow/example_dags/tutorial.py
[2023-08-20T21:04:53.294-0400] {processor.py:826} INFO - Processing file /home/mnguyen0226/anaconda3/envs/learning_scraper/lib/python3.11/site-packages/airflow/example_dags/tutorial.py for tasks to queue
[2023-08-20T21:04:53.296-0400] {logging_mixin.py:150} INFO - [2023-08-20T21:04:53.295-0400] {dagbag.py:541} INFO - Filling up the DagBag from /home/mnguyen0226/anaconda3/envs/learning_scraper/lib/python3.11/site-packages/airflow/example_dags/tutorial.py
[2023-08-20T21:04:53.308-0400] {processor.py:836} INFO - DAG(s) dict_keys(['tutorial']) retrieved from /home/mnguyen0226/anaconda3/envs/learning_scraper/lib/python3.11/site-packages/airflow/example_dags/tutorial.py
[2023-08-20T21:04:53.336-0400] {logging_mixin.py:150} INFO - [2023-08-20T21:04:53.336-0400] {dag.py:2742} INFO - Sync 1 DAGs
[2023-08-20T21:04:53.366-0400] {logging_mixin.py:150} INFO - [2023-08-20T21:04:53.366-0400] {dag.py:3504} INFO - Setting next_dagrun for tutorial to 2023-08-20T01:04:53.365813+00:00, run_after=2023-08-21T01:04:53.365813+00:00
[2023-08-20T21:04:53.402-0400] {processor.py:179} INFO - Processing /home/mnguyen0226/anaconda3/envs/learning_scraper/lib/python3.11/site-packages/airflow/example_dags/tutorial.py took 0.115 seconds
[2023-08-20T21:05:29.745-0400] {processor.py:157} INFO - Started process (PID=83380) to work on /home/mnguyen0226/anaconda3/envs/learning_scraper/lib/python3.11/site-packages/airflow/example_dags/tutorial.py
[2023-08-20T21:05:29.755-0400] {processor.py:826} INFO - Processing file /home/mnguyen0226/anaconda3/envs/learning_scraper/lib/python3.11/site-packages/airflow/example_dags/tutorial.py for tasks to queue
[2023-08-20T21:05:29.756-0400] {logging_mixin.py:150} INFO - [2023-08-20T21:05:29.755-0400] {dagbag.py:541} INFO - Filling up the DagBag from /home/mnguyen0226/anaconda3/envs/learning_scraper/lib/python3.11/site-packages/airflow/example_dags/tutorial.py
[2023-08-20T21:05:29.765-0400] {processor.py:836} INFO - DAG(s) dict_keys(['tutorial']) retrieved from /home/mnguyen0226/anaconda3/envs/learning_scraper/lib/python3.11/site-packages/airflow/example_dags/tutorial.py
[2023-08-20T21:05:29.788-0400] {logging_mixin.py:150} INFO - [2023-08-20T21:05:29.787-0400] {dag.py:2742} INFO - Sync 1 DAGs
[2023-08-20T21:05:29.817-0400] {logging_mixin.py:150} INFO - [2023-08-20T21:05:29.817-0400] {dag.py:3504} INFO - Setting next_dagrun for tutorial to 2023-08-20T01:05:29.817032+00:00, run_after=2023-08-21T01:05:29.817032+00:00
[2023-08-20T21:05:29.844-0400] {processor.py:179} INFO - Processing /home/mnguyen0226/anaconda3/envs/learning_scraper/lib/python3.11/site-packages/airflow/example_dags/tutorial.py took 0.102 seconds
[2023-08-20T21:06:11.875-0400] {processor.py:157} INFO - Started process (PID=83572) to work on /home/mnguyen0226/anaconda3/envs/learning_scraper/lib/python3.11/site-packages/airflow/example_dags/tutorial.py
[2023-08-20T21:06:11.876-0400] {processor.py:826} INFO - Processing file /home/mnguyen0226/anaconda3/envs/learning_scraper/lib/python3.11/site-packages/airflow/example_dags/tutorial.py for tasks to queue
[2023-08-20T21:06:11.878-0400] {logging_mixin.py:150} INFO - [2023-08-20T21:06:11.877-0400] {dagbag.py:541} INFO - Filling up the DagBag from /home/mnguyen0226/anaconda3/envs/learning_scraper/lib/python3.11/site-packages/airflow/example_dags/tutorial.py
[2023-08-20T21:06:11.889-0400] {processor.py:836} INFO - DAG(s) dict_keys(['tutorial']) retrieved from /home/mnguyen0226/anaconda3/envs/learning_scraper/lib/python3.11/site-packages/airflow/example_dags/tutorial.py
[2023-08-20T21:06:11.913-0400] {logging_mixin.py:150} INFO - [2023-08-20T21:06:11.913-0400] {dag.py:2742} INFO - Sync 1 DAGs
[2023-08-20T21:06:11.937-0400] {logging_mixin.py:150} INFO - [2023-08-20T21:06:11.937-0400] {dag.py:3504} INFO - Setting next_dagrun for tutorial to 2023-08-20T01:06:11.936887+00:00, run_after=2023-08-21T01:06:11.936887+00:00
[2023-08-20T21:06:11.961-0400] {processor.py:179} INFO - Processing /home/mnguyen0226/anaconda3/envs/learning_scraper/lib/python3.11/site-packages/airflow/example_dags/tutorial.py took 0.090 seconds
[2023-08-20T21:06:54.318-0400] {processor.py:157} INFO - Started process (PID=83757) to work on /home/mnguyen0226/anaconda3/envs/learning_scraper/lib/python3.11/site-packages/airflow/example_dags/tutorial.py
[2023-08-20T21:06:54.328-0400] {processor.py:826} INFO - Processing file /home/mnguyen0226/anaconda3/envs/learning_scraper/lib/python3.11/site-packages/airflow/example_dags/tutorial.py for tasks to queue
[2023-08-20T21:06:54.329-0400] {logging_mixin.py:150} INFO - [2023-08-20T21:06:54.328-0400] {dagbag.py:541} INFO - Filling up the DagBag from /home/mnguyen0226/anaconda3/envs/learning_scraper/lib/python3.11/site-packages/airflow/example_dags/tutorial.py
[2023-08-20T21:06:54.334-0400] {processor.py:836} INFO - DAG(s) dict_keys(['tutorial']) retrieved from /home/mnguyen0226/anaconda3/envs/learning_scraper/lib/python3.11/site-packages/airflow/example_dags/tutorial.py
[2023-08-20T21:06:54.349-0400] {logging_mixin.py:150} INFO - [2023-08-20T21:06:54.349-0400] {dag.py:2742} INFO - Sync 1 DAGs
[2023-08-20T21:06:54.475-0400] {logging_mixin.py:150} INFO - [2023-08-20T21:06:54.475-0400] {dag.py:3504} INFO - Setting next_dagrun for tutorial to 2023-08-20T01:06:54.474976+00:00, run_after=2023-08-21T01:06:54.474976+00:00
[2023-08-20T21:06:54.508-0400] {processor.py:179} INFO - Processing /home/mnguyen0226/anaconda3/envs/learning_scraper/lib/python3.11/site-packages/airflow/example_dags/tutorial.py took 0.192 seconds
[2023-08-20T21:07:37.066-0400] {processor.py:157} INFO - Started process (PID=83916) to work on /home/mnguyen0226/anaconda3/envs/learning_scraper/lib/python3.11/site-packages/airflow/example_dags/tutorial.py
[2023-08-20T21:07:37.068-0400] {processor.py:826} INFO - Processing file /home/mnguyen0226/anaconda3/envs/learning_scraper/lib/python3.11/site-packages/airflow/example_dags/tutorial.py for tasks to queue
[2023-08-20T21:07:37.070-0400] {logging_mixin.py:150} INFO - [2023-08-20T21:07:37.069-0400] {dagbag.py:541} INFO - Filling up the DagBag from /home/mnguyen0226/anaconda3/envs/learning_scraper/lib/python3.11/site-packages/airflow/example_dags/tutorial.py
[2023-08-20T21:07:37.082-0400] {processor.py:836} INFO - DAG(s) dict_keys(['tutorial']) retrieved from /home/mnguyen0226/anaconda3/envs/learning_scraper/lib/python3.11/site-packages/airflow/example_dags/tutorial.py
[2023-08-20T21:07:37.218-0400] {logging_mixin.py:150} INFO - [2023-08-20T21:07:37.218-0400] {dag.py:2742} INFO - Sync 1 DAGs
[2023-08-20T21:07:37.232-0400] {logging_mixin.py:150} INFO - [2023-08-20T21:07:37.232-0400] {dag.py:3504} INFO - Setting next_dagrun for tutorial to 2023-08-20T01:07:37.231929+00:00, run_after=2023-08-21T01:07:37.231929+00:00
[2023-08-20T21:07:37.260-0400] {processor.py:179} INFO - Processing /home/mnguyen0226/anaconda3/envs/learning_scraper/lib/python3.11/site-packages/airflow/example_dags/tutorial.py took 0.198 seconds
[2023-08-20T21:08:16.148-0400] {processor.py:157} INFO - Started process (PID=84086) to work on /home/mnguyen0226/anaconda3/envs/learning_scraper/lib/python3.11/site-packages/airflow/example_dags/tutorial.py
[2023-08-20T21:08:16.149-0400] {processor.py:826} INFO - Processing file /home/mnguyen0226/anaconda3/envs/learning_scraper/lib/python3.11/site-packages/airflow/example_dags/tutorial.py for tasks to queue
[2023-08-20T21:08:16.150-0400] {logging_mixin.py:150} INFO - [2023-08-20T21:08:16.150-0400] {dagbag.py:541} INFO - Filling up the DagBag from /home/mnguyen0226/anaconda3/envs/learning_scraper/lib/python3.11/site-packages/airflow/example_dags/tutorial.py
[2023-08-20T21:08:16.161-0400] {processor.py:836} INFO - DAG(s) dict_keys(['tutorial']) retrieved from /home/mnguyen0226/anaconda3/envs/learning_scraper/lib/python3.11/site-packages/airflow/example_dags/tutorial.py
[2023-08-20T21:08:16.186-0400] {logging_mixin.py:150} INFO - [2023-08-20T21:08:16.186-0400] {dag.py:2742} INFO - Sync 1 DAGs
[2023-08-20T21:08:16.209-0400] {logging_mixin.py:150} INFO - [2023-08-20T21:08:16.208-0400] {dag.py:3504} INFO - Setting next_dagrun for tutorial to 2023-08-20T01:08:16.208628+00:00, run_after=2023-08-21T01:08:16.208628+00:00
[2023-08-20T21:08:16.231-0400] {processor.py:179} INFO - Processing /home/mnguyen0226/anaconda3/envs/learning_scraper/lib/python3.11/site-packages/airflow/example_dags/tutorial.py took 0.086 seconds
[2023-08-20T21:08:51.530-0400] {processor.py:157} INFO - Started process (PID=84247) to work on /home/mnguyen0226/anaconda3/envs/learning_scraper/lib/python3.11/site-packages/airflow/example_dags/tutorial.py
[2023-08-20T21:08:51.540-0400] {processor.py:826} INFO - Processing file /home/mnguyen0226/anaconda3/envs/learning_scraper/lib/python3.11/site-packages/airflow/example_dags/tutorial.py for tasks to queue
[2023-08-20T21:08:51.541-0400] {logging_mixin.py:150} INFO - [2023-08-20T21:08:51.540-0400] {dagbag.py:541} INFO - Filling up the DagBag from /home/mnguyen0226/anaconda3/envs/learning_scraper/lib/python3.11/site-packages/airflow/example_dags/tutorial.py
[2023-08-20T21:08:51.552-0400] {processor.py:836} INFO - DAG(s) dict_keys(['tutorial']) retrieved from /home/mnguyen0226/anaconda3/envs/learning_scraper/lib/python3.11/site-packages/airflow/example_dags/tutorial.py
[2023-08-20T21:08:51.578-0400] {logging_mixin.py:150} INFO - [2023-08-20T21:08:51.578-0400] {dag.py:2742} INFO - Sync 1 DAGs
[2023-08-20T21:08:51.619-0400] {logging_mixin.py:150} INFO - [2023-08-20T21:08:51.619-0400] {dag.py:3504} INFO - Setting next_dagrun for tutorial to 2023-08-20T01:08:51.618722+00:00, run_after=2023-08-21T01:08:51.618722+00:00
[2023-08-20T21:08:51.652-0400] {processor.py:179} INFO - Processing /home/mnguyen0226/anaconda3/envs/learning_scraper/lib/python3.11/site-packages/airflow/example_dags/tutorial.py took 0.127 seconds
[2023-08-20T21:09:27.771-0400] {processor.py:157} INFO - Started process (PID=84493) to work on /home/mnguyen0226/anaconda3/envs/learning_scraper/lib/python3.11/site-packages/airflow/example_dags/tutorial.py
[2023-08-20T21:09:27.772-0400] {processor.py:826} INFO - Processing file /home/mnguyen0226/anaconda3/envs/learning_scraper/lib/python3.11/site-packages/airflow/example_dags/tutorial.py for tasks to queue
[2023-08-20T21:09:27.773-0400] {logging_mixin.py:150} INFO - [2023-08-20T21:09:27.773-0400] {dagbag.py:541} INFO - Filling up the DagBag from /home/mnguyen0226/anaconda3/envs/learning_scraper/lib/python3.11/site-packages/airflow/example_dags/tutorial.py
[2023-08-20T21:09:27.787-0400] {processor.py:836} INFO - DAG(s) dict_keys(['tutorial']) retrieved from /home/mnguyen0226/anaconda3/envs/learning_scraper/lib/python3.11/site-packages/airflow/example_dags/tutorial.py
[2023-08-20T21:09:27.814-0400] {logging_mixin.py:150} INFO - [2023-08-20T21:09:27.814-0400] {dag.py:2742} INFO - Sync 1 DAGs
[2023-08-20T21:09:27.844-0400] {logging_mixin.py:150} INFO - [2023-08-20T21:09:27.844-0400] {dag.py:3504} INFO - Setting next_dagrun for tutorial to 2023-08-20T01:09:27.844066+00:00, run_after=2023-08-21T01:09:27.844066+00:00
[2023-08-20T21:09:27.871-0400] {processor.py:179} INFO - Processing /home/mnguyen0226/anaconda3/envs/learning_scraper/lib/python3.11/site-packages/airflow/example_dags/tutorial.py took 0.105 seconds
[2023-08-20T21:10:04.347-0400] {processor.py:157} INFO - Started process (PID=84646) to work on /home/mnguyen0226/anaconda3/envs/learning_scraper/lib/python3.11/site-packages/airflow/example_dags/tutorial.py
[2023-08-20T21:10:04.347-0400] {processor.py:826} INFO - Processing file /home/mnguyen0226/anaconda3/envs/learning_scraper/lib/python3.11/site-packages/airflow/example_dags/tutorial.py for tasks to queue
[2023-08-20T21:10:04.348-0400] {logging_mixin.py:150} INFO - [2023-08-20T21:10:04.348-0400] {dagbag.py:541} INFO - Filling up the DagBag from /home/mnguyen0226/anaconda3/envs/learning_scraper/lib/python3.11/site-packages/airflow/example_dags/tutorial.py
[2023-08-20T21:10:04.359-0400] {processor.py:836} INFO - DAG(s) dict_keys(['tutorial']) retrieved from /home/mnguyen0226/anaconda3/envs/learning_scraper/lib/python3.11/site-packages/airflow/example_dags/tutorial.py
[2023-08-20T21:10:04.396-0400] {logging_mixin.py:150} INFO - [2023-08-20T21:10:04.396-0400] {dag.py:2742} INFO - Sync 1 DAGs
[2023-08-20T21:10:04.434-0400] {logging_mixin.py:150} INFO - [2023-08-20T21:10:04.434-0400] {dag.py:3504} INFO - Setting next_dagrun for tutorial to 2023-08-20T01:10:04.434244+00:00, run_after=2023-08-21T01:10:04.434244+00:00
[2023-08-20T21:10:04.475-0400] {processor.py:179} INFO - Processing /home/mnguyen0226/anaconda3/envs/learning_scraper/lib/python3.11/site-packages/airflow/example_dags/tutorial.py took 0.132 seconds
[2023-08-20T21:10:43.468-0400] {processor.py:157} INFO - Started process (PID=84790) to work on /home/mnguyen0226/anaconda3/envs/learning_scraper/lib/python3.11/site-packages/airflow/example_dags/tutorial.py
[2023-08-20T21:10:43.477-0400] {processor.py:826} INFO - Processing file /home/mnguyen0226/anaconda3/envs/learning_scraper/lib/python3.11/site-packages/airflow/example_dags/tutorial.py for tasks to queue
[2023-08-20T21:10:43.478-0400] {logging_mixin.py:150} INFO - [2023-08-20T21:10:43.477-0400] {dagbag.py:541} INFO - Filling up the DagBag from /home/mnguyen0226/anaconda3/envs/learning_scraper/lib/python3.11/site-packages/airflow/example_dags/tutorial.py
[2023-08-20T21:10:43.485-0400] {processor.py:836} INFO - DAG(s) dict_keys(['tutorial']) retrieved from /home/mnguyen0226/anaconda3/envs/learning_scraper/lib/python3.11/site-packages/airflow/example_dags/tutorial.py
[2023-08-20T21:10:43.500-0400] {logging_mixin.py:150} INFO - [2023-08-20T21:10:43.500-0400] {dag.py:2742} INFO - Sync 1 DAGs
[2023-08-20T21:10:43.516-0400] {logging_mixin.py:150} INFO - [2023-08-20T21:10:43.516-0400] {dag.py:3504} INFO - Setting next_dagrun for tutorial to 2023-08-20T01:10:43.516433+00:00, run_after=2023-08-21T01:10:43.516433+00:00
[2023-08-20T21:10:43.548-0400] {processor.py:179} INFO - Processing /home/mnguyen0226/anaconda3/envs/learning_scraper/lib/python3.11/site-packages/airflow/example_dags/tutorial.py took 0.082 seconds
[2023-08-20T21:11:21.969-0400] {processor.py:157} INFO - Started process (PID=84992) to work on /home/mnguyen0226/anaconda3/envs/learning_scraper/lib/python3.11/site-packages/airflow/example_dags/tutorial.py
[2023-08-20T21:11:21.970-0400] {processor.py:826} INFO - Processing file /home/mnguyen0226/anaconda3/envs/learning_scraper/lib/python3.11/site-packages/airflow/example_dags/tutorial.py for tasks to queue
[2023-08-20T21:11:21.971-0400] {logging_mixin.py:150} INFO - [2023-08-20T21:11:21.971-0400] {dagbag.py:541} INFO - Filling up the DagBag from /home/mnguyen0226/anaconda3/envs/learning_scraper/lib/python3.11/site-packages/airflow/example_dags/tutorial.py
[2023-08-20T21:11:21.981-0400] {processor.py:836} INFO - DAG(s) dict_keys(['tutorial']) retrieved from /home/mnguyen0226/anaconda3/envs/learning_scraper/lib/python3.11/site-packages/airflow/example_dags/tutorial.py
[2023-08-20T21:11:22.004-0400] {logging_mixin.py:150} INFO - [2023-08-20T21:11:22.004-0400] {dag.py:2742} INFO - Sync 1 DAGs
[2023-08-20T21:11:22.034-0400] {logging_mixin.py:150} INFO - [2023-08-20T21:11:22.033-0400] {dag.py:3504} INFO - Setting next_dagrun for tutorial to 2023-08-20T01:11:22.033635+00:00, run_after=2023-08-21T01:11:22.033635+00:00
[2023-08-20T21:11:22.069-0400] {processor.py:179} INFO - Processing /home/mnguyen0226/anaconda3/envs/learning_scraper/lib/python3.11/site-packages/airflow/example_dags/tutorial.py took 0.104 seconds
[2023-08-20T21:12:12.529-0400] {processor.py:157} INFO - Started process (PID=85168) to work on /home/mnguyen0226/anaconda3/envs/learning_scraper/lib/python3.11/site-packages/airflow/example_dags/tutorial.py
[2023-08-20T21:12:12.529-0400] {processor.py:826} INFO - Processing file /home/mnguyen0226/anaconda3/envs/learning_scraper/lib/python3.11/site-packages/airflow/example_dags/tutorial.py for tasks to queue
[2023-08-20T21:12:12.530-0400] {logging_mixin.py:150} INFO - [2023-08-20T21:12:12.530-0400] {dagbag.py:541} INFO - Filling up the DagBag from /home/mnguyen0226/anaconda3/envs/learning_scraper/lib/python3.11/site-packages/airflow/example_dags/tutorial.py
[2023-08-20T21:12:12.537-0400] {processor.py:836} INFO - DAG(s) dict_keys(['tutorial']) retrieved from /home/mnguyen0226/anaconda3/envs/learning_scraper/lib/python3.11/site-packages/airflow/example_dags/tutorial.py
[2023-08-20T21:12:12.556-0400] {logging_mixin.py:150} INFO - [2023-08-20T21:12:12.556-0400] {dag.py:2742} INFO - Sync 1 DAGs
[2023-08-20T21:12:12.577-0400] {logging_mixin.py:150} INFO - [2023-08-20T21:12:12.577-0400] {dag.py:3504} INFO - Setting next_dagrun for tutorial to 2023-08-20T01:12:12.577540+00:00, run_after=2023-08-21T01:12:12.577540+00:00
[2023-08-20T21:12:12.606-0400] {processor.py:179} INFO - Processing /home/mnguyen0226/anaconda3/envs/learning_scraper/lib/python3.11/site-packages/airflow/example_dags/tutorial.py took 0.080 seconds
[2023-08-20T21:12:50.237-0400] {processor.py:157} INFO - Started process (PID=85695) to work on /home/mnguyen0226/anaconda3/envs/learning_scraper/lib/python3.11/site-packages/airflow/example_dags/tutorial.py
[2023-08-20T21:12:50.238-0400] {processor.py:826} INFO - Processing file /home/mnguyen0226/anaconda3/envs/learning_scraper/lib/python3.11/site-packages/airflow/example_dags/tutorial.py for tasks to queue
[2023-08-20T21:12:50.239-0400] {logging_mixin.py:150} INFO - [2023-08-20T21:12:50.239-0400] {dagbag.py:541} INFO - Filling up the DagBag from /home/mnguyen0226/anaconda3/envs/learning_scraper/lib/python3.11/site-packages/airflow/example_dags/tutorial.py
[2023-08-20T21:12:50.250-0400] {processor.py:836} INFO - DAG(s) dict_keys(['tutorial']) retrieved from /home/mnguyen0226/anaconda3/envs/learning_scraper/lib/python3.11/site-packages/airflow/example_dags/tutorial.py
[2023-08-20T21:12:50.278-0400] {logging_mixin.py:150} INFO - [2023-08-20T21:12:50.277-0400] {dag.py:2742} INFO - Sync 1 DAGs
[2023-08-20T21:12:50.310-0400] {logging_mixin.py:150} INFO - [2023-08-20T21:12:50.309-0400] {dag.py:3504} INFO - Setting next_dagrun for tutorial to 2023-08-20T01:12:50.309337+00:00, run_after=2023-08-21T01:12:50.309337+00:00
[2023-08-20T21:12:50.350-0400] {processor.py:179} INFO - Processing /home/mnguyen0226/anaconda3/envs/learning_scraper/lib/python3.11/site-packages/airflow/example_dags/tutorial.py took 0.118 seconds
[2023-08-20T21:13:28.120-0400] {processor.py:157} INFO - Started process (PID=85883) to work on /home/mnguyen0226/anaconda3/envs/learning_scraper/lib/python3.11/site-packages/airflow/example_dags/tutorial.py
[2023-08-20T21:13:28.121-0400] {processor.py:826} INFO - Processing file /home/mnguyen0226/anaconda3/envs/learning_scraper/lib/python3.11/site-packages/airflow/example_dags/tutorial.py for tasks to queue
[2023-08-20T21:13:28.121-0400] {logging_mixin.py:150} INFO - [2023-08-20T21:13:28.121-0400] {dagbag.py:541} INFO - Filling up the DagBag from /home/mnguyen0226/anaconda3/envs/learning_scraper/lib/python3.11/site-packages/airflow/example_dags/tutorial.py
[2023-08-20T21:13:28.129-0400] {processor.py:836} INFO - DAG(s) dict_keys(['tutorial']) retrieved from /home/mnguyen0226/anaconda3/envs/learning_scraper/lib/python3.11/site-packages/airflow/example_dags/tutorial.py
[2023-08-20T21:13:28.143-0400] {logging_mixin.py:150} INFO - [2023-08-20T21:13:28.143-0400] {dag.py:2742} INFO - Sync 1 DAGs
[2023-08-20T21:13:28.158-0400] {logging_mixin.py:150} INFO - [2023-08-20T21:13:28.158-0400] {dag.py:3504} INFO - Setting next_dagrun for tutorial to 2023-08-20T01:13:28.158379+00:00, run_after=2023-08-21T01:13:28.158379+00:00
[2023-08-20T21:13:28.184-0400] {processor.py:179} INFO - Processing /home/mnguyen0226/anaconda3/envs/learning_scraper/lib/python3.11/site-packages/airflow/example_dags/tutorial.py took 0.067 seconds
[2023-08-20T21:14:08.012-0400] {processor.py:157} INFO - Started process (PID=86068) to work on /home/mnguyen0226/anaconda3/envs/learning_scraper/lib/python3.11/site-packages/airflow/example_dags/tutorial.py
[2023-08-20T21:14:08.013-0400] {processor.py:826} INFO - Processing file /home/mnguyen0226/anaconda3/envs/learning_scraper/lib/python3.11/site-packages/airflow/example_dags/tutorial.py for tasks to queue
[2023-08-20T21:14:08.014-0400] {logging_mixin.py:150} INFO - [2023-08-20T21:14:08.013-0400] {dagbag.py:541} INFO - Filling up the DagBag from /home/mnguyen0226/anaconda3/envs/learning_scraper/lib/python3.11/site-packages/airflow/example_dags/tutorial.py
[2023-08-20T21:14:08.021-0400] {processor.py:836} INFO - DAG(s) dict_keys(['tutorial']) retrieved from /home/mnguyen0226/anaconda3/envs/learning_scraper/lib/python3.11/site-packages/airflow/example_dags/tutorial.py
[2023-08-20T21:14:08.038-0400] {logging_mixin.py:150} INFO - [2023-08-20T21:14:08.038-0400] {dag.py:2742} INFO - Sync 1 DAGs
[2023-08-20T21:14:08.058-0400] {logging_mixin.py:150} INFO - [2023-08-20T21:14:08.058-0400] {dag.py:3504} INFO - Setting next_dagrun for tutorial to 2023-08-20T01:14:08.057945+00:00, run_after=2023-08-21T01:14:08.057945+00:00
[2023-08-20T21:14:08.092-0400] {processor.py:179} INFO - Processing /home/mnguyen0226/anaconda3/envs/learning_scraper/lib/python3.11/site-packages/airflow/example_dags/tutorial.py took 0.083 seconds
[2023-08-20T21:14:45.784-0400] {processor.py:157} INFO - Started process (PID=86269) to work on /home/mnguyen0226/anaconda3/envs/learning_scraper/lib/python3.11/site-packages/airflow/example_dags/tutorial.py
[2023-08-20T21:14:45.794-0400] {processor.py:826} INFO - Processing file /home/mnguyen0226/anaconda3/envs/learning_scraper/lib/python3.11/site-packages/airflow/example_dags/tutorial.py for tasks to queue
[2023-08-20T21:14:45.795-0400] {logging_mixin.py:150} INFO - [2023-08-20T21:14:45.795-0400] {dagbag.py:541} INFO - Filling up the DagBag from /home/mnguyen0226/anaconda3/envs/learning_scraper/lib/python3.11/site-packages/airflow/example_dags/tutorial.py
[2023-08-20T21:14:45.809-0400] {processor.py:836} INFO - DAG(s) dict_keys(['tutorial']) retrieved from /home/mnguyen0226/anaconda3/envs/learning_scraper/lib/python3.11/site-packages/airflow/example_dags/tutorial.py
[2023-08-20T21:14:45.835-0400] {logging_mixin.py:150} INFO - [2023-08-20T21:14:45.835-0400] {dag.py:2742} INFO - Sync 1 DAGs
[2023-08-20T21:14:45.858-0400] {logging_mixin.py:150} INFO - [2023-08-20T21:14:45.858-0400] {dag.py:3504} INFO - Setting next_dagrun for tutorial to 2023-08-20T01:14:45.858437+00:00, run_after=2023-08-21T01:14:45.858437+00:00
[2023-08-20T21:14:45.890-0400] {processor.py:179} INFO - Processing /home/mnguyen0226/anaconda3/envs/learning_scraper/lib/python3.11/site-packages/airflow/example_dags/tutorial.py took 0.111 seconds
[2023-08-20T21:15:22.509-0400] {processor.py:157} INFO - Started process (PID=86369) to work on /home/mnguyen0226/anaconda3/envs/learning_scraper/lib/python3.11/site-packages/airflow/example_dags/tutorial.py
[2023-08-20T21:15:22.510-0400] {processor.py:826} INFO - Processing file /home/mnguyen0226/anaconda3/envs/learning_scraper/lib/python3.11/site-packages/airflow/example_dags/tutorial.py for tasks to queue
[2023-08-20T21:15:22.512-0400] {logging_mixin.py:150} INFO - [2023-08-20T21:15:22.511-0400] {dagbag.py:541} INFO - Filling up the DagBag from /home/mnguyen0226/anaconda3/envs/learning_scraper/lib/python3.11/site-packages/airflow/example_dags/tutorial.py
[2023-08-20T21:15:22.523-0400] {processor.py:836} INFO - DAG(s) dict_keys(['tutorial']) retrieved from /home/mnguyen0226/anaconda3/envs/learning_scraper/lib/python3.11/site-packages/airflow/example_dags/tutorial.py
[2023-08-20T21:15:22.547-0400] {logging_mixin.py:150} INFO - [2023-08-20T21:15:22.546-0400] {dag.py:2742} INFO - Sync 1 DAGs
[2023-08-20T21:15:22.565-0400] {logging_mixin.py:150} INFO - [2023-08-20T21:15:22.565-0400] {dag.py:3504} INFO - Setting next_dagrun for tutorial to 2023-08-20T01:15:22.565248+00:00, run_after=2023-08-21T01:15:22.565248+00:00
[2023-08-20T21:15:22.590-0400] {processor.py:179} INFO - Processing /home/mnguyen0226/anaconda3/envs/learning_scraper/lib/python3.11/site-packages/airflow/example_dags/tutorial.py took 0.085 seconds
[2023-08-20T21:16:12.615-0400] {processor.py:157} INFO - Started process (PID=86538) to work on /home/mnguyen0226/anaconda3/envs/learning_scraper/lib/python3.11/site-packages/airflow/example_dags/tutorial.py
[2023-08-20T21:16:12.616-0400] {processor.py:826} INFO - Processing file /home/mnguyen0226/anaconda3/envs/learning_scraper/lib/python3.11/site-packages/airflow/example_dags/tutorial.py for tasks to queue
[2023-08-20T21:16:12.616-0400] {logging_mixin.py:150} INFO - [2023-08-20T21:16:12.616-0400] {dagbag.py:541} INFO - Filling up the DagBag from /home/mnguyen0226/anaconda3/envs/learning_scraper/lib/python3.11/site-packages/airflow/example_dags/tutorial.py
[2023-08-20T21:16:12.623-0400] {processor.py:836} INFO - DAG(s) dict_keys(['tutorial']) retrieved from /home/mnguyen0226/anaconda3/envs/learning_scraper/lib/python3.11/site-packages/airflow/example_dags/tutorial.py
[2023-08-20T21:16:12.638-0400] {logging_mixin.py:150} INFO - [2023-08-20T21:16:12.638-0400] {dag.py:2742} INFO - Sync 1 DAGs
[2023-08-20T21:16:12.660-0400] {logging_mixin.py:150} INFO - [2023-08-20T21:16:12.660-0400] {dag.py:3504} INFO - Setting next_dagrun for tutorial to 2023-08-20T01:16:12.660177+00:00, run_after=2023-08-21T01:16:12.660177+00:00
[2023-08-20T21:16:12.689-0400] {processor.py:179} INFO - Processing /home/mnguyen0226/anaconda3/envs/learning_scraper/lib/python3.11/site-packages/airflow/example_dags/tutorial.py took 0.076 seconds
[2023-08-20T21:16:50.057-0400] {processor.py:157} INFO - Started process (PID=86868) to work on /home/mnguyen0226/anaconda3/envs/learning_scraper/lib/python3.11/site-packages/airflow/example_dags/tutorial.py
[2023-08-20T21:16:50.066-0400] {processor.py:826} INFO - Processing file /home/mnguyen0226/anaconda3/envs/learning_scraper/lib/python3.11/site-packages/airflow/example_dags/tutorial.py for tasks to queue
[2023-08-20T21:16:50.067-0400] {logging_mixin.py:150} INFO - [2023-08-20T21:16:50.066-0400] {dagbag.py:541} INFO - Filling up the DagBag from /home/mnguyen0226/anaconda3/envs/learning_scraper/lib/python3.11/site-packages/airflow/example_dags/tutorial.py
[2023-08-20T21:16:50.079-0400] {processor.py:836} INFO - DAG(s) dict_keys(['tutorial']) retrieved from /home/mnguyen0226/anaconda3/envs/learning_scraper/lib/python3.11/site-packages/airflow/example_dags/tutorial.py
[2023-08-20T21:16:50.099-0400] {logging_mixin.py:150} INFO - [2023-08-20T21:16:50.099-0400] {dag.py:2742} INFO - Sync 1 DAGs
[2023-08-20T21:16:50.122-0400] {logging_mixin.py:150} INFO - [2023-08-20T21:16:50.121-0400] {dag.py:3504} INFO - Setting next_dagrun for tutorial to 2023-08-20T01:16:50.121542+00:00, run_after=2023-08-21T01:16:50.121542+00:00
[2023-08-20T21:16:50.146-0400] {processor.py:179} INFO - Processing /home/mnguyen0226/anaconda3/envs/learning_scraper/lib/python3.11/site-packages/airflow/example_dags/tutorial.py took 0.092 seconds
[2023-08-20T21:17:27.263-0400] {processor.py:157} INFO - Started process (PID=87032) to work on /home/mnguyen0226/anaconda3/envs/learning_scraper/lib/python3.11/site-packages/airflow/example_dags/tutorial.py
[2023-08-20T21:17:27.264-0400] {processor.py:826} INFO - Processing file /home/mnguyen0226/anaconda3/envs/learning_scraper/lib/python3.11/site-packages/airflow/example_dags/tutorial.py for tasks to queue
[2023-08-20T21:17:27.265-0400] {logging_mixin.py:150} INFO - [2023-08-20T21:17:27.265-0400] {dagbag.py:541} INFO - Filling up the DagBag from /home/mnguyen0226/anaconda3/envs/learning_scraper/lib/python3.11/site-packages/airflow/example_dags/tutorial.py
[2023-08-20T21:17:27.276-0400] {processor.py:836} INFO - DAG(s) dict_keys(['tutorial']) retrieved from /home/mnguyen0226/anaconda3/envs/learning_scraper/lib/python3.11/site-packages/airflow/example_dags/tutorial.py
[2023-08-20T21:17:27.303-0400] {logging_mixin.py:150} INFO - [2023-08-20T21:17:27.302-0400] {dag.py:2742} INFO - Sync 1 DAGs
[2023-08-20T21:17:27.334-0400] {logging_mixin.py:150} INFO - [2023-08-20T21:17:27.334-0400] {dag.py:3504} INFO - Setting next_dagrun for tutorial to 2023-08-20T01:17:27.333995+00:00, run_after=2023-08-21T01:17:27.333995+00:00
[2023-08-20T21:17:27.363-0400] {processor.py:179} INFO - Processing /home/mnguyen0226/anaconda3/envs/learning_scraper/lib/python3.11/site-packages/airflow/example_dags/tutorial.py took 0.104 seconds
[2023-08-20T21:18:17.930-0400] {processor.py:157} INFO - Started process (PID=87291) to work on /home/mnguyen0226/anaconda3/envs/learning_scraper/lib/python3.11/site-packages/airflow/example_dags/tutorial.py
[2023-08-20T21:18:17.931-0400] {processor.py:826} INFO - Processing file /home/mnguyen0226/anaconda3/envs/learning_scraper/lib/python3.11/site-packages/airflow/example_dags/tutorial.py for tasks to queue
[2023-08-20T21:18:17.933-0400] {logging_mixin.py:150} INFO - [2023-08-20T21:18:17.932-0400] {dagbag.py:541} INFO - Filling up the DagBag from /home/mnguyen0226/anaconda3/envs/learning_scraper/lib/python3.11/site-packages/airflow/example_dags/tutorial.py
[2023-08-20T21:18:17.943-0400] {processor.py:836} INFO - DAG(s) dict_keys(['tutorial']) retrieved from /home/mnguyen0226/anaconda3/envs/learning_scraper/lib/python3.11/site-packages/airflow/example_dags/tutorial.py
[2023-08-20T21:18:17.967-0400] {logging_mixin.py:150} INFO - [2023-08-20T21:18:17.967-0400] {dag.py:2742} INFO - Sync 1 DAGs
[2023-08-20T21:18:17.987-0400] {logging_mixin.py:150} INFO - [2023-08-20T21:18:17.987-0400] {dag.py:3504} INFO - Setting next_dagrun for tutorial to 2023-08-20T01:18:17.987017+00:00, run_after=2023-08-21T01:18:17.987017+00:00
[2023-08-20T21:18:18.011-0400] {processor.py:179} INFO - Processing /home/mnguyen0226/anaconda3/envs/learning_scraper/lib/python3.11/site-packages/airflow/example_dags/tutorial.py took 0.086 seconds
[2023-08-20T21:18:56.365-0400] {processor.py:157} INFO - Started process (PID=87478) to work on /home/mnguyen0226/anaconda3/envs/learning_scraper/lib/python3.11/site-packages/airflow/example_dags/tutorial.py
[2023-08-20T21:18:56.375-0400] {processor.py:826} INFO - Processing file /home/mnguyen0226/anaconda3/envs/learning_scraper/lib/python3.11/site-packages/airflow/example_dags/tutorial.py for tasks to queue
[2023-08-20T21:18:56.377-0400] {logging_mixin.py:150} INFO - [2023-08-20T21:18:56.376-0400] {dagbag.py:541} INFO - Filling up the DagBag from /home/mnguyen0226/anaconda3/envs/learning_scraper/lib/python3.11/site-packages/airflow/example_dags/tutorial.py
[2023-08-20T21:18:56.388-0400] {processor.py:836} INFO - DAG(s) dict_keys(['tutorial']) retrieved from /home/mnguyen0226/anaconda3/envs/learning_scraper/lib/python3.11/site-packages/airflow/example_dags/tutorial.py
[2023-08-20T21:18:56.413-0400] {logging_mixin.py:150} INFO - [2023-08-20T21:18:56.413-0400] {dag.py:2742} INFO - Sync 1 DAGs
[2023-08-20T21:18:56.436-0400] {logging_mixin.py:150} INFO - [2023-08-20T21:18:56.436-0400] {dag.py:3504} INFO - Setting next_dagrun for tutorial to 2023-08-20T01:18:56.436024+00:00, run_after=2023-08-21T01:18:56.436024+00:00
[2023-08-20T21:18:56.457-0400] {processor.py:179} INFO - Processing /home/mnguyen0226/anaconda3/envs/learning_scraper/lib/python3.11/site-packages/airflow/example_dags/tutorial.py took 0.097 seconds
[2023-08-20T21:19:33.973-0400] {processor.py:157} INFO - Started process (PID=87818) to work on /home/mnguyen0226/anaconda3/envs/learning_scraper/lib/python3.11/site-packages/airflow/example_dags/tutorial.py
[2023-08-20T21:19:33.974-0400] {processor.py:826} INFO - Processing file /home/mnguyen0226/anaconda3/envs/learning_scraper/lib/python3.11/site-packages/airflow/example_dags/tutorial.py for tasks to queue
[2023-08-20T21:19:33.974-0400] {logging_mixin.py:150} INFO - [2023-08-20T21:19:33.974-0400] {dagbag.py:541} INFO - Filling up the DagBag from /home/mnguyen0226/anaconda3/envs/learning_scraper/lib/python3.11/site-packages/airflow/example_dags/tutorial.py
[2023-08-20T21:19:33.980-0400] {processor.py:836} INFO - DAG(s) dict_keys(['tutorial']) retrieved from /home/mnguyen0226/anaconda3/envs/learning_scraper/lib/python3.11/site-packages/airflow/example_dags/tutorial.py
[2023-08-20T21:19:33.993-0400] {logging_mixin.py:150} INFO - [2023-08-20T21:19:33.993-0400] {dag.py:2742} INFO - Sync 1 DAGs
[2023-08-20T21:19:34.010-0400] {logging_mixin.py:150} INFO - [2023-08-20T21:19:34.010-0400] {dag.py:3504} INFO - Setting next_dagrun for tutorial to 2023-08-20T01:19:34.010125+00:00, run_after=2023-08-21T01:19:34.010125+00:00
[2023-08-20T21:19:34.034-0400] {processor.py:179} INFO - Processing /home/mnguyen0226/anaconda3/envs/learning_scraper/lib/python3.11/site-packages/airflow/example_dags/tutorial.py took 0.063 seconds
[2023-08-20T21:20:07.825-0400] {processor.py:157} INFO - Started process (PID=88042) to work on /home/mnguyen0226/anaconda3/envs/learning_scraper/lib/python3.11/site-packages/airflow/example_dags/tutorial.py
[2023-08-20T21:20:07.826-0400] {processor.py:826} INFO - Processing file /home/mnguyen0226/anaconda3/envs/learning_scraper/lib/python3.11/site-packages/airflow/example_dags/tutorial.py for tasks to queue
[2023-08-20T21:20:07.828-0400] {logging_mixin.py:150} INFO - [2023-08-20T21:20:07.827-0400] {dagbag.py:541} INFO - Filling up the DagBag from /home/mnguyen0226/anaconda3/envs/learning_scraper/lib/python3.11/site-packages/airflow/example_dags/tutorial.py
[2023-08-20T21:20:07.839-0400] {processor.py:836} INFO - DAG(s) dict_keys(['tutorial']) retrieved from /home/mnguyen0226/anaconda3/envs/learning_scraper/lib/python3.11/site-packages/airflow/example_dags/tutorial.py
[2023-08-20T21:20:07.867-0400] {logging_mixin.py:150} INFO - [2023-08-20T21:20:07.866-0400] {dag.py:2742} INFO - Sync 1 DAGs
[2023-08-20T21:20:07.886-0400] {logging_mixin.py:150} INFO - [2023-08-20T21:20:07.886-0400] {dag.py:3504} INFO - Setting next_dagrun for tutorial to 2023-08-20T01:20:07.886305+00:00, run_after=2023-08-21T01:20:07.886305+00:00
[2023-08-20T21:20:07.912-0400] {processor.py:179} INFO - Processing /home/mnguyen0226/anaconda3/envs/learning_scraper/lib/python3.11/site-packages/airflow/example_dags/tutorial.py took 0.092 seconds
[2023-08-20T21:20:43.688-0400] {processor.py:157} INFO - Started process (PID=88252) to work on /home/mnguyen0226/anaconda3/envs/learning_scraper/lib/python3.11/site-packages/airflow/example_dags/tutorial.py
[2023-08-20T21:20:43.689-0400] {processor.py:826} INFO - Processing file /home/mnguyen0226/anaconda3/envs/learning_scraper/lib/python3.11/site-packages/airflow/example_dags/tutorial.py for tasks to queue
[2023-08-20T21:20:43.690-0400] {logging_mixin.py:150} INFO - [2023-08-20T21:20:43.690-0400] {dagbag.py:541} INFO - Filling up the DagBag from /home/mnguyen0226/anaconda3/envs/learning_scraper/lib/python3.11/site-packages/airflow/example_dags/tutorial.py
[2023-08-20T21:20:43.702-0400] {processor.py:836} INFO - DAG(s) dict_keys(['tutorial']) retrieved from /home/mnguyen0226/anaconda3/envs/learning_scraper/lib/python3.11/site-packages/airflow/example_dags/tutorial.py
[2023-08-20T21:20:43.725-0400] {logging_mixin.py:150} INFO - [2023-08-20T21:20:43.725-0400] {dag.py:2742} INFO - Sync 1 DAGs
[2023-08-20T21:20:43.748-0400] {logging_mixin.py:150} INFO - [2023-08-20T21:20:43.748-0400] {dag.py:3504} INFO - Setting next_dagrun for tutorial to 2023-08-20T01:20:43.748341+00:00, run_after=2023-08-21T01:20:43.748341+00:00
[2023-08-20T21:20:43.775-0400] {processor.py:179} INFO - Processing /home/mnguyen0226/anaconda3/envs/learning_scraper/lib/python3.11/site-packages/airflow/example_dags/tutorial.py took 0.091 seconds
[2023-08-20T21:21:17.995-0400] {processor.py:157} INFO - Started process (PID=88321) to work on /home/mnguyen0226/anaconda3/envs/learning_scraper/lib/python3.11/site-packages/airflow/example_dags/tutorial.py
[2023-08-20T21:21:18.004-0400] {processor.py:826} INFO - Processing file /home/mnguyen0226/anaconda3/envs/learning_scraper/lib/python3.11/site-packages/airflow/example_dags/tutorial.py for tasks to queue
[2023-08-20T21:21:18.004-0400] {logging_mixin.py:150} INFO - [2023-08-20T21:21:18.004-0400] {dagbag.py:541} INFO - Filling up the DagBag from /home/mnguyen0226/anaconda3/envs/learning_scraper/lib/python3.11/site-packages/airflow/example_dags/tutorial.py
[2023-08-20T21:21:18.011-0400] {processor.py:836} INFO - DAG(s) dict_keys(['tutorial']) retrieved from /home/mnguyen0226/anaconda3/envs/learning_scraper/lib/python3.11/site-packages/airflow/example_dags/tutorial.py
[2023-08-20T21:21:18.026-0400] {logging_mixin.py:150} INFO - [2023-08-20T21:21:18.026-0400] {dag.py:2742} INFO - Sync 1 DAGs
[2023-08-20T21:21:18.043-0400] {logging_mixin.py:150} INFO - [2023-08-20T21:21:18.042-0400] {dag.py:3504} INFO - Setting next_dagrun for tutorial to 2023-08-20T01:21:18.042701+00:00, run_after=2023-08-21T01:21:18.042701+00:00
[2023-08-20T21:21:18.067-0400] {processor.py:179} INFO - Processing /home/mnguyen0226/anaconda3/envs/learning_scraper/lib/python3.11/site-packages/airflow/example_dags/tutorial.py took 0.075 seconds
